[1.149s] Invoking command in '/home/rslomron/tm_custom/src/techman_robot_get_status': PYTHONPATH=/home/rslomron/tm_custom/build/techman_robot_get_status/prefix_override:/home/rslomron/tm_custom/install/techman_robot_get_status/lib/python3.10/site-packages:${PYTHONPATH} /usr/bin/python3 -W ignore:setup.py install is deprecated setup.py egg_info --egg-base ../../build/techman_robot_get_status build --build-base /home/rslomron/tm_custom/build/techman_robot_get_status/build install --record /home/rslomron/tm_custom/build/techman_robot_get_status/install.log --single-version-externally-managed install_data
[1.462s] running egg_info
[1.464s] writing ../../build/techman_robot_get_status/techman_robot_get_status.egg-info/PKG-INFO
[1.464s] writing dependency_links to ../../build/techman_robot_get_status/techman_robot_get_status.egg-info/dependency_links.txt
[1.464s] writing entry points to ../../build/techman_robot_get_status/techman_robot_get_status.egg-info/entry_points.txt
[1.464s] writing requirements to ../../build/techman_robot_get_status/techman_robot_get_status.egg-info/requires.txt
[1.465s] writing top-level names to ../../build/techman_robot_get_status/techman_robot_get_status.egg-info/top_level.txt
[1.467s] reading manifest file '../../build/techman_robot_get_status/techman_robot_get_status.egg-info/SOURCES.txt'
[1.472s] writing manifest file '../../build/techman_robot_get_status/techman_robot_get_status.egg-info/SOURCES.txt'
[1.472s] running build
[1.472s] running build_py
[1.472s] running install
[1.472s] running install_lib
[1.472s] running install_data
[1.473s] running install_egg_info
[1.473s] removing '/home/rslomron/tm_custom/install/techman_robot_get_status/lib/python3.10/site-packages/techman_robot_get_status-1.0.0-py3.10.egg-info' (and everything under it)
[1.473s] Copying ../../build/techman_robot_get_status/techman_robot_get_status.egg-info to /home/rslomron/tm_custom/install/techman_robot_get_status/lib/python3.10/site-packages/techman_robot_get_status-1.0.0-py3.10.egg-info
[1.474s] running install_scripts
[1.506s] Installing image_talker script to /home/rslomron/tm_custom/install/techman_robot_get_status/lib/techman_robot_get_status
[1.506s] Installing status_talker script to /home/rslomron/tm_custom/install/techman_robot_get_status/lib/techman_robot_get_status
[1.507s] writing list of installed files to '/home/rslomron/tm_custom/build/techman_robot_get_status/install.log'
[1.568s] Invoked command in '/home/rslomron/tm_custom/src/techman_robot_get_status' returned '0': PYTHONPATH=/home/rslomron/tm_custom/build/techman_robot_get_status/prefix_override:/home/rslomron/tm_custom/install/techman_robot_get_status/lib/python3.10/site-packages:${PYTHONPATH} /usr/bin/python3 -W ignore:setup.py install is deprecated setup.py egg_info --egg-base ../../build/techman_robot_get_status build --build-base /home/rslomron/tm_custom/build/techman_robot_get_status/build install --record /home/rslomron/tm_custom/build/techman_robot_get_status/install.log --single-version-externally-managed install_data
