[0.022s] Invoking command in '/home/rslomron/tm_custom/build/tm_moveit_config_tm5x-700': CMAKE_PREFIX_PATH=${CMAKE_PREFIX_PATH}:/home/rslomron/tm_custom/install/tm_mod_urdf:/home/rslomron/tm_custom/install/tm_get_status:/opt/ros/humble /usr/bin/cmake /home/rslomron/tm_custom/src/tm_moveit_config_tm5x-700 -DCMAKE_INSTALL_PREFIX=/home/rslomron/tm_custom/install/tm_moveit_config_tm5x-700
[0.103s] -- The C compiler identification is GNU 11.4.0
[0.190s] -- The CXX compiler identification is GNU 11.4.0
[0.199s] -- Detecting C compiler ABI info
[0.294s] -- Detecting C compiler ABI info - done
[0.309s] -- Check for working C compiler: /usr/bin/cc - skipped
[0.309s] -- Detecting C compile features
[0.309s] -- Detecting C compile features - done
[0.311s] -- Detecting CXX compiler ABI info
[0.395s] -- Detecting CXX compiler ABI info - done
[0.402s] -- Check for working CXX compiler: /usr/bin/c++ - skipped
[0.403s] -- Detecting CXX compile features
[0.403s] -- Detecting CXX compile features - done
[0.406s] -- Found ament_cmake: 1.3.8 (/opt/ros/humble/share/ament_cmake/cmake)
[0.563s] -- Found Python3: /usr/bin/python3 (found version "3.10.12") found components: Interpreter 
[0.655s] -- Found ament_lint_auto: 0.12.10 (/opt/ros/humble/share/ament_lint_auto/cmake)
[0.742s] -- Added test 'lint_cmake' to check CMake code style
[0.744s] -- Added test 'xmllint' to check XML markup files
[0.746s] -- Configuring done
[0.750s] -- Generating done
[0.751s] -- Build files have been written to: /home/rslomron/tm_custom/build/tm_moveit_config_tm5x-700
[0.758s] Invoked command in '/home/rslomron/tm_custom/build/tm_moveit_config_tm5x-700' returned '0': CMAKE_PREFIX_PATH=${CMAKE_PREFIX_PATH}:/home/rslomron/tm_custom/install/tm_mod_urdf:/home/rslomron/tm_custom/install/tm_get_status:/opt/ros/humble /usr/bin/cmake /home/rslomron/tm_custom/src/tm_moveit_config_tm5x-700 -DCMAKE_INSTALL_PREFIX=/home/rslomron/tm_custom/install/tm_moveit_config_tm5x-700
[0.760s] Invoking command in '/home/rslomron/tm_custom/build/tm_moveit_config_tm5x-700': CMAKE_PREFIX_PATH=${CMAKE_PREFIX_PATH}:/home/rslomron/tm_custom/install/tm_mod_urdf:/home/rslomron/tm_custom/install/tm_get_status:/opt/ros/humble /usr/bin/cmake --build /home/rslomron/tm_custom/build/tm_moveit_config_tm5x-700 -- -j8 -l8
[0.796s] Invoked command in '/home/rslomron/tm_custom/build/tm_moveit_config_tm5x-700' returned '0': CMAKE_PREFIX_PATH=${CMAKE_PREFIX_PATH}:/home/rslomron/tm_custom/install/tm_mod_urdf:/home/rslomron/tm_custom/install/tm_get_status:/opt/ros/humble /usr/bin/cmake --build /home/rslomron/tm_custom/build/tm_moveit_config_tm5x-700 -- -j8 -l8
[0.817s] Invoking command in '/home/rslomron/tm_custom/build/tm_moveit_config_tm5x-700': CMAKE_PREFIX_PATH=${CMAKE_PREFIX_PATH}:/home/rslomron/tm_custom/install/tm_mod_urdf:/home/rslomron/tm_custom/install/tm_get_status:/opt/ros/humble /usr/bin/cmake --install /home/rslomron/tm_custom/build/tm_moveit_config_tm5x-700
[0.825s] -- Install configuration: ""
[0.825s] -- Installing: /home/rslomron/tm_custom/install/tm_moveit_config_tm5x-700/share/ament_index/resource_index/package_run_dependencies/tm_moveit_config_tm5x-700
[0.825s] -- Installing: /home/rslomron/tm_custom/install/tm_moveit_config_tm5x-700/share/ament_index/resource_index/parent_prefix_path/tm_moveit_config_tm5x-700
[0.825s] -- Installing: /home/rslomron/tm_custom/install/tm_moveit_config_tm5x-700/share/tm_moveit_config_tm5x-700/environment/ament_prefix_path.sh
[0.825s] -- Installing: /home/rslomron/tm_custom/install/tm_moveit_config_tm5x-700/share/tm_moveit_config_tm5x-700/environment/ament_prefix_path.dsv
[0.825s] -- Installing: /home/rslomron/tm_custom/install/tm_moveit_config_tm5x-700/share/tm_moveit_config_tm5x-700/environment/path.sh
[0.826s] -- Installing: /home/rslomron/tm_custom/install/tm_moveit_config_tm5x-700/share/tm_moveit_config_tm5x-700/environment/path.dsv
[0.826s] -- Installing: /home/rslomron/tm_custom/install/tm_moveit_config_tm5x-700/share/tm_moveit_config_tm5x-700/local_setup.bash
[0.826s] -- Installing: /home/rslomron/tm_custom/install/tm_moveit_config_tm5x-700/share/tm_moveit_config_tm5x-700/local_setup.sh
[0.826s] -- Installing: /home/rslomron/tm_custom/install/tm_moveit_config_tm5x-700/share/tm_moveit_config_tm5x-700/local_setup.zsh
[0.826s] -- Installing: /home/rslomron/tm_custom/install/tm_moveit_config_tm5x-700/share/tm_moveit_config_tm5x-700/local_setup.dsv
[0.826s] -- Installing: /home/rslomron/tm_custom/install/tm_moveit_config_tm5x-700/share/tm_moveit_config_tm5x-700/package.dsv
[0.826s] -- Installing: /home/rslomron/tm_custom/install/tm_moveit_config_tm5x-700/share/ament_index/resource_index/packages/tm_moveit_config_tm5x-700
[0.827s] -- Installing: /home/rslomron/tm_custom/install/tm_moveit_config_tm5x-700/share/tm_moveit_config_tm5x-700/cmake/tm_moveit_config_tm5x-700Config.cmake
[0.827s] -- Installing: /home/rslomron/tm_custom/install/tm_moveit_config_tm5x-700/share/tm_moveit_config_tm5x-700/cmake/tm_moveit_config_tm5x-700Config-version.cmake
[0.827s] -- Installing: /home/rslomron/tm_custom/install/tm_moveit_config_tm5x-700/share/tm_moveit_config_tm5x-700/package.xml
[0.829s] Invoked command in '/home/rslomron/tm_custom/build/tm_moveit_config_tm5x-700' returned '0': CMAKE_PREFIX_PATH=${CMAKE_PREFIX_PATH}:/home/rslomron/tm_custom/install/tm_mod_urdf:/home/rslomron/tm_custom/install/tm_get_status:/opt/ros/humble /usr/bin/cmake --install /home/rslomron/tm_custom/build/tm_moveit_config_tm5x-700
