[0.025s] Invoking command in '/home/rslomron/tm_custom/build/tm_moveit_config_tm12': AMENT_PREFIX_PATH=/home/rslomron/tm_custom/install/tm_description:${AMENT_PREFIX_PATH} CMAKE_PREFIX_PATH=/home/rslomron/tm_custom/install/tm_description:/opt/ros/humble /usr/bin/cmake --build /home/rslomron/tm_custom/build/tm_moveit_config_tm12 -- -j8 -l8
[0.091s] Invoked command in '/home/rslomron/tm_custom/build/tm_moveit_config_tm12' returned '0': AMENT_PREFIX_PATH=/home/rslomron/tm_custom/install/tm_description:${AMENT_PREFIX_PATH} CMAKE_PREFIX_PATH=/home/rslomron/tm_custom/install/tm_description:/opt/ros/humble /usr/bin/cmake --build /home/rslomron/tm_custom/build/tm_moveit_config_tm12 -- -j8 -l8
[0.112s] Invoking command in '/home/rslomron/tm_custom/build/tm_moveit_config_tm12': AMENT_PREFIX_PATH=/home/rslomron/tm_custom/install/tm_description:${AMENT_PREFIX_PATH} CMAKE_PREFIX_PATH=/home/rslomron/tm_custom/install/tm_description:/opt/ros/humble /usr/bin/cmake --install /home/rslomron/tm_custom/build/tm_moveit_config_tm12
[0.122s] -- Install configuration: ""
[0.123s] -- Up-to-date: /home/rslomron/tm_custom/install/tm_moveit_config_tm12/share/ament_index/resource_index/package_run_dependencies/tm_moveit_config_tm12
[0.124s] -- Up-to-date: /home/rslomron/tm_custom/install/tm_moveit_config_tm12/share/ament_index/resource_index/parent_prefix_path/tm_moveit_config_tm12
[0.124s] -- Up-to-date: /home/rslomron/tm_custom/install/tm_moveit_config_tm12/share/tm_moveit_config_tm12/environment/ament_prefix_path.sh
[0.124s] -- Up-to-date: /home/rslomron/tm_custom/install/tm_moveit_config_tm12/share/tm_moveit_config_tm12/environment/ament_prefix_path.dsv
[0.125s] -- Up-to-date: /home/rslomron/tm_custom/install/tm_moveit_config_tm12/share/tm_moveit_config_tm12/environment/path.sh
[0.125s] -- Up-to-date: /home/rslomron/tm_custom/install/tm_moveit_config_tm12/share/tm_moveit_config_tm12/environment/path.dsv
[0.125s] -- Up-to-date: /home/rslomron/tm_custom/install/tm_moveit_config_tm12/share/tm_moveit_config_tm12/local_setup.bash
[0.125s] -- Up-to-date: /home/rslomron/tm_custom/install/tm_moveit_config_tm12/share/tm_moveit_config_tm12/local_setup.sh
[0.125s] -- Up-to-date: /home/rslomron/tm_custom/install/tm_moveit_config_tm12/share/tm_moveit_config_tm12/local_setup.zsh
[0.126s] -- Up-to-date: /home/rslomron/tm_custom/install/tm_moveit_config_tm12/share/tm_moveit_config_tm12/local_setup.dsv
[0.126s] -- Up-to-date: /home/rslomron/tm_custom/install/tm_moveit_config_tm12/share/tm_moveit_config_tm12/package.dsv
[0.126s] -- Up-to-date: /home/rslomron/tm_custom/install/tm_moveit_config_tm12/share/ament_index/resource_index/packages/tm_moveit_config_tm12
[0.128s] -- Up-to-date: /home/rslomron/tm_custom/install/tm_moveit_config_tm12/share/tm_moveit_config_tm12/cmake/tm_moveit_config_tm12Config.cmake
[0.129s] -- Up-to-date: /home/rslomron/tm_custom/install/tm_moveit_config_tm12/share/tm_moveit_config_tm12/cmake/tm_moveit_config_tm12Config-version.cmake
[0.129s] -- Up-to-date: /home/rslomron/tm_custom/install/tm_moveit_config_tm12/share/tm_moveit_config_tm12/package.xml
[0.129s] -- Up-to-date: /home/rslomron/tm_custom/install/tm_moveit_config_tm12/share/tm_moveit_config_tm12/config
[0.130s] -- Up-to-date: /home/rslomron/tm_custom/install/tm_moveit_config_tm12/share/tm_moveit_config_tm12/config/tm12.srdf
[0.130s] -- Up-to-date: /home/rslomron/tm_custom/install/tm_moveit_config_tm12/share/tm_moveit_config_tm12/config/ros_controllers.yaml
[0.130s] -- Up-to-date: /home/rslomron/tm_custom/install/tm_moveit_config_tm12/share/tm_moveit_config_tm12/config/fake_controllers.yaml
[0.131s] -- Up-to-date: /home/rslomron/tm_custom/install/tm_moveit_config_tm12/share/tm_moveit_config_tm12/config/stomp_planning.yaml
[0.131s] -- Up-to-date: /home/rslomron/tm_custom/install/tm_moveit_config_tm12/share/tm_moveit_config_tm12/config/ompl_planning.yaml
[0.131s] -- Up-to-date: /home/rslomron/tm_custom/install/tm_moveit_config_tm12/share/tm_moveit_config_tm12/config/chomp_planning.yaml
[0.131s] -- Up-to-date: /home/rslomron/tm_custom/install/tm_moveit_config_tm12/share/tm_moveit_config_tm12/config/sensors_3d.yaml
[0.131s] -- Up-to-date: /home/rslomron/tm_custom/install/tm_moveit_config_tm12/share/tm_moveit_config_tm12/config/kinematics.yaml
[0.131s] -- Up-to-date: /home/rslomron/tm_custom/install/tm_moveit_config_tm12/share/tm_moveit_config_tm12/config/joint_limits.yaml
[0.132s] Invoked command in '/home/rslomron/tm_custom/build/tm_moveit_config_tm12' returned '0': AMENT_PREFIX_PATH=/home/rslomron/tm_custom/install/tm_description:${AMENT_PREFIX_PATH} CMAKE_PREFIX_PATH=/home/rslomron/tm_custom/install/tm_description:/opt/ros/humble /usr/bin/cmake --install /home/rslomron/tm_custom/build/tm_moveit_config_tm12
