-- Install configuration: ""
-- Up-to-date: /home/rslomron/MoMa/tm_custom/install/tm_moveit_config_tm12/share/ament_index/resource_index/package_run_dependencies/tm_moveit_config_tm12
-- Up-to-date: /home/rslomron/MoMa/tm_custom/install/tm_moveit_config_tm12/share/ament_index/resource_index/parent_prefix_path/tm_moveit_config_tm12
-- Up-to-date: /home/rslomron/MoMa/tm_custom/install/tm_moveit_config_tm12/share/tm_moveit_config_tm12/environment/ament_prefix_path.sh
-- Up-to-date: /home/rslomron/MoMa/tm_custom/install/tm_moveit_config_tm12/share/tm_moveit_config_tm12/environment/ament_prefix_path.dsv
-- Up-to-date: /home/rslomron/MoMa/tm_custom/install/tm_moveit_config_tm12/share/tm_moveit_config_tm12/environment/path.sh
-- Up-to-date: /home/rslomron/MoMa/tm_custom/install/tm_moveit_config_tm12/share/tm_moveit_config_tm12/environment/path.dsv
-- Up-to-date: /home/rslomron/MoMa/tm_custom/install/tm_moveit_config_tm12/share/tm_moveit_config_tm12/local_setup.bash
-- Up-to-date: /home/rslomron/MoMa/tm_custom/install/tm_moveit_config_tm12/share/tm_moveit_config_tm12/local_setup.sh
-- Up-to-date: /home/rslomron/MoMa/tm_custom/install/tm_moveit_config_tm12/share/tm_moveit_config_tm12/local_setup.zsh
-- Up-to-date: /home/rslomron/MoMa/tm_custom/install/tm_moveit_config_tm12/share/tm_moveit_config_tm12/local_setup.dsv
-- Installing: /home/rslomron/MoMa/tm_custom/install/tm_moveit_config_tm12/share/tm_moveit_config_tm12/package.dsv
-- Up-to-date: /home/rslomron/MoMa/tm_custom/install/tm_moveit_config_tm12/share/ament_index/resource_index/packages/tm_moveit_config_tm12
-- Up-to-date: /home/rslomron/MoMa/tm_custom/install/tm_moveit_config_tm12/share/tm_moveit_config_tm12/cmake/tm_moveit_config_tm12Config.cmake
-- Up-to-date: /home/rslomron/MoMa/tm_custom/install/tm_moveit_config_tm12/share/tm_moveit_config_tm12/cmake/tm_moveit_config_tm12Config-version.cmake
-- Up-to-date: /home/rslomron/MoMa/tm_custom/install/tm_moveit_config_tm12/share/tm_moveit_config_tm12/package.xml
-- Up-to-date: /home/rslomron/MoMa/tm_custom/install/tm_moveit_config_tm12/share/tm_moveit_config_tm12/config
-- Up-to-date: /home/rslomron/MoMa/tm_custom/install/tm_moveit_config_tm12/share/tm_moveit_config_tm12/config/tm12.srdf
-- Up-to-date: /home/rslomron/MoMa/tm_custom/install/tm_moveit_config_tm12/share/tm_moveit_config_tm12/config/ros_controllers.yaml
-- Up-to-date: /home/rslomron/MoMa/tm_custom/install/tm_moveit_config_tm12/share/tm_moveit_config_tm12/config/fake_controllers.yaml
-- Up-to-date: /home/rslomron/MoMa/tm_custom/install/tm_moveit_config_tm12/share/tm_moveit_config_tm12/config/stomp_planning.yaml
-- Up-to-date: /home/rslomron/MoMa/tm_custom/install/tm_moveit_config_tm12/share/tm_moveit_config_tm12/config/ompl_planning.yaml
-- Up-to-date: /home/rslomron/MoMa/tm_custom/install/tm_moveit_config_tm12/share/tm_moveit_config_tm12/config/chomp_planning.yaml
-- Up-to-date: /home/rslomron/MoMa/tm_custom/install/tm_moveit_config_tm12/share/tm_moveit_config_tm12/config/sensors_3d.yaml
-- Up-to-date: /home/rslomron/MoMa/tm_custom/install/tm_moveit_config_tm12/share/tm_moveit_config_tm12/config/kinematics.yaml
-- Up-to-date: /home/rslomron/MoMa/tm_custom/install/tm_moveit_config_tm12/share/tm_moveit_config_tm12/config/joint_limits.yaml
