[0.065s] Invoking command in '/home/rslomron/MoMa/tm_custom/build/demo': AMENT_PREFIX_PATH=/home/rslomron/MoMa/tm_custom/install/tm_msgs:${AMENT_PREFIX_PATH} CMAKE_PREFIX_PATH=/home/rslomron/MoMa/tm_custom/install/tm_msgs:/opt/ros/humble LD_LIBRARY_PATH=/home/rslomron/MoMa/tm_custom/install/tm_msgs/lib:${LD_LIBRARY_PATH} PYTHONPATH=/home/rslomron/MoMa/tm_custom/install/tm_msgs/local/lib/python3.10/dist-packages:${PYTHONPATH} /usr/bin/cmake /home/rslomron/MoMa/tm_custom/src/demo -DCMAKE_INSTALL_PREFIX=/home/rslomron/MoMa/tm_custom/install/demo
[0.929s] -- The C compiler identification is GNU 11.4.0
[0.929s] -- The CXX compiler identification is GNU 11.4.0
[0.930s] -- Detecting C compiler ABI info
[0.930s] -- Detecting C compiler ABI info - done
[0.930s] -- Check for working C compiler: /usr/bin/cc - skipped
[0.930s] -- Detecting C compile features
[0.930s] -- Detecting C compile features - done
[0.930s] -- Detecting CXX compiler ABI info
[1.034s] -- Detecting CXX compiler ABI info - done
[1.067s] -- Check for working CXX compiler: /usr/bin/c++ - skipped
[1.068s] -- Detecting CXX compile features
[1.069s] -- Detecting CXX compile features - done
[1.082s] -- Found ament_cmake: 1.3.8 (/opt/ros/humble/share/ament_cmake/cmake)
[1.492s] -- Found Python3: /usr/bin/python3 (found version "3.10.12") found components: Interpreter 
[1.639s] -- Found rclcpp: 16.0.8 (/opt/ros/humble/share/rclcpp/cmake)
[1.745s] -- Found rosidl_generator_c: 3.1.5 (/opt/ros/humble/share/rosidl_generator_c/cmake)
[1.760s] -- Found rosidl_adapter: 3.1.5 (/opt/ros/humble/share/rosidl_adapter/cmake)
[1.777s] -- Found rosidl_generator_cpp: 3.1.5 (/opt/ros/humble/share/rosidl_generator_cpp/cmake)
[1.806s] -- Using all available rosidl_typesupport_c: rosidl_typesupport_fastrtps_c;rosidl_typesupport_introspection_c
[1.864s] -- Using all available rosidl_typesupport_cpp: rosidl_typesupport_fastrtps_cpp;rosidl_typesupport_introspection_cpp
[2.129s] -- Found rmw_implementation_cmake: 6.1.1 (/opt/ros/humble/share/rmw_implementation_cmake/cmake)
[2.134s] -- Found rmw_fastrtps_cpp: 6.2.6 (/opt/ros/humble/share/rmw_fastrtps_cpp/cmake)
[2.389s] -- Found OpenSSL: /usr/lib/x86_64-linux-gnu/libcrypto.so (found version "3.0.2")  
[2.441s] -- Found FastRTPS: /opt/ros/humble/include  
[2.556s] -- Using RMW implementation 'rmw_fastrtps_cpp' as default
[2.571s] -- Looking for pthread.h
[2.869s] -- Looking for pthread.h - found
[2.870s] -- Performing Test CMAKE_HAVE_LIBC_PTHREAD
[2.960s] -- Performing Test CMAKE_HAVE_LIBC_PTHREAD - Success
[2.966s] -- Found Threads: TRUE  
[3.317s] -- Found sensor_msgs: 4.2.3 (/opt/ros/humble/share/sensor_msgs/cmake)
[3.589s] -- Found tm_msgs: 1.1.2 (/home/rslomron/MoMa/tm_custom/install/tm_msgs/share/tm_msgs/cmake)
[3.695s] -- Found ament_lint_auto: 0.12.10 (/opt/ros/humble/share/ament_lint_auto/cmake)
[3.863s] -- Added test 'cppcheck' to perform static code analysis on C / C++ code
[3.867s] -- Configured cppcheck include dirs: /home/rslomron/MoMa/tm_custom/src/demo/include
[3.868s] -- Configured cppcheck exclude dirs and/or files: 
[3.870s] -- Added test 'lint_cmake' to check CMake code style
[3.874s] -- Added test 'uncrustify' to check C / C++ code style
[3.875s] -- Configured uncrustify additional arguments: 
[3.880s] -- Added test 'xmllint' to check XML markup files
[3.889s] -- Configuring done
[4.007s] -- Generating done
[4.011s] -- Build files have been written to: /home/rslomron/MoMa/tm_custom/build/demo
[4.052s] Invoked command in '/home/rslomron/MoMa/tm_custom/build/demo' returned '0': AMENT_PREFIX_PATH=/home/rslomron/MoMa/tm_custom/install/tm_msgs:${AMENT_PREFIX_PATH} CMAKE_PREFIX_PATH=/home/rslomron/MoMa/tm_custom/install/tm_msgs:/opt/ros/humble LD_LIBRARY_PATH=/home/rslomron/MoMa/tm_custom/install/tm_msgs/lib:${LD_LIBRARY_PATH} PYTHONPATH=/home/rslomron/MoMa/tm_custom/install/tm_msgs/local/lib/python3.10/dist-packages:${PYTHONPATH} /usr/bin/cmake /home/rslomron/MoMa/tm_custom/src/demo -DCMAKE_INSTALL_PREFIX=/home/rslomron/MoMa/tm_custom/install/demo
[4.057s] Invoking command in '/home/rslomron/MoMa/tm_custom/build/demo': AMENT_PREFIX_PATH=/home/rslomron/MoMa/tm_custom/install/tm_msgs:${AMENT_PREFIX_PATH} CMAKE_PREFIX_PATH=/home/rslomron/MoMa/tm_custom/install/tm_msgs:/opt/ros/humble LD_LIBRARY_PATH=/home/rslomron/MoMa/tm_custom/install/tm_msgs/lib:${LD_LIBRARY_PATH} PYTHONPATH=/home/rslomron/MoMa/tm_custom/install/tm_msgs/local/lib/python3.10/dist-packages:${PYTHONPATH} /usr/bin/cmake --build /home/rslomron/MoMa/tm_custom/build/demo -- -j8 -l8
[4.161s] [  3%] [32mBuilding CXX object CMakeFiles/demo_send_script.dir/src/demo_send_script.cpp.o[0m
[4.171s] [  7%] [32mBuilding CXX object CMakeFiles/demo_ask_sta.dir/src/demo_ask_sta.cpp.o[0m
[4.174s] [ 10%] [32mBuilding CXX object CMakeFiles/demo_set_event.dir/src/demo_set_event.cpp.o[0m
[4.194s] [ 14%] [32mBuilding CXX object CMakeFiles/demo_set_io.dir/src/demo_set_io.cpp.o[0m
[4.194s] [ 17%] [32mBuilding CXX object CMakeFiles/demo_connect_tm.dir/src/demo_connect_tm.cpp.o[0m
[4.204s] [ 21%] [32mBuilding CXX object CMakeFiles/demo_ask_item.dir/src/demo_ask_item.cpp.o[0m
[4.287s] [ 25%] [32mBuilding CXX object CMakeFiles/demo_write_item.dir/src/demo_write_item.cpp.o[0m
[4.303s] [ 28%] [32mBuilding CXX object CMakeFiles/demo_set_positions.dir/src/demo_set_positions.cpp.o[0m
[23.272s] [ 32%] [32m[1mLinking CXX executable demo_set_event[0m
[23.796s] [ 35%] [32m[1mLinking CXX executable demo_ask_sta[0m
[23.828s] [ 39%] [32m[1mLinking CXX executable demo_write_item[0m
[24.103s] [ 39%] Built target demo_set_event
[24.333s] [ 39%] Built target demo_ask_sta
[24.789s] [ 39%] Built target demo_write_item
[25.053s] [ 42%] [32m[1mLinking CXX executable demo_connect_tm[0m
[25.665s] [ 46%] [32m[1mLinking CXX executable demo_ask_item[0m
[25.920s] [ 46%] Built target demo_connect_tm
[26.076s] [ 50%] [32m[1mLinking CXX executable demo_send_script[0m
[26.184s] [ 50%] Built target demo_ask_item
[26.349s] [ 53%] [32m[1mLinking CXX executable demo_set_io[0m
[26.699s] [ 53%] Built target demo_send_script
[26.895s] [ 53%] Built target demo_set_io
[27.252s] [ 57%] [32m[1mLinking CXX executable demo_set_positions[0m
[27.663s] [ 57%] Built target demo_set_positions
[27.776s] [ 60%] [32mBuilding CXX object CMakeFiles/demo_leave_listen_node.dir/src/demo_leave_listen_node.cpp.o[0m
[33.322s] [ 64%] [32m[1mLinking CXX executable demo_leave_listen_node[0m
[33.576s] [ 64%] Built target demo_leave_listen_node
[33.596s] [ 67%] [32mBuilding CXX object CMakeFiles/demo_get_svr_response.dir/get_status_demo_src/demo_get_svr_response.cpp.o[0m
[42.242s] [ 71%] [32m[1mLinking CXX executable demo_get_svr_response[0m
[42.915s] [ 71%] Built target demo_get_svr_response
[42.935s] [ 75%] [32mBuilding CXX object CMakeFiles/demo_get_sta_response.dir/get_status_demo_src/demo_get_sta_response.cpp.o[0m
[51.459s] [ 78%] [32m[1mLinking CXX executable demo_get_sta_response[0m
[51.825s] [ 78%] Built target demo_get_sta_response
[51.845s] [ 89%] [32mBuilding CXX object CMakeFiles/demo_get_feedback.dir/get_status_demo_src/demo_get_feedback.cpp.o[0m
[51.845s] [ 89%] [32mBuilding CXX object CMakeFiles/demo_get_sct_response.dir/get_status_demo_src/demo_get_sct_response.cpp.o[0m
[51.845s] [ 89%] [32mBuilding CXX object CMakeFiles/demo_get_torque_feedback.dir/get_status_demo_src/demo_get_torque_feedback.cpp.o[0m
[60.261s] [ 92%] [32m[1mLinking CXX executable demo_get_sct_response[0m
[60.416s] [ 96%] [32m[1mLinking CXX executable demo_get_torque_feedback[0m
[60.484s] [100%] [32m[1mLinking CXX executable demo_get_feedback[0m
[60.719s] [100%] Built target demo_get_sct_response
[60.853s] [100%] Built target demo_get_torque_feedback
[60.936s] [100%] Built target demo_get_feedback
[60.948s] Invoked command in '/home/rslomron/MoMa/tm_custom/build/demo' returned '0': AMENT_PREFIX_PATH=/home/rslomron/MoMa/tm_custom/install/tm_msgs:${AMENT_PREFIX_PATH} CMAKE_PREFIX_PATH=/home/rslomron/MoMa/tm_custom/install/tm_msgs:/opt/ros/humble LD_LIBRARY_PATH=/home/rslomron/MoMa/tm_custom/install/tm_msgs/lib:${LD_LIBRARY_PATH} PYTHONPATH=/home/rslomron/MoMa/tm_custom/install/tm_msgs/local/lib/python3.10/dist-packages:${PYTHONPATH} /usr/bin/cmake --build /home/rslomron/MoMa/tm_custom/build/demo -- -j8 -l8
[61.005s] Invoking command in '/home/rslomron/MoMa/tm_custom/build/demo': AMENT_PREFIX_PATH=/home/rslomron/MoMa/tm_custom/install/tm_msgs:${AMENT_PREFIX_PATH} CMAKE_PREFIX_PATH=/home/rslomron/MoMa/tm_custom/install/tm_msgs:/opt/ros/humble LD_LIBRARY_PATH=/home/rslomron/MoMa/tm_custom/install/tm_msgs/lib:${LD_LIBRARY_PATH} PYTHONPATH=/home/rslomron/MoMa/tm_custom/install/tm_msgs/local/lib/python3.10/dist-packages:${PYTHONPATH} /usr/bin/cmake --install /home/rslomron/MoMa/tm_custom/build/demo
[61.012s] -- Install configuration: ""
[61.012s] -- Installing: /home/rslomron/MoMa/tm_custom/install/demo/lib/demo/demo_send_script
[61.013s] -- Set runtime path of "/home/rslomron/MoMa/tm_custom/install/demo/lib/demo/demo_send_script" to ""
[61.013s] -- Installing: /home/rslomron/MoMa/tm_custom/install/demo/lib/demo/demo_ask_sta
[61.014s] -- Set runtime path of "/home/rslomron/MoMa/tm_custom/install/demo/lib/demo/demo_ask_sta" to ""
[61.014s] -- Installing: /home/rslomron/MoMa/tm_custom/install/demo/lib/demo/demo_connect_tm
[61.015s] -- Set runtime path of "/home/rslomron/MoMa/tm_custom/install/demo/lib/demo/demo_connect_tm" to ""
[61.015s] -- Installing: /home/rslomron/MoMa/tm_custom/install/demo/lib/demo/demo_set_event
[61.016s] -- Set runtime path of "/home/rslomron/MoMa/tm_custom/install/demo/lib/demo/demo_set_event" to ""
[61.016s] -- Installing: /home/rslomron/MoMa/tm_custom/install/demo/lib/demo/demo_set_io
[61.016s] -- Set runtime path of "/home/rslomron/MoMa/tm_custom/install/demo/lib/demo/demo_set_io" to ""
[61.017s] -- Installing: /home/rslomron/MoMa/tm_custom/install/demo/lib/demo/demo_set_positions
[61.018s] -- Set runtime path of "/home/rslomron/MoMa/tm_custom/install/demo/lib/demo/demo_set_positions" to ""
[61.018s] -- Installing: /home/rslomron/MoMa/tm_custom/install/demo/lib/demo/demo_write_item
[61.019s] -- Set runtime path of "/home/rslomron/MoMa/tm_custom/install/demo/lib/demo/demo_write_item" to ""
[61.019s] -- Installing: /home/rslomron/MoMa/tm_custom/install/demo/lib/demo/demo_ask_item
[61.019s] -- Set runtime path of "/home/rslomron/MoMa/tm_custom/install/demo/lib/demo/demo_ask_item" to ""
[61.019s] -- Installing: /home/rslomron/MoMa/tm_custom/install/demo/lib/demo/demo_get_feedback
[61.023s] -- Set runtime path of "/home/rslomron/MoMa/tm_custom/install/demo/lib/demo/demo_get_feedback" to ""
[61.023s] -- Installing: /home/rslomron/MoMa/tm_custom/install/demo/lib/demo/demo_get_torque_feedback
[61.026s] -- Set runtime path of "/home/rslomron/MoMa/tm_custom/install/demo/lib/demo/demo_get_torque_feedback" to ""
[61.026s] -- Installing: /home/rslomron/MoMa/tm_custom/install/demo/lib/demo/demo_get_sct_response
[61.030s] -- Set runtime path of "/home/rslomron/MoMa/tm_custom/install/demo/lib/demo/demo_get_sct_response" to ""
[61.030s] -- Installing: /home/rslomron/MoMa/tm_custom/install/demo/lib/demo/demo_get_sta_response
[61.033s] -- Set runtime path of "/home/rslomron/MoMa/tm_custom/install/demo/lib/demo/demo_get_sta_response" to ""
[61.033s] -- Installing: /home/rslomron/MoMa/tm_custom/install/demo/lib/demo/demo_get_svr_response
[61.036s] -- Set runtime path of "/home/rslomron/MoMa/tm_custom/install/demo/lib/demo/demo_get_svr_response" to ""
[61.036s] -- Installing: /home/rslomron/MoMa/tm_custom/install/demo/lib/demo/demo_leave_listen_node
[61.037s] -- Set runtime path of "/home/rslomron/MoMa/tm_custom/install/demo/lib/demo/demo_leave_listen_node" to ""
[61.037s] -- Installing: /home/rslomron/MoMa/tm_custom/install/demo/share/ament_index/resource_index/package_run_dependencies/demo
[61.038s] -- Installing: /home/rslomron/MoMa/tm_custom/install/demo/share/ament_index/resource_index/parent_prefix_path/demo
[61.038s] -- Installing: /home/rslomron/MoMa/tm_custom/install/demo/share/demo/environment/ament_prefix_path.sh
[61.038s] -- Installing: /home/rslomron/MoMa/tm_custom/install/demo/share/demo/environment/ament_prefix_path.dsv
[61.038s] -- Installing: /home/rslomron/MoMa/tm_custom/install/demo/share/demo/environment/path.sh
[61.038s] -- Installing: /home/rslomron/MoMa/tm_custom/install/demo/share/demo/environment/path.dsv
[61.038s] -- Installing: /home/rslomron/MoMa/tm_custom/install/demo/share/demo/local_setup.bash
[61.038s] -- Installing: /home/rslomron/MoMa/tm_custom/install/demo/share/demo/local_setup.sh
[61.038s] -- Installing: /home/rslomron/MoMa/tm_custom/install/demo/share/demo/local_setup.zsh
[61.038s] -- Installing: /home/rslomron/MoMa/tm_custom/install/demo/share/demo/local_setup.dsv
[61.039s] -- Installing: /home/rslomron/MoMa/tm_custom/install/demo/share/demo/package.dsv
[61.039s] -- Installing: /home/rslomron/MoMa/tm_custom/install/demo/share/ament_index/resource_index/packages/demo
[61.039s] -- Installing: /home/rslomron/MoMa/tm_custom/install/demo/share/demo/cmake/demoConfig.cmake
[61.039s] -- Installing: /home/rslomron/MoMa/tm_custom/install/demo/share/demo/cmake/demoConfig-version.cmake
[61.039s] -- Installing: /home/rslomron/MoMa/tm_custom/install/demo/share/demo/package.xml
[61.041s] Invoked command in '/home/rslomron/MoMa/tm_custom/build/demo' returned '0': AMENT_PREFIX_PATH=/home/rslomron/MoMa/tm_custom/install/tm_msgs:${AMENT_PREFIX_PATH} CMAKE_PREFIX_PATH=/home/rslomron/MoMa/tm_custom/install/tm_msgs:/opt/ros/humble LD_LIBRARY_PATH=/home/rslomron/MoMa/tm_custom/install/tm_msgs/lib:${LD_LIBRARY_PATH} PYTHONPATH=/home/rslomron/MoMa/tm_custom/install/tm_msgs/local/lib/python3.10/dist-packages:${PYTHONPATH} /usr/bin/cmake --install /home/rslomron/MoMa/tm_custom/build/demo
