[0.015s] Invoking command in '/home/rslomron/MoMa/tm_custom/build/ui_for_debug_and_demo': AMENT_PREFIX_PATH=/home/rslomron/MoMa/tm_custom/install/tm_msgs:${AMENT_PREFIX_PATH} CMAKE_PREFIX_PATH=/home/rslomron/MoMa/tm_custom/install/tm_msgs:/opt/ros/humble LD_LIBRARY_PATH=/home/rslomron/MoMa/tm_custom/install/tm_msgs/lib:${LD_LIBRARY_PATH} PYTHONPATH=/home/rslomron/MoMa/tm_custom/install/tm_msgs/local/lib/python3.10/dist-packages:${PYTHONPATH} /usr/bin/cmake --build /home/rslomron/MoMa/tm_custom/build/ui_for_debug_and_demo -- -j8 -l8
[0.089s] [ 14%] [34m[1mAutomatic MOC and UIC for target robot_ui[0m
[0.125s] [ 14%] Built target robot_ui_autogen
[0.145s] [35m[1mConsolidate compiler generated dependencies of target robot_ui[0m
[0.193s] [100%] Built target robot_ui
[0.210s] Invoked command in '/home/rslomron/MoMa/tm_custom/build/ui_for_debug_and_demo' returned '0': AMENT_PREFIX_PATH=/home/rslomron/MoMa/tm_custom/install/tm_msgs:${AMENT_PREFIX_PATH} CMAKE_PREFIX_PATH=/home/rslomron/MoMa/tm_custom/install/tm_msgs:/opt/ros/humble LD_LIBRARY_PATH=/home/rslomron/MoMa/tm_custom/install/tm_msgs/lib:${LD_LIBRARY_PATH} PYTHONPATH=/home/rslomron/MoMa/tm_custom/install/tm_msgs/local/lib/python3.10/dist-packages:${PYTHONPATH} /usr/bin/cmake --build /home/rslomron/MoMa/tm_custom/build/ui_for_debug_and_demo -- -j8 -l8
[0.253s] Invoking command in '/home/rslomron/MoMa/tm_custom/build/ui_for_debug_and_demo': AMENT_PREFIX_PATH=/home/rslomron/MoMa/tm_custom/install/tm_msgs:${AMENT_PREFIX_PATH} CMAKE_PREFIX_PATH=/home/rslomron/MoMa/tm_custom/install/tm_msgs:/opt/ros/humble LD_LIBRARY_PATH=/home/rslomron/MoMa/tm_custom/install/tm_msgs/lib:${LD_LIBRARY_PATH} PYTHONPATH=/home/rslomron/MoMa/tm_custom/install/tm_msgs/local/lib/python3.10/dist-packages:${PYTHONPATH} /usr/bin/cmake --install /home/rslomron/MoMa/tm_custom/build/ui_for_debug_and_demo
[0.263s] -- Install configuration: ""
[0.263s] -- Up-to-date: /home/rslomron/MoMa/tm_custom/install/ui_for_debug_and_demo/lib/ui_for_debug_and_demo/robot_ui
[0.264s] -- Up-to-date: /home/rslomron/MoMa/tm_custom/install/ui_for_debug_and_demo/share/ui_for_debug_and_demo/launch
[0.264s] -- Up-to-date: /home/rslomron/MoMa/tm_custom/install/ui_for_debug_and_demo/share/ui_for_debug_and_demo/launch/tm_gui.launch.py
[0.264s] -- Up-to-date: /home/rslomron/MoMa/tm_custom/install/ui_for_debug_and_demo/share/ament_index/resource_index/package_run_dependencies/ui_for_debug_and_demo
[0.264s] -- Up-to-date: /home/rslomron/MoMa/tm_custom/install/ui_for_debug_and_demo/share/ament_index/resource_index/parent_prefix_path/ui_for_debug_and_demo
[0.265s] -- Up-to-date: /home/rslomron/MoMa/tm_custom/install/ui_for_debug_and_demo/share/ui_for_debug_and_demo/environment/ament_prefix_path.sh
[0.265s] -- Up-to-date: /home/rslomron/MoMa/tm_custom/install/ui_for_debug_and_demo/share/ui_for_debug_and_demo/environment/ament_prefix_path.dsv
[0.265s] -- Up-to-date: /home/rslomron/MoMa/tm_custom/install/ui_for_debug_and_demo/share/ui_for_debug_and_demo/environment/path.sh
[0.265s] -- Up-to-date: /home/rslomron/MoMa/tm_custom/install/ui_for_debug_and_demo/share/ui_for_debug_and_demo/environment/path.dsv
[0.265s] -- Up-to-date: /home/rslomron/MoMa/tm_custom/install/ui_for_debug_and_demo/share/ui_for_debug_and_demo/local_setup.bash
[0.265s] -- Up-to-date: /home/rslomron/MoMa/tm_custom/install/ui_for_debug_and_demo/share/ui_for_debug_and_demo/local_setup.sh
[0.265s] -- Up-to-date: /home/rslomron/MoMa/tm_custom/install/ui_for_debug_and_demo/share/ui_for_debug_and_demo/local_setup.zsh
[0.265s] -- Up-to-date: /home/rslomron/MoMa/tm_custom/install/ui_for_debug_and_demo/share/ui_for_debug_and_demo/local_setup.dsv
[0.266s] -- Installing: /home/rslomron/MoMa/tm_custom/install/ui_for_debug_and_demo/share/ui_for_debug_and_demo/package.dsv
[0.266s] -- Up-to-date: /home/rslomron/MoMa/tm_custom/install/ui_for_debug_and_demo/share/ament_index/resource_index/packages/ui_for_debug_and_demo
[0.266s] -- Up-to-date: /home/rslomron/MoMa/tm_custom/install/ui_for_debug_and_demo/share/ui_for_debug_and_demo/cmake/ui_for_debug_and_demoConfig.cmake
[0.266s] -- Up-to-date: /home/rslomron/MoMa/tm_custom/install/ui_for_debug_and_demo/share/ui_for_debug_and_demo/cmake/ui_for_debug_and_demoConfig-version.cmake
[0.266s] -- Up-to-date: /home/rslomron/MoMa/tm_custom/install/ui_for_debug_and_demo/share/ui_for_debug_and_demo/package.xml
[0.269s] Invoked command in '/home/rslomron/MoMa/tm_custom/build/ui_for_debug_and_demo' returned '0': AMENT_PREFIX_PATH=/home/rslomron/MoMa/tm_custom/install/tm_msgs:${AMENT_PREFIX_PATH} CMAKE_PREFIX_PATH=/home/rslomron/MoMa/tm_custom/install/tm_msgs:/opt/ros/humble LD_LIBRARY_PATH=/home/rslomron/MoMa/tm_custom/install/tm_msgs/lib:${LD_LIBRARY_PATH} PYTHONPATH=/home/rslomron/MoMa/tm_custom/install/tm_msgs/local/lib/python3.10/dist-packages:${PYTHONPATH} /usr/bin/cmake --install /home/rslomron/MoMa/tm_custom/build/ui_for_debug_and_demo
