[0.047s] Invoking command in '/home/rslomron/MoMa/tm_custom/build/tm_moveit_config_tm14x': AMENT_PREFIX_PATH=/home/rslomron/MoMa/tm_custom/install/tm_description:${AMENT_PREFIX_PATH} CMAKE_PREFIX_PATH=/home/rslomron/MoMa/tm_custom/install/tm_description:/opt/ros/humble /usr/bin/cmake --build /home/rslomron/MoMa/tm_custom/build/tm_moveit_config_tm14x -- -j8 -l8
[0.123s] Invoked command in '/home/rslomron/MoMa/tm_custom/build/tm_moveit_config_tm14x' returned '0': AMENT_PREFIX_PATH=/home/rslomron/MoMa/tm_custom/install/tm_description:${AMENT_PREFIX_PATH} CMAKE_PREFIX_PATH=/home/rslomron/MoMa/tm_custom/install/tm_description:/opt/ros/humble /usr/bin/cmake --build /home/rslomron/MoMa/tm_custom/build/tm_moveit_config_tm14x -- -j8 -l8
[0.177s] Invoking command in '/home/rslomron/MoMa/tm_custom/build/tm_moveit_config_tm14x': AMENT_PREFIX_PATH=/home/rslomron/MoMa/tm_custom/install/tm_description:${AMENT_PREFIX_PATH} CMAKE_PREFIX_PATH=/home/rslomron/MoMa/tm_custom/install/tm_description:/opt/ros/humble /usr/bin/cmake --install /home/rslomron/MoMa/tm_custom/build/tm_moveit_config_tm14x
[0.191s] -- Install configuration: ""
[0.198s] -- Up-to-date: /home/rslomron/MoMa/tm_custom/install/tm_moveit_config_tm14x/share/ament_index/resource_index/package_run_dependencies/tm_moveit_config_tm14x
[0.198s] -- Up-to-date: /home/rslomron/MoMa/tm_custom/install/tm_moveit_config_tm14x/share/ament_index/resource_index/parent_prefix_path/tm_moveit_config_tm14x
[0.198s] -- Up-to-date: /home/rslomron/MoMa/tm_custom/install/tm_moveit_config_tm14x/share/tm_moveit_config_tm14x/environment/ament_prefix_path.sh
[0.199s] -- Up-to-date: /home/rslomron/MoMa/tm_custom/install/tm_moveit_config_tm14x/share/tm_moveit_config_tm14x/environment/ament_prefix_path.dsv
[0.201s] -- Up-to-date: /home/rslomron/MoMa/tm_custom/install/tm_moveit_config_tm14x/share/tm_moveit_config_tm14x/environment/path.sh
[0.201s] -- Up-to-date: /home/rslomron/MoMa/tm_custom/install/tm_moveit_config_tm14x/share/tm_moveit_config_tm14x/environment/path.dsv
[0.201s] -- Up-to-date: /home/rslomron/MoMa/tm_custom/install/tm_moveit_config_tm14x/share/tm_moveit_config_tm14x/local_setup.bash
[0.201s] -- Up-to-date: /home/rslomron/MoMa/tm_custom/install/tm_moveit_config_tm14x/share/tm_moveit_config_tm14x/local_setup.sh
[0.201s] -- Up-to-date: /home/rslomron/MoMa/tm_custom/install/tm_moveit_config_tm14x/share/tm_moveit_config_tm14x/local_setup.zsh
[0.201s] -- Up-to-date: /home/rslomron/MoMa/tm_custom/install/tm_moveit_config_tm14x/share/tm_moveit_config_tm14x/local_setup.dsv
[0.201s] -- Up-to-date: /home/rslomron/MoMa/tm_custom/install/tm_moveit_config_tm14x/share/tm_moveit_config_tm14x/package.dsv
[0.202s] -- Up-to-date: /home/rslomron/MoMa/tm_custom/install/tm_moveit_config_tm14x/share/ament_index/resource_index/packages/tm_moveit_config_tm14x
[0.202s] -- Up-to-date: /home/rslomron/MoMa/tm_custom/install/tm_moveit_config_tm14x/share/tm_moveit_config_tm14x/cmake/tm_moveit_config_tm14xConfig.cmake
[0.202s] -- Up-to-date: /home/rslomron/MoMa/tm_custom/install/tm_moveit_config_tm14x/share/tm_moveit_config_tm14x/cmake/tm_moveit_config_tm14xConfig-version.cmake
[0.214s] -- Up-to-date: /home/rslomron/MoMa/tm_custom/install/tm_moveit_config_tm14x/share/tm_moveit_config_tm14x/package.xml
[0.214s] -- Up-to-date: /home/rslomron/MoMa/tm_custom/install/tm_moveit_config_tm14x/share/tm_moveit_config_tm14x/config
[0.214s] -- Up-to-date: /home/rslomron/MoMa/tm_custom/install/tm_moveit_config_tm14x/share/tm_moveit_config_tm14x/config/ros_controllers.yaml
[0.214s] -- Up-to-date: /home/rslomron/MoMa/tm_custom/install/tm_moveit_config_tm14x/share/tm_moveit_config_tm14x/config/tm14x.srdf
[0.214s] -- Up-to-date: /home/rslomron/MoMa/tm_custom/install/tm_moveit_config_tm14x/share/tm_moveit_config_tm14x/config/fake_controllers.yaml
[0.214s] -- Up-to-date: /home/rslomron/MoMa/tm_custom/install/tm_moveit_config_tm14x/share/tm_moveit_config_tm14x/config/stomp_planning.yaml
[0.214s] -- Up-to-date: /home/rslomron/MoMa/tm_custom/install/tm_moveit_config_tm14x/share/tm_moveit_config_tm14x/config/ompl_planning.yaml
[0.215s] -- Up-to-date: /home/rslomron/MoMa/tm_custom/install/tm_moveit_config_tm14x/share/tm_moveit_config_tm14x/config/chomp_planning.yaml
[0.215s] -- Up-to-date: /home/rslomron/MoMa/tm_custom/install/tm_moveit_config_tm14x/share/tm_moveit_config_tm14x/config/sensors_3d.yaml
[0.215s] -- Up-to-date: /home/rslomron/MoMa/tm_custom/install/tm_moveit_config_tm14x/share/tm_moveit_config_tm14x/config/kinematics.yaml
[0.215s] -- Up-to-date: /home/rslomron/MoMa/tm_custom/install/tm_moveit_config_tm14x/share/tm_moveit_config_tm14x/config/joint_limits.yaml
[0.226s] Invoked command in '/home/rslomron/MoMa/tm_custom/build/tm_moveit_config_tm14x' returned '0': AMENT_PREFIX_PATH=/home/rslomron/MoMa/tm_custom/install/tm_description:${AMENT_PREFIX_PATH} CMAKE_PREFIX_PATH=/home/rslomron/MoMa/tm_custom/install/tm_description:/opt/ros/humble /usr/bin/cmake --install /home/rslomron/MoMa/tm_custom/build/tm_moveit_config_tm14x
