[  0%] Built target tm_msgs__cpp
[ 12%] Built target tm_msgs__rosidl_generator_c
[ 12%] Built target ament_cmake_python_copy_tm_msgs
[ 24%] Built target tm_msgs__rosidl_typesupport_cpp
[ 35%] Built target tm_msgs__rosidl_typesupport_fastrtps_cpp
[ 47%] Built target tm_msgs__rosidl_typesupport_fastrtps_c
[ 59%] Built target tm_msgs__rosidl_typesupport_introspection_c
[ 71%] Built target tm_msgs__rosidl_typesupport_introspection_cpp
[ 83%] Built target tm_msgs__rosidl_typesupport_c
[ 83%] Built target tm_msgs
[ 84%] Built target tm_msgs__py
[ 95%] Built target tm_msgs__rosidl_generator_py
[ 97%] Built target tm_msgs__rosidl_typesupport_c__pyext
[ 99%] Built target tm_msgs__rosidl_typesupport_introspection_c__pyext
[100%] Built target tm_msgs__rosidl_typesupport_fastrtps_c__pyext
running egg_info
writing tm_msgs.egg-info/PKG-INFO
writing dependency_links to tm_msgs.egg-info/dependency_links.txt
writing top-level names to tm_msgs.egg-info/top_level.txt
reading manifest file 'tm_msgs.egg-info/SOURCES.txt'
writing manifest file 'tm_msgs.egg-info/SOURCES.txt'
[100%] Built target ament_cmake_python_build_tm_msgs_egg
