[0.036s] Invoking command in '/home/rslomron/MoMa/tm_custom/build/techman_robot_msgs': CMAKE_PREFIX_PATH=/opt/ros/humble /usr/bin/cmake --build /home/rslomron/MoMa/tm_custom/build/techman_robot_msgs -- -j8 -l8
[1.501s] [  3%] Built target techman_robot_msgs__cpp
[1.501s] [ 12%] Built target techman_robot_msgs__rosidl_generator_c
[1.501s] [ 12%] Built target ament_cmake_python_copy_techman_robot_msgs
[1.501s] [ 22%] Built target techman_robot_msgs__rosidl_typesupport_cpp
[1.502s] [ 32%] Built target techman_robot_msgs__rosidl_typesupport_fastrtps_cpp
[1.502s] [ 41%] Built target techman_robot_msgs__rosidl_typesupport_introspection_cpp
[1.502s] [ 54%] Built target techman_robot_msgs__rosidl_typesupport_fastrtps_c
[1.503s] [ 61%] Built target techman_robot_msgs__rosidl_typesupport_c
[1.504s] [ 70%] Built target techman_robot_msgs__rosidl_typesupport_introspection_c
[1.504s] [ 70%] Built target techman_robot_msgs
[1.505s] [ 74%] Built target techman_robot_msgs__py
[1.505s] [ 80%] Built target techman_robot_msgs__rosidl_generator_py
[1.506s] [ 87%] Built target techman_robot_msgs__rosidl_typesupport_introspection_c__pyext
[1.506s] [ 93%] Built target techman_robot_msgs__rosidl_typesupport_fastrtps_c__pyext
[1.507s] [100%] Built target techman_robot_msgs__rosidl_typesupport_c__pyext
[1.507s] running egg_info
[1.507s] writing techman_robot_msgs.egg-info/PKG-INFO
[1.507s] writing dependency_links to techman_robot_msgs.egg-info/dependency_links.txt
[1.507s] writing top-level names to techman_robot_msgs.egg-info/top_level.txt
[1.508s] reading manifest file 'techman_robot_msgs.egg-info/SOURCES.txt'
[1.508s] writing manifest file 'techman_robot_msgs.egg-info/SOURCES.txt'
[1.508s] [100%] Built target ament_cmake_python_build_techman_robot_msgs_egg
[1.509s] Invoked command in '/home/rslomron/MoMa/tm_custom/build/techman_robot_msgs' returned '0': CMAKE_PREFIX_PATH=/opt/ros/humble /usr/bin/cmake --build /home/rslomron/MoMa/tm_custom/build/techman_robot_msgs -- -j8 -l8
[1.828s] Invoking command in '/home/rslomron/MoMa/tm_custom/build/techman_robot_msgs': CMAKE_PREFIX_PATH=/opt/ros/humble /usr/bin/cmake --install /home/rslomron/MoMa/tm_custom/build/techman_robot_msgs
[1.844s] -- Install configuration: ""
[1.844s] -- Installing: /home/rslomron/MoMa/tm_custom/install/techman_robot_msgs/share/ament_index/resource_index/rosidl_interfaces/techman_robot_msgs
[1.844s] -- Installing: /home/rslomron/MoMa/tm_custom/install/techman_robot_msgs/include/techman_robot_msgs/techman_robot_msgs
[1.844s] -- Installing: /home/rslomron/MoMa/tm_custom/install/techman_robot_msgs/include/techman_robot_msgs/techman_robot_msgs/msg
[1.844s] -- Installing: /home/rslomron/MoMa/tm_custom/install/techman_robot_msgs/include/techman_robot_msgs/techman_robot_msgs/msg/rosidl_generator_c__visibility_control.h
[1.844s] -- Installing: /home/rslomron/MoMa/tm_custom/install/techman_robot_msgs/include/techman_robot_msgs/techman_robot_msgs/srv
[1.844s] -- Installing: /home/rslomron/MoMa/tm_custom/install/techman_robot_msgs/include/techman_robot_msgs/techman_robot_msgs/srv/detail
[1.844s] -- Installing: /home/rslomron/MoMa/tm_custom/install/techman_robot_msgs/include/techman_robot_msgs/techman_robot_msgs/srv/detail/techman_robot_command__type_support.h
[1.845s] -- Installing: /home/rslomron/MoMa/tm_custom/install/techman_robot_msgs/include/techman_robot_msgs/techman_robot_msgs/srv/detail/techman_robot_command__functions.h
[1.845s] -- Installing: /home/rslomron/MoMa/tm_custom/install/techman_robot_msgs/include/techman_robot_msgs/techman_robot_msgs/srv/detail/techman_robot_command__functions.c
[1.845s] -- Installing: /home/rslomron/MoMa/tm_custom/install/techman_robot_msgs/include/techman_robot_msgs/techman_robot_msgs/srv/detail/techman_robot_command__struct.h
[1.845s] -- Installing: /home/rslomron/MoMa/tm_custom/install/techman_robot_msgs/include/techman_robot_msgs/techman_robot_msgs/srv/techman_robot_command.h
[1.845s] -- Installing: /home/rslomron/MoMa/tm_custom/install/techman_robot_msgs/share/techman_robot_msgs/environment/library_path.sh
[1.845s] -- Installing: /home/rslomron/MoMa/tm_custom/install/techman_robot_msgs/share/techman_robot_msgs/environment/library_path.dsv
[1.845s] -- Installing: /home/rslomron/MoMa/tm_custom/install/techman_robot_msgs/lib/libtechman_robot_msgs__rosidl_generator_c.so
[1.845s] -- Set runtime path of "/home/rslomron/MoMa/tm_custom/install/techman_robot_msgs/lib/libtechman_robot_msgs__rosidl_generator_c.so" to ""
[1.846s] -- Up-to-date: /home/rslomron/MoMa/tm_custom/install/techman_robot_msgs/include/techman_robot_msgs/techman_robot_msgs
[1.855s] -- Up-to-date: /home/rslomron/MoMa/tm_custom/install/techman_robot_msgs/include/techman_robot_msgs/techman_robot_msgs/msg
[1.855s] -- Installing: /home/rslomron/MoMa/tm_custom/install/techman_robot_msgs/include/techman_robot_msgs/techman_robot_msgs/msg/rosidl_typesupport_fastrtps_c__visibility_control.h
[1.855s] -- Up-to-date: /home/rslomron/MoMa/tm_custom/install/techman_robot_msgs/include/techman_robot_msgs/techman_robot_msgs/srv
[1.855s] -- Up-to-date: /home/rslomron/MoMa/tm_custom/install/techman_robot_msgs/include/techman_robot_msgs/techman_robot_msgs/srv/detail
[1.855s] -- Installing: /home/rslomron/MoMa/tm_custom/install/techman_robot_msgs/include/techman_robot_msgs/techman_robot_msgs/srv/detail/techman_robot_command__rosidl_typesupport_fastrtps_c.h
[1.855s] -- Installing: /home/rslomron/MoMa/tm_custom/install/techman_robot_msgs/lib/libtechman_robot_msgs__rosidl_typesupport_fastrtps_c.so
[1.855s] -- Set runtime path of "/home/rslomron/MoMa/tm_custom/install/techman_robot_msgs/lib/libtechman_robot_msgs__rosidl_typesupport_fastrtps_c.so" to ""
[1.856s] -- Up-to-date: /home/rslomron/MoMa/tm_custom/install/techman_robot_msgs/include/techman_robot_msgs/techman_robot_msgs
[1.856s] -- Up-to-date: /home/rslomron/MoMa/tm_custom/install/techman_robot_msgs/include/techman_robot_msgs/techman_robot_msgs/msg
[1.856s] -- Installing: /home/rslomron/MoMa/tm_custom/install/techman_robot_msgs/include/techman_robot_msgs/techman_robot_msgs/msg/rosidl_typesupport_introspection_c__visibility_control.h
[1.856s] -- Up-to-date: /home/rslomron/MoMa/tm_custom/install/techman_robot_msgs/include/techman_robot_msgs/techman_robot_msgs/srv
[1.856s] -- Up-to-date: /home/rslomron/MoMa/tm_custom/install/techman_robot_msgs/include/techman_robot_msgs/techman_robot_msgs/srv/detail
[1.856s] -- Installing: /home/rslomron/MoMa/tm_custom/install/techman_robot_msgs/include/techman_robot_msgs/techman_robot_msgs/srv/detail/techman_robot_command__type_support.c
[1.856s] -- Installing: /home/rslomron/MoMa/tm_custom/install/techman_robot_msgs/include/techman_robot_msgs/techman_robot_msgs/srv/detail/techman_robot_command__rosidl_typesupport_introspection_c.h
[1.856s] -- Installing: /home/rslomron/MoMa/tm_custom/install/techman_robot_msgs/lib/libtechman_robot_msgs__rosidl_typesupport_introspection_c.so
[1.856s] -- Set runtime path of "/home/rslomron/MoMa/tm_custom/install/techman_robot_msgs/lib/libtechman_robot_msgs__rosidl_typesupport_introspection_c.so" to ""
[1.857s] -- Installing: /home/rslomron/MoMa/tm_custom/install/techman_robot_msgs/lib/libtechman_robot_msgs__rosidl_typesupport_c.so
[1.857s] -- Set runtime path of "/home/rslomron/MoMa/tm_custom/install/techman_robot_msgs/lib/libtechman_robot_msgs__rosidl_typesupport_c.so" to ""
[1.857s] -- Up-to-date: /home/rslomron/MoMa/tm_custom/install/techman_robot_msgs/include/techman_robot_msgs/techman_robot_msgs
[1.857s] -- Up-to-date: /home/rslomron/MoMa/tm_custom/install/techman_robot_msgs/include/techman_robot_msgs/techman_robot_msgs/srv
[1.857s] -- Up-to-date: /home/rslomron/MoMa/tm_custom/install/techman_robot_msgs/include/techman_robot_msgs/techman_robot_msgs/srv/detail
[1.857s] -- Installing: /home/rslomron/MoMa/tm_custom/install/techman_robot_msgs/include/techman_robot_msgs/techman_robot_msgs/srv/detail/techman_robot_command__struct.hpp
[1.857s] -- Installing: /home/rslomron/MoMa/tm_custom/install/techman_robot_msgs/include/techman_robot_msgs/techman_robot_msgs/srv/detail/techman_robot_command__builder.hpp
[1.857s] -- Installing: /home/rslomron/MoMa/tm_custom/install/techman_robot_msgs/include/techman_robot_msgs/techman_robot_msgs/srv/detail/techman_robot_command__traits.hpp
[1.858s] -- Installing: /home/rslomron/MoMa/tm_custom/install/techman_robot_msgs/include/techman_robot_msgs/techman_robot_msgs/srv/techman_robot_command.hpp
[1.858s] -- Up-to-date: /home/rslomron/MoMa/tm_custom/install/techman_robot_msgs/include/techman_robot_msgs/techman_robot_msgs
[1.858s] -- Up-to-date: /home/rslomron/MoMa/tm_custom/install/techman_robot_msgs/include/techman_robot_msgs/techman_robot_msgs/msg
[1.858s] -- Installing: /home/rslomron/MoMa/tm_custom/install/techman_robot_msgs/include/techman_robot_msgs/techman_robot_msgs/msg/rosidl_typesupport_fastrtps_cpp__visibility_control.h
[1.858s] -- Up-to-date: /home/rslomron/MoMa/tm_custom/install/techman_robot_msgs/include/techman_robot_msgs/techman_robot_msgs/srv
[1.858s] -- Up-to-date: /home/rslomron/MoMa/tm_custom/install/techman_robot_msgs/include/techman_robot_msgs/techman_robot_msgs/srv/detail
[1.858s] -- Installing: /home/rslomron/MoMa/tm_custom/install/techman_robot_msgs/include/techman_robot_msgs/techman_robot_msgs/srv/detail/dds_fastrtps
[1.858s] -- Installing: /home/rslomron/MoMa/tm_custom/install/techman_robot_msgs/include/techman_robot_msgs/techman_robot_msgs/srv/detail/techman_robot_command__rosidl_typesupport_fastrtps_cpp.hpp
[1.859s] -- Installing: /home/rslomron/MoMa/tm_custom/install/techman_robot_msgs/lib/libtechman_robot_msgs__rosidl_typesupport_fastrtps_cpp.so
[1.859s] -- Set runtime path of "/home/rslomron/MoMa/tm_custom/install/techman_robot_msgs/lib/libtechman_robot_msgs__rosidl_typesupport_fastrtps_cpp.so" to ""
[1.859s] -- Up-to-date: /home/rslomron/MoMa/tm_custom/install/techman_robot_msgs/include/techman_robot_msgs/techman_robot_msgs
[1.859s] -- Up-to-date: /home/rslomron/MoMa/tm_custom/install/techman_robot_msgs/include/techman_robot_msgs/techman_robot_msgs/srv
[1.860s] -- Up-to-date: /home/rslomron/MoMa/tm_custom/install/techman_robot_msgs/include/techman_robot_msgs/techman_robot_msgs/srv/detail
[1.860s] -- Installing: /home/rslomron/MoMa/tm_custom/install/techman_robot_msgs/include/techman_robot_msgs/techman_robot_msgs/srv/detail/techman_robot_command__type_support.cpp
[1.860s] -- Installing: /home/rslomron/MoMa/tm_custom/install/techman_robot_msgs/include/techman_robot_msgs/techman_robot_msgs/srv/detail/techman_robot_command__rosidl_typesupport_introspection_cpp.hpp
[1.860s] -- Installing: /home/rslomron/MoMa/tm_custom/install/techman_robot_msgs/lib/libtechman_robot_msgs__rosidl_typesupport_introspection_cpp.so
[1.860s] -- Set runtime path of "/home/rslomron/MoMa/tm_custom/install/techman_robot_msgs/lib/libtechman_robot_msgs__rosidl_typesupport_introspection_cpp.so" to ""
[1.860s] -- Installing: /home/rslomron/MoMa/tm_custom/install/techman_robot_msgs/lib/libtechman_robot_msgs__rosidl_typesupport_cpp.so
[1.860s] -- Set runtime path of "/home/rslomron/MoMa/tm_custom/install/techman_robot_msgs/lib/libtechman_robot_msgs__rosidl_typesupport_cpp.so" to ""
[1.860s] -- Installing: /home/rslomron/MoMa/tm_custom/install/techman_robot_msgs/share/techman_robot_msgs/environment/pythonpath.sh
[1.860s] -- Installing: /home/rslomron/MoMa/tm_custom/install/techman_robot_msgs/share/techman_robot_msgs/environment/pythonpath.dsv
[1.861s] -- Installing: /home/rslomron/MoMa/tm_custom/install/techman_robot_msgs/local/lib/python3.10/dist-packages/techman_robot_msgs-1.0.0-py3.10.egg-info
[1.861s] -- Installing: /home/rslomron/MoMa/tm_custom/install/techman_robot_msgs/local/lib/python3.10/dist-packages/techman_robot_msgs-1.0.0-py3.10.egg-info/top_level.txt
[1.861s] -- Installing: /home/rslomron/MoMa/tm_custom/install/techman_robot_msgs/local/lib/python3.10/dist-packages/techman_robot_msgs-1.0.0-py3.10.egg-info/PKG-INFO
[1.862s] -- Installing: /home/rslomron/MoMa/tm_custom/install/techman_robot_msgs/local/lib/python3.10/dist-packages/techman_robot_msgs-1.0.0-py3.10.egg-info/dependency_links.txt
[1.862s] -- Installing: /home/rslomron/MoMa/tm_custom/install/techman_robot_msgs/local/lib/python3.10/dist-packages/techman_robot_msgs-1.0.0-py3.10.egg-info/SOURCES.txt
[1.863s] -- Installing: /home/rslomron/MoMa/tm_custom/install/techman_robot_msgs/local/lib/python3.10/dist-packages/techman_robot_msgs
[1.863s] -- Installing: /home/rslomron/MoMa/tm_custom/install/techman_robot_msgs/local/lib/python3.10/dist-packages/techman_robot_msgs/libtechman_robot_msgs__rosidl_generator_py.so
[1.863s] -- Installing: /home/rslomron/MoMa/tm_custom/install/techman_robot_msgs/local/lib/python3.10/dist-packages/techman_robot_msgs/_techman_robot_msgs_s.ep.rosidl_typesupport_introspection_c.c
[1.864s] -- Installing: /home/rslomron/MoMa/tm_custom/install/techman_robot_msgs/local/lib/python3.10/dist-packages/techman_robot_msgs/techman_robot_msgs_s__rosidl_typesupport_c.cpython-310-x86_64-linux-gnu.so
[1.864s] -- Installing: /home/rslomron/MoMa/tm_custom/install/techman_robot_msgs/local/lib/python3.10/dist-packages/techman_robot_msgs/__init__.py
[1.864s] -- Installing: /home/rslomron/MoMa/tm_custom/install/techman_robot_msgs/local/lib/python3.10/dist-packages/techman_robot_msgs/srv
[1.865s] -- Installing: /home/rslomron/MoMa/tm_custom/install/techman_robot_msgs/local/lib/python3.10/dist-packages/techman_robot_msgs/srv/_techman_robot_command.py
[1.865s] -- Installing: /home/rslomron/MoMa/tm_custom/install/techman_robot_msgs/local/lib/python3.10/dist-packages/techman_robot_msgs/srv/_techman_robot_command_s.c
[1.865s] -- Installing: /home/rslomron/MoMa/tm_custom/install/techman_robot_msgs/local/lib/python3.10/dist-packages/techman_robot_msgs/srv/__init__.py
[1.866s] -- Installing: /home/rslomron/MoMa/tm_custom/install/techman_robot_msgs/local/lib/python3.10/dist-packages/techman_robot_msgs/_techman_robot_msgs_s.ep.rosidl_typesupport_c.c
[1.866s] -- Installing: /home/rslomron/MoMa/tm_custom/install/techman_robot_msgs/local/lib/python3.10/dist-packages/techman_robot_msgs/_techman_robot_msgs_s.ep.rosidl_typesupport_fastrtps_c.c
[1.866s] -- Installing: /home/rslomron/MoMa/tm_custom/install/techman_robot_msgs/local/lib/python3.10/dist-packages/techman_robot_msgs/techman_robot_msgs_s__rosidl_typesupport_fastrtps_c.cpython-310-x86_64-linux-gnu.so
[1.867s] -- Installing: /home/rslomron/MoMa/tm_custom/install/techman_robot_msgs/local/lib/python3.10/dist-packages/techman_robot_msgs/techman_robot_msgs_s__rosidl_typesupport_introspection_c.cpython-310-x86_64-linux-gnu.so
[1.962s] Listing '/home/rslomron/MoMa/tm_custom/install/techman_robot_msgs/local/lib/python3.10/dist-packages/techman_robot_msgs'...
[1.962s] Compiling '/home/rslomron/MoMa/tm_custom/install/techman_robot_msgs/local/lib/python3.10/dist-packages/techman_robot_msgs/__init__.py'...
[1.963s] Listing '/home/rslomron/MoMa/tm_custom/install/techman_robot_msgs/local/lib/python3.10/dist-packages/techman_robot_msgs/srv'...
[1.963s] Compiling '/home/rslomron/MoMa/tm_custom/install/techman_robot_msgs/local/lib/python3.10/dist-packages/techman_robot_msgs/srv/__init__.py'...
[1.963s] Compiling '/home/rslomron/MoMa/tm_custom/install/techman_robot_msgs/local/lib/python3.10/dist-packages/techman_robot_msgs/srv/_techman_robot_command.py'...
[1.983s] -- Installing: /home/rslomron/MoMa/tm_custom/install/techman_robot_msgs/local/lib/python3.10/dist-packages/techman_robot_msgs/techman_robot_msgs_s__rosidl_typesupport_fastrtps_c.cpython-310-x86_64-linux-gnu.so
[1.984s] -- Set runtime path of "/home/rslomron/MoMa/tm_custom/install/techman_robot_msgs/local/lib/python3.10/dist-packages/techman_robot_msgs/techman_robot_msgs_s__rosidl_typesupport_fastrtps_c.cpython-310-x86_64-linux-gnu.so" to ""
[1.985s] -- Installing: /home/rslomron/MoMa/tm_custom/install/techman_robot_msgs/local/lib/python3.10/dist-packages/techman_robot_msgs/techman_robot_msgs_s__rosidl_typesupport_introspection_c.cpython-310-x86_64-linux-gnu.so
[1.986s] -- Set runtime path of "/home/rslomron/MoMa/tm_custom/install/techman_robot_msgs/local/lib/python3.10/dist-packages/techman_robot_msgs/techman_robot_msgs_s__rosidl_typesupport_introspection_c.cpython-310-x86_64-linux-gnu.so" to ""
[1.986s] -- Installing: /home/rslomron/MoMa/tm_custom/install/techman_robot_msgs/local/lib/python3.10/dist-packages/techman_robot_msgs/techman_robot_msgs_s__rosidl_typesupport_c.cpython-310-x86_64-linux-gnu.so
[1.987s] -- Set runtime path of "/home/rslomron/MoMa/tm_custom/install/techman_robot_msgs/local/lib/python3.10/dist-packages/techman_robot_msgs/techman_robot_msgs_s__rosidl_typesupport_c.cpython-310-x86_64-linux-gnu.so" to ""
[1.988s] -- Installing: /home/rslomron/MoMa/tm_custom/install/techman_robot_msgs/lib/libtechman_robot_msgs__rosidl_generator_py.so
[1.989s] -- Set runtime path of "/home/rslomron/MoMa/tm_custom/install/techman_robot_msgs/lib/libtechman_robot_msgs__rosidl_generator_py.so" to ""
[1.989s] -- Installing: /home/rslomron/MoMa/tm_custom/install/techman_robot_msgs/share/techman_robot_msgs/srv/TechmanRobotCommand.idl
[1.989s] -- Installing: /home/rslomron/MoMa/tm_custom/install/techman_robot_msgs/share/techman_robot_msgs/srv/TechmanRobotCommand.srv
[1.995s] -- Installing: /home/rslomron/MoMa/tm_custom/install/techman_robot_msgs/share/techman_robot_msgs/srv/TechmanRobotCommand_Request.msg
[1.996s] -- Installing: /home/rslomron/MoMa/tm_custom/install/techman_robot_msgs/share/techman_robot_msgs/srv/TechmanRobotCommand_Response.msg
[1.999s] -- Installing: /home/rslomron/MoMa/tm_custom/install/techman_robot_msgs/share/ament_index/resource_index/package_run_dependencies/techman_robot_msgs
[2.000s] -- Installing: /home/rslomron/MoMa/tm_custom/install/techman_robot_msgs/share/ament_index/resource_index/parent_prefix_path/techman_robot_msgs
[2.002s] -- Installing: /home/rslomron/MoMa/tm_custom/install/techman_robot_msgs/share/techman_robot_msgs/environment/ament_prefix_path.sh
[2.003s] -- Installing: /home/rslomron/MoMa/tm_custom/install/techman_robot_msgs/share/techman_robot_msgs/environment/ament_prefix_path.dsv
[2.004s] -- Installing: /home/rslomron/MoMa/tm_custom/install/techman_robot_msgs/share/techman_robot_msgs/environment/path.sh
[2.005s] -- Installing: /home/rslomron/MoMa/tm_custom/install/techman_robot_msgs/share/techman_robot_msgs/environment/path.dsv
[2.007s] -- Installing: /home/rslomron/MoMa/tm_custom/install/techman_robot_msgs/share/techman_robot_msgs/local_setup.bash
[2.008s] -- Installing: /home/rslomron/MoMa/tm_custom/install/techman_robot_msgs/share/techman_robot_msgs/local_setup.sh
[2.009s] -- Installing: /home/rslomron/MoMa/tm_custom/install/techman_robot_msgs/share/techman_robot_msgs/local_setup.zsh
[2.011s] -- Installing: /home/rslomron/MoMa/tm_custom/install/techman_robot_msgs/share/techman_robot_msgs/local_setup.dsv
[2.012s] -- Installing: /home/rslomron/MoMa/tm_custom/install/techman_robot_msgs/share/techman_robot_msgs/package.dsv
[2.013s] -- Installing: /home/rslomron/MoMa/tm_custom/install/techman_robot_msgs/share/ament_index/resource_index/packages/techman_robot_msgs
[2.014s] -- Installing: /home/rslomron/MoMa/tm_custom/install/techman_robot_msgs/share/techman_robot_msgs/cmake/export_techman_robot_msgs__rosidl_generator_cExport.cmake
[2.016s] -- Installing: /home/rslomron/MoMa/tm_custom/install/techman_robot_msgs/share/techman_robot_msgs/cmake/export_techman_robot_msgs__rosidl_generator_cExport-noconfig.cmake
[2.017s] -- Installing: /home/rslomron/MoMa/tm_custom/install/techman_robot_msgs/share/techman_robot_msgs/cmake/export_techman_robot_msgs__rosidl_typesupport_fastrtps_cExport.cmake
[2.019s] -- Installing: /home/rslomron/MoMa/tm_custom/install/techman_robot_msgs/share/techman_robot_msgs/cmake/export_techman_robot_msgs__rosidl_typesupport_fastrtps_cExport-noconfig.cmake
[2.020s] -- Installing: /home/rslomron/MoMa/tm_custom/install/techman_robot_msgs/share/techman_robot_msgs/cmake/techman_robot_msgs__rosidl_typesupport_introspection_cExport.cmake
[2.021s] -- Installing: /home/rslomron/MoMa/tm_custom/install/techman_robot_msgs/share/techman_robot_msgs/cmake/techman_robot_msgs__rosidl_typesupport_introspection_cExport-noconfig.cmake
[2.022s] -- Installing: /home/rslomron/MoMa/tm_custom/install/techman_robot_msgs/share/techman_robot_msgs/cmake/techman_robot_msgs__rosidl_typesupport_cExport.cmake
[2.024s] -- Installing: /home/rslomron/MoMa/tm_custom/install/techman_robot_msgs/share/techman_robot_msgs/cmake/techman_robot_msgs__rosidl_typesupport_cExport-noconfig.cmake
[2.025s] -- Installing: /home/rslomron/MoMa/tm_custom/install/techman_robot_msgs/share/techman_robot_msgs/cmake/export_techman_robot_msgs__rosidl_generator_cppExport.cmake
[2.026s] -- Installing: /home/rslomron/MoMa/tm_custom/install/techman_robot_msgs/share/techman_robot_msgs/cmake/export_techman_robot_msgs__rosidl_typesupport_fastrtps_cppExport.cmake
[2.027s] -- Installing: /home/rslomron/MoMa/tm_custom/install/techman_robot_msgs/share/techman_robot_msgs/cmake/export_techman_robot_msgs__rosidl_typesupport_fastrtps_cppExport-noconfig.cmake
[2.029s] -- Installing: /home/rslomron/MoMa/tm_custom/install/techman_robot_msgs/share/techman_robot_msgs/cmake/techman_robot_msgs__rosidl_typesupport_introspection_cppExport.cmake
[2.030s] -- Installing: /home/rslomron/MoMa/tm_custom/install/techman_robot_msgs/share/techman_robot_msgs/cmake/techman_robot_msgs__rosidl_typesupport_introspection_cppExport-noconfig.cmake
[2.030s] -- Installing: /home/rslomron/MoMa/tm_custom/install/techman_robot_msgs/share/techman_robot_msgs/cmake/techman_robot_msgs__rosidl_typesupport_cppExport.cmake
[2.031s] -- Installing: /home/rslomron/MoMa/tm_custom/install/techman_robot_msgs/share/techman_robot_msgs/cmake/techman_robot_msgs__rosidl_typesupport_cppExport-noconfig.cmake
[2.031s] -- Installing: /home/rslomron/MoMa/tm_custom/install/techman_robot_msgs/share/techman_robot_msgs/cmake/export_techman_robot_msgs__rosidl_generator_pyExport.cmake
[2.032s] -- Installing: /home/rslomron/MoMa/tm_custom/install/techman_robot_msgs/share/techman_robot_msgs/cmake/export_techman_robot_msgs__rosidl_generator_pyExport-noconfig.cmake
[2.032s] -- Installing: /home/rslomron/MoMa/tm_custom/install/techman_robot_msgs/share/techman_robot_msgs/cmake/rosidl_cmake-extras.cmake
[2.032s] -- Installing: /home/rslomron/MoMa/tm_custom/install/techman_robot_msgs/share/techman_robot_msgs/cmake/ament_cmake_export_include_directories-extras.cmake
[2.033s] -- Installing: /home/rslomron/MoMa/tm_custom/install/techman_robot_msgs/share/techman_robot_msgs/cmake/ament_cmake_export_libraries-extras.cmake
[2.033s] -- Installing: /home/rslomron/MoMa/tm_custom/install/techman_robot_msgs/share/techman_robot_msgs/cmake/ament_cmake_export_targets-extras.cmake
[2.033s] -- Installing: /home/rslomron/MoMa/tm_custom/install/techman_robot_msgs/share/techman_robot_msgs/cmake/rosidl_cmake_export_typesupport_targets-extras.cmake
[2.034s] -- Installing: /home/rslomron/MoMa/tm_custom/install/techman_robot_msgs/share/techman_robot_msgs/cmake/ament_cmake_export_dependencies-extras.cmake
[2.034s] -- Installing: /home/rslomron/MoMa/tm_custom/install/techman_robot_msgs/share/techman_robot_msgs/cmake/rosidl_cmake_export_typesupport_libraries-extras.cmake
[2.034s] -- Installing: /home/rslomron/MoMa/tm_custom/install/techman_robot_msgs/share/techman_robot_msgs/cmake/techman_robot_msgsConfig.cmake
[2.034s] -- Installing: /home/rslomron/MoMa/tm_custom/install/techman_robot_msgs/share/techman_robot_msgs/cmake/techman_robot_msgsConfig-version.cmake
[2.035s] -- Installing: /home/rslomron/MoMa/tm_custom/install/techman_robot_msgs/share/techman_robot_msgs/package.xml
[2.043s] Invoked command in '/home/rslomron/MoMa/tm_custom/build/techman_robot_msgs' returned '0': CMAKE_PREFIX_PATH=/opt/ros/humble /usr/bin/cmake --install /home/rslomron/MoMa/tm_custom/build/techman_robot_msgs
