[0.156s] Invoking command in '/home/rslomron/tm_custom/build/tm_moveit_config_tm5-900': AMENT_PREFIX_PATH=/home/rslomron/tm_custom/install/tm_description CMAKE_PREFIX_PATH=/home/rslomron/tm_custom/install/tm_description /usr/bin/cmake --build /home/rslomron/tm_custom/build/tm_moveit_config_tm5-900 -- -j8 -l8
[0.265s] Invoked command in '/home/rslomron/tm_custom/build/tm_moveit_config_tm5-900' returned '0': AMENT_PREFIX_PATH=/home/rslomron/tm_custom/install/tm_description CMAKE_PREFIX_PATH=/home/rslomron/tm_custom/install/tm_description /usr/bin/cmake --build /home/rslomron/tm_custom/build/tm_moveit_config_tm5-900 -- -j8 -l8
[0.499s] Invoking command in '/home/rslomron/tm_custom/build/tm_moveit_config_tm5-900': AMENT_PREFIX_PATH=/home/rslomron/tm_custom/install/tm_description CMAKE_PREFIX_PATH=/home/rslomron/tm_custom/install/tm_description /usr/bin/cmake --install /home/rslomron/tm_custom/build/tm_moveit_config_tm5-900
[0.520s] -- Install configuration: ""
[0.520s] -- Up-to-date: /home/rslomron/tm_custom/install/tm_moveit_config_tm5-900/share/ament_index/resource_index/package_run_dependencies/tm_moveit_config_tm5-900
[0.520s] -- Up-to-date: /home/rslomron/tm_custom/install/tm_moveit_config_tm5-900/share/ament_index/resource_index/parent_prefix_path/tm_moveit_config_tm5-900
[0.521s] -- Up-to-date: /home/rslomron/tm_custom/install/tm_moveit_config_tm5-900/share/tm_moveit_config_tm5-900/environment/ament_prefix_path.sh
[0.521s] -- Up-to-date: /home/rslomron/tm_custom/install/tm_moveit_config_tm5-900/share/tm_moveit_config_tm5-900/environment/ament_prefix_path.dsv
[0.522s] -- Up-to-date: /home/rslomron/tm_custom/install/tm_moveit_config_tm5-900/share/tm_moveit_config_tm5-900/environment/path.sh
[0.522s] -- Up-to-date: /home/rslomron/tm_custom/install/tm_moveit_config_tm5-900/share/tm_moveit_config_tm5-900/environment/path.dsv
[0.522s] -- Up-to-date: /home/rslomron/tm_custom/install/tm_moveit_config_tm5-900/share/tm_moveit_config_tm5-900/local_setup.bash
[0.522s] -- Up-to-date: /home/rslomron/tm_custom/install/tm_moveit_config_tm5-900/share/tm_moveit_config_tm5-900/local_setup.sh
[0.522s] -- Up-to-date: /home/rslomron/tm_custom/install/tm_moveit_config_tm5-900/share/tm_moveit_config_tm5-900/local_setup.zsh
[0.522s] -- Up-to-date: /home/rslomron/tm_custom/install/tm_moveit_config_tm5-900/share/tm_moveit_config_tm5-900/local_setup.dsv
[0.523s] -- Installing: /home/rslomron/tm_custom/install/tm_moveit_config_tm5-900/share/tm_moveit_config_tm5-900/package.dsv
[0.523s] -- Up-to-date: /home/rslomron/tm_custom/install/tm_moveit_config_tm5-900/share/ament_index/resource_index/packages/tm_moveit_config_tm5-900
[0.523s] -- Up-to-date: /home/rslomron/tm_custom/install/tm_moveit_config_tm5-900/share/tm_moveit_config_tm5-900/cmake/tm_moveit_config_tm5-900Config.cmake
[0.523s] -- Up-to-date: /home/rslomron/tm_custom/install/tm_moveit_config_tm5-900/share/tm_moveit_config_tm5-900/cmake/tm_moveit_config_tm5-900Config-version.cmake
[0.523s] -- Up-to-date: /home/rslomron/tm_custom/install/tm_moveit_config_tm5-900/share/tm_moveit_config_tm5-900/package.xml
[0.524s] -- Up-to-date: /home/rslomron/tm_custom/install/tm_moveit_config_tm5-900/share/tm_moveit_config_tm5-900/config
[0.524s] -- Up-to-date: /home/rslomron/tm_custom/install/tm_moveit_config_tm5-900/share/tm_moveit_config_tm5-900/config/ros_controllers.yaml
[0.524s] -- Up-to-date: /home/rslomron/tm_custom/install/tm_moveit_config_tm5-900/share/tm_moveit_config_tm5-900/config/fake_controllers.yaml
[0.524s] -- Up-to-date: /home/rslomron/tm_custom/install/tm_moveit_config_tm5-900/share/tm_moveit_config_tm5-900/config/stomp_planning.yaml
[0.525s] -- Up-to-date: /home/rslomron/tm_custom/install/tm_moveit_config_tm5-900/share/tm_moveit_config_tm5-900/config/ompl_planning.yaml
[0.525s] -- Up-to-date: /home/rslomron/tm_custom/install/tm_moveit_config_tm5-900/share/tm_moveit_config_tm5-900/config/chomp_planning.yaml
[0.525s] -- Up-to-date: /home/rslomron/tm_custom/install/tm_moveit_config_tm5-900/share/tm_moveit_config_tm5-900/config/sensors_3d.yaml
[0.525s] -- Up-to-date: /home/rslomron/tm_custom/install/tm_moveit_config_tm5-900/share/tm_moveit_config_tm5-900/config/kinematics.yaml
[0.525s] -- Up-to-date: /home/rslomron/tm_custom/install/tm_moveit_config_tm5-900/share/tm_moveit_config_tm5-900/config/tm5-900.srdf
[0.525s] -- Up-to-date: /home/rslomron/tm_custom/install/tm_moveit_config_tm5-900/share/tm_moveit_config_tm5-900/config/joint_limits.yaml
[0.528s] Invoked command in '/home/rslomron/tm_custom/build/tm_moveit_config_tm5-900' returned '0': AMENT_PREFIX_PATH=/home/rslomron/tm_custom/install/tm_description CMAKE_PREFIX_PATH=/home/rslomron/tm_custom/install/tm_description /usr/bin/cmake --install /home/rslomron/tm_custom/build/tm_moveit_config_tm5-900
