[0.030s] Invoking command in '/home/rslomron/tm_custom/build/tm_moveit_config_tm5x-700': CMAKE_PREFIX_PATH=${CMAKE_PREFIX_PATH}:/home/rslomron/tm_custom/install/tm_mod_urdf:/home/rslomron/tm_custom/install/tm_get_status:/opt/ros/humble /usr/bin/cmake --build /home/rslomron/tm_custom/build/tm_moveit_config_tm5x-700 -- -j8 -l8
[0.100s] Invoked command in '/home/rslomron/tm_custom/build/tm_moveit_config_tm5x-700' returned '0': CMAKE_PREFIX_PATH=${CMAKE_PREFIX_PATH}:/home/rslomron/tm_custom/install/tm_mod_urdf:/home/rslomron/tm_custom/install/tm_get_status:/opt/ros/humble /usr/bin/cmake --build /home/rslomron/tm_custom/build/tm_moveit_config_tm5x-700 -- -j8 -l8
[0.162s] Invoking command in '/home/rslomron/tm_custom/build/tm_moveit_config_tm5x-700': CMAKE_PREFIX_PATH=${CMAKE_PREFIX_PATH}:/home/rslomron/tm_custom/install/tm_mod_urdf:/home/rslomron/tm_custom/install/tm_get_status:/opt/ros/humble /usr/bin/cmake --install /home/rslomron/tm_custom/build/tm_moveit_config_tm5x-700
[0.173s] -- Install configuration: ""
[0.174s] -- Up-to-date: /home/rslomron/tm_custom/install/tm_moveit_config_tm5x-700/share/ament_index/resource_index/package_run_dependencies/tm_moveit_config_tm5x-700
[0.174s] -- Up-to-date: /home/rslomron/tm_custom/install/tm_moveit_config_tm5x-700/share/ament_index/resource_index/parent_prefix_path/tm_moveit_config_tm5x-700
[0.174s] -- Up-to-date: /home/rslomron/tm_custom/install/tm_moveit_config_tm5x-700/share/tm_moveit_config_tm5x-700/environment/ament_prefix_path.sh
[0.174s] -- Up-to-date: /home/rslomron/tm_custom/install/tm_moveit_config_tm5x-700/share/tm_moveit_config_tm5x-700/environment/ament_prefix_path.dsv
[0.174s] -- Up-to-date: /home/rslomron/tm_custom/install/tm_moveit_config_tm5x-700/share/tm_moveit_config_tm5x-700/environment/path.sh
[0.175s] -- Up-to-date: /home/rslomron/tm_custom/install/tm_moveit_config_tm5x-700/share/tm_moveit_config_tm5x-700/environment/path.dsv
[0.175s] -- Up-to-date: /home/rslomron/tm_custom/install/tm_moveit_config_tm5x-700/share/tm_moveit_config_tm5x-700/local_setup.bash
[0.175s] -- Up-to-date: /home/rslomron/tm_custom/install/tm_moveit_config_tm5x-700/share/tm_moveit_config_tm5x-700/local_setup.sh
[0.175s] -- Up-to-date: /home/rslomron/tm_custom/install/tm_moveit_config_tm5x-700/share/tm_moveit_config_tm5x-700/local_setup.zsh
[0.176s] -- Up-to-date: /home/rslomron/tm_custom/install/tm_moveit_config_tm5x-700/share/tm_moveit_config_tm5x-700/local_setup.dsv
[0.176s] -- Up-to-date: /home/rslomron/tm_custom/install/tm_moveit_config_tm5x-700/share/tm_moveit_config_tm5x-700/package.dsv
[0.176s] -- Up-to-date: /home/rslomron/tm_custom/install/tm_moveit_config_tm5x-700/share/ament_index/resource_index/packages/tm_moveit_config_tm5x-700
[0.177s] -- Up-to-date: /home/rslomron/tm_custom/install/tm_moveit_config_tm5x-700/share/tm_moveit_config_tm5x-700/cmake/tm_moveit_config_tm5x-700Config.cmake
[0.177s] -- Up-to-date: /home/rslomron/tm_custom/install/tm_moveit_config_tm5x-700/share/tm_moveit_config_tm5x-700/cmake/tm_moveit_config_tm5x-700Config-version.cmake
[0.177s] -- Up-to-date: /home/rslomron/tm_custom/install/tm_moveit_config_tm5x-700/share/tm_moveit_config_tm5x-700/package.xml
[0.200s] Invoked command in '/home/rslomron/tm_custom/build/tm_moveit_config_tm5x-700' returned '0': CMAKE_PREFIX_PATH=${CMAKE_PREFIX_PATH}:/home/rslomron/tm_custom/install/tm_mod_urdf:/home/rslomron/tm_custom/install/tm_get_status:/opt/ros/humble /usr/bin/cmake --install /home/rslomron/tm_custom/build/tm_moveit_config_tm5x-700
