[0.091s] Invoking command in '/home/rslomron/tm_custom/build/tm_moveit_config_tm12': AMENT_PREFIX_PATH=/home/rslomron/tm_custom/install/tm_description CMAKE_PREFIX_PATH=/home/rslomron/tm_custom/install/tm_description /usr/bin/cmake --build /home/rslomron/tm_custom/build/tm_moveit_config_tm12 -- -j8 -l8
[0.366s] Invoked command in '/home/rslomron/tm_custom/build/tm_moveit_config_tm12' returned '0': AMENT_PREFIX_PATH=/home/rslomron/tm_custom/install/tm_description CMAKE_PREFIX_PATH=/home/rslomron/tm_custom/install/tm_description /usr/bin/cmake --build /home/rslomron/tm_custom/build/tm_moveit_config_tm12 -- -j8 -l8
[0.633s] Invoking command in '/home/rslomron/tm_custom/build/tm_moveit_config_tm12': AMENT_PREFIX_PATH=/home/rslomron/tm_custom/install/tm_description CMAKE_PREFIX_PATH=/home/rslomron/tm_custom/install/tm_description /usr/bin/cmake --install /home/rslomron/tm_custom/build/tm_moveit_config_tm12
[0.668s] -- Install configuration: ""
[0.668s] -- Up-to-date: /home/rslomron/tm_custom/install/tm_moveit_config_tm12/share/ament_index/resource_index/package_run_dependencies/tm_moveit_config_tm12
[0.668s] -- Up-to-date: /home/rslomron/tm_custom/install/tm_moveit_config_tm12/share/ament_index/resource_index/parent_prefix_path/tm_moveit_config_tm12
[0.668s] -- Up-to-date: /home/rslomron/tm_custom/install/tm_moveit_config_tm12/share/tm_moveit_config_tm12/environment/ament_prefix_path.sh
[0.668s] -- Up-to-date: /home/rslomron/tm_custom/install/tm_moveit_config_tm12/share/tm_moveit_config_tm12/environment/ament_prefix_path.dsv
[0.668s] -- Up-to-date: /home/rslomron/tm_custom/install/tm_moveit_config_tm12/share/tm_moveit_config_tm12/environment/path.sh
[0.669s] -- Up-to-date: /home/rslomron/tm_custom/install/tm_moveit_config_tm12/share/tm_moveit_config_tm12/environment/path.dsv
[0.669s] -- Up-to-date: /home/rslomron/tm_custom/install/tm_moveit_config_tm12/share/tm_moveit_config_tm12/local_setup.bash
[0.669s] -- Up-to-date: /home/rslomron/tm_custom/install/tm_moveit_config_tm12/share/tm_moveit_config_tm12/local_setup.sh
[0.669s] -- Up-to-date: /home/rslomron/tm_custom/install/tm_moveit_config_tm12/share/tm_moveit_config_tm12/local_setup.zsh
[0.669s] -- Up-to-date: /home/rslomron/tm_custom/install/tm_moveit_config_tm12/share/tm_moveit_config_tm12/local_setup.dsv
[0.669s] -- Installing: /home/rslomron/tm_custom/install/tm_moveit_config_tm12/share/tm_moveit_config_tm12/package.dsv
[0.669s] -- Up-to-date: /home/rslomron/tm_custom/install/tm_moveit_config_tm12/share/ament_index/resource_index/packages/tm_moveit_config_tm12
[0.669s] -- Up-to-date: /home/rslomron/tm_custom/install/tm_moveit_config_tm12/share/tm_moveit_config_tm12/cmake/tm_moveit_config_tm12Config.cmake
[0.670s] -- Up-to-date: /home/rslomron/tm_custom/install/tm_moveit_config_tm12/share/tm_moveit_config_tm12/cmake/tm_moveit_config_tm12Config-version.cmake
[0.670s] -- Up-to-date: /home/rslomron/tm_custom/install/tm_moveit_config_tm12/share/tm_moveit_config_tm12/package.xml
[0.714s] Invoked command in '/home/rslomron/tm_custom/build/tm_moveit_config_tm12' returned '0': AMENT_PREFIX_PATH=/home/rslomron/tm_custom/install/tm_description CMAKE_PREFIX_PATH=/home/rslomron/tm_custom/install/tm_description /usr/bin/cmake --install /home/rslomron/tm_custom/build/tm_moveit_config_tm12
