[2.385s] Invoking command in '/home/rslomron/MoMa/tm_custom/src/tm_mod_urdf': PYTHONPATH=/home/rslomron/MoMa/tm_custom/build/tm_mod_urdf/prefix_override:/home/rslomron/MoMa/tm_custom/install/tm_mod_urdf/lib/python3.10/site-packages:${PYTHONPATH} /usr/bin/python3 -W ignore:setup.py install is deprecated setup.py egg_info --egg-base ../../build/tm_mod_urdf build --build-base /home/rslomron/MoMa/tm_custom/build/tm_mod_urdf/build install --record /home/rslomron/MoMa/tm_custom/build/tm_mod_urdf/install.log --single-version-externally-managed install_data
[2.940s] running egg_info
[2.943s] writing ../../build/tm_mod_urdf/tm_mod_urdf.egg-info/PKG-INFO
[2.943s] writing dependency_links to ../../build/tm_mod_urdf/tm_mod_urdf.egg-info/dependency_links.txt
[2.943s] writing entry points to ../../build/tm_mod_urdf/tm_mod_urdf.egg-info/entry_points.txt
[2.943s] writing requirements to ../../build/tm_mod_urdf/tm_mod_urdf.egg-info/requires.txt
[2.943s] writing top-level names to ../../build/tm_mod_urdf/tm_mod_urdf.egg-info/top_level.txt
[2.946s] reading manifest file '../../build/tm_mod_urdf/tm_mod_urdf.egg-info/SOURCES.txt'
[2.951s] writing manifest file '../../build/tm_mod_urdf/tm_mod_urdf.egg-info/SOURCES.txt'
[2.951s] running build
[2.951s] running build_py
[2.952s] running install
[2.952s] running install_lib
[2.954s] running install_data
[2.958s] running install_egg_info
[2.959s] removing '/home/rslomron/MoMa/tm_custom/install/tm_mod_urdf/lib/python3.10/site-packages/tm_mod_urdf-1.1.2-py3.10.egg-info' (and everything under it)
[2.959s] Copying ../../build/tm_mod_urdf/tm_mod_urdf.egg-info to /home/rslomron/MoMa/tm_custom/install/tm_mod_urdf/lib/python3.10/site-packages/tm_mod_urdf-1.1.2-py3.10.egg-info
[2.959s] running install_scripts
[2.991s] Installing modify_urdf script to /home/rslomron/MoMa/tm_custom/install/tm_mod_urdf/lib/tm_mod_urdf
[2.992s] Installing modify_xacro script to /home/rslomron/MoMa/tm_custom/install/tm_mod_urdf/lib/tm_mod_urdf
[2.992s] writing list of installed files to '/home/rslomron/MoMa/tm_custom/build/tm_mod_urdf/install.log'
[3.033s] Invoked command in '/home/rslomron/MoMa/tm_custom/src/tm_mod_urdf' returned '0': PYTHONPATH=/home/rslomron/MoMa/tm_custom/build/tm_mod_urdf/prefix_override:/home/rslomron/MoMa/tm_custom/install/tm_mod_urdf/lib/python3.10/site-packages:${PYTHONPATH} /usr/bin/python3 -W ignore:setup.py install is deprecated setup.py egg_info --egg-base ../../build/tm_mod_urdf build --build-base /home/rslomron/MoMa/tm_custom/build/tm_mod_urdf/build install --record /home/rslomron/MoMa/tm_custom/build/tm_mod_urdf/install.log --single-version-externally-managed install_data
