[  3%] Built target techman_robot_msgs__cpp
[  6%] [32mBuilding C object CMakeFiles/techman_robot_msgs__rosidl_generator_c.dir/rosidl_generator_c/techman_robot_msgs/srv/detail/techman_robot_command__functions.c.o[0m
[  6%] Built target ament_cmake_python_copy_techman_robot_msgs
[  9%] [32mBuilding CXX object CMakeFiles/techman_robot_msgs__rosidl_typesupport_fastrtps_cpp.dir/rosidl_typesupport_fastrtps_cpp/techman_robot_msgs/srv/detail/dds_fastrtps/techman_robot_command__type_support.cpp.o[0m
[ 12%] [32mBuilding CXX object CMakeFiles/techman_robot_msgs__rosidl_typesupport_introspection_cpp.dir/rosidl_typesupport_introspection_cpp/techman_robot_msgs/srv/detail/techman_robot_command__type_support.cpp.o[0m
[ 16%] [32mBuilding CXX object CMakeFiles/techman_robot_msgs__rosidl_typesupport_cpp.dir/rosidl_typesupport_cpp/techman_robot_msgs/srv/techman_robot_command__type_support.cpp.o[0m
[ 19%] [32m[1mLinking C shared library libtechman_robot_msgs__rosidl_generator_c.so[0m
[ 22%] Built target techman_robot_msgs__rosidl_generator_c
[ 25%] [32mBuilding CXX object CMakeFiles/techman_robot_msgs__rosidl_typesupport_fastrtps_c.dir/rosidl_typesupport_fastrtps_c/techman_robot_msgs/srv/detail/techman_robot_command__type_support_c.cpp.o[0m
[ 29%] [32mBuilding C object CMakeFiles/techman_robot_msgs__rosidl_typesupport_introspection_c.dir/rosidl_typesupport_introspection_c/techman_robot_msgs/srv/detail/techman_robot_command__type_support.c.o[0m
running egg_info
writing techman_robot_msgs.egg-info/PKG-INFO
writing dependency_links to techman_robot_msgs.egg-info/dependency_links.txt
writing top-level names to techman_robot_msgs.egg-info/top_level.txt
reading manifest file 'techman_robot_msgs.egg-info/SOURCES.txt'
writing manifest file 'techman_robot_msgs.egg-info/SOURCES.txt'
[ 32%] [32mBuilding CXX object CMakeFiles/techman_robot_msgs__rosidl_typesupport_c.dir/rosidl_typesupport_c/techman_robot_msgs/srv/techman_robot_command__type_support.cpp.o[0m
[ 32%] Built target ament_cmake_python_build_techman_robot_msgs_egg
[ 35%] [32m[1mLinking C shared library libtechman_robot_msgs__rosidl_typesupport_introspection_c.so[0m
[ 38%] [32m[1mLinking CXX shared library libtechman_robot_msgs__rosidl_typesupport_c.so[0m
[ 41%] Built target techman_robot_msgs__rosidl_typesupport_introspection_c
[ 45%] Built target techman_robot_msgs__rosidl_typesupport_c
[ 48%] [32m[1mLinking CXX shared library libtechman_robot_msgs__rosidl_typesupport_cpp.so[0m
[ 51%] Built target techman_robot_msgs__rosidl_typesupport_cpp
[ 54%] [32m[1mLinking CXX shared library libtechman_robot_msgs__rosidl_typesupport_fastrtps_c.so[0m
[ 58%] [32m[1mLinking CXX shared library libtechman_robot_msgs__rosidl_typesupport_introspection_cpp.so[0m
[ 61%] [32m[1mLinking CXX shared library libtechman_robot_msgs__rosidl_typesupport_fastrtps_cpp.so[0m
[ 64%] Built target techman_robot_msgs__rosidl_typesupport_fastrtps_c
[ 67%] Built target techman_robot_msgs__rosidl_typesupport_introspection_cpp
[ 70%] Built target techman_robot_msgs__rosidl_typesupport_fastrtps_cpp
[ 70%] Built target techman_robot_msgs
[ 74%] Built target techman_robot_msgs__py
[ 77%] [32mBuilding C object CMakeFiles/techman_robot_msgs__rosidl_generator_py.dir/rosidl_generator_py/techman_robot_msgs/srv/_techman_robot_command_s.c.o[0m
[ 80%] [32m[1mLinking C shared library rosidl_generator_py/techman_robot_msgs/libtechman_robot_msgs__rosidl_generator_py.so[0m
[ 80%] Built target techman_robot_msgs__rosidl_generator_py
[ 83%] [32mBuilding C object CMakeFiles/techman_robot_msgs__rosidl_typesupport_fastrtps_c__pyext.dir/rosidl_generator_py/techman_robot_msgs/_techman_robot_msgs_s.ep.rosidl_typesupport_fastrtps_c.c.o[0m
[ 87%] [32mBuilding C object CMakeFiles/techman_robot_msgs__rosidl_typesupport_c__pyext.dir/rosidl_generator_py/techman_robot_msgs/_techman_robot_msgs_s.ep.rosidl_typesupport_c.c.o[0m
[ 90%] [32mBuilding C object CMakeFiles/techman_robot_msgs__rosidl_typesupport_introspection_c__pyext.dir/rosidl_generator_py/techman_robot_msgs/_techman_robot_msgs_s.ep.rosidl_typesupport_introspection_c.c.o[0m
[ 93%] [32m[1mLinking C shared library rosidl_generator_py/techman_robot_msgs/techman_robot_msgs_s__rosidl_typesupport_introspection_c.cpython-310-x86_64-linux-gnu.so[0m
[ 96%] [32m[1mLinking C shared library rosidl_generator_py/techman_robot_msgs/techman_robot_msgs_s__rosidl_typesupport_c.cpython-310-x86_64-linux-gnu.so[0m
[100%] [32m[1mLinking C shared library rosidl_generator_py/techman_robot_msgs/techman_robot_msgs_s__rosidl_typesupport_fastrtps_c.cpython-310-x86_64-linux-gnu.so[0m
[100%] Built target techman_robot_msgs__rosidl_typesupport_introspection_c__pyext
[100%] Built target techman_robot_msgs__rosidl_typesupport_c__pyext
[100%] Built target techman_robot_msgs__rosidl_typesupport_fastrtps_c__pyext
-- Install configuration: ""
-- Up-to-date: /home/rslomron/tm_custom/install/techman_robot_msgs/share/ament_index/resource_index/rosidl_interfaces/techman_robot_msgs
-- Up-to-date: /home/rslomron/tm_custom/install/techman_robot_msgs/include/techman_robot_msgs/techman_robot_msgs
-- Up-to-date: /home/rslomron/tm_custom/install/techman_robot_msgs/include/techman_robot_msgs/techman_robot_msgs/msg
-- Up-to-date: /home/rslomron/tm_custom/install/techman_robot_msgs/include/techman_robot_msgs/techman_robot_msgs/msg/rosidl_generator_c__visibility_control.h
-- Up-to-date: /home/rslomron/tm_custom/install/techman_robot_msgs/include/techman_robot_msgs/techman_robot_msgs/srv
-- Up-to-date: /home/rslomron/tm_custom/install/techman_robot_msgs/include/techman_robot_msgs/techman_robot_msgs/srv/detail
-- Up-to-date: /home/rslomron/tm_custom/install/techman_robot_msgs/include/techman_robot_msgs/techman_robot_msgs/srv/detail/techman_robot_command__type_support.h
-- Up-to-date: /home/rslomron/tm_custom/install/techman_robot_msgs/include/techman_robot_msgs/techman_robot_msgs/srv/detail/techman_robot_command__functions.h
-- Up-to-date: /home/rslomron/tm_custom/install/techman_robot_msgs/include/techman_robot_msgs/techman_robot_msgs/srv/detail/techman_robot_command__functions.c
-- Up-to-date: /home/rslomron/tm_custom/install/techman_robot_msgs/include/techman_robot_msgs/techman_robot_msgs/srv/detail/techman_robot_command__struct.h
-- Up-to-date: /home/rslomron/tm_custom/install/techman_robot_msgs/include/techman_robot_msgs/techman_robot_msgs/srv/techman_robot_command.h
-- Up-to-date: /home/rslomron/tm_custom/install/techman_robot_msgs/share/techman_robot_msgs/environment/library_path.sh
-- Up-to-date: /home/rslomron/tm_custom/install/techman_robot_msgs/share/techman_robot_msgs/environment/library_path.dsv
-- Installing: /home/rslomron/tm_custom/install/techman_robot_msgs/lib/libtechman_robot_msgs__rosidl_generator_c.so
-- Set runtime path of "/home/rslomron/tm_custom/install/techman_robot_msgs/lib/libtechman_robot_msgs__rosidl_generator_c.so" to ""
-- Up-to-date: /home/rslomron/tm_custom/install/techman_robot_msgs/include/techman_robot_msgs/techman_robot_msgs
-- Up-to-date: /home/rslomron/tm_custom/install/techman_robot_msgs/include/techman_robot_msgs/techman_robot_msgs/msg
-- Up-to-date: /home/rslomron/tm_custom/install/techman_robot_msgs/include/techman_robot_msgs/techman_robot_msgs/msg/rosidl_typesupport_fastrtps_c__visibility_control.h
-- Up-to-date: /home/rslomron/tm_custom/install/techman_robot_msgs/include/techman_robot_msgs/techman_robot_msgs/srv
-- Up-to-date: /home/rslomron/tm_custom/install/techman_robot_msgs/include/techman_robot_msgs/techman_robot_msgs/srv/detail
-- Up-to-date: /home/rslomron/tm_custom/install/techman_robot_msgs/include/techman_robot_msgs/techman_robot_msgs/srv/detail/techman_robot_command__rosidl_typesupport_fastrtps_c.h
-- Installing: /home/rslomron/tm_custom/install/techman_robot_msgs/lib/libtechman_robot_msgs__rosidl_typesupport_fastrtps_c.so
-- Set runtime path of "/home/rslomron/tm_custom/install/techman_robot_msgs/lib/libtechman_robot_msgs__rosidl_typesupport_fastrtps_c.so" to ""
-- Up-to-date: /home/rslomron/tm_custom/install/techman_robot_msgs/include/techman_robot_msgs/techman_robot_msgs
-- Up-to-date: /home/rslomron/tm_custom/install/techman_robot_msgs/include/techman_robot_msgs/techman_robot_msgs/msg
-- Up-to-date: /home/rslomron/tm_custom/install/techman_robot_msgs/include/techman_robot_msgs/techman_robot_msgs/msg/rosidl_typesupport_introspection_c__visibility_control.h
-- Up-to-date: /home/rslomron/tm_custom/install/techman_robot_msgs/include/techman_robot_msgs/techman_robot_msgs/srv
-- Up-to-date: /home/rslomron/tm_custom/install/techman_robot_msgs/include/techman_robot_msgs/techman_robot_msgs/srv/detail
-- Up-to-date: /home/rslomron/tm_custom/install/techman_robot_msgs/include/techman_robot_msgs/techman_robot_msgs/srv/detail/techman_robot_command__type_support.c
-- Up-to-date: /home/rslomron/tm_custom/install/techman_robot_msgs/include/techman_robot_msgs/techman_robot_msgs/srv/detail/techman_robot_command__rosidl_typesupport_introspection_c.h
-- Installing: /home/rslomron/tm_custom/install/techman_robot_msgs/lib/libtechman_robot_msgs__rosidl_typesupport_introspection_c.so
-- Set runtime path of "/home/rslomron/tm_custom/install/techman_robot_msgs/lib/libtechman_robot_msgs__rosidl_typesupport_introspection_c.so" to ""
-- Installing: /home/rslomron/tm_custom/install/techman_robot_msgs/lib/libtechman_robot_msgs__rosidl_typesupport_c.so
-- Set runtime path of "/home/rslomron/tm_custom/install/techman_robot_msgs/lib/libtechman_robot_msgs__rosidl_typesupport_c.so" to ""
-- Up-to-date: /home/rslomron/tm_custom/install/techman_robot_msgs/include/techman_robot_msgs/techman_robot_msgs
-- Up-to-date: /home/rslomron/tm_custom/install/techman_robot_msgs/include/techman_robot_msgs/techman_robot_msgs/srv
-- Up-to-date: /home/rslomron/tm_custom/install/techman_robot_msgs/include/techman_robot_msgs/techman_robot_msgs/srv/detail
-- Up-to-date: /home/rslomron/tm_custom/install/techman_robot_msgs/include/techman_robot_msgs/techman_robot_msgs/srv/detail/techman_robot_command__struct.hpp
-- Up-to-date: /home/rslomron/tm_custom/install/techman_robot_msgs/include/techman_robot_msgs/techman_robot_msgs/srv/detail/techman_robot_command__builder.hpp
-- Up-to-date: /home/rslomron/tm_custom/install/techman_robot_msgs/include/techman_robot_msgs/techman_robot_msgs/srv/detail/techman_robot_command__traits.hpp
-- Up-to-date: /home/rslomron/tm_custom/install/techman_robot_msgs/include/techman_robot_msgs/techman_robot_msgs/srv/techman_robot_command.hpp
-- Up-to-date: /home/rslomron/tm_custom/install/techman_robot_msgs/include/techman_robot_msgs/techman_robot_msgs
-- Up-to-date: /home/rslomron/tm_custom/install/techman_robot_msgs/include/techman_robot_msgs/techman_robot_msgs/msg
-- Up-to-date: /home/rslomron/tm_custom/install/techman_robot_msgs/include/techman_robot_msgs/techman_robot_msgs/msg/rosidl_typesupport_fastrtps_cpp__visibility_control.h
-- Up-to-date: /home/rslomron/tm_custom/install/techman_robot_msgs/include/techman_robot_msgs/techman_robot_msgs/srv
-- Up-to-date: /home/rslomron/tm_custom/install/techman_robot_msgs/include/techman_robot_msgs/techman_robot_msgs/srv/detail
-- Up-to-date: /home/rslomron/tm_custom/install/techman_robot_msgs/include/techman_robot_msgs/techman_robot_msgs/srv/detail/dds_fastrtps
-- Up-to-date: /home/rslomron/tm_custom/install/techman_robot_msgs/include/techman_robot_msgs/techman_robot_msgs/srv/detail/techman_robot_command__rosidl_typesupport_fastrtps_cpp.hpp
-- Installing: /home/rslomron/tm_custom/install/techman_robot_msgs/lib/libtechman_robot_msgs__rosidl_typesupport_fastrtps_cpp.so
-- Set runtime path of "/home/rslomron/tm_custom/install/techman_robot_msgs/lib/libtechman_robot_msgs__rosidl_typesupport_fastrtps_cpp.so" to ""
-- Up-to-date: /home/rslomron/tm_custom/install/techman_robot_msgs/include/techman_robot_msgs/techman_robot_msgs
-- Up-to-date: /home/rslomron/tm_custom/install/techman_robot_msgs/include/techman_robot_msgs/techman_robot_msgs/srv
-- Up-to-date: /home/rslomron/tm_custom/install/techman_robot_msgs/include/techman_robot_msgs/techman_robot_msgs/srv/detail
-- Up-to-date: /home/rslomron/tm_custom/install/techman_robot_msgs/include/techman_robot_msgs/techman_robot_msgs/srv/detail/techman_robot_command__type_support.cpp
-- Up-to-date: /home/rslomron/tm_custom/install/techman_robot_msgs/include/techman_robot_msgs/techman_robot_msgs/srv/detail/techman_robot_command__rosidl_typesupport_introspection_cpp.hpp
-- Installing: /home/rslomron/tm_custom/install/techman_robot_msgs/lib/libtechman_robot_msgs__rosidl_typesupport_introspection_cpp.so
-- Set runtime path of "/home/rslomron/tm_custom/install/techman_robot_msgs/lib/libtechman_robot_msgs__rosidl_typesupport_introspection_cpp.so" to ""
-- Installing: /home/rslomron/tm_custom/install/techman_robot_msgs/lib/libtechman_robot_msgs__rosidl_typesupport_cpp.so
-- Set runtime path of "/home/rslomron/tm_custom/install/techman_robot_msgs/lib/libtechman_robot_msgs__rosidl_typesupport_cpp.so" to ""
-- Up-to-date: /home/rslomron/tm_custom/install/techman_robot_msgs/share/techman_robot_msgs/environment/pythonpath.sh
-- Up-to-date: /home/rslomron/tm_custom/install/techman_robot_msgs/share/techman_robot_msgs/environment/pythonpath.dsv
-- Up-to-date: /home/rslomron/tm_custom/install/techman_robot_msgs/local/lib/python3.10/dist-packages/techman_robot_msgs-1.0.0-py3.10.egg-info
-- Installing: /home/rslomron/tm_custom/install/techman_robot_msgs/local/lib/python3.10/dist-packages/techman_robot_msgs-1.0.0-py3.10.egg-info/top_level.txt
-- Installing: /home/rslomron/tm_custom/install/techman_robot_msgs/local/lib/python3.10/dist-packages/techman_robot_msgs-1.0.0-py3.10.egg-info/PKG-INFO
-- Installing: /home/rslomron/tm_custom/install/techman_robot_msgs/local/lib/python3.10/dist-packages/techman_robot_msgs-1.0.0-py3.10.egg-info/dependency_links.txt
-- Installing: /home/rslomron/tm_custom/install/techman_robot_msgs/local/lib/python3.10/dist-packages/techman_robot_msgs-1.0.0-py3.10.egg-info/SOURCES.txt
-- Up-to-date: /home/rslomron/tm_custom/install/techman_robot_msgs/local/lib/python3.10/dist-packages/techman_robot_msgs
-- Installing: /home/rslomron/tm_custom/install/techman_robot_msgs/local/lib/python3.10/dist-packages/techman_robot_msgs/libtechman_robot_msgs__rosidl_generator_py.so
-- Up-to-date: /home/rslomron/tm_custom/install/techman_robot_msgs/local/lib/python3.10/dist-packages/techman_robot_msgs/_techman_robot_msgs_s.ep.rosidl_typesupport_introspection_c.c
-- Installing: /home/rslomron/tm_custom/install/techman_robot_msgs/local/lib/python3.10/dist-packages/techman_robot_msgs/techman_robot_msgs_s__rosidl_typesupport_c.cpython-310-x86_64-linux-gnu.so
-- Up-to-date: /home/rslomron/tm_custom/install/techman_robot_msgs/local/lib/python3.10/dist-packages/techman_robot_msgs/__init__.py
-- Up-to-date: /home/rslomron/tm_custom/install/techman_robot_msgs/local/lib/python3.10/dist-packages/techman_robot_msgs/srv
-- Up-to-date: /home/rslomron/tm_custom/install/techman_robot_msgs/local/lib/python3.10/dist-packages/techman_robot_msgs/srv/_techman_robot_command.py
-- Up-to-date: /home/rslomron/tm_custom/install/techman_robot_msgs/local/lib/python3.10/dist-packages/techman_robot_msgs/srv/_techman_robot_command_s.c
-- Up-to-date: /home/rslomron/tm_custom/install/techman_robot_msgs/local/lib/python3.10/dist-packages/techman_robot_msgs/srv/__init__.py
-- Up-to-date: /home/rslomron/tm_custom/install/techman_robot_msgs/local/lib/python3.10/dist-packages/techman_robot_msgs/_techman_robot_msgs_s.ep.rosidl_typesupport_c.c
-- Up-to-date: /home/rslomron/tm_custom/install/techman_robot_msgs/local/lib/python3.10/dist-packages/techman_robot_msgs/_techman_robot_msgs_s.ep.rosidl_typesupport_fastrtps_c.c
-- Installing: /home/rslomron/tm_custom/install/techman_robot_msgs/local/lib/python3.10/dist-packages/techman_robot_msgs/techman_robot_msgs_s__rosidl_typesupport_fastrtps_c.cpython-310-x86_64-linux-gnu.so
-- Installing: /home/rslomron/tm_custom/install/techman_robot_msgs/local/lib/python3.10/dist-packages/techman_robot_msgs/techman_robot_msgs_s__rosidl_typesupport_introspection_c.cpython-310-x86_64-linux-gnu.so
Listing '/home/rslomron/tm_custom/install/techman_robot_msgs/local/lib/python3.10/dist-packages/techman_robot_msgs'...
Listing '/home/rslomron/tm_custom/install/techman_robot_msgs/local/lib/python3.10/dist-packages/techman_robot_msgs/srv'...
-- Installing: /home/rslomron/tm_custom/install/techman_robot_msgs/local/lib/python3.10/dist-packages/techman_robot_msgs/techman_robot_msgs_s__rosidl_typesupport_fastrtps_c.cpython-310-x86_64-linux-gnu.so
-- Set runtime path of "/home/rslomron/tm_custom/install/techman_robot_msgs/local/lib/python3.10/dist-packages/techman_robot_msgs/techman_robot_msgs_s__rosidl_typesupport_fastrtps_c.cpython-310-x86_64-linux-gnu.so" to ""
-- Installing: /home/rslomron/tm_custom/install/techman_robot_msgs/local/lib/python3.10/dist-packages/techman_robot_msgs/techman_robot_msgs_s__rosidl_typesupport_introspection_c.cpython-310-x86_64-linux-gnu.so
-- Set runtime path of "/home/rslomron/tm_custom/install/techman_robot_msgs/local/lib/python3.10/dist-packages/techman_robot_msgs/techman_robot_msgs_s__rosidl_typesupport_introspection_c.cpython-310-x86_64-linux-gnu.so" to ""
-- Installing: /home/rslomron/tm_custom/install/techman_robot_msgs/local/lib/python3.10/dist-packages/techman_robot_msgs/techman_robot_msgs_s__rosidl_typesupport_c.cpython-310-x86_64-linux-gnu.so
-- Set runtime path of "/home/rslomron/tm_custom/install/techman_robot_msgs/local/lib/python3.10/dist-packages/techman_robot_msgs/techman_robot_msgs_s__rosidl_typesupport_c.cpython-310-x86_64-linux-gnu.so" to ""
-- Installing: /home/rslomron/tm_custom/install/techman_robot_msgs/lib/libtechman_robot_msgs__rosidl_generator_py.so
-- Set runtime path of "/home/rslomron/tm_custom/install/techman_robot_msgs/lib/libtechman_robot_msgs__rosidl_generator_py.so" to ""
-- Up-to-date: /home/rslomron/tm_custom/install/techman_robot_msgs/share/techman_robot_msgs/srv/TechmanRobotCommand.idl
-- Up-to-date: /home/rslomron/tm_custom/install/techman_robot_msgs/share/techman_robot_msgs/srv/TechmanRobotCommand.srv
-- Up-to-date: /home/rslomron/tm_custom/install/techman_robot_msgs/share/techman_robot_msgs/srv/TechmanRobotCommand_Request.msg
-- Up-to-date: /home/rslomron/tm_custom/install/techman_robot_msgs/share/techman_robot_msgs/srv/TechmanRobotCommand_Response.msg
-- Up-to-date: /home/rslomron/tm_custom/install/techman_robot_msgs/share/ament_index/resource_index/package_run_dependencies/techman_robot_msgs
-- Up-to-date: /home/rslomron/tm_custom/install/techman_robot_msgs/share/ament_index/resource_index/parent_prefix_path/techman_robot_msgs
-- Up-to-date: /home/rslomron/tm_custom/install/techman_robot_msgs/share/techman_robot_msgs/environment/ament_prefix_path.sh
-- Up-to-date: /home/rslomron/tm_custom/install/techman_robot_msgs/share/techman_robot_msgs/environment/ament_prefix_path.dsv
-- Up-to-date: /home/rslomron/tm_custom/install/techman_robot_msgs/share/techman_robot_msgs/environment/path.sh
-- Up-to-date: /home/rslomron/tm_custom/install/techman_robot_msgs/share/techman_robot_msgs/environment/path.dsv
-- Up-to-date: /home/rslomron/tm_custom/install/techman_robot_msgs/share/techman_robot_msgs/local_setup.bash
-- Up-to-date: /home/rslomron/tm_custom/install/techman_robot_msgs/share/techman_robot_msgs/local_setup.sh
-- Up-to-date: /home/rslomron/tm_custom/install/techman_robot_msgs/share/techman_robot_msgs/local_setup.zsh
-- Up-to-date: /home/rslomron/tm_custom/install/techman_robot_msgs/share/techman_robot_msgs/local_setup.dsv
-- Installing: /home/rslomron/tm_custom/install/techman_robot_msgs/share/techman_robot_msgs/package.dsv
-- Up-to-date: /home/rslomron/tm_custom/install/techman_robot_msgs/share/ament_index/resource_index/packages/techman_robot_msgs
-- Up-to-date: /home/rslomron/tm_custom/install/techman_robot_msgs/share/techman_robot_msgs/cmake/export_techman_robot_msgs__rosidl_generator_cExport.cmake
-- Up-to-date: /home/rslomron/tm_custom/install/techman_robot_msgs/share/techman_robot_msgs/cmake/export_techman_robot_msgs__rosidl_generator_cExport-noconfig.cmake
-- Up-to-date: /home/rslomron/tm_custom/install/techman_robot_msgs/share/techman_robot_msgs/cmake/export_techman_robot_msgs__rosidl_typesupport_fastrtps_cExport.cmake
-- Up-to-date: /home/rslomron/tm_custom/install/techman_robot_msgs/share/techman_robot_msgs/cmake/export_techman_robot_msgs__rosidl_typesupport_fastrtps_cExport-noconfig.cmake
-- Up-to-date: /home/rslomron/tm_custom/install/techman_robot_msgs/share/techman_robot_msgs/cmake/techman_robot_msgs__rosidl_typesupport_introspection_cExport.cmake
-- Up-to-date: /home/rslomron/tm_custom/install/techman_robot_msgs/share/techman_robot_msgs/cmake/techman_robot_msgs__rosidl_typesupport_introspection_cExport-noconfig.cmake
-- Up-to-date: /home/rslomron/tm_custom/install/techman_robot_msgs/share/techman_robot_msgs/cmake/techman_robot_msgs__rosidl_typesupport_cExport.cmake
-- Up-to-date: /home/rslomron/tm_custom/install/techman_robot_msgs/share/techman_robot_msgs/cmake/techman_robot_msgs__rosidl_typesupport_cExport-noconfig.cmake
-- Up-to-date: /home/rslomron/tm_custom/install/techman_robot_msgs/share/techman_robot_msgs/cmake/export_techman_robot_msgs__rosidl_generator_cppExport.cmake
-- Up-to-date: /home/rslomron/tm_custom/install/techman_robot_msgs/share/techman_robot_msgs/cmake/export_techman_robot_msgs__rosidl_typesupport_fastrtps_cppExport.cmake
-- Up-to-date: /home/rslomron/tm_custom/install/techman_robot_msgs/share/techman_robot_msgs/cmake/export_techman_robot_msgs__rosidl_typesupport_fastrtps_cppExport-noconfig.cmake
-- Up-to-date: /home/rslomron/tm_custom/install/techman_robot_msgs/share/techman_robot_msgs/cmake/techman_robot_msgs__rosidl_typesupport_introspection_cppExport.cmake
-- Up-to-date: /home/rslomron/tm_custom/install/techman_robot_msgs/share/techman_robot_msgs/cmake/techman_robot_msgs__rosidl_typesupport_introspection_cppExport-noconfig.cmake
-- Up-to-date: /home/rslomron/tm_custom/install/techman_robot_msgs/share/techman_robot_msgs/cmake/techman_robot_msgs__rosidl_typesupport_cppExport.cmake
-- Up-to-date: /home/rslomron/tm_custom/install/techman_robot_msgs/share/techman_robot_msgs/cmake/techman_robot_msgs__rosidl_typesupport_cppExport-noconfig.cmake
-- Up-to-date: /home/rslomron/tm_custom/install/techman_robot_msgs/share/techman_robot_msgs/cmake/export_techman_robot_msgs__rosidl_generator_pyExport.cmake
-- Up-to-date: /home/rslomron/tm_custom/install/techman_robot_msgs/share/techman_robot_msgs/cmake/export_techman_robot_msgs__rosidl_generator_pyExport-noconfig.cmake
-- Up-to-date: /home/rslomron/tm_custom/install/techman_robot_msgs/share/techman_robot_msgs/cmake/rosidl_cmake-extras.cmake
-- Up-to-date: /home/rslomron/tm_custom/install/techman_robot_msgs/share/techman_robot_msgs/cmake/ament_cmake_export_include_directories-extras.cmake
-- Up-to-date: /home/rslomron/tm_custom/install/techman_robot_msgs/share/techman_robot_msgs/cmake/ament_cmake_export_libraries-extras.cmake
-- Up-to-date: /home/rslomron/tm_custom/install/techman_robot_msgs/share/techman_robot_msgs/cmake/ament_cmake_export_targets-extras.cmake
-- Up-to-date: /home/rslomron/tm_custom/install/techman_robot_msgs/share/techman_robot_msgs/cmake/rosidl_cmake_export_typesupport_targets-extras.cmake
-- Up-to-date: /home/rslomron/tm_custom/install/techman_robot_msgs/share/techman_robot_msgs/cmake/ament_cmake_export_dependencies-extras.cmake
-- Up-to-date: /home/rslomron/tm_custom/install/techman_robot_msgs/share/techman_robot_msgs/cmake/rosidl_cmake_export_typesupport_libraries-extras.cmake
-- Up-to-date: /home/rslomron/tm_custom/install/techman_robot_msgs/share/techman_robot_msgs/cmake/techman_robot_msgsConfig.cmake
-- Up-to-date: /home/rslomron/tm_custom/install/techman_robot_msgs/share/techman_robot_msgs/cmake/techman_robot_msgsConfig-version.cmake
-- Up-to-date: /home/rslomron/tm_custom/install/techman_robot_msgs/share/techman_robot_msgs/package.xml
