[2.313s] Invoking command in '/home/rslomron/MoMa/tm_custom/src/python_demo': PYTHONPATH=/home/rslomron/MoMa/tm_custom/build/python_demo/prefix_override:/home/rslomron/MoMa/tm_custom/install/python_demo/lib/python3.10/site-packages:${PYTHONPATH} /usr/bin/python3 -W ignore:setup.py install is deprecated setup.py egg_info --egg-base ../../build/python_demo build --build-base /home/rslomron/MoMa/tm_custom/build/python_demo/build install --record /home/rslomron/MoMa/tm_custom/build/python_demo/install.log --single-version-externally-managed install_data
[2.895s] running egg_info
[2.896s] writing ../../build/python_demo/python_demo.egg-info/PKG-INFO
[2.897s] writing dependency_links to ../../build/python_demo/python_demo.egg-info/dependency_links.txt
[2.899s] writing entry points to ../../build/python_demo/python_demo.egg-info/entry_points.txt
[2.899s] writing requirements to ../../build/python_demo/python_demo.egg-info/requires.txt
[2.899s] writing top-level names to ../../build/python_demo/python_demo.egg-info/top_level.txt
[2.900s] reading manifest file '../../build/python_demo/python_demo.egg-info/SOURCES.txt'
[2.902s] writing manifest file '../../build/python_demo/python_demo.egg-info/SOURCES.txt'
[2.902s] running build
[2.902s] running build_py
[2.903s] copying python_demo/testes.py -> /home/rslomron/MoMa/tm_custom/build/python_demo/build/lib/python_demo
[2.903s] running install
[2.904s] running install_lib
[2.905s] copying /home/rslomron/MoMa/tm_custom/build/python_demo/build/lib/python_demo/testes.py -> /home/rslomron/MoMa/tm_custom/install/python_demo/lib/python3.10/site-packages/python_demo
[2.906s] byte-compiling /home/rslomron/MoMa/tm_custom/install/python_demo/lib/python3.10/site-packages/python_demo/testes.py to testes.cpython-310.pyc
[2.907s] running install_data
[2.907s] running install_egg_info
[2.914s] removing '/home/rslomron/MoMa/tm_custom/install/python_demo/lib/python3.10/site-packages/python_demo-0.0.0-py3.10.egg-info' (and everything under it)
[2.914s] Copying ../../build/python_demo/python_demo.egg-info to /home/rslomron/MoMa/tm_custom/install/python_demo/lib/python3.10/site-packages/python_demo-0.0.0-py3.10.egg-info
[2.914s] running install_scripts
[2.934s] Installing testes script to /home/rslomron/MoMa/tm_custom/install/python_demo/lib/python_demo
[2.935s] writing list of installed files to '/home/rslomron/MoMa/tm_custom/build/python_demo/install.log'
[2.970s] Invoked command in '/home/rslomron/MoMa/tm_custom/src/python_demo' returned '0': PYTHONPATH=/home/rslomron/MoMa/tm_custom/build/python_demo/prefix_override:/home/rslomron/MoMa/tm_custom/install/python_demo/lib/python3.10/site-packages:${PYTHONPATH} /usr/bin/python3 -W ignore:setup.py install is deprecated setup.py egg_info --egg-base ../../build/python_demo build --build-base /home/rslomron/MoMa/tm_custom/build/python_demo/build install --record /home/rslomron/MoMa/tm_custom/build/python_demo/install.log --single-version-externally-managed install_data
