[0.041s] Invoking command in '/home/rslomron/MoMa/tm_custom/build/tm_description': CMAKE_PREFIX_PATH=/opt/ros/humble /usr/bin/cmake --build /home/rslomron/MoMa/tm_custom/build/tm_description -- -j8 -l8
[2.438s] Invoked command in '/home/rslomron/MoMa/tm_custom/build/tm_description' returned '0': CMAKE_PREFIX_PATH=/opt/ros/humble /usr/bin/cmake --build /home/rslomron/MoMa/tm_custom/build/tm_description -- -j8 -l8
[2.519s] Invoking command in '/home/rslomron/MoMa/tm_custom/build/tm_description': CMAKE_PREFIX_PATH=/opt/ros/humble /usr/bin/cmake --install /home/rslomron/MoMa/tm_custom/build/tm_description
[2.533s] -- Install configuration: ""
[2.533s] -- Installing: /home/rslomron/MoMa/tm_custom/install/tm_description/share/ament_index/resource_index/package_run_dependencies/tm_description
[2.533s] -- Installing: /home/rslomron/MoMa/tm_custom/install/tm_description/share/ament_index/resource_index/parent_prefix_path/tm_description
[2.534s] -- Installing: /home/rslomron/MoMa/tm_custom/install/tm_description/share/tm_description/environment/ament_prefix_path.sh
[2.535s] -- Installing: /home/rslomron/MoMa/tm_custom/install/tm_description/share/tm_description/environment/ament_prefix_path.dsv
[2.535s] -- Installing: /home/rslomron/MoMa/tm_custom/install/tm_description/share/tm_description/environment/path.sh
[2.536s] -- Installing: /home/rslomron/MoMa/tm_custom/install/tm_description/share/tm_description/environment/path.dsv
[2.537s] -- Installing: /home/rslomron/MoMa/tm_custom/install/tm_description/share/tm_description/local_setup.bash
[2.537s] -- Installing: /home/rslomron/MoMa/tm_custom/install/tm_description/share/tm_description/local_setup.sh
[2.538s] -- Installing: /home/rslomron/MoMa/tm_custom/install/tm_description/share/tm_description/local_setup.zsh
[2.538s] -- Installing: /home/rslomron/MoMa/tm_custom/install/tm_description/share/tm_description/local_setup.dsv
[2.539s] -- Installing: /home/rslomron/MoMa/tm_custom/install/tm_description/share/tm_description/package.dsv
[2.540s] -- Installing: /home/rslomron/MoMa/tm_custom/install/tm_description/share/ament_index/resource_index/packages/tm_description
[2.541s] -- Installing: /home/rslomron/MoMa/tm_custom/install/tm_description/share/tm_description/cmake/tm_descriptionConfig.cmake
[2.541s] -- Installing: /home/rslomron/MoMa/tm_custom/install/tm_description/share/tm_description/cmake/tm_descriptionConfig-version.cmake
[2.542s] -- Installing: /home/rslomron/MoMa/tm_custom/install/tm_description/share/tm_description/package.xml
[2.542s] -- Installing: /home/rslomron/MoMa/tm_custom/install/tm_description/share/tm_description/meshes
[2.543s] -- Installing: /home/rslomron/MoMa/tm_custom/install/tm_description/share/tm_description/meshes/tm5-700
[2.543s] -- Installing: /home/rslomron/MoMa/tm_custom/install/tm_description/share/tm_description/meshes/tm5-700/collision
[2.543s] -- Installing: /home/rslomron/MoMa/tm_custom/install/tm_description/share/tm_description/meshes/tm5-700/collision/tm5-700_arm2_c.stl
[2.544s] -- Installing: /home/rslomron/MoMa/tm_custom/install/tm_description/share/tm_description/meshes/tm5-700/collision/tm5-700_arm1_c.stl
[2.545s] -- Installing: /home/rslomron/MoMa/tm_custom/install/tm_description/share/tm_description/meshes/tm5-700/visual
[2.545s] -- Installing: /home/rslomron/MoMa/tm_custom/install/tm_description/share/tm_description/meshes/tm5-700/visual/tm5-700_arm1.stl
[2.576s] -- Installing: /home/rslomron/MoMa/tm_custom/install/tm_description/share/tm_description/meshes/tm5-700/visual/tm5-700_arm1.mtl
[2.580s] -- Installing: /home/rslomron/MoMa/tm_custom/install/tm_description/share/tm_description/meshes/tm5-700/visual/tm5-700_arm2.stl
[2.593s] -- Installing: /home/rslomron/MoMa/tm_custom/install/tm_description/share/tm_description/meshes/tm5-700/visual/tm5-700_arm1.obj
[2.622s] -- Installing: /home/rslomron/MoMa/tm_custom/install/tm_description/share/tm_description/meshes/tm5-700/visual/tm5-700_arm2.obj
[2.642s] -- Installing: /home/rslomron/MoMa/tm_custom/install/tm_description/share/tm_description/meshes/tm5-700/visual/tm5-700_arm2.mtl
[2.643s] -- Installing: /home/rslomron/MoMa/tm_custom/install/tm_description/share/tm_description/meshes/tm12
[2.643s] -- Installing: /home/rslomron/MoMa/tm_custom/install/tm_description/share/tm_description/meshes/tm12/collision
[2.644s] -- Installing: /home/rslomron/MoMa/tm_custom/install/tm_description/share/tm_description/meshes/tm12/collision/tm12-arm1_c.stl
[2.645s] -- Installing: /home/rslomron/MoMa/tm_custom/install/tm_description/share/tm_description/meshes/tm12/collision/tmr_750w_01_c.stl
[2.647s] -- Installing: /home/rslomron/MoMa/tm_custom/install/tm_description/share/tm_description/meshes/tm12/collision/tm12-base_c.stl
[2.648s] -- Installing: /home/rslomron/MoMa/tm_custom/install/tm_description/share/tm_description/meshes/tm12/collision/tm12-arm2_c.stl
[2.649s] -- Installing: /home/rslomron/MoMa/tm_custom/install/tm_description/share/tm_description/meshes/tm12/visual
[2.649s] -- Installing: /home/rslomron/MoMa/tm_custom/install/tm_description/share/tm_description/meshes/tm12/visual/tm12-arm1.mtl
[2.650s] -- Installing: /home/rslomron/MoMa/tm_custom/install/tm_description/share/tm_description/meshes/tm12/visual/tm12-base.mtl
[2.650s] -- Installing: /home/rslomron/MoMa/tm_custom/install/tm_description/share/tm_description/meshes/tm12/visual/tm12-base.obj
[2.655s] -- Installing: /home/rslomron/MoMa/tm_custom/install/tm_description/share/tm_description/meshes/tm12/visual/tm12-base.stl
[2.658s] -- Installing: /home/rslomron/MoMa/tm_custom/install/tm_description/share/tm_description/meshes/tm12/visual/tm12-arm2.stl
[2.663s] -- Installing: /home/rslomron/MoMa/tm_custom/install/tm_description/share/tm_description/meshes/tm12/visual/tm12-arm2.obj
[2.680s] -- Installing: /home/rslomron/MoMa/tm_custom/install/tm_description/share/tm_description/meshes/tm12/visual/tm12-arm2.mtl
[2.681s] -- Installing: /home/rslomron/MoMa/tm_custom/install/tm_description/share/tm_description/meshes/tm12/visual/tmr_750w_01.obj
[2.709s] -- Installing: /home/rslomron/MoMa/tm_custom/install/tm_description/share/tm_description/meshes/tm12/visual/tm12-arm1.stl
[2.724s] -- Installing: /home/rslomron/MoMa/tm_custom/install/tm_description/share/tm_description/meshes/tm12/visual/tm12-arm1.obj
[2.761s] -- Installing: /home/rslomron/MoMa/tm_custom/install/tm_description/share/tm_description/meshes/tm12/visual/tmr_750w_01.stl
[2.780s] -- Installing: /home/rslomron/MoMa/tm_custom/install/tm_description/share/tm_description/meshes/tm12/visual/tmr_750w_01.mtl
[2.783s] -- Installing: /home/rslomron/MoMa/tm_custom/install/tm_description/share/tm_description/meshes/tm5-900
[2.784s] -- Installing: /home/rslomron/MoMa/tm_custom/install/tm_description/share/tm_description/meshes/tm5-900/collision
[2.784s] -- Installing: /home/rslomron/MoMa/tm_custom/install/tm_description/share/tm_description/meshes/tm5-900/collision/tm5-900_arm1_c.stl
[2.785s] -- Installing: /home/rslomron/MoMa/tm_custom/install/tm_description/share/tm_description/meshes/tm5-900/collision/tmr_400w_01_c.stl
[2.785s] -- Installing: /home/rslomron/MoMa/tm_custom/install/tm_description/share/tm_description/meshes/tm5-900/collision/tmr_iox_c.stl
[2.787s] -- Installing: /home/rslomron/MoMa/tm_custom/install/tm_description/share/tm_description/meshes/tm5-900/collision/tmr_100w_01_c.stl
[2.788s] -- Installing: /home/rslomron/MoMa/tm_custom/install/tm_description/share/tm_description/meshes/tm5-900/collision/tm5-900_arm2_c.stl
[2.790s] -- Installing: /home/rslomron/MoMa/tm_custom/install/tm_description/share/tm_description/meshes/tm5-900/collision/tmr_100w_02_c.stl
[2.801s] -- Installing: /home/rslomron/MoMa/tm_custom/install/tm_description/share/tm_description/meshes/tm5-900/collision/tmr_ee_c.stl
[2.828s] -- Installing: /home/rslomron/MoMa/tm_custom/install/tm_description/share/tm_description/meshes/tm5-900/collision/tm5-base_c.stl
[2.842s] -- Installing: /home/rslomron/MoMa/tm_custom/install/tm_description/share/tm_description/meshes/tm5-900/visual
[2.842s] -- Installing: /home/rslomron/MoMa/tm_custom/install/tm_description/share/tm_description/meshes/tm5-900/visual/tmr_100w_02.stl
[2.842s] -- Installing: /home/rslomron/MoMa/tm_custom/install/tm_description/share/tm_description/meshes/tm5-900/visual/tmr_100w_02.mtl
[2.842s] -- Installing: /home/rslomron/MoMa/tm_custom/install/tm_description/share/tm_description/meshes/tm5-900/visual/tmr_100w_01.obj
[2.869s] -- Installing: /home/rslomron/MoMa/tm_custom/install/tm_description/share/tm_description/meshes/tm5-900/visual/tmr_iox.stl
[2.879s] -- Installing: /home/rslomron/MoMa/tm_custom/install/tm_description/share/tm_description/meshes/tm5-900/visual/tmr_100w_01.stl
[2.888s] -- Installing: /home/rslomron/MoMa/tm_custom/install/tm_description/share/tm_description/meshes/tm5-900/visual/tmr_400w_01.stl
[2.892s] -- Installing: /home/rslomron/MoMa/tm_custom/install/tm_description/share/tm_description/meshes/tm5-900/visual/tmr_ee.mtl
[2.892s] -- Installing: /home/rslomron/MoMa/tm_custom/install/tm_description/share/tm_description/meshes/tm5-900/visual/tmr_400w_01.obj
[2.929s] -- Installing: /home/rslomron/MoMa/tm_custom/install/tm_description/share/tm_description/meshes/tm5-900/visual/tm5-900_arm1.stl
[2.929s] -- Installing: /home/rslomron/MoMa/tm_custom/install/tm_description/share/tm_description/meshes/tm5-900/visual/tmr_100w_02.obj
[2.937s] -- Installing: /home/rslomron/MoMa/tm_custom/install/tm_description/share/tm_description/meshes/tm5-900/visual/tm5-900_arm1.mtl
[2.938s] -- Installing: /home/rslomron/MoMa/tm_custom/install/tm_description/share/tm_description/meshes/tm5-900/visual/tm5-900_arm2.stl
[2.942s] -- Installing: /home/rslomron/MoMa/tm_custom/install/tm_description/share/tm_description/meshes/tm5-900/visual/tm5-base.stl
[2.944s] -- Installing: /home/rslomron/MoMa/tm_custom/install/tm_description/share/tm_description/meshes/tm5-900/visual/tmr_400w_01.mtl
[2.945s] -- Installing: /home/rslomron/MoMa/tm_custom/install/tm_description/share/tm_description/meshes/tm5-900/visual/tm5-base.mtl
[2.945s] -- Installing: /home/rslomron/MoMa/tm_custom/install/tm_description/share/tm_description/meshes/tm5-900/visual/tm5-900_arm2.mtl
[2.946s] -- Installing: /home/rslomron/MoMa/tm_custom/install/tm_description/share/tm_description/meshes/tm5-900/visual/tmr_ee.stl
[2.953s] -- Installing: /home/rslomron/MoMa/tm_custom/install/tm_description/share/tm_description/meshes/tm5-900/visual/tmr_iox.obj
[2.968s] -- Installing: /home/rslomron/MoMa/tm_custom/install/tm_description/share/tm_description/meshes/tm5-900/visual/tm5-base.obj
[2.974s] -- Installing: /home/rslomron/MoMa/tm_custom/install/tm_description/share/tm_description/meshes/tm5-900/visual/tmr_ee.obj
[2.996s] -- Installing: /home/rslomron/MoMa/tm_custom/install/tm_description/share/tm_description/meshes/tm5-900/visual/tmr_100w_01.mtl
[2.997s] -- Installing: /home/rslomron/MoMa/tm_custom/install/tm_description/share/tm_description/meshes/tm5-900/visual/tmr_iox.mtl
[2.997s] -- Installing: /home/rslomron/MoMa/tm_custom/install/tm_description/share/tm_description/meshes/tm5-900/visual/tm5-900_arm1.obj
[3.015s] -- Installing: /home/rslomron/MoMa/tm_custom/install/tm_description/share/tm_description/meshes/tm5-900/visual/tm5-900_arm2.obj
[3.025s] -- Installing: /home/rslomron/MoMa/tm_custom/install/tm_description/share/tm_description/meshes/tm14
[3.025s] -- Installing: /home/rslomron/MoMa/tm_custom/install/tm_description/share/tm_description/meshes/tm14/collision
[3.025s] -- Installing: /home/rslomron/MoMa/tm_custom/install/tm_description/share/tm_description/meshes/tm14/collision/tm14_arm1_c.stl
[3.025s] -- Installing: /home/rslomron/MoMa/tm_custom/install/tm_description/share/tm_description/meshes/tm14/collision/tm14_arm2_c.stl
[3.027s] -- Installing: /home/rslomron/MoMa/tm_custom/install/tm_description/share/tm_description/meshes/tm14/visual
[3.027s] -- Installing: /home/rslomron/MoMa/tm_custom/install/tm_description/share/tm_description/meshes/tm14/visual/tm14_arm2.mtl
[3.027s] -- Installing: /home/rslomron/MoMa/tm_custom/install/tm_description/share/tm_description/meshes/tm14/visual/tm14_arm2.stl
[3.031s] -- Installing: /home/rslomron/MoMa/tm_custom/install/tm_description/share/tm_description/meshes/tm14/visual/tm14_arm1.obj
[3.053s] -- Installing: /home/rslomron/MoMa/tm_custom/install/tm_description/share/tm_description/meshes/tm14/visual/tm14_arm2.obj
[3.062s] -- Installing: /home/rslomron/MoMa/tm_custom/install/tm_description/share/tm_description/meshes/tm14/visual/tm14_arm1.stl
[3.067s] -- Installing: /home/rslomron/MoMa/tm_custom/install/tm_description/share/tm_description/meshes/tm14/visual/tm14_arm1.mtl
[3.068s] -- Installing: /home/rslomron/MoMa/tm_custom/install/tm_description/share/tm_description/urdf
[3.068s] -- Installing: /home/rslomron/MoMa/tm_custom/install/tm_description/share/tm_description/urdf/tm14x-nominal.urdf
[3.068s] -- Installing: /home/rslomron/MoMa/tm_custom/install/tm_description/share/tm_description/urdf/tm12x-nominal.urdf
[3.068s] -- Installing: /home/rslomron/MoMa/tm_custom/install/tm_description/share/tm_description/urdf/tm5-700-nominal.urdf
[3.072s] -- Installing: /home/rslomron/MoMa/tm_custom/install/tm_description/share/tm_description/urdf/tm5x-900-nominal.urdf
[3.072s] -- Installing: /home/rslomron/MoMa/tm_custom/install/tm_description/share/tm_description/urdf/tm5x-700-nominal.urdf
[3.072s] -- Installing: /home/rslomron/MoMa/tm_custom/install/tm_description/share/tm_description/urdf/tm12-nominal.urdf
[3.072s] -- Installing: /home/rslomron/MoMa/tm_custom/install/tm_description/share/tm_description/urdf/tm5-900-nominal.urdf
[3.072s] -- Installing: /home/rslomron/MoMa/tm_custom/install/tm_description/share/tm_description/urdf/tm14-nominal.urdf
[3.079s] -- Installing: /home/rslomron/MoMa/tm_custom/install/tm_description/share/tm_description/urdf/tm5-900.urdf
[3.079s] -- Installing: /home/rslomron/MoMa/tm_custom/install/tm_description/share/tm_description/xacro
[3.079s] -- Installing: /home/rslomron/MoMa/tm_custom/install/tm_description/share/tm_description/xacro/tm12x.urdf.xacro
[3.080s] -- Installing: /home/rslomron/MoMa/tm_custom/install/tm_description/share/tm_description/xacro/macro.tm12-nominal.urdf.xacro
[3.080s] -- Installing: /home/rslomron/MoMa/tm_custom/install/tm_description/share/tm_description/xacro/macro.inertial.xacro
[3.080s] -- Installing: /home/rslomron/MoMa/tm_custom/install/tm_description/share/tm_description/xacro/tm5-900.urdf.xacro
[3.080s] -- Installing: /home/rslomron/MoMa/tm_custom/install/tm_description/share/tm_description/xacro/macro.tm5-900-nominal.urdf.xacro
[3.080s] -- Installing: /home/rslomron/MoMa/tm_custom/install/tm_description/share/tm_description/xacro/tm5x-900.urdf.xacro
[3.080s] -- Installing: /home/rslomron/MoMa/tm_custom/install/tm_description/share/tm_description/xacro/tm5-700.urdf.xacro
[3.080s] -- Installing: /home/rslomron/MoMa/tm_custom/install/tm_description/share/tm_description/xacro/tm14x.urdf.xacro
[3.081s] -- Installing: /home/rslomron/MoMa/tm_custom/install/tm_description/share/tm_description/xacro/macro.tm5x-700-nominal.urdf.xacro
[3.081s] -- Installing: /home/rslomron/MoMa/tm_custom/install/tm_description/share/tm_description/xacro/macro.tm5-700-nominal.urdf.xacro
[3.081s] -- Installing: /home/rslomron/MoMa/tm_custom/install/tm_description/share/tm_description/xacro/macro.tm12x-nominal.urdf.xacro
[3.081s] -- Installing: /home/rslomron/MoMa/tm_custom/install/tm_description/share/tm_description/xacro/macro.materials.xacro
[3.082s] -- Installing: /home/rslomron/MoMa/tm_custom/install/tm_description/share/tm_description/xacro/macro.tm5x-900-nominal.urdf.xacro
[3.082s] -- Installing: /home/rslomron/MoMa/tm_custom/install/tm_description/share/tm_description/xacro/macro.tm14-nominal.urdf.xacro
[3.083s] -- Installing: /home/rslomron/MoMa/tm_custom/install/tm_description/share/tm_description/xacro/tm12.urdf.xacro
[3.083s] -- Installing: /home/rslomron/MoMa/tm_custom/install/tm_description/share/tm_description/xacro/macro.gazebo.xacro
[3.083s] -- Installing: /home/rslomron/MoMa/tm_custom/install/tm_description/share/tm_description/xacro/tm14.urdf.xacro
[3.084s] -- Installing: /home/rslomron/MoMa/tm_custom/install/tm_description/share/tm_description/xacro/macro.tm14x-nominal.urdf.xacro
[3.084s] -- Installing: /home/rslomron/MoMa/tm_custom/install/tm_description/share/tm_description/xacro/tm5x-700.urdf.xacro
[3.085s] -- Installing: /home/rslomron/MoMa/tm_custom/install/tm_description/share/tm_description/xacro/macro.transmission.xacro
