[35m[1mConsolidate compiler generated dependencies of target demo_send_script[0m
[35m[1mConsolidate compiler generated dependencies of target demo_set_event[0m
[35m[1mConsolidate compiler generated dependencies of target demo_write_item[0m
[  7%] Built target demo_ask_sta
[ 10%] [32mBuilding CXX object CMakeFiles/demo_send_script.dir/src/demo_send_script.cpp.o[0m
[ 17%] Built target demo_ask_item
[ 25%] Built target demo_connect_tm
[ 32%] Built target demo_set_positions
[ 39%] Built target demo_set_io
[ 42%] [32mBuilding CXX object CMakeFiles/demo_set_event.dir/src/demo_set_event.cpp.o[0m
[ 57%] Built target demo_get_feedback
[ 57%] Built target demo_write_item
[ 64%] Built target demo_get_torque_feedback
[35m[1mConsolidate compiler generated dependencies of target demo_leave_listen_node[0m
[ 71%] Built target demo_get_svr_response
[ 78%] Built target demo_get_sta_response
[ 85%] Built target demo_get_sct_response
[ 89%] [32mBuilding CXX object CMakeFiles/demo_leave_listen_node.dir/src/demo_leave_listen_node.cpp.o[0m
[ 92%] [32m[1mLinking CXX executable demo_set_event[0m
[ 92%] Built target demo_set_event
