-- Install configuration: ""
-- Up-to-date: /home/rslomron/MoMa/tm_custom/install/tm_moveit_config_tm5-700/share/ament_index/resource_index/package_run_dependencies/tm_moveit_config_tm5-700
-- Up-to-date: /home/rslomron/MoMa/tm_custom/install/tm_moveit_config_tm5-700/share/ament_index/resource_index/parent_prefix_path/tm_moveit_config_tm5-700
-- Up-to-date: /home/rslomron/MoMa/tm_custom/install/tm_moveit_config_tm5-700/share/tm_moveit_config_tm5-700/environment/ament_prefix_path.sh
-- Up-to-date: /home/rslomron/MoMa/tm_custom/install/tm_moveit_config_tm5-700/share/tm_moveit_config_tm5-700/environment/ament_prefix_path.dsv
-- Up-to-date: /home/rslomron/MoMa/tm_custom/install/tm_moveit_config_tm5-700/share/tm_moveit_config_tm5-700/environment/path.sh
-- Up-to-date: /home/rslomron/MoMa/tm_custom/install/tm_moveit_config_tm5-700/share/tm_moveit_config_tm5-700/environment/path.dsv
-- Up-to-date: /home/rslomron/MoMa/tm_custom/install/tm_moveit_config_tm5-700/share/tm_moveit_config_tm5-700/local_setup.bash
-- Up-to-date: /home/rslomron/MoMa/tm_custom/install/tm_moveit_config_tm5-700/share/tm_moveit_config_tm5-700/local_setup.sh
-- Up-to-date: /home/rslomron/MoMa/tm_custom/install/tm_moveit_config_tm5-700/share/tm_moveit_config_tm5-700/local_setup.zsh
-- Up-to-date: /home/rslomron/MoMa/tm_custom/install/tm_moveit_config_tm5-700/share/tm_moveit_config_tm5-700/local_setup.dsv
-- Up-to-date: /home/rslomron/MoMa/tm_custom/install/tm_moveit_config_tm5-700/share/tm_moveit_config_tm5-700/package.dsv
-- Up-to-date: /home/rslomron/MoMa/tm_custom/install/tm_moveit_config_tm5-700/share/ament_index/resource_index/packages/tm_moveit_config_tm5-700
-- Up-to-date: /home/rslomron/MoMa/tm_custom/install/tm_moveit_config_tm5-700/share/tm_moveit_config_tm5-700/cmake/tm_moveit_config_tm5-700Config.cmake
-- Up-to-date: /home/rslomron/MoMa/tm_custom/install/tm_moveit_config_tm5-700/share/tm_moveit_config_tm5-700/cmake/tm_moveit_config_tm5-700Config-version.cmake
-- Up-to-date: /home/rslomron/MoMa/tm_custom/install/tm_moveit_config_tm5-700/share/tm_moveit_config_tm5-700/package.xml
-- Up-to-date: /home/rslomron/MoMa/tm_custom/install/tm_moveit_config_tm5-700/share/tm_moveit_config_tm5-700/config
-- Up-to-date: /home/rslomron/MoMa/tm_custom/install/tm_moveit_config_tm5-700/share/tm_moveit_config_tm5-700/config/ros_controllers.yaml
-- Up-to-date: /home/rslomron/MoMa/tm_custom/install/tm_moveit_config_tm5-700/share/tm_moveit_config_tm5-700/config/fake_controllers.yaml
-- Up-to-date: /home/rslomron/MoMa/tm_custom/install/tm_moveit_config_tm5-700/share/tm_moveit_config_tm5-700/config/tm5-700.srdf
-- Up-to-date: /home/rslomron/MoMa/tm_custom/install/tm_moveit_config_tm5-700/share/tm_moveit_config_tm5-700/config/stomp_planning.yaml
-- Up-to-date: /home/rslomron/MoMa/tm_custom/install/tm_moveit_config_tm5-700/share/tm_moveit_config_tm5-700/config/ompl_planning.yaml
-- Up-to-date: /home/rslomron/MoMa/tm_custom/install/tm_moveit_config_tm5-700/share/tm_moveit_config_tm5-700/config/chomp_planning.yaml
-- Up-to-date: /home/rslomron/MoMa/tm_custom/install/tm_moveit_config_tm5-700/share/tm_moveit_config_tm5-700/config/sensors_3d.yaml
-- Up-to-date: /home/rslomron/MoMa/tm_custom/install/tm_moveit_config_tm5-700/share/tm_moveit_config_tm5-700/config/kinematics.yaml
-- Up-to-date: /home/rslomron/MoMa/tm_custom/install/tm_moveit_config_tm5-700/share/tm_moveit_config_tm5-700/config/joint_limits.yaml
