[2.273s] Invoking command in '/home/rslomron/MoMa/tm_custom/src/python_demo': PYTHONPATH=/home/rslomron/MoMa/tm_custom/build/python_demo/prefix_override:/home/rslomron/MoMa/tm_custom/install/python_demo/lib/python3.10/site-packages:${PYTHONPATH} /usr/bin/python3 -W ignore:setup.py install is deprecated setup.py egg_info --egg-base ../../build/python_demo build --build-base /home/rslomron/MoMa/tm_custom/build/python_demo/build install --record /home/rslomron/MoMa/tm_custom/build/python_demo/install.log --single-version-externally-managed install_data
[2.776s] running egg_info
[2.778s] writing ../../build/python_demo/python_demo.egg-info/PKG-INFO
[2.779s] writing dependency_links to ../../build/python_demo/python_demo.egg-info/dependency_links.txt
[2.780s] writing entry points to ../../build/python_demo/python_demo.egg-info/entry_points.txt
[2.781s] writing requirements to ../../build/python_demo/python_demo.egg-info/requires.txt
[2.781s] writing top-level names to ../../build/python_demo/python_demo.egg-info/top_level.txt
[2.790s] reading manifest file '../../build/python_demo/python_demo.egg-info/SOURCES.txt'
[2.792s] writing manifest file '../../build/python_demo/python_demo.egg-info/SOURCES.txt'
[2.792s] running build
[2.792s] running build_py
[2.793s] running install
[2.793s] running install_lib
[2.797s] running install_data
[2.797s] running install_egg_info
[2.798s] removing '/home/rslomron/MoMa/tm_custom/install/python_demo/lib/python3.10/site-packages/python_demo-0.0.0-py3.10.egg-info' (and everything under it)
[2.804s] Copying ../../build/python_demo/python_demo.egg-info to /home/rslomron/MoMa/tm_custom/install/python_demo/lib/python3.10/site-packages/python_demo-0.0.0-py3.10.egg-info
[2.805s] running install_scripts
[2.845s] Installing testes script to /home/rslomron/MoMa/tm_custom/install/python_demo/lib/python_demo
[2.846s] writing list of installed files to '/home/rslomron/MoMa/tm_custom/build/python_demo/install.log'
[2.905s] Invoked command in '/home/rslomron/MoMa/tm_custom/src/python_demo' returned '0': PYTHONPATH=/home/rslomron/MoMa/tm_custom/build/python_demo/prefix_override:/home/rslomron/MoMa/tm_custom/install/python_demo/lib/python3.10/site-packages:${PYTHONPATH} /usr/bin/python3 -W ignore:setup.py install is deprecated setup.py egg_info --egg-base ../../build/python_demo build --build-base /home/rslomron/MoMa/tm_custom/build/python_demo/build install --record /home/rslomron/MoMa/tm_custom/build/python_demo/install.log --single-version-externally-managed install_data
