[0.014s] Invoking command in '/home/rslomron/MoMa/tm_custom/build/tm_driver': AMENT_PREFIX_PATH=/home/rslomron/MoMa/tm_custom/install/tm_msgs:${AMENT_PREFIX_PATH} CMAKE_PREFIX_PATH=/home/rslomron/MoMa/tm_custom/install/tm_msgs:/opt/ros/humble LD_LIBRARY_PATH=/home/rslomron/MoMa/tm_custom/install/tm_msgs/lib:${LD_LIBRARY_PATH} PYTHONPATH=/home/rslomron/MoMa/tm_custom/install/tm_msgs/local/lib/python3.10/dist-packages:${PYTHONPATH} /usr/bin/cmake --build /home/rslomron/MoMa/tm_custom/build/tm_driver -- -j8 -l8
[0.087s] [35m[1mConsolidate compiler generated dependencies of target tm_driver[0m
[0.197s] [100%] Built target tm_driver
[0.214s] Invoked command in '/home/rslomron/MoMa/tm_custom/build/tm_driver' returned '0': AMENT_PREFIX_PATH=/home/rslomron/MoMa/tm_custom/install/tm_msgs:${AMENT_PREFIX_PATH} CMAKE_PREFIX_PATH=/home/rslomron/MoMa/tm_custom/install/tm_msgs:/opt/ros/humble LD_LIBRARY_PATH=/home/rslomron/MoMa/tm_custom/install/tm_msgs/lib:${LD_LIBRARY_PATH} PYTHONPATH=/home/rslomron/MoMa/tm_custom/install/tm_msgs/local/lib/python3.10/dist-packages:${PYTHONPATH} /usr/bin/cmake --build /home/rslomron/MoMa/tm_custom/build/tm_driver -- -j8 -l8
[0.286s] Invoking command in '/home/rslomron/MoMa/tm_custom/build/tm_driver': AMENT_PREFIX_PATH=/home/rslomron/MoMa/tm_custom/install/tm_msgs:${AMENT_PREFIX_PATH} CMAKE_PREFIX_PATH=/home/rslomron/MoMa/tm_custom/install/tm_msgs:/opt/ros/humble LD_LIBRARY_PATH=/home/rslomron/MoMa/tm_custom/install/tm_msgs/lib:${LD_LIBRARY_PATH} PYTHONPATH=/home/rslomron/MoMa/tm_custom/install/tm_msgs/local/lib/python3.10/dist-packages:${PYTHONPATH} /usr/bin/cmake --install /home/rslomron/MoMa/tm_custom/build/tm_driver
[0.298s] -- Install configuration: ""
[0.299s] -- Up-to-date: /home/rslomron/MoMa/tm_custom/install/tm_driver/lib/tm_driver/tm_driver
[0.300s] -- Up-to-date: /home/rslomron/MoMa/tm_custom/install/tm_driver/share/tm_driver/launch
[0.300s] -- Up-to-date: /home/rslomron/MoMa/tm_custom/install/tm_driver/share/tm_driver/launch/tm_bringup.launch.py
[0.300s] -- Up-to-date: /home/rslomron/MoMa/tm_custom/install/tm_driver/share/ament_index/resource_index/package_run_dependencies/tm_driver
[0.300s] -- Up-to-date: /home/rslomron/MoMa/tm_custom/install/tm_driver/share/ament_index/resource_index/parent_prefix_path/tm_driver
[0.301s] -- Up-to-date: /home/rslomron/MoMa/tm_custom/install/tm_driver/share/tm_driver/environment/ament_prefix_path.sh
[0.301s] -- Up-to-date: /home/rslomron/MoMa/tm_custom/install/tm_driver/share/tm_driver/environment/ament_prefix_path.dsv
[0.301s] -- Up-to-date: /home/rslomron/MoMa/tm_custom/install/tm_driver/share/tm_driver/environment/path.sh
[0.301s] -- Up-to-date: /home/rslomron/MoMa/tm_custom/install/tm_driver/share/tm_driver/environment/path.dsv
[0.302s] -- Up-to-date: /home/rslomron/MoMa/tm_custom/install/tm_driver/share/tm_driver/local_setup.bash
[0.302s] -- Up-to-date: /home/rslomron/MoMa/tm_custom/install/tm_driver/share/tm_driver/local_setup.sh
[0.302s] -- Up-to-date: /home/rslomron/MoMa/tm_custom/install/tm_driver/share/tm_driver/local_setup.zsh
[0.302s] -- Up-to-date: /home/rslomron/MoMa/tm_custom/install/tm_driver/share/tm_driver/local_setup.dsv
[0.302s] -- Installing: /home/rslomron/MoMa/tm_custom/install/tm_driver/share/tm_driver/package.dsv
[0.303s] -- Up-to-date: /home/rslomron/MoMa/tm_custom/install/tm_driver/share/ament_index/resource_index/packages/tm_driver
[0.303s] -- Up-to-date: /home/rslomron/MoMa/tm_custom/install/tm_driver/share/tm_driver/cmake/tm_driverConfig.cmake
[0.304s] -- Up-to-date: /home/rslomron/MoMa/tm_custom/install/tm_driver/share/tm_driver/cmake/tm_driverConfig-version.cmake
[0.304s] -- Up-to-date: /home/rslomron/MoMa/tm_custom/install/tm_driver/share/tm_driver/package.xml
[0.309s] Invoked command in '/home/rslomron/MoMa/tm_custom/build/tm_driver' returned '0': AMENT_PREFIX_PATH=/home/rslomron/MoMa/tm_custom/install/tm_msgs:${AMENT_PREFIX_PATH} CMAKE_PREFIX_PATH=/home/rslomron/MoMa/tm_custom/install/tm_msgs:/opt/ros/humble LD_LIBRARY_PATH=/home/rslomron/MoMa/tm_custom/install/tm_msgs/lib:${LD_LIBRARY_PATH} PYTHONPATH=/home/rslomron/MoMa/tm_custom/install/tm_msgs/local/lib/python3.10/dist-packages:${PYTHONPATH} /usr/bin/cmake --install /home/rslomron/MoMa/tm_custom/build/tm_driver
