[0.024s] Invoking command in '/home/rslomron/tm_custom/build/tm_moveit_config_tm14x': CMAKE_PREFIX_PATH=${CMAKE_PREFIX_PATH}:/home/rslomron/tm_custom/install/tm_mod_urdf:/home/rslomron/tm_custom/install/tm_get_status:/opt/ros/humble /usr/bin/cmake /home/rslomron/tm_custom/src/tm_moveit_config_tm14x -DCMAKE_INSTALL_PREFIX=/home/rslomron/tm_custom/install/tm_moveit_config_tm14x
[0.113s] -- The C compiler identification is GNU 11.4.0
[0.208s] -- The CXX compiler identification is GNU 11.4.0
[0.230s] -- Detecting C compiler ABI info
[0.372s] -- Detecting C compiler ABI info - done
[0.372s] -- Check for working C compiler: /usr/bin/cc - skipped
[0.372s] -- Detecting C compile features
[0.372s] -- Detecting C compile features - done
[0.375s] -- Detecting CXX compiler ABI info
[0.499s] -- Detecting CXX compiler ABI info - done
[0.515s] -- Check for working CXX compiler: /usr/bin/c++ - skipped
[0.515s] -- Detecting CXX compile features
[0.515s] -- Detecting CXX compile features - done
[0.518s] -- Found ament_cmake: 1.3.8 (/opt/ros/humble/share/ament_cmake/cmake)
[0.787s] -- Found Python3: /usr/bin/python3 (found version "3.10.12") found components: Interpreter 
[0.940s] -- Found ament_lint_auto: 0.12.10 (/opt/ros/humble/share/ament_lint_auto/cmake)
[1.078s] -- Added test 'lint_cmake' to check CMake code style
[1.082s] -- Added test 'xmllint' to check XML markup files
[1.083s] -- Configuring done
[1.087s] -- Generating done
[1.088s] -- Build files have been written to: /home/rslomron/tm_custom/build/tm_moveit_config_tm14x
[1.099s] Invoked command in '/home/rslomron/tm_custom/build/tm_moveit_config_tm14x' returned '0': CMAKE_PREFIX_PATH=${CMAKE_PREFIX_PATH}:/home/rslomron/tm_custom/install/tm_mod_urdf:/home/rslomron/tm_custom/install/tm_get_status:/opt/ros/humble /usr/bin/cmake /home/rslomron/tm_custom/src/tm_moveit_config_tm14x -DCMAKE_INSTALL_PREFIX=/home/rslomron/tm_custom/install/tm_moveit_config_tm14x
[1.100s] Invoking command in '/home/rslomron/tm_custom/build/tm_moveit_config_tm14x': CMAKE_PREFIX_PATH=${CMAKE_PREFIX_PATH}:/home/rslomron/tm_custom/install/tm_mod_urdf:/home/rslomron/tm_custom/install/tm_get_status:/opt/ros/humble /usr/bin/cmake --build /home/rslomron/tm_custom/build/tm_moveit_config_tm14x -- -j8 -l8
[1.152s] Invoked command in '/home/rslomron/tm_custom/build/tm_moveit_config_tm14x' returned '0': CMAKE_PREFIX_PATH=${CMAKE_PREFIX_PATH}:/home/rslomron/tm_custom/install/tm_mod_urdf:/home/rslomron/tm_custom/install/tm_get_status:/opt/ros/humble /usr/bin/cmake --build /home/rslomron/tm_custom/build/tm_moveit_config_tm14x -- -j8 -l8
[1.184s] Invoking command in '/home/rslomron/tm_custom/build/tm_moveit_config_tm14x': CMAKE_PREFIX_PATH=${CMAKE_PREFIX_PATH}:/home/rslomron/tm_custom/install/tm_mod_urdf:/home/rslomron/tm_custom/install/tm_get_status:/opt/ros/humble /usr/bin/cmake --install /home/rslomron/tm_custom/build/tm_moveit_config_tm14x
[1.198s] -- Install configuration: ""
[1.199s] -- Installing: /home/rslomron/tm_custom/install/tm_moveit_config_tm14x/share/ament_index/resource_index/package_run_dependencies/tm_moveit_config_tm14x
[1.199s] -- Installing: /home/rslomron/tm_custom/install/tm_moveit_config_tm14x/share/ament_index/resource_index/parent_prefix_path/tm_moveit_config_tm14x
[1.199s] -- Installing: /home/rslomron/tm_custom/install/tm_moveit_config_tm14x/share/tm_moveit_config_tm14x/environment/ament_prefix_path.sh
[1.200s] -- Installing: /home/rslomron/tm_custom/install/tm_moveit_config_tm14x/share/tm_moveit_config_tm14x/environment/ament_prefix_path.dsv
[1.200s] -- Installing: /home/rslomron/tm_custom/install/tm_moveit_config_tm14x/share/tm_moveit_config_tm14x/environment/path.sh
[1.200s] -- Installing: /home/rslomron/tm_custom/install/tm_moveit_config_tm14x/share/tm_moveit_config_tm14x/environment/path.dsv
[1.200s] -- Installing: /home/rslomron/tm_custom/install/tm_moveit_config_tm14x/share/tm_moveit_config_tm14x/local_setup.bash
[1.200s] -- Installing: /home/rslomron/tm_custom/install/tm_moveit_config_tm14x/share/tm_moveit_config_tm14x/local_setup.sh
[1.200s] -- Installing: /home/rslomron/tm_custom/install/tm_moveit_config_tm14x/share/tm_moveit_config_tm14x/local_setup.zsh
[1.200s] -- Installing: /home/rslomron/tm_custom/install/tm_moveit_config_tm14x/share/tm_moveit_config_tm14x/local_setup.dsv
[1.201s] -- Installing: /home/rslomron/tm_custom/install/tm_moveit_config_tm14x/share/tm_moveit_config_tm14x/package.dsv
[1.201s] -- Installing: /home/rslomron/tm_custom/install/tm_moveit_config_tm14x/share/ament_index/resource_index/packages/tm_moveit_config_tm14x
[1.201s] -- Installing: /home/rslomron/tm_custom/install/tm_moveit_config_tm14x/share/tm_moveit_config_tm14x/cmake/tm_moveit_config_tm14xConfig.cmake
[1.201s] -- Installing: /home/rslomron/tm_custom/install/tm_moveit_config_tm14x/share/tm_moveit_config_tm14x/cmake/tm_moveit_config_tm14xConfig-version.cmake
[1.201s] -- Installing: /home/rslomron/tm_custom/install/tm_moveit_config_tm14x/share/tm_moveit_config_tm14x/package.xml
[1.219s] Invoked command in '/home/rslomron/tm_custom/build/tm_moveit_config_tm14x' returned '0': CMAKE_PREFIX_PATH=${CMAKE_PREFIX_PATH}:/home/rslomron/tm_custom/install/tm_mod_urdf:/home/rslomron/tm_custom/install/tm_get_status:/opt/ros/humble /usr/bin/cmake --install /home/rslomron/tm_custom/build/tm_moveit_config_tm14x
