[0.029s] Invoking command in '/home/rslomron/MoMa/tm_custom/build/tm_moveit_config_tm14': AMENT_PREFIX_PATH=/home/rslomron/MoMa/tm_custom/install/tm_description:${AMENT_PREFIX_PATH} CMAKE_PREFIX_PATH=/home/rslomron/MoMa/tm_custom/install/tm_description:/opt/ros/humble /usr/bin/cmake --build /home/rslomron/MoMa/tm_custom/build/tm_moveit_config_tm14 -- -j8 -l8
[0.127s] Invoked command in '/home/rslomron/MoMa/tm_custom/build/tm_moveit_config_tm14' returned '0': AMENT_PREFIX_PATH=/home/rslomron/MoMa/tm_custom/install/tm_description:${AMENT_PREFIX_PATH} CMAKE_PREFIX_PATH=/home/rslomron/MoMa/tm_custom/install/tm_description:/opt/ros/humble /usr/bin/cmake --build /home/rslomron/MoMa/tm_custom/build/tm_moveit_config_tm14 -- -j8 -l8
[0.179s] Invoking command in '/home/rslomron/MoMa/tm_custom/build/tm_moveit_config_tm14': AMENT_PREFIX_PATH=/home/rslomron/MoMa/tm_custom/install/tm_description:${AMENT_PREFIX_PATH} CMAKE_PREFIX_PATH=/home/rslomron/MoMa/tm_custom/install/tm_description:/opt/ros/humble /usr/bin/cmake --install /home/rslomron/MoMa/tm_custom/build/tm_moveit_config_tm14
[0.209s] -- Install configuration: ""
[0.209s] -- Up-to-date: /home/rslomron/MoMa/tm_custom/install/tm_moveit_config_tm14/share/ament_index/resource_index/package_run_dependencies/tm_moveit_config_tm14
[0.209s] -- Up-to-date: /home/rslomron/MoMa/tm_custom/install/tm_moveit_config_tm14/share/ament_index/resource_index/parent_prefix_path/tm_moveit_config_tm14
[0.209s] -- Up-to-date: /home/rslomron/MoMa/tm_custom/install/tm_moveit_config_tm14/share/tm_moveit_config_tm14/environment/ament_prefix_path.sh
[0.210s] -- Up-to-date: /home/rslomron/MoMa/tm_custom/install/tm_moveit_config_tm14/share/tm_moveit_config_tm14/environment/ament_prefix_path.dsv
[0.210s] -- Up-to-date: /home/rslomron/MoMa/tm_custom/install/tm_moveit_config_tm14/share/tm_moveit_config_tm14/environment/path.sh
[0.210s] -- Up-to-date: /home/rslomron/MoMa/tm_custom/install/tm_moveit_config_tm14/share/tm_moveit_config_tm14/environment/path.dsv
[0.210s] -- Up-to-date: /home/rslomron/MoMa/tm_custom/install/tm_moveit_config_tm14/share/tm_moveit_config_tm14/local_setup.bash
[0.210s] -- Up-to-date: /home/rslomron/MoMa/tm_custom/install/tm_moveit_config_tm14/share/tm_moveit_config_tm14/local_setup.sh
[0.210s] -- Up-to-date: /home/rslomron/MoMa/tm_custom/install/tm_moveit_config_tm14/share/tm_moveit_config_tm14/local_setup.zsh
[0.210s] -- Up-to-date: /home/rslomron/MoMa/tm_custom/install/tm_moveit_config_tm14/share/tm_moveit_config_tm14/local_setup.dsv
[0.211s] -- Up-to-date: /home/rslomron/MoMa/tm_custom/install/tm_moveit_config_tm14/share/tm_moveit_config_tm14/package.dsv
[0.211s] -- Up-to-date: /home/rslomron/MoMa/tm_custom/install/tm_moveit_config_tm14/share/ament_index/resource_index/packages/tm_moveit_config_tm14
[0.211s] -- Up-to-date: /home/rslomron/MoMa/tm_custom/install/tm_moveit_config_tm14/share/tm_moveit_config_tm14/cmake/tm_moveit_config_tm14Config.cmake
[0.211s] -- Up-to-date: /home/rslomron/MoMa/tm_custom/install/tm_moveit_config_tm14/share/tm_moveit_config_tm14/cmake/tm_moveit_config_tm14Config-version.cmake
[0.211s] -- Up-to-date: /home/rslomron/MoMa/tm_custom/install/tm_moveit_config_tm14/share/tm_moveit_config_tm14/package.xml
[0.211s] -- Up-to-date: /home/rslomron/MoMa/tm_custom/install/tm_moveit_config_tm14/share/tm_moveit_config_tm14/config
[0.211s] -- Up-to-date: /home/rslomron/MoMa/tm_custom/install/tm_moveit_config_tm14/share/tm_moveit_config_tm14/config/ros_controllers.yaml
[0.211s] -- Up-to-date: /home/rslomron/MoMa/tm_custom/install/tm_moveit_config_tm14/share/tm_moveit_config_tm14/config/tm14.srdf
[0.212s] -- Up-to-date: /home/rslomron/MoMa/tm_custom/install/tm_moveit_config_tm14/share/tm_moveit_config_tm14/config/fake_controllers.yaml
[0.212s] -- Up-to-date: /home/rslomron/MoMa/tm_custom/install/tm_moveit_config_tm14/share/tm_moveit_config_tm14/config/stomp_planning.yaml
[0.212s] -- Up-to-date: /home/rslomron/MoMa/tm_custom/install/tm_moveit_config_tm14/share/tm_moveit_config_tm14/config/ompl_planning.yaml
[0.212s] -- Up-to-date: /home/rslomron/MoMa/tm_custom/install/tm_moveit_config_tm14/share/tm_moveit_config_tm14/config/chomp_planning.yaml
[0.212s] -- Up-to-date: /home/rslomron/MoMa/tm_custom/install/tm_moveit_config_tm14/share/tm_moveit_config_tm14/config/sensors_3d.yaml
[0.212s] -- Up-to-date: /home/rslomron/MoMa/tm_custom/install/tm_moveit_config_tm14/share/tm_moveit_config_tm14/config/kinematics.yaml
[0.212s] -- Up-to-date: /home/rslomron/MoMa/tm_custom/install/tm_moveit_config_tm14/share/tm_moveit_config_tm14/config/joint_limits.yaml
[0.251s] Invoked command in '/home/rslomron/MoMa/tm_custom/build/tm_moveit_config_tm14' returned '0': AMENT_PREFIX_PATH=/home/rslomron/MoMa/tm_custom/install/tm_description:${AMENT_PREFIX_PATH} CMAKE_PREFIX_PATH=/home/rslomron/MoMa/tm_custom/install/tm_description:/opt/ros/humble /usr/bin/cmake --install /home/rslomron/MoMa/tm_custom/build/tm_moveit_config_tm14
