[0.090s] Invoking command in '/home/rslomron/tm_custom/build/tm_moveit_config_tm14x': AMENT_PREFIX_PATH=/home/rslomron/tm_custom/install/tm_description:${AMENT_PREFIX_PATH} CMAKE_PREFIX_PATH=/home/rslomron/tm_custom/install/tm_description:/opt/ros/humble /usr/bin/cmake --build /home/rslomron/tm_custom/build/tm_moveit_config_tm14x -- -j8 -l8
[0.133s] Invoked command in '/home/rslomron/tm_custom/build/tm_moveit_config_tm14x' returned '0': AMENT_PREFIX_PATH=/home/rslomron/tm_custom/install/tm_description:${AMENT_PREFIX_PATH} CMAKE_PREFIX_PATH=/home/rslomron/tm_custom/install/tm_description:/opt/ros/humble /usr/bin/cmake --build /home/rslomron/tm_custom/build/tm_moveit_config_tm14x -- -j8 -l8
[0.162s] Invoking command in '/home/rslomron/tm_custom/build/tm_moveit_config_tm14x': AMENT_PREFIX_PATH=/home/rslomron/tm_custom/install/tm_description:${AMENT_PREFIX_PATH} CMAKE_PREFIX_PATH=/home/rslomron/tm_custom/install/tm_description:/opt/ros/humble /usr/bin/cmake --install /home/rslomron/tm_custom/build/tm_moveit_config_tm14x
[0.174s] -- Install configuration: ""
[0.177s] -- Up-to-date: /home/rslomron/tm_custom/install/tm_moveit_config_tm14x/share/ament_index/resource_index/package_run_dependencies/tm_moveit_config_tm14x
[0.178s] -- Up-to-date: /home/rslomron/tm_custom/install/tm_moveit_config_tm14x/share/ament_index/resource_index/parent_prefix_path/tm_moveit_config_tm14x
[0.178s] -- Up-to-date: /home/rslomron/tm_custom/install/tm_moveit_config_tm14x/share/tm_moveit_config_tm14x/environment/ament_prefix_path.sh
[0.179s] -- Up-to-date: /home/rslomron/tm_custom/install/tm_moveit_config_tm14x/share/tm_moveit_config_tm14x/environment/ament_prefix_path.dsv
[0.179s] -- Up-to-date: /home/rslomron/tm_custom/install/tm_moveit_config_tm14x/share/tm_moveit_config_tm14x/environment/path.sh
[0.179s] -- Up-to-date: /home/rslomron/tm_custom/install/tm_moveit_config_tm14x/share/tm_moveit_config_tm14x/environment/path.dsv
[0.179s] -- Up-to-date: /home/rslomron/tm_custom/install/tm_moveit_config_tm14x/share/tm_moveit_config_tm14x/local_setup.bash
[0.180s] -- Up-to-date: /home/rslomron/tm_custom/install/tm_moveit_config_tm14x/share/tm_moveit_config_tm14x/local_setup.sh
[0.180s] -- Up-to-date: /home/rslomron/tm_custom/install/tm_moveit_config_tm14x/share/tm_moveit_config_tm14x/local_setup.zsh
[0.180s] -- Up-to-date: /home/rslomron/tm_custom/install/tm_moveit_config_tm14x/share/tm_moveit_config_tm14x/local_setup.dsv
[0.181s] -- Up-to-date: /home/rslomron/tm_custom/install/tm_moveit_config_tm14x/share/tm_moveit_config_tm14x/package.dsv
[0.182s] -- Up-to-date: /home/rslomron/tm_custom/install/tm_moveit_config_tm14x/share/ament_index/resource_index/packages/tm_moveit_config_tm14x
[0.183s] -- Up-to-date: /home/rslomron/tm_custom/install/tm_moveit_config_tm14x/share/tm_moveit_config_tm14x/cmake/tm_moveit_config_tm14xConfig.cmake
[0.183s] -- Up-to-date: /home/rslomron/tm_custom/install/tm_moveit_config_tm14x/share/tm_moveit_config_tm14x/cmake/tm_moveit_config_tm14xConfig-version.cmake
[0.183s] -- Up-to-date: /home/rslomron/tm_custom/install/tm_moveit_config_tm14x/share/tm_moveit_config_tm14x/package.xml
[0.184s] -- Up-to-date: /home/rslomron/tm_custom/install/tm_moveit_config_tm14x/share/tm_moveit_config_tm14x/config
[0.184s] -- Up-to-date: /home/rslomron/tm_custom/install/tm_moveit_config_tm14x/share/tm_moveit_config_tm14x/config/ros_controllers.yaml
[0.185s] -- Up-to-date: /home/rslomron/tm_custom/install/tm_moveit_config_tm14x/share/tm_moveit_config_tm14x/config/tm14x.srdf
[0.185s] -- Up-to-date: /home/rslomron/tm_custom/install/tm_moveit_config_tm14x/share/tm_moveit_config_tm14x/config/fake_controllers.yaml
[0.185s] -- Up-to-date: /home/rslomron/tm_custom/install/tm_moveit_config_tm14x/share/tm_moveit_config_tm14x/config/stomp_planning.yaml
[0.186s] -- Up-to-date: /home/rslomron/tm_custom/install/tm_moveit_config_tm14x/share/tm_moveit_config_tm14x/config/ompl_planning.yaml
[0.186s] -- Up-to-date: /home/rslomron/tm_custom/install/tm_moveit_config_tm14x/share/tm_moveit_config_tm14x/config/chomp_planning.yaml
[0.186s] -- Up-to-date: /home/rslomron/tm_custom/install/tm_moveit_config_tm14x/share/tm_moveit_config_tm14x/config/sensors_3d.yaml
[0.186s] -- Up-to-date: /home/rslomron/tm_custom/install/tm_moveit_config_tm14x/share/tm_moveit_config_tm14x/config/kinematics.yaml
[0.186s] -- Up-to-date: /home/rslomron/tm_custom/install/tm_moveit_config_tm14x/share/tm_moveit_config_tm14x/config/joint_limits.yaml
[0.187s] Invoked command in '/home/rslomron/tm_custom/build/tm_moveit_config_tm14x' returned '0': AMENT_PREFIX_PATH=/home/rslomron/tm_custom/install/tm_description:${AMENT_PREFIX_PATH} CMAKE_PREFIX_PATH=/home/rslomron/tm_custom/install/tm_description:/opt/ros/humble /usr/bin/cmake --install /home/rslomron/tm_custom/build/tm_moveit_config_tm14x
