[0.999s] Invoking command in '/home/rslomron/tm_custom/src/techman_robot_get_status': PYTHONPATH=/home/rslomron/tm_custom/build/techman_robot_get_status/prefix_override:/home/rslomron/tm_custom/install/techman_robot_get_status/lib/python3.10/site-packages:${PYTHONPATH} /usr/bin/python3 -W ignore:setup.py install is deprecated setup.py egg_info --egg-base ../../build/techman_robot_get_status build --build-base /home/rslomron/tm_custom/build/techman_robot_get_status/build install --record /home/rslomron/tm_custom/build/techman_robot_get_status/install.log --single-version-externally-managed install_data
[1.236s] running egg_info
[1.237s] creating ../../build/techman_robot_get_status/techman_robot_get_status.egg-info
[1.237s] writing ../../build/techman_robot_get_status/techman_robot_get_status.egg-info/PKG-INFO
[1.238s] writing dependency_links to ../../build/techman_robot_get_status/techman_robot_get_status.egg-info/dependency_links.txt
[1.239s] writing entry points to ../../build/techman_robot_get_status/techman_robot_get_status.egg-info/entry_points.txt
[1.239s] writing requirements to ../../build/techman_robot_get_status/techman_robot_get_status.egg-info/requires.txt
[1.240s] writing top-level names to ../../build/techman_robot_get_status/techman_robot_get_status.egg-info/top_level.txt
[1.240s] writing manifest file '../../build/techman_robot_get_status/techman_robot_get_status.egg-info/SOURCES.txt'
[1.241s] reading manifest file '../../build/techman_robot_get_status/techman_robot_get_status.egg-info/SOURCES.txt'
[1.241s] writing manifest file '../../build/techman_robot_get_status/techman_robot_get_status.egg-info/SOURCES.txt'
[1.242s] running build
[1.242s] running build_py
[1.242s] creating /home/rslomron/tm_custom/build/techman_robot_get_status/build
[1.243s] creating /home/rslomron/tm_custom/build/techman_robot_get_status/build/lib
[1.243s] creating /home/rslomron/tm_custom/build/techman_robot_get_status/build/lib/techman_robot_get_status
[1.244s] copying techman_robot_get_status/__init__.py -> /home/rslomron/tm_custom/build/techman_robot_get_status/build/lib/techman_robot_get_status
[1.244s] running install
[1.244s] running install_lib
[1.245s] creating /home/rslomron/tm_custom/install/techman_robot_get_status/lib/python3.10/site-packages/techman_robot_get_status
[1.245s] copying /home/rslomron/tm_custom/build/techman_robot_get_status/build/lib/techman_robot_get_status/__init__.py -> /home/rslomron/tm_custom/install/techman_robot_get_status/lib/python3.10/site-packages/techman_robot_get_status
[1.245s] byte-compiling /home/rslomron/tm_custom/install/techman_robot_get_status/lib/python3.10/site-packages/techman_robot_get_status/__init__.py to __init__.cpython-310.pyc
[1.245s] running install_data
[1.245s] creating /home/rslomron/tm_custom/install/techman_robot_get_status/share/ament_index
[1.245s] creating /home/rslomron/tm_custom/install/techman_robot_get_status/share/ament_index/resource_index
[1.246s] creating /home/rslomron/tm_custom/install/techman_robot_get_status/share/ament_index/resource_index/packages
[1.246s] copying resource/techman_robot_get_status -> /home/rslomron/tm_custom/install/techman_robot_get_status/share/ament_index/resource_index/packages
[1.246s] copying package.xml -> /home/rslomron/tm_custom/install/techman_robot_get_status/share/techman_robot_get_status
[1.246s] running install_egg_info
[1.247s] Copying ../../build/techman_robot_get_status/techman_robot_get_status.egg-info to /home/rslomron/tm_custom/install/techman_robot_get_status/lib/python3.10/site-packages/techman_robot_get_status-0.0.0-py3.10.egg-info
[1.247s] running install_scripts
[1.265s] writing list of installed files to '/home/rslomron/tm_custom/build/techman_robot_get_status/install.log'
[1.303s] Invoked command in '/home/rslomron/tm_custom/src/techman_robot_get_status' returned '0': PYTHONPATH=/home/rslomron/tm_custom/build/techman_robot_get_status/prefix_override:/home/rslomron/tm_custom/install/techman_robot_get_status/lib/python3.10/site-packages:${PYTHONPATH} /usr/bin/python3 -W ignore:setup.py install is deprecated setup.py egg_info --egg-base ../../build/techman_robot_get_status build --build-base /home/rslomron/tm_custom/build/techman_robot_get_status/build install --record /home/rslomron/tm_custom/build/techman_robot_get_status/install.log --single-version-externally-managed install_data
