[0.029s] Invoking command in '/home/rslomron/tm_custom/build/tm_moveit_config_tm14': AMENT_PREFIX_PATH=/home/rslomron/tm_custom/install/tm_description:${AMENT_PREFIX_PATH} CMAKE_PREFIX_PATH=/home/rslomron/tm_custom/install/tm_description:/opt/ros/humble /usr/bin/cmake --build /home/rslomron/tm_custom/build/tm_moveit_config_tm14 -- -j8 -l8
[0.089s] Invoked command in '/home/rslomron/tm_custom/build/tm_moveit_config_tm14' returned '0': AMENT_PREFIX_PATH=/home/rslomron/tm_custom/install/tm_description:${AMENT_PREFIX_PATH} CMAKE_PREFIX_PATH=/home/rslomron/tm_custom/install/tm_description:/opt/ros/humble /usr/bin/cmake --build /home/rslomron/tm_custom/build/tm_moveit_config_tm14 -- -j8 -l8
[0.127s] Invoking command in '/home/rslomron/tm_custom/build/tm_moveit_config_tm14': AMENT_PREFIX_PATH=/home/rslomron/tm_custom/install/tm_description:${AMENT_PREFIX_PATH} CMAKE_PREFIX_PATH=/home/rslomron/tm_custom/install/tm_description:/opt/ros/humble /usr/bin/cmake --install /home/rslomron/tm_custom/build/tm_moveit_config_tm14
[0.138s] -- Install configuration: ""
[0.138s] -- Up-to-date: /home/rslomron/tm_custom/install/tm_moveit_config_tm14/share/ament_index/resource_index/package_run_dependencies/tm_moveit_config_tm14
[0.138s] -- Up-to-date: /home/rslomron/tm_custom/install/tm_moveit_config_tm14/share/ament_index/resource_index/parent_prefix_path/tm_moveit_config_tm14
[0.139s] -- Up-to-date: /home/rslomron/tm_custom/install/tm_moveit_config_tm14/share/tm_moveit_config_tm14/environment/ament_prefix_path.sh
[0.139s] -- Up-to-date: /home/rslomron/tm_custom/install/tm_moveit_config_tm14/share/tm_moveit_config_tm14/environment/ament_prefix_path.dsv
[0.139s] -- Up-to-date: /home/rslomron/tm_custom/install/tm_moveit_config_tm14/share/tm_moveit_config_tm14/environment/path.sh
[0.140s] -- Up-to-date: /home/rslomron/tm_custom/install/tm_moveit_config_tm14/share/tm_moveit_config_tm14/environment/path.dsv
[0.140s] -- Up-to-date: /home/rslomron/tm_custom/install/tm_moveit_config_tm14/share/tm_moveit_config_tm14/local_setup.bash
[0.140s] -- Up-to-date: /home/rslomron/tm_custom/install/tm_moveit_config_tm14/share/tm_moveit_config_tm14/local_setup.sh
[0.140s] -- Up-to-date: /home/rslomron/tm_custom/install/tm_moveit_config_tm14/share/tm_moveit_config_tm14/local_setup.zsh
[0.140s] -- Up-to-date: /home/rslomron/tm_custom/install/tm_moveit_config_tm14/share/tm_moveit_config_tm14/local_setup.dsv
[0.140s] -- Installing: /home/rslomron/tm_custom/install/tm_moveit_config_tm14/share/tm_moveit_config_tm14/package.dsv
[0.141s] -- Up-to-date: /home/rslomron/tm_custom/install/tm_moveit_config_tm14/share/ament_index/resource_index/packages/tm_moveit_config_tm14
[0.141s] -- Up-to-date: /home/rslomron/tm_custom/install/tm_moveit_config_tm14/share/tm_moveit_config_tm14/cmake/tm_moveit_config_tm14Config.cmake
[0.141s] -- Up-to-date: /home/rslomron/tm_custom/install/tm_moveit_config_tm14/share/tm_moveit_config_tm14/cmake/tm_moveit_config_tm14Config-version.cmake
[0.141s] -- Up-to-date: /home/rslomron/tm_custom/install/tm_moveit_config_tm14/share/tm_moveit_config_tm14/package.xml
[0.146s] Invoked command in '/home/rslomron/tm_custom/build/tm_moveit_config_tm14' returned '0': AMENT_PREFIX_PATH=/home/rslomron/tm_custom/install/tm_description:${AMENT_PREFIX_PATH} CMAKE_PREFIX_PATH=/home/rslomron/tm_custom/install/tm_description:/opt/ros/humble /usr/bin/cmake --install /home/rslomron/tm_custom/build/tm_moveit_config_tm14
