[1.128s] Invoking command in '/home/rslomron/tm_custom/src/tm_mod_urdf': PYTHONPATH=/home/rslomron/tm_custom/build/tm_mod_urdf/prefix_override:/home/rslomron/tm_custom/install/tm_mod_urdf/lib/python3.10/site-packages:${PYTHONPATH} /usr/bin/python3 -W ignore:setup.py install is deprecated setup.py egg_info --egg-base ../../build/tm_mod_urdf build --build-base /home/rslomron/tm_custom/build/tm_mod_urdf/build install --record /home/rslomron/tm_custom/build/tm_mod_urdf/install.log --single-version-externally-managed install_data
[1.446s] running egg_info
[1.447s] writing ../../build/tm_mod_urdf/tm_mod_urdf.egg-info/PKG-INFO
[1.447s] writing dependency_links to ../../build/tm_mod_urdf/tm_mod_urdf.egg-info/dependency_links.txt
[1.448s] writing entry points to ../../build/tm_mod_urdf/tm_mod_urdf.egg-info/entry_points.txt
[1.448s] writing requirements to ../../build/tm_mod_urdf/tm_mod_urdf.egg-info/requires.txt
[1.448s] writing top-level names to ../../build/tm_mod_urdf/tm_mod_urdf.egg-info/top_level.txt
[1.450s] reading manifest file '../../build/tm_mod_urdf/tm_mod_urdf.egg-info/SOURCES.txt'
[1.450s] writing manifest file '../../build/tm_mod_urdf/tm_mod_urdf.egg-info/SOURCES.txt'
[1.451s] running build
[1.451s] running build_py
[1.451s] running install
[1.452s] running install_lib
[1.453s] running install_data
[1.453s] running install_egg_info
[1.455s] removing '/home/rslomron/tm_custom/install/tm_mod_urdf/lib/python3.10/site-packages/tm_mod_urdf-1.1.2-py3.10.egg-info' (and everything under it)
[1.455s] Copying ../../build/tm_mod_urdf/tm_mod_urdf.egg-info to /home/rslomron/tm_custom/install/tm_mod_urdf/lib/python3.10/site-packages/tm_mod_urdf-1.1.2-py3.10.egg-info
[1.456s] running install_scripts
[1.488s] Installing modify_urdf script to /home/rslomron/tm_custom/install/tm_mod_urdf/lib/tm_mod_urdf
[1.488s] Installing modify_xacro script to /home/rslomron/tm_custom/install/tm_mod_urdf/lib/tm_mod_urdf
[1.489s] writing list of installed files to '/home/rslomron/tm_custom/build/tm_mod_urdf/install.log'
[1.553s] Invoked command in '/home/rslomron/tm_custom/src/tm_mod_urdf' returned '0': PYTHONPATH=/home/rslomron/tm_custom/build/tm_mod_urdf/prefix_override:/home/rslomron/tm_custom/install/tm_mod_urdf/lib/python3.10/site-packages:${PYTHONPATH} /usr/bin/python3 -W ignore:setup.py install is deprecated setup.py egg_info --egg-base ../../build/tm_mod_urdf build --build-base /home/rslomron/tm_custom/build/tm_mod_urdf/build install --record /home/rslomron/tm_custom/build/tm_mod_urdf/install.log --single-version-externally-managed install_data
