running egg_info
writing ../../build/python_demo/python_demo.egg-info/PKG-INFO
writing dependency_links to ../../build/python_demo/python_demo.egg-info/dependency_links.txt
writing entry points to ../../build/python_demo/python_demo.egg-info/entry_points.txt
writing requirements to ../../build/python_demo/python_demo.egg-info/requires.txt
writing top-level names to ../../build/python_demo/python_demo.egg-info/top_level.txt
reading manifest file '../../build/python_demo/python_demo.egg-info/SOURCES.txt'
writing manifest file '../../build/python_demo/python_demo.egg-info/SOURCES.txt'
running build
running build_py
copying python_demo/testes.py -> /home/rslomron/MoMa/tm_custom/build/python_demo/build/lib/python_demo
running install
running install_lib
copying /home/rslomron/MoMa/tm_custom/build/python_demo/build/lib/python_demo/testes.py -> /home/rslomron/MoMa/tm_custom/install/python_demo/lib/python3.10/site-packages/python_demo
byte-compiling /home/rslomron/MoMa/tm_custom/install/python_demo/lib/python3.10/site-packages/python_demo/testes.py to testes.cpython-310.pyc
running install_data
running install_egg_info
removing '/home/rslomron/MoMa/tm_custom/install/python_demo/lib/python3.10/site-packages/python_demo-0.0.0-py3.10.egg-info' (and everything under it)
Copying ../../build/python_demo/python_demo.egg-info to /home/rslomron/MoMa/tm_custom/install/python_demo/lib/python3.10/site-packages/python_demo-0.0.0-py3.10.egg-info
running install_scripts
Installing testes script to /home/rslomron/MoMa/tm_custom/install/python_demo/lib/python_demo
writing list of installed files to '/home/rslomron/MoMa/tm_custom/build/python_demo/install.log'
