[1.097s] Invoking command in '/home/rslomron/MoMa/tm_custom/build/safety_msgs': CMAKE_PREFIX_PATH=/opt/ros/humble /usr/bin/cmake /home/rslomron/MoMa/tm_custom/src/safety_msgs -DCMAKE_INSTALL_PREFIX=/home/rslomron/MoMa/tm_custom/install/safety_msgs
[2.414s] -- The C compiler identification is GNU 11.4.0
[2.414s] -- The CXX compiler identification is GNU 11.4.0
[2.415s] -- Detecting C compiler ABI info
[2.415s] -- Detecting C compiler ABI info - done
[2.415s] -- Check for working C compiler: /usr/bin/cc - skipped
[2.415s] -- Detecting C compile features
[2.415s] -- Detecting C compile features - done
[2.415s] -- Detecting CXX compiler ABI info
[2.415s] -- Detecting CXX compiler ABI info - done
[2.415s] -- Check for working CXX compiler: /usr/bin/c++ - skipped
[2.416s] -- Detecting CXX compile features
[2.416s] -- Detecting CXX compile features - done
[2.416s] -- Found ament_cmake: 1.3.8 (/opt/ros/humble/share/ament_cmake/cmake)
[2.451s] -- Found Python3: /usr/bin/python3 (found version "3.10.12") found components: Interpreter 
[2.798s] [31mCMake Error at CMakeLists.txt:30 (rosidl_generate_interfaces):
[2.798s]   Unknown CMake command "rosidl_generate_interfaces".
[2.798s] 
[2.799s] [0m
[2.799s] -- Configuring incomplete, errors occurred!
[2.799s] See also "/home/rslomron/MoMa/tm_custom/build/safety_msgs/CMakeFiles/CMakeOutput.log".
[2.819s] Invoked command in '/home/rslomron/MoMa/tm_custom/build/safety_msgs' returned '1': CMAKE_PREFIX_PATH=/opt/ros/humble /usr/bin/cmake /home/rslomron/MoMa/tm_custom/src/safety_msgs -DCMAKE_INSTALL_PREFIX=/home/rslomron/MoMa/tm_custom/install/safety_msgs
