[0.047s] Invoking command in '/home/rslomron/tm_custom/build/tm_moveit_config_tm12x': CMAKE_PREFIX_PATH=${CMAKE_PREFIX_PATH}:/home/rslomron/tm_custom/install/tm_mod_urdf:/home/rslomron/tm_custom/install/tm_get_status:/opt/ros/humble /usr/bin/cmake /home/rslomron/tm_custom/src/tm_moveit_config_tm12x -DCMAKE_INSTALL_PREFIX=/home/rslomron/tm_custom/install/tm_moveit_config_tm12x
[0.130s] -- The C compiler identification is GNU 11.4.0
[0.225s] -- The CXX compiler identification is GNU 11.4.0
[0.236s] -- Detecting C compiler ABI info
[0.359s] -- Detecting C compiler ABI info - done
[0.373s] -- Check for working C compiler: /usr/bin/cc - skipped
[0.373s] -- Detecting C compile features
[0.374s] -- Detecting C compile features - done
[0.400s] -- Detecting CXX compiler ABI info
[0.544s] -- Detecting CXX compiler ABI info - done
[0.553s] -- Check for working CXX compiler: /usr/bin/c++ - skipped
[0.554s] -- Detecting CXX compile features
[0.555s] -- Detecting CXX compile features - done
[0.558s] -- Found ament_cmake: 1.3.8 (/opt/ros/humble/share/ament_cmake/cmake)
[0.800s] -- Found Python3: /usr/bin/python3 (found version "3.10.12") found components: Interpreter 
[0.944s] -- Found ament_lint_auto: 0.12.10 (/opt/ros/humble/share/ament_lint_auto/cmake)
[1.098s] -- Added test 'lint_cmake' to check CMake code style
[1.099s] -- Added test 'xmllint' to check XML markup files
[1.099s] -- Configuring done
[1.107s] -- Generating done
[1.107s] -- Build files have been written to: /home/rslomron/tm_custom/build/tm_moveit_config_tm12x
[1.113s] Invoked command in '/home/rslomron/tm_custom/build/tm_moveit_config_tm12x' returned '0': CMAKE_PREFIX_PATH=${CMAKE_PREFIX_PATH}:/home/rslomron/tm_custom/install/tm_mod_urdf:/home/rslomron/tm_custom/install/tm_get_status:/opt/ros/humble /usr/bin/cmake /home/rslomron/tm_custom/src/tm_moveit_config_tm12x -DCMAKE_INSTALL_PREFIX=/home/rslomron/tm_custom/install/tm_moveit_config_tm12x
[1.117s] Invoking command in '/home/rslomron/tm_custom/build/tm_moveit_config_tm12x': CMAKE_PREFIX_PATH=${CMAKE_PREFIX_PATH}:/home/rslomron/tm_custom/install/tm_mod_urdf:/home/rslomron/tm_custom/install/tm_get_status:/opt/ros/humble /usr/bin/cmake --build /home/rslomron/tm_custom/build/tm_moveit_config_tm12x -- -j8 -l8
[1.170s] Invoked command in '/home/rslomron/tm_custom/build/tm_moveit_config_tm12x' returned '0': CMAKE_PREFIX_PATH=${CMAKE_PREFIX_PATH}:/home/rslomron/tm_custom/install/tm_mod_urdf:/home/rslomron/tm_custom/install/tm_get_status:/opt/ros/humble /usr/bin/cmake --build /home/rslomron/tm_custom/build/tm_moveit_config_tm12x -- -j8 -l8
[1.208s] Invoking command in '/home/rslomron/tm_custom/build/tm_moveit_config_tm12x': CMAKE_PREFIX_PATH=${CMAKE_PREFIX_PATH}:/home/rslomron/tm_custom/install/tm_mod_urdf:/home/rslomron/tm_custom/install/tm_get_status:/opt/ros/humble /usr/bin/cmake --install /home/rslomron/tm_custom/build/tm_moveit_config_tm12x
[1.218s] -- Install configuration: ""
[1.219s] -- Installing: /home/rslomron/tm_custom/install/tm_moveit_config_tm12x/share/ament_index/resource_index/package_run_dependencies/tm_moveit_config_tm12x
[1.219s] -- Installing: /home/rslomron/tm_custom/install/tm_moveit_config_tm12x/share/ament_index/resource_index/parent_prefix_path/tm_moveit_config_tm12x
[1.219s] -- Installing: /home/rslomron/tm_custom/install/tm_moveit_config_tm12x/share/tm_moveit_config_tm12x/environment/ament_prefix_path.sh
[1.219s] -- Installing: /home/rslomron/tm_custom/install/tm_moveit_config_tm12x/share/tm_moveit_config_tm12x/environment/ament_prefix_path.dsv
[1.220s] -- Installing: /home/rslomron/tm_custom/install/tm_moveit_config_tm12x/share/tm_moveit_config_tm12x/environment/path.sh
[1.220s] -- Installing: /home/rslomron/tm_custom/install/tm_moveit_config_tm12x/share/tm_moveit_config_tm12x/environment/path.dsv
[1.220s] -- Installing: /home/rslomron/tm_custom/install/tm_moveit_config_tm12x/share/tm_moveit_config_tm12x/local_setup.bash
[1.221s] -- Installing: /home/rslomron/tm_custom/install/tm_moveit_config_tm12x/share/tm_moveit_config_tm12x/local_setup.sh
[1.221s] -- Installing: /home/rslomron/tm_custom/install/tm_moveit_config_tm12x/share/tm_moveit_config_tm12x/local_setup.zsh
[1.222s] -- Installing: /home/rslomron/tm_custom/install/tm_moveit_config_tm12x/share/tm_moveit_config_tm12x/local_setup.dsv
[1.222s] -- Installing: /home/rslomron/tm_custom/install/tm_moveit_config_tm12x/share/tm_moveit_config_tm12x/package.dsv
[1.222s] -- Installing: /home/rslomron/tm_custom/install/tm_moveit_config_tm12x/share/ament_index/resource_index/packages/tm_moveit_config_tm12x
[1.223s] -- Installing: /home/rslomron/tm_custom/install/tm_moveit_config_tm12x/share/tm_moveit_config_tm12x/cmake/tm_moveit_config_tm12xConfig.cmake
[1.223s] -- Installing: /home/rslomron/tm_custom/install/tm_moveit_config_tm12x/share/tm_moveit_config_tm12x/cmake/tm_moveit_config_tm12xConfig-version.cmake
[1.223s] -- Installing: /home/rslomron/tm_custom/install/tm_moveit_config_tm12x/share/tm_moveit_config_tm12x/package.xml
[1.229s] Invoked command in '/home/rslomron/tm_custom/build/tm_moveit_config_tm12x' returned '0': CMAKE_PREFIX_PATH=${CMAKE_PREFIX_PATH}:/home/rslomron/tm_custom/install/tm_mod_urdf:/home/rslomron/tm_custom/install/tm_get_status:/opt/ros/humble /usr/bin/cmake --install /home/rslomron/tm_custom/build/tm_moveit_config_tm12x
