-- Install configuration: ""
-- Up-to-date: /home/rslomron/MoMa/tm_custom/install/tm_moveit_config_tm12x/share/ament_index/resource_index/package_run_dependencies/tm_moveit_config_tm12x
-- Up-to-date: /home/rslomron/MoMa/tm_custom/install/tm_moveit_config_tm12x/share/ament_index/resource_index/parent_prefix_path/tm_moveit_config_tm12x
-- Up-to-date: /home/rslomron/MoMa/tm_custom/install/tm_moveit_config_tm12x/share/tm_moveit_config_tm12x/environment/ament_prefix_path.sh
-- Up-to-date: /home/rslomron/MoMa/tm_custom/install/tm_moveit_config_tm12x/share/tm_moveit_config_tm12x/environment/ament_prefix_path.dsv
-- Up-to-date: /home/rslomron/MoMa/tm_custom/install/tm_moveit_config_tm12x/share/tm_moveit_config_tm12x/environment/path.sh
-- Up-to-date: /home/rslomron/MoMa/tm_custom/install/tm_moveit_config_tm12x/share/tm_moveit_config_tm12x/environment/path.dsv
-- Up-to-date: /home/rslomron/MoMa/tm_custom/install/tm_moveit_config_tm12x/share/tm_moveit_config_tm12x/local_setup.bash
-- Up-to-date: /home/rslomron/MoMa/tm_custom/install/tm_moveit_config_tm12x/share/tm_moveit_config_tm12x/local_setup.sh
-- Up-to-date: /home/rslomron/MoMa/tm_custom/install/tm_moveit_config_tm12x/share/tm_moveit_config_tm12x/local_setup.zsh
-- Up-to-date: /home/rslomron/MoMa/tm_custom/install/tm_moveit_config_tm12x/share/tm_moveit_config_tm12x/local_setup.dsv
-- Up-to-date: /home/rslomron/MoMa/tm_custom/install/tm_moveit_config_tm12x/share/tm_moveit_config_tm12x/package.dsv
-- Up-to-date: /home/rslomron/MoMa/tm_custom/install/tm_moveit_config_tm12x/share/ament_index/resource_index/packages/tm_moveit_config_tm12x
-- Up-to-date: /home/rslomron/MoMa/tm_custom/install/tm_moveit_config_tm12x/share/tm_moveit_config_tm12x/cmake/tm_moveit_config_tm12xConfig.cmake
-- Up-to-date: /home/rslomron/MoMa/tm_custom/install/tm_moveit_config_tm12x/share/tm_moveit_config_tm12x/cmake/tm_moveit_config_tm12xConfig-version.cmake
-- Up-to-date: /home/rslomron/MoMa/tm_custom/install/tm_moveit_config_tm12x/share/tm_moveit_config_tm12x/package.xml
-- Up-to-date: /home/rslomron/MoMa/tm_custom/install/tm_moveit_config_tm12x/share/tm_moveit_config_tm12x/config
-- Up-to-date: /home/rslomron/MoMa/tm_custom/install/tm_moveit_config_tm12x/share/tm_moveit_config_tm12x/config/ros_controllers.yaml
-- Up-to-date: /home/rslomron/MoMa/tm_custom/install/tm_moveit_config_tm12x/share/tm_moveit_config_tm12x/config/fake_controllers.yaml
-- Up-to-date: /home/rslomron/MoMa/tm_custom/install/tm_moveit_config_tm12x/share/tm_moveit_config_tm12x/config/stomp_planning.yaml
-- Up-to-date: /home/rslomron/MoMa/tm_custom/install/tm_moveit_config_tm12x/share/tm_moveit_config_tm12x/config/ompl_planning.yaml
-- Up-to-date: /home/rslomron/MoMa/tm_custom/install/tm_moveit_config_tm12x/share/tm_moveit_config_tm12x/config/tm12x.srdf
-- Up-to-date: /home/rslomron/MoMa/tm_custom/install/tm_moveit_config_tm12x/share/tm_moveit_config_tm12x/config/chomp_planning.yaml
-- Up-to-date: /home/rslomron/MoMa/tm_custom/install/tm_moveit_config_tm12x/share/tm_moveit_config_tm12x/config/sensors_3d.yaml
-- Up-to-date: /home/rslomron/MoMa/tm_custom/install/tm_moveit_config_tm12x/share/tm_moveit_config_tm12x/config/kinematics.yaml
-- Up-to-date: /home/rslomron/MoMa/tm_custom/install/tm_moveit_config_tm12x/share/tm_moveit_config_tm12x/config/joint_limits.yaml
