[2.242s] Invoking command in '/home/rslomron/MoMa/tm_custom/src/tm_mod_urdf': PYTHONPATH=/home/rslomron/MoMa/tm_custom/build/tm_mod_urdf/prefix_override:/home/rslomron/MoMa/tm_custom/install/tm_mod_urdf/lib/python3.10/site-packages:${PYTHONPATH} /usr/bin/python3 -W ignore:setup.py install is deprecated setup.py egg_info --egg-base ../../build/tm_mod_urdf build --build-base /home/rslomron/MoMa/tm_custom/build/tm_mod_urdf/build install --record /home/rslomron/MoMa/tm_custom/build/tm_mod_urdf/install.log --single-version-externally-managed install_data
[2.737s] running egg_info
[2.740s] writing ../../build/tm_mod_urdf/tm_mod_urdf.egg-info/PKG-INFO
[2.742s] writing dependency_links to ../../build/tm_mod_urdf/tm_mod_urdf.egg-info/dependency_links.txt
[2.743s] writing entry points to ../../build/tm_mod_urdf/tm_mod_urdf.egg-info/entry_points.txt
[2.752s] writing requirements to ../../build/tm_mod_urdf/tm_mod_urdf.egg-info/requires.txt
[2.753s] writing top-level names to ../../build/tm_mod_urdf/tm_mod_urdf.egg-info/top_level.txt
[2.753s] reading manifest file '../../build/tm_mod_urdf/tm_mod_urdf.egg-info/SOURCES.txt'
[2.755s] writing manifest file '../../build/tm_mod_urdf/tm_mod_urdf.egg-info/SOURCES.txt'
[2.755s] running build
[2.755s] running build_py
[2.755s] running install
[2.756s] running install_lib
[2.758s] running install_data
[2.760s] running install_egg_info
[2.761s] removing '/home/rslomron/MoMa/tm_custom/install/tm_mod_urdf/lib/python3.10/site-packages/tm_mod_urdf-1.1.2-py3.10.egg-info' (and everything under it)
[2.761s] Copying ../../build/tm_mod_urdf/tm_mod_urdf.egg-info to /home/rslomron/MoMa/tm_custom/install/tm_mod_urdf/lib/python3.10/site-packages/tm_mod_urdf-1.1.2-py3.10.egg-info
[2.762s] running install_scripts
[2.800s] Installing modify_urdf script to /home/rslomron/MoMa/tm_custom/install/tm_mod_urdf/lib/tm_mod_urdf
[2.800s] Installing modify_xacro script to /home/rslomron/MoMa/tm_custom/install/tm_mod_urdf/lib/tm_mod_urdf
[2.801s] writing list of installed files to '/home/rslomron/MoMa/tm_custom/build/tm_mod_urdf/install.log'
[2.846s] Invoked command in '/home/rslomron/MoMa/tm_custom/src/tm_mod_urdf' returned '0': PYTHONPATH=/home/rslomron/MoMa/tm_custom/build/tm_mod_urdf/prefix_override:/home/rslomron/MoMa/tm_custom/install/tm_mod_urdf/lib/python3.10/site-packages:${PYTHONPATH} /usr/bin/python3 -W ignore:setup.py install is deprecated setup.py egg_info --egg-base ../../build/tm_mod_urdf build --build-base /home/rslomron/MoMa/tm_custom/build/tm_mod_urdf/build install --record /home/rslomron/MoMa/tm_custom/build/tm_mod_urdf/install.log --single-version-externally-managed install_data
