[35m[1mConsolidate compiler generated dependencies of target demo_send_script[0m
[35m[1mConsolidate compiler generated dependencies of target demo_connect_tm[0m
[35m[1mConsolidate compiler generated dependencies of target demo_set_event[0m
[35m[1mConsolidate compiler generated dependencies of target demo_write_item[0m
[  7%] Built target demo_connect_tm
[ 14%] Built target demo_ask_sta
[ 17%] [32mBuilding CXX object CMakeFiles/demo_send_script.dir/src/demo_send_script.cpp.o[0m
[ 25%] Built target demo_set_io
[ 28%] [32mBuilding CXX object CMakeFiles/demo_set_event.dir/src/demo_set_event.cpp.o[0m
[ 32%] [32mBuilding CXX object CMakeFiles/demo_write_item.dir/src/demo_write_item.cpp.o[0m
[ 39%] Built target demo_set_positions
[ 46%] Built target demo_ask_item
[ 53%] Built target demo_get_feedback
[ 60%] Built target demo_get_torque_feedback
[ 67%] Built target demo_get_sct_response
[35m[1mConsolidate compiler generated dependencies of target demo_leave_listen_node[0m
[ 75%] Built target demo_get_sta_response
[ 82%] Built target demo_get_svr_response
[ 85%] [32mBuilding CXX object CMakeFiles/demo_leave_listen_node.dir/src/demo_leave_listen_node.cpp.o[0m
[ 89%] [32m[1mLinking CXX executable demo_write_item[0m
[ 89%] Built target demo_write_item
