[0.036s] Invoking command in '/home/rslomron/MoMa/tm_custom/build/tm_msgs': CMAKE_PREFIX_PATH=/opt/ros/humble /usr/bin/cmake --build /home/rslomron/MoMa/tm_custom/build/tm_msgs -- -j8 -l8
[1.499s] [  0%] Built target tm_msgs__cpp
[1.500s] [  0%] Built target ament_cmake_python_copy_tm_msgs
[1.500s] [ 12%] Built target tm_msgs__rosidl_generator_c
[1.500s] [ 24%] Built target tm_msgs__rosidl_typesupport_cpp
[1.500s] [ 36%] Built target tm_msgs__rosidl_typesupport_introspection_cpp
[1.500s] [ 47%] Built target tm_msgs__rosidl_typesupport_fastrtps_cpp
[1.500s] [ 59%] Built target tm_msgs__rosidl_typesupport_introspection_c
[1.500s] [ 71%] Built target tm_msgs__rosidl_typesupport_fastrtps_c
[1.500s] [ 83%] Built target tm_msgs__rosidl_typesupport_c
[1.500s] [ 83%] Built target tm_msgs
[1.500s] [ 84%] Built target tm_msgs__py
[1.501s] [ 95%] Built target tm_msgs__rosidl_generator_py
[1.501s] [ 97%] Built target tm_msgs__rosidl_typesupport_fastrtps_c__pyext
[1.501s] [ 98%] Built target tm_msgs__rosidl_typesupport_c__pyext
[1.501s] [100%] Built target tm_msgs__rosidl_typesupport_introspection_c__pyext
[1.502s] running egg_info
[1.502s] writing tm_msgs.egg-info/PKG-INFO
[1.503s] writing dependency_links to tm_msgs.egg-info/dependency_links.txt
[1.503s] writing top-level names to tm_msgs.egg-info/top_level.txt
[1.503s] reading manifest file 'tm_msgs.egg-info/SOURCES.txt'
[1.503s] writing manifest file 'tm_msgs.egg-info/SOURCES.txt'
[1.504s] [100%] Built target ament_cmake_python_build_tm_msgs_egg
[1.513s] Invoked command in '/home/rslomron/MoMa/tm_custom/build/tm_msgs' returned '0': CMAKE_PREFIX_PATH=/opt/ros/humble /usr/bin/cmake --build /home/rslomron/MoMa/tm_custom/build/tm_msgs -- -j8 -l8
[2.441s] Invoking command in '/home/rslomron/MoMa/tm_custom/build/tm_msgs': CMAKE_PREFIX_PATH=/opt/ros/humble /usr/bin/cmake --install /home/rslomron/MoMa/tm_custom/build/tm_msgs
[2.943s] -- Install configuration: ""
[2.943s] -- Up-to-date: /home/rslomron/MoMa/tm_custom/install/tm_msgs/share/ament_index/resource_index/rosidl_interfaces/tm_msgs
[2.944s] -- Up-to-date: /home/rslomron/MoMa/tm_custom/install/tm_msgs/include/tm_msgs/tm_msgs
[2.944s] -- Up-to-date: /home/rslomron/MoMa/tm_custom/install/tm_msgs/include/tm_msgs/tm_msgs/msg
[2.944s] -- Up-to-date: /home/rslomron/MoMa/tm_custom/install/tm_msgs/include/tm_msgs/tm_msgs/msg/detail
[2.944s] -- Up-to-date: /home/rslomron/MoMa/tm_custom/install/tm_msgs/include/tm_msgs/tm_msgs/msg/detail/sct_response__functions.c
[2.944s] -- Up-to-date: /home/rslomron/MoMa/tm_custom/install/tm_msgs/include/tm_msgs/tm_msgs/msg/detail/feedback_state__type_support.h
[2.944s] -- Up-to-date: /home/rslomron/MoMa/tm_custom/install/tm_msgs/include/tm_msgs/tm_msgs/msg/detail/svr_response__functions.c
[2.944s] -- Up-to-date: /home/rslomron/MoMa/tm_custom/install/tm_msgs/include/tm_msgs/tm_msgs/msg/detail/sct_response__functions.h
[2.944s] -- Up-to-date: /home/rslomron/MoMa/tm_custom/install/tm_msgs/include/tm_msgs/tm_msgs/msg/detail/feedback_state__functions.c
[2.944s] -- Up-to-date: /home/rslomron/MoMa/tm_custom/install/tm_msgs/include/tm_msgs/tm_msgs/msg/detail/svr_response__functions.h
[2.945s] -- Up-to-date: /home/rslomron/MoMa/tm_custom/install/tm_msgs/include/tm_msgs/tm_msgs/msg/detail/sta_response__functions.h
[2.945s] -- Up-to-date: /home/rslomron/MoMa/tm_custom/install/tm_msgs/include/tm_msgs/tm_msgs/msg/detail/sct_response__struct.h
[2.945s] -- Up-to-date: /home/rslomron/MoMa/tm_custom/install/tm_msgs/include/tm_msgs/tm_msgs/msg/detail/sta_response__type_support.h
[2.945s] -- Up-to-date: /home/rslomron/MoMa/tm_custom/install/tm_msgs/include/tm_msgs/tm_msgs/msg/detail/sct_response__type_support.h
[2.945s] -- Up-to-date: /home/rslomron/MoMa/tm_custom/install/tm_msgs/include/tm_msgs/tm_msgs/msg/detail/svr_response__type_support.h
[2.945s] -- Up-to-date: /home/rslomron/MoMa/tm_custom/install/tm_msgs/include/tm_msgs/tm_msgs/msg/detail/svr_response__struct.h
[2.945s] -- Up-to-date: /home/rslomron/MoMa/tm_custom/install/tm_msgs/include/tm_msgs/tm_msgs/msg/detail/sta_response__functions.c
[2.945s] -- Up-to-date: /home/rslomron/MoMa/tm_custom/install/tm_msgs/include/tm_msgs/tm_msgs/msg/detail/feedback_state__functions.h
[2.946s] -- Up-to-date: /home/rslomron/MoMa/tm_custom/install/tm_msgs/include/tm_msgs/tm_msgs/msg/detail/sta_response__struct.h
[2.946s] -- Up-to-date: /home/rslomron/MoMa/tm_custom/install/tm_msgs/include/tm_msgs/tm_msgs/msg/detail/feedback_state__struct.h
[2.946s] -- Up-to-date: /home/rslomron/MoMa/tm_custom/install/tm_msgs/include/tm_msgs/tm_msgs/msg/sta_response.h
[2.946s] -- Up-to-date: /home/rslomron/MoMa/tm_custom/install/tm_msgs/include/tm_msgs/tm_msgs/msg/svr_response.h
[2.946s] -- Up-to-date: /home/rslomron/MoMa/tm_custom/install/tm_msgs/include/tm_msgs/tm_msgs/msg/rosidl_generator_c__visibility_control.h
[2.946s] -- Up-to-date: /home/rslomron/MoMa/tm_custom/install/tm_msgs/include/tm_msgs/tm_msgs/msg/sct_response.h
[2.946s] -- Up-to-date: /home/rslomron/MoMa/tm_custom/install/tm_msgs/include/tm_msgs/tm_msgs/msg/feedback_state.h
[2.946s] -- Up-to-date: /home/rslomron/MoMa/tm_custom/install/tm_msgs/include/tm_msgs/tm_msgs/srv
[2.947s] -- Up-to-date: /home/rslomron/MoMa/tm_custom/install/tm_msgs/include/tm_msgs/tm_msgs/srv/detail
[2.947s] -- Up-to-date: /home/rslomron/MoMa/tm_custom/install/tm_msgs/include/tm_msgs/tm_msgs/srv/detail/send_script__functions.h
[2.947s] -- Up-to-date: /home/rslomron/MoMa/tm_custom/install/tm_msgs/include/tm_msgs/tm_msgs/srv/detail/send_script__functions.c
[2.947s] -- Up-to-date: /home/rslomron/MoMa/tm_custom/install/tm_msgs/include/tm_msgs/tm_msgs/srv/detail/ask_item__type_support.h
[2.947s] -- Up-to-date: /home/rslomron/MoMa/tm_custom/install/tm_msgs/include/tm_msgs/tm_msgs/srv/detail/ask_sta__type_support.h
[2.947s] -- Up-to-date: /home/rslomron/MoMa/tm_custom/install/tm_msgs/include/tm_msgs/tm_msgs/srv/detail/write_item__struct.h
[2.947s] -- Up-to-date: /home/rslomron/MoMa/tm_custom/install/tm_msgs/include/tm_msgs/tm_msgs/srv/detail/ask_sta__functions.h
[2.947s] -- Up-to-date: /home/rslomron/MoMa/tm_custom/install/tm_msgs/include/tm_msgs/tm_msgs/srv/detail/write_item__functions.c
[2.948s] -- Up-to-date: /home/rslomron/MoMa/tm_custom/install/tm_msgs/include/tm_msgs/tm_msgs/srv/detail/set_io__type_support.h
[2.967s] -- Up-to-date: /home/rslomron/MoMa/tm_custom/install/tm_msgs/include/tm_msgs/tm_msgs/srv/detail/ask_item__struct.h
[2.967s] -- Up-to-date: /home/rslomron/MoMa/tm_custom/install/tm_msgs/include/tm_msgs/tm_msgs/srv/detail/set_event__functions.h
[2.967s] -- Up-to-date: /home/rslomron/MoMa/tm_custom/install/tm_msgs/include/tm_msgs/tm_msgs/srv/detail/set_positions__struct.h
[2.967s] -- Up-to-date: /home/rslomron/MoMa/tm_custom/install/tm_msgs/include/tm_msgs/tm_msgs/srv/detail/set_io__functions.c
[2.967s] -- Up-to-date: /home/rslomron/MoMa/tm_custom/install/tm_msgs/include/tm_msgs/tm_msgs/srv/detail/connect_tm__struct.h
[2.967s] -- Up-to-date: /home/rslomron/MoMa/tm_custom/install/tm_msgs/include/tm_msgs/tm_msgs/srv/detail/set_positions__functions.c
[2.968s] -- Up-to-date: /home/rslomron/MoMa/tm_custom/install/tm_msgs/include/tm_msgs/tm_msgs/srv/detail/set_positions__functions.h
[2.968s] -- Up-to-date: /home/rslomron/MoMa/tm_custom/install/tm_msgs/include/tm_msgs/tm_msgs/srv/detail/ask_item__functions.c
[2.968s] -- Up-to-date: /home/rslomron/MoMa/tm_custom/install/tm_msgs/include/tm_msgs/tm_msgs/srv/detail/ask_item__functions.h
[2.968s] -- Up-to-date: /home/rslomron/MoMa/tm_custom/install/tm_msgs/include/tm_msgs/tm_msgs/srv/detail/set_event__functions.c
[2.968s] -- Up-to-date: /home/rslomron/MoMa/tm_custom/install/tm_msgs/include/tm_msgs/tm_msgs/srv/detail/connect_tm__functions.h
[2.968s] -- Up-to-date: /home/rslomron/MoMa/tm_custom/install/tm_msgs/include/tm_msgs/tm_msgs/srv/detail/send_script__type_support.h
[2.968s] -- Up-to-date: /home/rslomron/MoMa/tm_custom/install/tm_msgs/include/tm_msgs/tm_msgs/srv/detail/set_event__struct.h
[2.969s] -- Up-to-date: /home/rslomron/MoMa/tm_custom/install/tm_msgs/include/tm_msgs/tm_msgs/srv/detail/write_item__type_support.h
[2.969s] -- Up-to-date: /home/rslomron/MoMa/tm_custom/install/tm_msgs/include/tm_msgs/tm_msgs/srv/detail/send_script__struct.h
[2.969s] -- Up-to-date: /home/rslomron/MoMa/tm_custom/install/tm_msgs/include/tm_msgs/tm_msgs/srv/detail/connect_tm__functions.c
[2.969s] -- Up-to-date: /home/rslomron/MoMa/tm_custom/install/tm_msgs/include/tm_msgs/tm_msgs/srv/detail/set_positions__type_support.h
[2.969s] -- Up-to-date: /home/rslomron/MoMa/tm_custom/install/tm_msgs/include/tm_msgs/tm_msgs/srv/detail/set_event__type_support.h
[2.969s] -- Up-to-date: /home/rslomron/MoMa/tm_custom/install/tm_msgs/include/tm_msgs/tm_msgs/srv/detail/connect_tm__type_support.h
[2.969s] -- Up-to-date: /home/rslomron/MoMa/tm_custom/install/tm_msgs/include/tm_msgs/tm_msgs/srv/detail/set_io__functions.h
[2.969s] -- Up-to-date: /home/rslomron/MoMa/tm_custom/install/tm_msgs/include/tm_msgs/tm_msgs/srv/detail/ask_sta__functions.c
[2.970s] -- Up-to-date: /home/rslomron/MoMa/tm_custom/install/tm_msgs/include/tm_msgs/tm_msgs/srv/detail/ask_sta__struct.h
[2.970s] -- Up-to-date: /home/rslomron/MoMa/tm_custom/install/tm_msgs/include/tm_msgs/tm_msgs/srv/detail/set_io__struct.h
[2.970s] -- Up-to-date: /home/rslomron/MoMa/tm_custom/install/tm_msgs/include/tm_msgs/tm_msgs/srv/detail/write_item__functions.h
[2.970s] -- Up-to-date: /home/rslomron/MoMa/tm_custom/install/tm_msgs/include/tm_msgs/tm_msgs/srv/connect_tm.h
[2.970s] -- Up-to-date: /home/rslomron/MoMa/tm_custom/install/tm_msgs/include/tm_msgs/tm_msgs/srv/ask_item.h
[2.970s] -- Up-to-date: /home/rslomron/MoMa/tm_custom/install/tm_msgs/include/tm_msgs/tm_msgs/srv/ask_sta.h
[2.970s] -- Up-to-date: /home/rslomron/MoMa/tm_custom/install/tm_msgs/include/tm_msgs/tm_msgs/srv/write_item.h
[2.970s] -- Up-to-date: /home/rslomron/MoMa/tm_custom/install/tm_msgs/include/tm_msgs/tm_msgs/srv/set_io.h
[2.971s] -- Up-to-date: /home/rslomron/MoMa/tm_custom/install/tm_msgs/include/tm_msgs/tm_msgs/srv/set_event.h
[2.971s] -- Up-to-date: /home/rslomron/MoMa/tm_custom/install/tm_msgs/include/tm_msgs/tm_msgs/srv/set_positions.h
[2.971s] -- Up-to-date: /home/rslomron/MoMa/tm_custom/install/tm_msgs/include/tm_msgs/tm_msgs/srv/send_script.h
[2.971s] -- Up-to-date: /home/rslomron/MoMa/tm_custom/install/tm_msgs/share/tm_msgs/environment/library_path.sh
[2.971s] -- Up-to-date: /home/rslomron/MoMa/tm_custom/install/tm_msgs/share/tm_msgs/environment/library_path.dsv
[2.971s] -- Up-to-date: /home/rslomron/MoMa/tm_custom/install/tm_msgs/lib/libtm_msgs__rosidl_generator_c.so
[2.971s] -- Up-to-date: /home/rslomron/MoMa/tm_custom/install/tm_msgs/include/tm_msgs/tm_msgs
[2.971s] -- Up-to-date: /home/rslomron/MoMa/tm_custom/install/tm_msgs/include/tm_msgs/tm_msgs/msg
[2.971s] -- Up-to-date: /home/rslomron/MoMa/tm_custom/install/tm_msgs/include/tm_msgs/tm_msgs/msg/detail
[2.972s] -- Up-to-date: /home/rslomron/MoMa/tm_custom/install/tm_msgs/include/tm_msgs/tm_msgs/msg/detail/feedback_state__rosidl_typesupport_fastrtps_c.h
[2.972s] -- Up-to-date: /home/rslomron/MoMa/tm_custom/install/tm_msgs/include/tm_msgs/tm_msgs/msg/detail/sta_response__rosidl_typesupport_fastrtps_c.h
[2.972s] -- Up-to-date: /home/rslomron/MoMa/tm_custom/install/tm_msgs/include/tm_msgs/tm_msgs/msg/detail/svr_response__rosidl_typesupport_fastrtps_c.h
[2.972s] -- Up-to-date: /home/rslomron/MoMa/tm_custom/install/tm_msgs/include/tm_msgs/tm_msgs/msg/detail/sct_response__rosidl_typesupport_fastrtps_c.h
[2.972s] -- Up-to-date: /home/rslomron/MoMa/tm_custom/install/tm_msgs/include/tm_msgs/tm_msgs/msg/rosidl_typesupport_fastrtps_c__visibility_control.h
[2.972s] -- Up-to-date: /home/rslomron/MoMa/tm_custom/install/tm_msgs/include/tm_msgs/tm_msgs/srv
[2.972s] -- Up-to-date: /home/rslomron/MoMa/tm_custom/install/tm_msgs/include/tm_msgs/tm_msgs/srv/detail
[2.972s] -- Up-to-date: /home/rslomron/MoMa/tm_custom/install/tm_msgs/include/tm_msgs/tm_msgs/srv/detail/set_event__rosidl_typesupport_fastrtps_c.h
[2.972s] -- Up-to-date: /home/rslomron/MoMa/tm_custom/install/tm_msgs/include/tm_msgs/tm_msgs/srv/detail/ask_item__rosidl_typesupport_fastrtps_c.h
[2.972s] -- Up-to-date: /home/rslomron/MoMa/tm_custom/install/tm_msgs/include/tm_msgs/tm_msgs/srv/detail/connect_tm__rosidl_typesupport_fastrtps_c.h
[2.973s] -- Up-to-date: /home/rslomron/MoMa/tm_custom/install/tm_msgs/include/tm_msgs/tm_msgs/srv/detail/write_item__rosidl_typesupport_fastrtps_c.h
[2.973s] -- Up-to-date: /home/rslomron/MoMa/tm_custom/install/tm_msgs/include/tm_msgs/tm_msgs/srv/detail/set_positions__rosidl_typesupport_fastrtps_c.h
[2.973s] -- Up-to-date: /home/rslomron/MoMa/tm_custom/install/tm_msgs/include/tm_msgs/tm_msgs/srv/detail/send_script__rosidl_typesupport_fastrtps_c.h
[2.973s] -- Up-to-date: /home/rslomron/MoMa/tm_custom/install/tm_msgs/include/tm_msgs/tm_msgs/srv/detail/set_io__rosidl_typesupport_fastrtps_c.h
[2.973s] -- Up-to-date: /home/rslomron/MoMa/tm_custom/install/tm_msgs/include/tm_msgs/tm_msgs/srv/detail/ask_sta__rosidl_typesupport_fastrtps_c.h
[2.973s] -- Up-to-date: /home/rslomron/MoMa/tm_custom/install/tm_msgs/lib/libtm_msgs__rosidl_typesupport_fastrtps_c.so
[2.973s] -- Up-to-date: /home/rslomron/MoMa/tm_custom/install/tm_msgs/include/tm_msgs/tm_msgs
[2.973s] -- Up-to-date: /home/rslomron/MoMa/tm_custom/install/tm_msgs/include/tm_msgs/tm_msgs/msg
[2.973s] -- Up-to-date: /home/rslomron/MoMa/tm_custom/install/tm_msgs/include/tm_msgs/tm_msgs/msg/detail
[2.974s] -- Up-to-date: /home/rslomron/MoMa/tm_custom/install/tm_msgs/include/tm_msgs/tm_msgs/msg/detail/svr_response__struct.hpp
[2.974s] -- Up-to-date: /home/rslomron/MoMa/tm_custom/install/tm_msgs/include/tm_msgs/tm_msgs/msg/detail/sta_response__builder.hpp
[2.974s] -- Up-to-date: /home/rslomron/MoMa/tm_custom/install/tm_msgs/include/tm_msgs/tm_msgs/msg/detail/sct_response__builder.hpp
[2.974s] -- Up-to-date: /home/rslomron/MoMa/tm_custom/install/tm_msgs/include/tm_msgs/tm_msgs/msg/detail/feedback_state__struct.hpp
[2.974s] -- Up-to-date: /home/rslomron/MoMa/tm_custom/install/tm_msgs/include/tm_msgs/tm_msgs/msg/detail/sct_response__traits.hpp
[2.974s] -- Up-to-date: /home/rslomron/MoMa/tm_custom/install/tm_msgs/include/tm_msgs/tm_msgs/msg/detail/svr_response__traits.hpp
[2.974s] -- Up-to-date: /home/rslomron/MoMa/tm_custom/install/tm_msgs/include/tm_msgs/tm_msgs/msg/detail/svr_response__builder.hpp
[2.974s] -- Up-to-date: /home/rslomron/MoMa/tm_custom/install/tm_msgs/include/tm_msgs/tm_msgs/msg/detail/sct_response__struct.hpp
[2.974s] -- Up-to-date: /home/rslomron/MoMa/tm_custom/install/tm_msgs/include/tm_msgs/tm_msgs/msg/detail/feedback_state__builder.hpp
[2.975s] -- Up-to-date: /home/rslomron/MoMa/tm_custom/install/tm_msgs/include/tm_msgs/tm_msgs/msg/detail/feedback_state__traits.hpp
[2.975s] -- Up-to-date: /home/rslomron/MoMa/tm_custom/install/tm_msgs/include/tm_msgs/tm_msgs/msg/detail/sta_response__struct.hpp
[2.975s] -- Up-to-date: /home/rslomron/MoMa/tm_custom/install/tm_msgs/include/tm_msgs/tm_msgs/msg/detail/sta_response__traits.hpp
[2.975s] -- Up-to-date: /home/rslomron/MoMa/tm_custom/install/tm_msgs/include/tm_msgs/tm_msgs/msg/sta_response.hpp
[2.975s] -- Up-to-date: /home/rslomron/MoMa/tm_custom/install/tm_msgs/include/tm_msgs/tm_msgs/msg/sct_response.hpp
[2.975s] -- Up-to-date: /home/rslomron/MoMa/tm_custom/install/tm_msgs/include/tm_msgs/tm_msgs/msg/svr_response.hpp
[2.975s] -- Up-to-date: /home/rslomron/MoMa/tm_custom/install/tm_msgs/include/tm_msgs/tm_msgs/msg/feedback_state.hpp
[2.975s] -- Up-to-date: /home/rslomron/MoMa/tm_custom/install/tm_msgs/include/tm_msgs/tm_msgs/srv
[2.975s] -- Up-to-date: /home/rslomron/MoMa/tm_custom/install/tm_msgs/include/tm_msgs/tm_msgs/srv/detail
[2.976s] -- Up-to-date: /home/rslomron/MoMa/tm_custom/install/tm_msgs/include/tm_msgs/tm_msgs/srv/detail/ask_sta__builder.hpp
[2.976s] -- Up-to-date: /home/rslomron/MoMa/tm_custom/install/tm_msgs/include/tm_msgs/tm_msgs/srv/detail/send_script__struct.hpp
[2.988s] -- Up-to-date: /home/rslomron/MoMa/tm_custom/install/tm_msgs/include/tm_msgs/tm_msgs/srv/detail/ask_item__builder.hpp
[2.988s] -- Up-to-date: /home/rslomron/MoMa/tm_custom/install/tm_msgs/include/tm_msgs/tm_msgs/srv/detail/connect_tm__struct.hpp
[2.988s] -- Up-to-date: /home/rslomron/MoMa/tm_custom/install/tm_msgs/include/tm_msgs/tm_msgs/srv/detail/set_event__traits.hpp
[2.988s] -- Up-to-date: /home/rslomron/MoMa/tm_custom/install/tm_msgs/include/tm_msgs/tm_msgs/srv/detail/ask_sta__traits.hpp
[2.988s] -- Up-to-date: /home/rslomron/MoMa/tm_custom/install/tm_msgs/include/tm_msgs/tm_msgs/srv/detail/set_positions__traits.hpp
[2.988s] -- Up-to-date: /home/rslomron/MoMa/tm_custom/install/tm_msgs/include/tm_msgs/tm_msgs/srv/detail/set_io__builder.hpp
[2.988s] -- Up-to-date: /home/rslomron/MoMa/tm_custom/install/tm_msgs/include/tm_msgs/tm_msgs/srv/detail/write_item__builder.hpp
[2.988s] -- Up-to-date: /home/rslomron/MoMa/tm_custom/install/tm_msgs/include/tm_msgs/tm_msgs/srv/detail/set_io__struct.hpp
[2.989s] -- Up-to-date: /home/rslomron/MoMa/tm_custom/install/tm_msgs/include/tm_msgs/tm_msgs/srv/detail/set_io__traits.hpp
[2.989s] -- Up-to-date: /home/rslomron/MoMa/tm_custom/install/tm_msgs/include/tm_msgs/tm_msgs/srv/detail/ask_item__traits.hpp
[2.989s] -- Up-to-date: /home/rslomron/MoMa/tm_custom/install/tm_msgs/include/tm_msgs/tm_msgs/srv/detail/set_positions__struct.hpp
[2.989s] -- Up-to-date: /home/rslomron/MoMa/tm_custom/install/tm_msgs/include/tm_msgs/tm_msgs/srv/detail/ask_sta__struct.hpp
[2.989s] -- Up-to-date: /home/rslomron/MoMa/tm_custom/install/tm_msgs/include/tm_msgs/tm_msgs/srv/detail/connect_tm__builder.hpp
[2.989s] -- Up-to-date: /home/rslomron/MoMa/tm_custom/install/tm_msgs/include/tm_msgs/tm_msgs/srv/detail/write_item__traits.hpp
[2.989s] -- Up-to-date: /home/rslomron/MoMa/tm_custom/install/tm_msgs/include/tm_msgs/tm_msgs/srv/detail/ask_item__struct.hpp
[2.989s] -- Up-to-date: /home/rslomron/MoMa/tm_custom/install/tm_msgs/include/tm_msgs/tm_msgs/srv/detail/send_script__traits.hpp
[2.989s] -- Up-to-date: /home/rslomron/MoMa/tm_custom/install/tm_msgs/include/tm_msgs/tm_msgs/srv/detail/set_positions__builder.hpp
[2.990s] -- Up-to-date: /home/rslomron/MoMa/tm_custom/install/tm_msgs/include/tm_msgs/tm_msgs/srv/detail/send_script__builder.hpp
[2.990s] -- Up-to-date: /home/rslomron/MoMa/tm_custom/install/tm_msgs/include/tm_msgs/tm_msgs/srv/detail/connect_tm__traits.hpp
[2.990s] -- Up-to-date: /home/rslomron/MoMa/tm_custom/install/tm_msgs/include/tm_msgs/tm_msgs/srv/detail/set_event__struct.hpp
[2.990s] -- Up-to-date: /home/rslomron/MoMa/tm_custom/install/tm_msgs/include/tm_msgs/tm_msgs/srv/detail/write_item__struct.hpp
[2.990s] -- Up-to-date: /home/rslomron/MoMa/tm_custom/install/tm_msgs/include/tm_msgs/tm_msgs/srv/detail/set_event__builder.hpp
[2.990s] -- Up-to-date: /home/rslomron/MoMa/tm_custom/install/tm_msgs/include/tm_msgs/tm_msgs/srv/set_io.hpp
[2.990s] -- Up-to-date: /home/rslomron/MoMa/tm_custom/install/tm_msgs/include/tm_msgs/tm_msgs/srv/set_event.hpp
[2.991s] -- Up-to-date: /home/rslomron/MoMa/tm_custom/install/tm_msgs/include/tm_msgs/tm_msgs/srv/ask_item.hpp
[2.991s] -- Up-to-date: /home/rslomron/MoMa/tm_custom/install/tm_msgs/include/tm_msgs/tm_msgs/srv/send_script.hpp
[2.991s] -- Up-to-date: /home/rslomron/MoMa/tm_custom/install/tm_msgs/include/tm_msgs/tm_msgs/srv/set_positions.hpp
[2.991s] -- Up-to-date: /home/rslomron/MoMa/tm_custom/install/tm_msgs/include/tm_msgs/tm_msgs/srv/connect_tm.hpp
[2.991s] -- Up-to-date: /home/rslomron/MoMa/tm_custom/install/tm_msgs/include/tm_msgs/tm_msgs/srv/write_item.hpp
[2.991s] -- Up-to-date: /home/rslomron/MoMa/tm_custom/install/tm_msgs/include/tm_msgs/tm_msgs/srv/ask_sta.hpp
[2.991s] -- Up-to-date: /home/rslomron/MoMa/tm_custom/install/tm_msgs/include/tm_msgs/tm_msgs
[2.991s] -- Up-to-date: /home/rslomron/MoMa/tm_custom/install/tm_msgs/include/tm_msgs/tm_msgs/msg
[2.991s] -- Up-to-date: /home/rslomron/MoMa/tm_custom/install/tm_msgs/include/tm_msgs/tm_msgs/msg/detail
[2.991s] -- Up-to-date: /home/rslomron/MoMa/tm_custom/install/tm_msgs/include/tm_msgs/tm_msgs/msg/detail/dds_fastrtps
[2.992s] -- Up-to-date: /home/rslomron/MoMa/tm_custom/install/tm_msgs/include/tm_msgs/tm_msgs/msg/detail/feedback_state__rosidl_typesupport_fastrtps_cpp.hpp
[2.992s] -- Up-to-date: /home/rslomron/MoMa/tm_custom/install/tm_msgs/include/tm_msgs/tm_msgs/msg/detail/sta_response__rosidl_typesupport_fastrtps_cpp.hpp
[2.992s] -- Up-to-date: /home/rslomron/MoMa/tm_custom/install/tm_msgs/include/tm_msgs/tm_msgs/msg/detail/svr_response__rosidl_typesupport_fastrtps_cpp.hpp
[2.992s] -- Up-to-date: /home/rslomron/MoMa/tm_custom/install/tm_msgs/include/tm_msgs/tm_msgs/msg/detail/sct_response__rosidl_typesupport_fastrtps_cpp.hpp
[2.992s] -- Up-to-date: /home/rslomron/MoMa/tm_custom/install/tm_msgs/include/tm_msgs/tm_msgs/msg/rosidl_typesupport_fastrtps_cpp__visibility_control.h
[2.992s] -- Up-to-date: /home/rslomron/MoMa/tm_custom/install/tm_msgs/include/tm_msgs/tm_msgs/srv
[2.992s] -- Up-to-date: /home/rslomron/MoMa/tm_custom/install/tm_msgs/include/tm_msgs/tm_msgs/srv/detail
[2.992s] -- Up-to-date: /home/rslomron/MoMa/tm_custom/install/tm_msgs/include/tm_msgs/tm_msgs/srv/detail/dds_fastrtps
[2.992s] -- Up-to-date: /home/rslomron/MoMa/tm_custom/install/tm_msgs/include/tm_msgs/tm_msgs/srv/detail/send_script__rosidl_typesupport_fastrtps_cpp.hpp
[2.993s] -- Up-to-date: /home/rslomron/MoMa/tm_custom/install/tm_msgs/include/tm_msgs/tm_msgs/srv/detail/set_positions__rosidl_typesupport_fastrtps_cpp.hpp
[2.993s] -- Up-to-date: /home/rslomron/MoMa/tm_custom/install/tm_msgs/include/tm_msgs/tm_msgs/srv/detail/ask_item__rosidl_typesupport_fastrtps_cpp.hpp
[2.993s] -- Up-to-date: /home/rslomron/MoMa/tm_custom/install/tm_msgs/include/tm_msgs/tm_msgs/srv/detail/connect_tm__rosidl_typesupport_fastrtps_cpp.hpp
[2.993s] -- Up-to-date: /home/rslomron/MoMa/tm_custom/install/tm_msgs/include/tm_msgs/tm_msgs/srv/detail/set_event__rosidl_typesupport_fastrtps_cpp.hpp
[2.993s] -- Up-to-date: /home/rslomron/MoMa/tm_custom/install/tm_msgs/include/tm_msgs/tm_msgs/srv/detail/ask_sta__rosidl_typesupport_fastrtps_cpp.hpp
[2.993s] -- Up-to-date: /home/rslomron/MoMa/tm_custom/install/tm_msgs/include/tm_msgs/tm_msgs/srv/detail/set_io__rosidl_typesupport_fastrtps_cpp.hpp
[2.993s] -- Up-to-date: /home/rslomron/MoMa/tm_custom/install/tm_msgs/include/tm_msgs/tm_msgs/srv/detail/write_item__rosidl_typesupport_fastrtps_cpp.hpp
[2.993s] -- Up-to-date: /home/rslomron/MoMa/tm_custom/install/tm_msgs/lib/libtm_msgs__rosidl_typesupport_fastrtps_cpp.so
[2.993s] -- Up-to-date: /home/rslomron/MoMa/tm_custom/install/tm_msgs/include/tm_msgs/tm_msgs
[2.994s] -- Up-to-date: /home/rslomron/MoMa/tm_custom/install/tm_msgs/include/tm_msgs/tm_msgs/msg
[2.994s] -- Up-to-date: /home/rslomron/MoMa/tm_custom/install/tm_msgs/include/tm_msgs/tm_msgs/msg/detail
[2.994s] -- Up-to-date: /home/rslomron/MoMa/tm_custom/install/tm_msgs/include/tm_msgs/tm_msgs/msg/detail/sta_response__type_support.c
[2.994s] -- Up-to-date: /home/rslomron/MoMa/tm_custom/install/tm_msgs/include/tm_msgs/tm_msgs/msg/detail/feedback_state__rosidl_typesupport_introspection_c.h
[2.994s] -- Up-to-date: /home/rslomron/MoMa/tm_custom/install/tm_msgs/include/tm_msgs/tm_msgs/msg/detail/feedback_state__type_support.c
[2.994s] -- Up-to-date: /home/rslomron/MoMa/tm_custom/install/tm_msgs/include/tm_msgs/tm_msgs/msg/detail/sct_response__rosidl_typesupport_introspection_c.h
[2.994s] -- Up-to-date: /home/rslomron/MoMa/tm_custom/install/tm_msgs/include/tm_msgs/tm_msgs/msg/detail/sct_response__type_support.c
[2.994s] -- Up-to-date: /home/rslomron/MoMa/tm_custom/install/tm_msgs/include/tm_msgs/tm_msgs/msg/detail/sta_response__rosidl_typesupport_introspection_c.h
[2.994s] -- Up-to-date: /home/rslomron/MoMa/tm_custom/install/tm_msgs/include/tm_msgs/tm_msgs/msg/detail/svr_response__rosidl_typesupport_introspection_c.h
[2.995s] -- Up-to-date: /home/rslomron/MoMa/tm_custom/install/tm_msgs/include/tm_msgs/tm_msgs/msg/detail/svr_response__type_support.c
[2.995s] -- Up-to-date: /home/rslomron/MoMa/tm_custom/install/tm_msgs/include/tm_msgs/tm_msgs/msg/rosidl_typesupport_introspection_c__visibility_control.h
[2.995s] -- Up-to-date: /home/rslomron/MoMa/tm_custom/install/tm_msgs/include/tm_msgs/tm_msgs/srv
[2.995s] -- Up-to-date: /home/rslomron/MoMa/tm_custom/install/tm_msgs/include/tm_msgs/tm_msgs/srv/detail
[2.995s] -- Up-to-date: /home/rslomron/MoMa/tm_custom/install/tm_msgs/include/tm_msgs/tm_msgs/srv/detail/set_event__type_support.c
[2.995s] -- Up-to-date: /home/rslomron/MoMa/tm_custom/install/tm_msgs/include/tm_msgs/tm_msgs/srv/detail/ask_item__rosidl_typesupport_introspection_c.h
[2.995s] -- Up-to-date: /home/rslomron/MoMa/tm_custom/install/tm_msgs/include/tm_msgs/tm_msgs/srv/detail/write_item__rosidl_typesupport_introspection_c.h
[2.995s] -- Up-to-date: /home/rslomron/MoMa/tm_custom/install/tm_msgs/include/tm_msgs/tm_msgs/srv/detail/send_script__type_support.c
[2.995s] -- Up-to-date: /home/rslomron/MoMa/tm_custom/install/tm_msgs/include/tm_msgs/tm_msgs/srv/detail/set_positions__type_support.c
[2.996s] -- Up-to-date: /home/rslomron/MoMa/tm_custom/install/tm_msgs/include/tm_msgs/tm_msgs/srv/detail/set_event__rosidl_typesupport_introspection_c.h
[2.996s] -- Up-to-date: /home/rslomron/MoMa/tm_custom/install/tm_msgs/include/tm_msgs/tm_msgs/srv/detail/send_script__rosidl_typesupport_introspection_c.h
[2.996s] -- Up-to-date: /home/rslomron/MoMa/tm_custom/install/tm_msgs/include/tm_msgs/tm_msgs/srv/detail/connect_tm__rosidl_typesupport_introspection_c.h
[2.996s] -- Up-to-date: /home/rslomron/MoMa/tm_custom/install/tm_msgs/include/tm_msgs/tm_msgs/srv/detail/write_item__type_support.c
[2.996s] -- Up-to-date: /home/rslomron/MoMa/tm_custom/install/tm_msgs/include/tm_msgs/tm_msgs/srv/detail/connect_tm__type_support.c
[2.996s] -- Up-to-date: /home/rslomron/MoMa/tm_custom/install/tm_msgs/include/tm_msgs/tm_msgs/srv/detail/set_io__rosidl_typesupport_introspection_c.h
[2.996s] -- Up-to-date: /home/rslomron/MoMa/tm_custom/install/tm_msgs/include/tm_msgs/tm_msgs/srv/detail/set_positions__rosidl_typesupport_introspection_c.h
[2.996s] -- Up-to-date: /home/rslomron/MoMa/tm_custom/install/tm_msgs/include/tm_msgs/tm_msgs/srv/detail/ask_item__type_support.c
[2.996s] -- Up-to-date: /home/rslomron/MoMa/tm_custom/install/tm_msgs/include/tm_msgs/tm_msgs/srv/detail/ask_sta__type_support.c
[2.996s] -- Up-to-date: /home/rslomron/MoMa/tm_custom/install/tm_msgs/include/tm_msgs/tm_msgs/srv/detail/ask_sta__rosidl_typesupport_introspection_c.h
[2.997s] -- Up-to-date: /home/rslomron/MoMa/tm_custom/install/tm_msgs/include/tm_msgs/tm_msgs/srv/detail/set_io__type_support.c
[2.997s] -- Up-to-date: /home/rslomron/MoMa/tm_custom/install/tm_msgs/lib/libtm_msgs__rosidl_typesupport_introspection_c.so
[2.997s] -- Up-to-date: /home/rslomron/MoMa/tm_custom/install/tm_msgs/lib/libtm_msgs__rosidl_typesupport_c.so
[2.997s] -- Up-to-date: /home/rslomron/MoMa/tm_custom/install/tm_msgs/include/tm_msgs/tm_msgs
[2.997s] -- Up-to-date: /home/rslomron/MoMa/tm_custom/install/tm_msgs/include/tm_msgs/tm_msgs/msg
[2.997s] -- Up-to-date: /home/rslomron/MoMa/tm_custom/install/tm_msgs/include/tm_msgs/tm_msgs/msg/detail
[2.997s] -- Up-to-date: /home/rslomron/MoMa/tm_custom/install/tm_msgs/include/tm_msgs/tm_msgs/msg/detail/feedback_state__type_support.cpp
[2.997s] -- Up-to-date: /home/rslomron/MoMa/tm_custom/install/tm_msgs/include/tm_msgs/tm_msgs/msg/detail/svr_response__type_support.cpp
[2.997s] -- Up-to-date: /home/rslomron/MoMa/tm_custom/install/tm_msgs/include/tm_msgs/tm_msgs/msg/detail/feedback_state__rosidl_typesupport_introspection_cpp.hpp
[2.998s] -- Up-to-date: /home/rslomron/MoMa/tm_custom/install/tm_msgs/include/tm_msgs/tm_msgs/msg/detail/sta_response__type_support.cpp
[2.998s] -- Up-to-date: /home/rslomron/MoMa/tm_custom/install/tm_msgs/include/tm_msgs/tm_msgs/msg/detail/sta_response__rosidl_typesupport_introspection_cpp.hpp
[2.998s] -- Up-to-date: /home/rslomron/MoMa/tm_custom/install/tm_msgs/include/tm_msgs/tm_msgs/msg/detail/sct_response__rosidl_typesupport_introspection_cpp.hpp
[2.998s] -- Up-to-date: /home/rslomron/MoMa/tm_custom/install/tm_msgs/include/tm_msgs/tm_msgs/msg/detail/svr_response__rosidl_typesupport_introspection_cpp.hpp
[2.998s] -- Up-to-date: /home/rslomron/MoMa/tm_custom/install/tm_msgs/include/tm_msgs/tm_msgs/msg/detail/sct_response__type_support.cpp
[3.015s] -- Up-to-date: /home/rslomron/MoMa/tm_custom/install/tm_msgs/include/tm_msgs/tm_msgs/srv
[3.016s] -- Up-to-date: /home/rslomron/MoMa/tm_custom/install/tm_msgs/include/tm_msgs/tm_msgs/srv/detail
[3.016s] -- Up-to-date: /home/rslomron/MoMa/tm_custom/install/tm_msgs/include/tm_msgs/tm_msgs/srv/detail/set_positions__rosidl_typesupport_introspection_cpp.hpp
[3.016s] -- Up-to-date: /home/rslomron/MoMa/tm_custom/install/tm_msgs/include/tm_msgs/tm_msgs/srv/detail/set_positions__type_support.cpp
[3.016s] -- Up-to-date: /home/rslomron/MoMa/tm_custom/install/tm_msgs/include/tm_msgs/tm_msgs/srv/detail/set_io__rosidl_typesupport_introspection_cpp.hpp
[3.016s] -- Up-to-date: /home/rslomron/MoMa/tm_custom/install/tm_msgs/include/tm_msgs/tm_msgs/srv/detail/set_event__type_support.cpp
[3.016s] -- Up-to-date: /home/rslomron/MoMa/tm_custom/install/tm_msgs/include/tm_msgs/tm_msgs/srv/detail/ask_item__type_support.cpp
[3.017s] -- Up-to-date: /home/rslomron/MoMa/tm_custom/install/tm_msgs/include/tm_msgs/tm_msgs/srv/detail/ask_sta__type_support.cpp
[3.017s] -- Up-to-date: /home/rslomron/MoMa/tm_custom/install/tm_msgs/include/tm_msgs/tm_msgs/srv/detail/write_item__type_support.cpp
[3.017s] -- Up-to-date: /home/rslomron/MoMa/tm_custom/install/tm_msgs/include/tm_msgs/tm_msgs/srv/detail/connect_tm__type_support.cpp
[3.017s] -- Up-to-date: /home/rslomron/MoMa/tm_custom/install/tm_msgs/include/tm_msgs/tm_msgs/srv/detail/ask_sta__rosidl_typesupport_introspection_cpp.hpp
[3.017s] -- Up-to-date: /home/rslomron/MoMa/tm_custom/install/tm_msgs/include/tm_msgs/tm_msgs/srv/detail/send_script__type_support.cpp
[3.017s] -- Up-to-date: /home/rslomron/MoMa/tm_custom/install/tm_msgs/include/tm_msgs/tm_msgs/srv/detail/send_script__rosidl_typesupport_introspection_cpp.hpp
[3.017s] -- Up-to-date: /home/rslomron/MoMa/tm_custom/install/tm_msgs/include/tm_msgs/tm_msgs/srv/detail/write_item__rosidl_typesupport_introspection_cpp.hpp
[3.017s] -- Up-to-date: /home/rslomron/MoMa/tm_custom/install/tm_msgs/include/tm_msgs/tm_msgs/srv/detail/set_io__type_support.cpp
[3.017s] -- Up-to-date: /home/rslomron/MoMa/tm_custom/install/tm_msgs/include/tm_msgs/tm_msgs/srv/detail/ask_item__rosidl_typesupport_introspection_cpp.hpp
[3.018s] -- Up-to-date: /home/rslomron/MoMa/tm_custom/install/tm_msgs/include/tm_msgs/tm_msgs/srv/detail/connect_tm__rosidl_typesupport_introspection_cpp.hpp
[3.018s] -- Up-to-date: /home/rslomron/MoMa/tm_custom/install/tm_msgs/include/tm_msgs/tm_msgs/srv/detail/set_event__rosidl_typesupport_introspection_cpp.hpp
[3.018s] -- Up-to-date: /home/rslomron/MoMa/tm_custom/install/tm_msgs/lib/libtm_msgs__rosidl_typesupport_introspection_cpp.so
[3.018s] -- Up-to-date: /home/rslomron/MoMa/tm_custom/install/tm_msgs/lib/libtm_msgs__rosidl_typesupport_cpp.so
[3.018s] -- Up-to-date: /home/rslomron/MoMa/tm_custom/install/tm_msgs/share/tm_msgs/environment/pythonpath.sh
[3.018s] -- Up-to-date: /home/rslomron/MoMa/tm_custom/install/tm_msgs/share/tm_msgs/environment/pythonpath.dsv
[3.018s] -- Up-to-date: /home/rslomron/MoMa/tm_custom/install/tm_msgs/local/lib/python3.10/dist-packages/tm_msgs-1.1.2-py3.10.egg-info
[3.018s] -- Installing: /home/rslomron/MoMa/tm_custom/install/tm_msgs/local/lib/python3.10/dist-packages/tm_msgs-1.1.2-py3.10.egg-info/top_level.txt
[3.018s] -- Installing: /home/rslomron/MoMa/tm_custom/install/tm_msgs/local/lib/python3.10/dist-packages/tm_msgs-1.1.2-py3.10.egg-info/PKG-INFO
[3.019s] -- Installing: /home/rslomron/MoMa/tm_custom/install/tm_msgs/local/lib/python3.10/dist-packages/tm_msgs-1.1.2-py3.10.egg-info/dependency_links.txt
[3.019s] -- Installing: /home/rslomron/MoMa/tm_custom/install/tm_msgs/local/lib/python3.10/dist-packages/tm_msgs-1.1.2-py3.10.egg-info/SOURCES.txt
[3.019s] -- Up-to-date: /home/rslomron/MoMa/tm_custom/install/tm_msgs/local/lib/python3.10/dist-packages/tm_msgs
[3.019s] -- Up-to-date: /home/rslomron/MoMa/tm_custom/install/tm_msgs/local/lib/python3.10/dist-packages/tm_msgs/msg
[3.019s] -- Up-to-date: /home/rslomron/MoMa/tm_custom/install/tm_msgs/local/lib/python3.10/dist-packages/tm_msgs/msg/_svr_response_s.c
[3.019s] -- Up-to-date: /home/rslomron/MoMa/tm_custom/install/tm_msgs/local/lib/python3.10/dist-packages/tm_msgs/msg/_sta_response_s.c
[3.019s] -- Up-to-date: /home/rslomron/MoMa/tm_custom/install/tm_msgs/local/lib/python3.10/dist-packages/tm_msgs/msg/_feedback_state_s.c
[3.019s] -- Up-to-date: /home/rslomron/MoMa/tm_custom/install/tm_msgs/local/lib/python3.10/dist-packages/tm_msgs/msg/_sct_response.py
[3.019s] -- Up-to-date: /home/rslomron/MoMa/tm_custom/install/tm_msgs/local/lib/python3.10/dist-packages/tm_msgs/msg/_sta_response.py
[3.019s] -- Up-to-date: /home/rslomron/MoMa/tm_custom/install/tm_msgs/local/lib/python3.10/dist-packages/tm_msgs/msg/__init__.py
[3.020s] -- Up-to-date: /home/rslomron/MoMa/tm_custom/install/tm_msgs/local/lib/python3.10/dist-packages/tm_msgs/msg/_svr_response.py
[3.020s] -- Up-to-date: /home/rslomron/MoMa/tm_custom/install/tm_msgs/local/lib/python3.10/dist-packages/tm_msgs/msg/_sct_response_s.c
[3.020s] -- Up-to-date: /home/rslomron/MoMa/tm_custom/install/tm_msgs/local/lib/python3.10/dist-packages/tm_msgs/msg/_feedback_state.py
[3.020s] -- Up-to-date: /home/rslomron/MoMa/tm_custom/install/tm_msgs/local/lib/python3.10/dist-packages/tm_msgs/tm_msgs_s__rosidl_typesupport_introspection_c.cpython-310-x86_64-linux-gnu.so
[3.020s] -- Up-to-date: /home/rslomron/MoMa/tm_custom/install/tm_msgs/local/lib/python3.10/dist-packages/tm_msgs/_tm_msgs_s.ep.rosidl_typesupport_introspection_c.c
[3.020s] -- Up-to-date: /home/rslomron/MoMa/tm_custom/install/tm_msgs/local/lib/python3.10/dist-packages/tm_msgs/libtm_msgs__rosidl_generator_py.so
[3.020s] -- Up-to-date: /home/rslomron/MoMa/tm_custom/install/tm_msgs/local/lib/python3.10/dist-packages/tm_msgs/_tm_msgs_s.ep.rosidl_typesupport_fastrtps_c.c
[3.020s] -- Up-to-date: /home/rslomron/MoMa/tm_custom/install/tm_msgs/local/lib/python3.10/dist-packages/tm_msgs/__init__.py
[3.020s] -- Up-to-date: /home/rslomron/MoMa/tm_custom/install/tm_msgs/local/lib/python3.10/dist-packages/tm_msgs/srv
[3.021s] -- Up-to-date: /home/rslomron/MoMa/tm_custom/install/tm_msgs/local/lib/python3.10/dist-packages/tm_msgs/srv/_write_item.py
[3.021s] -- Up-to-date: /home/rslomron/MoMa/tm_custom/install/tm_msgs/local/lib/python3.10/dist-packages/tm_msgs/srv/_ask_item.py
[3.021s] -- Up-to-date: /home/rslomron/MoMa/tm_custom/install/tm_msgs/local/lib/python3.10/dist-packages/tm_msgs/srv/_send_script.py
[3.021s] -- Up-to-date: /home/rslomron/MoMa/tm_custom/install/tm_msgs/local/lib/python3.10/dist-packages/tm_msgs/srv/_set_positions_s.c
[3.021s] -- Up-to-date: /home/rslomron/MoMa/tm_custom/install/tm_msgs/local/lib/python3.10/dist-packages/tm_msgs/srv/_ask_item_s.c
[3.021s] -- Up-to-date: /home/rslomron/MoMa/tm_custom/install/tm_msgs/local/lib/python3.10/dist-packages/tm_msgs/srv/_set_io_s.c
[3.021s] -- Up-to-date: /home/rslomron/MoMa/tm_custom/install/tm_msgs/local/lib/python3.10/dist-packages/tm_msgs/srv/_send_script_s.c
[3.021s] -- Up-to-date: /home/rslomron/MoMa/tm_custom/install/tm_msgs/local/lib/python3.10/dist-packages/tm_msgs/srv/_set_positions.py
[3.021s] -- Up-to-date: /home/rslomron/MoMa/tm_custom/install/tm_msgs/local/lib/python3.10/dist-packages/tm_msgs/srv/_connect_tm_s.c
[3.021s] -- Up-to-date: /home/rslomron/MoMa/tm_custom/install/tm_msgs/local/lib/python3.10/dist-packages/tm_msgs/srv/_set_event.py
[3.022s] -- Up-to-date: /home/rslomron/MoMa/tm_custom/install/tm_msgs/local/lib/python3.10/dist-packages/tm_msgs/srv/_ask_sta_s.c
[3.022s] -- Up-to-date: /home/rslomron/MoMa/tm_custom/install/tm_msgs/local/lib/python3.10/dist-packages/tm_msgs/srv/_ask_sta.py
[3.022s] -- Up-to-date: /home/rslomron/MoMa/tm_custom/install/tm_msgs/local/lib/python3.10/dist-packages/tm_msgs/srv/_set_event_s.c
[3.022s] -- Up-to-date: /home/rslomron/MoMa/tm_custom/install/tm_msgs/local/lib/python3.10/dist-packages/tm_msgs/srv/_set_io.py
[3.022s] -- Up-to-date: /home/rslomron/MoMa/tm_custom/install/tm_msgs/local/lib/python3.10/dist-packages/tm_msgs/srv/__init__.py
[3.022s] -- Up-to-date: /home/rslomron/MoMa/tm_custom/install/tm_msgs/local/lib/python3.10/dist-packages/tm_msgs/srv/_write_item_s.c
[3.022s] -- Up-to-date: /home/rslomron/MoMa/tm_custom/install/tm_msgs/local/lib/python3.10/dist-packages/tm_msgs/srv/_connect_tm.py
[3.022s] -- Up-to-date: /home/rslomron/MoMa/tm_custom/install/tm_msgs/local/lib/python3.10/dist-packages/tm_msgs/_tm_msgs_s.ep.rosidl_typesupport_c.c
[3.023s] -- Up-to-date: /home/rslomron/MoMa/tm_custom/install/tm_msgs/local/lib/python3.10/dist-packages/tm_msgs/tm_msgs_s__rosidl_typesupport_fastrtps_c.cpython-310-x86_64-linux-gnu.so
[3.023s] -- Up-to-date: /home/rslomron/MoMa/tm_custom/install/tm_msgs/local/lib/python3.10/dist-packages/tm_msgs/tm_msgs_s__rosidl_typesupport_c.cpython-310-x86_64-linux-gnu.so
[3.125s] Listing '/home/rslomron/MoMa/tm_custom/install/tm_msgs/local/lib/python3.10/dist-packages/tm_msgs'...
[3.125s] Listing '/home/rslomron/MoMa/tm_custom/install/tm_msgs/local/lib/python3.10/dist-packages/tm_msgs/msg'...
[3.126s] Listing '/home/rslomron/MoMa/tm_custom/install/tm_msgs/local/lib/python3.10/dist-packages/tm_msgs/srv'...
[3.162s] -- Up-to-date: /home/rslomron/MoMa/tm_custom/install/tm_msgs/local/lib/python3.10/dist-packages/tm_msgs/tm_msgs_s__rosidl_typesupport_fastrtps_c.cpython-310-x86_64-linux-gnu.so
[3.162s] -- Up-to-date: /home/rslomron/MoMa/tm_custom/install/tm_msgs/local/lib/python3.10/dist-packages/tm_msgs/tm_msgs_s__rosidl_typesupport_introspection_c.cpython-310-x86_64-linux-gnu.so
[3.162s] -- Up-to-date: /home/rslomron/MoMa/tm_custom/install/tm_msgs/local/lib/python3.10/dist-packages/tm_msgs/tm_msgs_s__rosidl_typesupport_c.cpython-310-x86_64-linux-gnu.so
[3.162s] -- Up-to-date: /home/rslomron/MoMa/tm_custom/install/tm_msgs/lib/libtm_msgs__rosidl_generator_py.so
[3.162s] -- Up-to-date: /home/rslomron/MoMa/tm_custom/install/tm_msgs/share/tm_msgs/msg/FeedbackState.idl
[3.162s] -- Up-to-date: /home/rslomron/MoMa/tm_custom/install/tm_msgs/share/tm_msgs/msg/SvrResponse.idl
[3.162s] -- Up-to-date: /home/rslomron/MoMa/tm_custom/install/tm_msgs/share/tm_msgs/msg/SctResponse.idl
[3.162s] -- Up-to-date: /home/rslomron/MoMa/tm_custom/install/tm_msgs/share/tm_msgs/msg/StaResponse.idl
[3.163s] -- Up-to-date: /home/rslomron/MoMa/tm_custom/install/tm_msgs/share/tm_msgs/srv/ConnectTM.idl
[3.163s] -- Up-to-date: /home/rslomron/MoMa/tm_custom/install/tm_msgs/share/tm_msgs/srv/WriteItem.idl
[3.163s] -- Up-to-date: /home/rslomron/MoMa/tm_custom/install/tm_msgs/share/tm_msgs/srv/AskItem.idl
[3.163s] -- Up-to-date: /home/rslomron/MoMa/tm_custom/install/tm_msgs/share/tm_msgs/srv/SendScript.idl
[3.163s] -- Up-to-date: /home/rslomron/MoMa/tm_custom/install/tm_msgs/share/tm_msgs/srv/SetEvent.idl
[3.163s] -- Up-to-date: /home/rslomron/MoMa/tm_custom/install/tm_msgs/share/tm_msgs/srv/SetIO.idl
[3.163s] -- Up-to-date: /home/rslomron/MoMa/tm_custom/install/tm_msgs/share/tm_msgs/srv/SetPositions.idl
[3.163s] -- Up-to-date: /home/rslomron/MoMa/tm_custom/install/tm_msgs/share/tm_msgs/srv/AskSta.idl
[3.163s] -- Up-to-date: /home/rslomron/MoMa/tm_custom/install/tm_msgs/share/tm_msgs/msg/FeedbackState.msg
[3.164s] -- Up-to-date: /home/rslomron/MoMa/tm_custom/install/tm_msgs/share/tm_msgs/msg/SvrResponse.msg
[3.164s] -- Up-to-date: /home/rslomron/MoMa/tm_custom/install/tm_msgs/share/tm_msgs/msg/SctResponse.msg
[3.164s] -- Up-to-date: /home/rslomron/MoMa/tm_custom/install/tm_msgs/share/tm_msgs/msg/StaResponse.msg
[3.164s] -- Up-to-date: /home/rslomron/MoMa/tm_custom/install/tm_msgs/share/tm_msgs/srv/ConnectTM.srv
[3.164s] -- Up-to-date: /home/rslomron/MoMa/tm_custom/install/tm_msgs/share/tm_msgs/srv/ConnectTM_Request.msg
[3.164s] -- Up-to-date: /home/rslomron/MoMa/tm_custom/install/tm_msgs/share/tm_msgs/srv/ConnectTM_Response.msg
[3.164s] -- Up-to-date: /home/rslomron/MoMa/tm_custom/install/tm_msgs/share/tm_msgs/srv/WriteItem.srv
[3.164s] -- Up-to-date: /home/rslomron/MoMa/tm_custom/install/tm_msgs/share/tm_msgs/srv/WriteItem_Request.msg
[3.164s] -- Up-to-date: /home/rslomron/MoMa/tm_custom/install/tm_msgs/share/tm_msgs/srv/WriteItem_Response.msg
[3.165s] -- Up-to-date: /home/rslomron/MoMa/tm_custom/install/tm_msgs/share/tm_msgs/srv/AskItem.srv
[3.165s] -- Up-to-date: /home/rslomron/MoMa/tm_custom/install/tm_msgs/share/tm_msgs/srv/AskItem_Request.msg
[3.165s] -- Up-to-date: /home/rslomron/MoMa/tm_custom/install/tm_msgs/share/tm_msgs/srv/AskItem_Response.msg
[3.165s] -- Up-to-date: /home/rslomron/MoMa/tm_custom/install/tm_msgs/share/tm_msgs/srv/SendScript.srv
[3.165s] -- Up-to-date: /home/rslomron/MoMa/tm_custom/install/tm_msgs/share/tm_msgs/srv/SendScript_Request.msg
[3.165s] -- Up-to-date: /home/rslomron/MoMa/tm_custom/install/tm_msgs/share/tm_msgs/srv/SendScript_Response.msg
[3.165s] -- Up-to-date: /home/rslomron/MoMa/tm_custom/install/tm_msgs/share/tm_msgs/srv/SetEvent.srv
[3.165s] -- Up-to-date: /home/rslomron/MoMa/tm_custom/install/tm_msgs/share/tm_msgs/srv/SetEvent_Request.msg
[3.166s] -- Up-to-date: /home/rslomron/MoMa/tm_custom/install/tm_msgs/share/tm_msgs/srv/SetEvent_Response.msg
[3.166s] -- Up-to-date: /home/rslomron/MoMa/tm_custom/install/tm_msgs/share/tm_msgs/srv/SetIO.srv
[3.166s] -- Up-to-date: /home/rslomron/MoMa/tm_custom/install/tm_msgs/share/tm_msgs/srv/SetIO_Request.msg
[3.166s] -- Up-to-date: /home/rslomron/MoMa/tm_custom/install/tm_msgs/share/tm_msgs/srv/SetIO_Response.msg
[3.166s] -- Up-to-date: /home/rslomron/MoMa/tm_custom/install/tm_msgs/share/tm_msgs/srv/SetPositions.srv
[3.166s] -- Up-to-date: /home/rslomron/MoMa/tm_custom/install/tm_msgs/share/tm_msgs/srv/SetPositions_Request.msg
[3.166s] -- Up-to-date: /home/rslomron/MoMa/tm_custom/install/tm_msgs/share/tm_msgs/srv/SetPositions_Response.msg
[3.166s] -- Up-to-date: /home/rslomron/MoMa/tm_custom/install/tm_msgs/share/tm_msgs/srv/AskSta.srv
[3.166s] -- Up-to-date: /home/rslomron/MoMa/tm_custom/install/tm_msgs/share/tm_msgs/srv/AskSta_Request.msg
[3.167s] -- Up-to-date: /home/rslomron/MoMa/tm_custom/install/tm_msgs/share/tm_msgs/srv/AskSta_Response.msg
[3.167s] -- Up-to-date: /home/rslomron/MoMa/tm_custom/install/tm_msgs/share/ament_index/resource_index/package_run_dependencies/tm_msgs
[3.167s] -- Up-to-date: /home/rslomron/MoMa/tm_custom/install/tm_msgs/share/ament_index/resource_index/parent_prefix_path/tm_msgs
[3.167s] -- Up-to-date: /home/rslomron/MoMa/tm_custom/install/tm_msgs/share/tm_msgs/environment/ament_prefix_path.sh
[3.167s] -- Up-to-date: /home/rslomron/MoMa/tm_custom/install/tm_msgs/share/tm_msgs/environment/ament_prefix_path.dsv
[3.167s] -- Up-to-date: /home/rslomron/MoMa/tm_custom/install/tm_msgs/share/tm_msgs/environment/path.sh
[3.167s] -- Up-to-date: /home/rslomron/MoMa/tm_custom/install/tm_msgs/share/tm_msgs/environment/path.dsv
[3.167s] -- Up-to-date: /home/rslomron/MoMa/tm_custom/install/tm_msgs/share/tm_msgs/local_setup.bash
[3.167s] -- Up-to-date: /home/rslomron/MoMa/tm_custom/install/tm_msgs/share/tm_msgs/local_setup.sh
[3.168s] -- Up-to-date: /home/rslomron/MoMa/tm_custom/install/tm_msgs/share/tm_msgs/local_setup.zsh
[3.168s] -- Up-to-date: /home/rslomron/MoMa/tm_custom/install/tm_msgs/share/tm_msgs/local_setup.dsv
[3.168s] -- Installing: /home/rslomron/MoMa/tm_custom/install/tm_msgs/share/tm_msgs/package.dsv
[3.168s] -- Up-to-date: /home/rslomron/MoMa/tm_custom/install/tm_msgs/share/ament_index/resource_index/packages/tm_msgs
[3.169s] -- Up-to-date: /home/rslomron/MoMa/tm_custom/install/tm_msgs/share/tm_msgs/cmake/export_tm_msgs__rosidl_generator_cExport.cmake
[3.169s] -- Up-to-date: /home/rslomron/MoMa/tm_custom/install/tm_msgs/share/tm_msgs/cmake/export_tm_msgs__rosidl_generator_cExport-noconfig.cmake
[3.170s] -- Up-to-date: /home/rslomron/MoMa/tm_custom/install/tm_msgs/share/tm_msgs/cmake/export_tm_msgs__rosidl_typesupport_fastrtps_cExport.cmake
[3.170s] -- Up-to-date: /home/rslomron/MoMa/tm_custom/install/tm_msgs/share/tm_msgs/cmake/export_tm_msgs__rosidl_typesupport_fastrtps_cExport-noconfig.cmake
[3.171s] -- Up-to-date: /home/rslomron/MoMa/tm_custom/install/tm_msgs/share/tm_msgs/cmake/export_tm_msgs__rosidl_generator_cppExport.cmake
[3.172s] -- Up-to-date: /home/rslomron/MoMa/tm_custom/install/tm_msgs/share/tm_msgs/cmake/export_tm_msgs__rosidl_typesupport_fastrtps_cppExport.cmake
[3.172s] -- Up-to-date: /home/rslomron/MoMa/tm_custom/install/tm_msgs/share/tm_msgs/cmake/export_tm_msgs__rosidl_typesupport_fastrtps_cppExport-noconfig.cmake
[3.173s] -- Up-to-date: /home/rslomron/MoMa/tm_custom/install/tm_msgs/share/tm_msgs/cmake/tm_msgs__rosidl_typesupport_introspection_cExport.cmake
[3.173s] -- Up-to-date: /home/rslomron/MoMa/tm_custom/install/tm_msgs/share/tm_msgs/cmake/tm_msgs__rosidl_typesupport_introspection_cExport-noconfig.cmake
[3.173s] -- Up-to-date: /home/rslomron/MoMa/tm_custom/install/tm_msgs/share/tm_msgs/cmake/tm_msgs__rosidl_typesupport_cExport.cmake
[3.174s] -- Up-to-date: /home/rslomron/MoMa/tm_custom/install/tm_msgs/share/tm_msgs/cmake/tm_msgs__rosidl_typesupport_cExport-noconfig.cmake
[3.187s] -- Up-to-date: /home/rslomron/MoMa/tm_custom/install/tm_msgs/share/tm_msgs/cmake/tm_msgs__rosidl_typesupport_introspection_cppExport.cmake
[3.187s] -- Up-to-date: /home/rslomron/MoMa/tm_custom/install/tm_msgs/share/tm_msgs/cmake/tm_msgs__rosidl_typesupport_introspection_cppExport-noconfig.cmake
[3.188s] -- Up-to-date: /home/rslomron/MoMa/tm_custom/install/tm_msgs/share/tm_msgs/cmake/tm_msgs__rosidl_typesupport_cppExport.cmake
[3.189s] -- Up-to-date: /home/rslomron/MoMa/tm_custom/install/tm_msgs/share/tm_msgs/cmake/tm_msgs__rosidl_typesupport_cppExport-noconfig.cmake
[3.204s] -- Up-to-date: /home/rslomron/MoMa/tm_custom/install/tm_msgs/share/tm_msgs/cmake/export_tm_msgs__rosidl_generator_pyExport.cmake
[3.204s] -- Up-to-date: /home/rslomron/MoMa/tm_custom/install/tm_msgs/share/tm_msgs/cmake/export_tm_msgs__rosidl_generator_pyExport-noconfig.cmake
[3.204s] -- Up-to-date: /home/rslomron/MoMa/tm_custom/install/tm_msgs/share/tm_msgs/cmake/rosidl_cmake-extras.cmake
[3.205s] -- Up-to-date: /home/rslomron/MoMa/tm_custom/install/tm_msgs/share/tm_msgs/cmake/ament_cmake_export_dependencies-extras.cmake
[3.205s] -- Up-to-date: /home/rslomron/MoMa/tm_custom/install/tm_msgs/share/tm_msgs/cmake/ament_cmake_export_include_directories-extras.cmake
[3.205s] -- Up-to-date: /home/rslomron/MoMa/tm_custom/install/tm_msgs/share/tm_msgs/cmake/ament_cmake_export_libraries-extras.cmake
[3.205s] -- Up-to-date: /home/rslomron/MoMa/tm_custom/install/tm_msgs/share/tm_msgs/cmake/ament_cmake_export_targets-extras.cmake
[3.205s] -- Up-to-date: /home/rslomron/MoMa/tm_custom/install/tm_msgs/share/tm_msgs/cmake/rosidl_cmake_export_typesupport_targets-extras.cmake
[3.205s] -- Up-to-date: /home/rslomron/MoMa/tm_custom/install/tm_msgs/share/tm_msgs/cmake/rosidl_cmake_export_typesupport_libraries-extras.cmake
[3.205s] -- Up-to-date: /home/rslomron/MoMa/tm_custom/install/tm_msgs/share/tm_msgs/cmake/tm_msgsConfig.cmake
[3.206s] -- Up-to-date: /home/rslomron/MoMa/tm_custom/install/tm_msgs/share/tm_msgs/cmake/tm_msgsConfig-version.cmake
[3.206s] -- Up-to-date: /home/rslomron/MoMa/tm_custom/install/tm_msgs/share/tm_msgs/package.xml
[3.251s] Invoked command in '/home/rslomron/MoMa/tm_custom/build/tm_msgs' returned '0': CMAKE_PREFIX_PATH=/opt/ros/humble /usr/bin/cmake --install /home/rslomron/MoMa/tm_custom/build/tm_msgs
