[35m[1mConsolidate compiler generated dependencies of target tm_send_command[0m
[ 50%] Built target sub_img
[100%] Built target tm_send_command
-- Install configuration: ""
-- Installing: /home/rslomron/tm_custom/install/custom_package/lib/custom_package/tm_send_command
-- Set runtime path of "/home/rslomron/tm_custom/install/custom_package/lib/custom_package/tm_send_command" to ""
-- Installing: /home/rslomron/tm_custom/install/custom_package/lib/custom_package/sub_img
-- Set runtime path of "/home/rslomron/tm_custom/install/custom_package/lib/custom_package/sub_img" to ""
-- Installing: /home/rslomron/tm_custom/install/custom_package/share/custom_package/image
-- Installing: /home/rslomron/tm_custom/install/custom_package/share/custom_package/image/techman_robot.jpg
-- Installing: /home/rslomron/tm_custom/install/custom_package/share/ament_index/resource_index/package_run_dependencies/custom_package
-- Installing: /home/rslomron/tm_custom/install/custom_package/share/ament_index/resource_index/parent_prefix_path/custom_package
-- Up-to-date: /home/rslomron/tm_custom/install/custom_package/share/custom_package/environment/ament_prefix_path.sh
-- Installing: /home/rslomron/tm_custom/install/custom_package/share/custom_package/environment/ament_prefix_path.dsv
-- Up-to-date: /home/rslomron/tm_custom/install/custom_package/share/custom_package/environment/path.sh
-- Installing: /home/rslomron/tm_custom/install/custom_package/share/custom_package/environment/path.dsv
-- Up-to-date: /home/rslomron/tm_custom/install/custom_package/share/custom_package/local_setup.bash
-- Up-to-date: /home/rslomron/tm_custom/install/custom_package/share/custom_package/local_setup.sh
-- Up-to-date: /home/rslomron/tm_custom/install/custom_package/share/custom_package/local_setup.zsh
-- Installing: /home/rslomron/tm_custom/install/custom_package/share/custom_package/local_setup.dsv
-- Installing: /home/rslomron/tm_custom/install/custom_package/share/custom_package/package.dsv
-- Up-to-date: /home/rslomron/tm_custom/install/custom_package/share/ament_index/resource_index/packages/custom_package
-- Installing: /home/rslomron/tm_custom/install/custom_package/share/custom_package/cmake/custom_packageConfig.cmake
-- Installing: /home/rslomron/tm_custom/install/custom_package/share/custom_package/cmake/custom_packageConfig-version.cmake
-- Installing: /home/rslomron/tm_custom/install/custom_package/share/custom_package/package.xml
