[0.033s] Invoking command in '/home/rslomron/tm_custom/build/custom_package': AMENT_PREFIX_PATH=/home/rslomron/tm_custom/install/techman_robot_msgs:${AMENT_PREFIX_PATH} CMAKE_PREFIX_PATH=/home/rslomron/tm_custom/install/techman_robot_msgs:/opt/ros/humble LD_LIBRARY_PATH=/home/rslomron/tm_custom/install/techman_robot_msgs/lib:${LD_LIBRARY_PATH} PYTHONPATH=/home/rslomron/tm_custom/install/techman_robot_msgs/local/lib/python3.10/dist-packages:${PYTHONPATH} /usr/bin/cmake --build /home/rslomron/tm_custom/build/custom_package -- -j8 -l8
[0.121s] [35m[1mConsolidate compiler generated dependencies of target tm_send_command[0m
[0.129s] [ 50%] Built target sub_img
[0.129s] [100%] Built target tm_send_command
[0.168s] Invoked command in '/home/rslomron/tm_custom/build/custom_package' returned '0': AMENT_PREFIX_PATH=/home/rslomron/tm_custom/install/techman_robot_msgs:${AMENT_PREFIX_PATH} CMAKE_PREFIX_PATH=/home/rslomron/tm_custom/install/techman_robot_msgs:/opt/ros/humble LD_LIBRARY_PATH=/home/rslomron/tm_custom/install/techman_robot_msgs/lib:${LD_LIBRARY_PATH} PYTHONPATH=/home/rslomron/tm_custom/install/techman_robot_msgs/local/lib/python3.10/dist-packages:${PYTHONPATH} /usr/bin/cmake --build /home/rslomron/tm_custom/build/custom_package -- -j8 -l8
[0.223s] Invoking command in '/home/rslomron/tm_custom/build/custom_package': AMENT_PREFIX_PATH=/home/rslomron/tm_custom/install/techman_robot_msgs:${AMENT_PREFIX_PATH} CMAKE_PREFIX_PATH=/home/rslomron/tm_custom/install/techman_robot_msgs:/opt/ros/humble LD_LIBRARY_PATH=/home/rslomron/tm_custom/install/techman_robot_msgs/lib:${LD_LIBRARY_PATH} PYTHONPATH=/home/rslomron/tm_custom/install/techman_robot_msgs/local/lib/python3.10/dist-packages:${PYTHONPATH} /usr/bin/cmake --install /home/rslomron/tm_custom/build/custom_package
[0.234s] -- Install configuration: ""
[0.234s] -- Installing: /home/rslomron/tm_custom/install/custom_package/lib/custom_package/tm_send_command
[0.235s] -- Set runtime path of "/home/rslomron/tm_custom/install/custom_package/lib/custom_package/tm_send_command" to ""
[0.235s] -- Installing: /home/rslomron/tm_custom/install/custom_package/lib/custom_package/sub_img
[0.241s] -- Set runtime path of "/home/rslomron/tm_custom/install/custom_package/lib/custom_package/sub_img" to ""
[0.241s] -- Installing: /home/rslomron/tm_custom/install/custom_package/share/custom_package/image
[0.241s] -- Installing: /home/rslomron/tm_custom/install/custom_package/share/custom_package/image/techman_robot.jpg
[0.244s] -- Installing: /home/rslomron/tm_custom/install/custom_package/share/ament_index/resource_index/package_run_dependencies/custom_package
[0.245s] -- Installing: /home/rslomron/tm_custom/install/custom_package/share/ament_index/resource_index/parent_prefix_path/custom_package
[0.246s] -- Up-to-date: /home/rslomron/tm_custom/install/custom_package/share/custom_package/environment/ament_prefix_path.sh
[0.246s] -- Installing: /home/rslomron/tm_custom/install/custom_package/share/custom_package/environment/ament_prefix_path.dsv
[0.247s] -- Up-to-date: /home/rslomron/tm_custom/install/custom_package/share/custom_package/environment/path.sh
[0.247s] -- Installing: /home/rslomron/tm_custom/install/custom_package/share/custom_package/environment/path.dsv
[0.247s] -- Up-to-date: /home/rslomron/tm_custom/install/custom_package/share/custom_package/local_setup.bash
[0.248s] -- Up-to-date: /home/rslomron/tm_custom/install/custom_package/share/custom_package/local_setup.sh
[0.249s] -- Up-to-date: /home/rslomron/tm_custom/install/custom_package/share/custom_package/local_setup.zsh
[0.252s] -- Installing: /home/rslomron/tm_custom/install/custom_package/share/custom_package/local_setup.dsv
[0.255s] -- Installing: /home/rslomron/tm_custom/install/custom_package/share/custom_package/package.dsv
[0.255s] -- Up-to-date: /home/rslomron/tm_custom/install/custom_package/share/ament_index/resource_index/packages/custom_package
[0.255s] -- Installing: /home/rslomron/tm_custom/install/custom_package/share/custom_package/cmake/custom_packageConfig.cmake
[0.255s] -- Installing: /home/rslomron/tm_custom/install/custom_package/share/custom_package/cmake/custom_packageConfig-version.cmake
[0.256s] -- Installing: /home/rslomron/tm_custom/install/custom_package/share/custom_package/package.xml
[0.265s] Invoked command in '/home/rslomron/tm_custom/build/custom_package' returned '0': AMENT_PREFIX_PATH=/home/rslomron/tm_custom/install/techman_robot_msgs:${AMENT_PREFIX_PATH} CMAKE_PREFIX_PATH=/home/rslomron/tm_custom/install/techman_robot_msgs:/opt/ros/humble LD_LIBRARY_PATH=/home/rslomron/tm_custom/install/techman_robot_msgs/lib:${LD_LIBRARY_PATH} PYTHONPATH=/home/rslomron/tm_custom/install/techman_robot_msgs/local/lib/python3.10/dist-packages:${PYTHONPATH} /usr/bin/cmake --install /home/rslomron/tm_custom/build/custom_package
