[0.015s] Invoking command in '/home/rslomron/tm_custom/build/tm_driver': AMENT_PREFIX_PATH=/home/rslomron/tm_custom/install/tm_msgs:${AMENT_PREFIX_PATH} CMAKE_PREFIX_PATH=/home/rslomron/tm_custom/install/tm_msgs:/opt/ros/humble LD_LIBRARY_PATH=/home/rslomron/tm_custom/install/tm_msgs/lib:${LD_LIBRARY_PATH} PYTHONPATH=/home/rslomron/tm_custom/install/tm_msgs/local/lib/python3.10/dist-packages:${PYTHONPATH} /usr/bin/cmake --build /home/rslomron/tm_custom/build/tm_driver -- -j8 -l8
[0.133s] [100%] Built target tm_driver
[0.164s] Invoked command in '/home/rslomron/tm_custom/build/tm_driver' returned '0': AMENT_PREFIX_PATH=/home/rslomron/tm_custom/install/tm_msgs:${AMENT_PREFIX_PATH} CMAKE_PREFIX_PATH=/home/rslomron/tm_custom/install/tm_msgs:/opt/ros/humble LD_LIBRARY_PATH=/home/rslomron/tm_custom/install/tm_msgs/lib:${LD_LIBRARY_PATH} PYTHONPATH=/home/rslomron/tm_custom/install/tm_msgs/local/lib/python3.10/dist-packages:${PYTHONPATH} /usr/bin/cmake --build /home/rslomron/tm_custom/build/tm_driver -- -j8 -l8
[0.276s] Invoking command in '/home/rslomron/tm_custom/build/tm_driver': AMENT_PREFIX_PATH=/home/rslomron/tm_custom/install/tm_msgs:${AMENT_PREFIX_PATH} CMAKE_PREFIX_PATH=/home/rslomron/tm_custom/install/tm_msgs:/opt/ros/humble LD_LIBRARY_PATH=/home/rslomron/tm_custom/install/tm_msgs/lib:${LD_LIBRARY_PATH} PYTHONPATH=/home/rslomron/tm_custom/install/tm_msgs/local/lib/python3.10/dist-packages:${PYTHONPATH} /usr/bin/cmake --install /home/rslomron/tm_custom/build/tm_driver
[0.286s] -- Install configuration: ""
[0.286s] -- Up-to-date: /home/rslomron/tm_custom/install/tm_driver/lib/tm_driver/tm_driver
[0.287s] -- Up-to-date: /home/rslomron/tm_custom/install/tm_driver/share/tm_driver/launch
[0.287s] -- Up-to-date: /home/rslomron/tm_custom/install/tm_driver/share/tm_driver/launch/tm_bringup.launch.py
[0.287s] -- Up-to-date: /home/rslomron/tm_custom/install/tm_driver/share/ament_index/resource_index/package_run_dependencies/tm_driver
[0.287s] -- Up-to-date: /home/rslomron/tm_custom/install/tm_driver/share/ament_index/resource_index/parent_prefix_path/tm_driver
[0.287s] -- Up-to-date: /home/rslomron/tm_custom/install/tm_driver/share/tm_driver/environment/ament_prefix_path.sh
[0.287s] -- Up-to-date: /home/rslomron/tm_custom/install/tm_driver/share/tm_driver/environment/ament_prefix_path.dsv
[0.287s] -- Up-to-date: /home/rslomron/tm_custom/install/tm_driver/share/tm_driver/environment/path.sh
[0.288s] -- Up-to-date: /home/rslomron/tm_custom/install/tm_driver/share/tm_driver/environment/path.dsv
[0.288s] -- Up-to-date: /home/rslomron/tm_custom/install/tm_driver/share/tm_driver/local_setup.bash
[0.288s] -- Up-to-date: /home/rslomron/tm_custom/install/tm_driver/share/tm_driver/local_setup.sh
[0.288s] -- Up-to-date: /home/rslomron/tm_custom/install/tm_driver/share/tm_driver/local_setup.zsh
[0.288s] -- Up-to-date: /home/rslomron/tm_custom/install/tm_driver/share/tm_driver/local_setup.dsv
[0.288s] -- Installing: /home/rslomron/tm_custom/install/tm_driver/share/tm_driver/package.dsv
[0.288s] -- Up-to-date: /home/rslomron/tm_custom/install/tm_driver/share/ament_index/resource_index/packages/tm_driver
[0.288s] -- Up-to-date: /home/rslomron/tm_custom/install/tm_driver/share/tm_driver/cmake/tm_driverConfig.cmake
[0.289s] -- Up-to-date: /home/rslomron/tm_custom/install/tm_driver/share/tm_driver/cmake/tm_driverConfig-version.cmake
[0.289s] -- Up-to-date: /home/rslomron/tm_custom/install/tm_driver/share/tm_driver/package.xml
[0.296s] Invoked command in '/home/rslomron/tm_custom/build/tm_driver' returned '0': AMENT_PREFIX_PATH=/home/rslomron/tm_custom/install/tm_msgs:${AMENT_PREFIX_PATH} CMAKE_PREFIX_PATH=/home/rslomron/tm_custom/install/tm_msgs:/opt/ros/humble LD_LIBRARY_PATH=/home/rslomron/tm_custom/install/tm_msgs/lib:${LD_LIBRARY_PATH} PYTHONPATH=/home/rslomron/tm_custom/install/tm_msgs/local/lib/python3.10/dist-packages:${PYTHONPATH} /usr/bin/cmake --install /home/rslomron/tm_custom/build/tm_driver
