[0.942s] Invoking command in '/home/rslomron/tm_custom/build/tm_moveit_cpp_demo': CMAKE_PREFIX_PATH=${CMAKE_PREFIX_PATH}:/home/rslomron/tm_custom/install/tm_mod_urdf:/home/rslomron/tm_custom/install/techman_robot_get_status:/home/rslomron/moveit2_ws/install/moveit_configs_utils:/opt/ros/humble /usr/bin/cmake --build /home/rslomron/tm_custom/build/tm_moveit_cpp_demo -- -j8 -l8
[1.106s] [100%] Built target run_moveit_cpp
[1.128s] Invoked command in '/home/rslomron/tm_custom/build/tm_moveit_cpp_demo' returned '0': CMAKE_PREFIX_PATH=${CMAKE_PREFIX_PATH}:/home/rslomron/tm_custom/install/tm_mod_urdf:/home/rslomron/tm_custom/install/techman_robot_get_status:/home/rslomron/moveit2_ws/install/moveit_configs_utils:/opt/ros/humble /usr/bin/cmake --build /home/rslomron/tm_custom/build/tm_moveit_cpp_demo -- -j8 -l8
[1.243s] Invoking command in '/home/rslomron/tm_custom/build/tm_moveit_cpp_demo': CMAKE_PREFIX_PATH=${CMAKE_PREFIX_PATH}:/home/rslomron/tm_custom/install/tm_mod_urdf:/home/rslomron/tm_custom/install/techman_robot_get_status:/home/rslomron/moveit2_ws/install/moveit_configs_utils:/opt/ros/humble /usr/bin/cmake --install /home/rslomron/tm_custom/build/tm_moveit_cpp_demo
[1.284s] -- Install configuration: ""
[1.284s] -- Up-to-date: /home/rslomron/tm_custom/install/tm_moveit_cpp_demo/lib/tm_moveit_cpp_demo/run_moveit_cpp
[1.284s] -- Up-to-date: /home/rslomron/tm_custom/install/tm_moveit_cpp_demo/share/tm_moveit_cpp_demo/launch
[1.284s] -- Up-to-date: /home/rslomron/tm_custom/install/tm_moveit_cpp_demo/share/tm_moveit_cpp_demo/launch/tm5-900_run_moveit_cpp.launch.py
[1.284s] -- Up-to-date: /home/rslomron/tm_custom/install/tm_moveit_cpp_demo/share/tm_moveit_cpp_demo/launch/tm5-700_run_moveit_cpp.launch.py
[1.284s] -- Up-to-date: /home/rslomron/tm_custom/install/tm_moveit_cpp_demo/share/tm_moveit_cpp_demo/launch/run_moveit_cpp.rviz
[1.285s] -- Up-to-date: /home/rslomron/tm_custom/install/tm_moveit_cpp_demo/share/tm_moveit_cpp_demo/launch/tm14x_run_moveit_cpp.launch.py
[1.286s] -- Up-to-date: /home/rslomron/tm_custom/install/tm_moveit_cpp_demo/share/tm_moveit_cpp_demo/launch/tm12_run_moveit_cpp.launch.py
[1.286s] -- Up-to-date: /home/rslomron/tm_custom/install/tm_moveit_cpp_demo/share/tm_moveit_cpp_demo/launch/tm12x_run_moveit_cpp.launch.py
[1.286s] -- Up-to-date: /home/rslomron/tm_custom/install/tm_moveit_cpp_demo/share/tm_moveit_cpp_demo/launch/tm14_run_moveit_cpp.launch.py
[1.287s] -- Up-to-date: /home/rslomron/tm_custom/install/tm_moveit_cpp_demo/share/tm_moveit_cpp_demo/launch/run_moveit_cpp.launch.py
[1.287s] -- Up-to-date: /home/rslomron/tm_custom/install/tm_moveit_cpp_demo/share/tm_moveit_cpp_demo/launch/tm5x-700_run_moveit_cpp.launch.py
[1.290s] -- Up-to-date: /home/rslomron/tm_custom/install/tm_moveit_cpp_demo/share/tm_moveit_cpp_demo/launch/tm5x-900_run_moveit_cpp.launch.py
[1.290s] -- Up-to-date: /home/rslomron/tm_custom/install/tm_moveit_cpp_demo/share/tm_moveit_cpp_demo/config
[1.291s] -- Up-to-date: /home/rslomron/tm_custom/install/tm_moveit_cpp_demo/share/tm_moveit_cpp_demo/config/moveit_cpp.yaml
[1.291s] -- Up-to-date: /home/rslomron/tm_custom/install/tm_moveit_cpp_demo/share/tm_moveit_cpp_demo/config/controllers.yaml
[1.291s] -- Up-to-date: /home/rslomron/tm_custom/install/tm_moveit_cpp_demo/share/ament_index/resource_index/package_run_dependencies/tm_moveit_cpp_demo
[1.291s] -- Up-to-date: /home/rslomron/tm_custom/install/tm_moveit_cpp_demo/share/ament_index/resource_index/parent_prefix_path/tm_moveit_cpp_demo
[1.291s] -- Up-to-date: /home/rslomron/tm_custom/install/tm_moveit_cpp_demo/share/tm_moveit_cpp_demo/environment/ament_prefix_path.sh
[1.291s] -- Up-to-date: /home/rslomron/tm_custom/install/tm_moveit_cpp_demo/share/tm_moveit_cpp_demo/environment/ament_prefix_path.dsv
[1.291s] -- Up-to-date: /home/rslomron/tm_custom/install/tm_moveit_cpp_demo/share/tm_moveit_cpp_demo/environment/path.sh
[1.291s] -- Up-to-date: /home/rslomron/tm_custom/install/tm_moveit_cpp_demo/share/tm_moveit_cpp_demo/environment/path.dsv
[1.291s] -- Up-to-date: /home/rslomron/tm_custom/install/tm_moveit_cpp_demo/share/tm_moveit_cpp_demo/local_setup.bash
[1.292s] -- Up-to-date: /home/rslomron/tm_custom/install/tm_moveit_cpp_demo/share/tm_moveit_cpp_demo/local_setup.sh
[1.292s] -- Up-to-date: /home/rslomron/tm_custom/install/tm_moveit_cpp_demo/share/tm_moveit_cpp_demo/local_setup.zsh
[1.292s] -- Up-to-date: /home/rslomron/tm_custom/install/tm_moveit_cpp_demo/share/tm_moveit_cpp_demo/local_setup.dsv
[1.292s] -- Installing: /home/rslomron/tm_custom/install/tm_moveit_cpp_demo/share/tm_moveit_cpp_demo/package.dsv
[1.292s] -- Up-to-date: /home/rslomron/tm_custom/install/tm_moveit_cpp_demo/share/ament_index/resource_index/packages/tm_moveit_cpp_demo
[1.292s] -- Up-to-date: /home/rslomron/tm_custom/install/tm_moveit_cpp_demo/share/tm_moveit_cpp_demo/cmake/tm_moveit_cpp_demoConfig.cmake
[1.292s] -- Up-to-date: /home/rslomron/tm_custom/install/tm_moveit_cpp_demo/share/tm_moveit_cpp_demo/cmake/tm_moveit_cpp_demoConfig-version.cmake
[1.292s] -- Up-to-date: /home/rslomron/tm_custom/install/tm_moveit_cpp_demo/share/tm_moveit_cpp_demo/package.xml
[1.305s] Invoked command in '/home/rslomron/tm_custom/build/tm_moveit_cpp_demo' returned '0': CMAKE_PREFIX_PATH=${CMAKE_PREFIX_PATH}:/home/rslomron/tm_custom/install/tm_mod_urdf:/home/rslomron/tm_custom/install/techman_robot_get_status:/home/rslomron/moveit2_ws/install/moveit_configs_utils:/opt/ros/humble /usr/bin/cmake --install /home/rslomron/tm_custom/build/tm_moveit_cpp_demo
