[2.292s] Invoking command in '/home/rslomron/MoMa/tm_custom/src/techman_robot_get_status': PYTHONPATH=/home/rslomron/MoMa/tm_custom/build/techman_robot_get_status/prefix_override:/home/rslomron/MoMa/tm_custom/install/techman_robot_get_status/lib/python3.10/site-packages:${PYTHONPATH} /usr/bin/python3 -W ignore:setup.py install is deprecated setup.py egg_info --egg-base ../../build/techman_robot_get_status build --build-base /home/rslomron/MoMa/tm_custom/build/techman_robot_get_status/build install --record /home/rslomron/MoMa/tm_custom/build/techman_robot_get_status/install.log --single-version-externally-managed install_data
[2.784s] running egg_info
[2.785s] writing ../../build/techman_robot_get_status/techman_robot_get_status.egg-info/PKG-INFO
[2.785s] writing dependency_links to ../../build/techman_robot_get_status/techman_robot_get_status.egg-info/dependency_links.txt
[2.786s] writing entry points to ../../build/techman_robot_get_status/techman_robot_get_status.egg-info/entry_points.txt
[2.786s] writing requirements to ../../build/techman_robot_get_status/techman_robot_get_status.egg-info/requires.txt
[2.786s] writing top-level names to ../../build/techman_robot_get_status/techman_robot_get_status.egg-info/top_level.txt
[2.789s] reading manifest file '../../build/techman_robot_get_status/techman_robot_get_status.egg-info/SOURCES.txt'
[2.792s] writing manifest file '../../build/techman_robot_get_status/techman_robot_get_status.egg-info/SOURCES.txt'
[2.792s] running build
[2.793s] running build_py
[2.793s] running install
[2.794s] running install_lib
[2.796s] running install_data
[2.797s] running install_egg_info
[2.800s] removing '/home/rslomron/MoMa/tm_custom/install/techman_robot_get_status/lib/python3.10/site-packages/techman_robot_get_status-1.0.0-py3.10.egg-info' (and everything under it)
[2.805s] Copying ../../build/techman_robot_get_status/techman_robot_get_status.egg-info to /home/rslomron/MoMa/tm_custom/install/techman_robot_get_status/lib/python3.10/site-packages/techman_robot_get_status-1.0.0-py3.10.egg-info
[2.805s] running install_scripts
[2.838s] Installing image_talker script to /home/rslomron/MoMa/tm_custom/install/techman_robot_get_status/lib/techman_robot_get_status
[2.839s] Installing status_talker script to /home/rslomron/MoMa/tm_custom/install/techman_robot_get_status/lib/techman_robot_get_status
[2.840s] writing list of installed files to '/home/rslomron/MoMa/tm_custom/build/techman_robot_get_status/install.log'
[2.891s] Invoked command in '/home/rslomron/MoMa/tm_custom/src/techman_robot_get_status' returned '0': PYTHONPATH=/home/rslomron/MoMa/tm_custom/build/techman_robot_get_status/prefix_override:/home/rslomron/MoMa/tm_custom/install/techman_robot_get_status/lib/python3.10/site-packages:${PYTHONPATH} /usr/bin/python3 -W ignore:setup.py install is deprecated setup.py egg_info --egg-base ../../build/techman_robot_get_status build --build-base /home/rslomron/MoMa/tm_custom/build/techman_robot_get_status/build install --record /home/rslomron/MoMa/tm_custom/build/techman_robot_get_status/install.log --single-version-externally-managed install_data
