[35m[1mConsolidate compiler generated dependencies of target demo_send_script[0m
[35m[1mConsolidate compiler generated dependencies of target demo_set_event[0m
[35m[1mConsolidate compiler generated dependencies of target demo_connect_tm[0m
[35m[1mConsolidate compiler generated dependencies of target demo_write_item[0m
[35m[1mConsolidate compiler generated dependencies of target demo_set_positions[0m
[  3%] [32mBuilding CXX object CMakeFiles/demo_set_event.dir/src/demo_set_event.cpp.o[0m
[  7%] [32mBuilding CXX object CMakeFiles/demo_send_script.dir/src/demo_send_script.cpp.o[0m
[ 14%] [32mBuilding CXX object CMakeFiles/demo_write_item.dir/src/demo_write_item.cpp.o[0m
[ 17%] Built target demo_set_io
[ 21%] [32mBuilding CXX object CMakeFiles/demo_connect_tm.dir/src/demo_connect_tm.cpp.o[0m
[ 28%] Built target demo_ask_sta
[ 35%] Built target demo_ask_item
[ 42%] Built target demo_set_positions
[ 50%] Built target demo_get_feedback
[ 57%] Built target demo_get_torque_feedback
[ 64%] Built target demo_get_sta_response
[35m[1mConsolidate compiler generated dependencies of target demo_leave_listen_node[0m
[ 71%] Built target demo_get_sct_response
[ 78%] Built target demo_get_svr_response
[ 82%] [32mBuilding CXX object CMakeFiles/demo_leave_listen_node.dir/src/demo_leave_listen_node.cpp.o[0m
[ 85%] [32m[1mLinking CXX executable demo_connect_tm[0m
[ 85%] Built target demo_connect_tm
