[0.113s] DEBUG:colcon:Command line arguments: ['/usr/bin/colcon', 'build', '--packages-select', 'techman_robot_get_status']
[0.113s] DEBUG:colcon:Parsed command line arguments: Namespace(log_base=None, log_level=None, verb_name='build', build_base='build', install_base='install', merge_install=False, symlink_install=False, test_result_base=None, continue_on_error=False, executor='parallel', parallel_workers=8, event_handlers=None, ignore_user_meta=False, metas=['./colcon.meta'], base_paths=['.'], packages_ignore=None, packages_ignore_regex=None, paths=None, packages_up_to=None, packages_up_to_regex=None, packages_above=None, packages_above_and_dependencies=None, packages_above_depth=None, packages_select_by_dep=None, packages_skip_by_dep=None, packages_skip_up_to=None, packages_select_build_failed=False, packages_skip_build_finished=False, packages_select_test_failures=False, packages_skip_test_passed=False, packages_select=['techman_robot_get_status'], packages_skip=None, packages_select_regex=None, packages_skip_regex=None, packages_start=None, packages_end=None, allow_overriding=[], cmake_args=None, cmake_target=None, cmake_target_skip_unavailable=False, cmake_clean_cache=False, cmake_clean_first=False, cmake_force_configure=False, ament_cmake_args=None, catkin_cmake_args=None, catkin_skip_building_tests=False, verb_parser=<colcon_defaults.argument_parser.defaults.DefaultArgumentsDecorator object at 0x71b0d9b34f10>, verb_extension=<colcon_core.verb.build.BuildVerb object at 0x71b0d9b34940>, main=<bound method BuildVerb.main of <colcon_core.verb.build.BuildVerb object at 0x71b0d9b34940>>)
[0.294s] Level 1:colcon.colcon_core.package_discovery:discover_packages(colcon_meta) check parameters
[0.295s] Level 1:colcon.colcon_core.package_discovery:discover_packages(recursive) check parameters
[0.295s] Level 1:colcon.colcon_core.package_discovery:discover_packages(ignore) check parameters
[0.295s] Level 1:colcon.colcon_core.package_discovery:discover_packages(path) check parameters
[0.295s] Level 1:colcon.colcon_core.package_discovery:discover_packages(colcon_meta) discover
[0.295s] Level 1:colcon.colcon_core.package_discovery:discover_packages(recursive) discover
[0.295s] INFO:colcon.colcon_core.package_discovery:Crawling recursively for packages in '/home/rslomron/tm_custom'
[0.295s] Level 1:colcon.colcon_core.package_identification:_identify(.) by extensions ['ignore', 'ignore_ament_install']
[0.295s] Level 1:colcon.colcon_core.package_identification:_identify(.) by extension 'ignore'
[0.295s] Level 1:colcon.colcon_core.package_identification:_identify(.) by extension 'ignore_ament_install'
[0.295s] Level 1:colcon.colcon_core.package_identification:_identify(.) by extensions ['colcon_pkg']
[0.295s] Level 1:colcon.colcon_core.package_identification:_identify(.) by extension 'colcon_pkg'
[0.295s] Level 1:colcon.colcon_core.package_identification:_identify(.) by extensions ['colcon_meta']
[0.295s] Level 1:colcon.colcon_core.package_identification:_identify(.) by extension 'colcon_meta'
[0.295s] Level 1:colcon.colcon_core.package_identification:_identify(.) by extensions ['ros']
[0.295s] Level 1:colcon.colcon_core.package_identification:_identify(.) by extension 'ros'
[0.308s] Level 1:colcon.colcon_core.package_identification:_identify(.) by extensions ['cmake', 'python']
[0.308s] Level 1:colcon.colcon_core.package_identification:_identify(.) by extension 'cmake'
[0.308s] Level 1:colcon.colcon_core.package_identification:_identify(.) by extension 'python'
[0.308s] Level 1:colcon.colcon_core.package_identification:_identify(.) by extensions ['python_setup_py']
[0.308s] Level 1:colcon.colcon_core.package_identification:_identify(.) by extension 'python_setup_py'
[0.308s] Level 1:colcon.colcon_core.package_identification:_identify(build) by extensions ['ignore', 'ignore_ament_install']
[0.308s] Level 1:colcon.colcon_core.package_identification:_identify(build) by extension 'ignore'
[0.308s] Level 1:colcon.colcon_core.package_identification:_identify(build) ignored
[0.308s] Level 1:colcon.colcon_core.package_identification:_identify(install) by extensions ['ignore', 'ignore_ament_install']
[0.308s] Level 1:colcon.colcon_core.package_identification:_identify(install) by extension 'ignore'
[0.308s] Level 1:colcon.colcon_core.package_identification:_identify(install) ignored
[0.309s] Level 1:colcon.colcon_core.package_identification:_identify(log) by extensions ['ignore', 'ignore_ament_install']
[0.309s] Level 1:colcon.colcon_core.package_identification:_identify(log) by extension 'ignore'
[0.309s] Level 1:colcon.colcon_core.package_identification:_identify(log) ignored
[0.309s] Level 1:colcon.colcon_core.package_identification:_identify(src) by extensions ['ignore', 'ignore_ament_install']
[0.309s] Level 1:colcon.colcon_core.package_identification:_identify(src) by extension 'ignore'
[0.309s] Level 1:colcon.colcon_core.package_identification:_identify(src) by extension 'ignore_ament_install'
[0.309s] Level 1:colcon.colcon_core.package_identification:_identify(src) by extensions ['colcon_pkg']
[0.309s] Level 1:colcon.colcon_core.package_identification:_identify(src) by extension 'colcon_pkg'
[0.309s] Level 1:colcon.colcon_core.package_identification:_identify(src) by extensions ['colcon_meta']
[0.309s] Level 1:colcon.colcon_core.package_identification:_identify(src) by extension 'colcon_meta'
[0.309s] Level 1:colcon.colcon_core.package_identification:_identify(src) by extensions ['ros']
[0.309s] Level 1:colcon.colcon_core.package_identification:_identify(src) by extension 'ros'
[0.309s] Level 1:colcon.colcon_core.package_identification:_identify(src) by extensions ['cmake', 'python']
[0.309s] Level 1:colcon.colcon_core.package_identification:_identify(src) by extension 'cmake'
[0.309s] Level 1:colcon.colcon_core.package_identification:_identify(src) by extension 'python'
[0.309s] Level 1:colcon.colcon_core.package_identification:_identify(src) by extensions ['python_setup_py']
[0.309s] Level 1:colcon.colcon_core.package_identification:_identify(src) by extension 'python_setup_py'
[0.310s] Level 1:colcon.colcon_core.package_identification:_identify(src/custom_package) by extensions ['ignore', 'ignore_ament_install']
[0.310s] Level 1:colcon.colcon_core.package_identification:_identify(src/custom_package) by extension 'ignore'
[0.310s] Level 1:colcon.colcon_core.package_identification:_identify(src/custom_package) by extension 'ignore_ament_install'
[0.310s] Level 1:colcon.colcon_core.package_identification:_identify(src/custom_package) by extensions ['colcon_pkg']
[0.310s] Level 1:colcon.colcon_core.package_identification:_identify(src/custom_package) by extension 'colcon_pkg'
[0.310s] Level 1:colcon.colcon_core.package_identification:_identify(src/custom_package) by extensions ['colcon_meta']
[0.310s] Level 1:colcon.colcon_core.package_identification:_identify(src/custom_package) by extension 'colcon_meta'
[0.310s] Level 1:colcon.colcon_core.package_identification:_identify(src/custom_package) by extensions ['ros']
[0.310s] Level 1:colcon.colcon_core.package_identification:_identify(src/custom_package) by extension 'ros'
[0.313s] DEBUG:colcon.colcon_core.package_identification:Package 'src/custom_package' with type 'ros.ament_cmake' and name 'custom_package'
[0.313s] Level 1:colcon.colcon_core.package_identification:_identify(src/demo) by extensions ['ignore', 'ignore_ament_install']
[0.313s] Level 1:colcon.colcon_core.package_identification:_identify(src/demo) by extension 'ignore'
[0.313s] Level 1:colcon.colcon_core.package_identification:_identify(src/demo) by extension 'ignore_ament_install'
[0.313s] Level 1:colcon.colcon_core.package_identification:_identify(src/demo) by extensions ['colcon_pkg']
[0.313s] Level 1:colcon.colcon_core.package_identification:_identify(src/demo) by extension 'colcon_pkg'
[0.313s] Level 1:colcon.colcon_core.package_identification:_identify(src/demo) by extensions ['colcon_meta']
[0.313s] Level 1:colcon.colcon_core.package_identification:_identify(src/demo) by extension 'colcon_meta'
[0.313s] Level 1:colcon.colcon_core.package_identification:_identify(src/demo) by extensions ['ros']
[0.313s] Level 1:colcon.colcon_core.package_identification:_identify(src/demo) by extension 'ros'
[0.314s] DEBUG:colcon.colcon_core.package_identification:Package 'src/demo' with type 'ros.ament_cmake' and name 'demo'
[0.314s] Level 1:colcon.colcon_core.package_identification:_identify(src/techman_robot_get_status) by extensions ['ignore', 'ignore_ament_install']
[0.314s] Level 1:colcon.colcon_core.package_identification:_identify(src/techman_robot_get_status) by extension 'ignore'
[0.314s] Level 1:colcon.colcon_core.package_identification:_identify(src/techman_robot_get_status) by extension 'ignore_ament_install'
[0.314s] Level 1:colcon.colcon_core.package_identification:_identify(src/techman_robot_get_status) by extensions ['colcon_pkg']
[0.314s] Level 1:colcon.colcon_core.package_identification:_identify(src/techman_robot_get_status) by extension 'colcon_pkg'
[0.314s] Level 1:colcon.colcon_core.package_identification:_identify(src/techman_robot_get_status) by extensions ['colcon_meta']
[0.314s] Level 1:colcon.colcon_core.package_identification:_identify(src/techman_robot_get_status) by extension 'colcon_meta'
[0.314s] Level 1:colcon.colcon_core.package_identification:_identify(src/techman_robot_get_status) by extensions ['ros']
[0.314s] Level 1:colcon.colcon_core.package_identification:_identify(src/techman_robot_get_status) by extension 'ros'
[0.315s] DEBUG:colcon.colcon_core.package_identification:Package 'src/techman_robot_get_status' with type 'ros.ament_python' and name 'techman_robot_get_status'
[0.315s] Level 1:colcon.colcon_core.package_identification:_identify(src/techman_robot_msgs) by extensions ['ignore', 'ignore_ament_install']
[0.315s] Level 1:colcon.colcon_core.package_identification:_identify(src/techman_robot_msgs) by extension 'ignore'
[0.315s] Level 1:colcon.colcon_core.package_identification:_identify(src/techman_robot_msgs) by extension 'ignore_ament_install'
[0.315s] Level 1:colcon.colcon_core.package_identification:_identify(src/techman_robot_msgs) by extensions ['colcon_pkg']
[0.315s] Level 1:colcon.colcon_core.package_identification:_identify(src/techman_robot_msgs) by extension 'colcon_pkg'
[0.315s] Level 1:colcon.colcon_core.package_identification:_identify(src/techman_robot_msgs) by extensions ['colcon_meta']
[0.315s] Level 1:colcon.colcon_core.package_identification:_identify(src/techman_robot_msgs) by extension 'colcon_meta'
[0.315s] Level 1:colcon.colcon_core.package_identification:_identify(src/techman_robot_msgs) by extensions ['ros']
[0.315s] Level 1:colcon.colcon_core.package_identification:_identify(src/techman_robot_msgs) by extension 'ros'
[0.316s] DEBUG:colcon.colcon_core.package_identification:Package 'src/techman_robot_msgs' with type 'ros.ament_cmake' and name 'techman_robot_msgs'
[0.316s] Level 1:colcon.colcon_core.package_identification:_identify(src/tm_description) by extensions ['ignore', 'ignore_ament_install']
[0.316s] Level 1:colcon.colcon_core.package_identification:_identify(src/tm_description) by extension 'ignore'
[0.316s] Level 1:colcon.colcon_core.package_identification:_identify(src/tm_description) by extension 'ignore_ament_install'
[0.316s] Level 1:colcon.colcon_core.package_identification:_identify(src/tm_description) by extensions ['colcon_pkg']
[0.316s] Level 1:colcon.colcon_core.package_identification:_identify(src/tm_description) by extension 'colcon_pkg'
[0.316s] Level 1:colcon.colcon_core.package_identification:_identify(src/tm_description) by extensions ['colcon_meta']
[0.316s] Level 1:colcon.colcon_core.package_identification:_identify(src/tm_description) by extension 'colcon_meta'
[0.316s] Level 1:colcon.colcon_core.package_identification:_identify(src/tm_description) by extensions ['ros']
[0.316s] Level 1:colcon.colcon_core.package_identification:_identify(src/tm_description) by extension 'ros'
[0.317s] DEBUG:colcon.colcon_core.package_identification:Package 'src/tm_description' with type 'ros.ament_cmake' and name 'tm_description'
[0.317s] Level 1:colcon.colcon_core.package_identification:_identify(src/tm_driver) by extensions ['ignore', 'ignore_ament_install']
[0.317s] Level 1:colcon.colcon_core.package_identification:_identify(src/tm_driver) by extension 'ignore'
[0.317s] Level 1:colcon.colcon_core.package_identification:_identify(src/tm_driver) by extension 'ignore_ament_install'
[0.317s] Level 1:colcon.colcon_core.package_identification:_identify(src/tm_driver) by extensions ['colcon_pkg']
[0.317s] Level 1:colcon.colcon_core.package_identification:_identify(src/tm_driver) by extension 'colcon_pkg'
[0.317s] Level 1:colcon.colcon_core.package_identification:_identify(src/tm_driver) by extensions ['colcon_meta']
[0.317s] Level 1:colcon.colcon_core.package_identification:_identify(src/tm_driver) by extension 'colcon_meta'
[0.317s] Level 1:colcon.colcon_core.package_identification:_identify(src/tm_driver) by extensions ['ros']
[0.317s] Level 1:colcon.colcon_core.package_identification:_identify(src/tm_driver) by extension 'ros'
[0.318s] DEBUG:colcon.colcon_core.package_identification:Package 'src/tm_driver' with type 'ros.ament_cmake' and name 'tm_driver'
[0.318s] Level 1:colcon.colcon_core.package_identification:_identify(src/tm_mod_urdf) by extensions ['ignore', 'ignore_ament_install']
[0.318s] Level 1:colcon.colcon_core.package_identification:_identify(src/tm_mod_urdf) by extension 'ignore'
[0.318s] Level 1:colcon.colcon_core.package_identification:_identify(src/tm_mod_urdf) by extension 'ignore_ament_install'
[0.318s] Level 1:colcon.colcon_core.package_identification:_identify(src/tm_mod_urdf) by extensions ['colcon_pkg']
[0.318s] Level 1:colcon.colcon_core.package_identification:_identify(src/tm_mod_urdf) by extension 'colcon_pkg'
[0.318s] Level 1:colcon.colcon_core.package_identification:_identify(src/tm_mod_urdf) by extensions ['colcon_meta']
[0.318s] Level 1:colcon.colcon_core.package_identification:_identify(src/tm_mod_urdf) by extension 'colcon_meta'
[0.319s] Level 1:colcon.colcon_core.package_identification:_identify(src/tm_mod_urdf) by extensions ['ros']
[0.319s] Level 1:colcon.colcon_core.package_identification:_identify(src/tm_mod_urdf) by extension 'ros'
[0.319s] DEBUG:colcon.colcon_core.package_identification:Package 'src/tm_mod_urdf' with type 'ros.ament_python' and name 'tm_mod_urdf'
[0.319s] Level 1:colcon.colcon_core.package_identification:_identify(src/tm_moveit_config_tm12) by extensions ['ignore', 'ignore_ament_install']
[0.319s] Level 1:colcon.colcon_core.package_identification:_identify(src/tm_moveit_config_tm12) by extension 'ignore'
[0.319s] Level 1:colcon.colcon_core.package_identification:_identify(src/tm_moveit_config_tm12) by extension 'ignore_ament_install'
[0.319s] Level 1:colcon.colcon_core.package_identification:_identify(src/tm_moveit_config_tm12) by extensions ['colcon_pkg']
[0.319s] Level 1:colcon.colcon_core.package_identification:_identify(src/tm_moveit_config_tm12) by extension 'colcon_pkg'
[0.320s] Level 1:colcon.colcon_core.package_identification:_identify(src/tm_moveit_config_tm12) by extensions ['colcon_meta']
[0.320s] Level 1:colcon.colcon_core.package_identification:_identify(src/tm_moveit_config_tm12) by extension 'colcon_meta'
[0.320s] Level 1:colcon.colcon_core.package_identification:_identify(src/tm_moveit_config_tm12) by extensions ['ros']
[0.320s] Level 1:colcon.colcon_core.package_identification:_identify(src/tm_moveit_config_tm12) by extension 'ros'
[0.320s] DEBUG:colcon.colcon_core.package_identification:Package 'src/tm_moveit_config_tm12' with type 'ros.ament_cmake' and name 'tm_moveit_config_tm12'
[0.320s] Level 1:colcon.colcon_core.package_identification:_identify(src/tm_moveit_config_tm12x) by extensions ['ignore', 'ignore_ament_install']
[0.320s] Level 1:colcon.colcon_core.package_identification:_identify(src/tm_moveit_config_tm12x) by extension 'ignore'
[0.320s] Level 1:colcon.colcon_core.package_identification:_identify(src/tm_moveit_config_tm12x) by extension 'ignore_ament_install'
[0.320s] Level 1:colcon.colcon_core.package_identification:_identify(src/tm_moveit_config_tm12x) by extensions ['colcon_pkg']
[0.320s] Level 1:colcon.colcon_core.package_identification:_identify(src/tm_moveit_config_tm12x) by extension 'colcon_pkg'
[0.321s] Level 1:colcon.colcon_core.package_identification:_identify(src/tm_moveit_config_tm12x) by extensions ['colcon_meta']
[0.321s] Level 1:colcon.colcon_core.package_identification:_identify(src/tm_moveit_config_tm12x) by extension 'colcon_meta'
[0.321s] Level 1:colcon.colcon_core.package_identification:_identify(src/tm_moveit_config_tm12x) by extensions ['ros']
[0.321s] Level 1:colcon.colcon_core.package_identification:_identify(src/tm_moveit_config_tm12x) by extension 'ros'
[0.321s] DEBUG:colcon.colcon_core.package_identification:Package 'src/tm_moveit_config_tm12x' with type 'ros.ament_cmake' and name 'tm_moveit_config_tm12x'
[0.321s] Level 1:colcon.colcon_core.package_identification:_identify(src/tm_moveit_config_tm14) by extensions ['ignore', 'ignore_ament_install']
[0.321s] Level 1:colcon.colcon_core.package_identification:_identify(src/tm_moveit_config_tm14) by extension 'ignore'
[0.321s] Level 1:colcon.colcon_core.package_identification:_identify(src/tm_moveit_config_tm14) by extension 'ignore_ament_install'
[0.321s] Level 1:colcon.colcon_core.package_identification:_identify(src/tm_moveit_config_tm14) by extensions ['colcon_pkg']
[0.321s] Level 1:colcon.colcon_core.package_identification:_identify(src/tm_moveit_config_tm14) by extension 'colcon_pkg'
[0.322s] Level 1:colcon.colcon_core.package_identification:_identify(src/tm_moveit_config_tm14) by extensions ['colcon_meta']
[0.322s] Level 1:colcon.colcon_core.package_identification:_identify(src/tm_moveit_config_tm14) by extension 'colcon_meta'
[0.322s] Level 1:colcon.colcon_core.package_identification:_identify(src/tm_moveit_config_tm14) by extensions ['ros']
[0.322s] Level 1:colcon.colcon_core.package_identification:_identify(src/tm_moveit_config_tm14) by extension 'ros'
[0.322s] DEBUG:colcon.colcon_core.package_identification:Package 'src/tm_moveit_config_tm14' with type 'ros.ament_cmake' and name 'tm_moveit_config_tm14'
[0.322s] Level 1:colcon.colcon_core.package_identification:_identify(src/tm_moveit_config_tm14x) by extensions ['ignore', 'ignore_ament_install']
[0.322s] Level 1:colcon.colcon_core.package_identification:_identify(src/tm_moveit_config_tm14x) by extension 'ignore'
[0.322s] Level 1:colcon.colcon_core.package_identification:_identify(src/tm_moveit_config_tm14x) by extension 'ignore_ament_install'
[0.322s] Level 1:colcon.colcon_core.package_identification:_identify(src/tm_moveit_config_tm14x) by extensions ['colcon_pkg']
[0.322s] Level 1:colcon.colcon_core.package_identification:_identify(src/tm_moveit_config_tm14x) by extension 'colcon_pkg'
[0.322s] Level 1:colcon.colcon_core.package_identification:_identify(src/tm_moveit_config_tm14x) by extensions ['colcon_meta']
[0.323s] Level 1:colcon.colcon_core.package_identification:_identify(src/tm_moveit_config_tm14x) by extension 'colcon_meta'
[0.323s] Level 1:colcon.colcon_core.package_identification:_identify(src/tm_moveit_config_tm14x) by extensions ['ros']
[0.323s] Level 1:colcon.colcon_core.package_identification:_identify(src/tm_moveit_config_tm14x) by extension 'ros'
[0.323s] DEBUG:colcon.colcon_core.package_identification:Package 'src/tm_moveit_config_tm14x' with type 'ros.ament_cmake' and name 'tm_moveit_config_tm14x'
[0.323s] Level 1:colcon.colcon_core.package_identification:_identify(src/tm_moveit_config_tm5-700) by extensions ['ignore', 'ignore_ament_install']
[0.323s] Level 1:colcon.colcon_core.package_identification:_identify(src/tm_moveit_config_tm5-700) by extension 'ignore'
[0.323s] Level 1:colcon.colcon_core.package_identification:_identify(src/tm_moveit_config_tm5-700) by extension 'ignore_ament_install'
[0.323s] Level 1:colcon.colcon_core.package_identification:_identify(src/tm_moveit_config_tm5-700) by extensions ['colcon_pkg']
[0.323s] Level 1:colcon.colcon_core.package_identification:_identify(src/tm_moveit_config_tm5-700) by extension 'colcon_pkg'
[0.323s] Level 1:colcon.colcon_core.package_identification:_identify(src/tm_moveit_config_tm5-700) by extensions ['colcon_meta']
[0.324s] Level 1:colcon.colcon_core.package_identification:_identify(src/tm_moveit_config_tm5-700) by extension 'colcon_meta'
[0.324s] Level 1:colcon.colcon_core.package_identification:_identify(src/tm_moveit_config_tm5-700) by extensions ['ros']
[0.324s] Level 1:colcon.colcon_core.package_identification:_identify(src/tm_moveit_config_tm5-700) by extension 'ros'
[0.324s] DEBUG:colcon.colcon_core.package_identification:Package 'src/tm_moveit_config_tm5-700' with type 'ros.ament_cmake' and name 'tm_moveit_config_tm5-700'
[0.324s] Level 1:colcon.colcon_core.package_identification:_identify(src/tm_moveit_config_tm5-900) by extensions ['ignore', 'ignore_ament_install']
[0.324s] Level 1:colcon.colcon_core.package_identification:_identify(src/tm_moveit_config_tm5-900) by extension 'ignore'
[0.324s] Level 1:colcon.colcon_core.package_identification:_identify(src/tm_moveit_config_tm5-900) by extension 'ignore_ament_install'
[0.324s] Level 1:colcon.colcon_core.package_identification:_identify(src/tm_moveit_config_tm5-900) by extensions ['colcon_pkg']
[0.324s] Level 1:colcon.colcon_core.package_identification:_identify(src/tm_moveit_config_tm5-900) by extension 'colcon_pkg'
[0.324s] Level 1:colcon.colcon_core.package_identification:_identify(src/tm_moveit_config_tm5-900) by extensions ['colcon_meta']
[0.325s] Level 1:colcon.colcon_core.package_identification:_identify(src/tm_moveit_config_tm5-900) by extension 'colcon_meta'
[0.325s] Level 1:colcon.colcon_core.package_identification:_identify(src/tm_moveit_config_tm5-900) by extensions ['ros']
[0.325s] Level 1:colcon.colcon_core.package_identification:_identify(src/tm_moveit_config_tm5-900) by extension 'ros'
[0.325s] DEBUG:colcon.colcon_core.package_identification:Package 'src/tm_moveit_config_tm5-900' with type 'ros.ament_cmake' and name 'tm_moveit_config_tm5-900'
[0.325s] Level 1:colcon.colcon_core.package_identification:_identify(src/tm_moveit_config_tm5x-700) by extensions ['ignore', 'ignore_ament_install']
[0.325s] Level 1:colcon.colcon_core.package_identification:_identify(src/tm_moveit_config_tm5x-700) by extension 'ignore'
[0.325s] Level 1:colcon.colcon_core.package_identification:_identify(src/tm_moveit_config_tm5x-700) by extension 'ignore_ament_install'
[0.325s] Level 1:colcon.colcon_core.package_identification:_identify(src/tm_moveit_config_tm5x-700) by extensions ['colcon_pkg']
[0.325s] Level 1:colcon.colcon_core.package_identification:_identify(src/tm_moveit_config_tm5x-700) by extension 'colcon_pkg'
[0.325s] Level 1:colcon.colcon_core.package_identification:_identify(src/tm_moveit_config_tm5x-700) by extensions ['colcon_meta']
[0.325s] Level 1:colcon.colcon_core.package_identification:_identify(src/tm_moveit_config_tm5x-700) by extension 'colcon_meta'
[0.326s] Level 1:colcon.colcon_core.package_identification:_identify(src/tm_moveit_config_tm5x-700) by extensions ['ros']
[0.326s] Level 1:colcon.colcon_core.package_identification:_identify(src/tm_moveit_config_tm5x-700) by extension 'ros'
[0.326s] DEBUG:colcon.colcon_core.package_identification:Package 'src/tm_moveit_config_tm5x-700' with type 'ros.ament_cmake' and name 'tm_moveit_config_tm5x-700'
[0.326s] Level 1:colcon.colcon_core.package_identification:_identify(src/tm_moveit_config_tm5x-900) by extensions ['ignore', 'ignore_ament_install']
[0.326s] Level 1:colcon.colcon_core.package_identification:_identify(src/tm_moveit_config_tm5x-900) by extension 'ignore'
[0.326s] Level 1:colcon.colcon_core.package_identification:_identify(src/tm_moveit_config_tm5x-900) by extension 'ignore_ament_install'
[0.326s] Level 1:colcon.colcon_core.package_identification:_identify(src/tm_moveit_config_tm5x-900) by extensions ['colcon_pkg']
[0.326s] Level 1:colcon.colcon_core.package_identification:_identify(src/tm_moveit_config_tm5x-900) by extension 'colcon_pkg'
[0.326s] Level 1:colcon.colcon_core.package_identification:_identify(src/tm_moveit_config_tm5x-900) by extensions ['colcon_meta']
[0.326s] Level 1:colcon.colcon_core.package_identification:_identify(src/tm_moveit_config_tm5x-900) by extension 'colcon_meta'
[0.327s] Level 1:colcon.colcon_core.package_identification:_identify(src/tm_moveit_config_tm5x-900) by extensions ['ros']
[0.327s] Level 1:colcon.colcon_core.package_identification:_identify(src/tm_moveit_config_tm5x-900) by extension 'ros'
[0.327s] DEBUG:colcon.colcon_core.package_identification:Package 'src/tm_moveit_config_tm5x-900' with type 'ros.ament_cmake' and name 'tm_moveit_config_tm5x-900'
[0.327s] Level 1:colcon.colcon_core.package_identification:_identify(src/tm_moveit_cpp_demo) by extensions ['ignore', 'ignore_ament_install']
[0.327s] Level 1:colcon.colcon_core.package_identification:_identify(src/tm_moveit_cpp_demo) by extension 'ignore'
[0.327s] Level 1:colcon.colcon_core.package_identification:_identify(src/tm_moveit_cpp_demo) by extension 'ignore_ament_install'
[0.327s] Level 1:colcon.colcon_core.package_identification:_identify(src/tm_moveit_cpp_demo) by extensions ['colcon_pkg']
[0.327s] Level 1:colcon.colcon_core.package_identification:_identify(src/tm_moveit_cpp_demo) by extension 'colcon_pkg'
[0.328s] Level 1:colcon.colcon_core.package_identification:_identify(src/tm_moveit_cpp_demo) by extensions ['colcon_meta']
[0.328s] Level 1:colcon.colcon_core.package_identification:_identify(src/tm_moveit_cpp_demo) by extension 'colcon_meta'
[0.328s] Level 1:colcon.colcon_core.package_identification:_identify(src/tm_moveit_cpp_demo) by extensions ['ros']
[0.328s] Level 1:colcon.colcon_core.package_identification:_identify(src/tm_moveit_cpp_demo) by extension 'ros'
[0.328s] DEBUG:colcon.colcon_core.package_identification:Package 'src/tm_moveit_cpp_demo' with type 'ros.ament_cmake' and name 'tm_moveit_cpp_demo'
[0.328s] Level 1:colcon.colcon_core.package_identification:_identify(src/tm_msgs) by extensions ['ignore', 'ignore_ament_install']
[0.328s] Level 1:colcon.colcon_core.package_identification:_identify(src/tm_msgs) by extension 'ignore'
[0.328s] Level 1:colcon.colcon_core.package_identification:_identify(src/tm_msgs) by extension 'ignore_ament_install'
[0.329s] Level 1:colcon.colcon_core.package_identification:_identify(src/tm_msgs) by extensions ['colcon_pkg']
[0.329s] Level 1:colcon.colcon_core.package_identification:_identify(src/tm_msgs) by extension 'colcon_pkg'
[0.329s] Level 1:colcon.colcon_core.package_identification:_identify(src/tm_msgs) by extensions ['colcon_meta']
[0.329s] Level 1:colcon.colcon_core.package_identification:_identify(src/tm_msgs) by extension 'colcon_meta'
[0.329s] Level 1:colcon.colcon_core.package_identification:_identify(src/tm_msgs) by extensions ['ros']
[0.329s] Level 1:colcon.colcon_core.package_identification:_identify(src/tm_msgs) by extension 'ros'
[0.329s] DEBUG:colcon.colcon_core.package_identification:Package 'src/tm_msgs' with type 'ros.ament_cmake' and name 'tm_msgs'
[0.329s] Level 1:colcon.colcon_core.package_identification:_identify(src/ui_for_debug_and_demo) by extensions ['ignore', 'ignore_ament_install']
[0.329s] Level 1:colcon.colcon_core.package_identification:_identify(src/ui_for_debug_and_demo) by extension 'ignore'
[0.329s] Level 1:colcon.colcon_core.package_identification:_identify(src/ui_for_debug_and_demo) by extension 'ignore_ament_install'
[0.330s] Level 1:colcon.colcon_core.package_identification:_identify(src/ui_for_debug_and_demo) by extensions ['colcon_pkg']
[0.330s] Level 1:colcon.colcon_core.package_identification:_identify(src/ui_for_debug_and_demo) by extension 'colcon_pkg'
[0.330s] Level 1:colcon.colcon_core.package_identification:_identify(src/ui_for_debug_and_demo) by extensions ['colcon_meta']
[0.330s] Level 1:colcon.colcon_core.package_identification:_identify(src/ui_for_debug_and_demo) by extension 'colcon_meta'
[0.330s] Level 1:colcon.colcon_core.package_identification:_identify(src/ui_for_debug_and_demo) by extensions ['ros']
[0.330s] Level 1:colcon.colcon_core.package_identification:_identify(src/ui_for_debug_and_demo) by extension 'ros'
[0.330s] DEBUG:colcon.colcon_core.package_identification:Package 'src/ui_for_debug_and_demo' with type 'ros.ament_cmake' and name 'ui_for_debug_and_demo'
[0.330s] Level 1:colcon.colcon_core.package_discovery:discover_packages(recursive) using defaults
[0.330s] Level 1:colcon.colcon_core.package_discovery:discover_packages(ignore) discover
[0.330s] Level 1:colcon.colcon_core.package_discovery:discover_packages(ignore) using defaults
[0.330s] Level 1:colcon.colcon_core.package_discovery:discover_packages(path) discover
[0.330s] Level 1:colcon.colcon_core.package_discovery:discover_packages(path) using defaults
[0.364s] INFO:colcon.colcon_core.package_selection:Skipping not selected package 'custom_package' in 'src/custom_package'
[0.364s] INFO:colcon.colcon_core.package_selection:Skipping not selected package 'demo' in 'src/demo'
[0.364s] INFO:colcon.colcon_core.package_selection:Skipping not selected package 'techman_robot_msgs' in 'src/techman_robot_msgs'
[0.364s] INFO:colcon.colcon_core.package_selection:Skipping not selected package 'tm_description' in 'src/tm_description'
[0.364s] INFO:colcon.colcon_core.package_selection:Skipping not selected package 'tm_mod_urdf' in 'src/tm_mod_urdf'
[0.364s] INFO:colcon.colcon_core.package_selection:Skipping not selected package 'tm_moveit_config_tm12' in 'src/tm_moveit_config_tm12'
[0.364s] INFO:colcon.colcon_core.package_selection:Skipping not selected package 'tm_moveit_config_tm12x' in 'src/tm_moveit_config_tm12x'
[0.364s] INFO:colcon.colcon_core.package_selection:Skipping not selected package 'tm_moveit_config_tm14' in 'src/tm_moveit_config_tm14'
[0.364s] INFO:colcon.colcon_core.package_selection:Skipping not selected package 'tm_moveit_config_tm14x' in 'src/tm_moveit_config_tm14x'
[0.364s] INFO:colcon.colcon_core.package_selection:Skipping not selected package 'tm_moveit_config_tm5-700' in 'src/tm_moveit_config_tm5-700'
[0.364s] INFO:colcon.colcon_core.package_selection:Skipping not selected package 'tm_moveit_config_tm5-900' in 'src/tm_moveit_config_tm5-900'
[0.364s] INFO:colcon.colcon_core.package_selection:Skipping not selected package 'tm_moveit_config_tm5x-700' in 'src/tm_moveit_config_tm5x-700'
[0.364s] INFO:colcon.colcon_core.package_selection:Skipping not selected package 'tm_moveit_config_tm5x-900' in 'src/tm_moveit_config_tm5x-900'
[0.364s] INFO:colcon.colcon_core.package_selection:Skipping not selected package 'tm_moveit_cpp_demo' in 'src/tm_moveit_cpp_demo'
[0.364s] INFO:colcon.colcon_core.package_selection:Skipping not selected package 'tm_msgs' in 'src/tm_msgs'
[0.364s] INFO:colcon.colcon_core.package_selection:Skipping not selected package 'ui_for_debug_and_demo' in 'src/ui_for_debug_and_demo'
[0.364s] INFO:colcon.colcon_core.package_selection:Skipping not selected package 'tm_driver' in 'src/tm_driver'
[0.365s] Level 1:colcon.colcon_core.package_discovery:discover_packages(prefix_path) check parameters
[0.365s] Level 1:colcon.colcon_core.package_discovery:discover_packages(prefix_path) discover
[0.366s] WARNING:colcon.colcon_ros.prefix_path.ament:The path '/home/rslomron/tm_custom/install/tm_get_status' in the environment variable AMENT_PREFIX_PATH doesn't exist
[0.366s] WARNING:colcon.colcon_ros.prefix_path.ament:The path '/home/rslomron/tm_custom/install/custom_2' in the environment variable AMENT_PREFIX_PATH doesn't exist
[0.367s] WARNING:colcon.colcon_ros.prefix_path.catkin:The path '/home/rslomron/tm_custom/install/custom_2' in the environment variable CMAKE_PREFIX_PATH doesn't exist
[0.368s] DEBUG:colcon.colcon_installed_package_information.package_discovery:Found 18 installed packages in /home/rslomron/tm_custom/install
[0.369s] DEBUG:colcon.colcon_installed_package_information.package_discovery:Found 270 installed packages in /opt/ros/humble
[0.370s] Level 1:colcon.colcon_core.package_discovery:discover_packages(prefix_path) using defaults
[0.412s] Level 5:colcon.colcon_core.verb:set package 'techman_robot_get_status' build argument 'cmake_args' from command line to 'None'
[0.412s] Level 5:colcon.colcon_core.verb:set package 'techman_robot_get_status' build argument 'cmake_target' from command line to 'None'
[0.412s] Level 5:colcon.colcon_core.verb:set package 'techman_robot_get_status' build argument 'cmake_target_skip_unavailable' from command line to 'False'
[0.412s] Level 5:colcon.colcon_core.verb:set package 'techman_robot_get_status' build argument 'cmake_clean_cache' from command line to 'False'
[0.412s] Level 5:colcon.colcon_core.verb:set package 'techman_robot_get_status' build argument 'cmake_clean_first' from command line to 'False'
[0.412s] Level 5:colcon.colcon_core.verb:set package 'techman_robot_get_status' build argument 'cmake_force_configure' from command line to 'False'
[0.412s] Level 5:colcon.colcon_core.verb:set package 'techman_robot_get_status' build argument 'ament_cmake_args' from command line to 'None'
[0.412s] Level 5:colcon.colcon_core.verb:set package 'techman_robot_get_status' build argument 'catkin_cmake_args' from command line to 'None'
[0.412s] Level 5:colcon.colcon_core.verb:set package 'techman_robot_get_status' build argument 'catkin_skip_building_tests' from command line to 'False'
[0.412s] DEBUG:colcon.colcon_core.verb:Building package 'techman_robot_get_status' with the following arguments: {'ament_cmake_args': None, 'build_base': '/home/rslomron/tm_custom/build/techman_robot_get_status', 'catkin_cmake_args': None, 'catkin_skip_building_tests': False, 'cmake_args': None, 'cmake_clean_cache': False, 'cmake_clean_first': False, 'cmake_force_configure': False, 'cmake_target': None, 'cmake_target_skip_unavailable': False, 'install_base': '/home/rslomron/tm_custom/install/techman_robot_get_status', 'merge_install': False, 'path': '/home/rslomron/tm_custom/src/techman_robot_get_status', 'symlink_install': False, 'test_result_base': None}
[0.412s] INFO:colcon.colcon_core.executor:Executing jobs using 'parallel' executor
[0.413s] DEBUG:colcon.colcon_parallel_executor.executor.parallel:run_until_complete
[0.413s] INFO:colcon.colcon_ros.task.ament_python.build:Building ROS package in '/home/rslomron/tm_custom/src/techman_robot_get_status' with build type 'ament_python'
[0.414s] Level 1:colcon.colcon_core.shell:create_environment_hook('techman_robot_get_status', 'ament_prefix_path')
[0.416s] INFO:colcon.colcon_core.plugin_system:Skipping extension 'colcon_core.shell.bat': Not used on non-Windows systems
[0.416s] INFO:colcon.colcon_core.shell:Creating environment hook '/home/rslomron/tm_custom/install/techman_robot_get_status/share/techman_robot_get_status/hook/ament_prefix_path.ps1'
[0.417s] INFO:colcon.colcon_core.shell:Creating environment descriptor '/home/rslomron/tm_custom/install/techman_robot_get_status/share/techman_robot_get_status/hook/ament_prefix_path.dsv'
[0.417s] INFO:colcon.colcon_core.shell:Creating environment hook '/home/rslomron/tm_custom/install/techman_robot_get_status/share/techman_robot_get_status/hook/ament_prefix_path.sh'
[0.418s] INFO:colcon.colcon_core.shell:Skip shell extension 'powershell' for command environment: Not usable outside of PowerShell
[0.418s] DEBUG:colcon.colcon_core.shell:Skip shell extension 'dsv' for command environment
[0.672s] INFO:colcon.colcon_core.task.python.build:Building Python package in '/home/rslomron/tm_custom/src/techman_robot_get_status'
[0.672s] INFO:colcon.colcon_core.shell:Skip shell extension 'powershell' for command environment: Not usable outside of PowerShell
[0.672s] DEBUG:colcon.colcon_core.shell:Skip shell extension 'dsv' for command environment
[0.997s] DEBUG:colcon.colcon_core.event_handler.log_command:Invoking command in '/home/rslomron/tm_custom/src/techman_robot_get_status': PYTHONPATH=/home/rslomron/tm_custom/build/techman_robot_get_status/prefix_override:/home/rslomron/tm_custom/install/techman_robot_get_status/lib/python3.10/site-packages:${PYTHONPATH} /usr/bin/python3 -W ignore:setup.py install is deprecated setup.py egg_info --egg-base ../../build/techman_robot_get_status build --build-base /home/rslomron/tm_custom/build/techman_robot_get_status/build install --record /home/rslomron/tm_custom/build/techman_robot_get_status/install.log --single-version-externally-managed install_data
[1.277s] DEBUG:colcon.colcon_core.event_handler.log_command:Invoked command in '/home/rslomron/tm_custom/src/techman_robot_get_status' returned '0': PYTHONPATH=/home/rslomron/tm_custom/build/techman_robot_get_status/prefix_override:/home/rslomron/tm_custom/install/techman_robot_get_status/lib/python3.10/site-packages:${PYTHONPATH} /usr/bin/python3 -W ignore:setup.py install is deprecated setup.py egg_info --egg-base ../../build/techman_robot_get_status build --build-base /home/rslomron/tm_custom/build/techman_robot_get_status/build install --record /home/rslomron/tm_custom/build/techman_robot_get_status/install.log --single-version-externally-managed install_data
[1.282s] Level 1:colcon.colcon_core.environment:checking '/home/rslomron/tm_custom/install/techman_robot_get_status' for CMake module files
[1.283s] Level 1:colcon.colcon_core.environment:checking '/home/rslomron/tm_custom/install/techman_robot_get_status' for CMake config files
[1.285s] Level 1:colcon.colcon_core.environment:checking '/home/rslomron/tm_custom/install/techman_robot_get_status/lib'
[1.285s] Level 1:colcon.colcon_core.environment:checking '/home/rslomron/tm_custom/install/techman_robot_get_status/bin'
[1.285s] Level 1:colcon.colcon_core.environment:checking '/home/rslomron/tm_custom/install/techman_robot_get_status/lib/pkgconfig/techman_robot_get_status.pc'
[1.286s] Level 1:colcon.colcon_core.environment:checking '/home/rslomron/tm_custom/install/techman_robot_get_status/lib/python3.10/site-packages'
[1.286s] Level 1:colcon.colcon_core.shell:create_environment_hook('techman_robot_get_status', 'pythonpath')
[1.287s] INFO:colcon.colcon_core.shell:Creating environment hook '/home/rslomron/tm_custom/install/techman_robot_get_status/share/techman_robot_get_status/hook/pythonpath.ps1'
[1.288s] INFO:colcon.colcon_core.shell:Creating environment descriptor '/home/rslomron/tm_custom/install/techman_robot_get_status/share/techman_robot_get_status/hook/pythonpath.dsv'
[1.288s] INFO:colcon.colcon_core.shell:Creating environment hook '/home/rslomron/tm_custom/install/techman_robot_get_status/share/techman_robot_get_status/hook/pythonpath.sh'
[1.290s] Level 1:colcon.colcon_core.environment:checking '/home/rslomron/tm_custom/install/techman_robot_get_status/bin'
[1.290s] Level 1:colcon.colcon_core.environment:create_environment_scripts_only(techman_robot_get_status)
[1.291s] INFO:colcon.colcon_core.shell:Creating package script '/home/rslomron/tm_custom/install/techman_robot_get_status/share/techman_robot_get_status/package.ps1'
[1.293s] INFO:colcon.colcon_core.shell:Creating package descriptor '/home/rslomron/tm_custom/install/techman_robot_get_status/share/techman_robot_get_status/package.dsv'
[1.294s] INFO:colcon.colcon_core.shell:Creating package script '/home/rslomron/tm_custom/install/techman_robot_get_status/share/techman_robot_get_status/package.sh'
[1.296s] INFO:colcon.colcon_core.shell:Creating package script '/home/rslomron/tm_custom/install/techman_robot_get_status/share/techman_robot_get_status/package.bash'
[1.297s] INFO:colcon.colcon_core.shell:Creating package script '/home/rslomron/tm_custom/install/techman_robot_get_status/share/techman_robot_get_status/package.zsh'
[1.299s] Level 1:colcon.colcon_core.environment:create_file_with_runtime_dependencies(/home/rslomron/tm_custom/install/techman_robot_get_status/share/colcon-core/packages/techman_robot_get_status)
[1.300s] DEBUG:colcon.colcon_parallel_executor.executor.parallel:closing loop
[1.301s] DEBUG:colcon.colcon_parallel_executor.executor.parallel:loop closed
[1.301s] DEBUG:colcon.colcon_parallel_executor.executor.parallel:run_until_complete finished with '0'
[1.301s] DEBUG:colcon.colcon_core.event_reactor:joining thread
[1.313s] INFO:colcon.colcon_core.plugin_system:Skipping extension 'colcon_notification.desktop_notification.terminal_notifier': Not used on non-Darwin systems
[1.313s] INFO:colcon.colcon_core.plugin_system:Skipping extension 'colcon_notification.desktop_notification.win32': Not used on non-Windows systems
[1.313s] INFO:colcon.colcon_notification.desktop_notification:Sending desktop notification using 'notify2'
[1.337s] DEBUG:colcon.colcon_core.event_reactor:joined thread
[1.338s] INFO:colcon.colcon_core.shell:Creating prefix script '/home/rslomron/tm_custom/install/local_setup.ps1'
[1.340s] INFO:colcon.colcon_core.shell:Creating prefix util module '/home/rslomron/tm_custom/install/_local_setup_util_ps1.py'
[1.344s] INFO:colcon.colcon_core.shell:Creating prefix chain script '/home/rslomron/tm_custom/install/setup.ps1'
[1.348s] INFO:colcon.colcon_core.shell:Creating prefix script '/home/rslomron/tm_custom/install/local_setup.sh'
[1.349s] INFO:colcon.colcon_core.shell:Creating prefix util module '/home/rslomron/tm_custom/install/_local_setup_util_sh.py'
[1.350s] INFO:colcon.colcon_core.shell:Creating prefix chain script '/home/rslomron/tm_custom/install/setup.sh'
[1.354s] INFO:colcon.colcon_core.shell:Creating prefix script '/home/rslomron/tm_custom/install/local_setup.bash'
[1.355s] INFO:colcon.colcon_core.shell:Creating prefix chain script '/home/rslomron/tm_custom/install/setup.bash'
[1.359s] INFO:colcon.colcon_core.shell:Creating prefix script '/home/rslomron/tm_custom/install/local_setup.zsh'
[1.361s] INFO:colcon.colcon_core.shell:Creating prefix chain script '/home/rslomron/tm_custom/install/setup.zsh'
