[0.009s] Invoking command in '/home/rslomron/MoMa/tm_custom/build/tm_moveit_cpp_demo': CMAKE_PREFIX_PATH=/opt/ros/humble /usr/bin/cmake /home/rslomron/MoMa/tm_custom/src/tm_moveit_cpp_demo -DCMAKE_INSTALL_PREFIX=/home/rslomron/MoMa/tm_custom/install/tm_moveit_cpp_demo
[0.212s] -- The C compiler identification is GNU 11.4.0
[0.307s] -- The CXX compiler identification is GNU 11.4.0
[0.320s] -- Detecting C compiler ABI info
[0.492s] -- Detecting C compiler ABI info - done
[0.501s] -- Check for working C compiler: /usr/bin/cc - skipped
[0.501s] -- Detecting C compile features
[0.502s] -- Detecting C compile features - done
[0.508s] -- Detecting CXX compiler ABI info
[0.680s] -- Detecting CXX compiler ABI info - done
[0.695s] -- Check for working CXX compiler: /usr/bin/c++ - skipped
[0.696s] -- Detecting CXX compile features
[0.696s] -- Detecting CXX compile features - done
[0.699s] -- Found ament_cmake: 1.3.8 (/opt/ros/humble/share/ament_cmake/cmake)
[0.952s] -- Found Python3: /usr/bin/python3 (found version "3.10.12") found components: Interpreter 
[1.153s] -- Found rosidl_default_runtime: 1.2.0 (/opt/ros/humble/share/rosidl_default_runtime/cmake)
[1.242s] -- Using all available rosidl_typesupport_c: rosidl_typesupport_fastrtps_c;rosidl_typesupport_introspection_c
[1.242s] -- Found rosidl_adapter: 3.1.5 (/opt/ros/humble/share/rosidl_adapter/cmake)
[1.300s] -- Using all available rosidl_typesupport_cpp: rosidl_typesupport_fastrtps_cpp;rosidl_typesupport_introspection_cpp
[1.421s] -- Found Boost: /usr/lib/x86_64-linux-gnu/cmake/Boost-1.74.0/BoostConfig.cmake (found version "1.74.0") found components: system 
[1.668s] -- Configuring done
[1.670s] -- Generating done
[1.670s] -- Build files have been written to: /home/rslomron/MoMa/tm_custom/build/tm_moveit_cpp_demo
[1.696s] Invoked command in '/home/rslomron/MoMa/tm_custom/build/tm_moveit_cpp_demo' returned '0': CMAKE_PREFIX_PATH=/opt/ros/humble /usr/bin/cmake /home/rslomron/MoMa/tm_custom/src/tm_moveit_cpp_demo -DCMAKE_INSTALL_PREFIX=/home/rslomron/MoMa/tm_custom/install/tm_moveit_cpp_demo
[1.697s] Invoking command in '/home/rslomron/MoMa/tm_custom/build/tm_moveit_cpp_demo': CMAKE_PREFIX_PATH=/opt/ros/humble /usr/bin/cmake --build /home/rslomron/MoMa/tm_custom/build/tm_moveit_cpp_demo -- -j8 -l8
[3.253s] Invoked command in '/home/rslomron/MoMa/tm_custom/build/tm_moveit_cpp_demo' returned '0': CMAKE_PREFIX_PATH=/opt/ros/humble /usr/bin/cmake --build /home/rslomron/MoMa/tm_custom/build/tm_moveit_cpp_demo -- -j8 -l8
[3.388s] Invoking command in '/home/rslomron/MoMa/tm_custom/build/tm_moveit_cpp_demo': CMAKE_PREFIX_PATH=/opt/ros/humble /usr/bin/cmake --install /home/rslomron/MoMa/tm_custom/build/tm_moveit_cpp_demo
[3.422s] -- Install configuration: ""
[3.422s] -- Installing: /home/rslomron/MoMa/tm_custom/install/tm_moveit_cpp_demo/share/tm_moveit_cpp_demo/launch
[3.422s] -- Installing: /home/rslomron/MoMa/tm_custom/install/tm_moveit_cpp_demo/share/tm_moveit_cpp_demo/launch/tm5-900_run_moveit_cpp.launch.py
[3.422s] -- Installing: /home/rslomron/MoMa/tm_custom/install/tm_moveit_cpp_demo/share/tm_moveit_cpp_demo/launch/tm5-700_run_moveit_cpp.launch.py
[3.423s] -- Installing: /home/rslomron/MoMa/tm_custom/install/tm_moveit_cpp_demo/share/tm_moveit_cpp_demo/launch/run_moveit_cpp.rviz
[3.423s] -- Installing: /home/rslomron/MoMa/tm_custom/install/tm_moveit_cpp_demo/share/tm_moveit_cpp_demo/launch/tm14x_run_moveit_cpp.launch.py
[3.423s] -- Installing: /home/rslomron/MoMa/tm_custom/install/tm_moveit_cpp_demo/share/tm_moveit_cpp_demo/launch/tm12_run_moveit_cpp.launch.py
[3.423s] -- Installing: /home/rslomron/MoMa/tm_custom/install/tm_moveit_cpp_demo/share/tm_moveit_cpp_demo/launch/tm12x_run_moveit_cpp.launch.py
[3.423s] -- Installing: /home/rslomron/MoMa/tm_custom/install/tm_moveit_cpp_demo/share/tm_moveit_cpp_demo/launch/tm14_run_moveit_cpp.launch.py
[3.423s] -- Installing: /home/rslomron/MoMa/tm_custom/install/tm_moveit_cpp_demo/share/tm_moveit_cpp_demo/launch/run_moveit_cpp.launch.py
[3.423s] -- Installing: /home/rslomron/MoMa/tm_custom/install/tm_moveit_cpp_demo/share/tm_moveit_cpp_demo/launch/tm5x-700_run_moveit_cpp.launch.py
[3.436s] -- Installing: /home/rslomron/MoMa/tm_custom/install/tm_moveit_cpp_demo/share/tm_moveit_cpp_demo/launch/tm5x-900_run_moveit_cpp.launch.py
[3.436s] -- Installing: /home/rslomron/MoMa/tm_custom/install/tm_moveit_cpp_demo/share/tm_moveit_cpp_demo/config
[3.436s] -- Installing: /home/rslomron/MoMa/tm_custom/install/tm_moveit_cpp_demo/share/tm_moveit_cpp_demo/config/moveit_cpp.yaml
[3.436s] -- Installing: /home/rslomron/MoMa/tm_custom/install/tm_moveit_cpp_demo/share/tm_moveit_cpp_demo/config/controllers.yaml
[3.436s] -- Installing: /home/rslomron/MoMa/tm_custom/install/tm_moveit_cpp_demo/share/ament_index/resource_index/package_run_dependencies/tm_moveit_cpp_demo
[3.436s] -- Installing: /home/rslomron/MoMa/tm_custom/install/tm_moveit_cpp_demo/share/ament_index/resource_index/parent_prefix_path/tm_moveit_cpp_demo
[3.437s] -- Installing: /home/rslomron/MoMa/tm_custom/install/tm_moveit_cpp_demo/share/tm_moveit_cpp_demo/environment/ament_prefix_path.sh
[3.437s] -- Installing: /home/rslomron/MoMa/tm_custom/install/tm_moveit_cpp_demo/share/tm_moveit_cpp_demo/environment/ament_prefix_path.dsv
[3.437s] -- Installing: /home/rslomron/MoMa/tm_custom/install/tm_moveit_cpp_demo/share/tm_moveit_cpp_demo/environment/path.sh
[3.437s] -- Installing: /home/rslomron/MoMa/tm_custom/install/tm_moveit_cpp_demo/share/tm_moveit_cpp_demo/environment/path.dsv
[3.437s] -- Installing: /home/rslomron/MoMa/tm_custom/install/tm_moveit_cpp_demo/share/tm_moveit_cpp_demo/local_setup.bash
[3.437s] -- Installing: /home/rslomron/MoMa/tm_custom/install/tm_moveit_cpp_demo/share/tm_moveit_cpp_demo/local_setup.sh
[3.437s] -- Installing: /home/rslomron/MoMa/tm_custom/install/tm_moveit_cpp_demo/share/tm_moveit_cpp_demo/local_setup.zsh
[3.437s] -- Installing: /home/rslomron/MoMa/tm_custom/install/tm_moveit_cpp_demo/share/tm_moveit_cpp_demo/local_setup.dsv
[3.438s] -- Installing: /home/rslomron/MoMa/tm_custom/install/tm_moveit_cpp_demo/share/tm_moveit_cpp_demo/package.dsv
[3.438s] -- Installing: /home/rslomron/MoMa/tm_custom/install/tm_moveit_cpp_demo/share/ament_index/resource_index/packages/tm_moveit_cpp_demo
[3.438s] -- Installing: /home/rslomron/MoMa/tm_custom/install/tm_moveit_cpp_demo/share/tm_moveit_cpp_demo/cmake/tm_moveit_cpp_demoConfig.cmake
[3.438s] -- Installing: /home/rslomron/MoMa/tm_custom/install/tm_moveit_cpp_demo/share/tm_moveit_cpp_demo/cmake/tm_moveit_cpp_demoConfig-version.cmake
[3.438s] -- Installing: /home/rslomron/MoMa/tm_custom/install/tm_moveit_cpp_demo/share/tm_moveit_cpp_demo/package.xml
[3.464s] Invoked command in '/home/rslomron/MoMa/tm_custom/build/tm_moveit_cpp_demo' returned '0': CMAKE_PREFIX_PATH=/opt/ros/humble /usr/bin/cmake --install /home/rslomron/MoMa/tm_custom/build/tm_moveit_cpp_demo
