[0.046s] Invoking command in '/home/rslomron/MoMa/tm_custom/build/techman_robot_msgs': CMAKE_PREFIX_PATH=${CMAKE_PREFIX_PATH}:/home/rslomron/MoMa/tm_custom/install/tm_mod_urdf:/home/rslomron/MoMa/tm_custom/install/techman_robot_get_status:/home/rslomron/MoMa/tm_custom/install/python_demo:/home/rslomron/MoMa/tm_custom/install/arm_subscriber:/opt/ros/humble /usr/bin/cmake --build /home/rslomron/MoMa/tm_custom/build/techman_robot_msgs -- -j8 -l8
[1.411s] [  3%] Built target techman_robot_msgs__cpp
[1.411s] [ 12%] Built target techman_robot_msgs__rosidl_generator_c
[1.411s] [ 12%] Built target ament_cmake_python_copy_techman_robot_msgs
[1.411s] [ 22%] Built target techman_robot_msgs__rosidl_typesupport_cpp
[1.412s] [ 32%] Built target techman_robot_msgs__rosidl_typesupport_fastrtps_cpp
[1.412s] [ 41%] Built target techman_robot_msgs__rosidl_typesupport_introspection_cpp
[1.412s] [ 51%] Built target techman_robot_msgs__rosidl_typesupport_introspection_c
[1.412s] [ 61%] Built target techman_robot_msgs__rosidl_typesupport_fastrtps_c
[1.412s] [ 70%] Built target techman_robot_msgs__rosidl_typesupport_c
[1.412s] [ 70%] Built target techman_robot_msgs
[1.412s] [ 74%] Built target techman_robot_msgs__py
[1.412s] [ 80%] Built target techman_robot_msgs__rosidl_generator_py
[1.412s] [ 93%] Built target techman_robot_msgs__rosidl_typesupport_c__pyext
[1.413s] [ 96%] Built target techman_robot_msgs__rosidl_typesupport_fastrtps_c__pyext
[1.413s] [100%] Built target techman_robot_msgs__rosidl_typesupport_introspection_c__pyext
[1.413s] running egg_info
[1.413s] writing techman_robot_msgs.egg-info/PKG-INFO
[1.414s] writing dependency_links to techman_robot_msgs.egg-info/dependency_links.txt
[1.415s] writing top-level names to techman_robot_msgs.egg-info/top_level.txt
[1.415s] reading manifest file 'techman_robot_msgs.egg-info/SOURCES.txt'
[1.415s] writing manifest file 'techman_robot_msgs.egg-info/SOURCES.txt'
[1.416s] [100%] Built target ament_cmake_python_build_techman_robot_msgs_egg
[1.418s] Invoked command in '/home/rslomron/MoMa/tm_custom/build/techman_robot_msgs' returned '0': CMAKE_PREFIX_PATH=${CMAKE_PREFIX_PATH}:/home/rslomron/MoMa/tm_custom/install/tm_mod_urdf:/home/rslomron/MoMa/tm_custom/install/techman_robot_get_status:/home/rslomron/MoMa/tm_custom/install/python_demo:/home/rslomron/MoMa/tm_custom/install/arm_subscriber:/opt/ros/humble /usr/bin/cmake --build /home/rslomron/MoMa/tm_custom/build/techman_robot_msgs -- -j8 -l8
[1.636s] Invoking command in '/home/rslomron/MoMa/tm_custom/build/techman_robot_msgs': CMAKE_PREFIX_PATH=${CMAKE_PREFIX_PATH}:/home/rslomron/MoMa/tm_custom/install/tm_mod_urdf:/home/rslomron/MoMa/tm_custom/install/techman_robot_get_status:/home/rslomron/MoMa/tm_custom/install/python_demo:/home/rslomron/MoMa/tm_custom/install/arm_subscriber:/opt/ros/humble /usr/bin/cmake --install /home/rslomron/MoMa/tm_custom/build/techman_robot_msgs
[1.650s] -- Install configuration: ""
[1.650s] -- Up-to-date: /home/rslomron/MoMa/tm_custom/install/techman_robot_msgs/share/ament_index/resource_index/rosidl_interfaces/techman_robot_msgs
[1.650s] -- Up-to-date: /home/rslomron/MoMa/tm_custom/install/techman_robot_msgs/include/techman_robot_msgs/techman_robot_msgs
[1.650s] -- Up-to-date: /home/rslomron/MoMa/tm_custom/install/techman_robot_msgs/include/techman_robot_msgs/techman_robot_msgs/msg
[1.650s] -- Up-to-date: /home/rslomron/MoMa/tm_custom/install/techman_robot_msgs/include/techman_robot_msgs/techman_robot_msgs/msg/rosidl_generator_c__visibility_control.h
[1.650s] -- Up-to-date: /home/rslomron/MoMa/tm_custom/install/techman_robot_msgs/include/techman_robot_msgs/techman_robot_msgs/srv
[1.650s] -- Up-to-date: /home/rslomron/MoMa/tm_custom/install/techman_robot_msgs/include/techman_robot_msgs/techman_robot_msgs/srv/detail
[1.650s] -- Up-to-date: /home/rslomron/MoMa/tm_custom/install/techman_robot_msgs/include/techman_robot_msgs/techman_robot_msgs/srv/detail/techman_robot_command__type_support.h
[1.651s] -- Up-to-date: /home/rslomron/MoMa/tm_custom/install/techman_robot_msgs/include/techman_robot_msgs/techman_robot_msgs/srv/detail/techman_robot_command__functions.h
[1.651s] -- Up-to-date: /home/rslomron/MoMa/tm_custom/install/techman_robot_msgs/include/techman_robot_msgs/techman_robot_msgs/srv/detail/techman_robot_command__functions.c
[1.651s] -- Up-to-date: /home/rslomron/MoMa/tm_custom/install/techman_robot_msgs/include/techman_robot_msgs/techman_robot_msgs/srv/detail/techman_robot_command__struct.h
[1.651s] -- Up-to-date: /home/rslomron/MoMa/tm_custom/install/techman_robot_msgs/include/techman_robot_msgs/techman_robot_msgs/srv/techman_robot_command.h
[1.651s] -- Up-to-date: /home/rslomron/MoMa/tm_custom/install/techman_robot_msgs/share/techman_robot_msgs/environment/library_path.sh
[1.651s] -- Up-to-date: /home/rslomron/MoMa/tm_custom/install/techman_robot_msgs/share/techman_robot_msgs/environment/library_path.dsv
[1.652s] -- Up-to-date: /home/rslomron/MoMa/tm_custom/install/techman_robot_msgs/lib/libtechman_robot_msgs__rosidl_generator_c.so
[1.652s] -- Up-to-date: /home/rslomron/MoMa/tm_custom/install/techman_robot_msgs/include/techman_robot_msgs/techman_robot_msgs
[1.652s] -- Up-to-date: /home/rslomron/MoMa/tm_custom/install/techman_robot_msgs/include/techman_robot_msgs/techman_robot_msgs/msg
[1.652s] -- Up-to-date: /home/rslomron/MoMa/tm_custom/install/techman_robot_msgs/include/techman_robot_msgs/techman_robot_msgs/msg/rosidl_typesupport_fastrtps_c__visibility_control.h
[1.652s] -- Up-to-date: /home/rslomron/MoMa/tm_custom/install/techman_robot_msgs/include/techman_robot_msgs/techman_robot_msgs/srv
[1.652s] -- Up-to-date: /home/rslomron/MoMa/tm_custom/install/techman_robot_msgs/include/techman_robot_msgs/techman_robot_msgs/srv/detail
[1.653s] -- Up-to-date: /home/rslomron/MoMa/tm_custom/install/techman_robot_msgs/include/techman_robot_msgs/techman_robot_msgs/srv/detail/techman_robot_command__rosidl_typesupport_fastrtps_c.h
[1.653s] -- Up-to-date: /home/rslomron/MoMa/tm_custom/install/techman_robot_msgs/lib/libtechman_robot_msgs__rosidl_typesupport_fastrtps_c.so
[1.653s] -- Up-to-date: /home/rslomron/MoMa/tm_custom/install/techman_robot_msgs/include/techman_robot_msgs/techman_robot_msgs
[1.653s] -- Up-to-date: /home/rslomron/MoMa/tm_custom/install/techman_robot_msgs/include/techman_robot_msgs/techman_robot_msgs/msg
[1.654s] -- Up-to-date: /home/rslomron/MoMa/tm_custom/install/techman_robot_msgs/include/techman_robot_msgs/techman_robot_msgs/msg/rosidl_typesupport_introspection_c__visibility_control.h
[1.654s] -- Up-to-date: /home/rslomron/MoMa/tm_custom/install/techman_robot_msgs/include/techman_robot_msgs/techman_robot_msgs/srv
[1.654s] -- Up-to-date: /home/rslomron/MoMa/tm_custom/install/techman_robot_msgs/include/techman_robot_msgs/techman_robot_msgs/srv/detail
[1.654s] -- Up-to-date: /home/rslomron/MoMa/tm_custom/install/techman_robot_msgs/include/techman_robot_msgs/techman_robot_msgs/srv/detail/techman_robot_command__type_support.c
[1.654s] -- Up-to-date: /home/rslomron/MoMa/tm_custom/install/techman_robot_msgs/include/techman_robot_msgs/techman_robot_msgs/srv/detail/techman_robot_command__rosidl_typesupport_introspection_c.h
[1.654s] -- Up-to-date: /home/rslomron/MoMa/tm_custom/install/techman_robot_msgs/lib/libtechman_robot_msgs__rosidl_typesupport_introspection_c.so
[1.655s] -- Up-to-date: /home/rslomron/MoMa/tm_custom/install/techman_robot_msgs/lib/libtechman_robot_msgs__rosidl_typesupport_c.so
[1.655s] -- Up-to-date: /home/rslomron/MoMa/tm_custom/install/techman_robot_msgs/include/techman_robot_msgs/techman_robot_msgs
[1.655s] -- Up-to-date: /home/rslomron/MoMa/tm_custom/install/techman_robot_msgs/include/techman_robot_msgs/techman_robot_msgs/srv
[1.655s] -- Up-to-date: /home/rslomron/MoMa/tm_custom/install/techman_robot_msgs/include/techman_robot_msgs/techman_robot_msgs/srv/detail
[1.655s] -- Up-to-date: /home/rslomron/MoMa/tm_custom/install/techman_robot_msgs/include/techman_robot_msgs/techman_robot_msgs/srv/detail/techman_robot_command__struct.hpp
[1.655s] -- Up-to-date: /home/rslomron/MoMa/tm_custom/install/techman_robot_msgs/include/techman_robot_msgs/techman_robot_msgs/srv/detail/techman_robot_command__builder.hpp
[1.655s] -- Up-to-date: /home/rslomron/MoMa/tm_custom/install/techman_robot_msgs/include/techman_robot_msgs/techman_robot_msgs/srv/detail/techman_robot_command__traits.hpp
[1.656s] -- Up-to-date: /home/rslomron/MoMa/tm_custom/install/techman_robot_msgs/include/techman_robot_msgs/techman_robot_msgs/srv/techman_robot_command.hpp
[1.656s] -- Up-to-date: /home/rslomron/MoMa/tm_custom/install/techman_robot_msgs/include/techman_robot_msgs/techman_robot_msgs
[1.656s] -- Up-to-date: /home/rslomron/MoMa/tm_custom/install/techman_robot_msgs/include/techman_robot_msgs/techman_robot_msgs/msg
[1.656s] -- Up-to-date: /home/rslomron/MoMa/tm_custom/install/techman_robot_msgs/include/techman_robot_msgs/techman_robot_msgs/msg/rosidl_typesupport_fastrtps_cpp__visibility_control.h
[1.656s] -- Up-to-date: /home/rslomron/MoMa/tm_custom/install/techman_robot_msgs/include/techman_robot_msgs/techman_robot_msgs/srv
[1.656s] -- Up-to-date: /home/rslomron/MoMa/tm_custom/install/techman_robot_msgs/include/techman_robot_msgs/techman_robot_msgs/srv/detail
[1.657s] -- Up-to-date: /home/rslomron/MoMa/tm_custom/install/techman_robot_msgs/include/techman_robot_msgs/techman_robot_msgs/srv/detail/dds_fastrtps
[1.657s] -- Up-to-date: /home/rslomron/MoMa/tm_custom/install/techman_robot_msgs/include/techman_robot_msgs/techman_robot_msgs/srv/detail/techman_robot_command__rosidl_typesupport_fastrtps_cpp.hpp
[1.658s] -- Up-to-date: /home/rslomron/MoMa/tm_custom/install/techman_robot_msgs/lib/libtechman_robot_msgs__rosidl_typesupport_fastrtps_cpp.so
[1.658s] -- Up-to-date: /home/rslomron/MoMa/tm_custom/install/techman_robot_msgs/include/techman_robot_msgs/techman_robot_msgs
[1.658s] -- Up-to-date: /home/rslomron/MoMa/tm_custom/install/techman_robot_msgs/include/techman_robot_msgs/techman_robot_msgs/srv
[1.658s] -- Up-to-date: /home/rslomron/MoMa/tm_custom/install/techman_robot_msgs/include/techman_robot_msgs/techman_robot_msgs/srv/detail
[1.658s] -- Up-to-date: /home/rslomron/MoMa/tm_custom/install/techman_robot_msgs/include/techman_robot_msgs/techman_robot_msgs/srv/detail/techman_robot_command__type_support.cpp
[1.659s] -- Up-to-date: /home/rslomron/MoMa/tm_custom/install/techman_robot_msgs/include/techman_robot_msgs/techman_robot_msgs/srv/detail/techman_robot_command__rosidl_typesupport_introspection_cpp.hpp
[1.659s] -- Up-to-date: /home/rslomron/MoMa/tm_custom/install/techman_robot_msgs/lib/libtechman_robot_msgs__rosidl_typesupport_introspection_cpp.so
[1.659s] -- Up-to-date: /home/rslomron/MoMa/tm_custom/install/techman_robot_msgs/lib/libtechman_robot_msgs__rosidl_typesupport_cpp.so
[1.659s] -- Up-to-date: /home/rslomron/MoMa/tm_custom/install/techman_robot_msgs/share/techman_robot_msgs/environment/pythonpath.sh
[1.659s] -- Up-to-date: /home/rslomron/MoMa/tm_custom/install/techman_robot_msgs/share/techman_robot_msgs/environment/pythonpath.dsv
[1.659s] -- Up-to-date: /home/rslomron/MoMa/tm_custom/install/techman_robot_msgs/local/lib/python3.10/dist-packages/techman_robot_msgs-1.0.0-py3.10.egg-info
[1.659s] -- Installing: /home/rslomron/MoMa/tm_custom/install/techman_robot_msgs/local/lib/python3.10/dist-packages/techman_robot_msgs-1.0.0-py3.10.egg-info/top_level.txt
[1.660s] -- Installing: /home/rslomron/MoMa/tm_custom/install/techman_robot_msgs/local/lib/python3.10/dist-packages/techman_robot_msgs-1.0.0-py3.10.egg-info/PKG-INFO
[1.660s] -- Installing: /home/rslomron/MoMa/tm_custom/install/techman_robot_msgs/local/lib/python3.10/dist-packages/techman_robot_msgs-1.0.0-py3.10.egg-info/dependency_links.txt
[1.660s] -- Installing: /home/rslomron/MoMa/tm_custom/install/techman_robot_msgs/local/lib/python3.10/dist-packages/techman_robot_msgs-1.0.0-py3.10.egg-info/SOURCES.txt
[1.660s] -- Up-to-date: /home/rslomron/MoMa/tm_custom/install/techman_robot_msgs/local/lib/python3.10/dist-packages/techman_robot_msgs
[1.660s] -- Up-to-date: /home/rslomron/MoMa/tm_custom/install/techman_robot_msgs/local/lib/python3.10/dist-packages/techman_robot_msgs/libtechman_robot_msgs__rosidl_generator_py.so
[1.660s] -- Up-to-date: /home/rslomron/MoMa/tm_custom/install/techman_robot_msgs/local/lib/python3.10/dist-packages/techman_robot_msgs/_techman_robot_msgs_s.ep.rosidl_typesupport_introspection_c.c
[1.660s] -- Up-to-date: /home/rslomron/MoMa/tm_custom/install/techman_robot_msgs/local/lib/python3.10/dist-packages/techman_robot_msgs/techman_robot_msgs_s__rosidl_typesupport_c.cpython-310-x86_64-linux-gnu.so
[1.660s] -- Up-to-date: /home/rslomron/MoMa/tm_custom/install/techman_robot_msgs/local/lib/python3.10/dist-packages/techman_robot_msgs/__init__.py
[1.661s] -- Up-to-date: /home/rslomron/MoMa/tm_custom/install/techman_robot_msgs/local/lib/python3.10/dist-packages/techman_robot_msgs/srv
[1.661s] -- Up-to-date: /home/rslomron/MoMa/tm_custom/install/techman_robot_msgs/local/lib/python3.10/dist-packages/techman_robot_msgs/srv/_techman_robot_command.py
[1.661s] -- Up-to-date: /home/rslomron/MoMa/tm_custom/install/techman_robot_msgs/local/lib/python3.10/dist-packages/techman_robot_msgs/srv/_techman_robot_command_s.c
[1.661s] -- Up-to-date: /home/rslomron/MoMa/tm_custom/install/techman_robot_msgs/local/lib/python3.10/dist-packages/techman_robot_msgs/srv/__init__.py
[1.661s] -- Up-to-date: /home/rslomron/MoMa/tm_custom/install/techman_robot_msgs/local/lib/python3.10/dist-packages/techman_robot_msgs/_techman_robot_msgs_s.ep.rosidl_typesupport_c.c
[1.661s] -- Up-to-date: /home/rslomron/MoMa/tm_custom/install/techman_robot_msgs/local/lib/python3.10/dist-packages/techman_robot_msgs/_techman_robot_msgs_s.ep.rosidl_typesupport_fastrtps_c.c
[1.661s] -- Up-to-date: /home/rslomron/MoMa/tm_custom/install/techman_robot_msgs/local/lib/python3.10/dist-packages/techman_robot_msgs/techman_robot_msgs_s__rosidl_typesupport_fastrtps_c.cpython-310-x86_64-linux-gnu.so
[1.662s] -- Up-to-date: /home/rslomron/MoMa/tm_custom/install/techman_robot_msgs/local/lib/python3.10/dist-packages/techman_robot_msgs/techman_robot_msgs_s__rosidl_typesupport_introspection_c.cpython-310-x86_64-linux-gnu.so
[1.719s] Listing '/home/rslomron/MoMa/tm_custom/install/techman_robot_msgs/local/lib/python3.10/dist-packages/techman_robot_msgs'...
[1.719s] Listing '/home/rslomron/MoMa/tm_custom/install/techman_robot_msgs/local/lib/python3.10/dist-packages/techman_robot_msgs/srv'...
[1.726s] -- Up-to-date: /home/rslomron/MoMa/tm_custom/install/techman_robot_msgs/local/lib/python3.10/dist-packages/techman_robot_msgs/techman_robot_msgs_s__rosidl_typesupport_fastrtps_c.cpython-310-x86_64-linux-gnu.so
[1.727s] -- Up-to-date: /home/rslomron/MoMa/tm_custom/install/techman_robot_msgs/local/lib/python3.10/dist-packages/techman_robot_msgs/techman_robot_msgs_s__rosidl_typesupport_introspection_c.cpython-310-x86_64-linux-gnu.so
[1.727s] -- Up-to-date: /home/rslomron/MoMa/tm_custom/install/techman_robot_msgs/local/lib/python3.10/dist-packages/techman_robot_msgs/techman_robot_msgs_s__rosidl_typesupport_c.cpython-310-x86_64-linux-gnu.so
[1.727s] -- Up-to-date: /home/rslomron/MoMa/tm_custom/install/techman_robot_msgs/lib/libtechman_robot_msgs__rosidl_generator_py.so
[1.728s] -- Up-to-date: /home/rslomron/MoMa/tm_custom/install/techman_robot_msgs/share/techman_robot_msgs/srv/TechmanRobotCommand.idl
[1.728s] -- Up-to-date: /home/rslomron/MoMa/tm_custom/install/techman_robot_msgs/share/techman_robot_msgs/srv/TechmanRobotCommand.srv
[1.728s] -- Up-to-date: /home/rslomron/MoMa/tm_custom/install/techman_robot_msgs/share/techman_robot_msgs/srv/TechmanRobotCommand_Request.msg
[1.729s] -- Up-to-date: /home/rslomron/MoMa/tm_custom/install/techman_robot_msgs/share/techman_robot_msgs/srv/TechmanRobotCommand_Response.msg
[1.729s] -- Up-to-date: /home/rslomron/MoMa/tm_custom/install/techman_robot_msgs/share/ament_index/resource_index/package_run_dependencies/techman_robot_msgs
[1.729s] -- Up-to-date: /home/rslomron/MoMa/tm_custom/install/techman_robot_msgs/share/ament_index/resource_index/parent_prefix_path/techman_robot_msgs
[1.729s] -- Up-to-date: /home/rslomron/MoMa/tm_custom/install/techman_robot_msgs/share/techman_robot_msgs/environment/ament_prefix_path.sh
[1.729s] -- Up-to-date: /home/rslomron/MoMa/tm_custom/install/techman_robot_msgs/share/techman_robot_msgs/environment/ament_prefix_path.dsv
[1.730s] -- Up-to-date: /home/rslomron/MoMa/tm_custom/install/techman_robot_msgs/share/techman_robot_msgs/environment/path.sh
[1.730s] -- Up-to-date: /home/rslomron/MoMa/tm_custom/install/techman_robot_msgs/share/techman_robot_msgs/environment/path.dsv
[1.730s] -- Up-to-date: /home/rslomron/MoMa/tm_custom/install/techman_robot_msgs/share/techman_robot_msgs/local_setup.bash
[1.730s] -- Up-to-date: /home/rslomron/MoMa/tm_custom/install/techman_robot_msgs/share/techman_robot_msgs/local_setup.sh
[1.731s] -- Up-to-date: /home/rslomron/MoMa/tm_custom/install/techman_robot_msgs/share/techman_robot_msgs/local_setup.zsh
[1.731s] -- Up-to-date: /home/rslomron/MoMa/tm_custom/install/techman_robot_msgs/share/techman_robot_msgs/local_setup.dsv
[1.731s] -- Installing: /home/rslomron/MoMa/tm_custom/install/techman_robot_msgs/share/techman_robot_msgs/package.dsv
[1.731s] -- Up-to-date: /home/rslomron/MoMa/tm_custom/install/techman_robot_msgs/share/ament_index/resource_index/packages/techman_robot_msgs
[1.735s] -- Up-to-date: /home/rslomron/MoMa/tm_custom/install/techman_robot_msgs/share/techman_robot_msgs/cmake/export_techman_robot_msgs__rosidl_generator_cExport.cmake
[1.737s] -- Up-to-date: /home/rslomron/MoMa/tm_custom/install/techman_robot_msgs/share/techman_robot_msgs/cmake/export_techman_robot_msgs__rosidl_generator_cExport-noconfig.cmake
[1.737s] -- Up-to-date: /home/rslomron/MoMa/tm_custom/install/techman_robot_msgs/share/techman_robot_msgs/cmake/export_techman_robot_msgs__rosidl_typesupport_fastrtps_cExport.cmake
[1.737s] -- Up-to-date: /home/rslomron/MoMa/tm_custom/install/techman_robot_msgs/share/techman_robot_msgs/cmake/export_techman_robot_msgs__rosidl_typesupport_fastrtps_cExport-noconfig.cmake
[1.738s] -- Up-to-date: /home/rslomron/MoMa/tm_custom/install/techman_robot_msgs/share/techman_robot_msgs/cmake/techman_robot_msgs__rosidl_typesupport_introspection_cExport.cmake
[1.738s] -- Up-to-date: /home/rslomron/MoMa/tm_custom/install/techman_robot_msgs/share/techman_robot_msgs/cmake/techman_robot_msgs__rosidl_typesupport_introspection_cExport-noconfig.cmake
[1.738s] -- Up-to-date: /home/rslomron/MoMa/tm_custom/install/techman_robot_msgs/share/techman_robot_msgs/cmake/techman_robot_msgs__rosidl_typesupport_cExport.cmake
[1.738s] -- Up-to-date: /home/rslomron/MoMa/tm_custom/install/techman_robot_msgs/share/techman_robot_msgs/cmake/techman_robot_msgs__rosidl_typesupport_cExport-noconfig.cmake
[1.738s] -- Up-to-date: /home/rslomron/MoMa/tm_custom/install/techman_robot_msgs/share/techman_robot_msgs/cmake/export_techman_robot_msgs__rosidl_generator_cppExport.cmake
[1.738s] -- Up-to-date: /home/rslomron/MoMa/tm_custom/install/techman_robot_msgs/share/techman_robot_msgs/cmake/export_techman_robot_msgs__rosidl_typesupport_fastrtps_cppExport.cmake
[1.738s] -- Up-to-date: /home/rslomron/MoMa/tm_custom/install/techman_robot_msgs/share/techman_robot_msgs/cmake/export_techman_robot_msgs__rosidl_typesupport_fastrtps_cppExport-noconfig.cmake
[1.749s] -- Up-to-date: /home/rslomron/MoMa/tm_custom/install/techman_robot_msgs/share/techman_robot_msgs/cmake/techman_robot_msgs__rosidl_typesupport_introspection_cppExport.cmake
[1.749s] -- Up-to-date: /home/rslomron/MoMa/tm_custom/install/techman_robot_msgs/share/techman_robot_msgs/cmake/techman_robot_msgs__rosidl_typesupport_introspection_cppExport-noconfig.cmake
[1.750s] -- Up-to-date: /home/rslomron/MoMa/tm_custom/install/techman_robot_msgs/share/techman_robot_msgs/cmake/techman_robot_msgs__rosidl_typesupport_cppExport.cmake
[1.750s] -- Up-to-date: /home/rslomron/MoMa/tm_custom/install/techman_robot_msgs/share/techman_robot_msgs/cmake/techman_robot_msgs__rosidl_typesupport_cppExport-noconfig.cmake
[1.750s] -- Up-to-date: /home/rslomron/MoMa/tm_custom/install/techman_robot_msgs/share/techman_robot_msgs/cmake/export_techman_robot_msgs__rosidl_generator_pyExport.cmake
[1.750s] -- Up-to-date: /home/rslomron/MoMa/tm_custom/install/techman_robot_msgs/share/techman_robot_msgs/cmake/export_techman_robot_msgs__rosidl_generator_pyExport-noconfig.cmake
[1.750s] -- Up-to-date: /home/rslomron/MoMa/tm_custom/install/techman_robot_msgs/share/techman_robot_msgs/cmake/rosidl_cmake-extras.cmake
[1.750s] -- Up-to-date: /home/rslomron/MoMa/tm_custom/install/techman_robot_msgs/share/techman_robot_msgs/cmake/ament_cmake_export_include_directories-extras.cmake
[1.750s] -- Up-to-date: /home/rslomron/MoMa/tm_custom/install/techman_robot_msgs/share/techman_robot_msgs/cmake/ament_cmake_export_libraries-extras.cmake
[1.750s] -- Up-to-date: /home/rslomron/MoMa/tm_custom/install/techman_robot_msgs/share/techman_robot_msgs/cmake/ament_cmake_export_targets-extras.cmake
[1.751s] -- Up-to-date: /home/rslomron/MoMa/tm_custom/install/techman_robot_msgs/share/techman_robot_msgs/cmake/rosidl_cmake_export_typesupport_targets-extras.cmake
[1.751s] -- Up-to-date: /home/rslomron/MoMa/tm_custom/install/techman_robot_msgs/share/techman_robot_msgs/cmake/ament_cmake_export_dependencies-extras.cmake
[1.751s] -- Up-to-date: /home/rslomron/MoMa/tm_custom/install/techman_robot_msgs/share/techman_robot_msgs/cmake/rosidl_cmake_export_typesupport_libraries-extras.cmake
[1.751s] -- Up-to-date: /home/rslomron/MoMa/tm_custom/install/techman_robot_msgs/share/techman_robot_msgs/cmake/techman_robot_msgsConfig.cmake
[1.751s] -- Up-to-date: /home/rslomron/MoMa/tm_custom/install/techman_robot_msgs/share/techman_robot_msgs/cmake/techman_robot_msgsConfig-version.cmake
[1.751s] -- Up-to-date: /home/rslomron/MoMa/tm_custom/install/techman_robot_msgs/share/techman_robot_msgs/package.xml
[1.751s] Invoked command in '/home/rslomron/MoMa/tm_custom/build/techman_robot_msgs' returned '0': CMAKE_PREFIX_PATH=${CMAKE_PREFIX_PATH}:/home/rslomron/MoMa/tm_custom/install/tm_mod_urdf:/home/rslomron/MoMa/tm_custom/install/techman_robot_get_status:/home/rslomron/MoMa/tm_custom/install/python_demo:/home/rslomron/MoMa/tm_custom/install/arm_subscriber:/opt/ros/humble /usr/bin/cmake --install /home/rslomron/MoMa/tm_custom/build/techman_robot_msgs
