-- The C compiler identification is GNU 11.4.0
-- The CXX compiler identification is GNU 11.4.0
-- Detecting C compiler ABI info
-- Detecting C compiler ABI info - done
-- Check for working C compiler: /usr/bin/cc - skipped
-- Detecting C compile features
-- Detecting C compile features - done
-- Detecting CXX compiler ABI info
-- Detecting CXX compiler ABI info - done
-- Check for working CXX compiler: /usr/bin/c++ - skipped
-- Detecting CXX compile features
-- Detecting CXX compile features - done
-- Found ament_cmake: 1.3.8 (/opt/ros/humble/share/ament_cmake/cmake)
-- Found Python3: /usr/bin/python3 (found version "3.10.12") found components: Interpreter 
-- Found rclcpp: 16.0.8 (/opt/ros/humble/share/rclcpp/cmake)
-- Found rosidl_generator_c: 3.1.5 (/opt/ros/humble/share/rosidl_generator_c/cmake)
-- Found rosidl_adapter: 3.1.5 (/opt/ros/humble/share/rosidl_adapter/cmake)
-- Found rosidl_generator_cpp: 3.1.5 (/opt/ros/humble/share/rosidl_generator_cpp/cmake)
-- Using all available rosidl_typesupport_c: rosidl_typesupport_fastrtps_c;rosidl_typesupport_introspection_c
-- Using all available rosidl_typesupport_cpp: rosidl_typesupport_fastrtps_cpp;rosidl_typesupport_introspection_cpp
-- Found rmw_implementation_cmake: 6.1.1 (/opt/ros/humble/share/rmw_implementation_cmake/cmake)
-- Found rmw_fastrtps_cpp: 6.2.6 (/opt/ros/humble/share/rmw_fastrtps_cpp/cmake)
-- Found OpenSSL: /usr/lib/x86_64-linux-gnu/libcrypto.so (found version "3.0.2")  
-- Found FastRTPS: /opt/ros/humble/include  
-- Using RMW implementation 'rmw_fastrtps_cpp' as default
-- Looking for pthread.h
-- Looking for pthread.h - found
-- Performing Test CMAKE_HAVE_LIBC_PTHREAD
-- Performing Test CMAKE_HAVE_LIBC_PTHREAD - Success
-- Found Threads: TRUE  
-- Found rclcpp_components: 16.0.8 (/opt/ros/humble/share/rclcpp_components/cmake)
-- Found sensor_msgs: 4.2.3 (/opt/ros/humble/share/sensor_msgs/cmake)
-- Found OpenCV: /usr (found version "4.5.4") 
-- Found techman_robot_msgs: 1.0.0 (/home/rslomron/tm_custom/install/techman_robot_msgs/share/techman_robot_msgs/cmake)
-- Found tf2: 0.25.6 (/opt/ros/humble/share/tf2/cmake)
-- Found ament_lint_auto: 0.12.10 (/opt/ros/humble/share/ament_lint_auto/cmake)
-- Added test 'cppcheck' to perform static code analysis on C / C++ code
-- Configured cppcheck include dirs: 
-- Configured cppcheck exclude dirs and/or files: 
-- Added test 'lint_cmake' to check CMake code style
-- Added test 'uncrustify' to check C / C++ code style
-- Configured uncrustify additional arguments: 
-- Added test 'xmllint' to check XML markup files
-- Configuring done
-- Generating done
-- Build files have been written to: /home/rslomron/tm_custom/build/custom_package
[35m[1mConsolidate compiler generated dependencies of target tm_send_command[0m
[35m[1mConsolidate compiler generated dependencies of target sub_img[0m
[ 50%] Built target tm_send_command
[100%] Built target sub_img
-- Install configuration: ""
-- Up-to-date: /home/rslomron/tm_custom/install/custom_package/lib/custom_package/tm_send_command
-- Up-to-date: /home/rslomron/tm_custom/install/custom_package/lib/custom_package/sub_img
-- Up-to-date: /home/rslomron/tm_custom/install/custom_package/share/custom_package/image
-- Up-to-date: /home/rslomron/tm_custom/install/custom_package/share/custom_package/image/techman_robot.jpg
-- Up-to-date: /home/rslomron/tm_custom/install/custom_package/share/ament_index/resource_index/package_run_dependencies/custom_package
-- Up-to-date: /home/rslomron/tm_custom/install/custom_package/share/ament_index/resource_index/parent_prefix_path/custom_package
-- Up-to-date: /home/rslomron/tm_custom/install/custom_package/share/custom_package/environment/ament_prefix_path.sh
-- Installing: /home/rslomron/tm_custom/install/custom_package/share/custom_package/environment/ament_prefix_path.dsv
-- Up-to-date: /home/rslomron/tm_custom/install/custom_package/share/custom_package/environment/path.sh
-- Installing: /home/rslomron/tm_custom/install/custom_package/share/custom_package/environment/path.dsv
-- Up-to-date: /home/rslomron/tm_custom/install/custom_package/share/custom_package/local_setup.bash
-- Up-to-date: /home/rslomron/tm_custom/install/custom_package/share/custom_package/local_setup.sh
-- Up-to-date: /home/rslomron/tm_custom/install/custom_package/share/custom_package/local_setup.zsh
-- Installing: /home/rslomron/tm_custom/install/custom_package/share/custom_package/local_setup.dsv
-- Installing: /home/rslomron/tm_custom/install/custom_package/share/custom_package/package.dsv
-- Up-to-date: /home/rslomron/tm_custom/install/custom_package/share/ament_index/resource_index/packages/custom_package
-- Up-to-date: /home/rslomron/tm_custom/install/custom_package/share/custom_package/cmake/custom_packageConfig.cmake
-- Up-to-date: /home/rslomron/tm_custom/install/custom_package/share/custom_package/cmake/custom_packageConfig-version.cmake
-- Up-to-date: /home/rslomron/tm_custom/install/custom_package/share/custom_package/package.xml
