[0.024s] Invoking command in '/home/rslomron/tm_custom/build/tm_description': CMAKE_PREFIX_PATH=${CMAKE_PREFIX_PATH}:/home/rslomron/tm_custom/install/tm_mod_urdf:/home/rslomron/tm_custom/install/tm_get_status:/opt/ros/humble /usr/bin/cmake /home/rslomron/tm_custom/src/tm_description -DCMAKE_INSTALL_PREFIX=/home/rslomron/tm_custom/install/tm_description
[0.090s] -- The C compiler identification is GNU 11.4.0
[0.156s] -- The CXX compiler identification is GNU 11.4.0
[0.163s] -- Detecting C compiler ABI info
[0.227s] -- Detecting C compiler ABI info - done
[0.234s] -- Check for working C compiler: /usr/bin/cc - skipped
[0.235s] -- Detecting C compile features
[0.235s] -- Detecting C compile features - done
[0.238s] -- Detecting CXX compiler ABI info
[0.313s] -- Detecting CXX compiler ABI info - done
[0.322s] -- Check for working CXX compiler: /usr/bin/c++ - skipped
[0.322s] -- Detecting CXX compile features
[0.323s] -- Detecting CXX compile features - done
[0.326s] -- Found ament_cmake: 1.3.8 (/opt/ros/humble/share/ament_cmake/cmake)
[0.480s] -- Found Python3: /usr/bin/python3 (found version "3.10.12") found components: Interpreter 
[0.568s] -- Found ament_lint_auto: 0.12.10 (/opt/ros/humble/share/ament_lint_auto/cmake)
[0.656s] -- Added test 'lint_cmake' to check CMake code style
[0.658s] -- Added test 'xmllint' to check XML markup files
[0.661s] -- Configuring done
[0.666s] -- Generating done
[0.668s] -- Build files have been written to: /home/rslomron/tm_custom/build/tm_description
[0.674s] Invoked command in '/home/rslomron/tm_custom/build/tm_description' returned '0': CMAKE_PREFIX_PATH=${CMAKE_PREFIX_PATH}:/home/rslomron/tm_custom/install/tm_mod_urdf:/home/rslomron/tm_custom/install/tm_get_status:/opt/ros/humble /usr/bin/cmake /home/rslomron/tm_custom/src/tm_description -DCMAKE_INSTALL_PREFIX=/home/rslomron/tm_custom/install/tm_description
[0.675s] Invoking command in '/home/rslomron/tm_custom/build/tm_description': CMAKE_PREFIX_PATH=${CMAKE_PREFIX_PATH}:/home/rslomron/tm_custom/install/tm_mod_urdf:/home/rslomron/tm_custom/install/tm_get_status:/opt/ros/humble /usr/bin/cmake --build /home/rslomron/tm_custom/build/tm_description -- -j8 -l8
[0.712s] Invoked command in '/home/rslomron/tm_custom/build/tm_description' returned '0': CMAKE_PREFIX_PATH=${CMAKE_PREFIX_PATH}:/home/rslomron/tm_custom/install/tm_mod_urdf:/home/rslomron/tm_custom/install/tm_get_status:/opt/ros/humble /usr/bin/cmake --build /home/rslomron/tm_custom/build/tm_description -- -j8 -l8
[0.738s] Invoking command in '/home/rslomron/tm_custom/build/tm_description': CMAKE_PREFIX_PATH=${CMAKE_PREFIX_PATH}:/home/rslomron/tm_custom/install/tm_mod_urdf:/home/rslomron/tm_custom/install/tm_get_status:/opt/ros/humble /usr/bin/cmake --install /home/rslomron/tm_custom/build/tm_description
[0.743s] -- Install configuration: ""
[0.743s] -- Installing: /home/rslomron/tm_custom/install/tm_description/share/ament_index/resource_index/package_run_dependencies/tm_description
[0.744s] -- Installing: /home/rslomron/tm_custom/install/tm_description/share/ament_index/resource_index/parent_prefix_path/tm_description
[0.744s] -- Installing: /home/rslomron/tm_custom/install/tm_description/share/tm_description/environment/ament_prefix_path.sh
[0.744s] -- Installing: /home/rslomron/tm_custom/install/tm_description/share/tm_description/environment/ament_prefix_path.dsv
[0.744s] -- Installing: /home/rslomron/tm_custom/install/tm_description/share/tm_description/environment/path.sh
[0.745s] -- Installing: /home/rslomron/tm_custom/install/tm_description/share/tm_description/environment/path.dsv
[0.745s] -- Installing: /home/rslomron/tm_custom/install/tm_description/share/tm_description/local_setup.bash
[0.745s] -- Installing: /home/rslomron/tm_custom/install/tm_description/share/tm_description/local_setup.sh
[0.745s] -- Installing: /home/rslomron/tm_custom/install/tm_description/share/tm_description/local_setup.zsh
[0.746s] -- Installing: /home/rslomron/tm_custom/install/tm_description/share/tm_description/local_setup.dsv
[0.746s] -- Installing: /home/rslomron/tm_custom/install/tm_description/share/tm_description/package.dsv
[0.746s] -- Installing: /home/rslomron/tm_custom/install/tm_description/share/ament_index/resource_index/packages/tm_description
[0.746s] -- Installing: /home/rslomron/tm_custom/install/tm_description/share/tm_description/cmake/tm_descriptionConfig.cmake
[0.746s] -- Installing: /home/rslomron/tm_custom/install/tm_description/share/tm_description/cmake/tm_descriptionConfig-version.cmake
[0.746s] -- Installing: /home/rslomron/tm_custom/install/tm_description/share/tm_description/package.xml
[0.750s] Invoked command in '/home/rslomron/tm_custom/build/tm_description' returned '0': CMAKE_PREFIX_PATH=${CMAKE_PREFIX_PATH}:/home/rslomron/tm_custom/install/tm_mod_urdf:/home/rslomron/tm_custom/install/tm_get_status:/opt/ros/humble /usr/bin/cmake --install /home/rslomron/tm_custom/build/tm_description
