[2.284s] Invoking command in '/home/rslomron/MoMa/tm_custom/src/techman_robot_get_status': PYTHONPATH=/home/rslomron/MoMa/tm_custom/build/techman_robot_get_status/prefix_override:/home/rslomron/MoMa/tm_custom/install/techman_robot_get_status/lib/python3.10/site-packages:${PYTHONPATH} /usr/bin/python3 -W ignore:setup.py install is deprecated setup.py egg_info --egg-base ../../build/techman_robot_get_status build --build-base /home/rslomron/MoMa/tm_custom/build/techman_robot_get_status/build install --record /home/rslomron/MoMa/tm_custom/build/techman_robot_get_status/install.log --single-version-externally-managed install_data
[2.818s] running egg_info
[2.818s] writing ../../build/techman_robot_get_status/techman_robot_get_status.egg-info/PKG-INFO
[2.819s] writing dependency_links to ../../build/techman_robot_get_status/techman_robot_get_status.egg-info/dependency_links.txt
[2.824s] writing entry points to ../../build/techman_robot_get_status/techman_robot_get_status.egg-info/entry_points.txt
[2.824s] writing requirements to ../../build/techman_robot_get_status/techman_robot_get_status.egg-info/requires.txt
[2.824s] writing top-level names to ../../build/techman_robot_get_status/techman_robot_get_status.egg-info/top_level.txt
[2.825s] reading manifest file '../../build/techman_robot_get_status/techman_robot_get_status.egg-info/SOURCES.txt'
[2.829s] writing manifest file '../../build/techman_robot_get_status/techman_robot_get_status.egg-info/SOURCES.txt'
[2.829s] running build
[2.829s] running build_py
[2.829s] running install
[2.830s] running install_lib
[2.832s] running install_data
[2.832s] running install_egg_info
[2.837s] removing '/home/rslomron/MoMa/tm_custom/install/techman_robot_get_status/lib/python3.10/site-packages/techman_robot_get_status-1.0.0-py3.10.egg-info' (and everything under it)
[2.843s] Copying ../../build/techman_robot_get_status/techman_robot_get_status.egg-info to /home/rslomron/MoMa/tm_custom/install/techman_robot_get_status/lib/python3.10/site-packages/techman_robot_get_status-1.0.0-py3.10.egg-info
[2.845s] running install_scripts
[2.892s] Installing image_talker script to /home/rslomron/MoMa/tm_custom/install/techman_robot_get_status/lib/techman_robot_get_status
[2.892s] Installing status_talker script to /home/rslomron/MoMa/tm_custom/install/techman_robot_get_status/lib/techman_robot_get_status
[2.892s] writing list of installed files to '/home/rslomron/MoMa/tm_custom/build/techman_robot_get_status/install.log'
[2.943s] Invoked command in '/home/rslomron/MoMa/tm_custom/src/techman_robot_get_status' returned '0': PYTHONPATH=/home/rslomron/MoMa/tm_custom/build/techman_robot_get_status/prefix_override:/home/rslomron/MoMa/tm_custom/install/techman_robot_get_status/lib/python3.10/site-packages:${PYTHONPATH} /usr/bin/python3 -W ignore:setup.py install is deprecated setup.py egg_info --egg-base ../../build/techman_robot_get_status build --build-base /home/rslomron/MoMa/tm_custom/build/techman_robot_get_status/build install --record /home/rslomron/MoMa/tm_custom/build/techman_robot_get_status/install.log --single-version-externally-managed install_data
