[0.014s] Invoking command in '/home/rslomron/tm_custom/build/ui_for_debug_and_demo': CMAKE_PREFIX_PATH=${CMAKE_PREFIX_PATH}:/home/rslomron/tm_custom/install/tm_mod_urdf:/home/rslomron/tm_custom/install/tm_get_status:/opt/ros/humble /usr/bin/cmake --build /home/rslomron/tm_custom/build/ui_for_debug_and_demo -- -j8 -l8
[0.037s] -- Found ament_cmake: 1.3.8 (/opt/ros/humble/share/ament_cmake/cmake)
[0.183s] -- Found rclcpp: 16.0.8 (/opt/ros/humble/share/rclcpp/cmake)
[0.258s] -- Found rosidl_generator_c: 3.1.5 (/opt/ros/humble/share/rosidl_generator_c/cmake)
[0.264s] -- Found rosidl_adapter: 3.1.5 (/opt/ros/humble/share/rosidl_adapter/cmake)
[0.275s] -- Found rosidl_generator_cpp: 3.1.5 (/opt/ros/humble/share/rosidl_generator_cpp/cmake)
[0.291s] -- Using all available rosidl_typesupport_c: rosidl_typesupport_fastrtps_c;rosidl_typesupport_introspection_c
[0.315s] -- Using all available rosidl_typesupport_cpp: rosidl_typesupport_fastrtps_cpp;rosidl_typesupport_introspection_cpp
[0.399s] -- Found rmw_implementation_cmake: 6.1.1 (/opt/ros/humble/share/rmw_implementation_cmake/cmake)
[0.403s] -- Found rmw_fastrtps_cpp: 6.2.6 (/opt/ros/humble/share/rmw_fastrtps_cpp/cmake)
[0.512s] -- Found OpenSSL: /usr/lib/x86_64-linux-gnu/libcrypto.so (found version "3.0.2")  
[0.540s] -- Found FastRTPS: /opt/ros/humble/include  
[0.587s] -- Using RMW implementation 'rmw_fastrtps_cpp' as default
[0.599s] -- Looking for pthread.h
[0.674s] -- Looking for pthread.h - found
[0.674s] -- Performing Test CMAKE_HAVE_LIBC_PTHREAD
[0.748s] -- Performing Test CMAKE_HAVE_LIBC_PTHREAD - Success
[0.750s] -- Found Threads: TRUE  
[0.922s] -- Found rclcpp_action: 16.0.8 (/opt/ros/humble/share/rclcpp_action/cmake)
[1.021s] -- Found tm_msgs: 1.1.2 (/home/rslomron/tm_custom/install/tm_msgs/share/tm_msgs/cmake)
[1.097s] -- Found ament_lint_auto: 0.12.10 (/opt/ros/humble/share/ament_lint_auto/cmake)
[1.176s] -- Added test 'cppcheck' to perform static code analysis on C / C++ code
[1.177s] -- Configured cppcheck include dirs: 
[1.177s] -- Configured cppcheck exclude dirs and/or files: 
[1.178s] -- Added test 'flake8' to check Python code syntax and style conventions
[1.178s] -- Added test 'lint_cmake' to check CMake code style
[1.179s] -- Added test 'pep257' to check Python code against some of the docstring style conventions in PEP 257
[1.180s] -- Added test 'uncrustify' to check C / C++ code style
[1.180s] -- Configured uncrustify additional arguments: 
[1.181s] -- Added test 'xmllint' to check XML markup files
[1.182s] -- Configuring done
[1.234s] -- Generating done
[1.236s] -- Build files have been written to: /home/rslomron/tm_custom/build/ui_for_debug_and_demo
[1.273s] [ 14%] [34m[1mAutomatic MOC and UIC for target robot_ui[0m
[1.642s] [ 14%] Built target robot_ui_autogen
[1.655s] [ 28%] [34m[1mGenerating ui_tm_ros_driver_windows.h[0m
[1.686s] [ 71%] [32mBuilding CXX object CMakeFiles/robot_ui.dir/src/main.cpp.o[0m
[1.686s] [ 71%] [32mBuilding CXX object CMakeFiles/robot_ui.dir/src/tm_ros_driver_windows.cpp.o[0m
[1.686s] [ 71%] [32mBuilding CXX object CMakeFiles/robot_ui.dir/robot_ui_autogen/mocs_compilation.cpp.o[0m
[1.686s] [ 85%] [32mBuilding CXX object CMakeFiles/robot_ui.dir/src/ros_page.cpp.o[0m
[19.796s] [100%] [32m[1mLinking CXX executable robot_ui[0m
[21.509s] [100%] Built target robot_ui
[21.519s] Invoked command in '/home/rslomron/tm_custom/build/ui_for_debug_and_demo' returned '0': CMAKE_PREFIX_PATH=${CMAKE_PREFIX_PATH}:/home/rslomron/tm_custom/install/tm_mod_urdf:/home/rslomron/tm_custom/install/tm_get_status:/opt/ros/humble /usr/bin/cmake --build /home/rslomron/tm_custom/build/ui_for_debug_and_demo -- -j8 -l8
[21.561s] Invoking command in '/home/rslomron/tm_custom/build/ui_for_debug_and_demo': CMAKE_PREFIX_PATH=${CMAKE_PREFIX_PATH}:/home/rslomron/tm_custom/install/tm_mod_urdf:/home/rslomron/tm_custom/install/tm_get_status:/opt/ros/humble /usr/bin/cmake --install /home/rslomron/tm_custom/build/ui_for_debug_and_demo
[21.570s] -- Install configuration: ""
[21.570s] -- Installing: /home/rslomron/tm_custom/install/ui_for_debug_and_demo/lib/ui_for_debug_and_demo/robot_ui
[21.579s] -- Set runtime path of "/home/rslomron/tm_custom/install/ui_for_debug_and_demo/lib/ui_for_debug_and_demo/robot_ui" to ""
[21.579s] -- Installing: /home/rslomron/tm_custom/install/ui_for_debug_and_demo/share/ui_for_debug_and_demo/launch
[21.579s] -- Installing: /home/rslomron/tm_custom/install/ui_for_debug_and_demo/share/ui_for_debug_and_demo/launch/tm_gui.launch.py
[21.579s] -- Installing: /home/rslomron/tm_custom/install/ui_for_debug_and_demo/share/ament_index/resource_index/package_run_dependencies/ui_for_debug_and_demo
[21.579s] -- Up-to-date: /home/rslomron/tm_custom/install/ui_for_debug_and_demo/share/ament_index/resource_index/parent_prefix_path/ui_for_debug_and_demo
[21.579s] -- Up-to-date: /home/rslomron/tm_custom/install/ui_for_debug_and_demo/share/ui_for_debug_and_demo/environment/ament_prefix_path.sh
[21.579s] -- Installing: /home/rslomron/tm_custom/install/ui_for_debug_and_demo/share/ui_for_debug_and_demo/environment/ament_prefix_path.dsv
[21.579s] -- Up-to-date: /home/rslomron/tm_custom/install/ui_for_debug_and_demo/share/ui_for_debug_and_demo/environment/path.sh
[21.580s] -- Installing: /home/rslomron/tm_custom/install/ui_for_debug_and_demo/share/ui_for_debug_and_demo/environment/path.dsv
[21.580s] -- Up-to-date: /home/rslomron/tm_custom/install/ui_for_debug_and_demo/share/ui_for_debug_and_demo/local_setup.bash
[21.580s] -- Up-to-date: /home/rslomron/tm_custom/install/ui_for_debug_and_demo/share/ui_for_debug_and_demo/local_setup.sh
[21.580s] -- Up-to-date: /home/rslomron/tm_custom/install/ui_for_debug_and_demo/share/ui_for_debug_and_demo/local_setup.zsh
[21.580s] -- Installing: /home/rslomron/tm_custom/install/ui_for_debug_and_demo/share/ui_for_debug_and_demo/local_setup.dsv
[21.580s] -- Installing: /home/rslomron/tm_custom/install/ui_for_debug_and_demo/share/ui_for_debug_and_demo/package.dsv
[21.580s] -- Up-to-date: /home/rslomron/tm_custom/install/ui_for_debug_and_demo/share/ament_index/resource_index/packages/ui_for_debug_and_demo
[21.580s] -- Installing: /home/rslomron/tm_custom/install/ui_for_debug_and_demo/share/ui_for_debug_and_demo/cmake/ui_for_debug_and_demoConfig.cmake
[21.580s] -- Installing: /home/rslomron/tm_custom/install/ui_for_debug_and_demo/share/ui_for_debug_and_demo/cmake/ui_for_debug_and_demoConfig-version.cmake
[21.580s] -- Installing: /home/rslomron/tm_custom/install/ui_for_debug_and_demo/share/ui_for_debug_and_demo/package.xml
[21.582s] Invoked command in '/home/rslomron/tm_custom/build/ui_for_debug_and_demo' returned '0': CMAKE_PREFIX_PATH=${CMAKE_PREFIX_PATH}:/home/rslomron/tm_custom/install/tm_mod_urdf:/home/rslomron/tm_custom/install/tm_get_status:/opt/ros/humble /usr/bin/cmake --install /home/rslomron/tm_custom/build/ui_for_debug_and_demo
