[0.326s] Invoking command in '/home/rslomron/tm_custom/build/tm_description': CMAKE_PREFIX_PATH=${CMAKE_PREFIX_PATH}:/home/rslomron/tm_custom/install/tm_mod_urdf:/home/rslomron/tm_custom/install/tm_get_status:/opt/ros/humble /usr/bin/cmake --build /home/rslomron/tm_custom/build/tm_description -- -j8 -l8
[0.586s] Invoked command in '/home/rslomron/tm_custom/build/tm_description' returned '0': CMAKE_PREFIX_PATH=${CMAKE_PREFIX_PATH}:/home/rslomron/tm_custom/install/tm_mod_urdf:/home/rslomron/tm_custom/install/tm_get_status:/opt/ros/humble /usr/bin/cmake --build /home/rslomron/tm_custom/build/tm_description -- -j8 -l8
[0.620s] Invoking command in '/home/rslomron/tm_custom/build/tm_description': CMAKE_PREFIX_PATH=${CMAKE_PREFIX_PATH}:/home/rslomron/tm_custom/install/tm_mod_urdf:/home/rslomron/tm_custom/install/tm_get_status:/opt/ros/humble /usr/bin/cmake --install /home/rslomron/tm_custom/build/tm_description
[0.639s] -- Install configuration: ""
[0.639s] -- Up-to-date: /home/rslomron/tm_custom/install/tm_description/share/ament_index/resource_index/package_run_dependencies/tm_description
[0.639s] -- Up-to-date: /home/rslomron/tm_custom/install/tm_description/share/ament_index/resource_index/parent_prefix_path/tm_description
[0.639s] -- Up-to-date: /home/rslomron/tm_custom/install/tm_description/share/tm_description/environment/ament_prefix_path.sh
[0.639s] -- Up-to-date: /home/rslomron/tm_custom/install/tm_description/share/tm_description/environment/ament_prefix_path.dsv
[0.639s] -- Up-to-date: /home/rslomron/tm_custom/install/tm_description/share/tm_description/environment/path.sh
[0.639s] -- Up-to-date: /home/rslomron/tm_custom/install/tm_description/share/tm_description/environment/path.dsv
[0.639s] -- Up-to-date: /home/rslomron/tm_custom/install/tm_description/share/tm_description/local_setup.bash
[0.640s] -- Up-to-date: /home/rslomron/tm_custom/install/tm_description/share/tm_description/local_setup.sh
[0.640s] -- Up-to-date: /home/rslomron/tm_custom/install/tm_description/share/tm_description/local_setup.zsh
[0.640s] -- Up-to-date: /home/rslomron/tm_custom/install/tm_description/share/tm_description/local_setup.dsv
[0.640s] -- Up-to-date: /home/rslomron/tm_custom/install/tm_description/share/tm_description/package.dsv
[0.640s] -- Up-to-date: /home/rslomron/tm_custom/install/tm_description/share/ament_index/resource_index/packages/tm_description
[0.640s] -- Up-to-date: /home/rslomron/tm_custom/install/tm_description/share/tm_description/cmake/tm_descriptionConfig.cmake
[0.640s] -- Up-to-date: /home/rslomron/tm_custom/install/tm_description/share/tm_description/cmake/tm_descriptionConfig-version.cmake
[0.640s] -- Up-to-date: /home/rslomron/tm_custom/install/tm_description/share/tm_description/package.xml
[0.657s] Invoked command in '/home/rslomron/tm_custom/build/tm_description' returned '0': CMAKE_PREFIX_PATH=${CMAKE_PREFIX_PATH}:/home/rslomron/tm_custom/install/tm_mod_urdf:/home/rslomron/tm_custom/install/tm_get_status:/opt/ros/humble /usr/bin/cmake --install /home/rslomron/tm_custom/build/tm_description
