[0.147s] Invoking command in '/home/rslomron/MoMa/tm_custom/build/tm_moveit_config_tm12x': AMENT_PREFIX_PATH=/home/rslomron/MoMa/tm_custom/install/tm_description:${AMENT_PREFIX_PATH} CMAKE_PREFIX_PATH=/home/rslomron/MoMa/tm_custom/install/tm_description:/opt/ros/humble /usr/bin/cmake /home/rslomron/MoMa/tm_custom/src/tm_moveit_config_tm12x -DCMAKE_INSTALL_PREFIX=/home/rslomron/MoMa/tm_custom/install/tm_moveit_config_tm12x
[0.268s] -- The C compiler identification is GNU 11.4.0
[0.458s] -- The CXX compiler identification is GNU 11.4.0
[0.473s] -- Detecting C compiler ABI info
[0.614s] -- Detecting C compiler ABI info - done
[0.631s] -- Check for working C compiler: /usr/bin/cc - skipped
[0.632s] -- Detecting C compile features
[0.633s] -- Detecting C compile features - done
[0.656s] -- Detecting CXX compiler ABI info
[0.853s] -- Detecting CXX compiler ABI info - done
[0.870s] -- Check for working CXX compiler: /usr/bin/c++ - skipped
[0.871s] -- Detecting CXX compile features
[0.872s] -- Detecting CXX compile features - done
[0.879s] -- Found ament_cmake: 1.3.8 (/opt/ros/humble/share/ament_cmake/cmake)
[1.391s] -- Found Python3: /usr/bin/python3 (found version "3.10.12") found components: Interpreter 
[1.954s] -- Configuring done
[1.962s] -- Generating done
[1.998s] -- Build files have been written to: /home/rslomron/MoMa/tm_custom/build/tm_moveit_config_tm12x
[2.041s] Invoked command in '/home/rslomron/MoMa/tm_custom/build/tm_moveit_config_tm12x' returned '0': AMENT_PREFIX_PATH=/home/rslomron/MoMa/tm_custom/install/tm_description:${AMENT_PREFIX_PATH} CMAKE_PREFIX_PATH=/home/rslomron/MoMa/tm_custom/install/tm_description:/opt/ros/humble /usr/bin/cmake /home/rslomron/MoMa/tm_custom/src/tm_moveit_config_tm12x -DCMAKE_INSTALL_PREFIX=/home/rslomron/MoMa/tm_custom/install/tm_moveit_config_tm12x
[2.042s] Invoking command in '/home/rslomron/MoMa/tm_custom/build/tm_moveit_config_tm12x': AMENT_PREFIX_PATH=/home/rslomron/MoMa/tm_custom/install/tm_description:${AMENT_PREFIX_PATH} CMAKE_PREFIX_PATH=/home/rslomron/MoMa/tm_custom/install/tm_description:/opt/ros/humble /usr/bin/cmake --build /home/rslomron/MoMa/tm_custom/build/tm_moveit_config_tm12x -- -j8 -l8
[2.230s] Invoked command in '/home/rslomron/MoMa/tm_custom/build/tm_moveit_config_tm12x' returned '0': AMENT_PREFIX_PATH=/home/rslomron/MoMa/tm_custom/install/tm_description:${AMENT_PREFIX_PATH} CMAKE_PREFIX_PATH=/home/rslomron/MoMa/tm_custom/install/tm_description:/opt/ros/humble /usr/bin/cmake --build /home/rslomron/MoMa/tm_custom/build/tm_moveit_config_tm12x -- -j8 -l8
[2.518s] Invoking command in '/home/rslomron/MoMa/tm_custom/build/tm_moveit_config_tm12x': AMENT_PREFIX_PATH=/home/rslomron/MoMa/tm_custom/install/tm_description:${AMENT_PREFIX_PATH} CMAKE_PREFIX_PATH=/home/rslomron/MoMa/tm_custom/install/tm_description:/opt/ros/humble /usr/bin/cmake --install /home/rslomron/MoMa/tm_custom/build/tm_moveit_config_tm12x
[2.554s] -- Install configuration: ""
[2.554s] -- Installing: /home/rslomron/MoMa/tm_custom/install/tm_moveit_config_tm12x/share/ament_index/resource_index/package_run_dependencies/tm_moveit_config_tm12x
[2.554s] -- Installing: /home/rslomron/MoMa/tm_custom/install/tm_moveit_config_tm12x/share/ament_index/resource_index/parent_prefix_path/tm_moveit_config_tm12x
[2.554s] -- Installing: /home/rslomron/MoMa/tm_custom/install/tm_moveit_config_tm12x/share/tm_moveit_config_tm12x/environment/ament_prefix_path.sh
[2.569s] -- Installing: /home/rslomron/MoMa/tm_custom/install/tm_moveit_config_tm12x/share/tm_moveit_config_tm12x/environment/ament_prefix_path.dsv
[2.570s] -- Installing: /home/rslomron/MoMa/tm_custom/install/tm_moveit_config_tm12x/share/tm_moveit_config_tm12x/environment/path.sh
[2.570s] -- Installing: /home/rslomron/MoMa/tm_custom/install/tm_moveit_config_tm12x/share/tm_moveit_config_tm12x/environment/path.dsv
[2.571s] -- Installing: /home/rslomron/MoMa/tm_custom/install/tm_moveit_config_tm12x/share/tm_moveit_config_tm12x/local_setup.bash
[2.571s] -- Installing: /home/rslomron/MoMa/tm_custom/install/tm_moveit_config_tm12x/share/tm_moveit_config_tm12x/local_setup.sh
[2.571s] -- Installing: /home/rslomron/MoMa/tm_custom/install/tm_moveit_config_tm12x/share/tm_moveit_config_tm12x/local_setup.zsh
[2.572s] -- Installing: /home/rslomron/MoMa/tm_custom/install/tm_moveit_config_tm12x/share/tm_moveit_config_tm12x/local_setup.dsv
[2.572s] -- Installing: /home/rslomron/MoMa/tm_custom/install/tm_moveit_config_tm12x/share/tm_moveit_config_tm12x/package.dsv
[2.573s] -- Installing: /home/rslomron/MoMa/tm_custom/install/tm_moveit_config_tm12x/share/ament_index/resource_index/packages/tm_moveit_config_tm12x
[2.573s] -- Installing: /home/rslomron/MoMa/tm_custom/install/tm_moveit_config_tm12x/share/tm_moveit_config_tm12x/cmake/tm_moveit_config_tm12xConfig.cmake
[2.574s] -- Installing: /home/rslomron/MoMa/tm_custom/install/tm_moveit_config_tm12x/share/tm_moveit_config_tm12x/cmake/tm_moveit_config_tm12xConfig-version.cmake
[2.574s] -- Installing: /home/rslomron/MoMa/tm_custom/install/tm_moveit_config_tm12x/share/tm_moveit_config_tm12x/package.xml
[2.575s] -- Installing: /home/rslomron/MoMa/tm_custom/install/tm_moveit_config_tm12x/share/tm_moveit_config_tm12x/config
[2.575s] -- Installing: /home/rslomron/MoMa/tm_custom/install/tm_moveit_config_tm12x/share/tm_moveit_config_tm12x/config/ros_controllers.yaml
[2.576s] -- Installing: /home/rslomron/MoMa/tm_custom/install/tm_moveit_config_tm12x/share/tm_moveit_config_tm12x/config/fake_controllers.yaml
[2.577s] -- Installing: /home/rslomron/MoMa/tm_custom/install/tm_moveit_config_tm12x/share/tm_moveit_config_tm12x/config/stomp_planning.yaml
[2.586s] -- Installing: /home/rslomron/MoMa/tm_custom/install/tm_moveit_config_tm12x/share/tm_moveit_config_tm12x/config/ompl_planning.yaml
[2.587s] -- Installing: /home/rslomron/MoMa/tm_custom/install/tm_moveit_config_tm12x/share/tm_moveit_config_tm12x/config/tm12x.srdf
[2.587s] -- Installing: /home/rslomron/MoMa/tm_custom/install/tm_moveit_config_tm12x/share/tm_moveit_config_tm12x/config/chomp_planning.yaml
[2.588s] -- Installing: /home/rslomron/MoMa/tm_custom/install/tm_moveit_config_tm12x/share/tm_moveit_config_tm12x/config/sensors_3d.yaml
[2.589s] -- Installing: /home/rslomron/MoMa/tm_custom/install/tm_moveit_config_tm12x/share/tm_moveit_config_tm12x/config/kinematics.yaml
[2.593s] -- Installing: /home/rslomron/MoMa/tm_custom/install/tm_moveit_config_tm12x/share/tm_moveit_config_tm12x/config/joint_limits.yaml
[2.625s] Invoked command in '/home/rslomron/MoMa/tm_custom/build/tm_moveit_config_tm12x' returned '0': AMENT_PREFIX_PATH=/home/rslomron/MoMa/tm_custom/install/tm_description:${AMENT_PREFIX_PATH} CMAKE_PREFIX_PATH=/home/rslomron/MoMa/tm_custom/install/tm_description:/opt/ros/humble /usr/bin/cmake --install /home/rslomron/MoMa/tm_custom/build/tm_moveit_config_tm12x
