[0.548s] Invoking command in '/home/rslomron/tm_custom/build/tm_moveit_config_tm12': CMAKE_PREFIX_PATH=${CMAKE_PREFIX_PATH}:/home/rslomron/tm_custom/install/tm_mod_urdf:/home/rslomron/tm_custom/install/tm_get_status:/opt/ros/humble /usr/bin/cmake --build /home/rslomron/tm_custom/build/tm_moveit_config_tm12 -- -j8 -l8
[0.601s] Invoked command in '/home/rslomron/tm_custom/build/tm_moveit_config_tm12' returned '0': CMAKE_PREFIX_PATH=${CMAKE_PREFIX_PATH}:/home/rslomron/tm_custom/install/tm_mod_urdf:/home/rslomron/tm_custom/install/tm_get_status:/opt/ros/humble /usr/bin/cmake --build /home/rslomron/tm_custom/build/tm_moveit_config_tm12 -- -j8 -l8
[0.665s] Invoking command in '/home/rslomron/tm_custom/build/tm_moveit_config_tm12': CMAKE_PREFIX_PATH=${CMAKE_PREFIX_PATH}:/home/rslomron/tm_custom/install/tm_mod_urdf:/home/rslomron/tm_custom/install/tm_get_status:/opt/ros/humble /usr/bin/cmake --install /home/rslomron/tm_custom/build/tm_moveit_config_tm12
[0.675s] -- Install configuration: ""
[0.675s] -- Up-to-date: /home/rslomron/tm_custom/install/tm_moveit_config_tm12/share/ament_index/resource_index/package_run_dependencies/tm_moveit_config_tm12
[0.676s] -- Up-to-date: /home/rslomron/tm_custom/install/tm_moveit_config_tm12/share/ament_index/resource_index/parent_prefix_path/tm_moveit_config_tm12
[0.676s] -- Up-to-date: /home/rslomron/tm_custom/install/tm_moveit_config_tm12/share/tm_moveit_config_tm12/environment/ament_prefix_path.sh
[0.676s] -- Up-to-date: /home/rslomron/tm_custom/install/tm_moveit_config_tm12/share/tm_moveit_config_tm12/environment/ament_prefix_path.dsv
[0.677s] -- Up-to-date: /home/rslomron/tm_custom/install/tm_moveit_config_tm12/share/tm_moveit_config_tm12/environment/path.sh
[0.677s] -- Up-to-date: /home/rslomron/tm_custom/install/tm_moveit_config_tm12/share/tm_moveit_config_tm12/environment/path.dsv
[0.677s] -- Up-to-date: /home/rslomron/tm_custom/install/tm_moveit_config_tm12/share/tm_moveit_config_tm12/local_setup.bash
[0.678s] -- Up-to-date: /home/rslomron/tm_custom/install/tm_moveit_config_tm12/share/tm_moveit_config_tm12/local_setup.sh
[0.678s] -- Up-to-date: /home/rslomron/tm_custom/install/tm_moveit_config_tm12/share/tm_moveit_config_tm12/local_setup.zsh
[0.678s] -- Up-to-date: /home/rslomron/tm_custom/install/tm_moveit_config_tm12/share/tm_moveit_config_tm12/local_setup.dsv
[0.680s] -- Up-to-date: /home/rslomron/tm_custom/install/tm_moveit_config_tm12/share/tm_moveit_config_tm12/package.dsv
[0.680s] -- Up-to-date: /home/rslomron/tm_custom/install/tm_moveit_config_tm12/share/ament_index/resource_index/packages/tm_moveit_config_tm12
[0.680s] -- Up-to-date: /home/rslomron/tm_custom/install/tm_moveit_config_tm12/share/tm_moveit_config_tm12/cmake/tm_moveit_config_tm12Config.cmake
[0.680s] -- Up-to-date: /home/rslomron/tm_custom/install/tm_moveit_config_tm12/share/tm_moveit_config_tm12/cmake/tm_moveit_config_tm12Config-version.cmake
[0.681s] -- Up-to-date: /home/rslomron/tm_custom/install/tm_moveit_config_tm12/share/tm_moveit_config_tm12/package.xml
[0.717s] Invoked command in '/home/rslomron/tm_custom/build/tm_moveit_config_tm12' returned '0': CMAKE_PREFIX_PATH=${CMAKE_PREFIX_PATH}:/home/rslomron/tm_custom/install/tm_mod_urdf:/home/rslomron/tm_custom/install/tm_get_status:/opt/ros/humble /usr/bin/cmake --install /home/rslomron/tm_custom/build/tm_moveit_config_tm12
