[0.125s] DEBUG:colcon:Command line arguments: ['/usr/bin/colcon', 'build', '--packages-select', 'demo']
[0.125s] DEBUG:colcon:Parsed command line arguments: Namespace(log_base=None, log_level=None, verb_name='build', build_base='build', install_base='install', merge_install=False, symlink_install=False, test_result_base=None, continue_on_error=False, executor='parallel', parallel_workers=8, event_handlers=None, ignore_user_meta=False, metas=['./colcon.meta'], base_paths=['.'], packages_ignore=None, packages_ignore_regex=None, paths=None, packages_up_to=None, packages_up_to_regex=None, packages_above=None, packages_above_and_dependencies=None, packages_above_depth=None, packages_select_by_dep=None, packages_skip_by_dep=None, packages_skip_up_to=None, packages_select_build_failed=False, packages_skip_build_finished=False, packages_select_test_failures=False, packages_skip_test_passed=False, packages_select=['demo'], packages_skip=None, packages_select_regex=None, packages_skip_regex=None, packages_start=None, packages_end=None, allow_overriding=[], cmake_args=None, cmake_target=None, cmake_target_skip_unavailable=False, cmake_clean_cache=False, cmake_clean_first=False, cmake_force_configure=False, ament_cmake_args=None, catkin_cmake_args=None, catkin_skip_building_tests=False, mixin_files=None, mixin=None, verb_parser=<colcon_mixin.mixin.mixin_argument.MixinArgumentDecorator object at 0x7805f13176a0>, verb_extension=<colcon_core.verb.build.BuildVerb object at 0x7805f13170a0>, main=<bound method BuildVerb.main of <colcon_core.verb.build.BuildVerb object at 0x7805f13170a0>>, mixin_verb=('build',))
[0.332s] Level 1:colcon.colcon_core.package_discovery:discover_packages(colcon_meta) check parameters
[0.332s] Level 1:colcon.colcon_core.package_discovery:discover_packages(recursive) check parameters
[0.332s] Level 1:colcon.colcon_core.package_discovery:discover_packages(ignore) check parameters
[0.332s] Level 1:colcon.colcon_core.package_discovery:discover_packages(path) check parameters
[0.332s] Level 1:colcon.colcon_core.package_discovery:discover_packages(colcon_meta) discover
[0.332s] Level 1:colcon.colcon_core.package_discovery:discover_packages(recursive) discover
[0.332s] INFO:colcon.colcon_core.package_discovery:Crawling recursively for packages in '/home/rslomron/tm_custom'
[0.332s] Level 1:colcon.colcon_core.package_identification:_identify(.) by extensions ['ignore', 'ignore_ament_install']
[0.332s] Level 1:colcon.colcon_core.package_identification:_identify(.) by extension 'ignore'
[0.332s] Level 1:colcon.colcon_core.package_identification:_identify(.) by extension 'ignore_ament_install'
[0.332s] Level 1:colcon.colcon_core.package_identification:_identify(.) by extensions ['colcon_pkg']
[0.332s] Level 1:colcon.colcon_core.package_identification:_identify(.) by extension 'colcon_pkg'
[0.332s] Level 1:colcon.colcon_core.package_identification:_identify(.) by extensions ['colcon_meta']
[0.333s] Level 1:colcon.colcon_core.package_identification:_identify(.) by extension 'colcon_meta'
[0.333s] Level 1:colcon.colcon_core.package_identification:_identify(.) by extensions ['ros']
[0.333s] Level 1:colcon.colcon_core.package_identification:_identify(.) by extension 'ros'
[0.344s] Level 1:colcon.colcon_core.package_identification:_identify(.) by extensions ['cmake', 'python']
[0.344s] Level 1:colcon.colcon_core.package_identification:_identify(.) by extension 'cmake'
[0.344s] Level 1:colcon.colcon_core.package_identification:_identify(.) by extension 'python'
[0.344s] Level 1:colcon.colcon_core.package_identification:_identify(.) by extensions ['python_setup_py']
[0.344s] Level 1:colcon.colcon_core.package_identification:_identify(.) by extension 'python_setup_py'
[0.344s] Level 1:colcon.colcon_core.package_identification:_identify(build) by extensions ['ignore', 'ignore_ament_install']
[0.344s] Level 1:colcon.colcon_core.package_identification:_identify(build) by extension 'ignore'
[0.344s] Level 1:colcon.colcon_core.package_identification:_identify(build) ignored
[0.344s] Level 1:colcon.colcon_core.package_identification:_identify(install) by extensions ['ignore', 'ignore_ament_install']
[0.344s] Level 1:colcon.colcon_core.package_identification:_identify(install) by extension 'ignore'
[0.344s] Level 1:colcon.colcon_core.package_identification:_identify(install) ignored
[0.345s] Level 1:colcon.colcon_core.package_identification:_identify(log) by extensions ['ignore', 'ignore_ament_install']
[0.345s] Level 1:colcon.colcon_core.package_identification:_identify(log) by extension 'ignore'
[0.345s] Level 1:colcon.colcon_core.package_identification:_identify(log) ignored
[0.345s] Level 1:colcon.colcon_core.package_identification:_identify(rosbag2_2024_05_09-14_42_06) by extensions ['ignore', 'ignore_ament_install']
[0.345s] Level 1:colcon.colcon_core.package_identification:_identify(rosbag2_2024_05_09-14_42_06) by extension 'ignore'
[0.345s] Level 1:colcon.colcon_core.package_identification:_identify(rosbag2_2024_05_09-14_42_06) by extension 'ignore_ament_install'
[0.345s] Level 1:colcon.colcon_core.package_identification:_identify(rosbag2_2024_05_09-14_42_06) by extensions ['colcon_pkg']
[0.345s] Level 1:colcon.colcon_core.package_identification:_identify(rosbag2_2024_05_09-14_42_06) by extension 'colcon_pkg'
[0.345s] Level 1:colcon.colcon_core.package_identification:_identify(rosbag2_2024_05_09-14_42_06) by extensions ['colcon_meta']
[0.345s] Level 1:colcon.colcon_core.package_identification:_identify(rosbag2_2024_05_09-14_42_06) by extension 'colcon_meta'
[0.345s] Level 1:colcon.colcon_core.package_identification:_identify(rosbag2_2024_05_09-14_42_06) by extensions ['ros']
[0.345s] Level 1:colcon.colcon_core.package_identification:_identify(rosbag2_2024_05_09-14_42_06) by extension 'ros'
[0.345s] Level 1:colcon.colcon_core.package_identification:_identify(rosbag2_2024_05_09-14_42_06) by extensions ['cmake', 'python']
[0.345s] Level 1:colcon.colcon_core.package_identification:_identify(rosbag2_2024_05_09-14_42_06) by extension 'cmake'
[0.345s] Level 1:colcon.colcon_core.package_identification:_identify(rosbag2_2024_05_09-14_42_06) by extension 'python'
[0.345s] Level 1:colcon.colcon_core.package_identification:_identify(rosbag2_2024_05_09-14_42_06) by extensions ['python_setup_py']
[0.345s] Level 1:colcon.colcon_core.package_identification:_identify(rosbag2_2024_05_09-14_42_06) by extension 'python_setup_py'
[0.346s] Level 1:colcon.colcon_core.package_identification:_identify(src) by extensions ['ignore', 'ignore_ament_install']
[0.346s] Level 1:colcon.colcon_core.package_identification:_identify(src) by extension 'ignore'
[0.346s] Level 1:colcon.colcon_core.package_identification:_identify(src) by extension 'ignore_ament_install'
[0.346s] Level 1:colcon.colcon_core.package_identification:_identify(src) by extensions ['colcon_pkg']
[0.346s] Level 1:colcon.colcon_core.package_identification:_identify(src) by extension 'colcon_pkg'
[0.346s] Level 1:colcon.colcon_core.package_identification:_identify(src) by extensions ['colcon_meta']
[0.346s] Level 1:colcon.colcon_core.package_identification:_identify(src) by extension 'colcon_meta'
[0.346s] Level 1:colcon.colcon_core.package_identification:_identify(src) by extensions ['ros']
[0.346s] Level 1:colcon.colcon_core.package_identification:_identify(src) by extension 'ros'
[0.346s] Level 1:colcon.colcon_core.package_identification:_identify(src) by extensions ['cmake', 'python']
[0.346s] Level 1:colcon.colcon_core.package_identification:_identify(src) by extension 'cmake'
[0.346s] Level 1:colcon.colcon_core.package_identification:_identify(src) by extension 'python'
[0.346s] Level 1:colcon.colcon_core.package_identification:_identify(src) by extensions ['python_setup_py']
[0.346s] Level 1:colcon.colcon_core.package_identification:_identify(src) by extension 'python_setup_py'
[0.346s] Level 1:colcon.colcon_core.package_identification:_identify(src/custom_package) by extensions ['ignore', 'ignore_ament_install']
[0.346s] Level 1:colcon.colcon_core.package_identification:_identify(src/custom_package) by extension 'ignore'
[0.346s] Level 1:colcon.colcon_core.package_identification:_identify(src/custom_package) by extension 'ignore_ament_install'
[0.347s] Level 1:colcon.colcon_core.package_identification:_identify(src/custom_package) by extensions ['colcon_pkg']
[0.347s] Level 1:colcon.colcon_core.package_identification:_identify(src/custom_package) by extension 'colcon_pkg'
[0.347s] Level 1:colcon.colcon_core.package_identification:_identify(src/custom_package) by extensions ['colcon_meta']
[0.347s] Level 1:colcon.colcon_core.package_identification:_identify(src/custom_package) by extension 'colcon_meta'
[0.347s] Level 1:colcon.colcon_core.package_identification:_identify(src/custom_package) by extensions ['ros']
[0.347s] Level 1:colcon.colcon_core.package_identification:_identify(src/custom_package) by extension 'ros'
[0.349s] DEBUG:colcon.colcon_core.package_identification:Package 'src/custom_package' with type 'ros.ament_cmake' and name 'custom_package'
[0.349s] Level 1:colcon.colcon_core.package_identification:_identify(src/demo) by extensions ['ignore', 'ignore_ament_install']
[0.349s] Level 1:colcon.colcon_core.package_identification:_identify(src/demo) by extension 'ignore'
[0.349s] Level 1:colcon.colcon_core.package_identification:_identify(src/demo) by extension 'ignore_ament_install'
[0.349s] Level 1:colcon.colcon_core.package_identification:_identify(src/demo) by extensions ['colcon_pkg']
[0.350s] Level 1:colcon.colcon_core.package_identification:_identify(src/demo) by extension 'colcon_pkg'
[0.350s] Level 1:colcon.colcon_core.package_identification:_identify(src/demo) by extensions ['colcon_meta']
[0.350s] Level 1:colcon.colcon_core.package_identification:_identify(src/demo) by extension 'colcon_meta'
[0.350s] Level 1:colcon.colcon_core.package_identification:_identify(src/demo) by extensions ['ros']
[0.350s] Level 1:colcon.colcon_core.package_identification:_identify(src/demo) by extension 'ros'
[0.350s] DEBUG:colcon.colcon_core.package_identification:Package 'src/demo' with type 'ros.ament_cmake' and name 'demo'
[0.350s] Level 1:colcon.colcon_core.package_identification:_identify(src/techman_robot_get_status) by extensions ['ignore', 'ignore_ament_install']
[0.350s] Level 1:colcon.colcon_core.package_identification:_identify(src/techman_robot_get_status) by extension 'ignore'
[0.350s] Level 1:colcon.colcon_core.package_identification:_identify(src/techman_robot_get_status) by extension 'ignore_ament_install'
[0.351s] Level 1:colcon.colcon_core.package_identification:_identify(src/techman_robot_get_status) by extensions ['colcon_pkg']
[0.351s] Level 1:colcon.colcon_core.package_identification:_identify(src/techman_robot_get_status) by extension 'colcon_pkg'
[0.351s] Level 1:colcon.colcon_core.package_identification:_identify(src/techman_robot_get_status) by extensions ['colcon_meta']
[0.351s] Level 1:colcon.colcon_core.package_identification:_identify(src/techman_robot_get_status) by extension 'colcon_meta'
[0.351s] Level 1:colcon.colcon_core.package_identification:_identify(src/techman_robot_get_status) by extensions ['ros']
[0.351s] Level 1:colcon.colcon_core.package_identification:_identify(src/techman_robot_get_status) by extension 'ros'
[0.351s] DEBUG:colcon.colcon_core.package_identification:Package 'src/techman_robot_get_status' with type 'ros.ament_python' and name 'techman_robot_get_status'
[0.351s] Level 1:colcon.colcon_core.package_identification:_identify(src/techman_robot_msgs) by extensions ['ignore', 'ignore_ament_install']
[0.351s] Level 1:colcon.colcon_core.package_identification:_identify(src/techman_robot_msgs) by extension 'ignore'
[0.352s] Level 1:colcon.colcon_core.package_identification:_identify(src/techman_robot_msgs) by extension 'ignore_ament_install'
[0.352s] Level 1:colcon.colcon_core.package_identification:_identify(src/techman_robot_msgs) by extensions ['colcon_pkg']
[0.352s] Level 1:colcon.colcon_core.package_identification:_identify(src/techman_robot_msgs) by extension 'colcon_pkg'
[0.352s] Level 1:colcon.colcon_core.package_identification:_identify(src/techman_robot_msgs) by extensions ['colcon_meta']
[0.352s] Level 1:colcon.colcon_core.package_identification:_identify(src/techman_robot_msgs) by extension 'colcon_meta'
[0.352s] Level 1:colcon.colcon_core.package_identification:_identify(src/techman_robot_msgs) by extensions ['ros']
[0.352s] Level 1:colcon.colcon_core.package_identification:_identify(src/techman_robot_msgs) by extension 'ros'
[0.352s] DEBUG:colcon.colcon_core.package_identification:Package 'src/techman_robot_msgs' with type 'ros.ament_cmake' and name 'techman_robot_msgs'
[0.353s] Level 1:colcon.colcon_core.package_identification:_identify(src/tm_description) by extensions ['ignore', 'ignore_ament_install']
[0.354s] Level 1:colcon.colcon_core.package_identification:_identify(src/tm_description) by extension 'ignore'
[0.354s] Level 1:colcon.colcon_core.package_identification:_identify(src/tm_description) by extension 'ignore_ament_install'
[0.354s] Level 1:colcon.colcon_core.package_identification:_identify(src/tm_description) by extensions ['colcon_pkg']
[0.354s] Level 1:colcon.colcon_core.package_identification:_identify(src/tm_description) by extension 'colcon_pkg'
[0.354s] Level 1:colcon.colcon_core.package_identification:_identify(src/tm_description) by extensions ['colcon_meta']
[0.354s] Level 1:colcon.colcon_core.package_identification:_identify(src/tm_description) by extension 'colcon_meta'
[0.354s] Level 1:colcon.colcon_core.package_identification:_identify(src/tm_description) by extensions ['ros']
[0.354s] Level 1:colcon.colcon_core.package_identification:_identify(src/tm_description) by extension 'ros'
[0.354s] DEBUG:colcon.colcon_core.package_identification:Package 'src/tm_description' with type 'ros.ament_cmake' and name 'tm_description'
[0.355s] Level 1:colcon.colcon_core.package_identification:_identify(src/tm_driver) by extensions ['ignore', 'ignore_ament_install']
[0.355s] Level 1:colcon.colcon_core.package_identification:_identify(src/tm_driver) by extension 'ignore'
[0.355s] Level 1:colcon.colcon_core.package_identification:_identify(src/tm_driver) by extension 'ignore_ament_install'
[0.355s] Level 1:colcon.colcon_core.package_identification:_identify(src/tm_driver) by extensions ['colcon_pkg']
[0.355s] Level 1:colcon.colcon_core.package_identification:_identify(src/tm_driver) by extension 'colcon_pkg'
[0.355s] Level 1:colcon.colcon_core.package_identification:_identify(src/tm_driver) by extensions ['colcon_meta']
[0.355s] Level 1:colcon.colcon_core.package_identification:_identify(src/tm_driver) by extension 'colcon_meta'
[0.355s] Level 1:colcon.colcon_core.package_identification:_identify(src/tm_driver) by extensions ['ros']
[0.355s] Level 1:colcon.colcon_core.package_identification:_identify(src/tm_driver) by extension 'ros'
[0.356s] DEBUG:colcon.colcon_core.package_identification:Package 'src/tm_driver' with type 'ros.ament_cmake' and name 'tm_driver'
[0.356s] Level 1:colcon.colcon_core.package_identification:_identify(src/tm_mod_urdf) by extensions ['ignore', 'ignore_ament_install']
[0.356s] Level 1:colcon.colcon_core.package_identification:_identify(src/tm_mod_urdf) by extension 'ignore'
[0.356s] Level 1:colcon.colcon_core.package_identification:_identify(src/tm_mod_urdf) by extension 'ignore_ament_install'
[0.356s] Level 1:colcon.colcon_core.package_identification:_identify(src/tm_mod_urdf) by extensions ['colcon_pkg']
[0.356s] Level 1:colcon.colcon_core.package_identification:_identify(src/tm_mod_urdf) by extension 'colcon_pkg'
[0.356s] Level 1:colcon.colcon_core.package_identification:_identify(src/tm_mod_urdf) by extensions ['colcon_meta']
[0.356s] Level 1:colcon.colcon_core.package_identification:_identify(src/tm_mod_urdf) by extension 'colcon_meta'
[0.356s] Level 1:colcon.colcon_core.package_identification:_identify(src/tm_mod_urdf) by extensions ['ros']
[0.356s] Level 1:colcon.colcon_core.package_identification:_identify(src/tm_mod_urdf) by extension 'ros'
[0.356s] DEBUG:colcon.colcon_core.package_identification:Package 'src/tm_mod_urdf' with type 'ros.ament_python' and name 'tm_mod_urdf'
[0.357s] Level 1:colcon.colcon_core.package_identification:_identify(src/tm_moveit_config_tm12) by extensions ['ignore', 'ignore_ament_install']
[0.357s] Level 1:colcon.colcon_core.package_identification:_identify(src/tm_moveit_config_tm12) by extension 'ignore'
[0.357s] Level 1:colcon.colcon_core.package_identification:_identify(src/tm_moveit_config_tm12) by extension 'ignore_ament_install'
[0.357s] Level 1:colcon.colcon_core.package_identification:_identify(src/tm_moveit_config_tm12) by extensions ['colcon_pkg']
[0.357s] Level 1:colcon.colcon_core.package_identification:_identify(src/tm_moveit_config_tm12) by extension 'colcon_pkg'
[0.357s] Level 1:colcon.colcon_core.package_identification:_identify(src/tm_moveit_config_tm12) by extensions ['colcon_meta']
[0.357s] Level 1:colcon.colcon_core.package_identification:_identify(src/tm_moveit_config_tm12) by extension 'colcon_meta'
[0.357s] Level 1:colcon.colcon_core.package_identification:_identify(src/tm_moveit_config_tm12) by extensions ['ros']
[0.357s] Level 1:colcon.colcon_core.package_identification:_identify(src/tm_moveit_config_tm12) by extension 'ros'
[0.358s] DEBUG:colcon.colcon_core.package_identification:Package 'src/tm_moveit_config_tm12' with type 'ros.ament_cmake' and name 'tm_moveit_config_tm12'
[0.358s] Level 1:colcon.colcon_core.package_identification:_identify(src/tm_moveit_config_tm12x) by extensions ['ignore', 'ignore_ament_install']
[0.358s] Level 1:colcon.colcon_core.package_identification:_identify(src/tm_moveit_config_tm12x) by extension 'ignore'
[0.358s] Level 1:colcon.colcon_core.package_identification:_identify(src/tm_moveit_config_tm12x) by extension 'ignore_ament_install'
[0.358s] Level 1:colcon.colcon_core.package_identification:_identify(src/tm_moveit_config_tm12x) by extensions ['colcon_pkg']
[0.358s] Level 1:colcon.colcon_core.package_identification:_identify(src/tm_moveit_config_tm12x) by extension 'colcon_pkg'
[0.358s] Level 1:colcon.colcon_core.package_identification:_identify(src/tm_moveit_config_tm12x) by extensions ['colcon_meta']
[0.358s] Level 1:colcon.colcon_core.package_identification:_identify(src/tm_moveit_config_tm12x) by extension 'colcon_meta'
[0.358s] Level 1:colcon.colcon_core.package_identification:_identify(src/tm_moveit_config_tm12x) by extensions ['ros']
[0.358s] Level 1:colcon.colcon_core.package_identification:_identify(src/tm_moveit_config_tm12x) by extension 'ros'
[0.359s] DEBUG:colcon.colcon_core.package_identification:Package 'src/tm_moveit_config_tm12x' with type 'ros.ament_cmake' and name 'tm_moveit_config_tm12x'
[0.359s] Level 1:colcon.colcon_core.package_identification:_identify(src/tm_moveit_config_tm14) by extensions ['ignore', 'ignore_ament_install']
[0.359s] Level 1:colcon.colcon_core.package_identification:_identify(src/tm_moveit_config_tm14) by extension 'ignore'
[0.359s] Level 1:colcon.colcon_core.package_identification:_identify(src/tm_moveit_config_tm14) by extension 'ignore_ament_install'
[0.359s] Level 1:colcon.colcon_core.package_identification:_identify(src/tm_moveit_config_tm14) by extensions ['colcon_pkg']
[0.359s] Level 1:colcon.colcon_core.package_identification:_identify(src/tm_moveit_config_tm14) by extension 'colcon_pkg'
[0.359s] Level 1:colcon.colcon_core.package_identification:_identify(src/tm_moveit_config_tm14) by extensions ['colcon_meta']
[0.359s] Level 1:colcon.colcon_core.package_identification:_identify(src/tm_moveit_config_tm14) by extension 'colcon_meta'
[0.359s] Level 1:colcon.colcon_core.package_identification:_identify(src/tm_moveit_config_tm14) by extensions ['ros']
[0.359s] Level 1:colcon.colcon_core.package_identification:_identify(src/tm_moveit_config_tm14) by extension 'ros'
[0.370s] DEBUG:colcon.colcon_core.package_identification:Package 'src/tm_moveit_config_tm14' with type 'ros.ament_cmake' and name 'tm_moveit_config_tm14'
[0.370s] Level 1:colcon.colcon_core.package_identification:_identify(src/tm_moveit_config_tm14x) by extensions ['ignore', 'ignore_ament_install']
[0.370s] Level 1:colcon.colcon_core.package_identification:_identify(src/tm_moveit_config_tm14x) by extension 'ignore'
[0.370s] Level 1:colcon.colcon_core.package_identification:_identify(src/tm_moveit_config_tm14x) by extension 'ignore_ament_install'
[0.370s] Level 1:colcon.colcon_core.package_identification:_identify(src/tm_moveit_config_tm14x) by extensions ['colcon_pkg']
[0.370s] Level 1:colcon.colcon_core.package_identification:_identify(src/tm_moveit_config_tm14x) by extension 'colcon_pkg'
[0.370s] Level 1:colcon.colcon_core.package_identification:_identify(src/tm_moveit_config_tm14x) by extensions ['colcon_meta']
[0.370s] Level 1:colcon.colcon_core.package_identification:_identify(src/tm_moveit_config_tm14x) by extension 'colcon_meta'
[0.370s] Level 1:colcon.colcon_core.package_identification:_identify(src/tm_moveit_config_tm14x) by extensions ['ros']
[0.371s] Level 1:colcon.colcon_core.package_identification:_identify(src/tm_moveit_config_tm14x) by extension 'ros'
[0.371s] DEBUG:colcon.colcon_core.package_identification:Package 'src/tm_moveit_config_tm14x' with type 'ros.ament_cmake' and name 'tm_moveit_config_tm14x'
[0.371s] Level 1:colcon.colcon_core.package_identification:_identify(src/tm_moveit_config_tm5-700) by extensions ['ignore', 'ignore_ament_install']
[0.371s] Level 1:colcon.colcon_core.package_identification:_identify(src/tm_moveit_config_tm5-700) by extension 'ignore'
[0.371s] Level 1:colcon.colcon_core.package_identification:_identify(src/tm_moveit_config_tm5-700) by extension 'ignore_ament_install'
[0.371s] Level 1:colcon.colcon_core.package_identification:_identify(src/tm_moveit_config_tm5-700) by extensions ['colcon_pkg']
[0.371s] Level 1:colcon.colcon_core.package_identification:_identify(src/tm_moveit_config_tm5-700) by extension 'colcon_pkg'
[0.372s] Level 1:colcon.colcon_core.package_identification:_identify(src/tm_moveit_config_tm5-700) by extensions ['colcon_meta']
[0.372s] Level 1:colcon.colcon_core.package_identification:_identify(src/tm_moveit_config_tm5-700) by extension 'colcon_meta'
[0.372s] Level 1:colcon.colcon_core.package_identification:_identify(src/tm_moveit_config_tm5-700) by extensions ['ros']
[0.372s] Level 1:colcon.colcon_core.package_identification:_identify(src/tm_moveit_config_tm5-700) by extension 'ros'
[0.372s] DEBUG:colcon.colcon_core.package_identification:Package 'src/tm_moveit_config_tm5-700' with type 'ros.ament_cmake' and name 'tm_moveit_config_tm5-700'
[0.372s] Level 1:colcon.colcon_core.package_identification:_identify(src/tm_moveit_config_tm5-900) by extensions ['ignore', 'ignore_ament_install']
[0.372s] Level 1:colcon.colcon_core.package_identification:_identify(src/tm_moveit_config_tm5-900) by extension 'ignore'
[0.372s] Level 1:colcon.colcon_core.package_identification:_identify(src/tm_moveit_config_tm5-900) by extension 'ignore_ament_install'
[0.372s] Level 1:colcon.colcon_core.package_identification:_identify(src/tm_moveit_config_tm5-900) by extensions ['colcon_pkg']
[0.372s] Level 1:colcon.colcon_core.package_identification:_identify(src/tm_moveit_config_tm5-900) by extension 'colcon_pkg'
[0.373s] Level 1:colcon.colcon_core.package_identification:_identify(src/tm_moveit_config_tm5-900) by extensions ['colcon_meta']
[0.373s] Level 1:colcon.colcon_core.package_identification:_identify(src/tm_moveit_config_tm5-900) by extension 'colcon_meta'
[0.373s] Level 1:colcon.colcon_core.package_identification:_identify(src/tm_moveit_config_tm5-900) by extensions ['ros']
[0.373s] Level 1:colcon.colcon_core.package_identification:_identify(src/tm_moveit_config_tm5-900) by extension 'ros'
[0.373s] DEBUG:colcon.colcon_core.package_identification:Package 'src/tm_moveit_config_tm5-900' with type 'ros.ament_cmake' and name 'tm_moveit_config_tm5-900'
[0.373s] Level 1:colcon.colcon_core.package_identification:_identify(src/tm_moveit_config_tm5x-700) by extensions ['ignore', 'ignore_ament_install']
[0.373s] Level 1:colcon.colcon_core.package_identification:_identify(src/tm_moveit_config_tm5x-700) by extension 'ignore'
[0.373s] Level 1:colcon.colcon_core.package_identification:_identify(src/tm_moveit_config_tm5x-700) by extension 'ignore_ament_install'
[0.373s] Level 1:colcon.colcon_core.package_identification:_identify(src/tm_moveit_config_tm5x-700) by extensions ['colcon_pkg']
[0.374s] Level 1:colcon.colcon_core.package_identification:_identify(src/tm_moveit_config_tm5x-700) by extension 'colcon_pkg'
[0.374s] Level 1:colcon.colcon_core.package_identification:_identify(src/tm_moveit_config_tm5x-700) by extensions ['colcon_meta']
[0.374s] Level 1:colcon.colcon_core.package_identification:_identify(src/tm_moveit_config_tm5x-700) by extension 'colcon_meta'
[0.374s] Level 1:colcon.colcon_core.package_identification:_identify(src/tm_moveit_config_tm5x-700) by extensions ['ros']
[0.374s] Level 1:colcon.colcon_core.package_identification:_identify(src/tm_moveit_config_tm5x-700) by extension 'ros'
[0.374s] DEBUG:colcon.colcon_core.package_identification:Package 'src/tm_moveit_config_tm5x-700' with type 'ros.ament_cmake' and name 'tm_moveit_config_tm5x-700'
[0.375s] Level 1:colcon.colcon_core.package_identification:_identify(src/tm_moveit_config_tm5x-900) by extensions ['ignore', 'ignore_ament_install']
[0.375s] Level 1:colcon.colcon_core.package_identification:_identify(src/tm_moveit_config_tm5x-900) by extension 'ignore'
[0.375s] Level 1:colcon.colcon_core.package_identification:_identify(src/tm_moveit_config_tm5x-900) by extension 'ignore_ament_install'
[0.375s] Level 1:colcon.colcon_core.package_identification:_identify(src/tm_moveit_config_tm5x-900) by extensions ['colcon_pkg']
[0.375s] Level 1:colcon.colcon_core.package_identification:_identify(src/tm_moveit_config_tm5x-900) by extension 'colcon_pkg'
[0.375s] Level 1:colcon.colcon_core.package_identification:_identify(src/tm_moveit_config_tm5x-900) by extensions ['colcon_meta']
[0.375s] Level 1:colcon.colcon_core.package_identification:_identify(src/tm_moveit_config_tm5x-900) by extension 'colcon_meta'
[0.375s] Level 1:colcon.colcon_core.package_identification:_identify(src/tm_moveit_config_tm5x-900) by extensions ['ros']
[0.375s] Level 1:colcon.colcon_core.package_identification:_identify(src/tm_moveit_config_tm5x-900) by extension 'ros'
[0.376s] DEBUG:colcon.colcon_core.package_identification:Package 'src/tm_moveit_config_tm5x-900' with type 'ros.ament_cmake' and name 'tm_moveit_config_tm5x-900'
[0.376s] Level 1:colcon.colcon_core.package_identification:_identify(src/tm_moveit_cpp_demo) by extensions ['ignore', 'ignore_ament_install']
[0.376s] Level 1:colcon.colcon_core.package_identification:_identify(src/tm_moveit_cpp_demo) by extension 'ignore'
[0.376s] Level 1:colcon.colcon_core.package_identification:_identify(src/tm_moveit_cpp_demo) by extension 'ignore_ament_install'
[0.376s] Level 1:colcon.colcon_core.package_identification:_identify(src/tm_moveit_cpp_demo) by extensions ['colcon_pkg']
[0.376s] Level 1:colcon.colcon_core.package_identification:_identify(src/tm_moveit_cpp_demo) by extension 'colcon_pkg'
[0.376s] Level 1:colcon.colcon_core.package_identification:_identify(src/tm_moveit_cpp_demo) by extensions ['colcon_meta']
[0.376s] Level 1:colcon.colcon_core.package_identification:_identify(src/tm_moveit_cpp_demo) by extension 'colcon_meta'
[0.376s] Level 1:colcon.colcon_core.package_identification:_identify(src/tm_moveit_cpp_demo) by extensions ['ros']
[0.376s] Level 1:colcon.colcon_core.package_identification:_identify(src/tm_moveit_cpp_demo) by extension 'ros'
[0.377s] DEBUG:colcon.colcon_core.package_identification:Package 'src/tm_moveit_cpp_demo' with type 'ros.ament_cmake' and name 'tm_moveit_cpp_demo'
[0.377s] Level 1:colcon.colcon_core.package_identification:_identify(src/tm_msgs) by extensions ['ignore', 'ignore_ament_install']
[0.377s] Level 1:colcon.colcon_core.package_identification:_identify(src/tm_msgs) by extension 'ignore'
[0.377s] Level 1:colcon.colcon_core.package_identification:_identify(src/tm_msgs) by extension 'ignore_ament_install'
[0.377s] Level 1:colcon.colcon_core.package_identification:_identify(src/tm_msgs) by extensions ['colcon_pkg']
[0.377s] Level 1:colcon.colcon_core.package_identification:_identify(src/tm_msgs) by extension 'colcon_pkg'
[0.377s] Level 1:colcon.colcon_core.package_identification:_identify(src/tm_msgs) by extensions ['colcon_meta']
[0.377s] Level 1:colcon.colcon_core.package_identification:_identify(src/tm_msgs) by extension 'colcon_meta'
[0.377s] Level 1:colcon.colcon_core.package_identification:_identify(src/tm_msgs) by extensions ['ros']
[0.378s] Level 1:colcon.colcon_core.package_identification:_identify(src/tm_msgs) by extension 'ros'
[0.378s] DEBUG:colcon.colcon_core.package_identification:Package 'src/tm_msgs' with type 'ros.ament_cmake' and name 'tm_msgs'
[0.378s] Level 1:colcon.colcon_core.package_identification:_identify(src/ui_for_debug_and_demo) by extensions ['ignore', 'ignore_ament_install']
[0.378s] Level 1:colcon.colcon_core.package_identification:_identify(src/ui_for_debug_and_demo) by extension 'ignore'
[0.378s] Level 1:colcon.colcon_core.package_identification:_identify(src/ui_for_debug_and_demo) by extension 'ignore_ament_install'
[0.378s] Level 1:colcon.colcon_core.package_identification:_identify(src/ui_for_debug_and_demo) by extensions ['colcon_pkg']
[0.378s] Level 1:colcon.colcon_core.package_identification:_identify(src/ui_for_debug_and_demo) by extension 'colcon_pkg'
[0.378s] Level 1:colcon.colcon_core.package_identification:_identify(src/ui_for_debug_and_demo) by extensions ['colcon_meta']
[0.379s] Level 1:colcon.colcon_core.package_identification:_identify(src/ui_for_debug_and_demo) by extension 'colcon_meta'
[0.379s] Level 1:colcon.colcon_core.package_identification:_identify(src/ui_for_debug_and_demo) by extensions ['ros']
[0.379s] Level 1:colcon.colcon_core.package_identification:_identify(src/ui_for_debug_and_demo) by extension 'ros'
[0.379s] DEBUG:colcon.colcon_core.package_identification:Package 'src/ui_for_debug_and_demo' with type 'ros.ament_cmake' and name 'ui_for_debug_and_demo'
[0.379s] Level 1:colcon.colcon_core.package_discovery:discover_packages(recursive) using defaults
[0.379s] Level 1:colcon.colcon_core.package_discovery:discover_packages(ignore) discover
[0.379s] Level 1:colcon.colcon_core.package_discovery:discover_packages(ignore) using defaults
[0.379s] Level 1:colcon.colcon_core.package_discovery:discover_packages(path) discover
[0.379s] Level 1:colcon.colcon_core.package_discovery:discover_packages(path) using defaults
[0.402s] INFO:colcon.colcon_core.package_selection:Skipping not selected package 'techman_robot_get_status' in 'src/techman_robot_get_status'
[0.402s] INFO:colcon.colcon_core.package_selection:Skipping not selected package 'techman_robot_msgs' in 'src/techman_robot_msgs'
[0.402s] INFO:colcon.colcon_core.package_selection:Skipping not selected package 'tm_description' in 'src/tm_description'
[0.402s] INFO:colcon.colcon_core.package_selection:Skipping not selected package 'tm_mod_urdf' in 'src/tm_mod_urdf'
[0.402s] INFO:colcon.colcon_core.package_selection:Skipping not selected package 'tm_moveit_cpp_demo' in 'src/tm_moveit_cpp_demo'
[0.402s] INFO:colcon.colcon_core.package_selection:Skipping not selected package 'tm_msgs' in 'src/tm_msgs'
[0.402s] INFO:colcon.colcon_core.package_selection:Skipping not selected package 'custom_package' in 'src/custom_package'
[0.402s] INFO:colcon.colcon_core.package_selection:Skipping not selected package 'tm_driver' in 'src/tm_driver'
[0.402s] INFO:colcon.colcon_core.package_selection:Skipping not selected package 'tm_moveit_config_tm12' in 'src/tm_moveit_config_tm12'
[0.402s] INFO:colcon.colcon_core.package_selection:Skipping not selected package 'tm_moveit_config_tm12x' in 'src/tm_moveit_config_tm12x'
[0.402s] INFO:colcon.colcon_core.package_selection:Skipping not selected package 'tm_moveit_config_tm14' in 'src/tm_moveit_config_tm14'
[0.402s] INFO:colcon.colcon_core.package_selection:Skipping not selected package 'tm_moveit_config_tm14x' in 'src/tm_moveit_config_tm14x'
[0.402s] INFO:colcon.colcon_core.package_selection:Skipping not selected package 'tm_moveit_config_tm5-700' in 'src/tm_moveit_config_tm5-700'
[0.402s] INFO:colcon.colcon_core.package_selection:Skipping not selected package 'tm_moveit_config_tm5-900' in 'src/tm_moveit_config_tm5-900'
[0.402s] INFO:colcon.colcon_core.package_selection:Skipping not selected package 'tm_moveit_config_tm5x-700' in 'src/tm_moveit_config_tm5x-700'
[0.402s] INFO:colcon.colcon_core.package_selection:Skipping not selected package 'tm_moveit_config_tm5x-900' in 'src/tm_moveit_config_tm5x-900'
[0.402s] INFO:colcon.colcon_core.package_selection:Skipping not selected package 'ui_for_debug_and_demo' in 'src/ui_for_debug_and_demo'
[0.402s] Level 1:colcon.colcon_core.package_discovery:discover_packages(prefix_path) check parameters
[0.402s] Level 1:colcon.colcon_core.package_discovery:discover_packages(prefix_path) discover
[0.407s] DEBUG:colcon.colcon_installed_package_information.package_discovery:Found 18 installed packages in /home/rslomron/tm_custom/install
[0.409s] DEBUG:colcon.colcon_installed_package_information.package_discovery:Found 45 installed packages in /home/rslomron/moveit2_ws/install
[0.410s] DEBUG:colcon.colcon_installed_package_information.package_discovery:Found 334 installed packages in /opt/ros/humble
[0.412s] Level 1:colcon.colcon_core.package_discovery:discover_packages(prefix_path) using defaults
[0.465s] Level 5:colcon.colcon_core.verb:set package 'demo' build argument 'cmake_args' from command line to 'None'
[0.465s] Level 5:colcon.colcon_core.verb:set package 'demo' build argument 'cmake_target' from command line to 'None'
[0.465s] Level 5:colcon.colcon_core.verb:set package 'demo' build argument 'cmake_target_skip_unavailable' from command line to 'False'
[0.465s] Level 5:colcon.colcon_core.verb:set package 'demo' build argument 'cmake_clean_cache' from command line to 'False'
[0.465s] Level 5:colcon.colcon_core.verb:set package 'demo' build argument 'cmake_clean_first' from command line to 'False'
[0.465s] Level 5:colcon.colcon_core.verb:set package 'demo' build argument 'cmake_force_configure' from command line to 'False'
[0.465s] Level 5:colcon.colcon_core.verb:set package 'demo' build argument 'ament_cmake_args' from command line to 'None'
[0.465s] Level 5:colcon.colcon_core.verb:set package 'demo' build argument 'catkin_cmake_args' from command line to 'None'
[0.465s] Level 5:colcon.colcon_core.verb:set package 'demo' build argument 'catkin_skip_building_tests' from command line to 'False'
[0.465s] DEBUG:colcon.colcon_core.verb:Building package 'demo' with the following arguments: {'ament_cmake_args': None, 'build_base': '/home/rslomron/tm_custom/build/demo', 'catkin_cmake_args': None, 'catkin_skip_building_tests': False, 'cmake_args': None, 'cmake_clean_cache': False, 'cmake_clean_first': False, 'cmake_force_configure': False, 'cmake_target': None, 'cmake_target_skip_unavailable': False, 'install_base': '/home/rslomron/tm_custom/install/demo', 'merge_install': False, 'path': '/home/rslomron/tm_custom/src/demo', 'symlink_install': False, 'test_result_base': None}
[0.465s] INFO:colcon.colcon_core.executor:Executing jobs using 'parallel' executor
[0.466s] DEBUG:colcon.colcon_parallel_executor.executor.parallel:run_until_complete
[0.467s] INFO:colcon.colcon_ros.task.ament_cmake.build:Building ROS package in '/home/rslomron/tm_custom/src/demo' with build type 'ament_cmake'
[0.467s] INFO:colcon.colcon_cmake.task.cmake.build:Building CMake package in '/home/rslomron/tm_custom/src/demo'
[0.469s] INFO:colcon.colcon_core.plugin_system:Skipping extension 'colcon_core.shell.bat': Not used on non-Windows systems
[0.470s] INFO:colcon.colcon_core.shell:Skip shell extension 'powershell' for command environment: Not usable outside of PowerShell
[0.470s] DEBUG:colcon.colcon_core.shell:Skip shell extension 'dsv' for command environment
[0.490s] DEBUG:colcon.colcon_core.event_handler.log_command:Invoking command in '/home/rslomron/tm_custom/build/demo': CMAKE_PREFIX_PATH=/home/rslomron/tm_custom/install/tm_msgs:/home/rslomron/tm_custom/install/ui_for_debug_and_demo:/home/rslomron/tm_custom/install/tm_driver:/home/rslomron/tm_custom/install/demo:/home/rslomron/tm_custom/install/tm_moveit_cpp_demo:/home/rslomron/tm_custom/install/tm_moveit_config_tm5x-900:/home/rslomron/tm_custom/install/tm_moveit_config_tm5x-700:/home/rslomron/tm_custom/install/tm_moveit_config_tm5-900:/home/rslomron/tm_custom/install/tm_moveit_config_tm5-700:/home/rslomron/tm_custom/install/tm_moveit_config_tm14x:/home/rslomron/tm_custom/install/tm_moveit_config_tm14:/home/rslomron/tm_custom/install/tm_moveit_config_tm12x:/home/rslomron/tm_custom/install/tm_moveit_config_tm12:/home/rslomron/tm_custom/install/tm_description:/home/rslomron/tm_custom/install/custom_package:/home/rslomron/tm_custom/install/techman_robot_msgs:/home/rslomron/moveit2_ws/install/pilz_industrial_motion_planner_testutils:/home/rslomron/moveit2_ws/install/moveit_runtime:/home/rslomron/moveit2_ws/install/moveit:/home/rslomron/moveit2_ws/install/moveit_planners:/home/rslomron/moveit2_ws/install/pilz_industrial_motion_planner:/home/rslomron/moveit2_ws/install/moveit_ros_control_interface:/home/rslomron/moveit2_ws/install/moveit_plugins:/home/rslomron/moveit2_ws/install/moveit_simple_controller_manager:/home/rslomron/moveit2_ws/install/moveit_setup_assistant:/home/rslomron/moveit2_ws/install/moveit_setup_srdf_plugins:/home/rslomron/moveit2_ws/install/moveit_setup_core_plugins:/home/rslomron/moveit2_ws/install/moveit_setup_controllers:/home/rslomron/moveit2_ws/install/moveit_setup_app_plugins:/home/rslomron/moveit2_ws/install/moveit_setup_framework:/home/rslomron/moveit2_ws/install/moveit_servo:/home/rslomron/moveit2_ws/install/moveit_ros:/home/rslomron/moveit2_ws/install/moveit_ros_visualization:/home/rslomron/moveit2_ws/install/moveit_hybrid_planning:/home/rslomron/moveit2_ws/install/moveit_ros_planning_interface:/home/rslomron/moveit2_ws/install/moveit_ros_benchmarks:/home/rslomron/moveit2_ws/install/moveit_ros_warehouse:/home/rslomron/moveit2_ws/install/moveit_ros_robot_interaction:/home/rslomron/moveit2_ws/install/moveit_ros_perception:/home/rslomron/moveit2_ws/install/moveit_resources_prbt_pg70_support:/home/rslomron/moveit2_ws/install/moveit_resources_prbt_moveit_config:/home/rslomron/moveit2_ws/install/moveit_ros_move_group:/home/rslomron/moveit2_ws/install/moveit_planners_ompl:/home/rslomron/moveit2_ws/install/moveit_ros_planning:/home/rslomron/moveit2_ws/install/moveit_ros_occupancy_map_monitor:/home/rslomron/moveit2_ws/install/moveit_resources_prbt_support:/home/rslomron/moveit2_ws/install/moveit_resources_prbt_ikfast_manipulator_plugin:/home/rslomron/moveit2_ws/install/moveit_resources:/home/rslomron/moveit2_ws/install/moveit_resources_pr2_description:/home/rslomron/moveit2_ws/install/moveit_resources_panda_moveit_config:/home/rslomron/moveit2_ws/install/moveit_resources_panda_description:/home/rslomron/moveit2_ws/install/moveit_resources_fanuc_moveit_config:/home/rslomron/moveit2_ws/install/moveit_resources_fanuc_description:/home/rslomron/moveit2_ws/install/moveit_planners_chomp:/home/rslomron/moveit2_ws/install/moveit_kinematics:/home/rslomron/moveit2_ws/install/moveit_chomp_optimizer_adapter:/home/rslomron/moveit2_ws/install/chomp_motion_planner:/home/rslomron/moveit2_ws/install/moveit_core:/home/rslomron/moveit2_ws/install/moveit_msgs:/home/rslomron/moveit2_ws/install/moveit_common:/home/rslomron/tm_custom/install/tm_mod_urdf:/home/rslomron/tm_custom/install/techman_robot_get_status:/home/rslomron/moveit2_ws/install/moveit_configs_utils:/opt/ros/humble /usr/bin/cmake --build /home/rslomron/tm_custom/build/demo -- -j8 -l8
[4.669s] DEBUG:colcon.colcon_core.event_handler.log_command:Invoked command in '/home/rslomron/tm_custom/build/demo' returned '0': CMAKE_PREFIX_PATH=/home/rslomron/tm_custom/install/tm_msgs:/home/rslomron/tm_custom/install/ui_for_debug_and_demo:/home/rslomron/tm_custom/install/tm_driver:/home/rslomron/tm_custom/install/demo:/home/rslomron/tm_custom/install/tm_moveit_cpp_demo:/home/rslomron/tm_custom/install/tm_moveit_config_tm5x-900:/home/rslomron/tm_custom/install/tm_moveit_config_tm5x-700:/home/rslomron/tm_custom/install/tm_moveit_config_tm5-900:/home/rslomron/tm_custom/install/tm_moveit_config_tm5-700:/home/rslomron/tm_custom/install/tm_moveit_config_tm14x:/home/rslomron/tm_custom/install/tm_moveit_config_tm14:/home/rslomron/tm_custom/install/tm_moveit_config_tm12x:/home/rslomron/tm_custom/install/tm_moveit_config_tm12:/home/rslomron/tm_custom/install/tm_description:/home/rslomron/tm_custom/install/custom_package:/home/rslomron/tm_custom/install/techman_robot_msgs:/home/rslomron/moveit2_ws/install/pilz_industrial_motion_planner_testutils:/home/rslomron/moveit2_ws/install/moveit_runtime:/home/rslomron/moveit2_ws/install/moveit:/home/rslomron/moveit2_ws/install/moveit_planners:/home/rslomron/moveit2_ws/install/pilz_industrial_motion_planner:/home/rslomron/moveit2_ws/install/moveit_ros_control_interface:/home/rslomron/moveit2_ws/install/moveit_plugins:/home/rslomron/moveit2_ws/install/moveit_simple_controller_manager:/home/rslomron/moveit2_ws/install/moveit_setup_assistant:/home/rslomron/moveit2_ws/install/moveit_setup_srdf_plugins:/home/rslomron/moveit2_ws/install/moveit_setup_core_plugins:/home/rslomron/moveit2_ws/install/moveit_setup_controllers:/home/rslomron/moveit2_ws/install/moveit_setup_app_plugins:/home/rslomron/moveit2_ws/install/moveit_setup_framework:/home/rslomron/moveit2_ws/install/moveit_servo:/home/rslomron/moveit2_ws/install/moveit_ros:/home/rslomron/moveit2_ws/install/moveit_ros_visualization:/home/rslomron/moveit2_ws/install/moveit_hybrid_planning:/home/rslomron/moveit2_ws/install/moveit_ros_planning_interface:/home/rslomron/moveit2_ws/install/moveit_ros_benchmarks:/home/rslomron/moveit2_ws/install/moveit_ros_warehouse:/home/rslomron/moveit2_ws/install/moveit_ros_robot_interaction:/home/rslomron/moveit2_ws/install/moveit_ros_perception:/home/rslomron/moveit2_ws/install/moveit_resources_prbt_pg70_support:/home/rslomron/moveit2_ws/install/moveit_resources_prbt_moveit_config:/home/rslomron/moveit2_ws/install/moveit_ros_move_group:/home/rslomron/moveit2_ws/install/moveit_planners_ompl:/home/rslomron/moveit2_ws/install/moveit_ros_planning:/home/rslomron/moveit2_ws/install/moveit_ros_occupancy_map_monitor:/home/rslomron/moveit2_ws/install/moveit_resources_prbt_support:/home/rslomron/moveit2_ws/install/moveit_resources_prbt_ikfast_manipulator_plugin:/home/rslomron/moveit2_ws/install/moveit_resources:/home/rslomron/moveit2_ws/install/moveit_resources_pr2_description:/home/rslomron/moveit2_ws/install/moveit_resources_panda_moveit_config:/home/rslomron/moveit2_ws/install/moveit_resources_panda_description:/home/rslomron/moveit2_ws/install/moveit_resources_fanuc_moveit_config:/home/rslomron/moveit2_ws/install/moveit_resources_fanuc_description:/home/rslomron/moveit2_ws/install/moveit_planners_chomp:/home/rslomron/moveit2_ws/install/moveit_kinematics:/home/rslomron/moveit2_ws/install/moveit_chomp_optimizer_adapter:/home/rslomron/moveit2_ws/install/chomp_motion_planner:/home/rslomron/moveit2_ws/install/moveit_core:/home/rslomron/moveit2_ws/install/moveit_msgs:/home/rslomron/moveit2_ws/install/moveit_common:/home/rslomron/tm_custom/install/tm_mod_urdf:/home/rslomron/tm_custom/install/techman_robot_get_status:/home/rslomron/moveit2_ws/install/moveit_configs_utils:/opt/ros/humble /usr/bin/cmake --build /home/rslomron/tm_custom/build/demo -- -j8 -l8
[4.801s] DEBUG:colcon.colcon_core.event_handler.log_command:Invoking command in '/home/rslomron/tm_custom/build/demo': CMAKE_PREFIX_PATH=/home/rslomron/tm_custom/install/tm_msgs:/home/rslomron/tm_custom/install/ui_for_debug_and_demo:/home/rslomron/tm_custom/install/tm_driver:/home/rslomron/tm_custom/install/demo:/home/rslomron/tm_custom/install/tm_moveit_cpp_demo:/home/rslomron/tm_custom/install/tm_moveit_config_tm5x-900:/home/rslomron/tm_custom/install/tm_moveit_config_tm5x-700:/home/rslomron/tm_custom/install/tm_moveit_config_tm5-900:/home/rslomron/tm_custom/install/tm_moveit_config_tm5-700:/home/rslomron/tm_custom/install/tm_moveit_config_tm14x:/home/rslomron/tm_custom/install/tm_moveit_config_tm14:/home/rslomron/tm_custom/install/tm_moveit_config_tm12x:/home/rslomron/tm_custom/install/tm_moveit_config_tm12:/home/rslomron/tm_custom/install/tm_description:/home/rslomron/tm_custom/install/custom_package:/home/rslomron/tm_custom/install/techman_robot_msgs:/home/rslomron/moveit2_ws/install/pilz_industrial_motion_planner_testutils:/home/rslomron/moveit2_ws/install/moveit_runtime:/home/rslomron/moveit2_ws/install/moveit:/home/rslomron/moveit2_ws/install/moveit_planners:/home/rslomron/moveit2_ws/install/pilz_industrial_motion_planner:/home/rslomron/moveit2_ws/install/moveit_ros_control_interface:/home/rslomron/moveit2_ws/install/moveit_plugins:/home/rslomron/moveit2_ws/install/moveit_simple_controller_manager:/home/rslomron/moveit2_ws/install/moveit_setup_assistant:/home/rslomron/moveit2_ws/install/moveit_setup_srdf_plugins:/home/rslomron/moveit2_ws/install/moveit_setup_core_plugins:/home/rslomron/moveit2_ws/install/moveit_setup_controllers:/home/rslomron/moveit2_ws/install/moveit_setup_app_plugins:/home/rslomron/moveit2_ws/install/moveit_setup_framework:/home/rslomron/moveit2_ws/install/moveit_servo:/home/rslomron/moveit2_ws/install/moveit_ros:/home/rslomron/moveit2_ws/install/moveit_ros_visualization:/home/rslomron/moveit2_ws/install/moveit_hybrid_planning:/home/rslomron/moveit2_ws/install/moveit_ros_planning_interface:/home/rslomron/moveit2_ws/install/moveit_ros_benchmarks:/home/rslomron/moveit2_ws/install/moveit_ros_warehouse:/home/rslomron/moveit2_ws/install/moveit_ros_robot_interaction:/home/rslomron/moveit2_ws/install/moveit_ros_perception:/home/rslomron/moveit2_ws/install/moveit_resources_prbt_pg70_support:/home/rslomron/moveit2_ws/install/moveit_resources_prbt_moveit_config:/home/rslomron/moveit2_ws/install/moveit_ros_move_group:/home/rslomron/moveit2_ws/install/moveit_planners_ompl:/home/rslomron/moveit2_ws/install/moveit_ros_planning:/home/rslomron/moveit2_ws/install/moveit_ros_occupancy_map_monitor:/home/rslomron/moveit2_ws/install/moveit_resources_prbt_support:/home/rslomron/moveit2_ws/install/moveit_resources_prbt_ikfast_manipulator_plugin:/home/rslomron/moveit2_ws/install/moveit_resources:/home/rslomron/moveit2_ws/install/moveit_resources_pr2_description:/home/rslomron/moveit2_ws/install/moveit_resources_panda_moveit_config:/home/rslomron/moveit2_ws/install/moveit_resources_panda_description:/home/rslomron/moveit2_ws/install/moveit_resources_fanuc_moveit_config:/home/rslomron/moveit2_ws/install/moveit_resources_fanuc_description:/home/rslomron/moveit2_ws/install/moveit_planners_chomp:/home/rslomron/moveit2_ws/install/moveit_kinematics:/home/rslomron/moveit2_ws/install/moveit_chomp_optimizer_adapter:/home/rslomron/moveit2_ws/install/chomp_motion_planner:/home/rslomron/moveit2_ws/install/moveit_core:/home/rslomron/moveit2_ws/install/moveit_msgs:/home/rslomron/moveit2_ws/install/moveit_common:/home/rslomron/tm_custom/install/tm_mod_urdf:/home/rslomron/tm_custom/install/techman_robot_get_status:/home/rslomron/moveit2_ws/install/moveit_configs_utils:/opt/ros/humble /usr/bin/cmake --install /home/rslomron/tm_custom/build/demo
[4.823s] Level 1:colcon.colcon_core.environment:create_environment_scripts_only(demo)
[4.824s] DEBUG:colcon.colcon_core.event_handler.log_command:Invoked command in '/home/rslomron/tm_custom/build/demo' returned '0': CMAKE_PREFIX_PATH=/home/rslomron/tm_custom/install/tm_msgs:/home/rslomron/tm_custom/install/ui_for_debug_and_demo:/home/rslomron/tm_custom/install/tm_driver:/home/rslomron/tm_custom/install/demo:/home/rslomron/tm_custom/install/tm_moveit_cpp_demo:/home/rslomron/tm_custom/install/tm_moveit_config_tm5x-900:/home/rslomron/tm_custom/install/tm_moveit_config_tm5x-700:/home/rslomron/tm_custom/install/tm_moveit_config_tm5-900:/home/rslomron/tm_custom/install/tm_moveit_config_tm5-700:/home/rslomron/tm_custom/install/tm_moveit_config_tm14x:/home/rslomron/tm_custom/install/tm_moveit_config_tm14:/home/rslomron/tm_custom/install/tm_moveit_config_tm12x:/home/rslomron/tm_custom/install/tm_moveit_config_tm12:/home/rslomron/tm_custom/install/tm_description:/home/rslomron/tm_custom/install/custom_package:/home/rslomron/tm_custom/install/techman_robot_msgs:/home/rslomron/moveit2_ws/install/pilz_industrial_motion_planner_testutils:/home/rslomron/moveit2_ws/install/moveit_runtime:/home/rslomron/moveit2_ws/install/moveit:/home/rslomron/moveit2_ws/install/moveit_planners:/home/rslomron/moveit2_ws/install/pilz_industrial_motion_planner:/home/rslomron/moveit2_ws/install/moveit_ros_control_interface:/home/rslomron/moveit2_ws/install/moveit_plugins:/home/rslomron/moveit2_ws/install/moveit_simple_controller_manager:/home/rslomron/moveit2_ws/install/moveit_setup_assistant:/home/rslomron/moveit2_ws/install/moveit_setup_srdf_plugins:/home/rslomron/moveit2_ws/install/moveit_setup_core_plugins:/home/rslomron/moveit2_ws/install/moveit_setup_controllers:/home/rslomron/moveit2_ws/install/moveit_setup_app_plugins:/home/rslomron/moveit2_ws/install/moveit_setup_framework:/home/rslomron/moveit2_ws/install/moveit_servo:/home/rslomron/moveit2_ws/install/moveit_ros:/home/rslomron/moveit2_ws/install/moveit_ros_visualization:/home/rslomron/moveit2_ws/install/moveit_hybrid_planning:/home/rslomron/moveit2_ws/install/moveit_ros_planning_interface:/home/rslomron/moveit2_ws/install/moveit_ros_benchmarks:/home/rslomron/moveit2_ws/install/moveit_ros_warehouse:/home/rslomron/moveit2_ws/install/moveit_ros_robot_interaction:/home/rslomron/moveit2_ws/install/moveit_ros_perception:/home/rslomron/moveit2_ws/install/moveit_resources_prbt_pg70_support:/home/rslomron/moveit2_ws/install/moveit_resources_prbt_moveit_config:/home/rslomron/moveit2_ws/install/moveit_ros_move_group:/home/rslomron/moveit2_ws/install/moveit_planners_ompl:/home/rslomron/moveit2_ws/install/moveit_ros_planning:/home/rslomron/moveit2_ws/install/moveit_ros_occupancy_map_monitor:/home/rslomron/moveit2_ws/install/moveit_resources_prbt_support:/home/rslomron/moveit2_ws/install/moveit_resources_prbt_ikfast_manipulator_plugin:/home/rslomron/moveit2_ws/install/moveit_resources:/home/rslomron/moveit2_ws/install/moveit_resources_pr2_description:/home/rslomron/moveit2_ws/install/moveit_resources_panda_moveit_config:/home/rslomron/moveit2_ws/install/moveit_resources_panda_description:/home/rslomron/moveit2_ws/install/moveit_resources_fanuc_moveit_config:/home/rslomron/moveit2_ws/install/moveit_resources_fanuc_description:/home/rslomron/moveit2_ws/install/moveit_planners_chomp:/home/rslomron/moveit2_ws/install/moveit_kinematics:/home/rslomron/moveit2_ws/install/moveit_chomp_optimizer_adapter:/home/rslomron/moveit2_ws/install/chomp_motion_planner:/home/rslomron/moveit2_ws/install/moveit_core:/home/rslomron/moveit2_ws/install/moveit_msgs:/home/rslomron/moveit2_ws/install/moveit_common:/home/rslomron/tm_custom/install/tm_mod_urdf:/home/rslomron/tm_custom/install/techman_robot_get_status:/home/rslomron/moveit2_ws/install/moveit_configs_utils:/opt/ros/humble /usr/bin/cmake --install /home/rslomron/tm_custom/build/demo
[4.826s] Level 1:colcon.colcon_core.environment:checking '/home/rslomron/tm_custom/install/demo' for CMake module files
[4.826s] Level 1:colcon.colcon_core.environment:checking '/home/rslomron/tm_custom/install/demo' for CMake config files
[4.827s] Level 1:colcon.colcon_core.shell:create_environment_hook('demo', 'cmake_prefix_path')
[4.827s] INFO:colcon.colcon_core.shell:Creating environment hook '/home/rslomron/tm_custom/install/demo/share/demo/hook/cmake_prefix_path.ps1'
[4.827s] INFO:colcon.colcon_core.shell:Creating environment descriptor '/home/rslomron/tm_custom/install/demo/share/demo/hook/cmake_prefix_path.dsv'
[4.828s] INFO:colcon.colcon_core.shell:Creating environment hook '/home/rslomron/tm_custom/install/demo/share/demo/hook/cmake_prefix_path.sh'
[4.829s] Level 1:colcon.colcon_core.environment:checking '/home/rslomron/tm_custom/install/demo/lib'
[4.829s] Level 1:colcon.colcon_core.environment:checking '/home/rslomron/tm_custom/install/demo/bin'
[4.829s] Level 1:colcon.colcon_core.environment:checking '/home/rslomron/tm_custom/install/demo/lib/pkgconfig/demo.pc'
[4.829s] Level 1:colcon.colcon_core.environment:checking '/home/rslomron/tm_custom/install/demo/lib/python3.10/site-packages'
[4.830s] Level 1:colcon.colcon_core.environment:checking '/home/rslomron/tm_custom/install/demo/bin'
[4.830s] INFO:colcon.colcon_core.shell:Creating package script '/home/rslomron/tm_custom/install/demo/share/demo/package.ps1'
[4.831s] INFO:colcon.colcon_core.shell:Creating package descriptor '/home/rslomron/tm_custom/install/demo/share/demo/package.dsv'
[4.831s] INFO:colcon.colcon_core.shell:Creating package script '/home/rslomron/tm_custom/install/demo/share/demo/package.sh'
[4.832s] INFO:colcon.colcon_core.shell:Creating package script '/home/rslomron/tm_custom/install/demo/share/demo/package.bash'
[4.833s] INFO:colcon.colcon_core.shell:Creating package script '/home/rslomron/tm_custom/install/demo/share/demo/package.zsh'
[4.833s] Level 1:colcon.colcon_core.environment:create_file_with_runtime_dependencies(/home/rslomron/tm_custom/install/demo/share/colcon-core/packages/demo)
[4.953s] Level 1:colcon.colcon_core.environment:create_environment_scripts_only(demo)
[4.953s] Level 1:colcon.colcon_core.environment:checking '/home/rslomron/tm_custom/install/demo' for CMake module files
[4.954s] Level 1:colcon.colcon_core.environment:checking '/home/rslomron/tm_custom/install/demo' for CMake config files
[4.954s] Level 1:colcon.colcon_core.shell:create_environment_hook('demo', 'cmake_prefix_path')
[4.954s] INFO:colcon.colcon_core.shell:Creating environment hook '/home/rslomron/tm_custom/install/demo/share/demo/hook/cmake_prefix_path.ps1'
[4.955s] INFO:colcon.colcon_core.shell:Creating environment descriptor '/home/rslomron/tm_custom/install/demo/share/demo/hook/cmake_prefix_path.dsv'
[4.955s] INFO:colcon.colcon_core.shell:Creating environment hook '/home/rslomron/tm_custom/install/demo/share/demo/hook/cmake_prefix_path.sh'
[4.956s] Level 1:colcon.colcon_core.environment:checking '/home/rslomron/tm_custom/install/demo/lib'
[4.956s] Level 1:colcon.colcon_core.environment:checking '/home/rslomron/tm_custom/install/demo/bin'
[4.956s] Level 1:colcon.colcon_core.environment:checking '/home/rslomron/tm_custom/install/demo/lib/pkgconfig/demo.pc'
[4.957s] Level 1:colcon.colcon_core.environment:checking '/home/rslomron/tm_custom/install/demo/lib/python3.10/site-packages'
[4.957s] Level 1:colcon.colcon_core.environment:checking '/home/rslomron/tm_custom/install/demo/bin'
[4.957s] INFO:colcon.colcon_core.shell:Creating package script '/home/rslomron/tm_custom/install/demo/share/demo/package.ps1'
[4.958s] INFO:colcon.colcon_core.shell:Creating package descriptor '/home/rslomron/tm_custom/install/demo/share/demo/package.dsv'
[4.958s] INFO:colcon.colcon_core.shell:Creating package script '/home/rslomron/tm_custom/install/demo/share/demo/package.sh'
[4.959s] INFO:colcon.colcon_core.shell:Creating package script '/home/rslomron/tm_custom/install/demo/share/demo/package.bash'
[4.959s] INFO:colcon.colcon_core.shell:Creating package script '/home/rslomron/tm_custom/install/demo/share/demo/package.zsh'
[4.960s] Level 1:colcon.colcon_core.environment:create_file_with_runtime_dependencies(/home/rslomron/tm_custom/install/demo/share/colcon-core/packages/demo)
[4.960s] DEBUG:colcon.colcon_parallel_executor.executor.parallel:closing loop
[4.960s] DEBUG:colcon.colcon_parallel_executor.executor.parallel:loop closed
[4.960s] DEBUG:colcon.colcon_parallel_executor.executor.parallel:run_until_complete finished with '0'
[4.960s] DEBUG:colcon.colcon_core.event_reactor:joining thread
[4.967s] INFO:colcon.colcon_core.plugin_system:Skipping extension 'colcon_notification.desktop_notification.terminal_notifier': Not used on non-Darwin systems
[4.967s] INFO:colcon.colcon_core.plugin_system:Skipping extension 'colcon_notification.desktop_notification.win32': Not used on non-Windows systems
[4.967s] INFO:colcon.colcon_notification.desktop_notification:Sending desktop notification using 'notify2'
[4.982s] DEBUG:colcon.colcon_core.event_reactor:joined thread
[4.983s] INFO:colcon.colcon_core.shell:Creating prefix script '/home/rslomron/tm_custom/install/local_setup.ps1'
[4.984s] INFO:colcon.colcon_core.shell:Creating prefix util module '/home/rslomron/tm_custom/install/_local_setup_util_ps1.py'
[4.986s] INFO:colcon.colcon_core.shell:Creating prefix chain script '/home/rslomron/tm_custom/install/setup.ps1'
[4.990s] INFO:colcon.colcon_core.shell:Creating prefix script '/home/rslomron/tm_custom/install/local_setup.sh'
[4.990s] INFO:colcon.colcon_core.shell:Creating prefix util module '/home/rslomron/tm_custom/install/_local_setup_util_sh.py'
[4.991s] INFO:colcon.colcon_core.shell:Creating prefix chain script '/home/rslomron/tm_custom/install/setup.sh'
[4.995s] INFO:colcon.colcon_core.shell:Creating prefix script '/home/rslomron/tm_custom/install/local_setup.bash'
[4.995s] INFO:colcon.colcon_core.shell:Creating prefix chain script '/home/rslomron/tm_custom/install/setup.bash'
[4.999s] INFO:colcon.colcon_core.shell:Creating prefix script '/home/rslomron/tm_custom/install/local_setup.zsh'
[4.999s] INFO:colcon.colcon_core.shell:Creating prefix chain script '/home/rslomron/tm_custom/install/setup.zsh'
