[1.382s] Invoking command in '/home/rslomron/MoMa/tm_custom/build/tm_moveit_cpp_demo': CMAKE_PREFIX_PATH=${CMAKE_PREFIX_PATH}:/home/rslomron/MoMa/tm_custom/install/tm_mod_urdf:/home/rslomron/MoMa/tm_custom/install/techman_robot_get_status:/home/rslomron/MoMa/tm_custom/install/python_demo:/home/rslomron/MoMa/tm_custom/install/arm_subscriber:/opt/ros/humble /usr/bin/cmake --build /home/rslomron/MoMa/tm_custom/build/tm_moveit_cpp_demo -- -j8 -l8
[1.441s] Invoked command in '/home/rslomron/MoMa/tm_custom/build/tm_moveit_cpp_demo' returned '0': CMAKE_PREFIX_PATH=${CMAKE_PREFIX_PATH}:/home/rslomron/MoMa/tm_custom/install/tm_mod_urdf:/home/rslomron/MoMa/tm_custom/install/techman_robot_get_status:/home/rslomron/MoMa/tm_custom/install/python_demo:/home/rslomron/MoMa/tm_custom/install/arm_subscriber:/opt/ros/humble /usr/bin/cmake --build /home/rslomron/MoMa/tm_custom/build/tm_moveit_cpp_demo -- -j8 -l8
[1.483s] Invoking command in '/home/rslomron/MoMa/tm_custom/build/tm_moveit_cpp_demo': CMAKE_PREFIX_PATH=${CMAKE_PREFIX_PATH}:/home/rslomron/MoMa/tm_custom/install/tm_mod_urdf:/home/rslomron/MoMa/tm_custom/install/techman_robot_get_status:/home/rslomron/MoMa/tm_custom/install/python_demo:/home/rslomron/MoMa/tm_custom/install/arm_subscriber:/opt/ros/humble /usr/bin/cmake --install /home/rslomron/MoMa/tm_custom/build/tm_moveit_cpp_demo
[1.499s] -- Install configuration: ""
[1.499s] -- Up-to-date: /home/rslomron/MoMa/tm_custom/install/tm_moveit_cpp_demo/share/tm_moveit_cpp_demo/launch
[1.500s] -- Up-to-date: /home/rslomron/MoMa/tm_custom/install/tm_moveit_cpp_demo/share/tm_moveit_cpp_demo/launch/tm5-900_run_moveit_cpp.launch.py
[1.500s] -- Up-to-date: /home/rslomron/MoMa/tm_custom/install/tm_moveit_cpp_demo/share/tm_moveit_cpp_demo/launch/tm5-700_run_moveit_cpp.launch.py
[1.500s] -- Up-to-date: /home/rslomron/MoMa/tm_custom/install/tm_moveit_cpp_demo/share/tm_moveit_cpp_demo/launch/run_moveit_cpp.rviz
[1.500s] -- Up-to-date: /home/rslomron/MoMa/tm_custom/install/tm_moveit_cpp_demo/share/tm_moveit_cpp_demo/launch/tm14x_run_moveit_cpp.launch.py
[1.501s] -- Up-to-date: /home/rslomron/MoMa/tm_custom/install/tm_moveit_cpp_demo/share/tm_moveit_cpp_demo/launch/tm12_run_moveit_cpp.launch.py
[1.501s] -- Up-to-date: /home/rslomron/MoMa/tm_custom/install/tm_moveit_cpp_demo/share/tm_moveit_cpp_demo/launch/tm12x_run_moveit_cpp.launch.py
[1.501s] -- Up-to-date: /home/rslomron/MoMa/tm_custom/install/tm_moveit_cpp_demo/share/tm_moveit_cpp_demo/launch/tm14_run_moveit_cpp.launch.py
[1.501s] -- Up-to-date: /home/rslomron/MoMa/tm_custom/install/tm_moveit_cpp_demo/share/tm_moveit_cpp_demo/launch/run_moveit_cpp.launch.py
[1.502s] -- Up-to-date: /home/rslomron/MoMa/tm_custom/install/tm_moveit_cpp_demo/share/tm_moveit_cpp_demo/launch/tm5x-700_run_moveit_cpp.launch.py
[1.502s] -- Up-to-date: /home/rslomron/MoMa/tm_custom/install/tm_moveit_cpp_demo/share/tm_moveit_cpp_demo/launch/tm5x-900_run_moveit_cpp.launch.py
[1.502s] -- Up-to-date: /home/rslomron/MoMa/tm_custom/install/tm_moveit_cpp_demo/share/tm_moveit_cpp_demo/config
[1.503s] -- Up-to-date: /home/rslomron/MoMa/tm_custom/install/tm_moveit_cpp_demo/share/tm_moveit_cpp_demo/config/moveit_cpp.yaml
[1.503s] -- Up-to-date: /home/rslomron/MoMa/tm_custom/install/tm_moveit_cpp_demo/share/tm_moveit_cpp_demo/config/controllers.yaml
[1.503s] -- Up-to-date: /home/rslomron/MoMa/tm_custom/install/tm_moveit_cpp_demo/share/ament_index/resource_index/package_run_dependencies/tm_moveit_cpp_demo
[1.503s] -- Up-to-date: /home/rslomron/MoMa/tm_custom/install/tm_moveit_cpp_demo/share/ament_index/resource_index/parent_prefix_path/tm_moveit_cpp_demo
[1.504s] -- Up-to-date: /home/rslomron/MoMa/tm_custom/install/tm_moveit_cpp_demo/share/tm_moveit_cpp_demo/environment/ament_prefix_path.sh
[1.504s] -- Up-to-date: /home/rslomron/MoMa/tm_custom/install/tm_moveit_cpp_demo/share/tm_moveit_cpp_demo/environment/ament_prefix_path.dsv
[1.504s] -- Up-to-date: /home/rslomron/MoMa/tm_custom/install/tm_moveit_cpp_demo/share/tm_moveit_cpp_demo/environment/path.sh
[1.504s] -- Up-to-date: /home/rslomron/MoMa/tm_custom/install/tm_moveit_cpp_demo/share/tm_moveit_cpp_demo/environment/path.dsv
[1.505s] -- Up-to-date: /home/rslomron/MoMa/tm_custom/install/tm_moveit_cpp_demo/share/tm_moveit_cpp_demo/local_setup.bash
[1.506s] -- Up-to-date: /home/rslomron/MoMa/tm_custom/install/tm_moveit_cpp_demo/share/tm_moveit_cpp_demo/local_setup.sh
[1.506s] -- Up-to-date: /home/rslomron/MoMa/tm_custom/install/tm_moveit_cpp_demo/share/tm_moveit_cpp_demo/local_setup.zsh
[1.506s] -- Up-to-date: /home/rslomron/MoMa/tm_custom/install/tm_moveit_cpp_demo/share/tm_moveit_cpp_demo/local_setup.dsv
[1.513s] -- Installing: /home/rslomron/MoMa/tm_custom/install/tm_moveit_cpp_demo/share/tm_moveit_cpp_demo/package.dsv
[1.513s] -- Up-to-date: /home/rslomron/MoMa/tm_custom/install/tm_moveit_cpp_demo/share/ament_index/resource_index/packages/tm_moveit_cpp_demo
[1.513s] -- Up-to-date: /home/rslomron/MoMa/tm_custom/install/tm_moveit_cpp_demo/share/tm_moveit_cpp_demo/cmake/tm_moveit_cpp_demoConfig.cmake
[1.514s] -- Up-to-date: /home/rslomron/MoMa/tm_custom/install/tm_moveit_cpp_demo/share/tm_moveit_cpp_demo/cmake/tm_moveit_cpp_demoConfig-version.cmake
[1.514s] -- Up-to-date: /home/rslomron/MoMa/tm_custom/install/tm_moveit_cpp_demo/share/tm_moveit_cpp_demo/package.xml
[1.553s] Invoked command in '/home/rslomron/MoMa/tm_custom/build/tm_moveit_cpp_demo' returned '0': CMAKE_PREFIX_PATH=${CMAKE_PREFIX_PATH}:/home/rslomron/MoMa/tm_custom/install/tm_mod_urdf:/home/rslomron/MoMa/tm_custom/install/techman_robot_get_status:/home/rslomron/MoMa/tm_custom/install/python_demo:/home/rslomron/MoMa/tm_custom/install/arm_subscriber:/opt/ros/humble /usr/bin/cmake --install /home/rslomron/MoMa/tm_custom/build/tm_moveit_cpp_demo
