[0.090s] Invoking command in '/home/rslomron/MoMa/tm_custom/build/tm_moveit_config_tm14x': AMENT_PREFIX_PATH=/home/rslomron/MoMa/tm_custom/install/tm_description:${AMENT_PREFIX_PATH} CMAKE_PREFIX_PATH=/home/rslomron/MoMa/tm_custom/install/tm_description:/opt/ros/humble /usr/bin/cmake /home/rslomron/MoMa/tm_custom/src/tm_moveit_config_tm14x -DCMAKE_INSTALL_PREFIX=/home/rslomron/MoMa/tm_custom/install/tm_moveit_config_tm14x
[0.334s] -- The C compiler identification is GNU 11.4.0
[0.462s] -- The CXX compiler identification is GNU 11.4.0
[0.472s] -- Detecting C compiler ABI info
[0.662s] -- Detecting C compiler ABI info - done
[0.679s] -- Check for working C compiler: /usr/bin/cc - skipped
[0.680s] -- Detecting C compile features
[0.681s] -- Detecting C compile features - done
[0.687s] -- Detecting CXX compiler ABI info
[0.856s] -- Detecting CXX compiler ABI info - done
[0.909s] -- Check for working CXX compiler: /usr/bin/c++ - skipped
[0.910s] -- Detecting CXX compile features
[0.910s] -- Detecting CXX compile features - done
[0.915s] -- Found ament_cmake: 1.3.8 (/opt/ros/humble/share/ament_cmake/cmake)
[1.588s] -- Found Python3: /usr/bin/python3 (found version "3.10.12") found components: Interpreter 
[2.138s] -- Configuring done
[2.147s] -- Generating done
[2.147s] -- Build files have been written to: /home/rslomron/MoMa/tm_custom/build/tm_moveit_config_tm14x
[2.180s] Invoked command in '/home/rslomron/MoMa/tm_custom/build/tm_moveit_config_tm14x' returned '0': AMENT_PREFIX_PATH=/home/rslomron/MoMa/tm_custom/install/tm_description:${AMENT_PREFIX_PATH} CMAKE_PREFIX_PATH=/home/rslomron/MoMa/tm_custom/install/tm_description:/opt/ros/humble /usr/bin/cmake /home/rslomron/MoMa/tm_custom/src/tm_moveit_config_tm14x -DCMAKE_INSTALL_PREFIX=/home/rslomron/MoMa/tm_custom/install/tm_moveit_config_tm14x
[2.180s] Invoking command in '/home/rslomron/MoMa/tm_custom/build/tm_moveit_config_tm14x': AMENT_PREFIX_PATH=/home/rslomron/MoMa/tm_custom/install/tm_description:${AMENT_PREFIX_PATH} CMAKE_PREFIX_PATH=/home/rslomron/MoMa/tm_custom/install/tm_description:/opt/ros/humble /usr/bin/cmake --build /home/rslomron/MoMa/tm_custom/build/tm_moveit_config_tm14x -- -j8 -l8
[2.376s] Invoked command in '/home/rslomron/MoMa/tm_custom/build/tm_moveit_config_tm14x' returned '0': AMENT_PREFIX_PATH=/home/rslomron/MoMa/tm_custom/install/tm_description:${AMENT_PREFIX_PATH} CMAKE_PREFIX_PATH=/home/rslomron/MoMa/tm_custom/install/tm_description:/opt/ros/humble /usr/bin/cmake --build /home/rslomron/MoMa/tm_custom/build/tm_moveit_config_tm14x -- -j8 -l8
[2.522s] Invoking command in '/home/rslomron/MoMa/tm_custom/build/tm_moveit_config_tm14x': AMENT_PREFIX_PATH=/home/rslomron/MoMa/tm_custom/install/tm_description:${AMENT_PREFIX_PATH} CMAKE_PREFIX_PATH=/home/rslomron/MoMa/tm_custom/install/tm_description:/opt/ros/humble /usr/bin/cmake --install /home/rslomron/MoMa/tm_custom/build/tm_moveit_config_tm14x
[2.583s] -- Install configuration: ""
[2.583s] -- Installing: /home/rslomron/MoMa/tm_custom/install/tm_moveit_config_tm14x/share/ament_index/resource_index/package_run_dependencies/tm_moveit_config_tm14x
[2.583s] -- Installing: /home/rslomron/MoMa/tm_custom/install/tm_moveit_config_tm14x/share/ament_index/resource_index/parent_prefix_path/tm_moveit_config_tm14x
[2.583s] -- Installing: /home/rslomron/MoMa/tm_custom/install/tm_moveit_config_tm14x/share/tm_moveit_config_tm14x/environment/ament_prefix_path.sh
[2.584s] -- Installing: /home/rslomron/MoMa/tm_custom/install/tm_moveit_config_tm14x/share/tm_moveit_config_tm14x/environment/ament_prefix_path.dsv
[2.584s] -- Installing: /home/rslomron/MoMa/tm_custom/install/tm_moveit_config_tm14x/share/tm_moveit_config_tm14x/environment/path.sh
[2.584s] -- Installing: /home/rslomron/MoMa/tm_custom/install/tm_moveit_config_tm14x/share/tm_moveit_config_tm14x/environment/path.dsv
[2.584s] -- Installing: /home/rslomron/MoMa/tm_custom/install/tm_moveit_config_tm14x/share/tm_moveit_config_tm14x/local_setup.bash
[2.584s] -- Installing: /home/rslomron/MoMa/tm_custom/install/tm_moveit_config_tm14x/share/tm_moveit_config_tm14x/local_setup.sh
[2.585s] -- Installing: /home/rslomron/MoMa/tm_custom/install/tm_moveit_config_tm14x/share/tm_moveit_config_tm14x/local_setup.zsh
[2.585s] -- Installing: /home/rslomron/MoMa/tm_custom/install/tm_moveit_config_tm14x/share/tm_moveit_config_tm14x/local_setup.dsv
[2.585s] -- Installing: /home/rslomron/MoMa/tm_custom/install/tm_moveit_config_tm14x/share/tm_moveit_config_tm14x/package.dsv
[2.585s] -- Installing: /home/rslomron/MoMa/tm_custom/install/tm_moveit_config_tm14x/share/ament_index/resource_index/packages/tm_moveit_config_tm14x
[2.591s] -- Installing: /home/rslomron/MoMa/tm_custom/install/tm_moveit_config_tm14x/share/tm_moveit_config_tm14x/cmake/tm_moveit_config_tm14xConfig.cmake
[2.591s] -- Installing: /home/rslomron/MoMa/tm_custom/install/tm_moveit_config_tm14x/share/tm_moveit_config_tm14x/cmake/tm_moveit_config_tm14xConfig-version.cmake
[2.591s] -- Installing: /home/rslomron/MoMa/tm_custom/install/tm_moveit_config_tm14x/share/tm_moveit_config_tm14x/package.xml
[2.591s] -- Installing: /home/rslomron/MoMa/tm_custom/install/tm_moveit_config_tm14x/share/tm_moveit_config_tm14x/config
[2.591s] -- Installing: /home/rslomron/MoMa/tm_custom/install/tm_moveit_config_tm14x/share/tm_moveit_config_tm14x/config/ros_controllers.yaml
[2.608s] -- Installing: /home/rslomron/MoMa/tm_custom/install/tm_moveit_config_tm14x/share/tm_moveit_config_tm14x/config/tm14x.srdf
[2.608s] -- Installing: /home/rslomron/MoMa/tm_custom/install/tm_moveit_config_tm14x/share/tm_moveit_config_tm14x/config/fake_controllers.yaml
[2.608s] -- Installing: /home/rslomron/MoMa/tm_custom/install/tm_moveit_config_tm14x/share/tm_moveit_config_tm14x/config/stomp_planning.yaml
[2.609s] -- Installing: /home/rslomron/MoMa/tm_custom/install/tm_moveit_config_tm14x/share/tm_moveit_config_tm14x/config/ompl_planning.yaml
[2.609s] -- Installing: /home/rslomron/MoMa/tm_custom/install/tm_moveit_config_tm14x/share/tm_moveit_config_tm14x/config/chomp_planning.yaml
[2.609s] -- Installing: /home/rslomron/MoMa/tm_custom/install/tm_moveit_config_tm14x/share/tm_moveit_config_tm14x/config/sensors_3d.yaml
[2.609s] -- Installing: /home/rslomron/MoMa/tm_custom/install/tm_moveit_config_tm14x/share/tm_moveit_config_tm14x/config/kinematics.yaml
[2.610s] -- Installing: /home/rslomron/MoMa/tm_custom/install/tm_moveit_config_tm14x/share/tm_moveit_config_tm14x/config/joint_limits.yaml
[2.648s] Invoked command in '/home/rslomron/MoMa/tm_custom/build/tm_moveit_config_tm14x' returned '0': AMENT_PREFIX_PATH=/home/rslomron/MoMa/tm_custom/install/tm_description:${AMENT_PREFIX_PATH} CMAKE_PREFIX_PATH=/home/rslomron/MoMa/tm_custom/install/tm_description:/opt/ros/humble /usr/bin/cmake --install /home/rslomron/MoMa/tm_custom/build/tm_moveit_config_tm14x
