[1.762s] Invoking command in '/home/rslomron/tm_custom/src/tm_mod_urdf': PYTHONPATH=/home/rslomron/tm_custom/build/tm_mod_urdf/prefix_override:/home/rslomron/tm_custom/install/tm_mod_urdf/lib/python3.10/site-packages:${PYTHONPATH} /usr/bin/python3 -W ignore:setup.py install is deprecated setup.py egg_info --egg-base ../../build/tm_mod_urdf build --build-base /home/rslomron/tm_custom/build/tm_mod_urdf/build install --record /home/rslomron/tm_custom/build/tm_mod_urdf/install.log --single-version-externally-managed install_data
[2.304s] running egg_info
[2.306s] writing ../../build/tm_mod_urdf/tm_mod_urdf.egg-info/PKG-INFO
[2.306s] writing dependency_links to ../../build/tm_mod_urdf/tm_mod_urdf.egg-info/dependency_links.txt
[2.306s] writing entry points to ../../build/tm_mod_urdf/tm_mod_urdf.egg-info/entry_points.txt
[2.306s] writing requirements to ../../build/tm_mod_urdf/tm_mod_urdf.egg-info/requires.txt
[2.307s] writing top-level names to ../../build/tm_mod_urdf/tm_mod_urdf.egg-info/top_level.txt
[2.312s] reading manifest file '../../build/tm_mod_urdf/tm_mod_urdf.egg-info/SOURCES.txt'
[2.313s] writing manifest file '../../build/tm_mod_urdf/tm_mod_urdf.egg-info/SOURCES.txt'
[2.313s] running build
[2.313s] running build_py
[2.313s] running install
[2.316s] running install_lib
[2.317s] running install_data
[2.317s] running install_egg_info
[2.319s] removing '/home/rslomron/tm_custom/install/tm_mod_urdf/lib/python3.10/site-packages/tm_mod_urdf-1.1.2-py3.10.egg-info' (and everything under it)
[2.320s] Copying ../../build/tm_mod_urdf/tm_mod_urdf.egg-info to /home/rslomron/tm_custom/install/tm_mod_urdf/lib/python3.10/site-packages/tm_mod_urdf-1.1.2-py3.10.egg-info
[2.321s] running install_scripts
[2.407s] Installing modify_urdf script to /home/rslomron/tm_custom/install/tm_mod_urdf/lib/tm_mod_urdf
[2.407s] Installing modify_xacro script to /home/rslomron/tm_custom/install/tm_mod_urdf/lib/tm_mod_urdf
[2.407s] writing list of installed files to '/home/rslomron/tm_custom/build/tm_mod_urdf/install.log'
[2.407s] Invoked command in '/home/rslomron/tm_custom/src/tm_mod_urdf' returned '0': PYTHONPATH=/home/rslomron/tm_custom/build/tm_mod_urdf/prefix_override:/home/rslomron/tm_custom/install/tm_mod_urdf/lib/python3.10/site-packages:${PYTHONPATH} /usr/bin/python3 -W ignore:setup.py install is deprecated setup.py egg_info --egg-base ../../build/tm_mod_urdf build --build-base /home/rslomron/tm_custom/build/tm_mod_urdf/build install --record /home/rslomron/tm_custom/build/tm_mod_urdf/install.log --single-version-externally-managed install_data
