[0.060s] Invoking command in '/home/rslomron/tm_custom/build/tm_moveit_config_tm5x-900': CMAKE_PREFIX_PATH=${CMAKE_PREFIX_PATH}:/home/rslomron/tm_custom/install/tm_mod_urdf:/home/rslomron/tm_custom/install/tm_get_status:/opt/ros/humble /usr/bin/cmake --build /home/rslomron/tm_custom/build/tm_moveit_config_tm5x-900 -- -j8 -l8
[0.111s] Invoked command in '/home/rslomron/tm_custom/build/tm_moveit_config_tm5x-900' returned '0': CMAKE_PREFIX_PATH=${CMAKE_PREFIX_PATH}:/home/rslomron/tm_custom/install/tm_mod_urdf:/home/rslomron/tm_custom/install/tm_get_status:/opt/ros/humble /usr/bin/cmake --build /home/rslomron/tm_custom/build/tm_moveit_config_tm5x-900 -- -j8 -l8
[0.140s] Invoking command in '/home/rslomron/tm_custom/build/tm_moveit_config_tm5x-900': CMAKE_PREFIX_PATH=${CMAKE_PREFIX_PATH}:/home/rslomron/tm_custom/install/tm_mod_urdf:/home/rslomron/tm_custom/install/tm_get_status:/opt/ros/humble /usr/bin/cmake --install /home/rslomron/tm_custom/build/tm_moveit_config_tm5x-900
[0.150s] -- Install configuration: ""
[0.150s] -- Up-to-date: /home/rslomron/tm_custom/install/tm_moveit_config_tm5x-900/share/ament_index/resource_index/package_run_dependencies/tm_moveit_config_tm5x-900
[0.150s] -- Up-to-date: /home/rslomron/tm_custom/install/tm_moveit_config_tm5x-900/share/ament_index/resource_index/parent_prefix_path/tm_moveit_config_tm5x-900
[0.151s] -- Up-to-date: /home/rslomron/tm_custom/install/tm_moveit_config_tm5x-900/share/tm_moveit_config_tm5x-900/environment/ament_prefix_path.sh
[0.151s] -- Up-to-date: /home/rslomron/tm_custom/install/tm_moveit_config_tm5x-900/share/tm_moveit_config_tm5x-900/environment/ament_prefix_path.dsv
[0.151s] -- Up-to-date: /home/rslomron/tm_custom/install/tm_moveit_config_tm5x-900/share/tm_moveit_config_tm5x-900/environment/path.sh
[0.151s] -- Up-to-date: /home/rslomron/tm_custom/install/tm_moveit_config_tm5x-900/share/tm_moveit_config_tm5x-900/environment/path.dsv
[0.151s] -- Up-to-date: /home/rslomron/tm_custom/install/tm_moveit_config_tm5x-900/share/tm_moveit_config_tm5x-900/local_setup.bash
[0.151s] -- Up-to-date: /home/rslomron/tm_custom/install/tm_moveit_config_tm5x-900/share/tm_moveit_config_tm5x-900/local_setup.sh
[0.151s] -- Up-to-date: /home/rslomron/tm_custom/install/tm_moveit_config_tm5x-900/share/tm_moveit_config_tm5x-900/local_setup.zsh
[0.152s] -- Up-to-date: /home/rslomron/tm_custom/install/tm_moveit_config_tm5x-900/share/tm_moveit_config_tm5x-900/local_setup.dsv
[0.152s] -- Up-to-date: /home/rslomron/tm_custom/install/tm_moveit_config_tm5x-900/share/tm_moveit_config_tm5x-900/package.dsv
[0.152s] -- Up-to-date: /home/rslomron/tm_custom/install/tm_moveit_config_tm5x-900/share/ament_index/resource_index/packages/tm_moveit_config_tm5x-900
[0.152s] -- Up-to-date: /home/rslomron/tm_custom/install/tm_moveit_config_tm5x-900/share/tm_moveit_config_tm5x-900/cmake/tm_moveit_config_tm5x-900Config.cmake
[0.152s] -- Up-to-date: /home/rslomron/tm_custom/install/tm_moveit_config_tm5x-900/share/tm_moveit_config_tm5x-900/cmake/tm_moveit_config_tm5x-900Config-version.cmake
[0.153s] -- Up-to-date: /home/rslomron/tm_custom/install/tm_moveit_config_tm5x-900/share/tm_moveit_config_tm5x-900/package.xml
[0.154s] Invoked command in '/home/rslomron/tm_custom/build/tm_moveit_config_tm5x-900' returned '0': CMAKE_PREFIX_PATH=${CMAKE_PREFIX_PATH}:/home/rslomron/tm_custom/install/tm_mod_urdf:/home/rslomron/tm_custom/install/tm_get_status:/opt/ros/humble /usr/bin/cmake --install /home/rslomron/tm_custom/build/tm_moveit_config_tm5x-900
