[0.009s] Invoking command in '/home/rslomron/tm_custom/build/tm_driver': CMAKE_PREFIX_PATH=${CMAKE_PREFIX_PATH}:/home/rslomron/tm_custom/install/tm_mod_urdf:/home/rslomron/tm_custom/install/tm_get_status:/opt/ros/humble /usr/bin/cmake /home/rslomron/tm_custom/src/tm_driver -DCMAKE_INSTALL_PREFIX=/home/rslomron/tm_custom/install/tm_driver
[0.065s] -- The C compiler identification is GNU 11.4.0
[0.117s] -- The CXX compiler identification is GNU 11.4.0
[0.129s] -- Detecting C compiler ABI info
[0.199s] -- Detecting C compiler ABI info - done
[0.206s] -- Check for working C compiler: /usr/bin/cc - skipped
[0.206s] -- Detecting C compile features
[0.207s] -- Detecting C compile features - done
[0.210s] -- Detecting CXX compiler ABI info
[0.285s] -- Detecting CXX compiler ABI info - done
[0.293s] -- Check for working CXX compiler: /usr/bin/c++ - skipped
[0.294s] -- Detecting CXX compile features
[0.294s] -- Detecting CXX compile features - done
[0.296s] -- Found ament_cmake: 1.3.8 (/opt/ros/humble/share/ament_cmake/cmake)
[0.449s] -- Found Python3: /usr/bin/python3 (found version "3.10.12") found components: Interpreter 
[0.573s] -- Found ament_lint_auto: 0.12.10 (/opt/ros/humble/share/ament_lint_auto/cmake)
[0.687s] -- Added test 'lint_cmake' to check CMake code style
[0.689s] -- Added test 'xmllint' to check XML markup files
[0.693s] -- Configuring done
[0.698s] -- Generating done
[0.700s] -- Build files have been written to: /home/rslomron/tm_custom/build/tm_driver
[0.706s] Invoked command in '/home/rslomron/tm_custom/build/tm_driver' returned '0': CMAKE_PREFIX_PATH=${CMAKE_PREFIX_PATH}:/home/rslomron/tm_custom/install/tm_mod_urdf:/home/rslomron/tm_custom/install/tm_get_status:/opt/ros/humble /usr/bin/cmake /home/rslomron/tm_custom/src/tm_driver -DCMAKE_INSTALL_PREFIX=/home/rslomron/tm_custom/install/tm_driver
[0.708s] Invoking command in '/home/rslomron/tm_custom/build/tm_driver': CMAKE_PREFIX_PATH=${CMAKE_PREFIX_PATH}:/home/rslomron/tm_custom/install/tm_mod_urdf:/home/rslomron/tm_custom/install/tm_get_status:/opt/ros/humble /usr/bin/cmake --build /home/rslomron/tm_custom/build/tm_driver -- -j8 -l8
[0.751s] Invoked command in '/home/rslomron/tm_custom/build/tm_driver' returned '0': CMAKE_PREFIX_PATH=${CMAKE_PREFIX_PATH}:/home/rslomron/tm_custom/install/tm_mod_urdf:/home/rslomron/tm_custom/install/tm_get_status:/opt/ros/humble /usr/bin/cmake --build /home/rslomron/tm_custom/build/tm_driver -- -j8 -l8
[0.784s] Invoking command in '/home/rslomron/tm_custom/build/tm_driver': CMAKE_PREFIX_PATH=${CMAKE_PREFIX_PATH}:/home/rslomron/tm_custom/install/tm_mod_urdf:/home/rslomron/tm_custom/install/tm_get_status:/opt/ros/humble /usr/bin/cmake --install /home/rslomron/tm_custom/build/tm_driver
[0.791s] -- Install configuration: ""
[0.791s] -- Installing: /home/rslomron/tm_custom/install/tm_driver/share/ament_index/resource_index/package_run_dependencies/tm_driver
[0.791s] -- Installing: /home/rslomron/tm_custom/install/tm_driver/share/ament_index/resource_index/parent_prefix_path/tm_driver
[0.791s] -- Installing: /home/rslomron/tm_custom/install/tm_driver/share/tm_driver/environment/ament_prefix_path.sh
[0.792s] -- Installing: /home/rslomron/tm_custom/install/tm_driver/share/tm_driver/environment/ament_prefix_path.dsv
[0.792s] -- Installing: /home/rslomron/tm_custom/install/tm_driver/share/tm_driver/environment/path.sh
[0.792s] -- Installing: /home/rslomron/tm_custom/install/tm_driver/share/tm_driver/environment/path.dsv
[0.792s] -- Installing: /home/rslomron/tm_custom/install/tm_driver/share/tm_driver/local_setup.bash
[0.792s] -- Installing: /home/rslomron/tm_custom/install/tm_driver/share/tm_driver/local_setup.sh
[0.793s] -- Installing: /home/rslomron/tm_custom/install/tm_driver/share/tm_driver/local_setup.zsh
[0.793s] -- Installing: /home/rslomron/tm_custom/install/tm_driver/share/tm_driver/local_setup.dsv
[0.793s] -- Installing: /home/rslomron/tm_custom/install/tm_driver/share/tm_driver/package.dsv
[0.793s] -- Installing: /home/rslomron/tm_custom/install/tm_driver/share/ament_index/resource_index/packages/tm_driver
[0.793s] -- Installing: /home/rslomron/tm_custom/install/tm_driver/share/tm_driver/cmake/tm_driverConfig.cmake
[0.794s] -- Installing: /home/rslomron/tm_custom/install/tm_driver/share/tm_driver/cmake/tm_driverConfig-version.cmake
[0.794s] -- Installing: /home/rslomron/tm_custom/install/tm_driver/share/tm_driver/package.xml
[0.795s] Invoked command in '/home/rslomron/tm_custom/build/tm_driver' returned '0': CMAKE_PREFIX_PATH=${CMAKE_PREFIX_PATH}:/home/rslomron/tm_custom/install/tm_mod_urdf:/home/rslomron/tm_custom/install/tm_get_status:/opt/ros/humble /usr/bin/cmake --install /home/rslomron/tm_custom/build/tm_driver
