[0.808s] Invoking command in '/home/rslomron/MoMa/tm_custom/build/safety_msgs': CMAKE_PREFIX_PATH=${CMAKE_PREFIX_PATH}:/home/rslomron/MoMa/tm_custom/install/tm_mod_urdf:/home/rslomron/MoMa/tm_custom/install/techman_robot_get_status:/home/rslomron/MoMa/tm_custom/install/python_demo:/home/rslomron/MoMa/tm_custom/install/arm_subscriber:/opt/ros/humble /usr/bin/cmake --build /home/rslomron/MoMa/tm_custom/build/safety_msgs -- -j8 -l8
[1.234s] [  3%] Built target safety_msgs__cpp
[1.234s] [ 12%] Built target safety_msgs__rosidl_generator_c
[1.234s] [ 12%] Built target ament_cmake_python_copy_safety_msgs
[1.235s] [ 35%] Built target safety_msgs__rosidl_typesupport_fastrtps_c
[1.235s] [ 35%] Built target safety_msgs__rosidl_typesupport_introspection_cpp
[1.235s] [ 41%] Built target safety_msgs__rosidl_typesupport_cpp
[1.235s] [ 51%] Built target safety_msgs__rosidl_typesupport_fastrtps_cpp
[1.235s] [ 70%] Built target safety_msgs__rosidl_typesupport_c
[1.235s] [ 70%] Built target safety_msgs__rosidl_typesupport_introspection_c
[1.235s] [ 70%] Built target safety_msgs
[1.235s] [ 74%] Built target safety_msgs__py
[1.236s] [ 80%] Built target safety_msgs__rosidl_generator_py
[1.236s] [ 93%] Built target safety_msgs__rosidl_typesupport_c__pyext
[1.236s] [ 93%] Built target safety_msgs__rosidl_typesupport_introspection_c__pyext
[1.236s] [100%] Built target safety_msgs__rosidl_typesupport_fastrtps_c__pyext
[1.263s] running egg_info
[1.264s] writing safety_msgs.egg-info/PKG-INFO
[1.264s] writing dependency_links to safety_msgs.egg-info/dependency_links.txt
[1.265s] writing top-level names to safety_msgs.egg-info/top_level.txt
[1.268s] reading manifest file 'safety_msgs.egg-info/SOURCES.txt'
[1.268s] writing manifest file 'safety_msgs.egg-info/SOURCES.txt'
[1.304s] [100%] Built target ament_cmake_python_build_safety_msgs_egg
[1.625s] Invoked command in '/home/rslomron/MoMa/tm_custom/build/safety_msgs' returned '0': CMAKE_PREFIX_PATH=${CMAKE_PREFIX_PATH}:/home/rslomron/MoMa/tm_custom/install/tm_mod_urdf:/home/rslomron/MoMa/tm_custom/install/techman_robot_get_status:/home/rslomron/MoMa/tm_custom/install/python_demo:/home/rslomron/MoMa/tm_custom/install/arm_subscriber:/opt/ros/humble /usr/bin/cmake --build /home/rslomron/MoMa/tm_custom/build/safety_msgs -- -j8 -l8
[1.955s] Invoking command in '/home/rslomron/MoMa/tm_custom/build/safety_msgs': CMAKE_PREFIX_PATH=${CMAKE_PREFIX_PATH}:/home/rslomron/MoMa/tm_custom/install/tm_mod_urdf:/home/rslomron/MoMa/tm_custom/install/techman_robot_get_status:/home/rslomron/MoMa/tm_custom/install/python_demo:/home/rslomron/MoMa/tm_custom/install/arm_subscriber:/opt/ros/humble /usr/bin/cmake --install /home/rslomron/MoMa/tm_custom/build/safety_msgs
[1.980s] -- Install configuration: ""
[1.980s] -- Up-to-date: /home/rslomron/MoMa/tm_custom/install/safety_msgs/share/ament_index/resource_index/rosidl_interfaces/safety_msgs
[1.981s] -- Up-to-date: /home/rslomron/MoMa/tm_custom/install/safety_msgs/include/safety_msgs/safety_msgs
[1.981s] -- Up-to-date: /home/rslomron/MoMa/tm_custom/install/safety_msgs/include/safety_msgs/safety_msgs/msg
[1.981s] -- Up-to-date: /home/rslomron/MoMa/tm_custom/install/safety_msgs/include/safety_msgs/safety_msgs/msg/rosidl_generator_c__visibility_control.h
[1.981s] -- Up-to-date: /home/rslomron/MoMa/tm_custom/install/safety_msgs/include/safety_msgs/safety_msgs/srv
[1.981s] -- Up-to-date: /home/rslomron/MoMa/tm_custom/install/safety_msgs/include/safety_msgs/safety_msgs/srv/detail
[1.981s] -- Up-to-date: /home/rslomron/MoMa/tm_custom/install/safety_msgs/include/safety_msgs/safety_msgs/srv/detail/arm_safety_service__functions.c
[1.981s] -- Up-to-date: /home/rslomron/MoMa/tm_custom/install/safety_msgs/include/safety_msgs/safety_msgs/srv/detail/arm_safety_service__functions.h
[1.982s] -- Up-to-date: /home/rslomron/MoMa/tm_custom/install/safety_msgs/include/safety_msgs/safety_msgs/srv/detail/arm_safety_service__struct.h
[1.982s] -- Up-to-date: /home/rslomron/MoMa/tm_custom/install/safety_msgs/include/safety_msgs/safety_msgs/srv/detail/arm_safety_service__type_support.h
[1.982s] -- Up-to-date: /home/rslomron/MoMa/tm_custom/install/safety_msgs/include/safety_msgs/safety_msgs/srv/arm_safety_service.h
[1.982s] -- Up-to-date: /home/rslomron/MoMa/tm_custom/install/safety_msgs/share/safety_msgs/environment/library_path.sh
[1.982s] -- Up-to-date: /home/rslomron/MoMa/tm_custom/install/safety_msgs/share/safety_msgs/environment/library_path.dsv
[1.982s] -- Up-to-date: /home/rslomron/MoMa/tm_custom/install/safety_msgs/lib/libsafety_msgs__rosidl_generator_c.so
[1.982s] -- Up-to-date: /home/rslomron/MoMa/tm_custom/install/safety_msgs/include/safety_msgs/safety_msgs
[1.983s] -- Up-to-date: /home/rslomron/MoMa/tm_custom/install/safety_msgs/include/safety_msgs/safety_msgs/msg
[1.983s] -- Up-to-date: /home/rslomron/MoMa/tm_custom/install/safety_msgs/include/safety_msgs/safety_msgs/msg/rosidl_typesupport_fastrtps_c__visibility_control.h
[1.983s] -- Up-to-date: /home/rslomron/MoMa/tm_custom/install/safety_msgs/include/safety_msgs/safety_msgs/srv
[1.983s] -- Up-to-date: /home/rslomron/MoMa/tm_custom/install/safety_msgs/include/safety_msgs/safety_msgs/srv/detail
[1.983s] -- Up-to-date: /home/rslomron/MoMa/tm_custom/install/safety_msgs/include/safety_msgs/safety_msgs/srv/detail/arm_safety_service__rosidl_typesupport_fastrtps_c.h
[1.983s] -- Up-to-date: /home/rslomron/MoMa/tm_custom/install/safety_msgs/lib/libsafety_msgs__rosidl_typesupport_fastrtps_c.so
[1.983s] -- Up-to-date: /home/rslomron/MoMa/tm_custom/install/safety_msgs/include/safety_msgs/safety_msgs
[1.984s] -- Up-to-date: /home/rslomron/MoMa/tm_custom/install/safety_msgs/include/safety_msgs/safety_msgs/srv
[1.984s] -- Up-to-date: /home/rslomron/MoMa/tm_custom/install/safety_msgs/include/safety_msgs/safety_msgs/srv/detail
[1.984s] -- Up-to-date: /home/rslomron/MoMa/tm_custom/install/safety_msgs/include/safety_msgs/safety_msgs/srv/detail/arm_safety_service__traits.hpp
[1.984s] -- Up-to-date: /home/rslomron/MoMa/tm_custom/install/safety_msgs/include/safety_msgs/safety_msgs/srv/detail/arm_safety_service__builder.hpp
[1.984s] -- Up-to-date: /home/rslomron/MoMa/tm_custom/install/safety_msgs/include/safety_msgs/safety_msgs/srv/detail/arm_safety_service__struct.hpp
[1.984s] -- Up-to-date: /home/rslomron/MoMa/tm_custom/install/safety_msgs/include/safety_msgs/safety_msgs/srv/arm_safety_service.hpp
[1.984s] -- Up-to-date: /home/rslomron/MoMa/tm_custom/install/safety_msgs/include/safety_msgs/safety_msgs
[1.985s] -- Up-to-date: /home/rslomron/MoMa/tm_custom/install/safety_msgs/include/safety_msgs/safety_msgs/msg
[1.985s] -- Up-to-date: /home/rslomron/MoMa/tm_custom/install/safety_msgs/include/safety_msgs/safety_msgs/msg/rosidl_typesupport_fastrtps_cpp__visibility_control.h
[1.985s] -- Up-to-date: /home/rslomron/MoMa/tm_custom/install/safety_msgs/include/safety_msgs/safety_msgs/srv
[1.985s] -- Up-to-date: /home/rslomron/MoMa/tm_custom/install/safety_msgs/include/safety_msgs/safety_msgs/srv/detail
[1.985s] -- Up-to-date: /home/rslomron/MoMa/tm_custom/install/safety_msgs/include/safety_msgs/safety_msgs/srv/detail/dds_fastrtps
[1.985s] -- Up-to-date: /home/rslomron/MoMa/tm_custom/install/safety_msgs/include/safety_msgs/safety_msgs/srv/detail/arm_safety_service__rosidl_typesupport_fastrtps_cpp.hpp
[1.985s] -- Up-to-date: /home/rslomron/MoMa/tm_custom/install/safety_msgs/lib/libsafety_msgs__rosidl_typesupport_fastrtps_cpp.so
[1.986s] -- Up-to-date: /home/rslomron/MoMa/tm_custom/install/safety_msgs/include/safety_msgs/safety_msgs
[1.986s] -- Up-to-date: /home/rslomron/MoMa/tm_custom/install/safety_msgs/include/safety_msgs/safety_msgs/msg
[1.986s] -- Up-to-date: /home/rslomron/MoMa/tm_custom/install/safety_msgs/include/safety_msgs/safety_msgs/msg/rosidl_typesupport_introspection_c__visibility_control.h
[1.986s] -- Up-to-date: /home/rslomron/MoMa/tm_custom/install/safety_msgs/include/safety_msgs/safety_msgs/srv
[1.986s] -- Up-to-date: /home/rslomron/MoMa/tm_custom/install/safety_msgs/include/safety_msgs/safety_msgs/srv/detail
[1.987s] -- Up-to-date: /home/rslomron/MoMa/tm_custom/install/safety_msgs/include/safety_msgs/safety_msgs/srv/detail/arm_safety_service__type_support.c
[1.987s] -- Up-to-date: /home/rslomron/MoMa/tm_custom/install/safety_msgs/include/safety_msgs/safety_msgs/srv/detail/arm_safety_service__rosidl_typesupport_introspection_c.h
[1.988s] -- Up-to-date: /home/rslomron/MoMa/tm_custom/install/safety_msgs/lib/libsafety_msgs__rosidl_typesupport_introspection_c.so
[1.988s] -- Up-to-date: /home/rslomron/MoMa/tm_custom/install/safety_msgs/lib/libsafety_msgs__rosidl_typesupport_c.so
[1.988s] -- Up-to-date: /home/rslomron/MoMa/tm_custom/install/safety_msgs/include/safety_msgs/safety_msgs
[1.988s] -- Up-to-date: /home/rslomron/MoMa/tm_custom/install/safety_msgs/include/safety_msgs/safety_msgs/srv
[1.989s] -- Up-to-date: /home/rslomron/MoMa/tm_custom/install/safety_msgs/include/safety_msgs/safety_msgs/srv/detail
[1.989s] -- Up-to-date: /home/rslomron/MoMa/tm_custom/install/safety_msgs/include/safety_msgs/safety_msgs/srv/detail/arm_safety_service__type_support.cpp
[1.989s] -- Up-to-date: /home/rslomron/MoMa/tm_custom/install/safety_msgs/include/safety_msgs/safety_msgs/srv/detail/arm_safety_service__rosidl_typesupport_introspection_cpp.hpp
[1.989s] -- Up-to-date: /home/rslomron/MoMa/tm_custom/install/safety_msgs/lib/libsafety_msgs__rosidl_typesupport_introspection_cpp.so
[1.989s] -- Up-to-date: /home/rslomron/MoMa/tm_custom/install/safety_msgs/lib/libsafety_msgs__rosidl_typesupport_cpp.so
[1.989s] -- Up-to-date: /home/rslomron/MoMa/tm_custom/install/safety_msgs/share/safety_msgs/environment/pythonpath.sh
[1.989s] -- Up-to-date: /home/rslomron/MoMa/tm_custom/install/safety_msgs/share/safety_msgs/environment/pythonpath.dsv
[1.990s] -- Up-to-date: /home/rslomron/MoMa/tm_custom/install/safety_msgs/local/lib/python3.10/dist-packages/safety_msgs-0.0.0-py3.10.egg-info
[1.990s] -- Installing: /home/rslomron/MoMa/tm_custom/install/safety_msgs/local/lib/python3.10/dist-packages/safety_msgs-0.0.0-py3.10.egg-info/top_level.txt
[1.990s] -- Installing: /home/rslomron/MoMa/tm_custom/install/safety_msgs/local/lib/python3.10/dist-packages/safety_msgs-0.0.0-py3.10.egg-info/PKG-INFO
[1.990s] -- Installing: /home/rslomron/MoMa/tm_custom/install/safety_msgs/local/lib/python3.10/dist-packages/safety_msgs-0.0.0-py3.10.egg-info/dependency_links.txt
[1.990s] -- Installing: /home/rslomron/MoMa/tm_custom/install/safety_msgs/local/lib/python3.10/dist-packages/safety_msgs-0.0.0-py3.10.egg-info/SOURCES.txt
[1.990s] -- Up-to-date: /home/rslomron/MoMa/tm_custom/install/safety_msgs/local/lib/python3.10/dist-packages/safety_msgs
[1.991s] -- Up-to-date: /home/rslomron/MoMa/tm_custom/install/safety_msgs/local/lib/python3.10/dist-packages/safety_msgs/_safety_msgs_s.ep.rosidl_typesupport_c.c
[1.991s] -- Up-to-date: /home/rslomron/MoMa/tm_custom/install/safety_msgs/local/lib/python3.10/dist-packages/safety_msgs/_safety_msgs_s.ep.rosidl_typesupport_fastrtps_c.c
[1.991s] -- Up-to-date: /home/rslomron/MoMa/tm_custom/install/safety_msgs/local/lib/python3.10/dist-packages/safety_msgs/safety_msgs_s__rosidl_typesupport_c.cpython-310-x86_64-linux-gnu.so
[1.991s] -- Up-to-date: /home/rslomron/MoMa/tm_custom/install/safety_msgs/local/lib/python3.10/dist-packages/safety_msgs/libsafety_msgs__rosidl_generator_py.so
[1.991s] -- Up-to-date: /home/rslomron/MoMa/tm_custom/install/safety_msgs/local/lib/python3.10/dist-packages/safety_msgs/safety_msgs_s__rosidl_typesupport_introspection_c.cpython-310-x86_64-linux-gnu.so
[1.991s] -- Up-to-date: /home/rslomron/MoMa/tm_custom/install/safety_msgs/local/lib/python3.10/dist-packages/safety_msgs/__init__.py
[1.991s] -- Up-to-date: /home/rslomron/MoMa/tm_custom/install/safety_msgs/local/lib/python3.10/dist-packages/safety_msgs/srv
[1.992s] -- Up-to-date: /home/rslomron/MoMa/tm_custom/install/safety_msgs/local/lib/python3.10/dist-packages/safety_msgs/srv/_arm_safety_service_s.c
[1.992s] -- Up-to-date: /home/rslomron/MoMa/tm_custom/install/safety_msgs/local/lib/python3.10/dist-packages/safety_msgs/srv/_arm_safety_service.py
[1.992s] -- Up-to-date: /home/rslomron/MoMa/tm_custom/install/safety_msgs/local/lib/python3.10/dist-packages/safety_msgs/srv/__init__.py
[1.992s] -- Up-to-date: /home/rslomron/MoMa/tm_custom/install/safety_msgs/local/lib/python3.10/dist-packages/safety_msgs/safety_msgs_s__rosidl_typesupport_fastrtps_c.cpython-310-x86_64-linux-gnu.so
[1.992s] -- Up-to-date: /home/rslomron/MoMa/tm_custom/install/safety_msgs/local/lib/python3.10/dist-packages/safety_msgs/_safety_msgs_s.ep.rosidl_typesupport_introspection_c.c
[2.076s] Listing '/home/rslomron/MoMa/tm_custom/install/safety_msgs/local/lib/python3.10/dist-packages/safety_msgs'...
[2.076s] Listing '/home/rslomron/MoMa/tm_custom/install/safety_msgs/local/lib/python3.10/dist-packages/safety_msgs/srv'...
[2.084s] -- Up-to-date: /home/rslomron/MoMa/tm_custom/install/safety_msgs/local/lib/python3.10/dist-packages/safety_msgs/safety_msgs_s__rosidl_typesupport_fastrtps_c.cpython-310-x86_64-linux-gnu.so
[2.084s] -- Up-to-date: /home/rslomron/MoMa/tm_custom/install/safety_msgs/local/lib/python3.10/dist-packages/safety_msgs/safety_msgs_s__rosidl_typesupport_introspection_c.cpython-310-x86_64-linux-gnu.so
[2.085s] -- Up-to-date: /home/rslomron/MoMa/tm_custom/install/safety_msgs/local/lib/python3.10/dist-packages/safety_msgs/safety_msgs_s__rosidl_typesupport_c.cpython-310-x86_64-linux-gnu.so
[2.085s] -- Up-to-date: /home/rslomron/MoMa/tm_custom/install/safety_msgs/lib/libsafety_msgs__rosidl_generator_py.so
[2.085s] -- Up-to-date: /home/rslomron/MoMa/tm_custom/install/safety_msgs/share/safety_msgs/srv/ArmSafetyService.idl
[2.086s] -- Up-to-date: /home/rslomron/MoMa/tm_custom/install/safety_msgs/share/safety_msgs/srv/ArmSafetyService.srv
[2.086s] -- Up-to-date: /home/rslomron/MoMa/tm_custom/install/safety_msgs/share/safety_msgs/srv/ArmSafetyService_Request.msg
[2.086s] -- Up-to-date: /home/rslomron/MoMa/tm_custom/install/safety_msgs/share/safety_msgs/srv/ArmSafetyService_Response.msg
[2.086s] -- Up-to-date: /home/rslomron/MoMa/tm_custom/install/safety_msgs/share/ament_index/resource_index/package_run_dependencies/safety_msgs
[2.086s] -- Up-to-date: /home/rslomron/MoMa/tm_custom/install/safety_msgs/share/ament_index/resource_index/parent_prefix_path/safety_msgs
[2.086s] -- Up-to-date: /home/rslomron/MoMa/tm_custom/install/safety_msgs/share/safety_msgs/environment/ament_prefix_path.sh
[2.087s] -- Up-to-date: /home/rslomron/MoMa/tm_custom/install/safety_msgs/share/safety_msgs/environment/ament_prefix_path.dsv
[2.087s] -- Up-to-date: /home/rslomron/MoMa/tm_custom/install/safety_msgs/share/safety_msgs/environment/path.sh
[2.087s] -- Up-to-date: /home/rslomron/MoMa/tm_custom/install/safety_msgs/share/safety_msgs/environment/path.dsv
[2.087s] -- Up-to-date: /home/rslomron/MoMa/tm_custom/install/safety_msgs/share/safety_msgs/local_setup.bash
[2.087s] -- Up-to-date: /home/rslomron/MoMa/tm_custom/install/safety_msgs/share/safety_msgs/local_setup.sh
[2.087s] -- Up-to-date: /home/rslomron/MoMa/tm_custom/install/safety_msgs/share/safety_msgs/local_setup.zsh
[2.088s] -- Up-to-date: /home/rslomron/MoMa/tm_custom/install/safety_msgs/share/safety_msgs/local_setup.dsv
[2.088s] -- Installing: /home/rslomron/MoMa/tm_custom/install/safety_msgs/share/safety_msgs/package.dsv
[2.088s] -- Up-to-date: /home/rslomron/MoMa/tm_custom/install/safety_msgs/share/ament_index/resource_index/packages/safety_msgs
[2.088s] -- Up-to-date: /home/rslomron/MoMa/tm_custom/install/safety_msgs/share/safety_msgs/cmake/export_safety_msgs__rosidl_generator_cExport.cmake
[2.088s] -- Up-to-date: /home/rslomron/MoMa/tm_custom/install/safety_msgs/share/safety_msgs/cmake/export_safety_msgs__rosidl_generator_cExport-noconfig.cmake
[2.088s] -- Up-to-date: /home/rslomron/MoMa/tm_custom/install/safety_msgs/share/safety_msgs/cmake/export_safety_msgs__rosidl_typesupport_fastrtps_cExport.cmake
[2.089s] -- Up-to-date: /home/rslomron/MoMa/tm_custom/install/safety_msgs/share/safety_msgs/cmake/export_safety_msgs__rosidl_typesupport_fastrtps_cExport-noconfig.cmake
[2.089s] -- Up-to-date: /home/rslomron/MoMa/tm_custom/install/safety_msgs/share/safety_msgs/cmake/export_safety_msgs__rosidl_generator_cppExport.cmake
[2.089s] -- Up-to-date: /home/rslomron/MoMa/tm_custom/install/safety_msgs/share/safety_msgs/cmake/export_safety_msgs__rosidl_typesupport_fastrtps_cppExport.cmake
[2.089s] -- Up-to-date: /home/rslomron/MoMa/tm_custom/install/safety_msgs/share/safety_msgs/cmake/export_safety_msgs__rosidl_typesupport_fastrtps_cppExport-noconfig.cmake
[2.089s] -- Up-to-date: /home/rslomron/MoMa/tm_custom/install/safety_msgs/share/safety_msgs/cmake/safety_msgs__rosidl_typesupport_introspection_cExport.cmake
[2.089s] -- Up-to-date: /home/rslomron/MoMa/tm_custom/install/safety_msgs/share/safety_msgs/cmake/safety_msgs__rosidl_typesupport_introspection_cExport-noconfig.cmake
[2.089s] -- Up-to-date: /home/rslomron/MoMa/tm_custom/install/safety_msgs/share/safety_msgs/cmake/safety_msgs__rosidl_typesupport_cExport.cmake
[2.090s] -- Up-to-date: /home/rslomron/MoMa/tm_custom/install/safety_msgs/share/safety_msgs/cmake/safety_msgs__rosidl_typesupport_cExport-noconfig.cmake
[2.090s] -- Up-to-date: /home/rslomron/MoMa/tm_custom/install/safety_msgs/share/safety_msgs/cmake/safety_msgs__rosidl_typesupport_introspection_cppExport.cmake
[2.090s] -- Up-to-date: /home/rslomron/MoMa/tm_custom/install/safety_msgs/share/safety_msgs/cmake/safety_msgs__rosidl_typesupport_introspection_cppExport-noconfig.cmake
[2.090s] -- Up-to-date: /home/rslomron/MoMa/tm_custom/install/safety_msgs/share/safety_msgs/cmake/safety_msgs__rosidl_typesupport_cppExport.cmake
[2.090s] -- Up-to-date: /home/rslomron/MoMa/tm_custom/install/safety_msgs/share/safety_msgs/cmake/safety_msgs__rosidl_typesupport_cppExport-noconfig.cmake
[2.090s] -- Up-to-date: /home/rslomron/MoMa/tm_custom/install/safety_msgs/share/safety_msgs/cmake/export_safety_msgs__rosidl_generator_pyExport.cmake
[2.090s] -- Up-to-date: /home/rslomron/MoMa/tm_custom/install/safety_msgs/share/safety_msgs/cmake/export_safety_msgs__rosidl_generator_pyExport-noconfig.cmake
[2.090s] -- Up-to-date: /home/rslomron/MoMa/tm_custom/install/safety_msgs/share/safety_msgs/cmake/rosidl_cmake-extras.cmake
[2.091s] -- Up-to-date: /home/rslomron/MoMa/tm_custom/install/safety_msgs/share/safety_msgs/cmake/ament_cmake_export_dependencies-extras.cmake
[2.091s] -- Up-to-date: /home/rslomron/MoMa/tm_custom/install/safety_msgs/share/safety_msgs/cmake/ament_cmake_export_include_directories-extras.cmake
[2.091s] -- Up-to-date: /home/rslomron/MoMa/tm_custom/install/safety_msgs/share/safety_msgs/cmake/ament_cmake_export_libraries-extras.cmake
[2.091s] -- Up-to-date: /home/rslomron/MoMa/tm_custom/install/safety_msgs/share/safety_msgs/cmake/ament_cmake_export_targets-extras.cmake
[2.091s] -- Up-to-date: /home/rslomron/MoMa/tm_custom/install/safety_msgs/share/safety_msgs/cmake/rosidl_cmake_export_typesupport_targets-extras.cmake
[2.091s] -- Up-to-date: /home/rslomron/MoMa/tm_custom/install/safety_msgs/share/safety_msgs/cmake/rosidl_cmake_export_typesupport_libraries-extras.cmake
[2.092s] -- Up-to-date: /home/rslomron/MoMa/tm_custom/install/safety_msgs/share/safety_msgs/cmake/safety_msgsConfig.cmake
[2.092s] -- Up-to-date: /home/rslomron/MoMa/tm_custom/install/safety_msgs/share/safety_msgs/cmake/safety_msgsConfig-version.cmake
[2.092s] -- Up-to-date: /home/rslomron/MoMa/tm_custom/install/safety_msgs/share/safety_msgs/package.xml
[2.113s] Invoked command in '/home/rslomron/MoMa/tm_custom/build/safety_msgs' returned '0': CMAKE_PREFIX_PATH=${CMAKE_PREFIX_PATH}:/home/rslomron/MoMa/tm_custom/install/tm_mod_urdf:/home/rslomron/MoMa/tm_custom/install/techman_robot_get_status:/home/rslomron/MoMa/tm_custom/install/python_demo:/home/rslomron/MoMa/tm_custom/install/arm_subscriber:/opt/ros/humble /usr/bin/cmake --install /home/rslomron/MoMa/tm_custom/build/safety_msgs
