[0.729s] Invoking command in '/home/rslomron/tm_custom/build/tm_moveit_cpp_demo': CMAKE_PREFIX_PATH=${CMAKE_PREFIX_PATH}:/home/rslomron/tm_custom/install/tm_mod_urdf:/home/rslomron/tm_custom/install/techman_robot_get_status:/opt/ros/humble /usr/bin/cmake --build /home/rslomron/tm_custom/build/tm_moveit_cpp_demo -- -j8 -l8
[0.823s] [100%] Built target run_moveit_cpp
[0.827s] Invoked command in '/home/rslomron/tm_custom/build/tm_moveit_cpp_demo' returned '0': CMAKE_PREFIX_PATH=${CMAKE_PREFIX_PATH}:/home/rslomron/tm_custom/install/tm_mod_urdf:/home/rslomron/tm_custom/install/techman_robot_get_status:/opt/ros/humble /usr/bin/cmake --build /home/rslomron/tm_custom/build/tm_moveit_cpp_demo -- -j8 -l8
[0.879s] Invoking command in '/home/rslomron/tm_custom/build/tm_moveit_cpp_demo': CMAKE_PREFIX_PATH=${CMAKE_PREFIX_PATH}:/home/rslomron/tm_custom/install/tm_mod_urdf:/home/rslomron/tm_custom/install/techman_robot_get_status:/opt/ros/humble /usr/bin/cmake --install /home/rslomron/tm_custom/build/tm_moveit_cpp_demo
[0.894s] -- Install configuration: ""
[0.894s] -- Up-to-date: /home/rslomron/tm_custom/install/tm_moveit_cpp_demo/lib/tm_moveit_cpp_demo/run_moveit_cpp
[0.898s] -- Up-to-date: /home/rslomron/tm_custom/install/tm_moveit_cpp_demo/share/tm_moveit_cpp_demo/launch
[0.899s] -- Up-to-date: /home/rslomron/tm_custom/install/tm_moveit_cpp_demo/share/tm_moveit_cpp_demo/launch/tm5-900_run_moveit_cpp.launch.py
[0.899s] -- Up-to-date: /home/rslomron/tm_custom/install/tm_moveit_cpp_demo/share/tm_moveit_cpp_demo/launch/tm5-700_run_moveit_cpp.launch.py
[0.899s] -- Up-to-date: /home/rslomron/tm_custom/install/tm_moveit_cpp_demo/share/tm_moveit_cpp_demo/launch/run_moveit_cpp.rviz
[0.900s] -- Up-to-date: /home/rslomron/tm_custom/install/tm_moveit_cpp_demo/share/tm_moveit_cpp_demo/launch/tm14x_run_moveit_cpp.launch.py
[0.901s] -- Up-to-date: /home/rslomron/tm_custom/install/tm_moveit_cpp_demo/share/tm_moveit_cpp_demo/launch/tm12_run_moveit_cpp.launch.py
[0.901s] -- Up-to-date: /home/rslomron/tm_custom/install/tm_moveit_cpp_demo/share/tm_moveit_cpp_demo/launch/tm12x_run_moveit_cpp.launch.py
[0.901s] -- Up-to-date: /home/rslomron/tm_custom/install/tm_moveit_cpp_demo/share/tm_moveit_cpp_demo/launch/tm14_run_moveit_cpp.launch.py
[0.902s] -- Up-to-date: /home/rslomron/tm_custom/install/tm_moveit_cpp_demo/share/tm_moveit_cpp_demo/launch/run_moveit_cpp.launch.py
[0.902s] -- Up-to-date: /home/rslomron/tm_custom/install/tm_moveit_cpp_demo/share/tm_moveit_cpp_demo/launch/tm5x-700_run_moveit_cpp.launch.py
[0.902s] -- Up-to-date: /home/rslomron/tm_custom/install/tm_moveit_cpp_demo/share/tm_moveit_cpp_demo/launch/tm5x-900_run_moveit_cpp.launch.py
[0.902s] -- Up-to-date: /home/rslomron/tm_custom/install/tm_moveit_cpp_demo/share/tm_moveit_cpp_demo/config
[0.902s] -- Up-to-date: /home/rslomron/tm_custom/install/tm_moveit_cpp_demo/share/tm_moveit_cpp_demo/config/moveit_cpp.yaml
[0.903s] -- Up-to-date: /home/rslomron/tm_custom/install/tm_moveit_cpp_demo/share/tm_moveit_cpp_demo/config/controllers.yaml
[0.903s] -- Up-to-date: /home/rslomron/tm_custom/install/tm_moveit_cpp_demo/share/ament_index/resource_index/package_run_dependencies/tm_moveit_cpp_demo
[0.903s] -- Up-to-date: /home/rslomron/tm_custom/install/tm_moveit_cpp_demo/share/ament_index/resource_index/parent_prefix_path/tm_moveit_cpp_demo
[0.903s] -- Up-to-date: /home/rslomron/tm_custom/install/tm_moveit_cpp_demo/share/tm_moveit_cpp_demo/environment/ament_prefix_path.sh
[0.903s] -- Up-to-date: /home/rslomron/tm_custom/install/tm_moveit_cpp_demo/share/tm_moveit_cpp_demo/environment/ament_prefix_path.dsv
[0.903s] -- Up-to-date: /home/rslomron/tm_custom/install/tm_moveit_cpp_demo/share/tm_moveit_cpp_demo/environment/path.sh
[0.903s] -- Up-to-date: /home/rslomron/tm_custom/install/tm_moveit_cpp_demo/share/tm_moveit_cpp_demo/environment/path.dsv
[0.903s] -- Up-to-date: /home/rslomron/tm_custom/install/tm_moveit_cpp_demo/share/tm_moveit_cpp_demo/local_setup.bash
[0.904s] -- Up-to-date: /home/rslomron/tm_custom/install/tm_moveit_cpp_demo/share/tm_moveit_cpp_demo/local_setup.sh
[0.904s] -- Up-to-date: /home/rslomron/tm_custom/install/tm_moveit_cpp_demo/share/tm_moveit_cpp_demo/local_setup.zsh
[0.905s] -- Up-to-date: /home/rslomron/tm_custom/install/tm_moveit_cpp_demo/share/tm_moveit_cpp_demo/local_setup.dsv
[0.905s] -- Installing: /home/rslomron/tm_custom/install/tm_moveit_cpp_demo/share/tm_moveit_cpp_demo/package.dsv
[0.905s] -- Up-to-date: /home/rslomron/tm_custom/install/tm_moveit_cpp_demo/share/ament_index/resource_index/packages/tm_moveit_cpp_demo
[0.905s] -- Up-to-date: /home/rslomron/tm_custom/install/tm_moveit_cpp_demo/share/tm_moveit_cpp_demo/cmake/tm_moveit_cpp_demoConfig.cmake
[0.905s] -- Up-to-date: /home/rslomron/tm_custom/install/tm_moveit_cpp_demo/share/tm_moveit_cpp_demo/cmake/tm_moveit_cpp_demoConfig-version.cmake
[0.905s] -- Up-to-date: /home/rslomron/tm_custom/install/tm_moveit_cpp_demo/share/tm_moveit_cpp_demo/package.xml
[0.930s] Invoked command in '/home/rslomron/tm_custom/build/tm_moveit_cpp_demo' returned '0': CMAKE_PREFIX_PATH=${CMAKE_PREFIX_PATH}:/home/rslomron/tm_custom/install/tm_mod_urdf:/home/rslomron/tm_custom/install/techman_robot_get_status:/opt/ros/humble /usr/bin/cmake --install /home/rslomron/tm_custom/build/tm_moveit_cpp_demo
