running egg_info
writing ../../build/techman_robot_get_status/techman_robot_get_status.egg-info/PKG-INFO
writing dependency_links to ../../build/techman_robot_get_status/techman_robot_get_status.egg-info/dependency_links.txt
writing entry points to ../../build/techman_robot_get_status/techman_robot_get_status.egg-info/entry_points.txt
writing requirements to ../../build/techman_robot_get_status/techman_robot_get_status.egg-info/requires.txt
writing top-level names to ../../build/techman_robot_get_status/techman_robot_get_status.egg-info/top_level.txt
reading manifest file '../../build/techman_robot_get_status/techman_robot_get_status.egg-info/SOURCES.txt'
writing manifest file '../../build/techman_robot_get_status/techman_robot_get_status.egg-info/SOURCES.txt'
running build
running build_py
running install
running install_lib
running install_data
copying package.xml -> /home/rslomron/tm_custom/install/techman_robot_get_status/share/techman_robot_get_status
running install_egg_info
Copying ../../build/techman_robot_get_status/techman_robot_get_status.egg-info to /home/rslomron/tm_custom/install/techman_robot_get_status/lib/python3.10/site-packages/techman_robot_get_status-1.0.0-py3.10.egg-info
running install_scripts
Installing image_talker script to /home/rslomron/tm_custom/install/techman_robot_get_status/lib/techman_robot_get_status
Installing status_talker script to /home/rslomron/tm_custom/install/techman_robot_get_status/lib/techman_robot_get_status
writing list of installed files to '/home/rslomron/tm_custom/build/techman_robot_get_status/install.log'
