[0.016s] Invoking command in '/home/rslomron/tm_custom/build/tm_driver': AMENT_PREFIX_PATH=/home/rslomron/tm_custom/install/tm_msgs:${AMENT_PREFIX_PATH} CMAKE_PREFIX_PATH=/home/rslomron/tm_custom/install/tm_msgs:/opt/ros/humble LD_LIBRARY_PATH=/home/rslomron/tm_custom/install/tm_msgs/lib:${LD_LIBRARY_PATH} PYTHONPATH=/home/rslomron/tm_custom/install/tm_msgs/local/lib/python3.10/dist-packages:${PYTHONPATH} /usr/bin/cmake --build /home/rslomron/tm_custom/build/tm_driver -- -j8 -l8
[0.043s] -- Found ament_cmake: 1.3.8 (/opt/ros/humble/share/ament_cmake/cmake)
[0.297s] -- Found rclcpp: 16.0.8 (/opt/ros/humble/share/rclcpp/cmake)
[0.359s] -- Found rosidl_generator_c: 3.1.5 (/opt/ros/humble/share/rosidl_generator_c/cmake)
[0.388s] -- Found rosidl_adapter: 3.1.5 (/opt/ros/humble/share/rosidl_adapter/cmake)
[0.392s] -- Found rosidl_generator_cpp: 3.1.5 (/opt/ros/humble/share/rosidl_generator_cpp/cmake)
[0.413s] -- Using all available rosidl_typesupport_c: rosidl_typesupport_fastrtps_c;rosidl_typesupport_introspection_c
[0.442s] -- Using all available rosidl_typesupport_cpp: rosidl_typesupport_fastrtps_cpp;rosidl_typesupport_introspection_cpp
[0.584s] -- Found rmw_implementation_cmake: 6.1.1 (/opt/ros/humble/share/rmw_implementation_cmake/cmake)
[0.587s] -- Found rmw_fastrtps_cpp: 6.2.6 (/opt/ros/humble/share/rmw_fastrtps_cpp/cmake)
[0.887s] -- Using RMW implementation 'rmw_fastrtps_cpp' as default
[1.356s] -- Found sensor_msgs: 4.2.3 (/opt/ros/humble/share/sensor_msgs/cmake)
[1.688s] -- Found tm_msgs: 1.1.2 (/home/rslomron/tm_custom/install/tm_msgs/share/tm_msgs/cmake)
[1.786s] -- Found ament_lint_auto: 0.12.10 (/opt/ros/humble/share/ament_lint_auto/cmake)
[1.908s] -- Added test 'copyright' to check source files copyright and LICENSE
[1.911s] -- Added test 'cppcheck' to perform static code analysis on C / C++ code
[1.912s] -- Configured cppcheck include dirs: /home/rslomron/tm_custom/src/tm_driver/include
[1.912s] -- Configured cppcheck exclude dirs and/or files: 
[1.914s] -- Added test 'cpplint' to check C / C++ code against the Google style
[1.915s] -- Configured cpplint exclude dirs and/or files: 
[1.915s] -- Added test 'flake8' to check Python code syntax and style conventions
[1.916s] -- Added test 'lint_cmake' to check CMake code style
[1.917s] -- Added test 'pep257' to check Python code against some of the docstring style conventions in PEP 257
[1.919s] -- Added test 'uncrustify' to check C / C++ code style
[1.920s] -- Configured uncrustify additional arguments: 
[1.920s] -- Added test 'xmllint' to check XML markup files
[1.921s] -- Configuring done
[1.942s] -- Generating done
[1.945s] -- Build files have been written to: /home/rslomron/tm_custom/build/tm_driver
[2.077s] [35m[1mConsolidate compiler generated dependencies of target tm_driver[0m
[2.203s] [  6%] [32mBuilding CXX object CMakeFiles/tm_driver.dir/src/tm_ros2_composition.cpp.o[0m
[2.208s] [ 13%] [32mBuilding CXX object CMakeFiles/tm_driver.dir/src/tm_ros2_sct.cpp.o[0m
[2.224s] [ 20%] [32mBuilding CXX object CMakeFiles/tm_driver.dir/src/tm_ros2_svr.cpp.o[0m
[2.241s] [ 26%] [32mBuilding CXX object CMakeFiles/tm_driver.dir/src/tm_driver.cpp.o[0m
[2.244s] [ 33%] [32mBuilding CXX object CMakeFiles/tm_driver.dir/src/tm_command.cpp.o[0m
[2.348s] [ 40%] [32mBuilding CXX object CMakeFiles/tm_driver.dir/src/tm_svr_communication.cpp.o[0m
[2.359s] [ 46%] [32mBuilding CXX object CMakeFiles/tm_driver.dir/src/tm_sct_communication.cpp.o[0m
[2.361s] [ 53%] [32mBuilding CXX object CMakeFiles/tm_driver.dir/src/tm_communication.cpp.o[0m
[4.840s] [ 60%] [32mBuilding CXX object CMakeFiles/tm_driver.dir/src/tm_robot_state.cpp.o[0m
[10.611s] [ 66%] [32mBuilding CXX object CMakeFiles/tm_driver.dir/src/tm_print.cpp.o[0m
[10.632s] [ 73%] [32mBuilding CXX object CMakeFiles/tm_driver.dir/src/tm_packet.cpp.o[0m
[11.156s] [ 80%] [32mBuilding CXX object CMakeFiles/tm_driver.dir/src/tm_driver_utilities.cpp.o[0m
[11.324s] [ 86%] [32mBuilding CXX object CMakeFiles/tm_driver.dir/src/tm_listen_node_connect.cpp.o[0m
[11.804s] [ 93%] [32mBuilding CXX object CMakeFiles/tm_driver.dir/src/tm_ethernet_slave_connect.cpp.o[0m
[18.312s] [100%] [32m[1mLinking CXX executable tm_driver[0m
[18.999s] [100%] Built target tm_driver
