-- Install configuration: ""
-- Up-to-date: /home/rslomron/tm_custom/install/tm_moveit_cpp_demo/share/tm_moveit_cpp_demo/launch
-- Up-to-date: /home/rslomron/tm_custom/install/tm_moveit_cpp_demo/share/tm_moveit_cpp_demo/launch/tm5-900_run_moveit_cpp.launch.py
-- Up-to-date: /home/rslomron/tm_custom/install/tm_moveit_cpp_demo/share/tm_moveit_cpp_demo/launch/tm5-700_run_moveit_cpp.launch.py
-- Up-to-date: /home/rslomron/tm_custom/install/tm_moveit_cpp_demo/share/tm_moveit_cpp_demo/launch/run_moveit_cpp.rviz
-- Up-to-date: /home/rslomron/tm_custom/install/tm_moveit_cpp_demo/share/tm_moveit_cpp_demo/launch/tm14x_run_moveit_cpp.launch.py
-- Up-to-date: /home/rslomron/tm_custom/install/tm_moveit_cpp_demo/share/tm_moveit_cpp_demo/launch/tm12_run_moveit_cpp.launch.py
-- Up-to-date: /home/rslomron/tm_custom/install/tm_moveit_cpp_demo/share/tm_moveit_cpp_demo/launch/tm12x_run_moveit_cpp.launch.py
-- Up-to-date: /home/rslomron/tm_custom/install/tm_moveit_cpp_demo/share/tm_moveit_cpp_demo/launch/tm14_run_moveit_cpp.launch.py
-- Up-to-date: /home/rslomron/tm_custom/install/tm_moveit_cpp_demo/share/tm_moveit_cpp_demo/launch/run_moveit_cpp.launch.py
-- Up-to-date: /home/rslomron/tm_custom/install/tm_moveit_cpp_demo/share/tm_moveit_cpp_demo/launch/tm5x-700_run_moveit_cpp.launch.py
-- Up-to-date: /home/rslomron/tm_custom/install/tm_moveit_cpp_demo/share/tm_moveit_cpp_demo/launch/tm5x-900_run_moveit_cpp.launch.py
-- Up-to-date: /home/rslomron/tm_custom/install/tm_moveit_cpp_demo/share/tm_moveit_cpp_demo/config
-- Up-to-date: /home/rslomron/tm_custom/install/tm_moveit_cpp_demo/share/tm_moveit_cpp_demo/config/moveit_cpp.yaml
-- Up-to-date: /home/rslomron/tm_custom/install/tm_moveit_cpp_demo/share/tm_moveit_cpp_demo/config/controllers.yaml
-- Up-to-date: /home/rslomron/tm_custom/install/tm_moveit_cpp_demo/share/ament_index/resource_index/package_run_dependencies/tm_moveit_cpp_demo
-- Up-to-date: /home/rslomron/tm_custom/install/tm_moveit_cpp_demo/share/ament_index/resource_index/parent_prefix_path/tm_moveit_cpp_demo
-- Up-to-date: /home/rslomron/tm_custom/install/tm_moveit_cpp_demo/share/tm_moveit_cpp_demo/environment/ament_prefix_path.sh
-- Up-to-date: /home/rslomron/tm_custom/install/tm_moveit_cpp_demo/share/tm_moveit_cpp_demo/environment/ament_prefix_path.dsv
-- Up-to-date: /home/rslomron/tm_custom/install/tm_moveit_cpp_demo/share/tm_moveit_cpp_demo/environment/path.sh
-- Up-to-date: /home/rslomron/tm_custom/install/tm_moveit_cpp_demo/share/tm_moveit_cpp_demo/environment/path.dsv
-- Up-to-date: /home/rslomron/tm_custom/install/tm_moveit_cpp_demo/share/tm_moveit_cpp_demo/local_setup.bash
-- Up-to-date: /home/rslomron/tm_custom/install/tm_moveit_cpp_demo/share/tm_moveit_cpp_demo/local_setup.sh
-- Up-to-date: /home/rslomron/tm_custom/install/tm_moveit_cpp_demo/share/tm_moveit_cpp_demo/local_setup.zsh
-- Up-to-date: /home/rslomron/tm_custom/install/tm_moveit_cpp_demo/share/tm_moveit_cpp_demo/local_setup.dsv
-- Up-to-date: /home/rslomron/tm_custom/install/tm_moveit_cpp_demo/share/tm_moveit_cpp_demo/package.dsv
-- Up-to-date: /home/rslomron/tm_custom/install/tm_moveit_cpp_demo/share/ament_index/resource_index/packages/tm_moveit_cpp_demo
-- Up-to-date: /home/rslomron/tm_custom/install/tm_moveit_cpp_demo/share/tm_moveit_cpp_demo/cmake/tm_moveit_cpp_demoConfig.cmake
-- Up-to-date: /home/rslomron/tm_custom/install/tm_moveit_cpp_demo/share/tm_moveit_cpp_demo/cmake/tm_moveit_cpp_demoConfig-version.cmake
-- Up-to-date: /home/rslomron/tm_custom/install/tm_moveit_cpp_demo/share/tm_moveit_cpp_demo/package.xml
