[2.272s] Invoking command in '/home/rslomron/MoMa/tm_custom/src/python_demo': PYTHONPATH=/home/rslomron/MoMa/tm_custom/build/python_demo/prefix_override:/home/rslomron/MoMa/tm_custom/install/python_demo/lib/python3.10/site-packages:${PYTHONPATH} /usr/bin/python3 -W ignore:setup.py install is deprecated setup.py egg_info --egg-base ../../build/python_demo build --build-base /home/rslomron/MoMa/tm_custom/build/python_demo/build install --record /home/rslomron/MoMa/tm_custom/build/python_demo/install.log --single-version-externally-managed install_data
[2.775s] running egg_info
[2.785s] creating ../../build/python_demo/python_demo.egg-info
[2.786s] writing ../../build/python_demo/python_demo.egg-info/PKG-INFO
[2.788s] writing dependency_links to ../../build/python_demo/python_demo.egg-info/dependency_links.txt
[2.788s] writing entry points to ../../build/python_demo/python_demo.egg-info/entry_points.txt
[2.789s] writing requirements to ../../build/python_demo/python_demo.egg-info/requires.txt
[2.789s] writing top-level names to ../../build/python_demo/python_demo.egg-info/top_level.txt
[2.789s] writing manifest file '../../build/python_demo/python_demo.egg-info/SOURCES.txt'
[2.792s] reading manifest file '../../build/python_demo/python_demo.egg-info/SOURCES.txt'
[2.794s] writing manifest file '../../build/python_demo/python_demo.egg-info/SOURCES.txt'
[2.794s] running build
[2.795s] running build_py
[2.795s] creating /home/rslomron/MoMa/tm_custom/build/python_demo/build
[2.795s] creating /home/rslomron/MoMa/tm_custom/build/python_demo/build/lib
[2.795s] creating /home/rslomron/MoMa/tm_custom/build/python_demo/build/lib/python_demo
[2.796s] copying python_demo/__init__.py -> /home/rslomron/MoMa/tm_custom/build/python_demo/build/lib/python_demo
[2.796s] copying python_demo/testes.py -> /home/rslomron/MoMa/tm_custom/build/python_demo/build/lib/python_demo
[2.796s] running install
[2.796s] running install_lib
[2.797s] creating /home/rslomron/MoMa/tm_custom/install/python_demo/lib/python3.10/site-packages/python_demo
[2.797s] copying /home/rslomron/MoMa/tm_custom/build/python_demo/build/lib/python_demo/__init__.py -> /home/rslomron/MoMa/tm_custom/install/python_demo/lib/python3.10/site-packages/python_demo
[2.797s] copying /home/rslomron/MoMa/tm_custom/build/python_demo/build/lib/python_demo/testes.py -> /home/rslomron/MoMa/tm_custom/install/python_demo/lib/python3.10/site-packages/python_demo
[2.798s] byte-compiling /home/rslomron/MoMa/tm_custom/install/python_demo/lib/python3.10/site-packages/python_demo/__init__.py to __init__.cpython-310.pyc
[2.798s] byte-compiling /home/rslomron/MoMa/tm_custom/install/python_demo/lib/python3.10/site-packages/python_demo/testes.py to testes.cpython-310.pyc
[2.799s] running install_data
[2.799s] creating /home/rslomron/MoMa/tm_custom/install/python_demo/share/ament_index
[2.799s] creating /home/rslomron/MoMa/tm_custom/install/python_demo/share/ament_index/resource_index
[2.800s] creating /home/rslomron/MoMa/tm_custom/install/python_demo/share/ament_index/resource_index/packages
[2.800s] copying resource/python_demo -> /home/rslomron/MoMa/tm_custom/install/python_demo/share/ament_index/resource_index/packages
[2.800s] copying package.xml -> /home/rslomron/MoMa/tm_custom/install/python_demo/share/python_demo
[2.800s] running install_egg_info
[2.803s] Copying ../../build/python_demo/python_demo.egg-info to /home/rslomron/MoMa/tm_custom/install/python_demo/lib/python3.10/site-packages/python_demo-0.0.0-py3.10.egg-info
[2.825s] running install_scripts
[2.886s] Installing testes script to /home/rslomron/MoMa/tm_custom/install/python_demo/lib/python_demo
[2.887s] writing list of installed files to '/home/rslomron/MoMa/tm_custom/build/python_demo/install.log'
[3.065s] Invoked command in '/home/rslomron/MoMa/tm_custom/src/python_demo' returned '0': PYTHONPATH=/home/rslomron/MoMa/tm_custom/build/python_demo/prefix_override:/home/rslomron/MoMa/tm_custom/install/python_demo/lib/python3.10/site-packages:${PYTHONPATH} /usr/bin/python3 -W ignore:setup.py install is deprecated setup.py egg_info --egg-base ../../build/python_demo build --build-base /home/rslomron/MoMa/tm_custom/build/python_demo/build install --record /home/rslomron/MoMa/tm_custom/build/python_demo/install.log --single-version-externally-managed install_data
