[0.028s] Invoking command in '/home/rslomron/MoMa/tm_custom/build/custom_package': AMENT_PREFIX_PATH=/home/rslomron/MoMa/tm_custom/install/techman_robot_msgs:${AMENT_PREFIX_PATH} CMAKE_PREFIX_PATH=/home/rslomron/MoMa/tm_custom/install/techman_robot_msgs:/opt/ros/humble LD_LIBRARY_PATH=/home/rslomron/MoMa/tm_custom/install/techman_robot_msgs/lib:${LD_LIBRARY_PATH} PYTHONPATH=/home/rslomron/MoMa/tm_custom/install/techman_robot_msgs/local/lib/python3.10/dist-packages:${PYTHONPATH} /usr/bin/cmake /home/rslomron/MoMa/tm_custom/src/custom_package -DCMAKE_INSTALL_PREFIX=/home/rslomron/MoMa/tm_custom/install/custom_package
[0.156s] -- The C compiler identification is GNU 11.4.0
[0.278s] -- The CXX compiler identification is GNU 11.4.0
[0.289s] -- Detecting C compiler ABI info
[0.407s] -- Detecting C compiler ABI info - done
[0.421s] -- Check for working C compiler: /usr/bin/cc - skipped
[0.422s] -- Detecting C compile features
[0.423s] -- Detecting C compile features - done
[0.428s] -- Detecting CXX compiler ABI info
[0.591s] -- Detecting CXX compiler ABI info - done
[0.657s] -- Check for working CXX compiler: /usr/bin/c++ - skipped
[0.657s] -- Detecting CXX compile features
[0.658s] -- Detecting CXX compile features - done
[0.681s] -- Found ament_cmake: 1.3.8 (/opt/ros/humble/share/ament_cmake/cmake)
[1.131s] -- Found Python3: /usr/bin/python3 (found version "3.10.12") found components: Interpreter 
[1.319s] -- Found rclcpp: 16.0.8 (/opt/ros/humble/share/rclcpp/cmake)
[1.439s] -- Found rosidl_generator_c: 3.1.5 (/opt/ros/humble/share/rosidl_generator_c/cmake)
[1.451s] -- Found rosidl_adapter: 3.1.5 (/opt/ros/humble/share/rosidl_adapter/cmake)
[1.466s] -- Found rosidl_generator_cpp: 3.1.5 (/opt/ros/humble/share/rosidl_generator_cpp/cmake)
[1.495s] -- Using all available rosidl_typesupport_c: rosidl_typesupport_fastrtps_c;rosidl_typesupport_introspection_c
[1.557s] -- Using all available rosidl_typesupport_cpp: rosidl_typesupport_fastrtps_cpp;rosidl_typesupport_introspection_cpp
[1.807s] -- Found rmw_implementation_cmake: 6.1.1 (/opt/ros/humble/share/rmw_implementation_cmake/cmake)
[1.808s] -- Found rmw_fastrtps_cpp: 6.2.6 (/opt/ros/humble/share/rmw_fastrtps_cpp/cmake)
[2.367s] -- Found OpenSSL: /usr/lib/x86_64-linux-gnu/libcrypto.so (found version "3.0.2")  
[2.486s] -- Found FastRTPS: /opt/ros/humble/include  
[2.662s] -- Using RMW implementation 'rmw_fastrtps_cpp' as default
[2.726s] -- Looking for pthread.h
[3.120s] -- Looking for pthread.h - found
[3.120s] -- Performing Test CMAKE_HAVE_LIBC_PTHREAD
[3.379s] -- Performing Test CMAKE_HAVE_LIBC_PTHREAD - Success
[3.379s] -- Found Threads: TRUE  
[4.202s] -- Found rclcpp_components: 16.0.8 (/opt/ros/humble/share/rclcpp_components/cmake)
[4.403s] -- Found sensor_msgs: 4.2.3 (/opt/ros/humble/share/sensor_msgs/cmake)
[4.865s] -- Found OpenCV: /usr (found version "4.5.4") 
[4.867s] -- Found techman_robot_msgs: 1.0.0 (/home/rslomron/MoMa/tm_custom/install/techman_robot_msgs/share/techman_robot_msgs/cmake)
[4.918s] -- Found tf2: 0.25.6 (/opt/ros/humble/share/tf2/cmake)
[4.947s] -- Found ament_lint_auto: 0.12.10 (/opt/ros/humble/share/ament_lint_auto/cmake)
[5.176s] -- Added test 'cppcheck' to perform static code analysis on C / C++ code
[5.176s] -- Configured cppcheck include dirs: 
[5.176s] -- Configured cppcheck exclude dirs and/or files: 
[5.182s] -- Added test 'lint_cmake' to check CMake code style
[5.185s] -- Added test 'uncrustify' to check C / C++ code style
[5.185s] -- Configured uncrustify additional arguments: 
[5.185s] -- Added test 'xmllint' to check XML markup files
[5.187s] -- Configuring done
[5.236s] -- Generating done
[5.255s] -- Build files have been written to: /home/rslomron/MoMa/tm_custom/build/custom_package
[5.289s] Invoked command in '/home/rslomron/MoMa/tm_custom/build/custom_package' returned '0': AMENT_PREFIX_PATH=/home/rslomron/MoMa/tm_custom/install/techman_robot_msgs:${AMENT_PREFIX_PATH} CMAKE_PREFIX_PATH=/home/rslomron/MoMa/tm_custom/install/techman_robot_msgs:/opt/ros/humble LD_LIBRARY_PATH=/home/rslomron/MoMa/tm_custom/install/techman_robot_msgs/lib:${LD_LIBRARY_PATH} PYTHONPATH=/home/rslomron/MoMa/tm_custom/install/techman_robot_msgs/local/lib/python3.10/dist-packages:${PYTHONPATH} /usr/bin/cmake /home/rslomron/MoMa/tm_custom/src/custom_package -DCMAKE_INSTALL_PREFIX=/home/rslomron/MoMa/tm_custom/install/custom_package
[5.290s] Invoking command in '/home/rslomron/MoMa/tm_custom/build/custom_package': AMENT_PREFIX_PATH=/home/rslomron/MoMa/tm_custom/install/techman_robot_msgs:${AMENT_PREFIX_PATH} CMAKE_PREFIX_PATH=/home/rslomron/MoMa/tm_custom/install/techman_robot_msgs:/opt/ros/humble LD_LIBRARY_PATH=/home/rslomron/MoMa/tm_custom/install/techman_robot_msgs/lib:${LD_LIBRARY_PATH} PYTHONPATH=/home/rslomron/MoMa/tm_custom/install/techman_robot_msgs/local/lib/python3.10/dist-packages:${PYTHONPATH} /usr/bin/cmake --build /home/rslomron/MoMa/tm_custom/build/custom_package -- -j8 -l8
[5.465s] [ 25%] [32mBuilding CXX object CMakeFiles/tm_send_command.dir/src/send_command.cpp.o[0m
[5.469s] [ 50%] [32mBuilding CXX object CMakeFiles/sub_img.dir/src/sub_img.cpp.o[0m
[23.855s] [ 75%] [32m[1mLinking CXX executable tm_send_command[0m
[24.600s] [ 75%] Built target tm_send_command
[35.812s] [100%] [32m[1mLinking CXX executable sub_img[0m
[37.126s] [100%] Built target sub_img
[37.144s] Invoked command in '/home/rslomron/MoMa/tm_custom/build/custom_package' returned '0': AMENT_PREFIX_PATH=/home/rslomron/MoMa/tm_custom/install/techman_robot_msgs:${AMENT_PREFIX_PATH} CMAKE_PREFIX_PATH=/home/rslomron/MoMa/tm_custom/install/techman_robot_msgs:/opt/ros/humble LD_LIBRARY_PATH=/home/rslomron/MoMa/tm_custom/install/techman_robot_msgs/lib:${LD_LIBRARY_PATH} PYTHONPATH=/home/rslomron/MoMa/tm_custom/install/techman_robot_msgs/local/lib/python3.10/dist-packages:${PYTHONPATH} /usr/bin/cmake --build /home/rslomron/MoMa/tm_custom/build/custom_package -- -j8 -l8
[37.181s] Invoking command in '/home/rslomron/MoMa/tm_custom/build/custom_package': AMENT_PREFIX_PATH=/home/rslomron/MoMa/tm_custom/install/techman_robot_msgs:${AMENT_PREFIX_PATH} CMAKE_PREFIX_PATH=/home/rslomron/MoMa/tm_custom/install/techman_robot_msgs:/opt/ros/humble LD_LIBRARY_PATH=/home/rslomron/MoMa/tm_custom/install/techman_robot_msgs/lib:${LD_LIBRARY_PATH} PYTHONPATH=/home/rslomron/MoMa/tm_custom/install/techman_robot_msgs/local/lib/python3.10/dist-packages:${PYTHONPATH} /usr/bin/cmake --install /home/rslomron/MoMa/tm_custom/build/custom_package
[37.191s] -- Install configuration: ""
[37.191s] -- Installing: /home/rslomron/MoMa/tm_custom/install/custom_package/lib/custom_package/tm_send_command
[37.192s] -- Set runtime path of "/home/rslomron/MoMa/tm_custom/install/custom_package/lib/custom_package/tm_send_command" to ""
[37.192s] -- Installing: /home/rslomron/MoMa/tm_custom/install/custom_package/lib/custom_package/sub_img
[37.197s] -- Set runtime path of "/home/rslomron/MoMa/tm_custom/install/custom_package/lib/custom_package/sub_img" to ""
[37.197s] -- Installing: /home/rslomron/MoMa/tm_custom/install/custom_package/share/custom_package/image
[37.197s] -- Installing: /home/rslomron/MoMa/tm_custom/install/custom_package/share/custom_package/image/techman_robot.jpg
[37.198s] -- Installing: /home/rslomron/MoMa/tm_custom/install/custom_package/share/ament_index/resource_index/package_run_dependencies/custom_package
[37.198s] -- Installing: /home/rslomron/MoMa/tm_custom/install/custom_package/share/ament_index/resource_index/parent_prefix_path/custom_package
[37.199s] -- Installing: /home/rslomron/MoMa/tm_custom/install/custom_package/share/custom_package/environment/ament_prefix_path.sh
[37.199s] -- Installing: /home/rslomron/MoMa/tm_custom/install/custom_package/share/custom_package/environment/ament_prefix_path.dsv
[37.199s] -- Installing: /home/rslomron/MoMa/tm_custom/install/custom_package/share/custom_package/environment/path.sh
[37.199s] -- Installing: /home/rslomron/MoMa/tm_custom/install/custom_package/share/custom_package/environment/path.dsv
[37.199s] -- Installing: /home/rslomron/MoMa/tm_custom/install/custom_package/share/custom_package/local_setup.bash
[37.200s] -- Installing: /home/rslomron/MoMa/tm_custom/install/custom_package/share/custom_package/local_setup.sh
[37.200s] -- Installing: /home/rslomron/MoMa/tm_custom/install/custom_package/share/custom_package/local_setup.zsh
[37.200s] -- Installing: /home/rslomron/MoMa/tm_custom/install/custom_package/share/custom_package/local_setup.dsv
[37.200s] -- Installing: /home/rslomron/MoMa/tm_custom/install/custom_package/share/custom_package/package.dsv
[37.200s] -- Installing: /home/rslomron/MoMa/tm_custom/install/custom_package/share/ament_index/resource_index/packages/custom_package
[37.201s] -- Installing: /home/rslomron/MoMa/tm_custom/install/custom_package/share/custom_package/cmake/custom_packageConfig.cmake
[37.201s] -- Installing: /home/rslomron/MoMa/tm_custom/install/custom_package/share/custom_package/cmake/custom_packageConfig-version.cmake
[37.201s] -- Installing: /home/rslomron/MoMa/tm_custom/install/custom_package/share/custom_package/package.xml
[37.209s] Invoked command in '/home/rslomron/MoMa/tm_custom/build/custom_package' returned '0': AMENT_PREFIX_PATH=/home/rslomron/MoMa/tm_custom/install/techman_robot_msgs:${AMENT_PREFIX_PATH} CMAKE_PREFIX_PATH=/home/rslomron/MoMa/tm_custom/install/techman_robot_msgs:/opt/ros/humble LD_LIBRARY_PATH=/home/rslomron/MoMa/tm_custom/install/techman_robot_msgs/lib:${LD_LIBRARY_PATH} PYTHONPATH=/home/rslomron/MoMa/tm_custom/install/techman_robot_msgs/local/lib/python3.10/dist-packages:${PYTHONPATH} /usr/bin/cmake --install /home/rslomron/MoMa/tm_custom/build/custom_package
