[0.040s] Invoking command in '/home/rslomron/MoMa/tm_custom/build/tm_moveit_config_tm5x-900': AMENT_PREFIX_PATH=/home/rslomron/MoMa/tm_custom/install/tm_description:${AMENT_PREFIX_PATH} CMAKE_PREFIX_PATH=/home/rslomron/MoMa/tm_custom/install/tm_description:/opt/ros/humble /usr/bin/cmake /home/rslomron/MoMa/tm_custom/src/tm_moveit_config_tm5x-900 -DCMAKE_INSTALL_PREFIX=/home/rslomron/MoMa/tm_custom/install/tm_moveit_config_tm5x-900
[0.231s] -- The C compiler identification is GNU 11.4.0
[0.340s] -- The CXX compiler identification is GNU 11.4.0
[0.351s] -- Detecting C compiler ABI info
[0.567s] -- Detecting C compiler ABI info - done
[0.584s] -- Check for working C compiler: /usr/bin/cc - skipped
[0.585s] -- Detecting C compile features
[0.585s] -- Detecting C compile features - done
[0.597s] -- Detecting CXX compiler ABI info
[0.887s] -- Detecting CXX compiler ABI info - done
[0.912s] -- Check for working CXX compiler: /usr/bin/c++ - skipped
[0.913s] -- Detecting CXX compile features
[0.913s] -- Detecting CXX compile features - done
[0.916s] -- Found ament_cmake: 1.3.8 (/opt/ros/humble/share/ament_cmake/cmake)
[1.371s] -- Found Python3: /usr/bin/python3 (found version "3.10.12") found components: Interpreter 
[1.721s] -- Configuring done
[1.725s] -- Generating done
[1.727s] -- Build files have been written to: /home/rslomron/MoMa/tm_custom/build/tm_moveit_config_tm5x-900
[1.747s] Invoked command in '/home/rslomron/MoMa/tm_custom/build/tm_moveit_config_tm5x-900' returned '0': AMENT_PREFIX_PATH=/home/rslomron/MoMa/tm_custom/install/tm_description:${AMENT_PREFIX_PATH} CMAKE_PREFIX_PATH=/home/rslomron/MoMa/tm_custom/install/tm_description:/opt/ros/humble /usr/bin/cmake /home/rslomron/MoMa/tm_custom/src/tm_moveit_config_tm5x-900 -DCMAKE_INSTALL_PREFIX=/home/rslomron/MoMa/tm_custom/install/tm_moveit_config_tm5x-900
[1.748s] Invoking command in '/home/rslomron/MoMa/tm_custom/build/tm_moveit_config_tm5x-900': AMENT_PREFIX_PATH=/home/rslomron/MoMa/tm_custom/install/tm_description:${AMENT_PREFIX_PATH} CMAKE_PREFIX_PATH=/home/rslomron/MoMa/tm_custom/install/tm_description:/opt/ros/humble /usr/bin/cmake --build /home/rslomron/MoMa/tm_custom/build/tm_moveit_config_tm5x-900 -- -j8 -l8
[1.894s] Invoked command in '/home/rslomron/MoMa/tm_custom/build/tm_moveit_config_tm5x-900' returned '0': AMENT_PREFIX_PATH=/home/rslomron/MoMa/tm_custom/install/tm_description:${AMENT_PREFIX_PATH} CMAKE_PREFIX_PATH=/home/rslomron/MoMa/tm_custom/install/tm_description:/opt/ros/humble /usr/bin/cmake --build /home/rslomron/MoMa/tm_custom/build/tm_moveit_config_tm5x-900 -- -j8 -l8
[2.064s] Invoking command in '/home/rslomron/MoMa/tm_custom/build/tm_moveit_config_tm5x-900': AMENT_PREFIX_PATH=/home/rslomron/MoMa/tm_custom/install/tm_description:${AMENT_PREFIX_PATH} CMAKE_PREFIX_PATH=/home/rslomron/MoMa/tm_custom/install/tm_description:/opt/ros/humble /usr/bin/cmake --install /home/rslomron/MoMa/tm_custom/build/tm_moveit_config_tm5x-900
[2.080s] -- Install configuration: ""
[2.080s] -- Installing: /home/rslomron/MoMa/tm_custom/install/tm_moveit_config_tm5x-900/share/ament_index/resource_index/package_run_dependencies/tm_moveit_config_tm5x-900
[2.080s] -- Installing: /home/rslomron/MoMa/tm_custom/install/tm_moveit_config_tm5x-900/share/ament_index/resource_index/parent_prefix_path/tm_moveit_config_tm5x-900
[2.081s] -- Installing: /home/rslomron/MoMa/tm_custom/install/tm_moveit_config_tm5x-900/share/tm_moveit_config_tm5x-900/environment/ament_prefix_path.sh
[2.081s] -- Installing: /home/rslomron/MoMa/tm_custom/install/tm_moveit_config_tm5x-900/share/tm_moveit_config_tm5x-900/environment/ament_prefix_path.dsv
[2.081s] -- Installing: /home/rslomron/MoMa/tm_custom/install/tm_moveit_config_tm5x-900/share/tm_moveit_config_tm5x-900/environment/path.sh
[2.082s] -- Installing: /home/rslomron/MoMa/tm_custom/install/tm_moveit_config_tm5x-900/share/tm_moveit_config_tm5x-900/environment/path.dsv
[2.082s] -- Installing: /home/rslomron/MoMa/tm_custom/install/tm_moveit_config_tm5x-900/share/tm_moveit_config_tm5x-900/local_setup.bash
[2.082s] -- Installing: /home/rslomron/MoMa/tm_custom/install/tm_moveit_config_tm5x-900/share/tm_moveit_config_tm5x-900/local_setup.sh
[2.082s] -- Installing: /home/rslomron/MoMa/tm_custom/install/tm_moveit_config_tm5x-900/share/tm_moveit_config_tm5x-900/local_setup.zsh
[2.084s] -- Installing: /home/rslomron/MoMa/tm_custom/install/tm_moveit_config_tm5x-900/share/tm_moveit_config_tm5x-900/local_setup.dsv
[2.084s] -- Installing: /home/rslomron/MoMa/tm_custom/install/tm_moveit_config_tm5x-900/share/tm_moveit_config_tm5x-900/package.dsv
[2.085s] -- Installing: /home/rslomron/MoMa/tm_custom/install/tm_moveit_config_tm5x-900/share/ament_index/resource_index/packages/tm_moveit_config_tm5x-900
[2.085s] -- Installing: /home/rslomron/MoMa/tm_custom/install/tm_moveit_config_tm5x-900/share/tm_moveit_config_tm5x-900/cmake/tm_moveit_config_tm5x-900Config.cmake
[2.085s] -- Installing: /home/rslomron/MoMa/tm_custom/install/tm_moveit_config_tm5x-900/share/tm_moveit_config_tm5x-900/cmake/tm_moveit_config_tm5x-900Config-version.cmake
[2.085s] -- Installing: /home/rslomron/MoMa/tm_custom/install/tm_moveit_config_tm5x-900/share/tm_moveit_config_tm5x-900/package.xml
[2.085s] -- Installing: /home/rslomron/MoMa/tm_custom/install/tm_moveit_config_tm5x-900/share/tm_moveit_config_tm5x-900/config
[2.085s] -- Installing: /home/rslomron/MoMa/tm_custom/install/tm_moveit_config_tm5x-900/share/tm_moveit_config_tm5x-900/config/ros_controllers.yaml
[2.095s] -- Installing: /home/rslomron/MoMa/tm_custom/install/tm_moveit_config_tm5x-900/share/tm_moveit_config_tm5x-900/config/fake_controllers.yaml
[2.120s] -- Installing: /home/rslomron/MoMa/tm_custom/install/tm_moveit_config_tm5x-900/share/tm_moveit_config_tm5x-900/config/stomp_planning.yaml
[2.120s] -- Installing: /home/rslomron/MoMa/tm_custom/install/tm_moveit_config_tm5x-900/share/tm_moveit_config_tm5x-900/config/ompl_planning.yaml
[2.120s] -- Installing: /home/rslomron/MoMa/tm_custom/install/tm_moveit_config_tm5x-900/share/tm_moveit_config_tm5x-900/config/chomp_planning.yaml
[2.120s] -- Installing: /home/rslomron/MoMa/tm_custom/install/tm_moveit_config_tm5x-900/share/tm_moveit_config_tm5x-900/config/tm5x-900.srdf
[2.131s] -- Installing: /home/rslomron/MoMa/tm_custom/install/tm_moveit_config_tm5x-900/share/tm_moveit_config_tm5x-900/config/sensors_3d.yaml
[2.132s] -- Installing: /home/rslomron/MoMa/tm_custom/install/tm_moveit_config_tm5x-900/share/tm_moveit_config_tm5x-900/config/kinematics.yaml
[2.132s] -- Installing: /home/rslomron/MoMa/tm_custom/install/tm_moveit_config_tm5x-900/share/tm_moveit_config_tm5x-900/config/joint_limits.yaml
[2.178s] Invoked command in '/home/rslomron/MoMa/tm_custom/build/tm_moveit_config_tm5x-900' returned '0': AMENT_PREFIX_PATH=/home/rslomron/MoMa/tm_custom/install/tm_description:${AMENT_PREFIX_PATH} CMAKE_PREFIX_PATH=/home/rslomron/MoMa/tm_custom/install/tm_description:/opt/ros/humble /usr/bin/cmake --install /home/rslomron/MoMa/tm_custom/build/tm_moveit_config_tm5x-900
