[0.030s] Invoking command in '/home/rslomron/MoMa/tm_custom/build/custom_package': AMENT_PREFIX_PATH=/home/rslomron/MoMa/tm_custom/install/techman_robot_msgs:${AMENT_PREFIX_PATH} CMAKE_PREFIX_PATH=/home/rslomron/MoMa/tm_custom/install/techman_robot_msgs:/opt/ros/humble LD_LIBRARY_PATH=/home/rslomron/MoMa/tm_custom/install/techman_robot_msgs/lib:${LD_LIBRARY_PATH} PYTHONPATH=/home/rslomron/MoMa/tm_custom/install/techman_robot_msgs/local/lib/python3.10/dist-packages:${PYTHONPATH} /usr/bin/cmake --build /home/rslomron/MoMa/tm_custom/build/custom_package -- -j8 -l8
[0.100s] [35m[1mConsolidate compiler generated dependencies of target tm_send_command[0m
[0.129s] [35m[1mConsolidate compiler generated dependencies of target sub_img[0m
[0.151s] [ 50%] Built target tm_send_command
[0.176s] [100%] Built target sub_img
[0.201s] Invoked command in '/home/rslomron/MoMa/tm_custom/build/custom_package' returned '0': AMENT_PREFIX_PATH=/home/rslomron/MoMa/tm_custom/install/techman_robot_msgs:${AMENT_PREFIX_PATH} CMAKE_PREFIX_PATH=/home/rslomron/MoMa/tm_custom/install/techman_robot_msgs:/opt/ros/humble LD_LIBRARY_PATH=/home/rslomron/MoMa/tm_custom/install/techman_robot_msgs/lib:${LD_LIBRARY_PATH} PYTHONPATH=/home/rslomron/MoMa/tm_custom/install/techman_robot_msgs/local/lib/python3.10/dist-packages:${PYTHONPATH} /usr/bin/cmake --build /home/rslomron/MoMa/tm_custom/build/custom_package -- -j8 -l8
[0.286s] Invoking command in '/home/rslomron/MoMa/tm_custom/build/custom_package': AMENT_PREFIX_PATH=/home/rslomron/MoMa/tm_custom/install/techman_robot_msgs:${AMENT_PREFIX_PATH} CMAKE_PREFIX_PATH=/home/rslomron/MoMa/tm_custom/install/techman_robot_msgs:/opt/ros/humble LD_LIBRARY_PATH=/home/rslomron/MoMa/tm_custom/install/techman_robot_msgs/lib:${LD_LIBRARY_PATH} PYTHONPATH=/home/rslomron/MoMa/tm_custom/install/techman_robot_msgs/local/lib/python3.10/dist-packages:${PYTHONPATH} /usr/bin/cmake --install /home/rslomron/MoMa/tm_custom/build/custom_package
[0.341s] -- Install configuration: ""
[0.342s] -- Up-to-date: /home/rslomron/MoMa/tm_custom/install/custom_package/lib/custom_package/tm_send_command
[0.342s] -- Up-to-date: /home/rslomron/MoMa/tm_custom/install/custom_package/lib/custom_package/sub_img
[0.342s] -- Up-to-date: /home/rslomron/MoMa/tm_custom/install/custom_package/share/custom_package/image
[0.342s] -- Up-to-date: /home/rslomron/MoMa/tm_custom/install/custom_package/share/custom_package/image/techman_robot.jpg
[0.343s] -- Up-to-date: /home/rslomron/MoMa/tm_custom/install/custom_package/share/ament_index/resource_index/package_run_dependencies/custom_package
[0.343s] -- Up-to-date: /home/rslomron/MoMa/tm_custom/install/custom_package/share/ament_index/resource_index/parent_prefix_path/custom_package
[0.344s] -- Up-to-date: /home/rslomron/MoMa/tm_custom/install/custom_package/share/custom_package/environment/ament_prefix_path.sh
[0.344s] -- Up-to-date: /home/rslomron/MoMa/tm_custom/install/custom_package/share/custom_package/environment/ament_prefix_path.dsv
[0.344s] -- Up-to-date: /home/rslomron/MoMa/tm_custom/install/custom_package/share/custom_package/environment/path.sh
[0.344s] -- Up-to-date: /home/rslomron/MoMa/tm_custom/install/custom_package/share/custom_package/environment/path.dsv
[0.344s] -- Up-to-date: /home/rslomron/MoMa/tm_custom/install/custom_package/share/custom_package/local_setup.bash
[0.345s] -- Up-to-date: /home/rslomron/MoMa/tm_custom/install/custom_package/share/custom_package/local_setup.sh
[0.345s] -- Up-to-date: /home/rslomron/MoMa/tm_custom/install/custom_package/share/custom_package/local_setup.zsh
[0.345s] -- Up-to-date: /home/rslomron/MoMa/tm_custom/install/custom_package/share/custom_package/local_setup.dsv
[0.345s] -- Installing: /home/rslomron/MoMa/tm_custom/install/custom_package/share/custom_package/package.dsv
[0.345s] -- Up-to-date: /home/rslomron/MoMa/tm_custom/install/custom_package/share/ament_index/resource_index/packages/custom_package
[0.345s] -- Up-to-date: /home/rslomron/MoMa/tm_custom/install/custom_package/share/custom_package/cmake/custom_packageConfig.cmake
[0.345s] -- Up-to-date: /home/rslomron/MoMa/tm_custom/install/custom_package/share/custom_package/cmake/custom_packageConfig-version.cmake
[0.345s] -- Up-to-date: /home/rslomron/MoMa/tm_custom/install/custom_package/share/custom_package/package.xml
[0.368s] Invoked command in '/home/rslomron/MoMa/tm_custom/build/custom_package' returned '0': AMENT_PREFIX_PATH=/home/rslomron/MoMa/tm_custom/install/techman_robot_msgs:${AMENT_PREFIX_PATH} CMAKE_PREFIX_PATH=/home/rslomron/MoMa/tm_custom/install/techman_robot_msgs:/opt/ros/humble LD_LIBRARY_PATH=/home/rslomron/MoMa/tm_custom/install/techman_robot_msgs/lib:${LD_LIBRARY_PATH} PYTHONPATH=/home/rslomron/MoMa/tm_custom/install/techman_robot_msgs/local/lib/python3.10/dist-packages:${PYTHONPATH} /usr/bin/cmake --install /home/rslomron/MoMa/tm_custom/build/custom_package
