[0.024s] Invoking command in '/home/rslomron/tm_custom/build/tm_description': CMAKE_PREFIX_PATH=/opt/ros/humble /usr/bin/cmake --build /home/rslomron/tm_custom/build/tm_description -- -j8 -l8
[0.711s] Invoked command in '/home/rslomron/tm_custom/build/tm_description' returned '0': CMAKE_PREFIX_PATH=/opt/ros/humble /usr/bin/cmake --build /home/rslomron/tm_custom/build/tm_description -- -j8 -l8
[0.744s] Invoking command in '/home/rslomron/tm_custom/build/tm_description': CMAKE_PREFIX_PATH=/opt/ros/humble /usr/bin/cmake --install /home/rslomron/tm_custom/build/tm_description
[0.754s] -- Install configuration: ""
[0.754s] -- Up-to-date: /home/rslomron/tm_custom/install/tm_description/share/ament_index/resource_index/package_run_dependencies/tm_description
[0.754s] -- Up-to-date: /home/rslomron/tm_custom/install/tm_description/share/ament_index/resource_index/parent_prefix_path/tm_description
[0.754s] -- Up-to-date: /home/rslomron/tm_custom/install/tm_description/share/tm_description/environment/ament_prefix_path.sh
[0.755s] -- Up-to-date: /home/rslomron/tm_custom/install/tm_description/share/tm_description/environment/ament_prefix_path.dsv
[0.755s] -- Up-to-date: /home/rslomron/tm_custom/install/tm_description/share/tm_description/environment/path.sh
[0.755s] -- Up-to-date: /home/rslomron/tm_custom/install/tm_description/share/tm_description/environment/path.dsv
[0.756s] -- Up-to-date: /home/rslomron/tm_custom/install/tm_description/share/tm_description/local_setup.bash
[0.756s] -- Up-to-date: /home/rslomron/tm_custom/install/tm_description/share/tm_description/local_setup.sh
[0.756s] -- Up-to-date: /home/rslomron/tm_custom/install/tm_description/share/tm_description/local_setup.zsh
[0.756s] -- Up-to-date: /home/rslomron/tm_custom/install/tm_description/share/tm_description/local_setup.dsv
[0.756s] -- Installing: /home/rslomron/tm_custom/install/tm_description/share/tm_description/package.dsv
[0.757s] -- Up-to-date: /home/rslomron/tm_custom/install/tm_description/share/ament_index/resource_index/packages/tm_description
[0.757s] -- Up-to-date: /home/rslomron/tm_custom/install/tm_description/share/tm_description/cmake/tm_descriptionConfig.cmake
[0.758s] -- Up-to-date: /home/rslomron/tm_custom/install/tm_description/share/tm_description/cmake/tm_descriptionConfig-version.cmake
[0.758s] -- Up-to-date: /home/rslomron/tm_custom/install/tm_description/share/tm_description/package.xml
[0.758s] -- Up-to-date: /home/rslomron/tm_custom/install/tm_description/share/tm_description/meshes
[0.758s] -- Up-to-date: /home/rslomron/tm_custom/install/tm_description/share/tm_description/meshes/tm5-700
[0.759s] -- Up-to-date: /home/rslomron/tm_custom/install/tm_description/share/tm_description/meshes/tm5-700/collision
[0.759s] -- Up-to-date: /home/rslomron/tm_custom/install/tm_description/share/tm_description/meshes/tm5-700/collision/tm5-700_arm2_c.stl
[0.759s] -- Up-to-date: /home/rslomron/tm_custom/install/tm_description/share/tm_description/meshes/tm5-700/collision/tm5-700_arm1_c.stl
[0.759s] -- Up-to-date: /home/rslomron/tm_custom/install/tm_description/share/tm_description/meshes/tm5-700/visual
[0.760s] -- Up-to-date: /home/rslomron/tm_custom/install/tm_description/share/tm_description/meshes/tm5-700/visual/tm5-700_arm1.stl
[0.760s] -- Up-to-date: /home/rslomron/tm_custom/install/tm_description/share/tm_description/meshes/tm5-700/visual/tm5-700_arm1.mtl
[0.760s] -- Up-to-date: /home/rslomron/tm_custom/install/tm_description/share/tm_description/meshes/tm5-700/visual/tm5-700_arm2.stl
[0.760s] -- Up-to-date: /home/rslomron/tm_custom/install/tm_description/share/tm_description/meshes/tm5-700/visual/tm5-700_arm1.obj
[0.760s] -- Up-to-date: /home/rslomron/tm_custom/install/tm_description/share/tm_description/meshes/tm5-700/visual/tm5-700_arm2.obj
[0.760s] -- Up-to-date: /home/rslomron/tm_custom/install/tm_description/share/tm_description/meshes/tm5-700/visual/tm5-700_arm2.mtl
[0.760s] -- Up-to-date: /home/rslomron/tm_custom/install/tm_description/share/tm_description/meshes/tm12
[0.761s] -- Up-to-date: /home/rslomron/tm_custom/install/tm_description/share/tm_description/meshes/tm12/collision
[0.762s] -- Up-to-date: /home/rslomron/tm_custom/install/tm_description/share/tm_description/meshes/tm12/collision/tm12-arm1_c.stl
[0.763s] -- Up-to-date: /home/rslomron/tm_custom/install/tm_description/share/tm_description/meshes/tm12/collision/tmr_750w_01_c.stl
[0.763s] -- Up-to-date: /home/rslomron/tm_custom/install/tm_description/share/tm_description/meshes/tm12/collision/tm12-base_c.stl
[0.763s] -- Up-to-date: /home/rslomron/tm_custom/install/tm_description/share/tm_description/meshes/tm12/collision/tm12-arm2_c.stl
[0.763s] -- Up-to-date: /home/rslomron/tm_custom/install/tm_description/share/tm_description/meshes/tm12/visual
[0.763s] -- Up-to-date: /home/rslomron/tm_custom/install/tm_description/share/tm_description/meshes/tm12/visual/tm12-arm1.mtl
[0.763s] -- Up-to-date: /home/rslomron/tm_custom/install/tm_description/share/tm_description/meshes/tm12/visual/tm12-base.mtl
[0.764s] -- Up-to-date: /home/rslomron/tm_custom/install/tm_description/share/tm_description/meshes/tm12/visual/tm12-base.obj
[0.764s] -- Up-to-date: /home/rslomron/tm_custom/install/tm_description/share/tm_description/meshes/tm12/visual/tm12-base.stl
[0.764s] -- Up-to-date: /home/rslomron/tm_custom/install/tm_description/share/tm_description/meshes/tm12/visual/tm12-arm2.stl
[0.764s] -- Up-to-date: /home/rslomron/tm_custom/install/tm_description/share/tm_description/meshes/tm12/visual/tm12-arm2.obj
[0.764s] -- Up-to-date: /home/rslomron/tm_custom/install/tm_description/share/tm_description/meshes/tm12/visual/tm12-arm2.mtl
[0.764s] -- Up-to-date: /home/rslomron/tm_custom/install/tm_description/share/tm_description/meshes/tm12/visual/tmr_750w_01.obj
[0.764s] -- Up-to-date: /home/rslomron/tm_custom/install/tm_description/share/tm_description/meshes/tm12/visual/tm12-arm1.stl
[0.765s] -- Up-to-date: /home/rslomron/tm_custom/install/tm_description/share/tm_description/meshes/tm12/visual/tm12-arm1.obj
[0.765s] -- Up-to-date: /home/rslomron/tm_custom/install/tm_description/share/tm_description/meshes/tm12/visual/tmr_750w_01.stl
[0.765s] -- Up-to-date: /home/rslomron/tm_custom/install/tm_description/share/tm_description/meshes/tm12/visual/tmr_750w_01.mtl
[0.766s] -- Up-to-date: /home/rslomron/tm_custom/install/tm_description/share/tm_description/meshes/tm5-900
[0.766s] -- Up-to-date: /home/rslomron/tm_custom/install/tm_description/share/tm_description/meshes/tm5-900/collision
[0.766s] -- Up-to-date: /home/rslomron/tm_custom/install/tm_description/share/tm_description/meshes/tm5-900/collision/tm5-900_arm1_c.stl
[0.767s] -- Up-to-date: /home/rslomron/tm_custom/install/tm_description/share/tm_description/meshes/tm5-900/collision/tmr_400w_01_c.stl
[0.767s] -- Up-to-date: /home/rslomron/tm_custom/install/tm_description/share/tm_description/meshes/tm5-900/collision/tmr_iox_c.stl
[0.767s] -- Up-to-date: /home/rslomron/tm_custom/install/tm_description/share/tm_description/meshes/tm5-900/collision/tmr_100w_01_c.stl
[0.768s] -- Up-to-date: /home/rslomron/tm_custom/install/tm_description/share/tm_description/meshes/tm5-900/collision/tm5-900_arm2_c.stl
[0.768s] -- Up-to-date: /home/rslomron/tm_custom/install/tm_description/share/tm_description/meshes/tm5-900/collision/tmr_100w_02_c.stl
[0.768s] -- Up-to-date: /home/rslomron/tm_custom/install/tm_description/share/tm_description/meshes/tm5-900/collision/tmr_ee_c.stl
[0.768s] -- Up-to-date: /home/rslomron/tm_custom/install/tm_description/share/tm_description/meshes/tm5-900/collision/tm5-base_c.stl
[0.768s] -- Up-to-date: /home/rslomron/tm_custom/install/tm_description/share/tm_description/meshes/tm5-900/visual
[0.769s] -- Up-to-date: /home/rslomron/tm_custom/install/tm_description/share/tm_description/meshes/tm5-900/visual/tmr_100w_02.stl
[0.769s] -- Up-to-date: /home/rslomron/tm_custom/install/tm_description/share/tm_description/meshes/tm5-900/visual/tmr_100w_02.mtl
[0.769s] -- Up-to-date: /home/rslomron/tm_custom/install/tm_description/share/tm_description/meshes/tm5-900/visual/tmr_100w_01.obj
[0.769s] -- Up-to-date: /home/rslomron/tm_custom/install/tm_description/share/tm_description/meshes/tm5-900/visual/tmr_iox.stl
[0.770s] -- Up-to-date: /home/rslomron/tm_custom/install/tm_description/share/tm_description/meshes/tm5-900/visual/tmr_100w_01.stl
[0.772s] -- Up-to-date: /home/rslomron/tm_custom/install/tm_description/share/tm_description/meshes/tm5-900/visual/tmr_400w_01.stl
[0.772s] -- Up-to-date: /home/rslomron/tm_custom/install/tm_description/share/tm_description/meshes/tm5-900/visual/tmr_ee.mtl
[0.772s] -- Up-to-date: /home/rslomron/tm_custom/install/tm_description/share/tm_description/meshes/tm5-900/visual/tmr_400w_01.obj
[0.773s] -- Up-to-date: /home/rslomron/tm_custom/install/tm_description/share/tm_description/meshes/tm5-900/visual/tm5-900_arm1.stl
[0.773s] -- Up-to-date: /home/rslomron/tm_custom/install/tm_description/share/tm_description/meshes/tm5-900/visual/tmr_100w_02.obj
[0.773s] -- Up-to-date: /home/rslomron/tm_custom/install/tm_description/share/tm_description/meshes/tm5-900/visual/tm5-900_arm1.mtl
[0.773s] -- Up-to-date: /home/rslomron/tm_custom/install/tm_description/share/tm_description/meshes/tm5-900/visual/tm5-900_arm2.stl
[0.774s] -- Up-to-date: /home/rslomron/tm_custom/install/tm_description/share/tm_description/meshes/tm5-900/visual/tm5-base.stl
[0.774s] -- Up-to-date: /home/rslomron/tm_custom/install/tm_description/share/tm_description/meshes/tm5-900/visual/tmr_400w_01.mtl
[0.774s] -- Up-to-date: /home/rslomron/tm_custom/install/tm_description/share/tm_description/meshes/tm5-900/visual/tm5-base.mtl
[0.774s] -- Up-to-date: /home/rslomron/tm_custom/install/tm_description/share/tm_description/meshes/tm5-900/visual/tm5-900_arm2.mtl
[0.774s] -- Up-to-date: /home/rslomron/tm_custom/install/tm_description/share/tm_description/meshes/tm5-900/visual/tmr_ee.stl
[0.775s] -- Up-to-date: /home/rslomron/tm_custom/install/tm_description/share/tm_description/meshes/tm5-900/visual/tmr_iox.obj
[0.775s] -- Up-to-date: /home/rslomron/tm_custom/install/tm_description/share/tm_description/meshes/tm5-900/visual/tm5-base.obj
[0.775s] -- Up-to-date: /home/rslomron/tm_custom/install/tm_description/share/tm_description/meshes/tm5-900/visual/tmr_ee.obj
[0.775s] -- Up-to-date: /home/rslomron/tm_custom/install/tm_description/share/tm_description/meshes/tm5-900/visual/tmr_100w_01.mtl
[0.775s] -- Up-to-date: /home/rslomron/tm_custom/install/tm_description/share/tm_description/meshes/tm5-900/visual/tmr_iox.mtl
[0.775s] -- Up-to-date: /home/rslomron/tm_custom/install/tm_description/share/tm_description/meshes/tm5-900/visual/tm5-900_arm1.obj
[0.776s] -- Up-to-date: /home/rslomron/tm_custom/install/tm_description/share/tm_description/meshes/tm5-900/visual/tm5-900_arm2.obj
[0.776s] -- Up-to-date: /home/rslomron/tm_custom/install/tm_description/share/tm_description/meshes/tm14
[0.776s] -- Up-to-date: /home/rslomron/tm_custom/install/tm_description/share/tm_description/meshes/tm14/collision
[0.776s] -- Up-to-date: /home/rslomron/tm_custom/install/tm_description/share/tm_description/meshes/tm14/collision/tm14_arm1_c.stl
[0.776s] -- Up-to-date: /home/rslomron/tm_custom/install/tm_description/share/tm_description/meshes/tm14/collision/tm14_arm2_c.stl
[0.776s] -- Up-to-date: /home/rslomron/tm_custom/install/tm_description/share/tm_description/meshes/tm14/visual
[0.777s] -- Up-to-date: /home/rslomron/tm_custom/install/tm_description/share/tm_description/meshes/tm14/visual/tm14_arm2.mtl
[0.777s] -- Up-to-date: /home/rslomron/tm_custom/install/tm_description/share/tm_description/meshes/tm14/visual/tm14_arm2.stl
[0.777s] -- Up-to-date: /home/rslomron/tm_custom/install/tm_description/share/tm_description/meshes/tm14/visual/tm14_arm1.obj
[0.777s] -- Up-to-date: /home/rslomron/tm_custom/install/tm_description/share/tm_description/meshes/tm14/visual/tm14_arm2.obj
[0.777s] -- Up-to-date: /home/rslomron/tm_custom/install/tm_description/share/tm_description/meshes/tm14/visual/tm14_arm1.stl
[0.777s] -- Up-to-date: /home/rslomron/tm_custom/install/tm_description/share/tm_description/meshes/tm14/visual/tm14_arm1.mtl
[0.778s] -- Up-to-date: /home/rslomron/tm_custom/install/tm_description/share/tm_description/urdf
[0.778s] -- Up-to-date: /home/rslomron/tm_custom/install/tm_description/share/tm_description/urdf/tm14x-nominal.urdf
[0.778s] -- Up-to-date: /home/rslomron/tm_custom/install/tm_description/share/tm_description/urdf/tm12x-nominal.urdf
[0.778s] -- Up-to-date: /home/rslomron/tm_custom/install/tm_description/share/tm_description/urdf/tm5-700-nominal.urdf
[0.778s] -- Up-to-date: /home/rslomron/tm_custom/install/tm_description/share/tm_description/urdf/tm5x-900-nominal.urdf
[0.779s] -- Up-to-date: /home/rslomron/tm_custom/install/tm_description/share/tm_description/urdf/tm5x-700-nominal.urdf
[0.779s] -- Up-to-date: /home/rslomron/tm_custom/install/tm_description/share/tm_description/urdf/tm12-nominal.urdf
[0.780s] -- Up-to-date: /home/rslomron/tm_custom/install/tm_description/share/tm_description/urdf/tm5-900-nominal.urdf
[0.780s] -- Up-to-date: /home/rslomron/tm_custom/install/tm_description/share/tm_description/urdf/tm14-nominal.urdf
[0.780s] -- Up-to-date: /home/rslomron/tm_custom/install/tm_description/share/tm_description/urdf/tm5-900.urdf
[0.781s] -- Up-to-date: /home/rslomron/tm_custom/install/tm_description/share/tm_description/xacro
[0.781s] -- Up-to-date: /home/rslomron/tm_custom/install/tm_description/share/tm_description/xacro/tm12x.urdf.xacro
[0.781s] -- Up-to-date: /home/rslomron/tm_custom/install/tm_description/share/tm_description/xacro/macro.tm12-nominal.urdf.xacro
[0.783s] -- Up-to-date: /home/rslomron/tm_custom/install/tm_description/share/tm_description/xacro/macro.inertial.xacro
[0.783s] -- Up-to-date: /home/rslomron/tm_custom/install/tm_description/share/tm_description/xacro/tm5-900.urdf.xacro
[0.783s] -- Up-to-date: /home/rslomron/tm_custom/install/tm_description/share/tm_description/xacro/macro.tm5-900-nominal.urdf.xacro
[0.783s] -- Up-to-date: /home/rslomron/tm_custom/install/tm_description/share/tm_description/xacro/tm5x-900.urdf.xacro
[0.783s] -- Up-to-date: /home/rslomron/tm_custom/install/tm_description/share/tm_description/xacro/tm5-700.urdf.xacro
[0.784s] -- Up-to-date: /home/rslomron/tm_custom/install/tm_description/share/tm_description/xacro/tm14x.urdf.xacro
[0.784s] -- Up-to-date: /home/rslomron/tm_custom/install/tm_description/share/tm_description/xacro/macro.tm5x-700-nominal.urdf.xacro
[0.784s] -- Up-to-date: /home/rslomron/tm_custom/install/tm_description/share/tm_description/xacro/macro.tm5-700-nominal.urdf.xacro
[0.784s] -- Up-to-date: /home/rslomron/tm_custom/install/tm_description/share/tm_description/xacro/macro.tm12x-nominal.urdf.xacro
[0.784s] -- Up-to-date: /home/rslomron/tm_custom/install/tm_description/share/tm_description/xacro/macro.materials.xacro
[0.785s] -- Up-to-date: /home/rslomron/tm_custom/install/tm_description/share/tm_description/xacro/macro.tm5x-900-nominal.urdf.xacro
[0.785s] -- Up-to-date: /home/rslomron/tm_custom/install/tm_description/share/tm_description/xacro/macro.tm14-nominal.urdf.xacro
[0.785s] -- Up-to-date: /home/rslomron/tm_custom/install/tm_description/share/tm_description/xacro/tm12.urdf.xacro
[0.785s] -- Up-to-date: /home/rslomron/tm_custom/install/tm_description/share/tm_description/xacro/macro.gazebo.xacro
[0.785s] -- Up-to-date: /home/rslomron/tm_custom/install/tm_description/share/tm_description/xacro/tm14.urdf.xacro
[0.785s] -- Up-to-date: /home/rslomron/tm_custom/install/tm_description/share/tm_description/xacro/macro.tm14x-nominal.urdf.xacro
[0.785s] -- Up-to-date: /home/rslomron/tm_custom/install/tm_description/share/tm_description/xacro/tm5x-700.urdf.xacro
[0.785s] -- Up-to-date: /home/rslomron/tm_custom/install/tm_description/share/tm_description/xacro/macro.transmission.xacro
[0.785s] Invoked command in '/home/rslomron/tm_custom/build/tm_description' returned '0': CMAKE_PREFIX_PATH=/opt/ros/humble /usr/bin/cmake --install /home/rslomron/tm_custom/build/tm_description
