[0.041s] Invoking command in '/home/rslomron/MoMa/tm_custom/build/techman_robot_msgs': CMAKE_PREFIX_PATH=/opt/ros/humble /usr/bin/cmake --build /home/rslomron/MoMa/tm_custom/build/techman_robot_msgs -- -j8 -l8
[1.512s] [35m[1mConsolidate compiler generated dependencies of target techman_robot_msgs__rosidl_generator_c[0m
[1.512s] [  3%] Built target techman_robot_msgs__cpp
[1.512s] [  3%] Built target ament_cmake_python_copy_techman_robot_msgs
[1.513s] [ 12%] Built target techman_robot_msgs__rosidl_generator_c
[1.513s] [35m[1mConsolidate compiler generated dependencies of target techman_robot_msgs__rosidl_typesupport_cpp[0m
[1.514s] [35m[1mConsolidate compiler generated dependencies of target techman_robot_msgs__rosidl_typesupport_fastrtps_cpp[0m
[1.514s] [35m[1mConsolidate compiler generated dependencies of target techman_robot_msgs__rosidl_typesupport_introspection_cpp[0m
[1.514s] [ 22%] Built target techman_robot_msgs__rosidl_typesupport_cpp
[1.514s] [35m[1mConsolidate compiler generated dependencies of target techman_robot_msgs__rosidl_typesupport_fastrtps_c[0m
[1.514s] [35m[1mConsolidate compiler generated dependencies of target techman_robot_msgs__rosidl_typesupport_introspection_c[0m
[1.515s] [ 35%] Built target techman_robot_msgs__rosidl_typesupport_introspection_cpp
[1.516s] [ 41%] Built target techman_robot_msgs__rosidl_typesupport_fastrtps_cpp
[1.516s] [ 51%] Built target techman_robot_msgs__rosidl_typesupport_fastrtps_c
[1.517s] [35m[1mConsolidate compiler generated dependencies of target techman_robot_msgs__rosidl_typesupport_c[0m
[1.517s] [ 61%] Built target techman_robot_msgs__rosidl_typesupport_introspection_c
[1.517s] [ 70%] Built target techman_robot_msgs__rosidl_typesupport_c
[1.517s] [ 70%] Built target techman_robot_msgs
[1.518s] [ 74%] Built target techman_robot_msgs__py
[1.518s] [35m[1mConsolidate compiler generated dependencies of target techman_robot_msgs__rosidl_generator_py[0m
[1.518s] [ 80%] Built target techman_robot_msgs__rosidl_generator_py
[1.518s] [35m[1mConsolidate compiler generated dependencies of target techman_robot_msgs__rosidl_typesupport_fastrtps_c__pyext[0m
[1.518s] [35m[1mConsolidate compiler generated dependencies of target techman_robot_msgs__rosidl_typesupport_introspection_c__pyext[0m
[1.519s] [35m[1mConsolidate compiler generated dependencies of target techman_robot_msgs__rosidl_typesupport_c__pyext[0m
[1.519s] [ 87%] Built target techman_robot_msgs__rosidl_typesupport_fastrtps_c__pyext
[1.519s] [ 93%] Built target techman_robot_msgs__rosidl_typesupport_introspection_c__pyext
[1.519s] [100%] Built target techman_robot_msgs__rosidl_typesupport_c__pyext
[1.519s] running egg_info
[1.519s] writing techman_robot_msgs.egg-info/PKG-INFO
[1.520s] writing dependency_links to techman_robot_msgs.egg-info/dependency_links.txt
[1.520s] writing top-level names to techman_robot_msgs.egg-info/top_level.txt
[1.520s] reading manifest file 'techman_robot_msgs.egg-info/SOURCES.txt'
[1.520s] writing manifest file 'techman_robot_msgs.egg-info/SOURCES.txt'
[1.520s] [100%] Built target ament_cmake_python_build_techman_robot_msgs_egg
[1.528s] Invoked command in '/home/rslomron/MoMa/tm_custom/build/techman_robot_msgs' returned '0': CMAKE_PREFIX_PATH=/opt/ros/humble /usr/bin/cmake --build /home/rslomron/MoMa/tm_custom/build/techman_robot_msgs -- -j8 -l8
