running egg_info
creating ../../build/python_demo/python_demo.egg-info
writing ../../build/python_demo/python_demo.egg-info/PKG-INFO
writing dependency_links to ../../build/python_demo/python_demo.egg-info/dependency_links.txt
writing entry points to ../../build/python_demo/python_demo.egg-info/entry_points.txt
writing requirements to ../../build/python_demo/python_demo.egg-info/requires.txt
writing top-level names to ../../build/python_demo/python_demo.egg-info/top_level.txt
writing manifest file '../../build/python_demo/python_demo.egg-info/SOURCES.txt'
reading manifest file '../../build/python_demo/python_demo.egg-info/SOURCES.txt'
writing manifest file '../../build/python_demo/python_demo.egg-info/SOURCES.txt'
running build
running build_py
creating /home/rslomron/tm_custom/build/python_demo/build
creating /home/rslomron/tm_custom/build/python_demo/build/lib
creating /home/rslomron/tm_custom/build/python_demo/build/lib/python_demo
copying python_demo/__init__.py -> /home/rslomron/tm_custom/build/python_demo/build/lib/python_demo
copying python_demo/testes.py -> /home/rslomron/tm_custom/build/python_demo/build/lib/python_demo
running install
running install_lib
creating /home/rslomron/tm_custom/install/python_demo/lib/python3.10/site-packages/python_demo
copying /home/rslomron/tm_custom/build/python_demo/build/lib/python_demo/__init__.py -> /home/rslomron/tm_custom/install/python_demo/lib/python3.10/site-packages/python_demo
copying /home/rslomron/tm_custom/build/python_demo/build/lib/python_demo/testes.py -> /home/rslomron/tm_custom/install/python_demo/lib/python3.10/site-packages/python_demo
byte-compiling /home/rslomron/tm_custom/install/python_demo/lib/python3.10/site-packages/python_demo/__init__.py to __init__.cpython-310.pyc
byte-compiling /home/rslomron/tm_custom/install/python_demo/lib/python3.10/site-packages/python_demo/testes.py to testes.cpython-310.pyc
running install_data
creating /home/rslomron/tm_custom/install/python_demo/share/ament_index
creating /home/rslomron/tm_custom/install/python_demo/share/ament_index/resource_index
creating /home/rslomron/tm_custom/install/python_demo/share/ament_index/resource_index/packages
copying resource/python_demo -> /home/rslomron/tm_custom/install/python_demo/share/ament_index/resource_index/packages
copying package.xml -> /home/rslomron/tm_custom/install/python_demo/share/python_demo
running install_egg_info
Copying ../../build/python_demo/python_demo.egg-info to /home/rslomron/tm_custom/install/python_demo/lib/python3.10/site-packages/python_demo-0.0.0-py3.10.egg-info
running install_scripts
Installing testes script to /home/rslomron/tm_custom/install/python_demo/lib/python_demo
writing list of installed files to '/home/rslomron/tm_custom/build/python_demo/install.log'
