[2.132s] Invoking command in '/home/rslomron/tm_custom/src/python_demo': PYTHONPATH=/home/rslomron/tm_custom/build/python_demo/prefix_override:/home/rslomron/tm_custom/install/python_demo/lib/python3.10/site-packages:${PYTHONPATH} /usr/bin/python3 -W ignore:setup.py install is deprecated setup.py egg_info --egg-base ../../build/python_demo build --build-base /home/rslomron/tm_custom/build/python_demo/build install --record /home/rslomron/tm_custom/build/python_demo/install.log --single-version-externally-managed install_data
[2.798s] running egg_info
[2.798s] creating ../../build/python_demo/python_demo.egg-info
[2.798s] writing ../../build/python_demo/python_demo.egg-info/PKG-INFO
[2.798s] writing dependency_links to ../../build/python_demo/python_demo.egg-info/dependency_links.txt
[2.798s] writing entry points to ../../build/python_demo/python_demo.egg-info/entry_points.txt
[2.798s] writing requirements to ../../build/python_demo/python_demo.egg-info/requires.txt
[2.798s] writing top-level names to ../../build/python_demo/python_demo.egg-info/top_level.txt
[2.799s] writing manifest file '../../build/python_demo/python_demo.egg-info/SOURCES.txt'
[2.800s] reading manifest file '../../build/python_demo/python_demo.egg-info/SOURCES.txt'
[2.803s] writing manifest file '../../build/python_demo/python_demo.egg-info/SOURCES.txt'
[2.803s] running build
[2.803s] running build_py
[2.803s] creating /home/rslomron/tm_custom/build/python_demo/build
[2.804s] creating /home/rslomron/tm_custom/build/python_demo/build/lib
[2.804s] creating /home/rslomron/tm_custom/build/python_demo/build/lib/python_demo
[2.804s] copying python_demo/__init__.py -> /home/rslomron/tm_custom/build/python_demo/build/lib/python_demo
[2.804s] copying python_demo/testes.py -> /home/rslomron/tm_custom/build/python_demo/build/lib/python_demo
[2.806s] running install
[2.807s] running install_lib
[2.808s] creating /home/rslomron/tm_custom/install/python_demo/lib/python3.10/site-packages/python_demo
[2.808s] copying /home/rslomron/tm_custom/build/python_demo/build/lib/python_demo/__init__.py -> /home/rslomron/tm_custom/install/python_demo/lib/python3.10/site-packages/python_demo
[2.808s] copying /home/rslomron/tm_custom/build/python_demo/build/lib/python_demo/testes.py -> /home/rslomron/tm_custom/install/python_demo/lib/python3.10/site-packages/python_demo
[2.809s] byte-compiling /home/rslomron/tm_custom/install/python_demo/lib/python3.10/site-packages/python_demo/__init__.py to __init__.cpython-310.pyc
[2.809s] byte-compiling /home/rslomron/tm_custom/install/python_demo/lib/python3.10/site-packages/python_demo/testes.py to testes.cpython-310.pyc
[2.812s] running install_data
[2.812s] creating /home/rslomron/tm_custom/install/python_demo/share/ament_index
[2.812s] creating /home/rslomron/tm_custom/install/python_demo/share/ament_index/resource_index
[2.812s] creating /home/rslomron/tm_custom/install/python_demo/share/ament_index/resource_index/packages
[2.812s] copying resource/python_demo -> /home/rslomron/tm_custom/install/python_demo/share/ament_index/resource_index/packages
[2.812s] copying package.xml -> /home/rslomron/tm_custom/install/python_demo/share/python_demo
[2.813s] running install_egg_info
[2.815s] Copying ../../build/python_demo/python_demo.egg-info to /home/rslomron/tm_custom/install/python_demo/lib/python3.10/site-packages/python_demo-0.0.0-py3.10.egg-info
[2.818s] running install_scripts
[2.859s] Installing testes script to /home/rslomron/tm_custom/install/python_demo/lib/python_demo
[2.859s] writing list of installed files to '/home/rslomron/tm_custom/build/python_demo/install.log'
[2.951s] Invoked command in '/home/rslomron/tm_custom/src/python_demo' returned '0': PYTHONPATH=/home/rslomron/tm_custom/build/python_demo/prefix_override:/home/rslomron/tm_custom/install/python_demo/lib/python3.10/site-packages:${PYTHONPATH} /usr/bin/python3 -W ignore:setup.py install is deprecated setup.py egg_info --egg-base ../../build/python_demo build --build-base /home/rslomron/tm_custom/build/python_demo/build install --record /home/rslomron/tm_custom/build/python_demo/install.log --single-version-externally-managed install_data
