[0.050s] Invoking command in '/home/rslomron/MoMa/tm_custom/build/tm_msgs': CMAKE_PREFIX_PATH=${CMAKE_PREFIX_PATH}:/home/rslomron/MoMa/tm_custom/install/tm_mod_urdf:/home/rslomron/MoMa/tm_custom/install/techman_robot_get_status:/home/rslomron/MoMa/tm_custom/install/python_demo:/home/rslomron/MoMa/tm_custom/install/arm_subscriber:/opt/ros/humble /usr/bin/cmake --build /home/rslomron/MoMa/tm_custom/build/tm_msgs -- -j8 -l8
[1.454s] [  0%] Built target tm_msgs__cpp
[1.454s] [ 12%] Built target tm_msgs__rosidl_generator_c
[1.454s] [ 12%] Built target ament_cmake_python_copy_tm_msgs
[1.454s] [ 23%] Built target tm_msgs__rosidl_typesupport_fastrtps_cpp
[1.455s] [ 35%] Built target tm_msgs__rosidl_typesupport_cpp
[1.455s] [ 47%] Built target tm_msgs__rosidl_typesupport_introspection_cpp
[1.455s] [ 59%] Built target tm_msgs__rosidl_typesupport_c
[1.455s] [ 71%] Built target tm_msgs__rosidl_typesupport_introspection_c
[1.455s] [ 83%] Built target tm_msgs__rosidl_typesupport_fastrtps_c
[1.456s] [ 83%] Built target tm_msgs
[1.457s] [ 84%] Built target tm_msgs__py
[1.457s] [ 95%] Built target tm_msgs__rosidl_generator_py
[1.459s] [ 98%] Built target tm_msgs__rosidl_typesupport_fastrtps_c__pyext
[1.459s] [ 99%] Built target tm_msgs__rosidl_typesupport_introspection_c__pyext
[1.460s] [100%] Built target tm_msgs__rosidl_typesupport_c__pyext
[1.460s] running egg_info
[1.461s] writing tm_msgs.egg-info/PKG-INFO
[1.461s] writing dependency_links to tm_msgs.egg-info/dependency_links.txt
[1.461s] writing top-level names to tm_msgs.egg-info/top_level.txt
[1.462s] reading manifest file 'tm_msgs.egg-info/SOURCES.txt'
[1.462s] writing manifest file 'tm_msgs.egg-info/SOURCES.txt'
[1.462s] [100%] Built target ament_cmake_python_build_tm_msgs_egg
[1.468s] Invoked command in '/home/rslomron/MoMa/tm_custom/build/tm_msgs' returned '0': CMAKE_PREFIX_PATH=${CMAKE_PREFIX_PATH}:/home/rslomron/MoMa/tm_custom/install/tm_mod_urdf:/home/rslomron/MoMa/tm_custom/install/techman_robot_get_status:/home/rslomron/MoMa/tm_custom/install/python_demo:/home/rslomron/MoMa/tm_custom/install/arm_subscriber:/opt/ros/humble /usr/bin/cmake --build /home/rslomron/MoMa/tm_custom/build/tm_msgs -- -j8 -l8
[2.527s] Invoking command in '/home/rslomron/MoMa/tm_custom/build/tm_msgs': CMAKE_PREFIX_PATH=${CMAKE_PREFIX_PATH}:/home/rslomron/MoMa/tm_custom/install/tm_mod_urdf:/home/rslomron/MoMa/tm_custom/install/techman_robot_get_status:/home/rslomron/MoMa/tm_custom/install/python_demo:/home/rslomron/MoMa/tm_custom/install/arm_subscriber:/opt/ros/humble /usr/bin/cmake --install /home/rslomron/MoMa/tm_custom/build/tm_msgs
[2.551s] -- Install configuration: ""
[2.557s] -- Up-to-date: /home/rslomron/MoMa/tm_custom/install/tm_msgs/share/ament_index/resource_index/rosidl_interfaces/tm_msgs
[2.559s] -- Up-to-date: /home/rslomron/MoMa/tm_custom/install/tm_msgs/include/tm_msgs/tm_msgs
[2.560s] -- Up-to-date: /home/rslomron/MoMa/tm_custom/install/tm_msgs/include/tm_msgs/tm_msgs/msg
[2.561s] -- Up-to-date: /home/rslomron/MoMa/tm_custom/install/tm_msgs/include/tm_msgs/tm_msgs/msg/detail
[2.562s] -- Up-to-date: /home/rslomron/MoMa/tm_custom/install/tm_msgs/include/tm_msgs/tm_msgs/msg/detail/sct_response__functions.c
[2.563s] -- Up-to-date: /home/rslomron/MoMa/tm_custom/install/tm_msgs/include/tm_msgs/tm_msgs/msg/detail/feedback_state__type_support.h
[2.564s] -- Up-to-date: /home/rslomron/MoMa/tm_custom/install/tm_msgs/include/tm_msgs/tm_msgs/msg/detail/svr_response__functions.c
[2.566s] -- Up-to-date: /home/rslomron/MoMa/tm_custom/install/tm_msgs/include/tm_msgs/tm_msgs/msg/detail/sct_response__functions.h
[2.566s] -- Up-to-date: /home/rslomron/MoMa/tm_custom/install/tm_msgs/include/tm_msgs/tm_msgs/msg/detail/feedback_state__functions.c
[2.566s] -- Up-to-date: /home/rslomron/MoMa/tm_custom/install/tm_msgs/include/tm_msgs/tm_msgs/msg/detail/svr_response__functions.h
[2.569s] -- Up-to-date: /home/rslomron/MoMa/tm_custom/install/tm_msgs/include/tm_msgs/tm_msgs/msg/detail/sta_response__functions.h
[2.569s] -- Up-to-date: /home/rslomron/MoMa/tm_custom/install/tm_msgs/include/tm_msgs/tm_msgs/msg/detail/sct_response__struct.h
[2.569s] -- Up-to-date: /home/rslomron/MoMa/tm_custom/install/tm_msgs/include/tm_msgs/tm_msgs/msg/detail/sta_response__type_support.h
[2.570s] -- Up-to-date: /home/rslomron/MoMa/tm_custom/install/tm_msgs/include/tm_msgs/tm_msgs/msg/detail/sct_response__type_support.h
[2.570s] -- Up-to-date: /home/rslomron/MoMa/tm_custom/install/tm_msgs/include/tm_msgs/tm_msgs/msg/detail/svr_response__type_support.h
[2.570s] -- Up-to-date: /home/rslomron/MoMa/tm_custom/install/tm_msgs/include/tm_msgs/tm_msgs/msg/detail/svr_response__struct.h
[2.570s] -- Up-to-date: /home/rslomron/MoMa/tm_custom/install/tm_msgs/include/tm_msgs/tm_msgs/msg/detail/sta_response__functions.c
[2.572s] -- Up-to-date: /home/rslomron/MoMa/tm_custom/install/tm_msgs/include/tm_msgs/tm_msgs/msg/detail/feedback_state__functions.h
[2.573s] -- Up-to-date: /home/rslomron/MoMa/tm_custom/install/tm_msgs/include/tm_msgs/tm_msgs/msg/detail/sta_response__struct.h
[2.573s] -- Up-to-date: /home/rslomron/MoMa/tm_custom/install/tm_msgs/include/tm_msgs/tm_msgs/msg/detail/feedback_state__struct.h
[2.573s] -- Up-to-date: /home/rslomron/MoMa/tm_custom/install/tm_msgs/include/tm_msgs/tm_msgs/msg/sta_response.h
[2.573s] -- Up-to-date: /home/rslomron/MoMa/tm_custom/install/tm_msgs/include/tm_msgs/tm_msgs/msg/svr_response.h
[2.580s] -- Up-to-date: /home/rslomron/MoMa/tm_custom/install/tm_msgs/include/tm_msgs/tm_msgs/msg/rosidl_generator_c__visibility_control.h
[2.580s] -- Up-to-date: /home/rslomron/MoMa/tm_custom/install/tm_msgs/include/tm_msgs/tm_msgs/msg/sct_response.h
[2.580s] -- Up-to-date: /home/rslomron/MoMa/tm_custom/install/tm_msgs/include/tm_msgs/tm_msgs/msg/feedback_state.h
[2.581s] -- Up-to-date: /home/rslomron/MoMa/tm_custom/install/tm_msgs/include/tm_msgs/tm_msgs/srv
[2.581s] -- Up-to-date: /home/rslomron/MoMa/tm_custom/install/tm_msgs/include/tm_msgs/tm_msgs/srv/detail
[2.581s] -- Up-to-date: /home/rslomron/MoMa/tm_custom/install/tm_msgs/include/tm_msgs/tm_msgs/srv/detail/send_script__functions.h
[2.582s] -- Up-to-date: /home/rslomron/MoMa/tm_custom/install/tm_msgs/include/tm_msgs/tm_msgs/srv/detail/send_script__functions.c
[2.582s] -- Up-to-date: /home/rslomron/MoMa/tm_custom/install/tm_msgs/include/tm_msgs/tm_msgs/srv/detail/ask_item__type_support.h
[2.582s] -- Up-to-date: /home/rslomron/MoMa/tm_custom/install/tm_msgs/include/tm_msgs/tm_msgs/srv/detail/ask_sta__type_support.h
[2.582s] -- Up-to-date: /home/rslomron/MoMa/tm_custom/install/tm_msgs/include/tm_msgs/tm_msgs/srv/detail/write_item__struct.h
[2.583s] -- Up-to-date: /home/rslomron/MoMa/tm_custom/install/tm_msgs/include/tm_msgs/tm_msgs/srv/detail/ask_sta__functions.h
[2.583s] -- Up-to-date: /home/rslomron/MoMa/tm_custom/install/tm_msgs/include/tm_msgs/tm_msgs/srv/detail/write_item__functions.c
[2.583s] -- Up-to-date: /home/rslomron/MoMa/tm_custom/install/tm_msgs/include/tm_msgs/tm_msgs/srv/detail/set_io__type_support.h
[2.583s] -- Up-to-date: /home/rslomron/MoMa/tm_custom/install/tm_msgs/include/tm_msgs/tm_msgs/srv/detail/ask_item__struct.h
[2.584s] -- Up-to-date: /home/rslomron/MoMa/tm_custom/install/tm_msgs/include/tm_msgs/tm_msgs/srv/detail/set_event__functions.h
[2.584s] -- Up-to-date: /home/rslomron/MoMa/tm_custom/install/tm_msgs/include/tm_msgs/tm_msgs/srv/detail/set_positions__struct.h
[2.584s] -- Up-to-date: /home/rslomron/MoMa/tm_custom/install/tm_msgs/include/tm_msgs/tm_msgs/srv/detail/set_io__functions.c
[2.585s] -- Up-to-date: /home/rslomron/MoMa/tm_custom/install/tm_msgs/include/tm_msgs/tm_msgs/srv/detail/connect_tm__struct.h
[2.585s] -- Up-to-date: /home/rslomron/MoMa/tm_custom/install/tm_msgs/include/tm_msgs/tm_msgs/srv/detail/set_positions__functions.c
[2.585s] -- Up-to-date: /home/rslomron/MoMa/tm_custom/install/tm_msgs/include/tm_msgs/tm_msgs/srv/detail/set_positions__functions.h
[2.586s] -- Up-to-date: /home/rslomron/MoMa/tm_custom/install/tm_msgs/include/tm_msgs/tm_msgs/srv/detail/ask_item__functions.c
[2.586s] -- Up-to-date: /home/rslomron/MoMa/tm_custom/install/tm_msgs/include/tm_msgs/tm_msgs/srv/detail/ask_item__functions.h
[2.586s] -- Up-to-date: /home/rslomron/MoMa/tm_custom/install/tm_msgs/include/tm_msgs/tm_msgs/srv/detail/set_event__functions.c
[2.586s] -- Up-to-date: /home/rslomron/MoMa/tm_custom/install/tm_msgs/include/tm_msgs/tm_msgs/srv/detail/connect_tm__functions.h
[2.586s] -- Up-to-date: /home/rslomron/MoMa/tm_custom/install/tm_msgs/include/tm_msgs/tm_msgs/srv/detail/send_script__type_support.h
[2.586s] -- Up-to-date: /home/rslomron/MoMa/tm_custom/install/tm_msgs/include/tm_msgs/tm_msgs/srv/detail/set_event__struct.h
[2.587s] -- Up-to-date: /home/rslomron/MoMa/tm_custom/install/tm_msgs/include/tm_msgs/tm_msgs/srv/detail/write_item__type_support.h
[2.587s] -- Up-to-date: /home/rslomron/MoMa/tm_custom/install/tm_msgs/include/tm_msgs/tm_msgs/srv/detail/send_script__struct.h
[2.587s] -- Up-to-date: /home/rslomron/MoMa/tm_custom/install/tm_msgs/include/tm_msgs/tm_msgs/srv/detail/connect_tm__functions.c
[2.587s] -- Up-to-date: /home/rslomron/MoMa/tm_custom/install/tm_msgs/include/tm_msgs/tm_msgs/srv/detail/set_positions__type_support.h
[2.587s] -- Up-to-date: /home/rslomron/MoMa/tm_custom/install/tm_msgs/include/tm_msgs/tm_msgs/srv/detail/set_event__type_support.h
[2.587s] -- Up-to-date: /home/rslomron/MoMa/tm_custom/install/tm_msgs/include/tm_msgs/tm_msgs/srv/detail/connect_tm__type_support.h
[2.588s] -- Up-to-date: /home/rslomron/MoMa/tm_custom/install/tm_msgs/include/tm_msgs/tm_msgs/srv/detail/set_io__functions.h
[2.588s] -- Up-to-date: /home/rslomron/MoMa/tm_custom/install/tm_msgs/include/tm_msgs/tm_msgs/srv/detail/ask_sta__functions.c
[2.588s] -- Up-to-date: /home/rslomron/MoMa/tm_custom/install/tm_msgs/include/tm_msgs/tm_msgs/srv/detail/ask_sta__struct.h
[2.588s] -- Up-to-date: /home/rslomron/MoMa/tm_custom/install/tm_msgs/include/tm_msgs/tm_msgs/srv/detail/set_io__struct.h
[2.588s] -- Up-to-date: /home/rslomron/MoMa/tm_custom/install/tm_msgs/include/tm_msgs/tm_msgs/srv/detail/write_item__functions.h
[2.588s] -- Up-to-date: /home/rslomron/MoMa/tm_custom/install/tm_msgs/include/tm_msgs/tm_msgs/srv/connect_tm.h
[2.588s] -- Up-to-date: /home/rslomron/MoMa/tm_custom/install/tm_msgs/include/tm_msgs/tm_msgs/srv/ask_item.h
[2.588s] -- Up-to-date: /home/rslomron/MoMa/tm_custom/install/tm_msgs/include/tm_msgs/tm_msgs/srv/ask_sta.h
[2.589s] -- Up-to-date: /home/rslomron/MoMa/tm_custom/install/tm_msgs/include/tm_msgs/tm_msgs/srv/write_item.h
[2.589s] -- Up-to-date: /home/rslomron/MoMa/tm_custom/install/tm_msgs/include/tm_msgs/tm_msgs/srv/set_io.h
[2.589s] -- Up-to-date: /home/rslomron/MoMa/tm_custom/install/tm_msgs/include/tm_msgs/tm_msgs/srv/set_event.h
[2.589s] -- Up-to-date: /home/rslomron/MoMa/tm_custom/install/tm_msgs/include/tm_msgs/tm_msgs/srv/set_positions.h
[2.589s] -- Up-to-date: /home/rslomron/MoMa/tm_custom/install/tm_msgs/include/tm_msgs/tm_msgs/srv/send_script.h
[2.589s] -- Up-to-date: /home/rslomron/MoMa/tm_custom/install/tm_msgs/share/tm_msgs/environment/library_path.sh
[2.589s] -- Up-to-date: /home/rslomron/MoMa/tm_custom/install/tm_msgs/share/tm_msgs/environment/library_path.dsv
[2.589s] -- Up-to-date: /home/rslomron/MoMa/tm_custom/install/tm_msgs/lib/libtm_msgs__rosidl_generator_c.so
[2.596s] -- Up-to-date: /home/rslomron/MoMa/tm_custom/install/tm_msgs/include/tm_msgs/tm_msgs
[2.596s] -- Up-to-date: /home/rslomron/MoMa/tm_custom/install/tm_msgs/include/tm_msgs/tm_msgs/msg
[2.596s] -- Up-to-date: /home/rslomron/MoMa/tm_custom/install/tm_msgs/include/tm_msgs/tm_msgs/msg/detail
[2.596s] -- Up-to-date: /home/rslomron/MoMa/tm_custom/install/tm_msgs/include/tm_msgs/tm_msgs/msg/detail/feedback_state__rosidl_typesupport_fastrtps_c.h
[2.596s] -- Up-to-date: /home/rslomron/MoMa/tm_custom/install/tm_msgs/include/tm_msgs/tm_msgs/msg/detail/sta_response__rosidl_typesupport_fastrtps_c.h
[2.596s] -- Up-to-date: /home/rslomron/MoMa/tm_custom/install/tm_msgs/include/tm_msgs/tm_msgs/msg/detail/svr_response__rosidl_typesupport_fastrtps_c.h
[2.597s] -- Up-to-date: /home/rslomron/MoMa/tm_custom/install/tm_msgs/include/tm_msgs/tm_msgs/msg/detail/sct_response__rosidl_typesupport_fastrtps_c.h
[2.597s] -- Up-to-date: /home/rslomron/MoMa/tm_custom/install/tm_msgs/include/tm_msgs/tm_msgs/msg/rosidl_typesupport_fastrtps_c__visibility_control.h
[2.597s] -- Up-to-date: /home/rslomron/MoMa/tm_custom/install/tm_msgs/include/tm_msgs/tm_msgs/srv
[2.597s] -- Up-to-date: /home/rslomron/MoMa/tm_custom/install/tm_msgs/include/tm_msgs/tm_msgs/srv/detail
[2.597s] -- Up-to-date: /home/rslomron/MoMa/tm_custom/install/tm_msgs/include/tm_msgs/tm_msgs/srv/detail/set_event__rosidl_typesupport_fastrtps_c.h
[2.597s] -- Up-to-date: /home/rslomron/MoMa/tm_custom/install/tm_msgs/include/tm_msgs/tm_msgs/srv/detail/ask_item__rosidl_typesupport_fastrtps_c.h
[2.598s] -- Up-to-date: /home/rslomron/MoMa/tm_custom/install/tm_msgs/include/tm_msgs/tm_msgs/srv/detail/connect_tm__rosidl_typesupport_fastrtps_c.h
[2.598s] -- Up-to-date: /home/rslomron/MoMa/tm_custom/install/tm_msgs/include/tm_msgs/tm_msgs/srv/detail/write_item__rosidl_typesupport_fastrtps_c.h
[2.598s] -- Up-to-date: /home/rslomron/MoMa/tm_custom/install/tm_msgs/include/tm_msgs/tm_msgs/srv/detail/set_positions__rosidl_typesupport_fastrtps_c.h
[2.598s] -- Up-to-date: /home/rslomron/MoMa/tm_custom/install/tm_msgs/include/tm_msgs/tm_msgs/srv/detail/send_script__rosidl_typesupport_fastrtps_c.h
[2.598s] -- Up-to-date: /home/rslomron/MoMa/tm_custom/install/tm_msgs/include/tm_msgs/tm_msgs/srv/detail/set_io__rosidl_typesupport_fastrtps_c.h
[2.598s] -- Up-to-date: /home/rslomron/MoMa/tm_custom/install/tm_msgs/include/tm_msgs/tm_msgs/srv/detail/ask_sta__rosidl_typesupport_fastrtps_c.h
[2.599s] -- Up-to-date: /home/rslomron/MoMa/tm_custom/install/tm_msgs/lib/libtm_msgs__rosidl_typesupport_fastrtps_c.so
[2.599s] -- Up-to-date: /home/rslomron/MoMa/tm_custom/install/tm_msgs/include/tm_msgs/tm_msgs
[2.599s] -- Up-to-date: /home/rslomron/MoMa/tm_custom/install/tm_msgs/include/tm_msgs/tm_msgs/msg
[2.600s] -- Up-to-date: /home/rslomron/MoMa/tm_custom/install/tm_msgs/include/tm_msgs/tm_msgs/msg/detail
[2.600s] -- Up-to-date: /home/rslomron/MoMa/tm_custom/install/tm_msgs/include/tm_msgs/tm_msgs/msg/detail/svr_response__struct.hpp
[2.600s] -- Up-to-date: /home/rslomron/MoMa/tm_custom/install/tm_msgs/include/tm_msgs/tm_msgs/msg/detail/sta_response__builder.hpp
[2.600s] -- Up-to-date: /home/rslomron/MoMa/tm_custom/install/tm_msgs/include/tm_msgs/tm_msgs/msg/detail/sct_response__builder.hpp
[2.600s] -- Up-to-date: /home/rslomron/MoMa/tm_custom/install/tm_msgs/include/tm_msgs/tm_msgs/msg/detail/feedback_state__struct.hpp
[2.600s] -- Up-to-date: /home/rslomron/MoMa/tm_custom/install/tm_msgs/include/tm_msgs/tm_msgs/msg/detail/sct_response__traits.hpp
[2.600s] -- Up-to-date: /home/rslomron/MoMa/tm_custom/install/tm_msgs/include/tm_msgs/tm_msgs/msg/detail/svr_response__traits.hpp
[2.601s] -- Up-to-date: /home/rslomron/MoMa/tm_custom/install/tm_msgs/include/tm_msgs/tm_msgs/msg/detail/svr_response__builder.hpp
[2.601s] -- Up-to-date: /home/rslomron/MoMa/tm_custom/install/tm_msgs/include/tm_msgs/tm_msgs/msg/detail/sct_response__struct.hpp
[2.601s] -- Up-to-date: /home/rslomron/MoMa/tm_custom/install/tm_msgs/include/tm_msgs/tm_msgs/msg/detail/feedback_state__builder.hpp
[2.601s] -- Up-to-date: /home/rslomron/MoMa/tm_custom/install/tm_msgs/include/tm_msgs/tm_msgs/msg/detail/feedback_state__traits.hpp
[2.601s] -- Up-to-date: /home/rslomron/MoMa/tm_custom/install/tm_msgs/include/tm_msgs/tm_msgs/msg/detail/sta_response__struct.hpp
[2.601s] -- Up-to-date: /home/rslomron/MoMa/tm_custom/install/tm_msgs/include/tm_msgs/tm_msgs/msg/detail/sta_response__traits.hpp
[2.601s] -- Up-to-date: /home/rslomron/MoMa/tm_custom/install/tm_msgs/include/tm_msgs/tm_msgs/msg/sta_response.hpp
[2.601s] -- Up-to-date: /home/rslomron/MoMa/tm_custom/install/tm_msgs/include/tm_msgs/tm_msgs/msg/sct_response.hpp
[2.601s] -- Up-to-date: /home/rslomron/MoMa/tm_custom/install/tm_msgs/include/tm_msgs/tm_msgs/msg/svr_response.hpp
[2.602s] -- Up-to-date: /home/rslomron/MoMa/tm_custom/install/tm_msgs/include/tm_msgs/tm_msgs/msg/feedback_state.hpp
[2.602s] -- Up-to-date: /home/rslomron/MoMa/tm_custom/install/tm_msgs/include/tm_msgs/tm_msgs/srv
[2.602s] -- Up-to-date: /home/rslomron/MoMa/tm_custom/install/tm_msgs/include/tm_msgs/tm_msgs/srv/detail
[2.602s] -- Up-to-date: /home/rslomron/MoMa/tm_custom/install/tm_msgs/include/tm_msgs/tm_msgs/srv/detail/ask_sta__builder.hpp
[2.602s] -- Up-to-date: /home/rslomron/MoMa/tm_custom/install/tm_msgs/include/tm_msgs/tm_msgs/srv/detail/send_script__struct.hpp
[2.602s] -- Up-to-date: /home/rslomron/MoMa/tm_custom/install/tm_msgs/include/tm_msgs/tm_msgs/srv/detail/ask_item__builder.hpp
[2.603s] -- Up-to-date: /home/rslomron/MoMa/tm_custom/install/tm_msgs/include/tm_msgs/tm_msgs/srv/detail/connect_tm__struct.hpp
[2.603s] -- Up-to-date: /home/rslomron/MoMa/tm_custom/install/tm_msgs/include/tm_msgs/tm_msgs/srv/detail/set_event__traits.hpp
[2.603s] -- Up-to-date: /home/rslomron/MoMa/tm_custom/install/tm_msgs/include/tm_msgs/tm_msgs/srv/detail/ask_sta__traits.hpp
[2.603s] -- Up-to-date: /home/rslomron/MoMa/tm_custom/install/tm_msgs/include/tm_msgs/tm_msgs/srv/detail/set_positions__traits.hpp
[2.603s] -- Up-to-date: /home/rslomron/MoMa/tm_custom/install/tm_msgs/include/tm_msgs/tm_msgs/srv/detail/set_io__builder.hpp
[2.604s] -- Up-to-date: /home/rslomron/MoMa/tm_custom/install/tm_msgs/include/tm_msgs/tm_msgs/srv/detail/write_item__builder.hpp
[2.604s] -- Up-to-date: /home/rslomron/MoMa/tm_custom/install/tm_msgs/include/tm_msgs/tm_msgs/srv/detail/set_io__struct.hpp
[2.604s] -- Up-to-date: /home/rslomron/MoMa/tm_custom/install/tm_msgs/include/tm_msgs/tm_msgs/srv/detail/set_io__traits.hpp
[2.604s] -- Up-to-date: /home/rslomron/MoMa/tm_custom/install/tm_msgs/include/tm_msgs/tm_msgs/srv/detail/ask_item__traits.hpp
[2.604s] -- Up-to-date: /home/rslomron/MoMa/tm_custom/install/tm_msgs/include/tm_msgs/tm_msgs/srv/detail/set_positions__struct.hpp
[2.604s] -- Up-to-date: /home/rslomron/MoMa/tm_custom/install/tm_msgs/include/tm_msgs/tm_msgs/srv/detail/ask_sta__struct.hpp
[2.604s] -- Up-to-date: /home/rslomron/MoMa/tm_custom/install/tm_msgs/include/tm_msgs/tm_msgs/srv/detail/connect_tm__builder.hpp
[2.605s] -- Up-to-date: /home/rslomron/MoMa/tm_custom/install/tm_msgs/include/tm_msgs/tm_msgs/srv/detail/write_item__traits.hpp
[2.605s] -- Up-to-date: /home/rslomron/MoMa/tm_custom/install/tm_msgs/include/tm_msgs/tm_msgs/srv/detail/ask_item__struct.hpp
[2.605s] -- Up-to-date: /home/rslomron/MoMa/tm_custom/install/tm_msgs/include/tm_msgs/tm_msgs/srv/detail/send_script__traits.hpp
[2.605s] -- Up-to-date: /home/rslomron/MoMa/tm_custom/install/tm_msgs/include/tm_msgs/tm_msgs/srv/detail/set_positions__builder.hpp
[2.605s] -- Up-to-date: /home/rslomron/MoMa/tm_custom/install/tm_msgs/include/tm_msgs/tm_msgs/srv/detail/send_script__builder.hpp
[2.605s] -- Up-to-date: /home/rslomron/MoMa/tm_custom/install/tm_msgs/include/tm_msgs/tm_msgs/srv/detail/connect_tm__traits.hpp
[2.605s] -- Up-to-date: /home/rslomron/MoMa/tm_custom/install/tm_msgs/include/tm_msgs/tm_msgs/srv/detail/set_event__struct.hpp
[2.606s] -- Up-to-date: /home/rslomron/MoMa/tm_custom/install/tm_msgs/include/tm_msgs/tm_msgs/srv/detail/write_item__struct.hpp
[2.606s] -- Up-to-date: /home/rslomron/MoMa/tm_custom/install/tm_msgs/include/tm_msgs/tm_msgs/srv/detail/set_event__builder.hpp
[2.606s] -- Up-to-date: /home/rslomron/MoMa/tm_custom/install/tm_msgs/include/tm_msgs/tm_msgs/srv/set_io.hpp
[2.606s] -- Up-to-date: /home/rslomron/MoMa/tm_custom/install/tm_msgs/include/tm_msgs/tm_msgs/srv/set_event.hpp
[2.606s] -- Up-to-date: /home/rslomron/MoMa/tm_custom/install/tm_msgs/include/tm_msgs/tm_msgs/srv/ask_item.hpp
[2.606s] -- Up-to-date: /home/rslomron/MoMa/tm_custom/install/tm_msgs/include/tm_msgs/tm_msgs/srv/send_script.hpp
[2.606s] -- Up-to-date: /home/rslomron/MoMa/tm_custom/install/tm_msgs/include/tm_msgs/tm_msgs/srv/set_positions.hpp
[2.607s] -- Up-to-date: /home/rslomron/MoMa/tm_custom/install/tm_msgs/include/tm_msgs/tm_msgs/srv/connect_tm.hpp
[2.607s] -- Up-to-date: /home/rslomron/MoMa/tm_custom/install/tm_msgs/include/tm_msgs/tm_msgs/srv/write_item.hpp
[2.607s] -- Up-to-date: /home/rslomron/MoMa/tm_custom/install/tm_msgs/include/tm_msgs/tm_msgs/srv/ask_sta.hpp
[2.607s] -- Up-to-date: /home/rslomron/MoMa/tm_custom/install/tm_msgs/include/tm_msgs/tm_msgs
[2.607s] -- Up-to-date: /home/rslomron/MoMa/tm_custom/install/tm_msgs/include/tm_msgs/tm_msgs/msg
[2.607s] -- Up-to-date: /home/rslomron/MoMa/tm_custom/install/tm_msgs/include/tm_msgs/tm_msgs/msg/detail
[2.607s] -- Up-to-date: /home/rslomron/MoMa/tm_custom/install/tm_msgs/include/tm_msgs/tm_msgs/msg/detail/dds_fastrtps
[2.607s] -- Up-to-date: /home/rslomron/MoMa/tm_custom/install/tm_msgs/include/tm_msgs/tm_msgs/msg/detail/feedback_state__rosidl_typesupport_fastrtps_cpp.hpp
[2.608s] -- Up-to-date: /home/rslomron/MoMa/tm_custom/install/tm_msgs/include/tm_msgs/tm_msgs/msg/detail/sta_response__rosidl_typesupport_fastrtps_cpp.hpp
[2.608s] -- Up-to-date: /home/rslomron/MoMa/tm_custom/install/tm_msgs/include/tm_msgs/tm_msgs/msg/detail/svr_response__rosidl_typesupport_fastrtps_cpp.hpp
[2.608s] -- Up-to-date: /home/rslomron/MoMa/tm_custom/install/tm_msgs/include/tm_msgs/tm_msgs/msg/detail/sct_response__rosidl_typesupport_fastrtps_cpp.hpp
[2.608s] -- Up-to-date: /home/rslomron/MoMa/tm_custom/install/tm_msgs/include/tm_msgs/tm_msgs/msg/rosidl_typesupport_fastrtps_cpp__visibility_control.h
[2.608s] -- Up-to-date: /home/rslomron/MoMa/tm_custom/install/tm_msgs/include/tm_msgs/tm_msgs/srv
[2.608s] -- Up-to-date: /home/rslomron/MoMa/tm_custom/install/tm_msgs/include/tm_msgs/tm_msgs/srv/detail
[2.608s] -- Up-to-date: /home/rslomron/MoMa/tm_custom/install/tm_msgs/include/tm_msgs/tm_msgs/srv/detail/dds_fastrtps
[2.608s] -- Up-to-date: /home/rslomron/MoMa/tm_custom/install/tm_msgs/include/tm_msgs/tm_msgs/srv/detail/send_script__rosidl_typesupport_fastrtps_cpp.hpp
[2.609s] -- Up-to-date: /home/rslomron/MoMa/tm_custom/install/tm_msgs/include/tm_msgs/tm_msgs/srv/detail/set_positions__rosidl_typesupport_fastrtps_cpp.hpp
[2.609s] -- Up-to-date: /home/rslomron/MoMa/tm_custom/install/tm_msgs/include/tm_msgs/tm_msgs/srv/detail/ask_item__rosidl_typesupport_fastrtps_cpp.hpp
[2.609s] -- Up-to-date: /home/rslomron/MoMa/tm_custom/install/tm_msgs/include/tm_msgs/tm_msgs/srv/detail/connect_tm__rosidl_typesupport_fastrtps_cpp.hpp
[2.609s] -- Up-to-date: /home/rslomron/MoMa/tm_custom/install/tm_msgs/include/tm_msgs/tm_msgs/srv/detail/set_event__rosidl_typesupport_fastrtps_cpp.hpp
[2.609s] -- Up-to-date: /home/rslomron/MoMa/tm_custom/install/tm_msgs/include/tm_msgs/tm_msgs/srv/detail/ask_sta__rosidl_typesupport_fastrtps_cpp.hpp
[2.609s] -- Up-to-date: /home/rslomron/MoMa/tm_custom/install/tm_msgs/include/tm_msgs/tm_msgs/srv/detail/set_io__rosidl_typesupport_fastrtps_cpp.hpp
[2.609s] -- Up-to-date: /home/rslomron/MoMa/tm_custom/install/tm_msgs/include/tm_msgs/tm_msgs/srv/detail/write_item__rosidl_typesupport_fastrtps_cpp.hpp
[2.610s] -- Up-to-date: /home/rslomron/MoMa/tm_custom/install/tm_msgs/lib/libtm_msgs__rosidl_typesupport_fastrtps_cpp.so
[2.610s] -- Up-to-date: /home/rslomron/MoMa/tm_custom/install/tm_msgs/include/tm_msgs/tm_msgs
[2.610s] -- Up-to-date: /home/rslomron/MoMa/tm_custom/install/tm_msgs/include/tm_msgs/tm_msgs/msg
[2.610s] -- Up-to-date: /home/rslomron/MoMa/tm_custom/install/tm_msgs/include/tm_msgs/tm_msgs/msg/detail
[2.610s] -- Up-to-date: /home/rslomron/MoMa/tm_custom/install/tm_msgs/include/tm_msgs/tm_msgs/msg/detail/sta_response__type_support.c
[2.610s] -- Up-to-date: /home/rslomron/MoMa/tm_custom/install/tm_msgs/include/tm_msgs/tm_msgs/msg/detail/feedback_state__rosidl_typesupport_introspection_c.h
[2.610s] -- Up-to-date: /home/rslomron/MoMa/tm_custom/install/tm_msgs/include/tm_msgs/tm_msgs/msg/detail/feedback_state__type_support.c
[2.620s] -- Up-to-date: /home/rslomron/MoMa/tm_custom/install/tm_msgs/include/tm_msgs/tm_msgs/msg/detail/sct_response__rosidl_typesupport_introspection_c.h
[2.620s] -- Up-to-date: /home/rslomron/MoMa/tm_custom/install/tm_msgs/include/tm_msgs/tm_msgs/msg/detail/sct_response__type_support.c
[2.620s] -- Up-to-date: /home/rslomron/MoMa/tm_custom/install/tm_msgs/include/tm_msgs/tm_msgs/msg/detail/sta_response__rosidl_typesupport_introspection_c.h
[2.621s] -- Up-to-date: /home/rslomron/MoMa/tm_custom/install/tm_msgs/include/tm_msgs/tm_msgs/msg/detail/svr_response__rosidl_typesupport_introspection_c.h
[2.621s] -- Up-to-date: /home/rslomron/MoMa/tm_custom/install/tm_msgs/include/tm_msgs/tm_msgs/msg/detail/svr_response__type_support.c
[2.621s] -- Up-to-date: /home/rslomron/MoMa/tm_custom/install/tm_msgs/include/tm_msgs/tm_msgs/msg/rosidl_typesupport_introspection_c__visibility_control.h
[2.621s] -- Up-to-date: /home/rslomron/MoMa/tm_custom/install/tm_msgs/include/tm_msgs/tm_msgs/srv
[2.621s] -- Up-to-date: /home/rslomron/MoMa/tm_custom/install/tm_msgs/include/tm_msgs/tm_msgs/srv/detail
[2.622s] -- Up-to-date: /home/rslomron/MoMa/tm_custom/install/tm_msgs/include/tm_msgs/tm_msgs/srv/detail/set_event__type_support.c
[2.622s] -- Up-to-date: /home/rslomron/MoMa/tm_custom/install/tm_msgs/include/tm_msgs/tm_msgs/srv/detail/ask_item__rosidl_typesupport_introspection_c.h
[2.622s] -- Up-to-date: /home/rslomron/MoMa/tm_custom/install/tm_msgs/include/tm_msgs/tm_msgs/srv/detail/write_item__rosidl_typesupport_introspection_c.h
[2.622s] -- Up-to-date: /home/rslomron/MoMa/tm_custom/install/tm_msgs/include/tm_msgs/tm_msgs/srv/detail/send_script__type_support.c
[2.622s] -- Up-to-date: /home/rslomron/MoMa/tm_custom/install/tm_msgs/include/tm_msgs/tm_msgs/srv/detail/set_positions__type_support.c
[2.623s] -- Up-to-date: /home/rslomron/MoMa/tm_custom/install/tm_msgs/include/tm_msgs/tm_msgs/srv/detail/set_event__rosidl_typesupport_introspection_c.h
[2.623s] -- Up-to-date: /home/rslomron/MoMa/tm_custom/install/tm_msgs/include/tm_msgs/tm_msgs/srv/detail/send_script__rosidl_typesupport_introspection_c.h
[2.623s] -- Up-to-date: /home/rslomron/MoMa/tm_custom/install/tm_msgs/include/tm_msgs/tm_msgs/srv/detail/connect_tm__rosidl_typesupport_introspection_c.h
[2.623s] -- Up-to-date: /home/rslomron/MoMa/tm_custom/install/tm_msgs/include/tm_msgs/tm_msgs/srv/detail/write_item__type_support.c
[2.623s] -- Up-to-date: /home/rslomron/MoMa/tm_custom/install/tm_msgs/include/tm_msgs/tm_msgs/srv/detail/connect_tm__type_support.c
[2.623s] -- Up-to-date: /home/rslomron/MoMa/tm_custom/install/tm_msgs/include/tm_msgs/tm_msgs/srv/detail/set_io__rosidl_typesupport_introspection_c.h
[2.623s] -- Up-to-date: /home/rslomron/MoMa/tm_custom/install/tm_msgs/include/tm_msgs/tm_msgs/srv/detail/set_positions__rosidl_typesupport_introspection_c.h
[2.623s] -- Up-to-date: /home/rslomron/MoMa/tm_custom/install/tm_msgs/include/tm_msgs/tm_msgs/srv/detail/ask_item__type_support.c
[2.624s] -- Up-to-date: /home/rslomron/MoMa/tm_custom/install/tm_msgs/include/tm_msgs/tm_msgs/srv/detail/ask_sta__type_support.c
[2.624s] -- Up-to-date: /home/rslomron/MoMa/tm_custom/install/tm_msgs/include/tm_msgs/tm_msgs/srv/detail/ask_sta__rosidl_typesupport_introspection_c.h
[2.624s] -- Up-to-date: /home/rslomron/MoMa/tm_custom/install/tm_msgs/include/tm_msgs/tm_msgs/srv/detail/set_io__type_support.c
[2.624s] -- Up-to-date: /home/rslomron/MoMa/tm_custom/install/tm_msgs/lib/libtm_msgs__rosidl_typesupport_introspection_c.so
[2.624s] -- Up-to-date: /home/rslomron/MoMa/tm_custom/install/tm_msgs/lib/libtm_msgs__rosidl_typesupport_c.so
[2.629s] -- Up-to-date: /home/rslomron/MoMa/tm_custom/install/tm_msgs/include/tm_msgs/tm_msgs
[2.630s] -- Up-to-date: /home/rslomron/MoMa/tm_custom/install/tm_msgs/include/tm_msgs/tm_msgs/msg
[2.630s] -- Up-to-date: /home/rslomron/MoMa/tm_custom/install/tm_msgs/include/tm_msgs/tm_msgs/msg/detail
[2.630s] -- Up-to-date: /home/rslomron/MoMa/tm_custom/install/tm_msgs/include/tm_msgs/tm_msgs/msg/detail/feedback_state__type_support.cpp
[2.630s] -- Up-to-date: /home/rslomron/MoMa/tm_custom/install/tm_msgs/include/tm_msgs/tm_msgs/msg/detail/svr_response__type_support.cpp
[2.630s] -- Up-to-date: /home/rslomron/MoMa/tm_custom/install/tm_msgs/include/tm_msgs/tm_msgs/msg/detail/feedback_state__rosidl_typesupport_introspection_cpp.hpp
[2.630s] -- Up-to-date: /home/rslomron/MoMa/tm_custom/install/tm_msgs/include/tm_msgs/tm_msgs/msg/detail/sta_response__type_support.cpp
[2.630s] -- Up-to-date: /home/rslomron/MoMa/tm_custom/install/tm_msgs/include/tm_msgs/tm_msgs/msg/detail/sta_response__rosidl_typesupport_introspection_cpp.hpp
[2.630s] -- Up-to-date: /home/rslomron/MoMa/tm_custom/install/tm_msgs/include/tm_msgs/tm_msgs/msg/detail/sct_response__rosidl_typesupport_introspection_cpp.hpp
[2.635s] -- Up-to-date: /home/rslomron/MoMa/tm_custom/install/tm_msgs/include/tm_msgs/tm_msgs/msg/detail/svr_response__rosidl_typesupport_introspection_cpp.hpp
[2.635s] -- Up-to-date: /home/rslomron/MoMa/tm_custom/install/tm_msgs/include/tm_msgs/tm_msgs/msg/detail/sct_response__type_support.cpp
[2.635s] -- Up-to-date: /home/rslomron/MoMa/tm_custom/install/tm_msgs/include/tm_msgs/tm_msgs/srv
[2.635s] -- Up-to-date: /home/rslomron/MoMa/tm_custom/install/tm_msgs/include/tm_msgs/tm_msgs/srv/detail
[2.636s] -- Up-to-date: /home/rslomron/MoMa/tm_custom/install/tm_msgs/include/tm_msgs/tm_msgs/srv/detail/set_positions__rosidl_typesupport_introspection_cpp.hpp
[2.636s] -- Up-to-date: /home/rslomron/MoMa/tm_custom/install/tm_msgs/include/tm_msgs/tm_msgs/srv/detail/set_positions__type_support.cpp
[2.636s] -- Up-to-date: /home/rslomron/MoMa/tm_custom/install/tm_msgs/include/tm_msgs/tm_msgs/srv/detail/set_io__rosidl_typesupport_introspection_cpp.hpp
[2.636s] -- Up-to-date: /home/rslomron/MoMa/tm_custom/install/tm_msgs/include/tm_msgs/tm_msgs/srv/detail/set_event__type_support.cpp
[2.636s] -- Up-to-date: /home/rslomron/MoMa/tm_custom/install/tm_msgs/include/tm_msgs/tm_msgs/srv/detail/ask_item__type_support.cpp
[2.636s] -- Up-to-date: /home/rslomron/MoMa/tm_custom/install/tm_msgs/include/tm_msgs/tm_msgs/srv/detail/ask_sta__type_support.cpp
[2.636s] -- Up-to-date: /home/rslomron/MoMa/tm_custom/install/tm_msgs/include/tm_msgs/tm_msgs/srv/detail/write_item__type_support.cpp
[2.636s] -- Up-to-date: /home/rslomron/MoMa/tm_custom/install/tm_msgs/include/tm_msgs/tm_msgs/srv/detail/connect_tm__type_support.cpp
[2.637s] -- Up-to-date: /home/rslomron/MoMa/tm_custom/install/tm_msgs/include/tm_msgs/tm_msgs/srv/detail/ask_sta__rosidl_typesupport_introspection_cpp.hpp
[2.637s] -- Up-to-date: /home/rslomron/MoMa/tm_custom/install/tm_msgs/include/tm_msgs/tm_msgs/srv/detail/send_script__type_support.cpp
[2.637s] -- Up-to-date: /home/rslomron/MoMa/tm_custom/install/tm_msgs/include/tm_msgs/tm_msgs/srv/detail/send_script__rosidl_typesupport_introspection_cpp.hpp
[2.637s] -- Up-to-date: /home/rslomron/MoMa/tm_custom/install/tm_msgs/include/tm_msgs/tm_msgs/srv/detail/write_item__rosidl_typesupport_introspection_cpp.hpp
[2.637s] -- Up-to-date: /home/rslomron/MoMa/tm_custom/install/tm_msgs/include/tm_msgs/tm_msgs/srv/detail/set_io__type_support.cpp
[2.637s] -- Up-to-date: /home/rslomron/MoMa/tm_custom/install/tm_msgs/include/tm_msgs/tm_msgs/srv/detail/ask_item__rosidl_typesupport_introspection_cpp.hpp
[2.637s] -- Up-to-date: /home/rslomron/MoMa/tm_custom/install/tm_msgs/include/tm_msgs/tm_msgs/srv/detail/connect_tm__rosidl_typesupport_introspection_cpp.hpp
[2.638s] -- Up-to-date: /home/rslomron/MoMa/tm_custom/install/tm_msgs/include/tm_msgs/tm_msgs/srv/detail/set_event__rosidl_typesupport_introspection_cpp.hpp
[2.638s] -- Up-to-date: /home/rslomron/MoMa/tm_custom/install/tm_msgs/lib/libtm_msgs__rosidl_typesupport_introspection_cpp.so
[2.638s] -- Up-to-date: /home/rslomron/MoMa/tm_custom/install/tm_msgs/lib/libtm_msgs__rosidl_typesupport_cpp.so
[2.638s] -- Up-to-date: /home/rslomron/MoMa/tm_custom/install/tm_msgs/share/tm_msgs/environment/pythonpath.sh
[2.638s] -- Up-to-date: /home/rslomron/MoMa/tm_custom/install/tm_msgs/share/tm_msgs/environment/pythonpath.dsv
[2.638s] -- Up-to-date: /home/rslomron/MoMa/tm_custom/install/tm_msgs/local/lib/python3.10/dist-packages/tm_msgs-1.1.2-py3.10.egg-info
[2.638s] -- Installing: /home/rslomron/MoMa/tm_custom/install/tm_msgs/local/lib/python3.10/dist-packages/tm_msgs-1.1.2-py3.10.egg-info/top_level.txt
[2.639s] -- Installing: /home/rslomron/MoMa/tm_custom/install/tm_msgs/local/lib/python3.10/dist-packages/tm_msgs-1.1.2-py3.10.egg-info/PKG-INFO
[2.639s] -- Installing: /home/rslomron/MoMa/tm_custom/install/tm_msgs/local/lib/python3.10/dist-packages/tm_msgs-1.1.2-py3.10.egg-info/dependency_links.txt
[2.639s] -- Installing: /home/rslomron/MoMa/tm_custom/install/tm_msgs/local/lib/python3.10/dist-packages/tm_msgs-1.1.2-py3.10.egg-info/SOURCES.txt
[2.639s] -- Up-to-date: /home/rslomron/MoMa/tm_custom/install/tm_msgs/local/lib/python3.10/dist-packages/tm_msgs
[2.639s] -- Up-to-date: /home/rslomron/MoMa/tm_custom/install/tm_msgs/local/lib/python3.10/dist-packages/tm_msgs/msg
[2.648s] -- Up-to-date: /home/rslomron/MoMa/tm_custom/install/tm_msgs/local/lib/python3.10/dist-packages/tm_msgs/msg/_svr_response_s.c
[2.648s] -- Up-to-date: /home/rslomron/MoMa/tm_custom/install/tm_msgs/local/lib/python3.10/dist-packages/tm_msgs/msg/_sta_response_s.c
[2.648s] -- Up-to-date: /home/rslomron/MoMa/tm_custom/install/tm_msgs/local/lib/python3.10/dist-packages/tm_msgs/msg/_feedback_state_s.c
[2.648s] -- Up-to-date: /home/rslomron/MoMa/tm_custom/install/tm_msgs/local/lib/python3.10/dist-packages/tm_msgs/msg/_sct_response.py
[2.648s] -- Up-to-date: /home/rslomron/MoMa/tm_custom/install/tm_msgs/local/lib/python3.10/dist-packages/tm_msgs/msg/_sta_response.py
[2.649s] -- Up-to-date: /home/rslomron/MoMa/tm_custom/install/tm_msgs/local/lib/python3.10/dist-packages/tm_msgs/msg/__init__.py
[2.649s] -- Up-to-date: /home/rslomron/MoMa/tm_custom/install/tm_msgs/local/lib/python3.10/dist-packages/tm_msgs/msg/_svr_response.py
[2.649s] -- Up-to-date: /home/rslomron/MoMa/tm_custom/install/tm_msgs/local/lib/python3.10/dist-packages/tm_msgs/msg/_sct_response_s.c
[2.649s] -- Up-to-date: /home/rslomron/MoMa/tm_custom/install/tm_msgs/local/lib/python3.10/dist-packages/tm_msgs/msg/_feedback_state.py
[2.649s] -- Up-to-date: /home/rslomron/MoMa/tm_custom/install/tm_msgs/local/lib/python3.10/dist-packages/tm_msgs/tm_msgs_s__rosidl_typesupport_introspection_c.cpython-310-x86_64-linux-gnu.so
[2.649s] -- Up-to-date: /home/rslomron/MoMa/tm_custom/install/tm_msgs/local/lib/python3.10/dist-packages/tm_msgs/_tm_msgs_s.ep.rosidl_typesupport_introspection_c.c
[2.649s] -- Up-to-date: /home/rslomron/MoMa/tm_custom/install/tm_msgs/local/lib/python3.10/dist-packages/tm_msgs/libtm_msgs__rosidl_generator_py.so
[2.649s] -- Up-to-date: /home/rslomron/MoMa/tm_custom/install/tm_msgs/local/lib/python3.10/dist-packages/tm_msgs/_tm_msgs_s.ep.rosidl_typesupport_fastrtps_c.c
[2.650s] -- Up-to-date: /home/rslomron/MoMa/tm_custom/install/tm_msgs/local/lib/python3.10/dist-packages/tm_msgs/__init__.py
[2.650s] -- Up-to-date: /home/rslomron/MoMa/tm_custom/install/tm_msgs/local/lib/python3.10/dist-packages/tm_msgs/srv
[2.650s] -- Up-to-date: /home/rslomron/MoMa/tm_custom/install/tm_msgs/local/lib/python3.10/dist-packages/tm_msgs/srv/_write_item.py
[2.650s] -- Up-to-date: /home/rslomron/MoMa/tm_custom/install/tm_msgs/local/lib/python3.10/dist-packages/tm_msgs/srv/_ask_item.py
[2.650s] -- Up-to-date: /home/rslomron/MoMa/tm_custom/install/tm_msgs/local/lib/python3.10/dist-packages/tm_msgs/srv/_send_script.py
[2.650s] -- Up-to-date: /home/rslomron/MoMa/tm_custom/install/tm_msgs/local/lib/python3.10/dist-packages/tm_msgs/srv/_set_positions_s.c
[2.650s] -- Up-to-date: /home/rslomron/MoMa/tm_custom/install/tm_msgs/local/lib/python3.10/dist-packages/tm_msgs/srv/_ask_item_s.c
[2.650s] -- Up-to-date: /home/rslomron/MoMa/tm_custom/install/tm_msgs/local/lib/python3.10/dist-packages/tm_msgs/srv/_set_io_s.c
[2.650s] -- Up-to-date: /home/rslomron/MoMa/tm_custom/install/tm_msgs/local/lib/python3.10/dist-packages/tm_msgs/srv/_send_script_s.c
[2.651s] -- Up-to-date: /home/rslomron/MoMa/tm_custom/install/tm_msgs/local/lib/python3.10/dist-packages/tm_msgs/srv/_set_positions.py
[2.651s] -- Up-to-date: /home/rslomron/MoMa/tm_custom/install/tm_msgs/local/lib/python3.10/dist-packages/tm_msgs/srv/_connect_tm_s.c
[2.651s] -- Up-to-date: /home/rslomron/MoMa/tm_custom/install/tm_msgs/local/lib/python3.10/dist-packages/tm_msgs/srv/_set_event.py
[2.651s] -- Up-to-date: /home/rslomron/MoMa/tm_custom/install/tm_msgs/local/lib/python3.10/dist-packages/tm_msgs/srv/_ask_sta_s.c
[2.651s] -- Up-to-date: /home/rslomron/MoMa/tm_custom/install/tm_msgs/local/lib/python3.10/dist-packages/tm_msgs/srv/_ask_sta.py
[2.651s] -- Up-to-date: /home/rslomron/MoMa/tm_custom/install/tm_msgs/local/lib/python3.10/dist-packages/tm_msgs/srv/_set_event_s.c
[2.651s] -- Up-to-date: /home/rslomron/MoMa/tm_custom/install/tm_msgs/local/lib/python3.10/dist-packages/tm_msgs/srv/_set_io.py
[2.652s] -- Up-to-date: /home/rslomron/MoMa/tm_custom/install/tm_msgs/local/lib/python3.10/dist-packages/tm_msgs/srv/__init__.py
[2.652s] -- Up-to-date: /home/rslomron/MoMa/tm_custom/install/tm_msgs/local/lib/python3.10/dist-packages/tm_msgs/srv/_write_item_s.c
[2.652s] -- Up-to-date: /home/rslomron/MoMa/tm_custom/install/tm_msgs/local/lib/python3.10/dist-packages/tm_msgs/srv/_connect_tm.py
[2.652s] -- Up-to-date: /home/rslomron/MoMa/tm_custom/install/tm_msgs/local/lib/python3.10/dist-packages/tm_msgs/_tm_msgs_s.ep.rosidl_typesupport_c.c
[2.652s] -- Up-to-date: /home/rslomron/MoMa/tm_custom/install/tm_msgs/local/lib/python3.10/dist-packages/tm_msgs/tm_msgs_s__rosidl_typesupport_fastrtps_c.cpython-310-x86_64-linux-gnu.so
[2.652s] -- Up-to-date: /home/rslomron/MoMa/tm_custom/install/tm_msgs/local/lib/python3.10/dist-packages/tm_msgs/tm_msgs_s__rosidl_typesupport_c.cpython-310-x86_64-linux-gnu.so
[2.776s] Listing '/home/rslomron/MoMa/tm_custom/install/tm_msgs/local/lib/python3.10/dist-packages/tm_msgs'...
[2.777s] Listing '/home/rslomron/MoMa/tm_custom/install/tm_msgs/local/lib/python3.10/dist-packages/tm_msgs/msg'...
[2.777s] Listing '/home/rslomron/MoMa/tm_custom/install/tm_msgs/local/lib/python3.10/dist-packages/tm_msgs/srv'...
[2.787s] -- Up-to-date: /home/rslomron/MoMa/tm_custom/install/tm_msgs/local/lib/python3.10/dist-packages/tm_msgs/tm_msgs_s__rosidl_typesupport_fastrtps_c.cpython-310-x86_64-linux-gnu.so
[2.788s] -- Up-to-date: /home/rslomron/MoMa/tm_custom/install/tm_msgs/local/lib/python3.10/dist-packages/tm_msgs/tm_msgs_s__rosidl_typesupport_introspection_c.cpython-310-x86_64-linux-gnu.so
[2.789s] -- Up-to-date: /home/rslomron/MoMa/tm_custom/install/tm_msgs/local/lib/python3.10/dist-packages/tm_msgs/tm_msgs_s__rosidl_typesupport_c.cpython-310-x86_64-linux-gnu.so
[2.789s] -- Up-to-date: /home/rslomron/MoMa/tm_custom/install/tm_msgs/lib/libtm_msgs__rosidl_generator_py.so
[2.789s] -- Up-to-date: /home/rslomron/MoMa/tm_custom/install/tm_msgs/share/tm_msgs/msg/FeedbackState.idl
[2.789s] -- Up-to-date: /home/rslomron/MoMa/tm_custom/install/tm_msgs/share/tm_msgs/msg/SvrResponse.idl
[2.789s] -- Up-to-date: /home/rslomron/MoMa/tm_custom/install/tm_msgs/share/tm_msgs/msg/SctResponse.idl
[2.789s] -- Up-to-date: /home/rslomron/MoMa/tm_custom/install/tm_msgs/share/tm_msgs/msg/StaResponse.idl
[2.789s] -- Up-to-date: /home/rslomron/MoMa/tm_custom/install/tm_msgs/share/tm_msgs/srv/ConnectTM.idl
[2.789s] -- Up-to-date: /home/rslomron/MoMa/tm_custom/install/tm_msgs/share/tm_msgs/srv/WriteItem.idl
[2.789s] -- Up-to-date: /home/rslomron/MoMa/tm_custom/install/tm_msgs/share/tm_msgs/srv/AskItem.idl
[2.790s] -- Up-to-date: /home/rslomron/MoMa/tm_custom/install/tm_msgs/share/tm_msgs/srv/SendScript.idl
[2.790s] -- Up-to-date: /home/rslomron/MoMa/tm_custom/install/tm_msgs/share/tm_msgs/srv/SetEvent.idl
[2.790s] -- Up-to-date: /home/rslomron/MoMa/tm_custom/install/tm_msgs/share/tm_msgs/srv/SetIO.idl
[2.790s] -- Up-to-date: /home/rslomron/MoMa/tm_custom/install/tm_msgs/share/tm_msgs/srv/SetPositions.idl
[2.790s] -- Up-to-date: /home/rslomron/MoMa/tm_custom/install/tm_msgs/share/tm_msgs/srv/AskSta.idl
[2.790s] -- Up-to-date: /home/rslomron/MoMa/tm_custom/install/tm_msgs/share/tm_msgs/msg/FeedbackState.msg
[2.790s] -- Up-to-date: /home/rslomron/MoMa/tm_custom/install/tm_msgs/share/tm_msgs/msg/SvrResponse.msg
[2.790s] -- Up-to-date: /home/rslomron/MoMa/tm_custom/install/tm_msgs/share/tm_msgs/msg/SctResponse.msg
[2.790s] -- Up-to-date: /home/rslomron/MoMa/tm_custom/install/tm_msgs/share/tm_msgs/msg/StaResponse.msg
[2.791s] -- Up-to-date: /home/rslomron/MoMa/tm_custom/install/tm_msgs/share/tm_msgs/srv/ConnectTM.srv
[2.791s] -- Up-to-date: /home/rslomron/MoMa/tm_custom/install/tm_msgs/share/tm_msgs/srv/ConnectTM_Request.msg
[2.791s] -- Up-to-date: /home/rslomron/MoMa/tm_custom/install/tm_msgs/share/tm_msgs/srv/ConnectTM_Response.msg
[2.792s] -- Up-to-date: /home/rslomron/MoMa/tm_custom/install/tm_msgs/share/tm_msgs/srv/WriteItem.srv
[2.793s] -- Up-to-date: /home/rslomron/MoMa/tm_custom/install/tm_msgs/share/tm_msgs/srv/WriteItem_Request.msg
[2.794s] -- Up-to-date: /home/rslomron/MoMa/tm_custom/install/tm_msgs/share/tm_msgs/srv/WriteItem_Response.msg
[2.796s] -- Up-to-date: /home/rslomron/MoMa/tm_custom/install/tm_msgs/share/tm_msgs/srv/AskItem.srv
[2.796s] -- Up-to-date: /home/rslomron/MoMa/tm_custom/install/tm_msgs/share/tm_msgs/srv/AskItem_Request.msg
[2.796s] -- Up-to-date: /home/rslomron/MoMa/tm_custom/install/tm_msgs/share/tm_msgs/srv/AskItem_Response.msg
[2.796s] -- Up-to-date: /home/rslomron/MoMa/tm_custom/install/tm_msgs/share/tm_msgs/srv/SendScript.srv
[2.797s] -- Up-to-date: /home/rslomron/MoMa/tm_custom/install/tm_msgs/share/tm_msgs/srv/SendScript_Request.msg
[2.797s] -- Up-to-date: /home/rslomron/MoMa/tm_custom/install/tm_msgs/share/tm_msgs/srv/SendScript_Response.msg
[2.797s] -- Up-to-date: /home/rslomron/MoMa/tm_custom/install/tm_msgs/share/tm_msgs/srv/SetEvent.srv
[2.797s] -- Up-to-date: /home/rslomron/MoMa/tm_custom/install/tm_msgs/share/tm_msgs/srv/SetEvent_Request.msg
[2.797s] -- Up-to-date: /home/rslomron/MoMa/tm_custom/install/tm_msgs/share/tm_msgs/srv/SetEvent_Response.msg
[2.797s] -- Up-to-date: /home/rslomron/MoMa/tm_custom/install/tm_msgs/share/tm_msgs/srv/SetIO.srv
[2.797s] -- Up-to-date: /home/rslomron/MoMa/tm_custom/install/tm_msgs/share/tm_msgs/srv/SetIO_Request.msg
[2.798s] -- Up-to-date: /home/rslomron/MoMa/tm_custom/install/tm_msgs/share/tm_msgs/srv/SetIO_Response.msg
[2.798s] -- Up-to-date: /home/rslomron/MoMa/tm_custom/install/tm_msgs/share/tm_msgs/srv/SetPositions.srv
[2.798s] -- Up-to-date: /home/rslomron/MoMa/tm_custom/install/tm_msgs/share/tm_msgs/srv/SetPositions_Request.msg
[2.798s] -- Up-to-date: /home/rslomron/MoMa/tm_custom/install/tm_msgs/share/tm_msgs/srv/SetPositions_Response.msg
[2.798s] -- Up-to-date: /home/rslomron/MoMa/tm_custom/install/tm_msgs/share/tm_msgs/srv/AskSta.srv
[2.798s] -- Up-to-date: /home/rslomron/MoMa/tm_custom/install/tm_msgs/share/tm_msgs/srv/AskSta_Request.msg
[2.798s] -- Up-to-date: /home/rslomron/MoMa/tm_custom/install/tm_msgs/share/tm_msgs/srv/AskSta_Response.msg
[2.798s] -- Up-to-date: /home/rslomron/MoMa/tm_custom/install/tm_msgs/share/ament_index/resource_index/package_run_dependencies/tm_msgs
[2.803s] -- Up-to-date: /home/rslomron/MoMa/tm_custom/install/tm_msgs/share/ament_index/resource_index/parent_prefix_path/tm_msgs
[2.804s] -- Up-to-date: /home/rslomron/MoMa/tm_custom/install/tm_msgs/share/tm_msgs/environment/ament_prefix_path.sh
[2.804s] -- Up-to-date: /home/rslomron/MoMa/tm_custom/install/tm_msgs/share/tm_msgs/environment/ament_prefix_path.dsv
[2.807s] -- Up-to-date: /home/rslomron/MoMa/tm_custom/install/tm_msgs/share/tm_msgs/environment/path.sh
[2.839s] -- Up-to-date: /home/rslomron/MoMa/tm_custom/install/tm_msgs/share/tm_msgs/environment/path.dsv
[2.840s] -- Up-to-date: /home/rslomron/MoMa/tm_custom/install/tm_msgs/share/tm_msgs/local_setup.bash
[2.840s] -- Up-to-date: /home/rslomron/MoMa/tm_custom/install/tm_msgs/share/tm_msgs/local_setup.sh
[2.840s] -- Up-to-date: /home/rslomron/MoMa/tm_custom/install/tm_msgs/share/tm_msgs/local_setup.zsh
[2.841s] -- Up-to-date: /home/rslomron/MoMa/tm_custom/install/tm_msgs/share/tm_msgs/local_setup.dsv
[2.841s] -- Installing: /home/rslomron/MoMa/tm_custom/install/tm_msgs/share/tm_msgs/package.dsv
[2.841s] -- Up-to-date: /home/rslomron/MoMa/tm_custom/install/tm_msgs/share/ament_index/resource_index/packages/tm_msgs
[2.841s] -- Up-to-date: /home/rslomron/MoMa/tm_custom/install/tm_msgs/share/tm_msgs/cmake/export_tm_msgs__rosidl_generator_cExport.cmake
[2.841s] -- Up-to-date: /home/rslomron/MoMa/tm_custom/install/tm_msgs/share/tm_msgs/cmake/export_tm_msgs__rosidl_generator_cExport-noconfig.cmake
[2.841s] -- Up-to-date: /home/rslomron/MoMa/tm_custom/install/tm_msgs/share/tm_msgs/cmake/export_tm_msgs__rosidl_typesupport_fastrtps_cExport.cmake
[2.841s] -- Up-to-date: /home/rslomron/MoMa/tm_custom/install/tm_msgs/share/tm_msgs/cmake/export_tm_msgs__rosidl_typesupport_fastrtps_cExport-noconfig.cmake
[2.841s] -- Up-to-date: /home/rslomron/MoMa/tm_custom/install/tm_msgs/share/tm_msgs/cmake/export_tm_msgs__rosidl_generator_cppExport.cmake
[2.841s] -- Up-to-date: /home/rslomron/MoMa/tm_custom/install/tm_msgs/share/tm_msgs/cmake/export_tm_msgs__rosidl_typesupport_fastrtps_cppExport.cmake
[2.842s] -- Up-to-date: /home/rslomron/MoMa/tm_custom/install/tm_msgs/share/tm_msgs/cmake/export_tm_msgs__rosidl_typesupport_fastrtps_cppExport-noconfig.cmake
[2.842s] -- Up-to-date: /home/rslomron/MoMa/tm_custom/install/tm_msgs/share/tm_msgs/cmake/tm_msgs__rosidl_typesupport_introspection_cExport.cmake
[2.842s] -- Up-to-date: /home/rslomron/MoMa/tm_custom/install/tm_msgs/share/tm_msgs/cmake/tm_msgs__rosidl_typesupport_introspection_cExport-noconfig.cmake
[2.842s] -- Up-to-date: /home/rslomron/MoMa/tm_custom/install/tm_msgs/share/tm_msgs/cmake/tm_msgs__rosidl_typesupport_cExport.cmake
[2.842s] -- Up-to-date: /home/rslomron/MoMa/tm_custom/install/tm_msgs/share/tm_msgs/cmake/tm_msgs__rosidl_typesupport_cExport-noconfig.cmake
[2.842s] -- Up-to-date: /home/rslomron/MoMa/tm_custom/install/tm_msgs/share/tm_msgs/cmake/tm_msgs__rosidl_typesupport_introspection_cppExport.cmake
[2.842s] -- Up-to-date: /home/rslomron/MoMa/tm_custom/install/tm_msgs/share/tm_msgs/cmake/tm_msgs__rosidl_typesupport_introspection_cppExport-noconfig.cmake
[2.843s] -- Up-to-date: /home/rslomron/MoMa/tm_custom/install/tm_msgs/share/tm_msgs/cmake/tm_msgs__rosidl_typesupport_cppExport.cmake
[2.843s] -- Up-to-date: /home/rslomron/MoMa/tm_custom/install/tm_msgs/share/tm_msgs/cmake/tm_msgs__rosidl_typesupport_cppExport-noconfig.cmake
[2.843s] -- Up-to-date: /home/rslomron/MoMa/tm_custom/install/tm_msgs/share/tm_msgs/cmake/export_tm_msgs__rosidl_generator_pyExport.cmake
[2.843s] -- Up-to-date: /home/rslomron/MoMa/tm_custom/install/tm_msgs/share/tm_msgs/cmake/export_tm_msgs__rosidl_generator_pyExport-noconfig.cmake
[2.843s] -- Up-to-date: /home/rslomron/MoMa/tm_custom/install/tm_msgs/share/tm_msgs/cmake/rosidl_cmake-extras.cmake
[2.843s] -- Up-to-date: /home/rslomron/MoMa/tm_custom/install/tm_msgs/share/tm_msgs/cmake/ament_cmake_export_dependencies-extras.cmake
[2.843s] -- Up-to-date: /home/rslomron/MoMa/tm_custom/install/tm_msgs/share/tm_msgs/cmake/ament_cmake_export_include_directories-extras.cmake
[2.843s] -- Up-to-date: /home/rslomron/MoMa/tm_custom/install/tm_msgs/share/tm_msgs/cmake/ament_cmake_export_libraries-extras.cmake
[2.843s] -- Up-to-date: /home/rslomron/MoMa/tm_custom/install/tm_msgs/share/tm_msgs/cmake/ament_cmake_export_targets-extras.cmake
[2.844s] -- Up-to-date: /home/rslomron/MoMa/tm_custom/install/tm_msgs/share/tm_msgs/cmake/rosidl_cmake_export_typesupport_targets-extras.cmake
[2.844s] -- Up-to-date: /home/rslomron/MoMa/tm_custom/install/tm_msgs/share/tm_msgs/cmake/rosidl_cmake_export_typesupport_libraries-extras.cmake
[2.844s] -- Up-to-date: /home/rslomron/MoMa/tm_custom/install/tm_msgs/share/tm_msgs/cmake/tm_msgsConfig.cmake
[2.844s] -- Up-to-date: /home/rslomron/MoMa/tm_custom/install/tm_msgs/share/tm_msgs/cmake/tm_msgsConfig-version.cmake
[2.844s] -- Up-to-date: /home/rslomron/MoMa/tm_custom/install/tm_msgs/share/tm_msgs/package.xml
[2.875s] Invoked command in '/home/rslomron/MoMa/tm_custom/build/tm_msgs' returned '0': CMAKE_PREFIX_PATH=${CMAKE_PREFIX_PATH}:/home/rslomron/MoMa/tm_custom/install/tm_mod_urdf:/home/rslomron/MoMa/tm_custom/install/techman_robot_get_status:/home/rslomron/MoMa/tm_custom/install/python_demo:/home/rslomron/MoMa/tm_custom/install/arm_subscriber:/opt/ros/humble /usr/bin/cmake --install /home/rslomron/MoMa/tm_custom/build/tm_msgs
