[0.036s] Invoking command in '/home/rslomron/tm_custom/build/tm_moveit_config_tm12': AMENT_PREFIX_PATH=/home/rslomron/tm_custom/install/tm_description:${AMENT_PREFIX_PATH} CMAKE_PREFIX_PATH=/home/rslomron/tm_custom/install/tm_description:/opt/ros/humble /usr/bin/cmake --build /home/rslomron/tm_custom/build/tm_moveit_config_tm12 -- -j8 -l8
[0.086s] Invoked command in '/home/rslomron/tm_custom/build/tm_moveit_config_tm12' returned '0': AMENT_PREFIX_PATH=/home/rslomron/tm_custom/install/tm_description:${AMENT_PREFIX_PATH} CMAKE_PREFIX_PATH=/home/rslomron/tm_custom/install/tm_description:/opt/ros/humble /usr/bin/cmake --build /home/rslomron/tm_custom/build/tm_moveit_config_tm12 -- -j8 -l8
[0.113s] Invoking command in '/home/rslomron/tm_custom/build/tm_moveit_config_tm12': AMENT_PREFIX_PATH=/home/rslomron/tm_custom/install/tm_description:${AMENT_PREFIX_PATH} CMAKE_PREFIX_PATH=/home/rslomron/tm_custom/install/tm_description:/opt/ros/humble /usr/bin/cmake --install /home/rslomron/tm_custom/build/tm_moveit_config_tm12
[0.125s] -- Install configuration: ""
[0.126s] -- Up-to-date: /home/rslomron/tm_custom/install/tm_moveit_config_tm12/share/ament_index/resource_index/package_run_dependencies/tm_moveit_config_tm12
[0.126s] -- Up-to-date: /home/rslomron/tm_custom/install/tm_moveit_config_tm12/share/ament_index/resource_index/parent_prefix_path/tm_moveit_config_tm12
[0.126s] -- Up-to-date: /home/rslomron/tm_custom/install/tm_moveit_config_tm12/share/tm_moveit_config_tm12/environment/ament_prefix_path.sh
[0.126s] -- Up-to-date: /home/rslomron/tm_custom/install/tm_moveit_config_tm12/share/tm_moveit_config_tm12/environment/ament_prefix_path.dsv
[0.126s] -- Up-to-date: /home/rslomron/tm_custom/install/tm_moveit_config_tm12/share/tm_moveit_config_tm12/environment/path.sh
[0.126s] -- Up-to-date: /home/rslomron/tm_custom/install/tm_moveit_config_tm12/share/tm_moveit_config_tm12/environment/path.dsv
[0.127s] -- Up-to-date: /home/rslomron/tm_custom/install/tm_moveit_config_tm12/share/tm_moveit_config_tm12/local_setup.bash
[0.127s] -- Up-to-date: /home/rslomron/tm_custom/install/tm_moveit_config_tm12/share/tm_moveit_config_tm12/local_setup.sh
[0.127s] -- Up-to-date: /home/rslomron/tm_custom/install/tm_moveit_config_tm12/share/tm_moveit_config_tm12/local_setup.zsh
[0.127s] -- Up-to-date: /home/rslomron/tm_custom/install/tm_moveit_config_tm12/share/tm_moveit_config_tm12/local_setup.dsv
[0.128s] -- Installing: /home/rslomron/tm_custom/install/tm_moveit_config_tm12/share/tm_moveit_config_tm12/package.dsv
[0.128s] -- Up-to-date: /home/rslomron/tm_custom/install/tm_moveit_config_tm12/share/ament_index/resource_index/packages/tm_moveit_config_tm12
[0.128s] -- Up-to-date: /home/rslomron/tm_custom/install/tm_moveit_config_tm12/share/tm_moveit_config_tm12/cmake/tm_moveit_config_tm12Config.cmake
[0.128s] -- Up-to-date: /home/rslomron/tm_custom/install/tm_moveit_config_tm12/share/tm_moveit_config_tm12/cmake/tm_moveit_config_tm12Config-version.cmake
[0.129s] -- Up-to-date: /home/rslomron/tm_custom/install/tm_moveit_config_tm12/share/tm_moveit_config_tm12/package.xml
[0.132s] Invoked command in '/home/rslomron/tm_custom/build/tm_moveit_config_tm12' returned '0': AMENT_PREFIX_PATH=/home/rslomron/tm_custom/install/tm_description:${AMENT_PREFIX_PATH} CMAKE_PREFIX_PATH=/home/rslomron/tm_custom/install/tm_description:/opt/ros/humble /usr/bin/cmake --install /home/rslomron/tm_custom/build/tm_moveit_config_tm12
