[0.000000] (-) TimerEvent: {}
[0.000328] (-) JobUnselected: {'identifier': 'custom_package'}
[0.000481] (-) JobUnselected: {'identifier': 'demo'}
[0.000547] (-) JobUnselected: {'identifier': 'python_demo'}
[0.000578] (-) JobUnselected: {'identifier': 'techman_robot_get_status'}
[0.000650] (-) JobUnselected: {'identifier': 'techman_robot_msgs'}
[0.000715] (-) JobUnselected: {'identifier': 'tm_description'}
[0.000791] (-) JobUnselected: {'identifier': 'tm_driver'}
[0.000835] (-) JobUnselected: {'identifier': 'tm_mod_urdf'}
[0.000854] (-) JobUnselected: {'identifier': 'tm_moveit_config_tm12'}
[0.000871] (-) JobUnselected: {'identifier': 'tm_moveit_config_tm12x'}
[0.000888] (-) JobUnselected: {'identifier': 'tm_moveit_config_tm14'}
[0.000904] (-) JobUnselected: {'identifier': 'tm_moveit_config_tm14x'}
[0.000921] (-) JobUnselected: {'identifier': 'tm_moveit_config_tm5-700'}
[0.000938] (-) JobUnselected: {'identifier': 'tm_moveit_config_tm5-900'}
[0.000955] (-) JobUnselected: {'identifier': 'tm_moveit_config_tm5x-700'}
[0.000971] (-) JobUnselected: {'identifier': 'tm_moveit_config_tm5x-900'}
[0.000988] (-) JobUnselected: {'identifier': 'tm_moveit_cpp_demo'}
[0.001006] (-) JobUnselected: {'identifier': 'tm_msgs'}
[0.001023] (-) JobUnselected: {'identifier': 'ui_for_debug_and_demo'}
[0.001041] (-) EventReactorShutdown: {}
