[0.128s] DEBUG:colcon:Command line arguments: ['/usr/bin/colcon', 'build', '--packages-select', 'testes']
[0.128s] DEBUG:colcon:Parsed command line arguments: Namespace(log_base=None, log_level=None, verb_name='build', build_base='build', install_base='install', merge_install=False, symlink_install=False, test_result_base=None, continue_on_error=False, executor='parallel', parallel_workers=8, event_handlers=None, ignore_user_meta=False, metas=['./colcon.meta'], base_paths=['.'], packages_ignore=None, packages_ignore_regex=None, paths=None, packages_up_to=None, packages_up_to_regex=None, packages_above=None, packages_above_and_dependencies=None, packages_above_depth=None, packages_select_by_dep=None, packages_skip_by_dep=None, packages_skip_up_to=None, packages_select_build_failed=False, packages_skip_build_finished=False, packages_select_test_failures=False, packages_skip_test_passed=False, packages_select=['testes'], packages_skip=None, packages_select_regex=None, packages_skip_regex=None, packages_start=None, packages_end=None, allow_overriding=[], cmake_args=None, cmake_target=None, cmake_target_skip_unavailable=False, cmake_clean_cache=False, cmake_clean_first=False, cmake_force_configure=False, ament_cmake_args=None, catkin_cmake_args=None, catkin_skip_building_tests=False, mixin_files=None, mixin=None, verb_parser=<colcon_mixin.mixin.mixin_argument.MixinArgumentDecorator object at 0x72af4cbcf6d0>, verb_extension=<colcon_core.verb.build.BuildVerb object at 0x72af4cbcf0d0>, main=<bound method BuildVerb.main of <colcon_core.verb.build.BuildVerb object at 0x72af4cbcf0d0>>, mixin_verb=('build',))
[0.341s] Level 1:colcon.colcon_core.package_discovery:discover_packages(colcon_meta) check parameters
[0.341s] Level 1:colcon.colcon_core.package_discovery:discover_packages(recursive) check parameters
[0.341s] Level 1:colcon.colcon_core.package_discovery:discover_packages(ignore) check parameters
[0.341s] Level 1:colcon.colcon_core.package_discovery:discover_packages(path) check parameters
[0.341s] Level 1:colcon.colcon_core.package_discovery:discover_packages(colcon_meta) discover
[0.341s] Level 1:colcon.colcon_core.package_discovery:discover_packages(recursive) discover
[0.341s] INFO:colcon.colcon_core.package_discovery:Crawling recursively for packages in '/home/rslomron/tm_custom'
[0.341s] Level 1:colcon.colcon_core.package_identification:_identify(.) by extensions ['ignore', 'ignore_ament_install']
[0.341s] Level 1:colcon.colcon_core.package_identification:_identify(.) by extension 'ignore'
[0.341s] Level 1:colcon.colcon_core.package_identification:_identify(.) by extension 'ignore_ament_install'
[0.342s] Level 1:colcon.colcon_core.package_identification:_identify(.) by extensions ['colcon_pkg']
[0.342s] Level 1:colcon.colcon_core.package_identification:_identify(.) by extension 'colcon_pkg'
[0.342s] Level 1:colcon.colcon_core.package_identification:_identify(.) by extensions ['colcon_meta']
[0.342s] Level 1:colcon.colcon_core.package_identification:_identify(.) by extension 'colcon_meta'
[0.342s] Level 1:colcon.colcon_core.package_identification:_identify(.) by extensions ['ros']
[0.342s] Level 1:colcon.colcon_core.package_identification:_identify(.) by extension 'ros'
[0.353s] Level 1:colcon.colcon_core.package_identification:_identify(.) by extensions ['cmake', 'python']
[0.353s] Level 1:colcon.colcon_core.package_identification:_identify(.) by extension 'cmake'
[0.354s] Level 1:colcon.colcon_core.package_identification:_identify(.) by extension 'python'
[0.354s] Level 1:colcon.colcon_core.package_identification:_identify(.) by extensions ['python_setup_py']
[0.354s] Level 1:colcon.colcon_core.package_identification:_identify(.) by extension 'python_setup_py'
[0.354s] Level 1:colcon.colcon_core.package_identification:_identify(build) by extensions ['ignore', 'ignore_ament_install']
[0.354s] Level 1:colcon.colcon_core.package_identification:_identify(build) by extension 'ignore'
[0.354s] Level 1:colcon.colcon_core.package_identification:_identify(build) ignored
[0.354s] Level 1:colcon.colcon_core.package_identification:_identify(install) by extensions ['ignore', 'ignore_ament_install']
[0.354s] Level 1:colcon.colcon_core.package_identification:_identify(install) by extension 'ignore'
[0.354s] Level 1:colcon.colcon_core.package_identification:_identify(install) ignored
[0.354s] Level 1:colcon.colcon_core.package_identification:_identify(log) by extensions ['ignore', 'ignore_ament_install']
[0.355s] Level 1:colcon.colcon_core.package_identification:_identify(log) by extension 'ignore'
[0.355s] Level 1:colcon.colcon_core.package_identification:_identify(log) ignored
[0.355s] Level 1:colcon.colcon_core.package_identification:_identify(rosbag2_2024_05_09-14_42_06) by extensions ['ignore', 'ignore_ament_install']
[0.355s] Level 1:colcon.colcon_core.package_identification:_identify(rosbag2_2024_05_09-14_42_06) by extension 'ignore'
[0.355s] Level 1:colcon.colcon_core.package_identification:_identify(rosbag2_2024_05_09-14_42_06) by extension 'ignore_ament_install'
[0.355s] Level 1:colcon.colcon_core.package_identification:_identify(rosbag2_2024_05_09-14_42_06) by extensions ['colcon_pkg']
[0.355s] Level 1:colcon.colcon_core.package_identification:_identify(rosbag2_2024_05_09-14_42_06) by extension 'colcon_pkg'
[0.355s] Level 1:colcon.colcon_core.package_identification:_identify(rosbag2_2024_05_09-14_42_06) by extensions ['colcon_meta']
[0.355s] Level 1:colcon.colcon_core.package_identification:_identify(rosbag2_2024_05_09-14_42_06) by extension 'colcon_meta'
[0.355s] Level 1:colcon.colcon_core.package_identification:_identify(rosbag2_2024_05_09-14_42_06) by extensions ['ros']
[0.355s] Level 1:colcon.colcon_core.package_identification:_identify(rosbag2_2024_05_09-14_42_06) by extension 'ros'
[0.355s] Level 1:colcon.colcon_core.package_identification:_identify(rosbag2_2024_05_09-14_42_06) by extensions ['cmake', 'python']
[0.355s] Level 1:colcon.colcon_core.package_identification:_identify(rosbag2_2024_05_09-14_42_06) by extension 'cmake'
[0.355s] Level 1:colcon.colcon_core.package_identification:_identify(rosbag2_2024_05_09-14_42_06) by extension 'python'
[0.355s] Level 1:colcon.colcon_core.package_identification:_identify(rosbag2_2024_05_09-14_42_06) by extensions ['python_setup_py']
[0.355s] Level 1:colcon.colcon_core.package_identification:_identify(rosbag2_2024_05_09-14_42_06) by extension 'python_setup_py'
[0.355s] Level 1:colcon.colcon_core.package_identification:_identify(src) by extensions ['ignore', 'ignore_ament_install']
[0.356s] Level 1:colcon.colcon_core.package_identification:_identify(src) by extension 'ignore'
[0.356s] Level 1:colcon.colcon_core.package_identification:_identify(src) by extension 'ignore_ament_install'
[0.356s] Level 1:colcon.colcon_core.package_identification:_identify(src) by extensions ['colcon_pkg']
[0.356s] Level 1:colcon.colcon_core.package_identification:_identify(src) by extension 'colcon_pkg'
[0.356s] Level 1:colcon.colcon_core.package_identification:_identify(src) by extensions ['colcon_meta']
[0.356s] Level 1:colcon.colcon_core.package_identification:_identify(src) by extension 'colcon_meta'
[0.356s] Level 1:colcon.colcon_core.package_identification:_identify(src) by extensions ['ros']
[0.356s] Level 1:colcon.colcon_core.package_identification:_identify(src) by extension 'ros'
[0.356s] Level 1:colcon.colcon_core.package_identification:_identify(src) by extensions ['cmake', 'python']
[0.356s] Level 1:colcon.colcon_core.package_identification:_identify(src) by extension 'cmake'
[0.356s] Level 1:colcon.colcon_core.package_identification:_identify(src) by extension 'python'
[0.356s] Level 1:colcon.colcon_core.package_identification:_identify(src) by extensions ['python_setup_py']
[0.356s] Level 1:colcon.colcon_core.package_identification:_identify(src) by extension 'python_setup_py'
[0.356s] Level 1:colcon.colcon_core.package_identification:_identify(src/custom_package) by extensions ['ignore', 'ignore_ament_install']
[0.356s] Level 1:colcon.colcon_core.package_identification:_identify(src/custom_package) by extension 'ignore'
[0.356s] Level 1:colcon.colcon_core.package_identification:_identify(src/custom_package) by extension 'ignore_ament_install'
[0.357s] Level 1:colcon.colcon_core.package_identification:_identify(src/custom_package) by extensions ['colcon_pkg']
[0.357s] Level 1:colcon.colcon_core.package_identification:_identify(src/custom_package) by extension 'colcon_pkg'
[0.357s] Level 1:colcon.colcon_core.package_identification:_identify(src/custom_package) by extensions ['colcon_meta']
[0.357s] Level 1:colcon.colcon_core.package_identification:_identify(src/custom_package) by extension 'colcon_meta'
[0.357s] Level 1:colcon.colcon_core.package_identification:_identify(src/custom_package) by extensions ['ros']
[0.357s] Level 1:colcon.colcon_core.package_identification:_identify(src/custom_package) by extension 'ros'
[0.359s] DEBUG:colcon.colcon_core.package_identification:Package 'src/custom_package' with type 'ros.ament_cmake' and name 'custom_package'
[0.359s] Level 1:colcon.colcon_core.package_identification:_identify(src/demo) by extensions ['ignore', 'ignore_ament_install']
[0.360s] Level 1:colcon.colcon_core.package_identification:_identify(src/demo) by extension 'ignore'
[0.360s] Level 1:colcon.colcon_core.package_identification:_identify(src/demo) by extension 'ignore_ament_install'
[0.360s] Level 1:colcon.colcon_core.package_identification:_identify(src/demo) by extensions ['colcon_pkg']
[0.360s] Level 1:colcon.colcon_core.package_identification:_identify(src/demo) by extension 'colcon_pkg'
[0.360s] Level 1:colcon.colcon_core.package_identification:_identify(src/demo) by extensions ['colcon_meta']
[0.360s] Level 1:colcon.colcon_core.package_identification:_identify(src/demo) by extension 'colcon_meta'
[0.360s] Level 1:colcon.colcon_core.package_identification:_identify(src/demo) by extensions ['ros']
[0.360s] Level 1:colcon.colcon_core.package_identification:_identify(src/demo) by extension 'ros'
[0.361s] DEBUG:colcon.colcon_core.package_identification:Package 'src/demo' with type 'ros.ament_cmake' and name 'demo'
[0.361s] Level 1:colcon.colcon_core.package_identification:_identify(src/python_demo) by extensions ['ignore', 'ignore_ament_install']
[0.361s] Level 1:colcon.colcon_core.package_identification:_identify(src/python_demo) by extension 'ignore'
[0.361s] Level 1:colcon.colcon_core.package_identification:_identify(src/python_demo) by extension 'ignore_ament_install'
[0.361s] Level 1:colcon.colcon_core.package_identification:_identify(src/python_demo) by extensions ['colcon_pkg']
[0.361s] Level 1:colcon.colcon_core.package_identification:_identify(src/python_demo) by extension 'colcon_pkg'
[0.361s] Level 1:colcon.colcon_core.package_identification:_identify(src/python_demo) by extensions ['colcon_meta']
[0.361s] Level 1:colcon.colcon_core.package_identification:_identify(src/python_demo) by extension 'colcon_meta'
[0.361s] Level 1:colcon.colcon_core.package_identification:_identify(src/python_demo) by extensions ['ros']
[0.361s] Level 1:colcon.colcon_core.package_identification:_identify(src/python_demo) by extension 'ros'
[0.362s] DEBUG:colcon.colcon_core.package_identification:Package 'src/python_demo' with type 'ros.ament_python' and name 'python_demo'
[0.362s] Level 1:colcon.colcon_core.package_identification:_identify(src/techman_robot_get_status) by extensions ['ignore', 'ignore_ament_install']
[0.362s] Level 1:colcon.colcon_core.package_identification:_identify(src/techman_robot_get_status) by extension 'ignore'
[0.362s] Level 1:colcon.colcon_core.package_identification:_identify(src/techman_robot_get_status) by extension 'ignore_ament_install'
[0.362s] Level 1:colcon.colcon_core.package_identification:_identify(src/techman_robot_get_status) by extensions ['colcon_pkg']
[0.362s] Level 1:colcon.colcon_core.package_identification:_identify(src/techman_robot_get_status) by extension 'colcon_pkg'
[0.362s] Level 1:colcon.colcon_core.package_identification:_identify(src/techman_robot_get_status) by extensions ['colcon_meta']
[0.362s] Level 1:colcon.colcon_core.package_identification:_identify(src/techman_robot_get_status) by extension 'colcon_meta'
[0.362s] Level 1:colcon.colcon_core.package_identification:_identify(src/techman_robot_get_status) by extensions ['ros']
[0.362s] Level 1:colcon.colcon_core.package_identification:_identify(src/techman_robot_get_status) by extension 'ros'
[0.363s] DEBUG:colcon.colcon_core.package_identification:Package 'src/techman_robot_get_status' with type 'ros.ament_python' and name 'techman_robot_get_status'
[0.363s] Level 1:colcon.colcon_core.package_identification:_identify(src/techman_robot_msgs) by extensions ['ignore', 'ignore_ament_install']
[0.363s] Level 1:colcon.colcon_core.package_identification:_identify(src/techman_robot_msgs) by extension 'ignore'
[0.363s] Level 1:colcon.colcon_core.package_identification:_identify(src/techman_robot_msgs) by extension 'ignore_ament_install'
[0.363s] Level 1:colcon.colcon_core.package_identification:_identify(src/techman_robot_msgs) by extensions ['colcon_pkg']
[0.363s] Level 1:colcon.colcon_core.package_identification:_identify(src/techman_robot_msgs) by extension 'colcon_pkg'
[0.363s] Level 1:colcon.colcon_core.package_identification:_identify(src/techman_robot_msgs) by extensions ['colcon_meta']
[0.363s] Level 1:colcon.colcon_core.package_identification:_identify(src/techman_robot_msgs) by extension 'colcon_meta'
[0.363s] Level 1:colcon.colcon_core.package_identification:_identify(src/techman_robot_msgs) by extensions ['ros']
[0.363s] Level 1:colcon.colcon_core.package_identification:_identify(src/techman_robot_msgs) by extension 'ros'
[0.365s] DEBUG:colcon.colcon_core.package_identification:Package 'src/techman_robot_msgs' with type 'ros.ament_cmake' and name 'techman_robot_msgs'
[0.365s] Level 1:colcon.colcon_core.package_identification:_identify(src/tm_description) by extensions ['ignore', 'ignore_ament_install']
[0.365s] Level 1:colcon.colcon_core.package_identification:_identify(src/tm_description) by extension 'ignore'
[0.365s] Level 1:colcon.colcon_core.package_identification:_identify(src/tm_description) by extension 'ignore_ament_install'
[0.365s] Level 1:colcon.colcon_core.package_identification:_identify(src/tm_description) by extensions ['colcon_pkg']
[0.365s] Level 1:colcon.colcon_core.package_identification:_identify(src/tm_description) by extension 'colcon_pkg'
[0.365s] Level 1:colcon.colcon_core.package_identification:_identify(src/tm_description) by extensions ['colcon_meta']
[0.365s] Level 1:colcon.colcon_core.package_identification:_identify(src/tm_description) by extension 'colcon_meta'
[0.365s] Level 1:colcon.colcon_core.package_identification:_identify(src/tm_description) by extensions ['ros']
[0.365s] Level 1:colcon.colcon_core.package_identification:_identify(src/tm_description) by extension 'ros'
[0.366s] DEBUG:colcon.colcon_core.package_identification:Package 'src/tm_description' with type 'ros.ament_cmake' and name 'tm_description'
[0.366s] Level 1:colcon.colcon_core.package_identification:_identify(src/tm_driver) by extensions ['ignore', 'ignore_ament_install']
[0.366s] Level 1:colcon.colcon_core.package_identification:_identify(src/tm_driver) by extension 'ignore'
[0.366s] Level 1:colcon.colcon_core.package_identification:_identify(src/tm_driver) by extension 'ignore_ament_install'
[0.366s] Level 1:colcon.colcon_core.package_identification:_identify(src/tm_driver) by extensions ['colcon_pkg']
[0.366s] Level 1:colcon.colcon_core.package_identification:_identify(src/tm_driver) by extension 'colcon_pkg'
[0.366s] Level 1:colcon.colcon_core.package_identification:_identify(src/tm_driver) by extensions ['colcon_meta']
[0.366s] Level 1:colcon.colcon_core.package_identification:_identify(src/tm_driver) by extension 'colcon_meta'
[0.366s] Level 1:colcon.colcon_core.package_identification:_identify(src/tm_driver) by extensions ['ros']
[0.366s] Level 1:colcon.colcon_core.package_identification:_identify(src/tm_driver) by extension 'ros'
[0.367s] DEBUG:colcon.colcon_core.package_identification:Package 'src/tm_driver' with type 'ros.ament_cmake' and name 'tm_driver'
[0.367s] Level 1:colcon.colcon_core.package_identification:_identify(src/tm_mod_urdf) by extensions ['ignore', 'ignore_ament_install']
[0.367s] Level 1:colcon.colcon_core.package_identification:_identify(src/tm_mod_urdf) by extension 'ignore'
[0.367s] Level 1:colcon.colcon_core.package_identification:_identify(src/tm_mod_urdf) by extension 'ignore_ament_install'
[0.367s] Level 1:colcon.colcon_core.package_identification:_identify(src/tm_mod_urdf) by extensions ['colcon_pkg']
[0.367s] Level 1:colcon.colcon_core.package_identification:_identify(src/tm_mod_urdf) by extension 'colcon_pkg'
[0.367s] Level 1:colcon.colcon_core.package_identification:_identify(src/tm_mod_urdf) by extensions ['colcon_meta']
[0.367s] Level 1:colcon.colcon_core.package_identification:_identify(src/tm_mod_urdf) by extension 'colcon_meta'
[0.367s] Level 1:colcon.colcon_core.package_identification:_identify(src/tm_mod_urdf) by extensions ['ros']
[0.368s] Level 1:colcon.colcon_core.package_identification:_identify(src/tm_mod_urdf) by extension 'ros'
[0.368s] DEBUG:colcon.colcon_core.package_identification:Package 'src/tm_mod_urdf' with type 'ros.ament_python' and name 'tm_mod_urdf'
[0.368s] Level 1:colcon.colcon_core.package_identification:_identify(src/tm_moveit_config_tm12) by extensions ['ignore', 'ignore_ament_install']
[0.368s] Level 1:colcon.colcon_core.package_identification:_identify(src/tm_moveit_config_tm12) by extension 'ignore'
[0.368s] Level 1:colcon.colcon_core.package_identification:_identify(src/tm_moveit_config_tm12) by extension 'ignore_ament_install'
[0.368s] Level 1:colcon.colcon_core.package_identification:_identify(src/tm_moveit_config_tm12) by extensions ['colcon_pkg']
[0.368s] Level 1:colcon.colcon_core.package_identification:_identify(src/tm_moveit_config_tm12) by extension 'colcon_pkg'
[0.368s] Level 1:colcon.colcon_core.package_identification:_identify(src/tm_moveit_config_tm12) by extensions ['colcon_meta']
[0.368s] Level 1:colcon.colcon_core.package_identification:_identify(src/tm_moveit_config_tm12) by extension 'colcon_meta'
[0.368s] Level 1:colcon.colcon_core.package_identification:_identify(src/tm_moveit_config_tm12) by extensions ['ros']
[0.369s] Level 1:colcon.colcon_core.package_identification:_identify(src/tm_moveit_config_tm12) by extension 'ros'
[0.369s] DEBUG:colcon.colcon_core.package_identification:Package 'src/tm_moveit_config_tm12' with type 'ros.ament_cmake' and name 'tm_moveit_config_tm12'
[0.369s] Level 1:colcon.colcon_core.package_identification:_identify(src/tm_moveit_config_tm12x) by extensions ['ignore', 'ignore_ament_install']
[0.369s] Level 1:colcon.colcon_core.package_identification:_identify(src/tm_moveit_config_tm12x) by extension 'ignore'
[0.369s] Level 1:colcon.colcon_core.package_identification:_identify(src/tm_moveit_config_tm12x) by extension 'ignore_ament_install'
[0.369s] Level 1:colcon.colcon_core.package_identification:_identify(src/tm_moveit_config_tm12x) by extensions ['colcon_pkg']
[0.370s] Level 1:colcon.colcon_core.package_identification:_identify(src/tm_moveit_config_tm12x) by extension 'colcon_pkg'
[0.370s] Level 1:colcon.colcon_core.package_identification:_identify(src/tm_moveit_config_tm12x) by extensions ['colcon_meta']
[0.370s] Level 1:colcon.colcon_core.package_identification:_identify(src/tm_moveit_config_tm12x) by extension 'colcon_meta'
[0.370s] Level 1:colcon.colcon_core.package_identification:_identify(src/tm_moveit_config_tm12x) by extensions ['ros']
[0.370s] Level 1:colcon.colcon_core.package_identification:_identify(src/tm_moveit_config_tm12x) by extension 'ros'
[0.370s] DEBUG:colcon.colcon_core.package_identification:Package 'src/tm_moveit_config_tm12x' with type 'ros.ament_cmake' and name 'tm_moveit_config_tm12x'
[0.370s] Level 1:colcon.colcon_core.package_identification:_identify(src/tm_moveit_config_tm14) by extensions ['ignore', 'ignore_ament_install']
[0.370s] Level 1:colcon.colcon_core.package_identification:_identify(src/tm_moveit_config_tm14) by extension 'ignore'
[0.371s] Level 1:colcon.colcon_core.package_identification:_identify(src/tm_moveit_config_tm14) by extension 'ignore_ament_install'
[0.371s] Level 1:colcon.colcon_core.package_identification:_identify(src/tm_moveit_config_tm14) by extensions ['colcon_pkg']
[0.371s] Level 1:colcon.colcon_core.package_identification:_identify(src/tm_moveit_config_tm14) by extension 'colcon_pkg'
[0.371s] Level 1:colcon.colcon_core.package_identification:_identify(src/tm_moveit_config_tm14) by extensions ['colcon_meta']
[0.371s] Level 1:colcon.colcon_core.package_identification:_identify(src/tm_moveit_config_tm14) by extension 'colcon_meta'
[0.371s] Level 1:colcon.colcon_core.package_identification:_identify(src/tm_moveit_config_tm14) by extensions ['ros']
[0.371s] Level 1:colcon.colcon_core.package_identification:_identify(src/tm_moveit_config_tm14) by extension 'ros'
[0.381s] DEBUG:colcon.colcon_core.package_identification:Package 'src/tm_moveit_config_tm14' with type 'ros.ament_cmake' and name 'tm_moveit_config_tm14'
[0.382s] Level 1:colcon.colcon_core.package_identification:_identify(src/tm_moveit_config_tm14x) by extensions ['ignore', 'ignore_ament_install']
[0.382s] Level 1:colcon.colcon_core.package_identification:_identify(src/tm_moveit_config_tm14x) by extension 'ignore'
[0.382s] Level 1:colcon.colcon_core.package_identification:_identify(src/tm_moveit_config_tm14x) by extension 'ignore_ament_install'
[0.382s] Level 1:colcon.colcon_core.package_identification:_identify(src/tm_moveit_config_tm14x) by extensions ['colcon_pkg']
[0.382s] Level 1:colcon.colcon_core.package_identification:_identify(src/tm_moveit_config_tm14x) by extension 'colcon_pkg'
[0.382s] Level 1:colcon.colcon_core.package_identification:_identify(src/tm_moveit_config_tm14x) by extensions ['colcon_meta']
[0.382s] Level 1:colcon.colcon_core.package_identification:_identify(src/tm_moveit_config_tm14x) by extension 'colcon_meta'
[0.382s] Level 1:colcon.colcon_core.package_identification:_identify(src/tm_moveit_config_tm14x) by extensions ['ros']
[0.382s] Level 1:colcon.colcon_core.package_identification:_identify(src/tm_moveit_config_tm14x) by extension 'ros'
[0.383s] DEBUG:colcon.colcon_core.package_identification:Package 'src/tm_moveit_config_tm14x' with type 'ros.ament_cmake' and name 'tm_moveit_config_tm14x'
[0.383s] Level 1:colcon.colcon_core.package_identification:_identify(src/tm_moveit_config_tm5-700) by extensions ['ignore', 'ignore_ament_install']
[0.383s] Level 1:colcon.colcon_core.package_identification:_identify(src/tm_moveit_config_tm5-700) by extension 'ignore'
[0.383s] Level 1:colcon.colcon_core.package_identification:_identify(src/tm_moveit_config_tm5-700) by extension 'ignore_ament_install'
[0.383s] Level 1:colcon.colcon_core.package_identification:_identify(src/tm_moveit_config_tm5-700) by extensions ['colcon_pkg']
[0.383s] Level 1:colcon.colcon_core.package_identification:_identify(src/tm_moveit_config_tm5-700) by extension 'colcon_pkg'
[0.383s] Level 1:colcon.colcon_core.package_identification:_identify(src/tm_moveit_config_tm5-700) by extensions ['colcon_meta']
[0.383s] Level 1:colcon.colcon_core.package_identification:_identify(src/tm_moveit_config_tm5-700) by extension 'colcon_meta'
[0.383s] Level 1:colcon.colcon_core.package_identification:_identify(src/tm_moveit_config_tm5-700) by extensions ['ros']
[0.383s] Level 1:colcon.colcon_core.package_identification:_identify(src/tm_moveit_config_tm5-700) by extension 'ros'
[0.384s] DEBUG:colcon.colcon_core.package_identification:Package 'src/tm_moveit_config_tm5-700' with type 'ros.ament_cmake' and name 'tm_moveit_config_tm5-700'
[0.384s] Level 1:colcon.colcon_core.package_identification:_identify(src/tm_moveit_config_tm5-900) by extensions ['ignore', 'ignore_ament_install']
[0.384s] Level 1:colcon.colcon_core.package_identification:_identify(src/tm_moveit_config_tm5-900) by extension 'ignore'
[0.384s] Level 1:colcon.colcon_core.package_identification:_identify(src/tm_moveit_config_tm5-900) by extension 'ignore_ament_install'
[0.384s] Level 1:colcon.colcon_core.package_identification:_identify(src/tm_moveit_config_tm5-900) by extensions ['colcon_pkg']
[0.384s] Level 1:colcon.colcon_core.package_identification:_identify(src/tm_moveit_config_tm5-900) by extension 'colcon_pkg'
[0.384s] Level 1:colcon.colcon_core.package_identification:_identify(src/tm_moveit_config_tm5-900) by extensions ['colcon_meta']
[0.384s] Level 1:colcon.colcon_core.package_identification:_identify(src/tm_moveit_config_tm5-900) by extension 'colcon_meta'
[0.384s] Level 1:colcon.colcon_core.package_identification:_identify(src/tm_moveit_config_tm5-900) by extensions ['ros']
[0.384s] Level 1:colcon.colcon_core.package_identification:_identify(src/tm_moveit_config_tm5-900) by extension 'ros'
[0.385s] DEBUG:colcon.colcon_core.package_identification:Package 'src/tm_moveit_config_tm5-900' with type 'ros.ament_cmake' and name 'tm_moveit_config_tm5-900'
[0.385s] Level 1:colcon.colcon_core.package_identification:_identify(src/tm_moveit_config_tm5x-700) by extensions ['ignore', 'ignore_ament_install']
[0.385s] Level 1:colcon.colcon_core.package_identification:_identify(src/tm_moveit_config_tm5x-700) by extension 'ignore'
[0.385s] Level 1:colcon.colcon_core.package_identification:_identify(src/tm_moveit_config_tm5x-700) by extension 'ignore_ament_install'
[0.385s] Level 1:colcon.colcon_core.package_identification:_identify(src/tm_moveit_config_tm5x-700) by extensions ['colcon_pkg']
[0.385s] Level 1:colcon.colcon_core.package_identification:_identify(src/tm_moveit_config_tm5x-700) by extension 'colcon_pkg'
[0.385s] Level 1:colcon.colcon_core.package_identification:_identify(src/tm_moveit_config_tm5x-700) by extensions ['colcon_meta']
[0.385s] Level 1:colcon.colcon_core.package_identification:_identify(src/tm_moveit_config_tm5x-700) by extension 'colcon_meta'
[0.385s] Level 1:colcon.colcon_core.package_identification:_identify(src/tm_moveit_config_tm5x-700) by extensions ['ros']
[0.385s] Level 1:colcon.colcon_core.package_identification:_identify(src/tm_moveit_config_tm5x-700) by extension 'ros'
[0.386s] DEBUG:colcon.colcon_core.package_identification:Package 'src/tm_moveit_config_tm5x-700' with type 'ros.ament_cmake' and name 'tm_moveit_config_tm5x-700'
[0.386s] Level 1:colcon.colcon_core.package_identification:_identify(src/tm_moveit_config_tm5x-900) by extensions ['ignore', 'ignore_ament_install']
[0.386s] Level 1:colcon.colcon_core.package_identification:_identify(src/tm_moveit_config_tm5x-900) by extension 'ignore'
[0.386s] Level 1:colcon.colcon_core.package_identification:_identify(src/tm_moveit_config_tm5x-900) by extension 'ignore_ament_install'
[0.386s] Level 1:colcon.colcon_core.package_identification:_identify(src/tm_moveit_config_tm5x-900) by extensions ['colcon_pkg']
[0.387s] Level 1:colcon.colcon_core.package_identification:_identify(src/tm_moveit_config_tm5x-900) by extension 'colcon_pkg'
[0.387s] Level 1:colcon.colcon_core.package_identification:_identify(src/tm_moveit_config_tm5x-900) by extensions ['colcon_meta']
[0.387s] Level 1:colcon.colcon_core.package_identification:_identify(src/tm_moveit_config_tm5x-900) by extension 'colcon_meta'
[0.387s] Level 1:colcon.colcon_core.package_identification:_identify(src/tm_moveit_config_tm5x-900) by extensions ['ros']
[0.387s] Level 1:colcon.colcon_core.package_identification:_identify(src/tm_moveit_config_tm5x-900) by extension 'ros'
[0.387s] DEBUG:colcon.colcon_core.package_identification:Package 'src/tm_moveit_config_tm5x-900' with type 'ros.ament_cmake' and name 'tm_moveit_config_tm5x-900'
[0.387s] Level 1:colcon.colcon_core.package_identification:_identify(src/tm_moveit_cpp_demo) by extensions ['ignore', 'ignore_ament_install']
[0.387s] Level 1:colcon.colcon_core.package_identification:_identify(src/tm_moveit_cpp_demo) by extension 'ignore'
[0.388s] Level 1:colcon.colcon_core.package_identification:_identify(src/tm_moveit_cpp_demo) by extension 'ignore_ament_install'
[0.388s] Level 1:colcon.colcon_core.package_identification:_identify(src/tm_moveit_cpp_demo) by extensions ['colcon_pkg']
[0.388s] Level 1:colcon.colcon_core.package_identification:_identify(src/tm_moveit_cpp_demo) by extension 'colcon_pkg'
[0.388s] Level 1:colcon.colcon_core.package_identification:_identify(src/tm_moveit_cpp_demo) by extensions ['colcon_meta']
[0.388s] Level 1:colcon.colcon_core.package_identification:_identify(src/tm_moveit_cpp_demo) by extension 'colcon_meta'
[0.388s] Level 1:colcon.colcon_core.package_identification:_identify(src/tm_moveit_cpp_demo) by extensions ['ros']
[0.388s] Level 1:colcon.colcon_core.package_identification:_identify(src/tm_moveit_cpp_demo) by extension 'ros'
[0.388s] DEBUG:colcon.colcon_core.package_identification:Package 'src/tm_moveit_cpp_demo' with type 'ros.ament_cmake' and name 'tm_moveit_cpp_demo'
[0.388s] Level 1:colcon.colcon_core.package_identification:_identify(src/tm_msgs) by extensions ['ignore', 'ignore_ament_install']
[0.389s] Level 1:colcon.colcon_core.package_identification:_identify(src/tm_msgs) by extension 'ignore'
[0.389s] Level 1:colcon.colcon_core.package_identification:_identify(src/tm_msgs) by extension 'ignore_ament_install'
[0.389s] Level 1:colcon.colcon_core.package_identification:_identify(src/tm_msgs) by extensions ['colcon_pkg']
[0.389s] Level 1:colcon.colcon_core.package_identification:_identify(src/tm_msgs) by extension 'colcon_pkg'
[0.389s] Level 1:colcon.colcon_core.package_identification:_identify(src/tm_msgs) by extensions ['colcon_meta']
[0.389s] Level 1:colcon.colcon_core.package_identification:_identify(src/tm_msgs) by extension 'colcon_meta'
[0.389s] Level 1:colcon.colcon_core.package_identification:_identify(src/tm_msgs) by extensions ['ros']
[0.389s] Level 1:colcon.colcon_core.package_identification:_identify(src/tm_msgs) by extension 'ros'
[0.389s] DEBUG:colcon.colcon_core.package_identification:Package 'src/tm_msgs' with type 'ros.ament_cmake' and name 'tm_msgs'
[0.389s] Level 1:colcon.colcon_core.package_identification:_identify(src/ui_for_debug_and_demo) by extensions ['ignore', 'ignore_ament_install']
[0.390s] Level 1:colcon.colcon_core.package_identification:_identify(src/ui_for_debug_and_demo) by extension 'ignore'
[0.390s] Level 1:colcon.colcon_core.package_identification:_identify(src/ui_for_debug_and_demo) by extension 'ignore_ament_install'
[0.390s] Level 1:colcon.colcon_core.package_identification:_identify(src/ui_for_debug_and_demo) by extensions ['colcon_pkg']
[0.390s] Level 1:colcon.colcon_core.package_identification:_identify(src/ui_for_debug_and_demo) by extension 'colcon_pkg'
[0.390s] Level 1:colcon.colcon_core.package_identification:_identify(src/ui_for_debug_and_demo) by extensions ['colcon_meta']
[0.390s] Level 1:colcon.colcon_core.package_identification:_identify(src/ui_for_debug_and_demo) by extension 'colcon_meta'
[0.390s] Level 1:colcon.colcon_core.package_identification:_identify(src/ui_for_debug_and_demo) by extensions ['ros']
[0.390s] Level 1:colcon.colcon_core.package_identification:_identify(src/ui_for_debug_and_demo) by extension 'ros'
[0.390s] DEBUG:colcon.colcon_core.package_identification:Package 'src/ui_for_debug_and_demo' with type 'ros.ament_cmake' and name 'ui_for_debug_and_demo'
[0.391s] Level 1:colcon.colcon_core.package_discovery:discover_packages(recursive) using defaults
[0.391s] Level 1:colcon.colcon_core.package_discovery:discover_packages(ignore) discover
[0.391s] Level 1:colcon.colcon_core.package_discovery:discover_packages(ignore) using defaults
[0.391s] Level 1:colcon.colcon_core.package_discovery:discover_packages(path) discover
[0.391s] Level 1:colcon.colcon_core.package_discovery:discover_packages(path) using defaults
[0.391s] WARNING:colcon.colcon_core.package_selection:ignoring unknown package 'testes' in --packages-select
[0.414s] INFO:colcon.colcon_core.package_selection:Skipping not selected package 'python_demo' in 'src/python_demo'
[0.414s] INFO:colcon.colcon_core.package_selection:Skipping not selected package 'techman_robot_get_status' in 'src/techman_robot_get_status'
[0.414s] INFO:colcon.colcon_core.package_selection:Skipping not selected package 'techman_robot_msgs' in 'src/techman_robot_msgs'
[0.414s] INFO:colcon.colcon_core.package_selection:Skipping not selected package 'tm_description' in 'src/tm_description'
[0.414s] INFO:colcon.colcon_core.package_selection:Skipping not selected package 'tm_mod_urdf' in 'src/tm_mod_urdf'
[0.415s] INFO:colcon.colcon_core.package_selection:Skipping not selected package 'tm_moveit_cpp_demo' in 'src/tm_moveit_cpp_demo'
[0.415s] INFO:colcon.colcon_core.package_selection:Skipping not selected package 'tm_msgs' in 'src/tm_msgs'
[0.415s] INFO:colcon.colcon_core.package_selection:Skipping not selected package 'custom_package' in 'src/custom_package'
[0.415s] INFO:colcon.colcon_core.package_selection:Skipping not selected package 'demo' in 'src/demo'
[0.415s] INFO:colcon.colcon_core.package_selection:Skipping not selected package 'tm_driver' in 'src/tm_driver'
[0.415s] INFO:colcon.colcon_core.package_selection:Skipping not selected package 'tm_moveit_config_tm12' in 'src/tm_moveit_config_tm12'
[0.415s] INFO:colcon.colcon_core.package_selection:Skipping not selected package 'tm_moveit_config_tm12x' in 'src/tm_moveit_config_tm12x'
[0.415s] INFO:colcon.colcon_core.package_selection:Skipping not selected package 'tm_moveit_config_tm14' in 'src/tm_moveit_config_tm14'
[0.415s] INFO:colcon.colcon_core.package_selection:Skipping not selected package 'tm_moveit_config_tm14x' in 'src/tm_moveit_config_tm14x'
[0.415s] INFO:colcon.colcon_core.package_selection:Skipping not selected package 'tm_moveit_config_tm5-700' in 'src/tm_moveit_config_tm5-700'
[0.415s] INFO:colcon.colcon_core.package_selection:Skipping not selected package 'tm_moveit_config_tm5-900' in 'src/tm_moveit_config_tm5-900'
[0.415s] INFO:colcon.colcon_core.package_selection:Skipping not selected package 'tm_moveit_config_tm5x-700' in 'src/tm_moveit_config_tm5x-700'
[0.415s] INFO:colcon.colcon_core.package_selection:Skipping not selected package 'tm_moveit_config_tm5x-900' in 'src/tm_moveit_config_tm5x-900'
[0.415s] INFO:colcon.colcon_core.package_selection:Skipping not selected package 'ui_for_debug_and_demo' in 'src/ui_for_debug_and_demo'
[0.415s] Level 1:colcon.colcon_core.package_discovery:discover_packages(prefix_path) check parameters
[0.415s] Level 1:colcon.colcon_core.package_discovery:discover_packages(prefix_path) discover
[0.421s] DEBUG:colcon.colcon_installed_package_information.package_discovery:Found 18 installed packages in /home/rslomron/tm_custom/install
[0.422s] DEBUG:colcon.colcon_installed_package_information.package_discovery:Found 45 installed packages in /home/rslomron/moveit2_ws/install
[0.424s] DEBUG:colcon.colcon_installed_package_information.package_discovery:Found 334 installed packages in /opt/ros/humble
[0.426s] Level 1:colcon.colcon_core.package_discovery:discover_packages(prefix_path) using defaults
[0.482s] INFO:colcon.colcon_core.executor:Executing jobs using 'parallel' executor
[0.484s] DEBUG:colcon.colcon_parallel_executor.executor.parallel:run_until_complete
[0.484s] DEBUG:colcon.colcon_parallel_executor.executor.parallel:closing loop
[0.484s] DEBUG:colcon.colcon_parallel_executor.executor.parallel:loop closed
[0.484s] DEBUG:colcon.colcon_parallel_executor.executor.parallel:run_until_complete finished with '0'
[0.484s] DEBUG:colcon.colcon_core.event_reactor:joining thread
[0.490s] INFO:colcon.colcon_core.plugin_system:Skipping extension 'colcon_notification.desktop_notification.terminal_notifier': Not used on non-Darwin systems
[0.490s] INFO:colcon.colcon_core.plugin_system:Skipping extension 'colcon_notification.desktop_notification.win32': Not used on non-Windows systems
[0.490s] INFO:colcon.colcon_notification.desktop_notification:Sending desktop notification using 'notify2'
[0.505s] DEBUG:colcon.colcon_core.event_reactor:joined thread
[0.507s] INFO:colcon.colcon_core.plugin_system:Skipping extension 'colcon_core.shell.bat': Not used on non-Windows systems
[0.507s] INFO:colcon.colcon_core.shell:Creating prefix script '/home/rslomron/tm_custom/install/local_setup.ps1'
[0.508s] INFO:colcon.colcon_core.shell:Creating prefix util module '/home/rslomron/tm_custom/install/_local_setup_util_ps1.py'
[0.510s] INFO:colcon.colcon_core.shell:Creating prefix chain script '/home/rslomron/tm_custom/install/setup.ps1'
[0.514s] INFO:colcon.colcon_core.shell:Creating prefix script '/home/rslomron/tm_custom/install/local_setup.sh'
[0.514s] INFO:colcon.colcon_core.shell:Creating prefix util module '/home/rslomron/tm_custom/install/_local_setup_util_sh.py'
[0.515s] INFO:colcon.colcon_core.shell:Creating prefix chain script '/home/rslomron/tm_custom/install/setup.sh'
[0.519s] INFO:colcon.colcon_core.shell:Creating prefix script '/home/rslomron/tm_custom/install/local_setup.bash'
[0.520s] INFO:colcon.colcon_core.shell:Creating prefix chain script '/home/rslomron/tm_custom/install/setup.bash'
[0.524s] INFO:colcon.colcon_core.shell:Creating prefix script '/home/rslomron/tm_custom/install/local_setup.zsh'
[0.524s] INFO:colcon.colcon_core.shell:Creating prefix chain script '/home/rslomron/tm_custom/install/setup.zsh'
