[0.124s] DEBUG:colcon:Command line arguments: ['/usr/bin/colcon', 'build']
[0.124s] DEBUG:colcon:Parsed command line arguments: Namespace(log_base=None, log_level=None, verb_name='build', build_base='build', install_base='install', merge_install=False, symlink_install=False, test_result_base=None, continue_on_error=False, executor='parallel', parallel_workers=8, event_handlers=None, ignore_user_meta=False, metas=['./colcon.meta'], base_paths=['.'], packages_ignore=None, packages_ignore_regex=None, paths=None, packages_up_to=None, packages_up_to_regex=None, packages_above=None, packages_above_and_dependencies=None, packages_above_depth=None, packages_select_by_dep=None, packages_skip_by_dep=None, packages_skip_up_to=None, packages_select_build_failed=False, packages_skip_build_finished=False, packages_select_test_failures=False, packages_skip_test_passed=False, packages_select=None, packages_skip=None, packages_select_regex=None, packages_skip_regex=None, packages_start=None, packages_end=None, allow_overriding=[], cmake_args=None, cmake_target=None, cmake_target_skip_unavailable=False, cmake_clean_cache=False, cmake_clean_first=False, cmake_force_configure=False, ament_cmake_args=None, catkin_cmake_args=None, catkin_skip_building_tests=False, mixin_files=None, mixin=None, verb_parser=<colcon_mixin.mixin.mixin_argument.MixinArgumentDecorator object at 0x772723f68a30>, verb_extension=<colcon_core.verb.build.BuildVerb object at 0x772723f68460>, main=<bound method BuildVerb.main of <colcon_core.verb.build.BuildVerb object at 0x772723f68460>>, mixin_verb=('build',))
[0.318s] Level 1:colcon.colcon_core.package_discovery:discover_packages(colcon_meta) check parameters
[0.318s] Level 1:colcon.colcon_core.package_discovery:discover_packages(recursive) check parameters
[0.318s] Level 1:colcon.colcon_core.package_discovery:discover_packages(ignore) check parameters
[0.318s] Level 1:colcon.colcon_core.package_discovery:discover_packages(path) check parameters
[0.318s] Level 1:colcon.colcon_core.package_discovery:discover_packages(colcon_meta) discover
[0.318s] Level 1:colcon.colcon_core.package_discovery:discover_packages(recursive) discover
[0.319s] INFO:colcon.colcon_core.package_discovery:Crawling recursively for packages in '/home/rslomron/MoMa/tm_custom'
[0.319s] Level 1:colcon.colcon_core.package_identification:_identify(.) by extensions ['ignore', 'ignore_ament_install']
[0.319s] Level 1:colcon.colcon_core.package_identification:_identify(.) by extension 'ignore'
[0.319s] Level 1:colcon.colcon_core.package_identification:_identify(.) by extension 'ignore_ament_install'
[0.319s] Level 1:colcon.colcon_core.package_identification:_identify(.) by extensions ['colcon_pkg']
[0.319s] Level 1:colcon.colcon_core.package_identification:_identify(.) by extension 'colcon_pkg'
[0.319s] Level 1:colcon.colcon_core.package_identification:_identify(.) by extensions ['colcon_meta']
[0.319s] Level 1:colcon.colcon_core.package_identification:_identify(.) by extension 'colcon_meta'
[0.319s] Level 1:colcon.colcon_core.package_identification:_identify(.) by extensions ['ros']
[0.319s] Level 1:colcon.colcon_core.package_identification:_identify(.) by extension 'ros'
[0.329s] Level 1:colcon.colcon_core.package_identification:_identify(.) by extensions ['cmake', 'python']
[0.329s] Level 1:colcon.colcon_core.package_identification:_identify(.) by extension 'cmake'
[0.329s] Level 1:colcon.colcon_core.package_identification:_identify(.) by extension 'python'
[0.329s] Level 1:colcon.colcon_core.package_identification:_identify(.) by extensions ['python_setup_py']
[0.329s] Level 1:colcon.colcon_core.package_identification:_identify(.) by extension 'python_setup_py'
[0.329s] Level 1:colcon.colcon_core.package_identification:_identify(build) by extensions ['ignore', 'ignore_ament_install']
[0.330s] Level 1:colcon.colcon_core.package_identification:_identify(build) by extension 'ignore'
[0.330s] Level 1:colcon.colcon_core.package_identification:_identify(build) ignored
[0.330s] Level 1:colcon.colcon_core.package_identification:_identify(install) by extensions ['ignore', 'ignore_ament_install']
[0.330s] Level 1:colcon.colcon_core.package_identification:_identify(install) by extension 'ignore'
[0.330s] Level 1:colcon.colcon_core.package_identification:_identify(install) ignored
[0.330s] Level 1:colcon.colcon_core.package_identification:_identify(log) by extensions ['ignore', 'ignore_ament_install']
[0.330s] Level 1:colcon.colcon_core.package_identification:_identify(log) by extension 'ignore'
[0.330s] Level 1:colcon.colcon_core.package_identification:_identify(log) ignored
[0.330s] Level 1:colcon.colcon_core.package_identification:_identify(src) by extensions ['ignore', 'ignore_ament_install']
[0.330s] Level 1:colcon.colcon_core.package_identification:_identify(src) by extension 'ignore'
[0.330s] Level 1:colcon.colcon_core.package_identification:_identify(src) by extension 'ignore_ament_install'
[0.330s] Level 1:colcon.colcon_core.package_identification:_identify(src) by extensions ['colcon_pkg']
[0.331s] Level 1:colcon.colcon_core.package_identification:_identify(src) by extension 'colcon_pkg'
[0.331s] Level 1:colcon.colcon_core.package_identification:_identify(src) by extensions ['colcon_meta']
[0.331s] Level 1:colcon.colcon_core.package_identification:_identify(src) by extension 'colcon_meta'
[0.331s] Level 1:colcon.colcon_core.package_identification:_identify(src) by extensions ['ros']
[0.331s] Level 1:colcon.colcon_core.package_identification:_identify(src) by extension 'ros'
[0.331s] Level 1:colcon.colcon_core.package_identification:_identify(src) by extensions ['cmake', 'python']
[0.331s] Level 1:colcon.colcon_core.package_identification:_identify(src) by extension 'cmake'
[0.331s] Level 1:colcon.colcon_core.package_identification:_identify(src) by extension 'python'
[0.331s] Level 1:colcon.colcon_core.package_identification:_identify(src) by extensions ['python_setup_py']
[0.331s] Level 1:colcon.colcon_core.package_identification:_identify(src) by extension 'python_setup_py'
[0.331s] Level 1:colcon.colcon_core.package_identification:_identify(src/arm_subscriber) by extensions ['ignore', 'ignore_ament_install']
[0.331s] Level 1:colcon.colcon_core.package_identification:_identify(src/arm_subscriber) by extension 'ignore'
[0.331s] Level 1:colcon.colcon_core.package_identification:_identify(src/arm_subscriber) by extension 'ignore_ament_install'
[0.331s] Level 1:colcon.colcon_core.package_identification:_identify(src/arm_subscriber) by extensions ['colcon_pkg']
[0.331s] Level 1:colcon.colcon_core.package_identification:_identify(src/arm_subscriber) by extension 'colcon_pkg'
[0.331s] Level 1:colcon.colcon_core.package_identification:_identify(src/arm_subscriber) by extensions ['colcon_meta']
[0.331s] Level 1:colcon.colcon_core.package_identification:_identify(src/arm_subscriber) by extension 'colcon_meta'
[0.331s] Level 1:colcon.colcon_core.package_identification:_identify(src/arm_subscriber) by extensions ['ros']
[0.331s] Level 1:colcon.colcon_core.package_identification:_identify(src/arm_subscriber) by extension 'ros'
[0.334s] DEBUG:colcon.colcon_core.package_identification:Package 'src/arm_subscriber' with type 'ros.ament_python' and name 'arm_subscriber'
[0.334s] Level 1:colcon.colcon_core.package_identification:_identify(src/custom_package) by extensions ['ignore', 'ignore_ament_install']
[0.334s] Level 1:colcon.colcon_core.package_identification:_identify(src/custom_package) by extension 'ignore'
[0.334s] Level 1:colcon.colcon_core.package_identification:_identify(src/custom_package) by extension 'ignore_ament_install'
[0.334s] Level 1:colcon.colcon_core.package_identification:_identify(src/custom_package) by extensions ['colcon_pkg']
[0.334s] Level 1:colcon.colcon_core.package_identification:_identify(src/custom_package) by extension 'colcon_pkg'
[0.334s] Level 1:colcon.colcon_core.package_identification:_identify(src/custom_package) by extensions ['colcon_meta']
[0.334s] Level 1:colcon.colcon_core.package_identification:_identify(src/custom_package) by extension 'colcon_meta'
[0.334s] Level 1:colcon.colcon_core.package_identification:_identify(src/custom_package) by extensions ['ros']
[0.334s] Level 1:colcon.colcon_core.package_identification:_identify(src/custom_package) by extension 'ros'
[0.335s] DEBUG:colcon.colcon_core.package_identification:Package 'src/custom_package' with type 'ros.ament_cmake' and name 'custom_package'
[0.335s] Level 1:colcon.colcon_core.package_identification:_identify(src/demo) by extensions ['ignore', 'ignore_ament_install']
[0.335s] Level 1:colcon.colcon_core.package_identification:_identify(src/demo) by extension 'ignore'
[0.335s] Level 1:colcon.colcon_core.package_identification:_identify(src/demo) by extension 'ignore_ament_install'
[0.335s] Level 1:colcon.colcon_core.package_identification:_identify(src/demo) by extensions ['colcon_pkg']
[0.335s] Level 1:colcon.colcon_core.package_identification:_identify(src/demo) by extension 'colcon_pkg'
[0.335s] Level 1:colcon.colcon_core.package_identification:_identify(src/demo) by extensions ['colcon_meta']
[0.335s] Level 1:colcon.colcon_core.package_identification:_identify(src/demo) by extension 'colcon_meta'
[0.335s] Level 1:colcon.colcon_core.package_identification:_identify(src/demo) by extensions ['ros']
[0.335s] Level 1:colcon.colcon_core.package_identification:_identify(src/demo) by extension 'ros'
[0.336s] DEBUG:colcon.colcon_core.package_identification:Package 'src/demo' with type 'ros.ament_cmake' and name 'demo'
[0.336s] Level 1:colcon.colcon_core.package_identification:_identify(src/python_demo) by extensions ['ignore', 'ignore_ament_install']
[0.336s] Level 1:colcon.colcon_core.package_identification:_identify(src/python_demo) by extension 'ignore'
[0.336s] Level 1:colcon.colcon_core.package_identification:_identify(src/python_demo) by extension 'ignore_ament_install'
[0.336s] Level 1:colcon.colcon_core.package_identification:_identify(src/python_demo) by extensions ['colcon_pkg']
[0.336s] Level 1:colcon.colcon_core.package_identification:_identify(src/python_demo) by extension 'colcon_pkg'
[0.336s] Level 1:colcon.colcon_core.package_identification:_identify(src/python_demo) by extensions ['colcon_meta']
[0.336s] Level 1:colcon.colcon_core.package_identification:_identify(src/python_demo) by extension 'colcon_meta'
[0.336s] Level 1:colcon.colcon_core.package_identification:_identify(src/python_demo) by extensions ['ros']
[0.336s] Level 1:colcon.colcon_core.package_identification:_identify(src/python_demo) by extension 'ros'
[0.337s] DEBUG:colcon.colcon_core.package_identification:Package 'src/python_demo' with type 'ros.ament_python' and name 'python_demo'
[0.337s] Level 1:colcon.colcon_core.package_identification:_identify(src/techman_robot_get_status) by extensions ['ignore', 'ignore_ament_install']
[0.338s] Level 1:colcon.colcon_core.package_identification:_identify(src/techman_robot_get_status) by extension 'ignore'
[0.338s] Level 1:colcon.colcon_core.package_identification:_identify(src/techman_robot_get_status) by extension 'ignore_ament_install'
[0.338s] Level 1:colcon.colcon_core.package_identification:_identify(src/techman_robot_get_status) by extensions ['colcon_pkg']
[0.338s] Level 1:colcon.colcon_core.package_identification:_identify(src/techman_robot_get_status) by extension 'colcon_pkg'
[0.338s] Level 1:colcon.colcon_core.package_identification:_identify(src/techman_robot_get_status) by extensions ['colcon_meta']
[0.338s] Level 1:colcon.colcon_core.package_identification:_identify(src/techman_robot_get_status) by extension 'colcon_meta'
[0.338s] Level 1:colcon.colcon_core.package_identification:_identify(src/techman_robot_get_status) by extensions ['ros']
[0.338s] Level 1:colcon.colcon_core.package_identification:_identify(src/techman_robot_get_status) by extension 'ros'
[0.338s] DEBUG:colcon.colcon_core.package_identification:Package 'src/techman_robot_get_status' with type 'ros.ament_python' and name 'techman_robot_get_status'
[0.338s] Level 1:colcon.colcon_core.package_identification:_identify(src/techman_robot_msgs) by extensions ['ignore', 'ignore_ament_install']
[0.338s] Level 1:colcon.colcon_core.package_identification:_identify(src/techman_robot_msgs) by extension 'ignore'
[0.339s] Level 1:colcon.colcon_core.package_identification:_identify(src/techman_robot_msgs) by extension 'ignore_ament_install'
[0.339s] Level 1:colcon.colcon_core.package_identification:_identify(src/techman_robot_msgs) by extensions ['colcon_pkg']
[0.339s] Level 1:colcon.colcon_core.package_identification:_identify(src/techman_robot_msgs) by extension 'colcon_pkg'
[0.339s] Level 1:colcon.colcon_core.package_identification:_identify(src/techman_robot_msgs) by extensions ['colcon_meta']
[0.339s] Level 1:colcon.colcon_core.package_identification:_identify(src/techman_robot_msgs) by extension 'colcon_meta'
[0.339s] Level 1:colcon.colcon_core.package_identification:_identify(src/techman_robot_msgs) by extensions ['ros']
[0.339s] Level 1:colcon.colcon_core.package_identification:_identify(src/techman_robot_msgs) by extension 'ros'
[0.339s] DEBUG:colcon.colcon_core.package_identification:Package 'src/techman_robot_msgs' with type 'ros.ament_cmake' and name 'techman_robot_msgs'
[0.339s] Level 1:colcon.colcon_core.package_identification:_identify(src/tm_description) by extensions ['ignore', 'ignore_ament_install']
[0.340s] Level 1:colcon.colcon_core.package_identification:_identify(src/tm_description) by extension 'ignore'
[0.340s] Level 1:colcon.colcon_core.package_identification:_identify(src/tm_description) by extension 'ignore_ament_install'
[0.340s] Level 1:colcon.colcon_core.package_identification:_identify(src/tm_description) by extensions ['colcon_pkg']
[0.340s] Level 1:colcon.colcon_core.package_identification:_identify(src/tm_description) by extension 'colcon_pkg'
[0.340s] Level 1:colcon.colcon_core.package_identification:_identify(src/tm_description) by extensions ['colcon_meta']
[0.340s] Level 1:colcon.colcon_core.package_identification:_identify(src/tm_description) by extension 'colcon_meta'
[0.340s] Level 1:colcon.colcon_core.package_identification:_identify(src/tm_description) by extensions ['ros']
[0.340s] Level 1:colcon.colcon_core.package_identification:_identify(src/tm_description) by extension 'ros'
[0.340s] DEBUG:colcon.colcon_core.package_identification:Package 'src/tm_description' with type 'ros.ament_cmake' and name 'tm_description'
[0.340s] Level 1:colcon.colcon_core.package_identification:_identify(src/tm_driver) by extensions ['ignore', 'ignore_ament_install']
[0.340s] Level 1:colcon.colcon_core.package_identification:_identify(src/tm_driver) by extension 'ignore'
[0.340s] Level 1:colcon.colcon_core.package_identification:_identify(src/tm_driver) by extension 'ignore_ament_install'
[0.341s] Level 1:colcon.colcon_core.package_identification:_identify(src/tm_driver) by extensions ['colcon_pkg']
[0.341s] Level 1:colcon.colcon_core.package_identification:_identify(src/tm_driver) by extension 'colcon_pkg'
[0.341s] Level 1:colcon.colcon_core.package_identification:_identify(src/tm_driver) by extensions ['colcon_meta']
[0.341s] Level 1:colcon.colcon_core.package_identification:_identify(src/tm_driver) by extension 'colcon_meta'
[0.341s] Level 1:colcon.colcon_core.package_identification:_identify(src/tm_driver) by extensions ['ros']
[0.341s] Level 1:colcon.colcon_core.package_identification:_identify(src/tm_driver) by extension 'ros'
[0.341s] DEBUG:colcon.colcon_core.package_identification:Package 'src/tm_driver' with type 'ros.ament_cmake' and name 'tm_driver'
[0.341s] Level 1:colcon.colcon_core.package_identification:_identify(src/tm_mod_urdf) by extensions ['ignore', 'ignore_ament_install']
[0.341s] Level 1:colcon.colcon_core.package_identification:_identify(src/tm_mod_urdf) by extension 'ignore'
[0.341s] Level 1:colcon.colcon_core.package_identification:_identify(src/tm_mod_urdf) by extension 'ignore_ament_install'
[0.342s] Level 1:colcon.colcon_core.package_identification:_identify(src/tm_mod_urdf) by extensions ['colcon_pkg']
[0.342s] Level 1:colcon.colcon_core.package_identification:_identify(src/tm_mod_urdf) by extension 'colcon_pkg'
[0.342s] Level 1:colcon.colcon_core.package_identification:_identify(src/tm_mod_urdf) by extensions ['colcon_meta']
[0.342s] Level 1:colcon.colcon_core.package_identification:_identify(src/tm_mod_urdf) by extension 'colcon_meta'
[0.342s] Level 1:colcon.colcon_core.package_identification:_identify(src/tm_mod_urdf) by extensions ['ros']
[0.342s] Level 1:colcon.colcon_core.package_identification:_identify(src/tm_mod_urdf) by extension 'ros'
[0.342s] DEBUG:colcon.colcon_core.package_identification:Package 'src/tm_mod_urdf' with type 'ros.ament_python' and name 'tm_mod_urdf'
[0.342s] Level 1:colcon.colcon_core.package_identification:_identify(src/tm_moveit_config_tm12) by extensions ['ignore', 'ignore_ament_install']
[0.342s] Level 1:colcon.colcon_core.package_identification:_identify(src/tm_moveit_config_tm12) by extension 'ignore'
[0.342s] Level 1:colcon.colcon_core.package_identification:_identify(src/tm_moveit_config_tm12) by extension 'ignore_ament_install'
[0.342s] Level 1:colcon.colcon_core.package_identification:_identify(src/tm_moveit_config_tm12) by extensions ['colcon_pkg']
[0.343s] Level 1:colcon.colcon_core.package_identification:_identify(src/tm_moveit_config_tm12) by extension 'colcon_pkg'
[0.343s] Level 1:colcon.colcon_core.package_identification:_identify(src/tm_moveit_config_tm12) by extensions ['colcon_meta']
[0.343s] Level 1:colcon.colcon_core.package_identification:_identify(src/tm_moveit_config_tm12) by extension 'colcon_meta'
[0.343s] Level 1:colcon.colcon_core.package_identification:_identify(src/tm_moveit_config_tm12) by extensions ['ros']
[0.343s] Level 1:colcon.colcon_core.package_identification:_identify(src/tm_moveit_config_tm12) by extension 'ros'
[0.343s] DEBUG:colcon.colcon_core.package_identification:Package 'src/tm_moveit_config_tm12' with type 'ros.ament_cmake' and name 'tm_moveit_config_tm12'
[0.343s] Level 1:colcon.colcon_core.package_identification:_identify(src/tm_moveit_config_tm12x) by extensions ['ignore', 'ignore_ament_install']
[0.343s] Level 1:colcon.colcon_core.package_identification:_identify(src/tm_moveit_config_tm12x) by extension 'ignore'
[0.344s] Level 1:colcon.colcon_core.package_identification:_identify(src/tm_moveit_config_tm12x) by extension 'ignore_ament_install'
[0.344s] Level 1:colcon.colcon_core.package_identification:_identify(src/tm_moveit_config_tm12x) by extensions ['colcon_pkg']
[0.344s] Level 1:colcon.colcon_core.package_identification:_identify(src/tm_moveit_config_tm12x) by extension 'colcon_pkg'
[0.344s] Level 1:colcon.colcon_core.package_identification:_identify(src/tm_moveit_config_tm12x) by extensions ['colcon_meta']
[0.344s] Level 1:colcon.colcon_core.package_identification:_identify(src/tm_moveit_config_tm12x) by extension 'colcon_meta'
[0.344s] Level 1:colcon.colcon_core.package_identification:_identify(src/tm_moveit_config_tm12x) by extensions ['ros']
[0.344s] Level 1:colcon.colcon_core.package_identification:_identify(src/tm_moveit_config_tm12x) by extension 'ros'
[0.353s] DEBUG:colcon.colcon_core.package_identification:Package 'src/tm_moveit_config_tm12x' with type 'ros.ament_cmake' and name 'tm_moveit_config_tm12x'
[0.353s] Level 1:colcon.colcon_core.package_identification:_identify(src/tm_moveit_config_tm14) by extensions ['ignore', 'ignore_ament_install']
[0.354s] Level 1:colcon.colcon_core.package_identification:_identify(src/tm_moveit_config_tm14) by extension 'ignore'
[0.354s] Level 1:colcon.colcon_core.package_identification:_identify(src/tm_moveit_config_tm14) by extension 'ignore_ament_install'
[0.354s] Level 1:colcon.colcon_core.package_identification:_identify(src/tm_moveit_config_tm14) by extensions ['colcon_pkg']
[0.354s] Level 1:colcon.colcon_core.package_identification:_identify(src/tm_moveit_config_tm14) by extension 'colcon_pkg'
[0.354s] Level 1:colcon.colcon_core.package_identification:_identify(src/tm_moveit_config_tm14) by extensions ['colcon_meta']
[0.354s] Level 1:colcon.colcon_core.package_identification:_identify(src/tm_moveit_config_tm14) by extension 'colcon_meta'
[0.354s] Level 1:colcon.colcon_core.package_identification:_identify(src/tm_moveit_config_tm14) by extensions ['ros']
[0.354s] Level 1:colcon.colcon_core.package_identification:_identify(src/tm_moveit_config_tm14) by extension 'ros'
[0.354s] DEBUG:colcon.colcon_core.package_identification:Package 'src/tm_moveit_config_tm14' with type 'ros.ament_cmake' and name 'tm_moveit_config_tm14'
[0.355s] Level 1:colcon.colcon_core.package_identification:_identify(src/tm_moveit_config_tm14x) by extensions ['ignore', 'ignore_ament_install']
[0.355s] Level 1:colcon.colcon_core.package_identification:_identify(src/tm_moveit_config_tm14x) by extension 'ignore'
[0.355s] Level 1:colcon.colcon_core.package_identification:_identify(src/tm_moveit_config_tm14x) by extension 'ignore_ament_install'
[0.355s] Level 1:colcon.colcon_core.package_identification:_identify(src/tm_moveit_config_tm14x) by extensions ['colcon_pkg']
[0.355s] Level 1:colcon.colcon_core.package_identification:_identify(src/tm_moveit_config_tm14x) by extension 'colcon_pkg'
[0.355s] Level 1:colcon.colcon_core.package_identification:_identify(src/tm_moveit_config_tm14x) by extensions ['colcon_meta']
[0.355s] Level 1:colcon.colcon_core.package_identification:_identify(src/tm_moveit_config_tm14x) by extension 'colcon_meta'
[0.355s] Level 1:colcon.colcon_core.package_identification:_identify(src/tm_moveit_config_tm14x) by extensions ['ros']
[0.355s] Level 1:colcon.colcon_core.package_identification:_identify(src/tm_moveit_config_tm14x) by extension 'ros'
[0.356s] DEBUG:colcon.colcon_core.package_identification:Package 'src/tm_moveit_config_tm14x' with type 'ros.ament_cmake' and name 'tm_moveit_config_tm14x'
[0.356s] Level 1:colcon.colcon_core.package_identification:_identify(src/tm_moveit_config_tm5-700) by extensions ['ignore', 'ignore_ament_install']
[0.356s] Level 1:colcon.colcon_core.package_identification:_identify(src/tm_moveit_config_tm5-700) by extension 'ignore'
[0.356s] Level 1:colcon.colcon_core.package_identification:_identify(src/tm_moveit_config_tm5-700) by extension 'ignore_ament_install'
[0.356s] Level 1:colcon.colcon_core.package_identification:_identify(src/tm_moveit_config_tm5-700) by extensions ['colcon_pkg']
[0.356s] Level 1:colcon.colcon_core.package_identification:_identify(src/tm_moveit_config_tm5-700) by extension 'colcon_pkg'
[0.356s] Level 1:colcon.colcon_core.package_identification:_identify(src/tm_moveit_config_tm5-700) by extensions ['colcon_meta']
[0.356s] Level 1:colcon.colcon_core.package_identification:_identify(src/tm_moveit_config_tm5-700) by extension 'colcon_meta'
[0.356s] Level 1:colcon.colcon_core.package_identification:_identify(src/tm_moveit_config_tm5-700) by extensions ['ros']
[0.356s] Level 1:colcon.colcon_core.package_identification:_identify(src/tm_moveit_config_tm5-700) by extension 'ros'
[0.356s] DEBUG:colcon.colcon_core.package_identification:Package 'src/tm_moveit_config_tm5-700' with type 'ros.ament_cmake' and name 'tm_moveit_config_tm5-700'
[0.357s] Level 1:colcon.colcon_core.package_identification:_identify(src/tm_moveit_config_tm5-900) by extensions ['ignore', 'ignore_ament_install']
[0.357s] Level 1:colcon.colcon_core.package_identification:_identify(src/tm_moveit_config_tm5-900) by extension 'ignore'
[0.357s] Level 1:colcon.colcon_core.package_identification:_identify(src/tm_moveit_config_tm5-900) by extension 'ignore_ament_install'
[0.357s] Level 1:colcon.colcon_core.package_identification:_identify(src/tm_moveit_config_tm5-900) by extensions ['colcon_pkg']
[0.357s] Level 1:colcon.colcon_core.package_identification:_identify(src/tm_moveit_config_tm5-900) by extension 'colcon_pkg'
[0.357s] Level 1:colcon.colcon_core.package_identification:_identify(src/tm_moveit_config_tm5-900) by extensions ['colcon_meta']
[0.357s] Level 1:colcon.colcon_core.package_identification:_identify(src/tm_moveit_config_tm5-900) by extension 'colcon_meta'
[0.357s] Level 1:colcon.colcon_core.package_identification:_identify(src/tm_moveit_config_tm5-900) by extensions ['ros']
[0.357s] Level 1:colcon.colcon_core.package_identification:_identify(src/tm_moveit_config_tm5-900) by extension 'ros'
[0.357s] DEBUG:colcon.colcon_core.package_identification:Package 'src/tm_moveit_config_tm5-900' with type 'ros.ament_cmake' and name 'tm_moveit_config_tm5-900'
[0.358s] Level 1:colcon.colcon_core.package_identification:_identify(src/tm_moveit_config_tm5x-700) by extensions ['ignore', 'ignore_ament_install']
[0.358s] Level 1:colcon.colcon_core.package_identification:_identify(src/tm_moveit_config_tm5x-700) by extension 'ignore'
[0.358s] Level 1:colcon.colcon_core.package_identification:_identify(src/tm_moveit_config_tm5x-700) by extension 'ignore_ament_install'
[0.358s] Level 1:colcon.colcon_core.package_identification:_identify(src/tm_moveit_config_tm5x-700) by extensions ['colcon_pkg']
[0.358s] Level 1:colcon.colcon_core.package_identification:_identify(src/tm_moveit_config_tm5x-700) by extension 'colcon_pkg'
[0.358s] Level 1:colcon.colcon_core.package_identification:_identify(src/tm_moveit_config_tm5x-700) by extensions ['colcon_meta']
[0.358s] Level 1:colcon.colcon_core.package_identification:_identify(src/tm_moveit_config_tm5x-700) by extension 'colcon_meta'
[0.358s] Level 1:colcon.colcon_core.package_identification:_identify(src/tm_moveit_config_tm5x-700) by extensions ['ros']
[0.358s] Level 1:colcon.colcon_core.package_identification:_identify(src/tm_moveit_config_tm5x-700) by extension 'ros'
[0.359s] DEBUG:colcon.colcon_core.package_identification:Package 'src/tm_moveit_config_tm5x-700' with type 'ros.ament_cmake' and name 'tm_moveit_config_tm5x-700'
[0.359s] Level 1:colcon.colcon_core.package_identification:_identify(src/tm_moveit_config_tm5x-900) by extensions ['ignore', 'ignore_ament_install']
[0.359s] Level 1:colcon.colcon_core.package_identification:_identify(src/tm_moveit_config_tm5x-900) by extension 'ignore'
[0.359s] Level 1:colcon.colcon_core.package_identification:_identify(src/tm_moveit_config_tm5x-900) by extension 'ignore_ament_install'
[0.359s] Level 1:colcon.colcon_core.package_identification:_identify(src/tm_moveit_config_tm5x-900) by extensions ['colcon_pkg']
[0.359s] Level 1:colcon.colcon_core.package_identification:_identify(src/tm_moveit_config_tm5x-900) by extension 'colcon_pkg'
[0.359s] Level 1:colcon.colcon_core.package_identification:_identify(src/tm_moveit_config_tm5x-900) by extensions ['colcon_meta']
[0.359s] Level 1:colcon.colcon_core.package_identification:_identify(src/tm_moveit_config_tm5x-900) by extension 'colcon_meta'
[0.359s] Level 1:colcon.colcon_core.package_identification:_identify(src/tm_moveit_config_tm5x-900) by extensions ['ros']
[0.359s] Level 1:colcon.colcon_core.package_identification:_identify(src/tm_moveit_config_tm5x-900) by extension 'ros'
[0.360s] DEBUG:colcon.colcon_core.package_identification:Package 'src/tm_moveit_config_tm5x-900' with type 'ros.ament_cmake' and name 'tm_moveit_config_tm5x-900'
[0.360s] Level 1:colcon.colcon_core.package_identification:_identify(src/tm_moveit_cpp_demo) by extensions ['ignore', 'ignore_ament_install']
[0.360s] Level 1:colcon.colcon_core.package_identification:_identify(src/tm_moveit_cpp_demo) by extension 'ignore'
[0.360s] Level 1:colcon.colcon_core.package_identification:_identify(src/tm_moveit_cpp_demo) by extension 'ignore_ament_install'
[0.360s] Level 1:colcon.colcon_core.package_identification:_identify(src/tm_moveit_cpp_demo) by extensions ['colcon_pkg']
[0.360s] Level 1:colcon.colcon_core.package_identification:_identify(src/tm_moveit_cpp_demo) by extension 'colcon_pkg'
[0.360s] Level 1:colcon.colcon_core.package_identification:_identify(src/tm_moveit_cpp_demo) by extensions ['colcon_meta']
[0.360s] Level 1:colcon.colcon_core.package_identification:_identify(src/tm_moveit_cpp_demo) by extension 'colcon_meta'
[0.360s] Level 1:colcon.colcon_core.package_identification:_identify(src/tm_moveit_cpp_demo) by extensions ['ros']
[0.360s] Level 1:colcon.colcon_core.package_identification:_identify(src/tm_moveit_cpp_demo) by extension 'ros'
[0.361s] DEBUG:colcon.colcon_core.package_identification:Package 'src/tm_moveit_cpp_demo' with type 'ros.ament_cmake' and name 'tm_moveit_cpp_demo'
[0.361s] Level 1:colcon.colcon_core.package_identification:_identify(src/tm_msgs) by extensions ['ignore', 'ignore_ament_install']
[0.361s] Level 1:colcon.colcon_core.package_identification:_identify(src/tm_msgs) by extension 'ignore'
[0.361s] Level 1:colcon.colcon_core.package_identification:_identify(src/tm_msgs) by extension 'ignore_ament_install'
[0.361s] Level 1:colcon.colcon_core.package_identification:_identify(src/tm_msgs) by extensions ['colcon_pkg']
[0.361s] Level 1:colcon.colcon_core.package_identification:_identify(src/tm_msgs) by extension 'colcon_pkg'
[0.361s] Level 1:colcon.colcon_core.package_identification:_identify(src/tm_msgs) by extensions ['colcon_meta']
[0.361s] Level 1:colcon.colcon_core.package_identification:_identify(src/tm_msgs) by extension 'colcon_meta'
[0.361s] Level 1:colcon.colcon_core.package_identification:_identify(src/tm_msgs) by extensions ['ros']
[0.361s] Level 1:colcon.colcon_core.package_identification:_identify(src/tm_msgs) by extension 'ros'
[0.361s] DEBUG:colcon.colcon_core.package_identification:Package 'src/tm_msgs' with type 'ros.ament_cmake' and name 'tm_msgs'
[0.362s] Level 1:colcon.colcon_core.package_identification:_identify(src/ui_for_debug_and_demo) by extensions ['ignore', 'ignore_ament_install']
[0.362s] Level 1:colcon.colcon_core.package_identification:_identify(src/ui_for_debug_and_demo) by extension 'ignore'
[0.362s] Level 1:colcon.colcon_core.package_identification:_identify(src/ui_for_debug_and_demo) by extension 'ignore_ament_install'
[0.362s] Level 1:colcon.colcon_core.package_identification:_identify(src/ui_for_debug_and_demo) by extensions ['colcon_pkg']
[0.362s] Level 1:colcon.colcon_core.package_identification:_identify(src/ui_for_debug_and_demo) by extension 'colcon_pkg'
[0.362s] Level 1:colcon.colcon_core.package_identification:_identify(src/ui_for_debug_and_demo) by extensions ['colcon_meta']
[0.362s] Level 1:colcon.colcon_core.package_identification:_identify(src/ui_for_debug_and_demo) by extension 'colcon_meta'
[0.362s] Level 1:colcon.colcon_core.package_identification:_identify(src/ui_for_debug_and_demo) by extensions ['ros']
[0.362s] Level 1:colcon.colcon_core.package_identification:_identify(src/ui_for_debug_and_demo) by extension 'ros'
[0.363s] DEBUG:colcon.colcon_core.package_identification:Package 'src/ui_for_debug_and_demo' with type 'ros.ament_cmake' and name 'ui_for_debug_and_demo'
[0.363s] Level 1:colcon.colcon_core.package_discovery:discover_packages(recursive) using defaults
[0.363s] Level 1:colcon.colcon_core.package_discovery:discover_packages(ignore) discover
[0.363s] Level 1:colcon.colcon_core.package_discovery:discover_packages(ignore) using defaults
[0.363s] Level 1:colcon.colcon_core.package_discovery:discover_packages(path) discover
[0.363s] Level 1:colcon.colcon_core.package_discovery:discover_packages(path) using defaults
[0.384s] Level 1:colcon.colcon_core.package_discovery:discover_packages(prefix_path) check parameters
[0.384s] Level 1:colcon.colcon_core.package_discovery:discover_packages(prefix_path) discover
[0.385s] WARNING:colcon.colcon_ros.prefix_path.ament:The path '/home/rslomron/MoMa/tm_custom/install/arm_subscriber' in the environment variable AMENT_PREFIX_PATH doesn't exist
[0.385s] WARNING:colcon.colcon_ros.prefix_path.ament:The path '/home/rslomron/MoMa/tm_custom/install/ui_for_debug_and_demo' in the environment variable AMENT_PREFIX_PATH doesn't exist
[0.385s] WARNING:colcon.colcon_ros.prefix_path.ament:The path '/home/rslomron/MoMa/tm_custom/install/tm_driver' in the environment variable AMENT_PREFIX_PATH doesn't exist
[0.385s] WARNING:colcon.colcon_ros.prefix_path.ament:The path '/home/rslomron/MoMa/tm_custom/install/demo' in the environment variable AMENT_PREFIX_PATH doesn't exist
[0.386s] WARNING:colcon.colcon_ros.prefix_path.ament:The path '/home/rslomron/MoMa/tm_custom/install/tm_moveit_cpp_demo' in the environment variable AMENT_PREFIX_PATH doesn't exist
[0.386s] WARNING:colcon.colcon_ros.prefix_path.ament:The path '/home/rslomron/MoMa/tm_custom/install/tm_moveit_config_tm5x-900' in the environment variable AMENT_PREFIX_PATH doesn't exist
[0.386s] WARNING:colcon.colcon_ros.prefix_path.ament:The path '/home/rslomron/MoMa/tm_custom/install/tm_moveit_config_tm5x-700' in the environment variable AMENT_PREFIX_PATH doesn't exist
[0.386s] WARNING:colcon.colcon_ros.prefix_path.ament:The path '/home/rslomron/MoMa/tm_custom/install/tm_moveit_config_tm5-900' in the environment variable AMENT_PREFIX_PATH doesn't exist
[0.386s] WARNING:colcon.colcon_ros.prefix_path.ament:The path '/home/rslomron/MoMa/tm_custom/install/tm_moveit_config_tm5-700' in the environment variable AMENT_PREFIX_PATH doesn't exist
[0.386s] WARNING:colcon.colcon_ros.prefix_path.ament:The path '/home/rslomron/MoMa/tm_custom/install/tm_moveit_config_tm14x' in the environment variable AMENT_PREFIX_PATH doesn't exist
[0.386s] WARNING:colcon.colcon_ros.prefix_path.ament:The path '/home/rslomron/MoMa/tm_custom/install/tm_moveit_config_tm14' in the environment variable AMENT_PREFIX_PATH doesn't exist
[0.386s] WARNING:colcon.colcon_ros.prefix_path.ament:The path '/home/rslomron/MoMa/tm_custom/install/tm_moveit_config_tm12x' in the environment variable AMENT_PREFIX_PATH doesn't exist
[0.386s] WARNING:colcon.colcon_ros.prefix_path.ament:The path '/home/rslomron/MoMa/tm_custom/install/tm_moveit_config_tm12' in the environment variable AMENT_PREFIX_PATH doesn't exist
[0.386s] WARNING:colcon.colcon_ros.prefix_path.ament:The path '/home/rslomron/MoMa/tm_custom/install/tm_mod_urdf' in the environment variable AMENT_PREFIX_PATH doesn't exist
[0.386s] WARNING:colcon.colcon_ros.prefix_path.ament:The path '/home/rslomron/MoMa/tm_custom/install/tm_description' in the environment variable AMENT_PREFIX_PATH doesn't exist
[0.386s] WARNING:colcon.colcon_ros.prefix_path.ament:The path '/home/rslomron/MoMa/tm_custom/install/custom_package' in the environment variable AMENT_PREFIX_PATH doesn't exist
[0.386s] WARNING:colcon.colcon_ros.prefix_path.ament:The path '/home/rslomron/MoMa/tm_custom/install/techman_robot_msgs' in the environment variable AMENT_PREFIX_PATH doesn't exist
[0.386s] WARNING:colcon.colcon_ros.prefix_path.ament:The path '/home/rslomron/MoMa/tm_custom/install/techman_robot_get_status' in the environment variable AMENT_PREFIX_PATH doesn't exist
[0.386s] WARNING:colcon.colcon_ros.prefix_path.ament:The path '/home/rslomron/MoMa/tm_custom/install/python_demo' in the environment variable AMENT_PREFIX_PATH doesn't exist
[0.388s] WARNING:colcon.colcon_ros.prefix_path.catkin:The path '/home/rslomron/MoMa/tm_custom/install/ui_for_debug_and_demo' in the environment variable CMAKE_PREFIX_PATH doesn't exist
[0.388s] WARNING:colcon.colcon_ros.prefix_path.catkin:The path '/home/rslomron/MoMa/tm_custom/install/tm_driver' in the environment variable CMAKE_PREFIX_PATH doesn't exist
[0.388s] WARNING:colcon.colcon_ros.prefix_path.catkin:The path '/home/rslomron/MoMa/tm_custom/install/demo' in the environment variable CMAKE_PREFIX_PATH doesn't exist
[0.388s] WARNING:colcon.colcon_ros.prefix_path.catkin:The path '/home/rslomron/MoMa/tm_custom/install/tm_moveit_cpp_demo' in the environment variable CMAKE_PREFIX_PATH doesn't exist
[0.388s] WARNING:colcon.colcon_ros.prefix_path.catkin:The path '/home/rslomron/MoMa/tm_custom/install/tm_moveit_config_tm5x-900' in the environment variable CMAKE_PREFIX_PATH doesn't exist
[0.388s] WARNING:colcon.colcon_ros.prefix_path.catkin:The path '/home/rslomron/MoMa/tm_custom/install/tm_moveit_config_tm5x-700' in the environment variable CMAKE_PREFIX_PATH doesn't exist
[0.388s] WARNING:colcon.colcon_ros.prefix_path.catkin:The path '/home/rslomron/MoMa/tm_custom/install/tm_moveit_config_tm5-900' in the environment variable CMAKE_PREFIX_PATH doesn't exist
[0.388s] WARNING:colcon.colcon_ros.prefix_path.catkin:The path '/home/rslomron/MoMa/tm_custom/install/tm_moveit_config_tm5-700' in the environment variable CMAKE_PREFIX_PATH doesn't exist
[0.388s] WARNING:colcon.colcon_ros.prefix_path.catkin:The path '/home/rslomron/MoMa/tm_custom/install/tm_moveit_config_tm14x' in the environment variable CMAKE_PREFIX_PATH doesn't exist
[0.388s] WARNING:colcon.colcon_ros.prefix_path.catkin:The path '/home/rslomron/MoMa/tm_custom/install/tm_moveit_config_tm14' in the environment variable CMAKE_PREFIX_PATH doesn't exist
[0.388s] WARNING:colcon.colcon_ros.prefix_path.catkin:The path '/home/rslomron/MoMa/tm_custom/install/tm_moveit_config_tm12x' in the environment variable CMAKE_PREFIX_PATH doesn't exist
[0.388s] WARNING:colcon.colcon_ros.prefix_path.catkin:The path '/home/rslomron/MoMa/tm_custom/install/tm_moveit_config_tm12' in the environment variable CMAKE_PREFIX_PATH doesn't exist
[0.388s] WARNING:colcon.colcon_ros.prefix_path.catkin:The path '/home/rslomron/MoMa/tm_custom/install/tm_description' in the environment variable CMAKE_PREFIX_PATH doesn't exist
[0.388s] WARNING:colcon.colcon_ros.prefix_path.catkin:The path '/home/rslomron/MoMa/tm_custom/install/custom_package' in the environment variable CMAKE_PREFIX_PATH doesn't exist
[0.388s] WARNING:colcon.colcon_ros.prefix_path.catkin:The path '/home/rslomron/MoMa/tm_custom/install/techman_robot_msgs' in the environment variable CMAKE_PREFIX_PATH doesn't exist
[0.389s] DEBUG:colcon.colcon_installed_package_information.package_discovery:Found 1 installed packages in /home/rslomron/MoMa/tm_custom/install
[0.391s] DEBUG:colcon.colcon_installed_package_information.package_discovery:Found 45 installed packages in /home/rslomron/moveit2_ws/install
[0.392s] DEBUG:colcon.colcon_installed_package_information.package_discovery:Found 334 installed packages in /opt/ros/humble
[0.394s] Level 1:colcon.colcon_core.package_discovery:discover_packages(prefix_path) using defaults
[0.445s] Level 5:colcon.colcon_core.verb:set package 'arm_subscriber' build argument 'cmake_args' from command line to 'None'
[0.446s] Level 5:colcon.colcon_core.verb:set package 'arm_subscriber' build argument 'cmake_target' from command line to 'None'
[0.446s] Level 5:colcon.colcon_core.verb:set package 'arm_subscriber' build argument 'cmake_target_skip_unavailable' from command line to 'False'
[0.446s] Level 5:colcon.colcon_core.verb:set package 'arm_subscriber' build argument 'cmake_clean_cache' from command line to 'False'
[0.446s] Level 5:colcon.colcon_core.verb:set package 'arm_subscriber' build argument 'cmake_clean_first' from command line to 'False'
[0.446s] Level 5:colcon.colcon_core.verb:set package 'arm_subscriber' build argument 'cmake_force_configure' from command line to 'False'
[0.446s] Level 5:colcon.colcon_core.verb:set package 'arm_subscriber' build argument 'ament_cmake_args' from command line to 'None'
[0.446s] Level 5:colcon.colcon_core.verb:set package 'arm_subscriber' build argument 'catkin_cmake_args' from command line to 'None'
[0.446s] Level 5:colcon.colcon_core.verb:set package 'arm_subscriber' build argument 'catkin_skip_building_tests' from command line to 'False'
[0.446s] DEBUG:colcon.colcon_core.verb:Building package 'arm_subscriber' with the following arguments: {'ament_cmake_args': None, 'build_base': '/home/rslomron/MoMa/tm_custom/build/arm_subscriber', 'catkin_cmake_args': None, 'catkin_skip_building_tests': False, 'cmake_args': None, 'cmake_clean_cache': False, 'cmake_clean_first': False, 'cmake_force_configure': False, 'cmake_target': None, 'cmake_target_skip_unavailable': False, 'install_base': '/home/rslomron/MoMa/tm_custom/install/arm_subscriber', 'merge_install': False, 'path': '/home/rslomron/MoMa/tm_custom/src/arm_subscriber', 'symlink_install': False, 'test_result_base': None}
[0.446s] Level 5:colcon.colcon_core.verb:set package 'python_demo' build argument 'cmake_args' from command line to 'None'
[0.446s] Level 5:colcon.colcon_core.verb:set package 'python_demo' build argument 'cmake_target' from command line to 'None'
[0.446s] Level 5:colcon.colcon_core.verb:set package 'python_demo' build argument 'cmake_target_skip_unavailable' from command line to 'False'
[0.446s] Level 5:colcon.colcon_core.verb:set package 'python_demo' build argument 'cmake_clean_cache' from command line to 'False'
[0.446s] Level 5:colcon.colcon_core.verb:set package 'python_demo' build argument 'cmake_clean_first' from command line to 'False'
[0.446s] Level 5:colcon.colcon_core.verb:set package 'python_demo' build argument 'cmake_force_configure' from command line to 'False'
[0.446s] Level 5:colcon.colcon_core.verb:set package 'python_demo' build argument 'ament_cmake_args' from command line to 'None'
[0.446s] Level 5:colcon.colcon_core.verb:set package 'python_demo' build argument 'catkin_cmake_args' from command line to 'None'
[0.446s] Level 5:colcon.colcon_core.verb:set package 'python_demo' build argument 'catkin_skip_building_tests' from command line to 'False'
[0.446s] DEBUG:colcon.colcon_core.verb:Building package 'python_demo' with the following arguments: {'ament_cmake_args': None, 'build_base': '/home/rslomron/MoMa/tm_custom/build/python_demo', 'catkin_cmake_args': None, 'catkin_skip_building_tests': False, 'cmake_args': None, 'cmake_clean_cache': False, 'cmake_clean_first': False, 'cmake_force_configure': False, 'cmake_target': None, 'cmake_target_skip_unavailable': False, 'install_base': '/home/rslomron/MoMa/tm_custom/install/python_demo', 'merge_install': False, 'path': '/home/rslomron/MoMa/tm_custom/src/python_demo', 'symlink_install': False, 'test_result_base': None}
[0.447s] Level 5:colcon.colcon_core.verb:set package 'techman_robot_get_status' build argument 'cmake_args' from command line to 'None'
[0.447s] Level 5:colcon.colcon_core.verb:set package 'techman_robot_get_status' build argument 'cmake_target' from command line to 'None'
[0.447s] Level 5:colcon.colcon_core.verb:set package 'techman_robot_get_status' build argument 'cmake_target_skip_unavailable' from command line to 'False'
[0.447s] Level 5:colcon.colcon_core.verb:set package 'techman_robot_get_status' build argument 'cmake_clean_cache' from command line to 'False'
[0.447s] Level 5:colcon.colcon_core.verb:set package 'techman_robot_get_status' build argument 'cmake_clean_first' from command line to 'False'
[0.447s] Level 5:colcon.colcon_core.verb:set package 'techman_robot_get_status' build argument 'cmake_force_configure' from command line to 'False'
[0.447s] Level 5:colcon.colcon_core.verb:set package 'techman_robot_get_status' build argument 'ament_cmake_args' from command line to 'None'
[0.447s] Level 5:colcon.colcon_core.verb:set package 'techman_robot_get_status' build argument 'catkin_cmake_args' from command line to 'None'
[0.447s] Level 5:colcon.colcon_core.verb:set package 'techman_robot_get_status' build argument 'catkin_skip_building_tests' from command line to 'False'
[0.447s] DEBUG:colcon.colcon_core.verb:Building package 'techman_robot_get_status' with the following arguments: {'ament_cmake_args': None, 'build_base': '/home/rslomron/MoMa/tm_custom/build/techman_robot_get_status', 'catkin_cmake_args': None, 'catkin_skip_building_tests': False, 'cmake_args': None, 'cmake_clean_cache': False, 'cmake_clean_first': False, 'cmake_force_configure': False, 'cmake_target': None, 'cmake_target_skip_unavailable': False, 'install_base': '/home/rslomron/MoMa/tm_custom/install/techman_robot_get_status', 'merge_install': False, 'path': '/home/rslomron/MoMa/tm_custom/src/techman_robot_get_status', 'symlink_install': False, 'test_result_base': None}
[0.447s] Level 5:colcon.colcon_core.verb:set package 'techman_robot_msgs' build argument 'cmake_args' from command line to 'None'
[0.447s] Level 5:colcon.colcon_core.verb:set package 'techman_robot_msgs' build argument 'cmake_target' from command line to 'None'
[0.447s] Level 5:colcon.colcon_core.verb:set package 'techman_robot_msgs' build argument 'cmake_target_skip_unavailable' from command line to 'False'
[0.447s] Level 5:colcon.colcon_core.verb:set package 'techman_robot_msgs' build argument 'cmake_clean_cache' from command line to 'False'
[0.447s] Level 5:colcon.colcon_core.verb:set package 'techman_robot_msgs' build argument 'cmake_clean_first' from command line to 'False'
[0.448s] Level 5:colcon.colcon_core.verb:set package 'techman_robot_msgs' build argument 'cmake_force_configure' from command line to 'False'
[0.448s] Level 5:colcon.colcon_core.verb:set package 'techman_robot_msgs' build argument 'ament_cmake_args' from command line to 'None'
[0.448s] Level 5:colcon.colcon_core.verb:set package 'techman_robot_msgs' build argument 'catkin_cmake_args' from command line to 'None'
[0.448s] Level 5:colcon.colcon_core.verb:set package 'techman_robot_msgs' build argument 'catkin_skip_building_tests' from command line to 'False'
[0.448s] DEBUG:colcon.colcon_core.verb:Building package 'techman_robot_msgs' with the following arguments: {'ament_cmake_args': None, 'build_base': '/home/rslomron/MoMa/tm_custom/build/techman_robot_msgs', 'catkin_cmake_args': None, 'catkin_skip_building_tests': False, 'cmake_args': None, 'cmake_clean_cache': False, 'cmake_clean_first': False, 'cmake_force_configure': False, 'cmake_target': None, 'cmake_target_skip_unavailable': False, 'install_base': '/home/rslomron/MoMa/tm_custom/install/techman_robot_msgs', 'merge_install': False, 'path': '/home/rslomron/MoMa/tm_custom/src/techman_robot_msgs', 'symlink_install': False, 'test_result_base': None}
[0.448s] Level 5:colcon.colcon_core.verb:set package 'tm_description' build argument 'cmake_args' from command line to 'None'
[0.448s] Level 5:colcon.colcon_core.verb:set package 'tm_description' build argument 'cmake_target' from command line to 'None'
[0.448s] Level 5:colcon.colcon_core.verb:set package 'tm_description' build argument 'cmake_target_skip_unavailable' from command line to 'False'
[0.448s] Level 5:colcon.colcon_core.verb:set package 'tm_description' build argument 'cmake_clean_cache' from command line to 'False'
[0.448s] Level 5:colcon.colcon_core.verb:set package 'tm_description' build argument 'cmake_clean_first' from command line to 'False'
[0.448s] Level 5:colcon.colcon_core.verb:set package 'tm_description' build argument 'cmake_force_configure' from command line to 'False'
[0.448s] Level 5:colcon.colcon_core.verb:set package 'tm_description' build argument 'ament_cmake_args' from command line to 'None'
[0.448s] Level 5:colcon.colcon_core.verb:set package 'tm_description' build argument 'catkin_cmake_args' from command line to 'None'
[0.448s] Level 5:colcon.colcon_core.verb:set package 'tm_description' build argument 'catkin_skip_building_tests' from command line to 'False'
[0.448s] DEBUG:colcon.colcon_core.verb:Building package 'tm_description' with the following arguments: {'ament_cmake_args': None, 'build_base': '/home/rslomron/MoMa/tm_custom/build/tm_description', 'catkin_cmake_args': None, 'catkin_skip_building_tests': False, 'cmake_args': None, 'cmake_clean_cache': False, 'cmake_clean_first': False, 'cmake_force_configure': False, 'cmake_target': None, 'cmake_target_skip_unavailable': False, 'install_base': '/home/rslomron/MoMa/tm_custom/install/tm_description', 'merge_install': False, 'path': '/home/rslomron/MoMa/tm_custom/src/tm_description', 'symlink_install': False, 'test_result_base': None}
[0.449s] Level 5:colcon.colcon_core.verb:set package 'tm_mod_urdf' build argument 'cmake_args' from command line to 'None'
[0.449s] Level 5:colcon.colcon_core.verb:set package 'tm_mod_urdf' build argument 'cmake_target' from command line to 'None'
[0.449s] Level 5:colcon.colcon_core.verb:set package 'tm_mod_urdf' build argument 'cmake_target_skip_unavailable' from command line to 'False'
[0.449s] Level 5:colcon.colcon_core.verb:set package 'tm_mod_urdf' build argument 'cmake_clean_cache' from command line to 'False'
[0.449s] Level 5:colcon.colcon_core.verb:set package 'tm_mod_urdf' build argument 'cmake_clean_first' from command line to 'False'
[0.449s] Level 5:colcon.colcon_core.verb:set package 'tm_mod_urdf' build argument 'cmake_force_configure' from command line to 'False'
[0.449s] Level 5:colcon.colcon_core.verb:set package 'tm_mod_urdf' build argument 'ament_cmake_args' from command line to 'None'
[0.449s] Level 5:colcon.colcon_core.verb:set package 'tm_mod_urdf' build argument 'catkin_cmake_args' from command line to 'None'
[0.449s] Level 5:colcon.colcon_core.verb:set package 'tm_mod_urdf' build argument 'catkin_skip_building_tests' from command line to 'False'
[0.449s] DEBUG:colcon.colcon_core.verb:Building package 'tm_mod_urdf' with the following arguments: {'ament_cmake_args': None, 'build_base': '/home/rslomron/MoMa/tm_custom/build/tm_mod_urdf', 'catkin_cmake_args': None, 'catkin_skip_building_tests': False, 'cmake_args': None, 'cmake_clean_cache': False, 'cmake_clean_first': False, 'cmake_force_configure': False, 'cmake_target': None, 'cmake_target_skip_unavailable': False, 'install_base': '/home/rslomron/MoMa/tm_custom/install/tm_mod_urdf', 'merge_install': False, 'path': '/home/rslomron/MoMa/tm_custom/src/tm_mod_urdf', 'symlink_install': False, 'test_result_base': None}
[0.449s] Level 5:colcon.colcon_core.verb:set package 'tm_moveit_cpp_demo' build argument 'cmake_args' from command line to 'None'
[0.449s] Level 5:colcon.colcon_core.verb:set package 'tm_moveit_cpp_demo' build argument 'cmake_target' from command line to 'None'
[0.449s] Level 5:colcon.colcon_core.verb:set package 'tm_moveit_cpp_demo' build argument 'cmake_target_skip_unavailable' from command line to 'False'
[0.449s] Level 5:colcon.colcon_core.verb:set package 'tm_moveit_cpp_demo' build argument 'cmake_clean_cache' from command line to 'False'
[0.449s] Level 5:colcon.colcon_core.verb:set package 'tm_moveit_cpp_demo' build argument 'cmake_clean_first' from command line to 'False'
[0.449s] Level 5:colcon.colcon_core.verb:set package 'tm_moveit_cpp_demo' build argument 'cmake_force_configure' from command line to 'False'
[0.449s] Level 5:colcon.colcon_core.verb:set package 'tm_moveit_cpp_demo' build argument 'ament_cmake_args' from command line to 'None'
[0.449s] Level 5:colcon.colcon_core.verb:set package 'tm_moveit_cpp_demo' build argument 'catkin_cmake_args' from command line to 'None'
[0.449s] Level 5:colcon.colcon_core.verb:set package 'tm_moveit_cpp_demo' build argument 'catkin_skip_building_tests' from command line to 'False'
[0.449s] DEBUG:colcon.colcon_core.verb:Building package 'tm_moveit_cpp_demo' with the following arguments: {'ament_cmake_args': None, 'build_base': '/home/rslomron/MoMa/tm_custom/build/tm_moveit_cpp_demo', 'catkin_cmake_args': None, 'catkin_skip_building_tests': False, 'cmake_args': None, 'cmake_clean_cache': False, 'cmake_clean_first': False, 'cmake_force_configure': False, 'cmake_target': None, 'cmake_target_skip_unavailable': False, 'install_base': '/home/rslomron/MoMa/tm_custom/install/tm_moveit_cpp_demo', 'merge_install': False, 'path': '/home/rslomron/MoMa/tm_custom/src/tm_moveit_cpp_demo', 'symlink_install': False, 'test_result_base': None}
[0.450s] Level 5:colcon.colcon_core.verb:set package 'tm_msgs' build argument 'cmake_args' from command line to 'None'
[0.450s] Level 5:colcon.colcon_core.verb:set package 'tm_msgs' build argument 'cmake_target' from command line to 'None'
[0.450s] Level 5:colcon.colcon_core.verb:set package 'tm_msgs' build argument 'cmake_target_skip_unavailable' from command line to 'False'
[0.450s] Level 5:colcon.colcon_core.verb:set package 'tm_msgs' build argument 'cmake_clean_cache' from command line to 'False'
[0.450s] Level 5:colcon.colcon_core.verb:set package 'tm_msgs' build argument 'cmake_clean_first' from command line to 'False'
[0.450s] Level 5:colcon.colcon_core.verb:set package 'tm_msgs' build argument 'cmake_force_configure' from command line to 'False'
[0.450s] Level 5:colcon.colcon_core.verb:set package 'tm_msgs' build argument 'ament_cmake_args' from command line to 'None'
[0.450s] Level 5:colcon.colcon_core.verb:set package 'tm_msgs' build argument 'catkin_cmake_args' from command line to 'None'
[0.450s] Level 5:colcon.colcon_core.verb:set package 'tm_msgs' build argument 'catkin_skip_building_tests' from command line to 'False'
[0.450s] DEBUG:colcon.colcon_core.verb:Building package 'tm_msgs' with the following arguments: {'ament_cmake_args': None, 'build_base': '/home/rslomron/MoMa/tm_custom/build/tm_msgs', 'catkin_cmake_args': None, 'catkin_skip_building_tests': False, 'cmake_args': None, 'cmake_clean_cache': False, 'cmake_clean_first': False, 'cmake_force_configure': False, 'cmake_target': None, 'cmake_target_skip_unavailable': False, 'install_base': '/home/rslomron/MoMa/tm_custom/install/tm_msgs', 'merge_install': False, 'path': '/home/rslomron/MoMa/tm_custom/src/tm_msgs', 'symlink_install': False, 'test_result_base': None}
[0.450s] Level 5:colcon.colcon_core.verb:set package 'custom_package' build argument 'cmake_args' from command line to 'None'
[0.450s] Level 5:colcon.colcon_core.verb:set package 'custom_package' build argument 'cmake_target' from command line to 'None'
[0.450s] Level 5:colcon.colcon_core.verb:set package 'custom_package' build argument 'cmake_target_skip_unavailable' from command line to 'False'
[0.450s] Level 5:colcon.colcon_core.verb:set package 'custom_package' build argument 'cmake_clean_cache' from command line to 'False'
[0.450s] Level 5:colcon.colcon_core.verb:set package 'custom_package' build argument 'cmake_clean_first' from command line to 'False'
[0.450s] Level 5:colcon.colcon_core.verb:set package 'custom_package' build argument 'cmake_force_configure' from command line to 'False'
[0.450s] Level 5:colcon.colcon_core.verb:set package 'custom_package' build argument 'ament_cmake_args' from command line to 'None'
[0.450s] Level 5:colcon.colcon_core.verb:set package 'custom_package' build argument 'catkin_cmake_args' from command line to 'None'
[0.450s] Level 5:colcon.colcon_core.verb:set package 'custom_package' build argument 'catkin_skip_building_tests' from command line to 'False'
[0.450s] DEBUG:colcon.colcon_core.verb:Building package 'custom_package' with the following arguments: {'ament_cmake_args': None, 'build_base': '/home/rslomron/MoMa/tm_custom/build/custom_package', 'catkin_cmake_args': None, 'catkin_skip_building_tests': False, 'cmake_args': None, 'cmake_clean_cache': False, 'cmake_clean_first': False, 'cmake_force_configure': False, 'cmake_target': None, 'cmake_target_skip_unavailable': False, 'install_base': '/home/rslomron/MoMa/tm_custom/install/custom_package', 'merge_install': False, 'path': '/home/rslomron/MoMa/tm_custom/src/custom_package', 'symlink_install': False, 'test_result_base': None}
[0.451s] Level 5:colcon.colcon_core.verb:set package 'demo' build argument 'cmake_args' from command line to 'None'
[0.451s] Level 5:colcon.colcon_core.verb:set package 'demo' build argument 'cmake_target' from command line to 'None'
[0.451s] Level 5:colcon.colcon_core.verb:set package 'demo' build argument 'cmake_target_skip_unavailable' from command line to 'False'
[0.451s] Level 5:colcon.colcon_core.verb:set package 'demo' build argument 'cmake_clean_cache' from command line to 'False'
[0.451s] Level 5:colcon.colcon_core.verb:set package 'demo' build argument 'cmake_clean_first' from command line to 'False'
[0.451s] Level 5:colcon.colcon_core.verb:set package 'demo' build argument 'cmake_force_configure' from command line to 'False'
[0.451s] Level 5:colcon.colcon_core.verb:set package 'demo' build argument 'ament_cmake_args' from command line to 'None'
[0.451s] Level 5:colcon.colcon_core.verb:set package 'demo' build argument 'catkin_cmake_args' from command line to 'None'
[0.451s] Level 5:colcon.colcon_core.verb:set package 'demo' build argument 'catkin_skip_building_tests' from command line to 'False'
[0.451s] DEBUG:colcon.colcon_core.verb:Building package 'demo' with the following arguments: {'ament_cmake_args': None, 'build_base': '/home/rslomron/MoMa/tm_custom/build/demo', 'catkin_cmake_args': None, 'catkin_skip_building_tests': False, 'cmake_args': None, 'cmake_clean_cache': False, 'cmake_clean_first': False, 'cmake_force_configure': False, 'cmake_target': None, 'cmake_target_skip_unavailable': False, 'install_base': '/home/rslomron/MoMa/tm_custom/install/demo', 'merge_install': False, 'path': '/home/rslomron/MoMa/tm_custom/src/demo', 'symlink_install': False, 'test_result_base': None}
[0.451s] Level 5:colcon.colcon_core.verb:set package 'tm_driver' build argument 'cmake_args' from command line to 'None'
[0.451s] Level 5:colcon.colcon_core.verb:set package 'tm_driver' build argument 'cmake_target' from command line to 'None'
[0.452s] Level 5:colcon.colcon_core.verb:set package 'tm_driver' build argument 'cmake_target_skip_unavailable' from command line to 'False'
[0.452s] Level 5:colcon.colcon_core.verb:set package 'tm_driver' build argument 'cmake_clean_cache' from command line to 'False'
[0.452s] Level 5:colcon.colcon_core.verb:set package 'tm_driver' build argument 'cmake_clean_first' from command line to 'False'
[0.452s] Level 5:colcon.colcon_core.verb:set package 'tm_driver' build argument 'cmake_force_configure' from command line to 'False'
[0.452s] Level 5:colcon.colcon_core.verb:set package 'tm_driver' build argument 'ament_cmake_args' from command line to 'None'
[0.452s] Level 5:colcon.colcon_core.verb:set package 'tm_driver' build argument 'catkin_cmake_args' from command line to 'None'
[0.452s] Level 5:colcon.colcon_core.verb:set package 'tm_driver' build argument 'catkin_skip_building_tests' from command line to 'False'
[0.452s] DEBUG:colcon.colcon_core.verb:Building package 'tm_driver' with the following arguments: {'ament_cmake_args': None, 'build_base': '/home/rslomron/MoMa/tm_custom/build/tm_driver', 'catkin_cmake_args': None, 'catkin_skip_building_tests': False, 'cmake_args': None, 'cmake_clean_cache': False, 'cmake_clean_first': False, 'cmake_force_configure': False, 'cmake_target': None, 'cmake_target_skip_unavailable': False, 'install_base': '/home/rslomron/MoMa/tm_custom/install/tm_driver', 'merge_install': False, 'path': '/home/rslomron/MoMa/tm_custom/src/tm_driver', 'symlink_install': False, 'test_result_base': None}
[0.452s] Level 5:colcon.colcon_core.verb:set package 'tm_moveit_config_tm12' build argument 'cmake_args' from command line to 'None'
[0.452s] Level 5:colcon.colcon_core.verb:set package 'tm_moveit_config_tm12' build argument 'cmake_target' from command line to 'None'
[0.452s] Level 5:colcon.colcon_core.verb:set package 'tm_moveit_config_tm12' build argument 'cmake_target_skip_unavailable' from command line to 'False'
[0.452s] Level 5:colcon.colcon_core.verb:set package 'tm_moveit_config_tm12' build argument 'cmake_clean_cache' from command line to 'False'
[0.452s] Level 5:colcon.colcon_core.verb:set package 'tm_moveit_config_tm12' build argument 'cmake_clean_first' from command line to 'False'
[0.452s] Level 5:colcon.colcon_core.verb:set package 'tm_moveit_config_tm12' build argument 'cmake_force_configure' from command line to 'False'
[0.452s] Level 5:colcon.colcon_core.verb:set package 'tm_moveit_config_tm12' build argument 'ament_cmake_args' from command line to 'None'
[0.452s] Level 5:colcon.colcon_core.verb:set package 'tm_moveit_config_tm12' build argument 'catkin_cmake_args' from command line to 'None'
[0.452s] Level 5:colcon.colcon_core.verb:set package 'tm_moveit_config_tm12' build argument 'catkin_skip_building_tests' from command line to 'False'
[0.452s] DEBUG:colcon.colcon_core.verb:Building package 'tm_moveit_config_tm12' with the following arguments: {'ament_cmake_args': None, 'build_base': '/home/rslomron/MoMa/tm_custom/build/tm_moveit_config_tm12', 'catkin_cmake_args': None, 'catkin_skip_building_tests': False, 'cmake_args': None, 'cmake_clean_cache': False, 'cmake_clean_first': False, 'cmake_force_configure': False, 'cmake_target': None, 'cmake_target_skip_unavailable': False, 'install_base': '/home/rslomron/MoMa/tm_custom/install/tm_moveit_config_tm12', 'merge_install': False, 'path': '/home/rslomron/MoMa/tm_custom/src/tm_moveit_config_tm12', 'symlink_install': False, 'test_result_base': None}
[0.453s] Level 5:colcon.colcon_core.verb:set package 'tm_moveit_config_tm12x' build argument 'cmake_args' from command line to 'None'
[0.453s] Level 5:colcon.colcon_core.verb:set package 'tm_moveit_config_tm12x' build argument 'cmake_target' from command line to 'None'
[0.453s] Level 5:colcon.colcon_core.verb:set package 'tm_moveit_config_tm12x' build argument 'cmake_target_skip_unavailable' from command line to 'False'
[0.453s] Level 5:colcon.colcon_core.verb:set package 'tm_moveit_config_tm12x' build argument 'cmake_clean_cache' from command line to 'False'
[0.453s] Level 5:colcon.colcon_core.verb:set package 'tm_moveit_config_tm12x' build argument 'cmake_clean_first' from command line to 'False'
[0.453s] Level 5:colcon.colcon_core.verb:set package 'tm_moveit_config_tm12x' build argument 'cmake_force_configure' from command line to 'False'
[0.453s] Level 5:colcon.colcon_core.verb:set package 'tm_moveit_config_tm12x' build argument 'ament_cmake_args' from command line to 'None'
[0.453s] Level 5:colcon.colcon_core.verb:set package 'tm_moveit_config_tm12x' build argument 'catkin_cmake_args' from command line to 'None'
[0.453s] Level 5:colcon.colcon_core.verb:set package 'tm_moveit_config_tm12x' build argument 'catkin_skip_building_tests' from command line to 'False'
[0.453s] DEBUG:colcon.colcon_core.verb:Building package 'tm_moveit_config_tm12x' with the following arguments: {'ament_cmake_args': None, 'build_base': '/home/rslomron/MoMa/tm_custom/build/tm_moveit_config_tm12x', 'catkin_cmake_args': None, 'catkin_skip_building_tests': False, 'cmake_args': None, 'cmake_clean_cache': False, 'cmake_clean_first': False, 'cmake_force_configure': False, 'cmake_target': None, 'cmake_target_skip_unavailable': False, 'install_base': '/home/rslomron/MoMa/tm_custom/install/tm_moveit_config_tm12x', 'merge_install': False, 'path': '/home/rslomron/MoMa/tm_custom/src/tm_moveit_config_tm12x', 'symlink_install': False, 'test_result_base': None}
[0.453s] Level 5:colcon.colcon_core.verb:set package 'tm_moveit_config_tm14' build argument 'cmake_args' from command line to 'None'
[0.453s] Level 5:colcon.colcon_core.verb:set package 'tm_moveit_config_tm14' build argument 'cmake_target' from command line to 'None'
[0.453s] Level 5:colcon.colcon_core.verb:set package 'tm_moveit_config_tm14' build argument 'cmake_target_skip_unavailable' from command line to 'False'
[0.453s] Level 5:colcon.colcon_core.verb:set package 'tm_moveit_config_tm14' build argument 'cmake_clean_cache' from command line to 'False'
[0.453s] Level 5:colcon.colcon_core.verb:set package 'tm_moveit_config_tm14' build argument 'cmake_clean_first' from command line to 'False'
[0.453s] Level 5:colcon.colcon_core.verb:set package 'tm_moveit_config_tm14' build argument 'cmake_force_configure' from command line to 'False'
[0.454s] Level 5:colcon.colcon_core.verb:set package 'tm_moveit_config_tm14' build argument 'ament_cmake_args' from command line to 'None'
[0.454s] Level 5:colcon.colcon_core.verb:set package 'tm_moveit_config_tm14' build argument 'catkin_cmake_args' from command line to 'None'
[0.454s] Level 5:colcon.colcon_core.verb:set package 'tm_moveit_config_tm14' build argument 'catkin_skip_building_tests' from command line to 'False'
[0.454s] DEBUG:colcon.colcon_core.verb:Building package 'tm_moveit_config_tm14' with the following arguments: {'ament_cmake_args': None, 'build_base': '/home/rslomron/MoMa/tm_custom/build/tm_moveit_config_tm14', 'catkin_cmake_args': None, 'catkin_skip_building_tests': False, 'cmake_args': None, 'cmake_clean_cache': False, 'cmake_clean_first': False, 'cmake_force_configure': False, 'cmake_target': None, 'cmake_target_skip_unavailable': False, 'install_base': '/home/rslomron/MoMa/tm_custom/install/tm_moveit_config_tm14', 'merge_install': False, 'path': '/home/rslomron/MoMa/tm_custom/src/tm_moveit_config_tm14', 'symlink_install': False, 'test_result_base': None}
[0.454s] Level 5:colcon.colcon_core.verb:set package 'tm_moveit_config_tm14x' build argument 'cmake_args' from command line to 'None'
[0.454s] Level 5:colcon.colcon_core.verb:set package 'tm_moveit_config_tm14x' build argument 'cmake_target' from command line to 'None'
[0.454s] Level 5:colcon.colcon_core.verb:set package 'tm_moveit_config_tm14x' build argument 'cmake_target_skip_unavailable' from command line to 'False'
[0.454s] Level 5:colcon.colcon_core.verb:set package 'tm_moveit_config_tm14x' build argument 'cmake_clean_cache' from command line to 'False'
[0.454s] Level 5:colcon.colcon_core.verb:set package 'tm_moveit_config_tm14x' build argument 'cmake_clean_first' from command line to 'False'
[0.454s] Level 5:colcon.colcon_core.verb:set package 'tm_moveit_config_tm14x' build argument 'cmake_force_configure' from command line to 'False'
[0.454s] Level 5:colcon.colcon_core.verb:set package 'tm_moveit_config_tm14x' build argument 'ament_cmake_args' from command line to 'None'
[0.454s] Level 5:colcon.colcon_core.verb:set package 'tm_moveit_config_tm14x' build argument 'catkin_cmake_args' from command line to 'None'
[0.454s] Level 5:colcon.colcon_core.verb:set package 'tm_moveit_config_tm14x' build argument 'catkin_skip_building_tests' from command line to 'False'
[0.454s] DEBUG:colcon.colcon_core.verb:Building package 'tm_moveit_config_tm14x' with the following arguments: {'ament_cmake_args': None, 'build_base': '/home/rslomron/MoMa/tm_custom/build/tm_moveit_config_tm14x', 'catkin_cmake_args': None, 'catkin_skip_building_tests': False, 'cmake_args': None, 'cmake_clean_cache': False, 'cmake_clean_first': False, 'cmake_force_configure': False, 'cmake_target': None, 'cmake_target_skip_unavailable': False, 'install_base': '/home/rslomron/MoMa/tm_custom/install/tm_moveit_config_tm14x', 'merge_install': False, 'path': '/home/rslomron/MoMa/tm_custom/src/tm_moveit_config_tm14x', 'symlink_install': False, 'test_result_base': None}
[0.455s] Level 5:colcon.colcon_core.verb:set package 'tm_moveit_config_tm5-700' build argument 'cmake_args' from command line to 'None'
[0.455s] Level 5:colcon.colcon_core.verb:set package 'tm_moveit_config_tm5-700' build argument 'cmake_target' from command line to 'None'
[0.455s] Level 5:colcon.colcon_core.verb:set package 'tm_moveit_config_tm5-700' build argument 'cmake_target_skip_unavailable' from command line to 'False'
[0.455s] Level 5:colcon.colcon_core.verb:set package 'tm_moveit_config_tm5-700' build argument 'cmake_clean_cache' from command line to 'False'
[0.455s] Level 5:colcon.colcon_core.verb:set package 'tm_moveit_config_tm5-700' build argument 'cmake_clean_first' from command line to 'False'
[0.455s] Level 5:colcon.colcon_core.verb:set package 'tm_moveit_config_tm5-700' build argument 'cmake_force_configure' from command line to 'False'
[0.455s] Level 5:colcon.colcon_core.verb:set package 'tm_moveit_config_tm5-700' build argument 'ament_cmake_args' from command line to 'None'
[0.455s] Level 5:colcon.colcon_core.verb:set package 'tm_moveit_config_tm5-700' build argument 'catkin_cmake_args' from command line to 'None'
[0.455s] Level 5:colcon.colcon_core.verb:set package 'tm_moveit_config_tm5-700' build argument 'catkin_skip_building_tests' from command line to 'False'
[0.455s] DEBUG:colcon.colcon_core.verb:Building package 'tm_moveit_config_tm5-700' with the following arguments: {'ament_cmake_args': None, 'build_base': '/home/rslomron/MoMa/tm_custom/build/tm_moveit_config_tm5-700', 'catkin_cmake_args': None, 'catkin_skip_building_tests': False, 'cmake_args': None, 'cmake_clean_cache': False, 'cmake_clean_first': False, 'cmake_force_configure': False, 'cmake_target': None, 'cmake_target_skip_unavailable': False, 'install_base': '/home/rslomron/MoMa/tm_custom/install/tm_moveit_config_tm5-700', 'merge_install': False, 'path': '/home/rslomron/MoMa/tm_custom/src/tm_moveit_config_tm5-700', 'symlink_install': False, 'test_result_base': None}
[0.455s] Level 5:colcon.colcon_core.verb:set package 'tm_moveit_config_tm5-900' build argument 'cmake_args' from command line to 'None'
[0.455s] Level 5:colcon.colcon_core.verb:set package 'tm_moveit_config_tm5-900' build argument 'cmake_target' from command line to 'None'
[0.455s] Level 5:colcon.colcon_core.verb:set package 'tm_moveit_config_tm5-900' build argument 'cmake_target_skip_unavailable' from command line to 'False'
[0.455s] Level 5:colcon.colcon_core.verb:set package 'tm_moveit_config_tm5-900' build argument 'cmake_clean_cache' from command line to 'False'
[0.455s] Level 5:colcon.colcon_core.verb:set package 'tm_moveit_config_tm5-900' build argument 'cmake_clean_first' from command line to 'False'
[0.455s] Level 5:colcon.colcon_core.verb:set package 'tm_moveit_config_tm5-900' build argument 'cmake_force_configure' from command line to 'False'
[0.455s] Level 5:colcon.colcon_core.verb:set package 'tm_moveit_config_tm5-900' build argument 'ament_cmake_args' from command line to 'None'
[0.455s] Level 5:colcon.colcon_core.verb:set package 'tm_moveit_config_tm5-900' build argument 'catkin_cmake_args' from command line to 'None'
[0.455s] Level 5:colcon.colcon_core.verb:set package 'tm_moveit_config_tm5-900' build argument 'catkin_skip_building_tests' from command line to 'False'
[0.455s] DEBUG:colcon.colcon_core.verb:Building package 'tm_moveit_config_tm5-900' with the following arguments: {'ament_cmake_args': None, 'build_base': '/home/rslomron/MoMa/tm_custom/build/tm_moveit_config_tm5-900', 'catkin_cmake_args': None, 'catkin_skip_building_tests': False, 'cmake_args': None, 'cmake_clean_cache': False, 'cmake_clean_first': False, 'cmake_force_configure': False, 'cmake_target': None, 'cmake_target_skip_unavailable': False, 'install_base': '/home/rslomron/MoMa/tm_custom/install/tm_moveit_config_tm5-900', 'merge_install': False, 'path': '/home/rslomron/MoMa/tm_custom/src/tm_moveit_config_tm5-900', 'symlink_install': False, 'test_result_base': None}
[0.456s] Level 5:colcon.colcon_core.verb:set package 'tm_moveit_config_tm5x-700' build argument 'cmake_args' from command line to 'None'
[0.456s] Level 5:colcon.colcon_core.verb:set package 'tm_moveit_config_tm5x-700' build argument 'cmake_target' from command line to 'None'
[0.456s] Level 5:colcon.colcon_core.verb:set package 'tm_moveit_config_tm5x-700' build argument 'cmake_target_skip_unavailable' from command line to 'False'
[0.456s] Level 5:colcon.colcon_core.verb:set package 'tm_moveit_config_tm5x-700' build argument 'cmake_clean_cache' from command line to 'False'
[0.456s] Level 5:colcon.colcon_core.verb:set package 'tm_moveit_config_tm5x-700' build argument 'cmake_clean_first' from command line to 'False'
[0.456s] Level 5:colcon.colcon_core.verb:set package 'tm_moveit_config_tm5x-700' build argument 'cmake_force_configure' from command line to 'False'
[0.456s] Level 5:colcon.colcon_core.verb:set package 'tm_moveit_config_tm5x-700' build argument 'ament_cmake_args' from command line to 'None'
[0.456s] Level 5:colcon.colcon_core.verb:set package 'tm_moveit_config_tm5x-700' build argument 'catkin_cmake_args' from command line to 'None'
[0.456s] Level 5:colcon.colcon_core.verb:set package 'tm_moveit_config_tm5x-700' build argument 'catkin_skip_building_tests' from command line to 'False'
[0.456s] DEBUG:colcon.colcon_core.verb:Building package 'tm_moveit_config_tm5x-700' with the following arguments: {'ament_cmake_args': None, 'build_base': '/home/rslomron/MoMa/tm_custom/build/tm_moveit_config_tm5x-700', 'catkin_cmake_args': None, 'catkin_skip_building_tests': False, 'cmake_args': None, 'cmake_clean_cache': False, 'cmake_clean_first': False, 'cmake_force_configure': False, 'cmake_target': None, 'cmake_target_skip_unavailable': False, 'install_base': '/home/rslomron/MoMa/tm_custom/install/tm_moveit_config_tm5x-700', 'merge_install': False, 'path': '/home/rslomron/MoMa/tm_custom/src/tm_moveit_config_tm5x-700', 'symlink_install': False, 'test_result_base': None}
[0.456s] Level 5:colcon.colcon_core.verb:set package 'tm_moveit_config_tm5x-900' build argument 'cmake_args' from command line to 'None'
[0.456s] Level 5:colcon.colcon_core.verb:set package 'tm_moveit_config_tm5x-900' build argument 'cmake_target' from command line to 'None'
[0.456s] Level 5:colcon.colcon_core.verb:set package 'tm_moveit_config_tm5x-900' build argument 'cmake_target_skip_unavailable' from command line to 'False'
[0.456s] Level 5:colcon.colcon_core.verb:set package 'tm_moveit_config_tm5x-900' build argument 'cmake_clean_cache' from command line to 'False'
[0.456s] Level 5:colcon.colcon_core.verb:set package 'tm_moveit_config_tm5x-900' build argument 'cmake_clean_first' from command line to 'False'
[0.456s] Level 5:colcon.colcon_core.verb:set package 'tm_moveit_config_tm5x-900' build argument 'cmake_force_configure' from command line to 'False'
[0.457s] Level 5:colcon.colcon_core.verb:set package 'tm_moveit_config_tm5x-900' build argument 'ament_cmake_args' from command line to 'None'
[0.457s] Level 5:colcon.colcon_core.verb:set package 'tm_moveit_config_tm5x-900' build argument 'catkin_cmake_args' from command line to 'None'
[0.457s] Level 5:colcon.colcon_core.verb:set package 'tm_moveit_config_tm5x-900' build argument 'catkin_skip_building_tests' from command line to 'False'
[0.457s] DEBUG:colcon.colcon_core.verb:Building package 'tm_moveit_config_tm5x-900' with the following arguments: {'ament_cmake_args': None, 'build_base': '/home/rslomron/MoMa/tm_custom/build/tm_moveit_config_tm5x-900', 'catkin_cmake_args': None, 'catkin_skip_building_tests': False, 'cmake_args': None, 'cmake_clean_cache': False, 'cmake_clean_first': False, 'cmake_force_configure': False, 'cmake_target': None, 'cmake_target_skip_unavailable': False, 'install_base': '/home/rslomron/MoMa/tm_custom/install/tm_moveit_config_tm5x-900', 'merge_install': False, 'path': '/home/rslomron/MoMa/tm_custom/src/tm_moveit_config_tm5x-900', 'symlink_install': False, 'test_result_base': None}
[0.457s] Level 5:colcon.colcon_core.verb:set package 'ui_for_debug_and_demo' build argument 'cmake_args' from command line to 'None'
[0.457s] Level 5:colcon.colcon_core.verb:set package 'ui_for_debug_and_demo' build argument 'cmake_target' from command line to 'None'
[0.457s] Level 5:colcon.colcon_core.verb:set package 'ui_for_debug_and_demo' build argument 'cmake_target_skip_unavailable' from command line to 'False'
[0.457s] Level 5:colcon.colcon_core.verb:set package 'ui_for_debug_and_demo' build argument 'cmake_clean_cache' from command line to 'False'
[0.457s] Level 5:colcon.colcon_core.verb:set package 'ui_for_debug_and_demo' build argument 'cmake_clean_first' from command line to 'False'
[0.457s] Level 5:colcon.colcon_core.verb:set package 'ui_for_debug_and_demo' build argument 'cmake_force_configure' from command line to 'False'
[0.457s] Level 5:colcon.colcon_core.verb:set package 'ui_for_debug_and_demo' build argument 'ament_cmake_args' from command line to 'None'
[0.457s] Level 5:colcon.colcon_core.verb:set package 'ui_for_debug_and_demo' build argument 'catkin_cmake_args' from command line to 'None'
[0.457s] Level 5:colcon.colcon_core.verb:set package 'ui_for_debug_and_demo' build argument 'catkin_skip_building_tests' from command line to 'False'
[0.457s] DEBUG:colcon.colcon_core.verb:Building package 'ui_for_debug_and_demo' with the following arguments: {'ament_cmake_args': None, 'build_base': '/home/rslomron/MoMa/tm_custom/build/ui_for_debug_and_demo', 'catkin_cmake_args': None, 'catkin_skip_building_tests': False, 'cmake_args': None, 'cmake_clean_cache': False, 'cmake_clean_first': False, 'cmake_force_configure': False, 'cmake_target': None, 'cmake_target_skip_unavailable': False, 'install_base': '/home/rslomron/MoMa/tm_custom/install/ui_for_debug_and_demo', 'merge_install': False, 'path': '/home/rslomron/MoMa/tm_custom/src/ui_for_debug_and_demo', 'symlink_install': False, 'test_result_base': None}
[0.457s] INFO:colcon.colcon_core.executor:Executing jobs using 'parallel' executor
[0.458s] DEBUG:colcon.colcon_parallel_executor.executor.parallel:run_until_complete
[0.459s] INFO:colcon.colcon_ros.task.ament_cmake.build:Building ROS package in '/home/rslomron/MoMa/tm_custom/src/tm_description' with build type 'ament_cmake'
[0.459s] INFO:colcon.colcon_cmake.task.cmake.build:Building CMake package in '/home/rslomron/MoMa/tm_custom/src/tm_description'
[0.462s] INFO:colcon.colcon_core.plugin_system:Skipping extension 'colcon_core.shell.bat': Not used on non-Windows systems
[0.462s] INFO:colcon.colcon_core.shell:Skip shell extension 'powershell' for command environment: Not usable outside of PowerShell
[0.462s] DEBUG:colcon.colcon_core.shell:Skip shell extension 'dsv' for command environment
[0.469s] INFO:colcon.colcon_ros.task.ament_cmake.build:Building ROS package in '/home/rslomron/MoMa/tm_custom/src/tm_msgs' with build type 'ament_cmake'
[0.469s] INFO:colcon.colcon_cmake.task.cmake.build:Building CMake package in '/home/rslomron/MoMa/tm_custom/src/tm_msgs'
[0.470s] INFO:colcon.colcon_core.shell:Skip shell extension 'powershell' for command environment: Not usable outside of PowerShell
[0.470s] DEBUG:colcon.colcon_core.shell:Skip shell extension 'dsv' for command environment
[0.481s] INFO:colcon.colcon_ros.task.ament_cmake.build:Building ROS package in '/home/rslomron/MoMa/tm_custom/src/techman_robot_msgs' with build type 'ament_cmake'
[0.481s] INFO:colcon.colcon_cmake.task.cmake.build:Building CMake package in '/home/rslomron/MoMa/tm_custom/src/techman_robot_msgs'
[0.482s] INFO:colcon.colcon_core.shell:Skip shell extension 'powershell' for command environment: Not usable outside of PowerShell
[0.482s] DEBUG:colcon.colcon_core.shell:Skip shell extension 'dsv' for command environment
[0.492s] INFO:colcon.colcon_ros.task.ament_python.build:Building ROS package in '/home/rslomron/MoMa/tm_custom/src/arm_subscriber' with build type 'ament_python'
[0.492s] Level 1:colcon.colcon_core.shell:create_environment_hook('arm_subscriber', 'ament_prefix_path')
[0.492s] INFO:colcon.colcon_core.shell:Creating environment hook '/home/rslomron/MoMa/tm_custom/install/arm_subscriber/share/arm_subscriber/hook/ament_prefix_path.ps1'
[0.493s] INFO:colcon.colcon_core.shell:Creating environment descriptor '/home/rslomron/MoMa/tm_custom/install/arm_subscriber/share/arm_subscriber/hook/ament_prefix_path.dsv'
[0.494s] INFO:colcon.colcon_core.shell:Creating environment hook '/home/rslomron/MoMa/tm_custom/install/arm_subscriber/share/arm_subscriber/hook/ament_prefix_path.sh'
[0.495s] INFO:colcon.colcon_core.shell:Skip shell extension 'powershell' for command environment: Not usable outside of PowerShell
[0.495s] DEBUG:colcon.colcon_core.shell:Skip shell extension 'dsv' for command environment
[0.502s] INFO:colcon.colcon_ros.task.ament_python.build:Building ROS package in '/home/rslomron/MoMa/tm_custom/src/python_demo' with build type 'ament_python'
[0.502s] Level 1:colcon.colcon_core.shell:create_environment_hook('python_demo', 'ament_prefix_path')
[0.502s] INFO:colcon.colcon_core.shell:Creating environment hook '/home/rslomron/MoMa/tm_custom/install/python_demo/share/python_demo/hook/ament_prefix_path.ps1'
[0.503s] INFO:colcon.colcon_core.shell:Creating environment descriptor '/home/rslomron/MoMa/tm_custom/install/python_demo/share/python_demo/hook/ament_prefix_path.dsv'
[0.503s] INFO:colcon.colcon_core.shell:Creating environment hook '/home/rslomron/MoMa/tm_custom/install/python_demo/share/python_demo/hook/ament_prefix_path.sh'
[0.504s] INFO:colcon.colcon_core.shell:Skip shell extension 'powershell' for command environment: Not usable outside of PowerShell
[0.504s] DEBUG:colcon.colcon_core.shell:Skip shell extension 'dsv' for command environment
[0.510s] INFO:colcon.colcon_ros.task.ament_python.build:Building ROS package in '/home/rslomron/MoMa/tm_custom/src/techman_robot_get_status' with build type 'ament_python'
[0.510s] Level 1:colcon.colcon_core.shell:create_environment_hook('techman_robot_get_status', 'ament_prefix_path')
[0.510s] INFO:colcon.colcon_core.shell:Creating environment hook '/home/rslomron/MoMa/tm_custom/install/techman_robot_get_status/share/techman_robot_get_status/hook/ament_prefix_path.ps1'
[0.511s] INFO:colcon.colcon_core.shell:Creating environment descriptor '/home/rslomron/MoMa/tm_custom/install/techman_robot_get_status/share/techman_robot_get_status/hook/ament_prefix_path.dsv'
[0.511s] INFO:colcon.colcon_core.shell:Creating environment hook '/home/rslomron/MoMa/tm_custom/install/techman_robot_get_status/share/techman_robot_get_status/hook/ament_prefix_path.sh'
[0.512s] INFO:colcon.colcon_core.shell:Skip shell extension 'powershell' for command environment: Not usable outside of PowerShell
[0.512s] DEBUG:colcon.colcon_core.shell:Skip shell extension 'dsv' for command environment
[0.518s] INFO:colcon.colcon_ros.task.ament_python.build:Building ROS package in '/home/rslomron/MoMa/tm_custom/src/tm_mod_urdf' with build type 'ament_python'
[0.518s] Level 1:colcon.colcon_core.shell:create_environment_hook('tm_mod_urdf', 'ament_prefix_path')
[0.518s] INFO:colcon.colcon_core.shell:Creating environment hook '/home/rslomron/MoMa/tm_custom/install/tm_mod_urdf/share/tm_mod_urdf/hook/ament_prefix_path.ps1'
[0.519s] INFO:colcon.colcon_core.shell:Creating environment descriptor '/home/rslomron/MoMa/tm_custom/install/tm_mod_urdf/share/tm_mod_urdf/hook/ament_prefix_path.dsv'
[0.520s] INFO:colcon.colcon_core.shell:Creating environment hook '/home/rslomron/MoMa/tm_custom/install/tm_mod_urdf/share/tm_mod_urdf/hook/ament_prefix_path.sh'
[0.520s] INFO:colcon.colcon_core.shell:Skip shell extension 'powershell' for command environment: Not usable outside of PowerShell
[0.520s] DEBUG:colcon.colcon_core.shell:Skip shell extension 'dsv' for command environment
[0.531s] INFO:colcon.colcon_ros.task.ament_cmake.build:Building ROS package in '/home/rslomron/MoMa/tm_custom/src/tm_moveit_cpp_demo' with build type 'ament_cmake'
[0.531s] INFO:colcon.colcon_cmake.task.cmake.build:Building CMake package in '/home/rslomron/MoMa/tm_custom/src/tm_moveit_cpp_demo'
[0.532s] INFO:colcon.colcon_core.shell:Skip shell extension 'powershell' for command environment: Not usable outside of PowerShell
[0.532s] DEBUG:colcon.colcon_core.shell:Skip shell extension 'dsv' for command environment
[0.543s] DEBUG:colcon.colcon_core.event_handler.log_command:Invoking command in '/home/rslomron/MoMa/tm_custom/build/tm_description': CMAKE_PREFIX_PATH=${CMAKE_PREFIX_PATH}:/home/rslomron/MoMa/tm_custom/install/arm_subscriber:/home/rslomron/MoMa/tm_custom/install/tm_mod_urdf:/home/rslomron/MoMa/tm_custom/install/techman_robot_get_status:/home/rslomron/MoMa/tm_custom/install/python_demo:/home/rslomron/moveit2_ws/install/moveit_configs_utils:/opt/ros/humble /usr/bin/cmake /home/rslomron/MoMa/tm_custom/src/tm_description -DCMAKE_INSTALL_PREFIX=/home/rslomron/MoMa/tm_custom/install/tm_description
[0.546s] DEBUG:colcon.colcon_core.event_handler.log_command:Invoking command in '/home/rslomron/MoMa/tm_custom/build/tm_msgs': CMAKE_PREFIX_PATH=${CMAKE_PREFIX_PATH}:/home/rslomron/MoMa/tm_custom/install/arm_subscriber:/home/rslomron/MoMa/tm_custom/install/tm_mod_urdf:/home/rslomron/MoMa/tm_custom/install/techman_robot_get_status:/home/rslomron/MoMa/tm_custom/install/python_demo:/home/rslomron/moveit2_ws/install/moveit_configs_utils:/opt/ros/humble /usr/bin/cmake /home/rslomron/MoMa/tm_custom/src/tm_msgs -DCMAKE_INSTALL_PREFIX=/home/rslomron/MoMa/tm_custom/install/tm_msgs
[0.549s] DEBUG:colcon.colcon_core.event_handler.log_command:Invoking command in '/home/rslomron/MoMa/tm_custom/build/techman_robot_msgs': CMAKE_PREFIX_PATH=${CMAKE_PREFIX_PATH}:/home/rslomron/MoMa/tm_custom/install/arm_subscriber:/home/rslomron/MoMa/tm_custom/install/tm_mod_urdf:/home/rslomron/MoMa/tm_custom/install/techman_robot_get_status:/home/rslomron/MoMa/tm_custom/install/python_demo:/home/rslomron/moveit2_ws/install/moveit_configs_utils:/opt/ros/humble /usr/bin/cmake /home/rslomron/MoMa/tm_custom/src/techman_robot_msgs -DCMAKE_INSTALL_PREFIX=/home/rslomron/MoMa/tm_custom/install/techman_robot_msgs
[0.904s] INFO:colcon.colcon_core.task.python.build:Building Python package in '/home/rslomron/MoMa/tm_custom/src/arm_subscriber'
[0.905s] INFO:colcon.colcon_core.shell:Skip shell extension 'powershell' for command environment: Not usable outside of PowerShell
[0.905s] DEBUG:colcon.colcon_core.shell:Skip shell extension 'dsv' for command environment
[1.262s] INFO:colcon.colcon_core.task.python.build:Building Python package in '/home/rslomron/MoMa/tm_custom/src/python_demo'
[1.263s] INFO:colcon.colcon_core.shell:Skip shell extension 'powershell' for command environment: Not usable outside of PowerShell
[1.263s] DEBUG:colcon.colcon_core.shell:Skip shell extension 'dsv' for command environment
[1.560s] INFO:colcon.colcon_core.task.python.build:Building Python package in '/home/rslomron/MoMa/tm_custom/src/techman_robot_get_status'
[1.560s] INFO:colcon.colcon_core.shell:Skip shell extension 'powershell' for command environment: Not usable outside of PowerShell
[1.560s] DEBUG:colcon.colcon_core.shell:Skip shell extension 'dsv' for command environment
[1.858s] INFO:colcon.colcon_core.task.python.build:Building Python package in '/home/rslomron/MoMa/tm_custom/src/tm_mod_urdf'
[1.858s] INFO:colcon.colcon_core.shell:Skip shell extension 'powershell' for command environment: Not usable outside of PowerShell
[1.858s] DEBUG:colcon.colcon_core.shell:Skip shell extension 'dsv' for command environment
[1.897s] DEBUG:colcon.colcon_core.event_handler.log_command:Invoked command in '/home/rslomron/MoMa/tm_custom/build/tm_msgs' returned '1': CMAKE_PREFIX_PATH=${CMAKE_PREFIX_PATH}:/home/rslomron/MoMa/tm_custom/install/arm_subscriber:/home/rslomron/MoMa/tm_custom/install/tm_mod_urdf:/home/rslomron/MoMa/tm_custom/install/techman_robot_get_status:/home/rslomron/MoMa/tm_custom/install/python_demo:/home/rslomron/moveit2_ws/install/moveit_configs_utils:/opt/ros/humble /usr/bin/cmake /home/rslomron/MoMa/tm_custom/src/tm_msgs -DCMAKE_INSTALL_PREFIX=/home/rslomron/MoMa/tm_custom/install/tm_msgs
[1.898s] DEBUG:colcon.colcon_core.event_handler.log_command:Invoking command in '/home/rslomron/MoMa/tm_custom/build/tm_moveit_cpp_demo': CMAKE_PREFIX_PATH=${CMAKE_PREFIX_PATH}:/home/rslomron/MoMa/tm_custom/install/arm_subscriber:/home/rslomron/MoMa/tm_custom/install/tm_mod_urdf:/home/rslomron/MoMa/tm_custom/install/techman_robot_get_status:/home/rslomron/MoMa/tm_custom/install/python_demo:/home/rslomron/moveit2_ws/install/moveit_configs_utils:/opt/ros/humble /usr/bin/cmake /home/rslomron/MoMa/tm_custom/src/tm_moveit_cpp_demo -DCMAKE_INSTALL_PREFIX=/home/rslomron/MoMa/tm_custom/install/tm_moveit_cpp_demo
[1.899s] DEBUG:colcon.colcon_core.event_handler.log_command:Invoked command in '/home/rslomron/MoMa/tm_custom/build/tm_description' returned '0': CMAKE_PREFIX_PATH=${CMAKE_PREFIX_PATH}:/home/rslomron/MoMa/tm_custom/install/arm_subscriber:/home/rslomron/MoMa/tm_custom/install/tm_mod_urdf:/home/rslomron/MoMa/tm_custom/install/techman_robot_get_status:/home/rslomron/MoMa/tm_custom/install/python_demo:/home/rslomron/moveit2_ws/install/moveit_configs_utils:/opt/ros/humble /usr/bin/cmake /home/rslomron/MoMa/tm_custom/src/tm_description -DCMAKE_INSTALL_PREFIX=/home/rslomron/MoMa/tm_custom/install/tm_description
[1.899s] DEBUG:colcon.colcon_core.event_handler.log_command:Invoking command in '/home/rslomron/MoMa/tm_custom/build/tm_description': CMAKE_PREFIX_PATH=${CMAKE_PREFIX_PATH}:/home/rslomron/MoMa/tm_custom/install/arm_subscriber:/home/rslomron/MoMa/tm_custom/install/tm_mod_urdf:/home/rslomron/MoMa/tm_custom/install/techman_robot_get_status:/home/rslomron/MoMa/tm_custom/install/python_demo:/home/rslomron/moveit2_ws/install/moveit_configs_utils:/opt/ros/humble /usr/bin/cmake --build /home/rslomron/MoMa/tm_custom/build/tm_description -- -j8 -l8
[1.923s] Level 1:colcon.colcon_core.environment:create_environment_scripts_only(tm_msgs)
[1.927s] Level 1:colcon.colcon_core.environment:checking '/home/rslomron/MoMa/tm_custom/install/tm_msgs' for CMake module files
[1.928s] Level 1:colcon.colcon_core.environment:checking '/home/rslomron/MoMa/tm_custom/install/tm_msgs' for CMake config files
[1.929s] Level 1:colcon.colcon_core.environment:checking '/home/rslomron/MoMa/tm_custom/install/tm_msgs/bin'
[1.929s] Level 1:colcon.colcon_core.environment:checking '/home/rslomron/MoMa/tm_custom/install/tm_msgs/lib/pkgconfig/tm_msgs.pc'
[1.929s] Level 1:colcon.colcon_core.environment:checking '/home/rslomron/MoMa/tm_custom/install/tm_msgs/lib/python3.10/site-packages'
[1.929s] Level 1:colcon.colcon_core.environment:checking '/home/rslomron/MoMa/tm_custom/install/tm_msgs/bin'
[1.930s] INFO:colcon.colcon_core.shell:Creating package script '/home/rslomron/MoMa/tm_custom/install/tm_msgs/share/tm_msgs/package.ps1'
[1.931s] INFO:colcon.colcon_core.shell:Creating package descriptor '/home/rslomron/MoMa/tm_custom/install/tm_msgs/share/tm_msgs/package.dsv'
[1.932s] INFO:colcon.colcon_core.shell:Creating package script '/home/rslomron/MoMa/tm_custom/install/tm_msgs/share/tm_msgs/package.sh'
[1.933s] INFO:colcon.colcon_core.shell:Creating package script '/home/rslomron/MoMa/tm_custom/install/tm_msgs/share/tm_msgs/package.bash'
[1.934s] INFO:colcon.colcon_core.shell:Creating package script '/home/rslomron/MoMa/tm_custom/install/tm_msgs/share/tm_msgs/package.zsh'
[1.936s] Level 1:colcon.colcon_core.environment:create_file_with_runtime_dependencies(/home/rslomron/MoMa/tm_custom/install/tm_msgs/share/colcon-core/packages/tm_msgs)
[6.087s] DEBUG:colcon.colcon_parallel_executor.executor.parallel:run_until_complete was interrupted
[6.087s] DEBUG:colcon.colcon_parallel_executor.executor.parallel:run_until_complete again
[6.099s] DEBUG:colcon.colcon_parallel_executor.executor.parallel:run_until_complete finished
[6.099s] DEBUG:colcon.colcon_parallel_executor.executor.parallel:closing loop
[6.099s] DEBUG:colcon.colcon_parallel_executor.executor.parallel:loop closed
[6.099s] DEBUG:colcon.colcon_core.event_reactor:joining thread
[6.115s] INFO:colcon.colcon_core.plugin_system:Skipping extension 'colcon_notification.desktop_notification.terminal_notifier': Not used on non-Darwin systems
[6.115s] INFO:colcon.colcon_core.plugin_system:Skipping extension 'colcon_notification.desktop_notification.win32': Not used on non-Windows systems
[6.115s] INFO:colcon.colcon_notification.desktop_notification:Sending desktop notification using 'notify2'
[6.134s] DEBUG:colcon.colcon_core.event_reactor:joined thread
[6.135s] INFO:colcon.colcon_core.shell:Creating prefix script '/home/rslomron/MoMa/tm_custom/install/local_setup.ps1'
[6.137s] INFO:colcon.colcon_core.shell:Creating prefix util module '/home/rslomron/MoMa/tm_custom/install/_local_setup_util_ps1.py'
[6.141s] INFO:colcon.colcon_core.shell:Creating prefix chain script '/home/rslomron/MoMa/tm_custom/install/setup.ps1'
[6.150s] INFO:colcon.colcon_core.shell:Creating prefix script '/home/rslomron/MoMa/tm_custom/install/local_setup.sh'
[6.151s] INFO:colcon.colcon_core.shell:Creating prefix util module '/home/rslomron/MoMa/tm_custom/install/_local_setup_util_sh.py'
[6.153s] INFO:colcon.colcon_core.shell:Creating prefix chain script '/home/rslomron/MoMa/tm_custom/install/setup.sh'
[6.161s] INFO:colcon.colcon_core.shell:Creating prefix script '/home/rslomron/MoMa/tm_custom/install/local_setup.bash'
[6.163s] INFO:colcon.colcon_core.shell:Creating prefix chain script '/home/rslomron/MoMa/tm_custom/install/setup.bash'
[6.171s] INFO:colcon.colcon_core.shell:Creating prefix script '/home/rslomron/MoMa/tm_custom/install/local_setup.zsh'
[6.173s] INFO:colcon.colcon_core.shell:Creating prefix chain script '/home/rslomron/MoMa/tm_custom/install/setup.zsh'
