[0.069s] Invoking command in '/home/rslomron/tm_custom/build/tm_msgs': CMAKE_PREFIX_PATH=${CMAKE_PREFIX_PATH}:/home/rslomron/tm_custom/install/python_demo:/home/rslomron/tm_custom/install/tm_mod_urdf:/home/rslomron/tm_custom/install/techman_robot_get_status:/home/rslomron/moveit2_ws/install/moveit_configs_utils:/opt/ros/humble /usr/bin/cmake --build /home/rslomron/tm_custom/build/tm_msgs -- -j8 -l8
[1.406s] [  0%] Built target tm_msgs__cpp
[1.406s] [ 12%] Built target tm_msgs__rosidl_generator_c
[1.406s] [ 12%] Built target ament_cmake_python_copy_tm_msgs
[1.406s] [ 23%] Built target tm_msgs__rosidl_typesupport_fastrtps_cpp
[1.406s] [ 35%] Built target tm_msgs__rosidl_typesupport_introspection_c
[1.407s] [ 48%] Built target tm_msgs__rosidl_typesupport_c
[1.407s] [ 59%] Built target tm_msgs__rosidl_typesupport_introspection_cpp
[1.408s] [ 71%] Built target tm_msgs__rosidl_typesupport_fastrtps_c
[1.408s] [ 83%] Built target tm_msgs__rosidl_typesupport_cpp
[1.408s] [ 83%] Built target tm_msgs
[1.409s] [ 84%] Built target tm_msgs__py
[1.409s] [ 95%] Built target tm_msgs__rosidl_generator_py
[1.410s] [ 97%] Built target tm_msgs__rosidl_typesupport_introspection_c__pyext
[1.410s] [ 98%] Built target tm_msgs__rosidl_typesupport_c__pyext
[1.411s] [100%] Built target tm_msgs__rosidl_typesupport_fastrtps_c__pyext
[1.411s] running egg_info
[1.412s] writing tm_msgs.egg-info/PKG-INFO
[1.412s] writing dependency_links to tm_msgs.egg-info/dependency_links.txt
[1.413s] writing top-level names to tm_msgs.egg-info/top_level.txt
[1.413s] reading manifest file 'tm_msgs.egg-info/SOURCES.txt'
[1.414s] writing manifest file 'tm_msgs.egg-info/SOURCES.txt'
[1.414s] [100%] Built target ament_cmake_python_build_tm_msgs_egg
[1.428s] Invoked command in '/home/rslomron/tm_custom/build/tm_msgs' returned '0': CMAKE_PREFIX_PATH=${CMAKE_PREFIX_PATH}:/home/rslomron/tm_custom/install/python_demo:/home/rslomron/tm_custom/install/tm_mod_urdf:/home/rslomron/tm_custom/install/techman_robot_get_status:/home/rslomron/moveit2_ws/install/moveit_configs_utils:/opt/ros/humble /usr/bin/cmake --build /home/rslomron/tm_custom/build/tm_msgs -- -j8 -l8
[3.460s] Invoking command in '/home/rslomron/tm_custom/build/tm_msgs': CMAKE_PREFIX_PATH=${CMAKE_PREFIX_PATH}:/home/rslomron/tm_custom/install/python_demo:/home/rslomron/tm_custom/install/tm_mod_urdf:/home/rslomron/tm_custom/install/techman_robot_get_status:/home/rslomron/moveit2_ws/install/moveit_configs_utils:/opt/ros/humble /usr/bin/cmake --install /home/rslomron/tm_custom/build/tm_msgs
[3.471s] -- Install configuration: ""
[3.471s] -- Up-to-date: /home/rslomron/tm_custom/install/tm_msgs/share/ament_index/resource_index/rosidl_interfaces/tm_msgs
[3.472s] -- Up-to-date: /home/rslomron/tm_custom/install/tm_msgs/include/tm_msgs/tm_msgs
[3.472s] -- Up-to-date: /home/rslomron/tm_custom/install/tm_msgs/include/tm_msgs/tm_msgs/msg
[3.472s] -- Up-to-date: /home/rslomron/tm_custom/install/tm_msgs/include/tm_msgs/tm_msgs/msg/detail
[3.472s] -- Up-to-date: /home/rslomron/tm_custom/install/tm_msgs/include/tm_msgs/tm_msgs/msg/detail/sct_response__functions.c
[3.472s] -- Up-to-date: /home/rslomron/tm_custom/install/tm_msgs/include/tm_msgs/tm_msgs/msg/detail/feedback_state__type_support.h
[3.472s] -- Up-to-date: /home/rslomron/tm_custom/install/tm_msgs/include/tm_msgs/tm_msgs/msg/detail/svr_response__functions.c
[3.472s] -- Up-to-date: /home/rslomron/tm_custom/install/tm_msgs/include/tm_msgs/tm_msgs/msg/detail/sct_response__functions.h
[3.473s] -- Up-to-date: /home/rslomron/tm_custom/install/tm_msgs/include/tm_msgs/tm_msgs/msg/detail/feedback_state__functions.c
[3.473s] -- Up-to-date: /home/rslomron/tm_custom/install/tm_msgs/include/tm_msgs/tm_msgs/msg/detail/svr_response__functions.h
[3.473s] -- Up-to-date: /home/rslomron/tm_custom/install/tm_msgs/include/tm_msgs/tm_msgs/msg/detail/sta_response__functions.h
[3.473s] -- Up-to-date: /home/rslomron/tm_custom/install/tm_msgs/include/tm_msgs/tm_msgs/msg/detail/sct_response__struct.h
[3.473s] -- Up-to-date: /home/rslomron/tm_custom/install/tm_msgs/include/tm_msgs/tm_msgs/msg/detail/sta_response__type_support.h
[3.473s] -- Up-to-date: /home/rslomron/tm_custom/install/tm_msgs/include/tm_msgs/tm_msgs/msg/detail/sct_response__type_support.h
[3.473s] -- Up-to-date: /home/rslomron/tm_custom/install/tm_msgs/include/tm_msgs/tm_msgs/msg/detail/svr_response__type_support.h
[3.473s] -- Up-to-date: /home/rslomron/tm_custom/install/tm_msgs/include/tm_msgs/tm_msgs/msg/detail/svr_response__struct.h
[3.474s] -- Up-to-date: /home/rslomron/tm_custom/install/tm_msgs/include/tm_msgs/tm_msgs/msg/detail/sta_response__functions.c
[3.474s] -- Up-to-date: /home/rslomron/tm_custom/install/tm_msgs/include/tm_msgs/tm_msgs/msg/detail/feedback_state__functions.h
[3.474s] -- Up-to-date: /home/rslomron/tm_custom/install/tm_msgs/include/tm_msgs/tm_msgs/msg/detail/sta_response__struct.h
[3.474s] -- Up-to-date: /home/rslomron/tm_custom/install/tm_msgs/include/tm_msgs/tm_msgs/msg/detail/feedback_state__struct.h
[3.474s] -- Up-to-date: /home/rslomron/tm_custom/install/tm_msgs/include/tm_msgs/tm_msgs/msg/sta_response.h
[3.474s] -- Up-to-date: /home/rslomron/tm_custom/install/tm_msgs/include/tm_msgs/tm_msgs/msg/svr_response.h
[3.475s] -- Up-to-date: /home/rslomron/tm_custom/install/tm_msgs/include/tm_msgs/tm_msgs/msg/rosidl_generator_c__visibility_control.h
[3.475s] -- Up-to-date: /home/rslomron/tm_custom/install/tm_msgs/include/tm_msgs/tm_msgs/msg/sct_response.h
[3.475s] -- Up-to-date: /home/rslomron/tm_custom/install/tm_msgs/include/tm_msgs/tm_msgs/msg/feedback_state.h
[3.476s] -- Up-to-date: /home/rslomron/tm_custom/install/tm_msgs/include/tm_msgs/tm_msgs/srv
[3.476s] -- Up-to-date: /home/rslomron/tm_custom/install/tm_msgs/include/tm_msgs/tm_msgs/srv/detail
[3.477s] -- Up-to-date: /home/rslomron/tm_custom/install/tm_msgs/include/tm_msgs/tm_msgs/srv/detail/send_script__functions.h
[3.478s] -- Up-to-date: /home/rslomron/tm_custom/install/tm_msgs/include/tm_msgs/tm_msgs/srv/detail/send_script__functions.c
[3.478s] -- Up-to-date: /home/rslomron/tm_custom/install/tm_msgs/include/tm_msgs/tm_msgs/srv/detail/ask_item__type_support.h
[3.478s] -- Up-to-date: /home/rslomron/tm_custom/install/tm_msgs/include/tm_msgs/tm_msgs/srv/detail/ask_sta__type_support.h
[3.478s] -- Up-to-date: /home/rslomron/tm_custom/install/tm_msgs/include/tm_msgs/tm_msgs/srv/detail/write_item__struct.h
[3.478s] -- Up-to-date: /home/rslomron/tm_custom/install/tm_msgs/include/tm_msgs/tm_msgs/srv/detail/ask_sta__functions.h
[3.479s] -- Up-to-date: /home/rslomron/tm_custom/install/tm_msgs/include/tm_msgs/tm_msgs/srv/detail/write_item__functions.c
[3.479s] -- Up-to-date: /home/rslomron/tm_custom/install/tm_msgs/include/tm_msgs/tm_msgs/srv/detail/set_io__type_support.h
[3.479s] -- Up-to-date: /home/rslomron/tm_custom/install/tm_msgs/include/tm_msgs/tm_msgs/srv/detail/ask_item__struct.h
[3.479s] -- Up-to-date: /home/rslomron/tm_custom/install/tm_msgs/include/tm_msgs/tm_msgs/srv/detail/set_event__functions.h
[3.479s] -- Up-to-date: /home/rslomron/tm_custom/install/tm_msgs/include/tm_msgs/tm_msgs/srv/detail/set_positions__struct.h
[3.480s] -- Up-to-date: /home/rslomron/tm_custom/install/tm_msgs/include/tm_msgs/tm_msgs/srv/detail/set_io__functions.c
[3.480s] -- Up-to-date: /home/rslomron/tm_custom/install/tm_msgs/include/tm_msgs/tm_msgs/srv/detail/connect_tm__struct.h
[3.480s] -- Up-to-date: /home/rslomron/tm_custom/install/tm_msgs/include/tm_msgs/tm_msgs/srv/detail/set_positions__functions.c
[3.480s] -- Up-to-date: /home/rslomron/tm_custom/install/tm_msgs/include/tm_msgs/tm_msgs/srv/detail/set_positions__functions.h
[3.480s] -- Up-to-date: /home/rslomron/tm_custom/install/tm_msgs/include/tm_msgs/tm_msgs/srv/detail/ask_item__functions.c
[3.480s] -- Up-to-date: /home/rslomron/tm_custom/install/tm_msgs/include/tm_msgs/tm_msgs/srv/detail/ask_item__functions.h
[3.481s] -- Up-to-date: /home/rslomron/tm_custom/install/tm_msgs/include/tm_msgs/tm_msgs/srv/detail/set_event__functions.c
[3.481s] -- Up-to-date: /home/rslomron/tm_custom/install/tm_msgs/include/tm_msgs/tm_msgs/srv/detail/connect_tm__functions.h
[3.481s] -- Up-to-date: /home/rslomron/tm_custom/install/tm_msgs/include/tm_msgs/tm_msgs/srv/detail/send_script__type_support.h
[3.482s] -- Up-to-date: /home/rslomron/tm_custom/install/tm_msgs/include/tm_msgs/tm_msgs/srv/detail/set_event__struct.h
[3.482s] -- Up-to-date: /home/rslomron/tm_custom/install/tm_msgs/include/tm_msgs/tm_msgs/srv/detail/write_item__type_support.h
[3.482s] -- Up-to-date: /home/rslomron/tm_custom/install/tm_msgs/include/tm_msgs/tm_msgs/srv/detail/send_script__struct.h
[3.482s] -- Up-to-date: /home/rslomron/tm_custom/install/tm_msgs/include/tm_msgs/tm_msgs/srv/detail/connect_tm__functions.c
[3.482s] -- Up-to-date: /home/rslomron/tm_custom/install/tm_msgs/include/tm_msgs/tm_msgs/srv/detail/set_positions__type_support.h
[3.482s] -- Up-to-date: /home/rslomron/tm_custom/install/tm_msgs/include/tm_msgs/tm_msgs/srv/detail/set_event__type_support.h
[3.483s] -- Up-to-date: /home/rslomron/tm_custom/install/tm_msgs/include/tm_msgs/tm_msgs/srv/detail/connect_tm__type_support.h
[3.483s] -- Up-to-date: /home/rslomron/tm_custom/install/tm_msgs/include/tm_msgs/tm_msgs/srv/detail/set_io__functions.h
[3.483s] -- Up-to-date: /home/rslomron/tm_custom/install/tm_msgs/include/tm_msgs/tm_msgs/srv/detail/ask_sta__functions.c
[3.483s] -- Up-to-date: /home/rslomron/tm_custom/install/tm_msgs/include/tm_msgs/tm_msgs/srv/detail/ask_sta__struct.h
[3.483s] -- Up-to-date: /home/rslomron/tm_custom/install/tm_msgs/include/tm_msgs/tm_msgs/srv/detail/set_io__struct.h
[3.483s] -- Up-to-date: /home/rslomron/tm_custom/install/tm_msgs/include/tm_msgs/tm_msgs/srv/detail/write_item__functions.h
[3.484s] -- Up-to-date: /home/rslomron/tm_custom/install/tm_msgs/include/tm_msgs/tm_msgs/srv/connect_tm.h
[3.484s] -- Up-to-date: /home/rslomron/tm_custom/install/tm_msgs/include/tm_msgs/tm_msgs/srv/ask_item.h
[3.484s] -- Up-to-date: /home/rslomron/tm_custom/install/tm_msgs/include/tm_msgs/tm_msgs/srv/ask_sta.h
[3.484s] -- Up-to-date: /home/rslomron/tm_custom/install/tm_msgs/include/tm_msgs/tm_msgs/srv/write_item.h
[3.484s] -- Up-to-date: /home/rslomron/tm_custom/install/tm_msgs/include/tm_msgs/tm_msgs/srv/set_io.h
[3.485s] -- Up-to-date: /home/rslomron/tm_custom/install/tm_msgs/include/tm_msgs/tm_msgs/srv/set_event.h
[3.485s] -- Up-to-date: /home/rslomron/tm_custom/install/tm_msgs/include/tm_msgs/tm_msgs/srv/set_positions.h
[3.485s] -- Up-to-date: /home/rslomron/tm_custom/install/tm_msgs/include/tm_msgs/tm_msgs/srv/send_script.h
[3.485s] -- Up-to-date: /home/rslomron/tm_custom/install/tm_msgs/share/tm_msgs/environment/library_path.sh
[3.485s] -- Up-to-date: /home/rslomron/tm_custom/install/tm_msgs/share/tm_msgs/environment/library_path.dsv
[3.486s] -- Up-to-date: /home/rslomron/tm_custom/install/tm_msgs/lib/libtm_msgs__rosidl_generator_c.so
[3.486s] -- Up-to-date: /home/rslomron/tm_custom/install/tm_msgs/include/tm_msgs/tm_msgs
[3.486s] -- Up-to-date: /home/rslomron/tm_custom/install/tm_msgs/include/tm_msgs/tm_msgs/msg
[3.486s] -- Up-to-date: /home/rslomron/tm_custom/install/tm_msgs/include/tm_msgs/tm_msgs/msg/detail
[3.486s] -- Up-to-date: /home/rslomron/tm_custom/install/tm_msgs/include/tm_msgs/tm_msgs/msg/detail/feedback_state__rosidl_typesupport_fastrtps_c.h
[3.486s] -- Up-to-date: /home/rslomron/tm_custom/install/tm_msgs/include/tm_msgs/tm_msgs/msg/detail/sta_response__rosidl_typesupport_fastrtps_c.h
[3.486s] -- Up-to-date: /home/rslomron/tm_custom/install/tm_msgs/include/tm_msgs/tm_msgs/msg/detail/svr_response__rosidl_typesupport_fastrtps_c.h
[3.486s] -- Up-to-date: /home/rslomron/tm_custom/install/tm_msgs/include/tm_msgs/tm_msgs/msg/detail/sct_response__rosidl_typesupport_fastrtps_c.h
[3.487s] -- Up-to-date: /home/rslomron/tm_custom/install/tm_msgs/include/tm_msgs/tm_msgs/msg/rosidl_typesupport_fastrtps_c__visibility_control.h
[3.487s] -- Up-to-date: /home/rslomron/tm_custom/install/tm_msgs/include/tm_msgs/tm_msgs/srv
[3.487s] -- Up-to-date: /home/rslomron/tm_custom/install/tm_msgs/include/tm_msgs/tm_msgs/srv/detail
[3.487s] -- Up-to-date: /home/rslomron/tm_custom/install/tm_msgs/include/tm_msgs/tm_msgs/srv/detail/set_event__rosidl_typesupport_fastrtps_c.h
[3.487s] -- Up-to-date: /home/rslomron/tm_custom/install/tm_msgs/include/tm_msgs/tm_msgs/srv/detail/ask_item__rosidl_typesupport_fastrtps_c.h
[3.487s] -- Up-to-date: /home/rslomron/tm_custom/install/tm_msgs/include/tm_msgs/tm_msgs/srv/detail/connect_tm__rosidl_typesupport_fastrtps_c.h
[3.487s] -- Up-to-date: /home/rslomron/tm_custom/install/tm_msgs/include/tm_msgs/tm_msgs/srv/detail/write_item__rosidl_typesupport_fastrtps_c.h
[3.488s] -- Up-to-date: /home/rslomron/tm_custom/install/tm_msgs/include/tm_msgs/tm_msgs/srv/detail/set_positions__rosidl_typesupport_fastrtps_c.h
[3.488s] -- Up-to-date: /home/rslomron/tm_custom/install/tm_msgs/include/tm_msgs/tm_msgs/srv/detail/send_script__rosidl_typesupport_fastrtps_c.h
[3.488s] -- Up-to-date: /home/rslomron/tm_custom/install/tm_msgs/include/tm_msgs/tm_msgs/srv/detail/set_io__rosidl_typesupport_fastrtps_c.h
[3.488s] -- Up-to-date: /home/rslomron/tm_custom/install/tm_msgs/include/tm_msgs/tm_msgs/srv/detail/ask_sta__rosidl_typesupport_fastrtps_c.h
[3.488s] -- Up-to-date: /home/rslomron/tm_custom/install/tm_msgs/lib/libtm_msgs__rosidl_typesupport_fastrtps_c.so
[3.488s] -- Up-to-date: /home/rslomron/tm_custom/install/tm_msgs/include/tm_msgs/tm_msgs
[3.488s] -- Up-to-date: /home/rslomron/tm_custom/install/tm_msgs/include/tm_msgs/tm_msgs/msg
[3.488s] -- Up-to-date: /home/rslomron/tm_custom/install/tm_msgs/include/tm_msgs/tm_msgs/msg/detail
[3.489s] -- Up-to-date: /home/rslomron/tm_custom/install/tm_msgs/include/tm_msgs/tm_msgs/msg/detail/svr_response__struct.hpp
[3.489s] -- Up-to-date: /home/rslomron/tm_custom/install/tm_msgs/include/tm_msgs/tm_msgs/msg/detail/sta_response__builder.hpp
[3.489s] -- Up-to-date: /home/rslomron/tm_custom/install/tm_msgs/include/tm_msgs/tm_msgs/msg/detail/sct_response__builder.hpp
[3.489s] -- Up-to-date: /home/rslomron/tm_custom/install/tm_msgs/include/tm_msgs/tm_msgs/msg/detail/feedback_state__struct.hpp
[3.489s] -- Up-to-date: /home/rslomron/tm_custom/install/tm_msgs/include/tm_msgs/tm_msgs/msg/detail/sct_response__traits.hpp
[3.489s] -- Up-to-date: /home/rslomron/tm_custom/install/tm_msgs/include/tm_msgs/tm_msgs/msg/detail/svr_response__traits.hpp
[3.489s] -- Up-to-date: /home/rslomron/tm_custom/install/tm_msgs/include/tm_msgs/tm_msgs/msg/detail/svr_response__builder.hpp
[3.489s] -- Up-to-date: /home/rslomron/tm_custom/install/tm_msgs/include/tm_msgs/tm_msgs/msg/detail/sct_response__struct.hpp
[3.490s] -- Up-to-date: /home/rslomron/tm_custom/install/tm_msgs/include/tm_msgs/tm_msgs/msg/detail/feedback_state__builder.hpp
[3.490s] -- Up-to-date: /home/rslomron/tm_custom/install/tm_msgs/include/tm_msgs/tm_msgs/msg/detail/feedback_state__traits.hpp
[3.490s] -- Up-to-date: /home/rslomron/tm_custom/install/tm_msgs/include/tm_msgs/tm_msgs/msg/detail/sta_response__struct.hpp
[3.490s] -- Up-to-date: /home/rslomron/tm_custom/install/tm_msgs/include/tm_msgs/tm_msgs/msg/detail/sta_response__traits.hpp
[3.490s] -- Up-to-date: /home/rslomron/tm_custom/install/tm_msgs/include/tm_msgs/tm_msgs/msg/sta_response.hpp
[3.490s] -- Up-to-date: /home/rslomron/tm_custom/install/tm_msgs/include/tm_msgs/tm_msgs/msg/sct_response.hpp
[3.490s] -- Up-to-date: /home/rslomron/tm_custom/install/tm_msgs/include/tm_msgs/tm_msgs/msg/svr_response.hpp
[3.490s] -- Up-to-date: /home/rslomron/tm_custom/install/tm_msgs/include/tm_msgs/tm_msgs/msg/feedback_state.hpp
[3.490s] -- Up-to-date: /home/rslomron/tm_custom/install/tm_msgs/include/tm_msgs/tm_msgs/srv
[3.491s] -- Up-to-date: /home/rslomron/tm_custom/install/tm_msgs/include/tm_msgs/tm_msgs/srv/detail
[3.491s] -- Up-to-date: /home/rslomron/tm_custom/install/tm_msgs/include/tm_msgs/tm_msgs/srv/detail/ask_sta__builder.hpp
[3.491s] -- Up-to-date: /home/rslomron/tm_custom/install/tm_msgs/include/tm_msgs/tm_msgs/srv/detail/send_script__struct.hpp
[3.491s] -- Up-to-date: /home/rslomron/tm_custom/install/tm_msgs/include/tm_msgs/tm_msgs/srv/detail/ask_item__builder.hpp
[3.491s] -- Up-to-date: /home/rslomron/tm_custom/install/tm_msgs/include/tm_msgs/tm_msgs/srv/detail/connect_tm__struct.hpp
[3.491s] -- Up-to-date: /home/rslomron/tm_custom/install/tm_msgs/include/tm_msgs/tm_msgs/srv/detail/set_event__traits.hpp
[3.491s] -- Up-to-date: /home/rslomron/tm_custom/install/tm_msgs/include/tm_msgs/tm_msgs/srv/detail/ask_sta__traits.hpp
[3.491s] -- Up-to-date: /home/rslomron/tm_custom/install/tm_msgs/include/tm_msgs/tm_msgs/srv/detail/set_positions__traits.hpp
[3.492s] -- Up-to-date: /home/rslomron/tm_custom/install/tm_msgs/include/tm_msgs/tm_msgs/srv/detail/set_io__builder.hpp
[3.492s] -- Up-to-date: /home/rslomron/tm_custom/install/tm_msgs/include/tm_msgs/tm_msgs/srv/detail/write_item__builder.hpp
[3.492s] -- Up-to-date: /home/rslomron/tm_custom/install/tm_msgs/include/tm_msgs/tm_msgs/srv/detail/set_io__struct.hpp
[3.492s] -- Up-to-date: /home/rslomron/tm_custom/install/tm_msgs/include/tm_msgs/tm_msgs/srv/detail/set_io__traits.hpp
[3.492s] -- Up-to-date: /home/rslomron/tm_custom/install/tm_msgs/include/tm_msgs/tm_msgs/srv/detail/ask_item__traits.hpp
[3.492s] -- Up-to-date: /home/rslomron/tm_custom/install/tm_msgs/include/tm_msgs/tm_msgs/srv/detail/set_positions__struct.hpp
[3.492s] -- Up-to-date: /home/rslomron/tm_custom/install/tm_msgs/include/tm_msgs/tm_msgs/srv/detail/ask_sta__struct.hpp
[3.492s] -- Up-to-date: /home/rslomron/tm_custom/install/tm_msgs/include/tm_msgs/tm_msgs/srv/detail/connect_tm__builder.hpp
[3.493s] -- Up-to-date: /home/rslomron/tm_custom/install/tm_msgs/include/tm_msgs/tm_msgs/srv/detail/write_item__traits.hpp
[3.493s] -- Up-to-date: /home/rslomron/tm_custom/install/tm_msgs/include/tm_msgs/tm_msgs/srv/detail/ask_item__struct.hpp
[3.493s] -- Up-to-date: /home/rslomron/tm_custom/install/tm_msgs/include/tm_msgs/tm_msgs/srv/detail/send_script__traits.hpp
[3.493s] -- Up-to-date: /home/rslomron/tm_custom/install/tm_msgs/include/tm_msgs/tm_msgs/srv/detail/set_positions__builder.hpp
[3.493s] -- Up-to-date: /home/rslomron/tm_custom/install/tm_msgs/include/tm_msgs/tm_msgs/srv/detail/send_script__builder.hpp
[3.493s] -- Up-to-date: /home/rslomron/tm_custom/install/tm_msgs/include/tm_msgs/tm_msgs/srv/detail/connect_tm__traits.hpp
[3.493s] -- Up-to-date: /home/rslomron/tm_custom/install/tm_msgs/include/tm_msgs/tm_msgs/srv/detail/set_event__struct.hpp
[3.493s] -- Up-to-date: /home/rslomron/tm_custom/install/tm_msgs/include/tm_msgs/tm_msgs/srv/detail/write_item__struct.hpp
[3.494s] -- Up-to-date: /home/rslomron/tm_custom/install/tm_msgs/include/tm_msgs/tm_msgs/srv/detail/set_event__builder.hpp
[3.494s] -- Up-to-date: /home/rslomron/tm_custom/install/tm_msgs/include/tm_msgs/tm_msgs/srv/set_io.hpp
[3.494s] -- Up-to-date: /home/rslomron/tm_custom/install/tm_msgs/include/tm_msgs/tm_msgs/srv/set_event.hpp
[3.494s] -- Up-to-date: /home/rslomron/tm_custom/install/tm_msgs/include/tm_msgs/tm_msgs/srv/ask_item.hpp
[3.494s] -- Up-to-date: /home/rslomron/tm_custom/install/tm_msgs/include/tm_msgs/tm_msgs/srv/send_script.hpp
[3.494s] -- Up-to-date: /home/rslomron/tm_custom/install/tm_msgs/include/tm_msgs/tm_msgs/srv/set_positions.hpp
[3.494s] -- Up-to-date: /home/rslomron/tm_custom/install/tm_msgs/include/tm_msgs/tm_msgs/srv/connect_tm.hpp
[3.495s] -- Up-to-date: /home/rslomron/tm_custom/install/tm_msgs/include/tm_msgs/tm_msgs/srv/write_item.hpp
[3.495s] -- Up-to-date: /home/rslomron/tm_custom/install/tm_msgs/include/tm_msgs/tm_msgs/srv/ask_sta.hpp
[3.495s] -- Up-to-date: /home/rslomron/tm_custom/install/tm_msgs/include/tm_msgs/tm_msgs
[3.495s] -- Up-to-date: /home/rslomron/tm_custom/install/tm_msgs/include/tm_msgs/tm_msgs/msg
[3.495s] -- Up-to-date: /home/rslomron/tm_custom/install/tm_msgs/include/tm_msgs/tm_msgs/msg/detail
[3.495s] -- Up-to-date: /home/rslomron/tm_custom/install/tm_msgs/include/tm_msgs/tm_msgs/msg/detail/dds_fastrtps
[3.495s] -- Up-to-date: /home/rslomron/tm_custom/install/tm_msgs/include/tm_msgs/tm_msgs/msg/detail/feedback_state__rosidl_typesupport_fastrtps_cpp.hpp
[3.495s] -- Up-to-date: /home/rslomron/tm_custom/install/tm_msgs/include/tm_msgs/tm_msgs/msg/detail/sta_response__rosidl_typesupport_fastrtps_cpp.hpp
[3.496s] -- Up-to-date: /home/rslomron/tm_custom/install/tm_msgs/include/tm_msgs/tm_msgs/msg/detail/svr_response__rosidl_typesupport_fastrtps_cpp.hpp
[3.496s] -- Up-to-date: /home/rslomron/tm_custom/install/tm_msgs/include/tm_msgs/tm_msgs/msg/detail/sct_response__rosidl_typesupport_fastrtps_cpp.hpp
[3.496s] -- Up-to-date: /home/rslomron/tm_custom/install/tm_msgs/include/tm_msgs/tm_msgs/msg/rosidl_typesupport_fastrtps_cpp__visibility_control.h
[3.496s] -- Up-to-date: /home/rslomron/tm_custom/install/tm_msgs/include/tm_msgs/tm_msgs/srv
[3.496s] -- Up-to-date: /home/rslomron/tm_custom/install/tm_msgs/include/tm_msgs/tm_msgs/srv/detail
[3.496s] -- Up-to-date: /home/rslomron/tm_custom/install/tm_msgs/include/tm_msgs/tm_msgs/srv/detail/dds_fastrtps
[3.496s] -- Up-to-date: /home/rslomron/tm_custom/install/tm_msgs/include/tm_msgs/tm_msgs/srv/detail/send_script__rosidl_typesupport_fastrtps_cpp.hpp
[3.496s] -- Up-to-date: /home/rslomron/tm_custom/install/tm_msgs/include/tm_msgs/tm_msgs/srv/detail/set_positions__rosidl_typesupport_fastrtps_cpp.hpp
[3.497s] -- Up-to-date: /home/rslomron/tm_custom/install/tm_msgs/include/tm_msgs/tm_msgs/srv/detail/ask_item__rosidl_typesupport_fastrtps_cpp.hpp
[3.497s] -- Up-to-date: /home/rslomron/tm_custom/install/tm_msgs/include/tm_msgs/tm_msgs/srv/detail/connect_tm__rosidl_typesupport_fastrtps_cpp.hpp
[3.497s] -- Up-to-date: /home/rslomron/tm_custom/install/tm_msgs/include/tm_msgs/tm_msgs/srv/detail/set_event__rosidl_typesupport_fastrtps_cpp.hpp
[3.497s] -- Up-to-date: /home/rslomron/tm_custom/install/tm_msgs/include/tm_msgs/tm_msgs/srv/detail/ask_sta__rosidl_typesupport_fastrtps_cpp.hpp
[3.497s] -- Up-to-date: /home/rslomron/tm_custom/install/tm_msgs/include/tm_msgs/tm_msgs/srv/detail/set_io__rosidl_typesupport_fastrtps_cpp.hpp
[3.497s] -- Up-to-date: /home/rslomron/tm_custom/install/tm_msgs/include/tm_msgs/tm_msgs/srv/detail/write_item__rosidl_typesupport_fastrtps_cpp.hpp
[3.497s] -- Up-to-date: /home/rslomron/tm_custom/install/tm_msgs/lib/libtm_msgs__rosidl_typesupport_fastrtps_cpp.so
[3.497s] -- Up-to-date: /home/rslomron/tm_custom/install/tm_msgs/include/tm_msgs/tm_msgs
[3.498s] -- Up-to-date: /home/rslomron/tm_custom/install/tm_msgs/include/tm_msgs/tm_msgs/msg
[3.498s] -- Up-to-date: /home/rslomron/tm_custom/install/tm_msgs/include/tm_msgs/tm_msgs/msg/detail
[3.498s] -- Up-to-date: /home/rslomron/tm_custom/install/tm_msgs/include/tm_msgs/tm_msgs/msg/detail/sta_response__type_support.c
[3.498s] -- Up-to-date: /home/rslomron/tm_custom/install/tm_msgs/include/tm_msgs/tm_msgs/msg/detail/feedback_state__rosidl_typesupport_introspection_c.h
[3.498s] -- Up-to-date: /home/rslomron/tm_custom/install/tm_msgs/include/tm_msgs/tm_msgs/msg/detail/feedback_state__type_support.c
[3.499s] -- Up-to-date: /home/rslomron/tm_custom/install/tm_msgs/include/tm_msgs/tm_msgs/msg/detail/sct_response__rosidl_typesupport_introspection_c.h
[3.499s] -- Up-to-date: /home/rslomron/tm_custom/install/tm_msgs/include/tm_msgs/tm_msgs/msg/detail/sct_response__type_support.c
[3.499s] -- Up-to-date: /home/rslomron/tm_custom/install/tm_msgs/include/tm_msgs/tm_msgs/msg/detail/sta_response__rosidl_typesupport_introspection_c.h
[3.499s] -- Up-to-date: /home/rslomron/tm_custom/install/tm_msgs/include/tm_msgs/tm_msgs/msg/detail/svr_response__rosidl_typesupport_introspection_c.h
[3.499s] -- Up-to-date: /home/rslomron/tm_custom/install/tm_msgs/include/tm_msgs/tm_msgs/msg/detail/svr_response__type_support.c
[3.499s] -- Up-to-date: /home/rslomron/tm_custom/install/tm_msgs/include/tm_msgs/tm_msgs/msg/rosidl_typesupport_introspection_c__visibility_control.h
[3.499s] -- Up-to-date: /home/rslomron/tm_custom/install/tm_msgs/include/tm_msgs/tm_msgs/srv
[3.499s] -- Up-to-date: /home/rslomron/tm_custom/install/tm_msgs/include/tm_msgs/tm_msgs/srv/detail
[3.500s] -- Up-to-date: /home/rslomron/tm_custom/install/tm_msgs/include/tm_msgs/tm_msgs/srv/detail/set_event__type_support.c
[3.500s] -- Up-to-date: /home/rslomron/tm_custom/install/tm_msgs/include/tm_msgs/tm_msgs/srv/detail/ask_item__rosidl_typesupport_introspection_c.h
[3.500s] -- Up-to-date: /home/rslomron/tm_custom/install/tm_msgs/include/tm_msgs/tm_msgs/srv/detail/write_item__rosidl_typesupport_introspection_c.h
[3.500s] -- Up-to-date: /home/rslomron/tm_custom/install/tm_msgs/include/tm_msgs/tm_msgs/srv/detail/send_script__type_support.c
[3.500s] -- Up-to-date: /home/rslomron/tm_custom/install/tm_msgs/include/tm_msgs/tm_msgs/srv/detail/set_positions__type_support.c
[3.500s] -- Up-to-date: /home/rslomron/tm_custom/install/tm_msgs/include/tm_msgs/tm_msgs/srv/detail/set_event__rosidl_typesupport_introspection_c.h
[3.500s] -- Up-to-date: /home/rslomron/tm_custom/install/tm_msgs/include/tm_msgs/tm_msgs/srv/detail/send_script__rosidl_typesupport_introspection_c.h
[3.500s] -- Up-to-date: /home/rslomron/tm_custom/install/tm_msgs/include/tm_msgs/tm_msgs/srv/detail/connect_tm__rosidl_typesupport_introspection_c.h
[3.501s] -- Up-to-date: /home/rslomron/tm_custom/install/tm_msgs/include/tm_msgs/tm_msgs/srv/detail/write_item__type_support.c
[3.501s] -- Up-to-date: /home/rslomron/tm_custom/install/tm_msgs/include/tm_msgs/tm_msgs/srv/detail/connect_tm__type_support.c
[3.501s] -- Up-to-date: /home/rslomron/tm_custom/install/tm_msgs/include/tm_msgs/tm_msgs/srv/detail/set_io__rosidl_typesupport_introspection_c.h
[3.501s] -- Up-to-date: /home/rslomron/tm_custom/install/tm_msgs/include/tm_msgs/tm_msgs/srv/detail/set_positions__rosidl_typesupport_introspection_c.h
[3.501s] -- Up-to-date: /home/rslomron/tm_custom/install/tm_msgs/include/tm_msgs/tm_msgs/srv/detail/ask_item__type_support.c
[3.501s] -- Up-to-date: /home/rslomron/tm_custom/install/tm_msgs/include/tm_msgs/tm_msgs/srv/detail/ask_sta__type_support.c
[3.501s] -- Up-to-date: /home/rslomron/tm_custom/install/tm_msgs/include/tm_msgs/tm_msgs/srv/detail/ask_sta__rosidl_typesupport_introspection_c.h
[3.502s] -- Up-to-date: /home/rslomron/tm_custom/install/tm_msgs/include/tm_msgs/tm_msgs/srv/detail/set_io__type_support.c
[3.502s] -- Up-to-date: /home/rslomron/tm_custom/install/tm_msgs/lib/libtm_msgs__rosidl_typesupport_introspection_c.so
[3.502s] -- Up-to-date: /home/rslomron/tm_custom/install/tm_msgs/lib/libtm_msgs__rosidl_typesupport_c.so
[3.502s] -- Up-to-date: /home/rslomron/tm_custom/install/tm_msgs/include/tm_msgs/tm_msgs
[3.502s] -- Up-to-date: /home/rslomron/tm_custom/install/tm_msgs/include/tm_msgs/tm_msgs/msg
[3.502s] -- Up-to-date: /home/rslomron/tm_custom/install/tm_msgs/include/tm_msgs/tm_msgs/msg/detail
[3.502s] -- Up-to-date: /home/rslomron/tm_custom/install/tm_msgs/include/tm_msgs/tm_msgs/msg/detail/feedback_state__type_support.cpp
[3.502s] -- Up-to-date: /home/rslomron/tm_custom/install/tm_msgs/include/tm_msgs/tm_msgs/msg/detail/svr_response__type_support.cpp
[3.503s] -- Up-to-date: /home/rslomron/tm_custom/install/tm_msgs/include/tm_msgs/tm_msgs/msg/detail/feedback_state__rosidl_typesupport_introspection_cpp.hpp
[3.503s] -- Up-to-date: /home/rslomron/tm_custom/install/tm_msgs/include/tm_msgs/tm_msgs/msg/detail/sta_response__type_support.cpp
[3.503s] -- Up-to-date: /home/rslomron/tm_custom/install/tm_msgs/include/tm_msgs/tm_msgs/msg/detail/sta_response__rosidl_typesupport_introspection_cpp.hpp
[3.503s] -- Up-to-date: /home/rslomron/tm_custom/install/tm_msgs/include/tm_msgs/tm_msgs/msg/detail/sct_response__rosidl_typesupport_introspection_cpp.hpp
[3.503s] -- Up-to-date: /home/rslomron/tm_custom/install/tm_msgs/include/tm_msgs/tm_msgs/msg/detail/svr_response__rosidl_typesupport_introspection_cpp.hpp
[3.503s] -- Up-to-date: /home/rslomron/tm_custom/install/tm_msgs/include/tm_msgs/tm_msgs/msg/detail/sct_response__type_support.cpp
[3.503s] -- Up-to-date: /home/rslomron/tm_custom/install/tm_msgs/include/tm_msgs/tm_msgs/srv
[3.503s] -- Up-to-date: /home/rslomron/tm_custom/install/tm_msgs/include/tm_msgs/tm_msgs/srv/detail
[3.504s] -- Up-to-date: /home/rslomron/tm_custom/install/tm_msgs/include/tm_msgs/tm_msgs/srv/detail/set_positions__rosidl_typesupport_introspection_cpp.hpp
[3.504s] -- Up-to-date: /home/rslomron/tm_custom/install/tm_msgs/include/tm_msgs/tm_msgs/srv/detail/set_positions__type_support.cpp
[3.504s] -- Up-to-date: /home/rslomron/tm_custom/install/tm_msgs/include/tm_msgs/tm_msgs/srv/detail/set_io__rosidl_typesupport_introspection_cpp.hpp
[3.504s] -- Up-to-date: /home/rslomron/tm_custom/install/tm_msgs/include/tm_msgs/tm_msgs/srv/detail/set_event__type_support.cpp
[3.504s] -- Up-to-date: /home/rslomron/tm_custom/install/tm_msgs/include/tm_msgs/tm_msgs/srv/detail/ask_item__type_support.cpp
[3.504s] -- Up-to-date: /home/rslomron/tm_custom/install/tm_msgs/include/tm_msgs/tm_msgs/srv/detail/ask_sta__type_support.cpp
[3.504s] -- Up-to-date: /home/rslomron/tm_custom/install/tm_msgs/include/tm_msgs/tm_msgs/srv/detail/write_item__type_support.cpp
[3.504s] -- Up-to-date: /home/rslomron/tm_custom/install/tm_msgs/include/tm_msgs/tm_msgs/srv/detail/connect_tm__type_support.cpp
[3.505s] -- Up-to-date: /home/rslomron/tm_custom/install/tm_msgs/include/tm_msgs/tm_msgs/srv/detail/ask_sta__rosidl_typesupport_introspection_cpp.hpp
[3.505s] -- Up-to-date: /home/rslomron/tm_custom/install/tm_msgs/include/tm_msgs/tm_msgs/srv/detail/send_script__type_support.cpp
[3.505s] -- Up-to-date: /home/rslomron/tm_custom/install/tm_msgs/include/tm_msgs/tm_msgs/srv/detail/send_script__rosidl_typesupport_introspection_cpp.hpp
[3.505s] -- Up-to-date: /home/rslomron/tm_custom/install/tm_msgs/include/tm_msgs/tm_msgs/srv/detail/write_item__rosidl_typesupport_introspection_cpp.hpp
[3.505s] -- Up-to-date: /home/rslomron/tm_custom/install/tm_msgs/include/tm_msgs/tm_msgs/srv/detail/set_io__type_support.cpp
[3.505s] -- Up-to-date: /home/rslomron/tm_custom/install/tm_msgs/include/tm_msgs/tm_msgs/srv/detail/ask_item__rosidl_typesupport_introspection_cpp.hpp
[3.505s] -- Up-to-date: /home/rslomron/tm_custom/install/tm_msgs/include/tm_msgs/tm_msgs/srv/detail/connect_tm__rosidl_typesupport_introspection_cpp.hpp
[3.505s] -- Up-to-date: /home/rslomron/tm_custom/install/tm_msgs/include/tm_msgs/tm_msgs/srv/detail/set_event__rosidl_typesupport_introspection_cpp.hpp
[3.505s] -- Up-to-date: /home/rslomron/tm_custom/install/tm_msgs/lib/libtm_msgs__rosidl_typesupport_introspection_cpp.so
[3.506s] -- Up-to-date: /home/rslomron/tm_custom/install/tm_msgs/lib/libtm_msgs__rosidl_typesupport_cpp.so
[3.506s] -- Up-to-date: /home/rslomron/tm_custom/install/tm_msgs/share/tm_msgs/environment/pythonpath.sh
[3.506s] -- Up-to-date: /home/rslomron/tm_custom/install/tm_msgs/share/tm_msgs/environment/pythonpath.dsv
[3.506s] -- Up-to-date: /home/rslomron/tm_custom/install/tm_msgs/local/lib/python3.10/dist-packages/tm_msgs-1.1.2-py3.10.egg-info
[3.506s] -- Installing: /home/rslomron/tm_custom/install/tm_msgs/local/lib/python3.10/dist-packages/tm_msgs-1.1.2-py3.10.egg-info/top_level.txt
[3.506s] -- Installing: /home/rslomron/tm_custom/install/tm_msgs/local/lib/python3.10/dist-packages/tm_msgs-1.1.2-py3.10.egg-info/PKG-INFO
[3.506s] -- Installing: /home/rslomron/tm_custom/install/tm_msgs/local/lib/python3.10/dist-packages/tm_msgs-1.1.2-py3.10.egg-info/dependency_links.txt
[3.506s] -- Installing: /home/rslomron/tm_custom/install/tm_msgs/local/lib/python3.10/dist-packages/tm_msgs-1.1.2-py3.10.egg-info/SOURCES.txt
[3.507s] -- Up-to-date: /home/rslomron/tm_custom/install/tm_msgs/local/lib/python3.10/dist-packages/tm_msgs
[3.507s] -- Up-to-date: /home/rslomron/tm_custom/install/tm_msgs/local/lib/python3.10/dist-packages/tm_msgs/msg
[3.507s] -- Up-to-date: /home/rslomron/tm_custom/install/tm_msgs/local/lib/python3.10/dist-packages/tm_msgs/msg/_svr_response_s.c
[3.507s] -- Up-to-date: /home/rslomron/tm_custom/install/tm_msgs/local/lib/python3.10/dist-packages/tm_msgs/msg/_sta_response_s.c
[3.507s] -- Up-to-date: /home/rslomron/tm_custom/install/tm_msgs/local/lib/python3.10/dist-packages/tm_msgs/msg/_feedback_state_s.c
[3.507s] -- Up-to-date: /home/rslomron/tm_custom/install/tm_msgs/local/lib/python3.10/dist-packages/tm_msgs/msg/_sct_response.py
[3.507s] -- Up-to-date: /home/rslomron/tm_custom/install/tm_msgs/local/lib/python3.10/dist-packages/tm_msgs/msg/_sta_response.py
[3.507s] -- Up-to-date: /home/rslomron/tm_custom/install/tm_msgs/local/lib/python3.10/dist-packages/tm_msgs/msg/__init__.py
[3.507s] -- Up-to-date: /home/rslomron/tm_custom/install/tm_msgs/local/lib/python3.10/dist-packages/tm_msgs/msg/_svr_response.py
[3.507s] -- Up-to-date: /home/rslomron/tm_custom/install/tm_msgs/local/lib/python3.10/dist-packages/tm_msgs/msg/_sct_response_s.c
[3.508s] -- Up-to-date: /home/rslomron/tm_custom/install/tm_msgs/local/lib/python3.10/dist-packages/tm_msgs/msg/_feedback_state.py
[3.508s] -- Up-to-date: /home/rslomron/tm_custom/install/tm_msgs/local/lib/python3.10/dist-packages/tm_msgs/tm_msgs_s__rosidl_typesupport_introspection_c.cpython-310-x86_64-linux-gnu.so
[3.508s] -- Up-to-date: /home/rslomron/tm_custom/install/tm_msgs/local/lib/python3.10/dist-packages/tm_msgs/_tm_msgs_s.ep.rosidl_typesupport_introspection_c.c
[3.508s] -- Up-to-date: /home/rslomron/tm_custom/install/tm_msgs/local/lib/python3.10/dist-packages/tm_msgs/libtm_msgs__rosidl_generator_py.so
[3.508s] -- Up-to-date: /home/rslomron/tm_custom/install/tm_msgs/local/lib/python3.10/dist-packages/tm_msgs/_tm_msgs_s.ep.rosidl_typesupport_fastrtps_c.c
[3.508s] -- Up-to-date: /home/rslomron/tm_custom/install/tm_msgs/local/lib/python3.10/dist-packages/tm_msgs/__init__.py
[3.508s] -- Up-to-date: /home/rslomron/tm_custom/install/tm_msgs/local/lib/python3.10/dist-packages/tm_msgs/srv
[3.508s] -- Up-to-date: /home/rslomron/tm_custom/install/tm_msgs/local/lib/python3.10/dist-packages/tm_msgs/srv/_write_item.py
[3.508s] -- Up-to-date: /home/rslomron/tm_custom/install/tm_msgs/local/lib/python3.10/dist-packages/tm_msgs/srv/_ask_item.py
[3.508s] -- Up-to-date: /home/rslomron/tm_custom/install/tm_msgs/local/lib/python3.10/dist-packages/tm_msgs/srv/_send_script.py
[3.509s] -- Up-to-date: /home/rslomron/tm_custom/install/tm_msgs/local/lib/python3.10/dist-packages/tm_msgs/srv/_set_positions_s.c
[3.509s] -- Up-to-date: /home/rslomron/tm_custom/install/tm_msgs/local/lib/python3.10/dist-packages/tm_msgs/srv/_ask_item_s.c
[3.509s] -- Up-to-date: /home/rslomron/tm_custom/install/tm_msgs/local/lib/python3.10/dist-packages/tm_msgs/srv/_set_io_s.c
[3.509s] -- Up-to-date: /home/rslomron/tm_custom/install/tm_msgs/local/lib/python3.10/dist-packages/tm_msgs/srv/_send_script_s.c
[3.509s] -- Up-to-date: /home/rslomron/tm_custom/install/tm_msgs/local/lib/python3.10/dist-packages/tm_msgs/srv/_set_positions.py
[3.509s] -- Up-to-date: /home/rslomron/tm_custom/install/tm_msgs/local/lib/python3.10/dist-packages/tm_msgs/srv/_connect_tm_s.c
[3.509s] -- Up-to-date: /home/rslomron/tm_custom/install/tm_msgs/local/lib/python3.10/dist-packages/tm_msgs/srv/_set_event.py
[3.509s] -- Up-to-date: /home/rslomron/tm_custom/install/tm_msgs/local/lib/python3.10/dist-packages/tm_msgs/srv/_ask_sta_s.c
[3.509s] -- Up-to-date: /home/rslomron/tm_custom/install/tm_msgs/local/lib/python3.10/dist-packages/tm_msgs/srv/_ask_sta.py
[3.510s] -- Up-to-date: /home/rslomron/tm_custom/install/tm_msgs/local/lib/python3.10/dist-packages/tm_msgs/srv/_set_event_s.c
[3.510s] -- Up-to-date: /home/rslomron/tm_custom/install/tm_msgs/local/lib/python3.10/dist-packages/tm_msgs/srv/_set_io.py
[3.510s] -- Up-to-date: /home/rslomron/tm_custom/install/tm_msgs/local/lib/python3.10/dist-packages/tm_msgs/srv/__init__.py
[3.510s] -- Up-to-date: /home/rslomron/tm_custom/install/tm_msgs/local/lib/python3.10/dist-packages/tm_msgs/srv/_write_item_s.c
[3.510s] -- Up-to-date: /home/rslomron/tm_custom/install/tm_msgs/local/lib/python3.10/dist-packages/tm_msgs/srv/_connect_tm.py
[3.510s] -- Up-to-date: /home/rslomron/tm_custom/install/tm_msgs/local/lib/python3.10/dist-packages/tm_msgs/_tm_msgs_s.ep.rosidl_typesupport_c.c
[3.510s] -- Up-to-date: /home/rslomron/tm_custom/install/tm_msgs/local/lib/python3.10/dist-packages/tm_msgs/tm_msgs_s__rosidl_typesupport_fastrtps_c.cpython-310-x86_64-linux-gnu.so
[3.510s] -- Up-to-date: /home/rslomron/tm_custom/install/tm_msgs/local/lib/python3.10/dist-packages/tm_msgs/tm_msgs_s__rosidl_typesupport_c.cpython-310-x86_64-linux-gnu.so
[3.541s] Listing '/home/rslomron/tm_custom/install/tm_msgs/local/lib/python3.10/dist-packages/tm_msgs'...
[3.541s] Listing '/home/rslomron/tm_custom/install/tm_msgs/local/lib/python3.10/dist-packages/tm_msgs/msg'...
[3.541s] Listing '/home/rslomron/tm_custom/install/tm_msgs/local/lib/python3.10/dist-packages/tm_msgs/srv'...
[3.548s] -- Up-to-date: /home/rslomron/tm_custom/install/tm_msgs/local/lib/python3.10/dist-packages/tm_msgs/tm_msgs_s__rosidl_typesupport_fastrtps_c.cpython-310-x86_64-linux-gnu.so
[3.549s] -- Up-to-date: /home/rslomron/tm_custom/install/tm_msgs/local/lib/python3.10/dist-packages/tm_msgs/tm_msgs_s__rosidl_typesupport_introspection_c.cpython-310-x86_64-linux-gnu.so
[3.549s] -- Up-to-date: /home/rslomron/tm_custom/install/tm_msgs/local/lib/python3.10/dist-packages/tm_msgs/tm_msgs_s__rosidl_typesupport_c.cpython-310-x86_64-linux-gnu.so
[3.550s] -- Up-to-date: /home/rslomron/tm_custom/install/tm_msgs/lib/libtm_msgs__rosidl_generator_py.so
[3.550s] -- Up-to-date: /home/rslomron/tm_custom/install/tm_msgs/share/tm_msgs/msg/FeedbackState.idl
[3.550s] -- Up-to-date: /home/rslomron/tm_custom/install/tm_msgs/share/tm_msgs/msg/SvrResponse.idl
[3.550s] -- Up-to-date: /home/rslomron/tm_custom/install/tm_msgs/share/tm_msgs/msg/SctResponse.idl
[3.551s] -- Up-to-date: /home/rslomron/tm_custom/install/tm_msgs/share/tm_msgs/msg/StaResponse.idl
[3.551s] -- Up-to-date: /home/rslomron/tm_custom/install/tm_msgs/share/tm_msgs/srv/ConnectTM.idl
[3.551s] -- Up-to-date: /home/rslomron/tm_custom/install/tm_msgs/share/tm_msgs/srv/WriteItem.idl
[3.551s] -- Up-to-date: /home/rslomron/tm_custom/install/tm_msgs/share/tm_msgs/srv/AskItem.idl
[3.551s] -- Up-to-date: /home/rslomron/tm_custom/install/tm_msgs/share/tm_msgs/srv/SendScript.idl
[3.551s] -- Up-to-date: /home/rslomron/tm_custom/install/tm_msgs/share/tm_msgs/srv/SetEvent.idl
[3.551s] -- Up-to-date: /home/rslomron/tm_custom/install/tm_msgs/share/tm_msgs/srv/SetIO.idl
[3.556s] -- Up-to-date: /home/rslomron/tm_custom/install/tm_msgs/share/tm_msgs/srv/SetPositions.idl
[3.556s] -- Up-to-date: /home/rslomron/tm_custom/install/tm_msgs/share/tm_msgs/srv/AskSta.idl
[3.556s] -- Up-to-date: /home/rslomron/tm_custom/install/tm_msgs/share/tm_msgs/msg/FeedbackState.msg
[3.557s] -- Up-to-date: /home/rslomron/tm_custom/install/tm_msgs/share/tm_msgs/msg/SvrResponse.msg
[3.557s] -- Up-to-date: /home/rslomron/tm_custom/install/tm_msgs/share/tm_msgs/msg/SctResponse.msg
[3.557s] -- Up-to-date: /home/rslomron/tm_custom/install/tm_msgs/share/tm_msgs/msg/StaResponse.msg
[3.557s] -- Up-to-date: /home/rslomron/tm_custom/install/tm_msgs/share/tm_msgs/srv/ConnectTM.srv
[3.557s] -- Up-to-date: /home/rslomron/tm_custom/install/tm_msgs/share/tm_msgs/srv/ConnectTM_Request.msg
[3.557s] -- Up-to-date: /home/rslomron/tm_custom/install/tm_msgs/share/tm_msgs/srv/ConnectTM_Response.msg
[3.557s] -- Up-to-date: /home/rslomron/tm_custom/install/tm_msgs/share/tm_msgs/srv/WriteItem.srv
[3.558s] -- Up-to-date: /home/rslomron/tm_custom/install/tm_msgs/share/tm_msgs/srv/WriteItem_Request.msg
[3.558s] -- Up-to-date: /home/rslomron/tm_custom/install/tm_msgs/share/tm_msgs/srv/WriteItem_Response.msg
[3.558s] -- Up-to-date: /home/rslomron/tm_custom/install/tm_msgs/share/tm_msgs/srv/AskItem.srv
[3.558s] -- Up-to-date: /home/rslomron/tm_custom/install/tm_msgs/share/tm_msgs/srv/AskItem_Request.msg
[3.558s] -- Up-to-date: /home/rslomron/tm_custom/install/tm_msgs/share/tm_msgs/srv/AskItem_Response.msg
[3.558s] -- Up-to-date: /home/rslomron/tm_custom/install/tm_msgs/share/tm_msgs/srv/SendScript.srv
[3.558s] -- Up-to-date: /home/rslomron/tm_custom/install/tm_msgs/share/tm_msgs/srv/SendScript_Request.msg
[3.558s] -- Up-to-date: /home/rslomron/tm_custom/install/tm_msgs/share/tm_msgs/srv/SendScript_Response.msg
[3.559s] -- Up-to-date: /home/rslomron/tm_custom/install/tm_msgs/share/tm_msgs/srv/SetEvent.srv
[3.559s] -- Up-to-date: /home/rslomron/tm_custom/install/tm_msgs/share/tm_msgs/srv/SetEvent_Request.msg
[3.559s] -- Up-to-date: /home/rslomron/tm_custom/install/tm_msgs/share/tm_msgs/srv/SetEvent_Response.msg
[3.559s] -- Up-to-date: /home/rslomron/tm_custom/install/tm_msgs/share/tm_msgs/srv/SetIO.srv
[3.559s] -- Up-to-date: /home/rslomron/tm_custom/install/tm_msgs/share/tm_msgs/srv/SetIO_Request.msg
[3.559s] -- Up-to-date: /home/rslomron/tm_custom/install/tm_msgs/share/tm_msgs/srv/SetIO_Response.msg
[3.559s] -- Up-to-date: /home/rslomron/tm_custom/install/tm_msgs/share/tm_msgs/srv/SetPositions.srv
[3.559s] -- Up-to-date: /home/rslomron/tm_custom/install/tm_msgs/share/tm_msgs/srv/SetPositions_Request.msg
[3.560s] -- Up-to-date: /home/rslomron/tm_custom/install/tm_msgs/share/tm_msgs/srv/SetPositions_Response.msg
[3.561s] -- Up-to-date: /home/rslomron/tm_custom/install/tm_msgs/share/tm_msgs/srv/AskSta.srv
[3.562s] -- Up-to-date: /home/rslomron/tm_custom/install/tm_msgs/share/tm_msgs/srv/AskSta_Request.msg
[3.562s] -- Up-to-date: /home/rslomron/tm_custom/install/tm_msgs/share/tm_msgs/srv/AskSta_Response.msg
[3.562s] -- Up-to-date: /home/rslomron/tm_custom/install/tm_msgs/share/ament_index/resource_index/package_run_dependencies/tm_msgs
[3.563s] -- Up-to-date: /home/rslomron/tm_custom/install/tm_msgs/share/ament_index/resource_index/parent_prefix_path/tm_msgs
[3.563s] -- Up-to-date: /home/rslomron/tm_custom/install/tm_msgs/share/tm_msgs/environment/ament_prefix_path.sh
[3.563s] -- Up-to-date: /home/rslomron/tm_custom/install/tm_msgs/share/tm_msgs/environment/ament_prefix_path.dsv
[3.563s] -- Up-to-date: /home/rslomron/tm_custom/install/tm_msgs/share/tm_msgs/environment/path.sh
[3.564s] -- Up-to-date: /home/rslomron/tm_custom/install/tm_msgs/share/tm_msgs/environment/path.dsv
[3.564s] -- Up-to-date: /home/rslomron/tm_custom/install/tm_msgs/share/tm_msgs/local_setup.bash
[3.564s] -- Up-to-date: /home/rslomron/tm_custom/install/tm_msgs/share/tm_msgs/local_setup.sh
[3.564s] -- Up-to-date: /home/rslomron/tm_custom/install/tm_msgs/share/tm_msgs/local_setup.zsh
[3.565s] -- Up-to-date: /home/rslomron/tm_custom/install/tm_msgs/share/tm_msgs/local_setup.dsv
[3.565s] -- Installing: /home/rslomron/tm_custom/install/tm_msgs/share/tm_msgs/package.dsv
[3.565s] -- Up-to-date: /home/rslomron/tm_custom/install/tm_msgs/share/ament_index/resource_index/packages/tm_msgs
[3.566s] -- Up-to-date: /home/rslomron/tm_custom/install/tm_msgs/share/tm_msgs/cmake/export_tm_msgs__rosidl_generator_cExport.cmake
[3.566s] -- Up-to-date: /home/rslomron/tm_custom/install/tm_msgs/share/tm_msgs/cmake/export_tm_msgs__rosidl_generator_cExport-noconfig.cmake
[3.566s] -- Up-to-date: /home/rslomron/tm_custom/install/tm_msgs/share/tm_msgs/cmake/export_tm_msgs__rosidl_typesupport_fastrtps_cExport.cmake
[3.567s] -- Up-to-date: /home/rslomron/tm_custom/install/tm_msgs/share/tm_msgs/cmake/export_tm_msgs__rosidl_typesupport_fastrtps_cExport-noconfig.cmake
[3.567s] -- Up-to-date: /home/rslomron/tm_custom/install/tm_msgs/share/tm_msgs/cmake/export_tm_msgs__rosidl_generator_cppExport.cmake
[3.567s] -- Up-to-date: /home/rslomron/tm_custom/install/tm_msgs/share/tm_msgs/cmake/export_tm_msgs__rosidl_typesupport_fastrtps_cppExport.cmake
[3.567s] -- Up-to-date: /home/rslomron/tm_custom/install/tm_msgs/share/tm_msgs/cmake/export_tm_msgs__rosidl_typesupport_fastrtps_cppExport-noconfig.cmake
[3.567s] -- Up-to-date: /home/rslomron/tm_custom/install/tm_msgs/share/tm_msgs/cmake/tm_msgs__rosidl_typesupport_introspection_cExport.cmake
[3.567s] -- Up-to-date: /home/rslomron/tm_custom/install/tm_msgs/share/tm_msgs/cmake/tm_msgs__rosidl_typesupport_introspection_cExport-noconfig.cmake
[3.568s] -- Up-to-date: /home/rslomron/tm_custom/install/tm_msgs/share/tm_msgs/cmake/tm_msgs__rosidl_typesupport_cExport.cmake
[3.568s] -- Up-to-date: /home/rslomron/tm_custom/install/tm_msgs/share/tm_msgs/cmake/tm_msgs__rosidl_typesupport_cExport-noconfig.cmake
[3.568s] -- Up-to-date: /home/rslomron/tm_custom/install/tm_msgs/share/tm_msgs/cmake/tm_msgs__rosidl_typesupport_introspection_cppExport.cmake
[3.568s] -- Up-to-date: /home/rslomron/tm_custom/install/tm_msgs/share/tm_msgs/cmake/tm_msgs__rosidl_typesupport_introspection_cppExport-noconfig.cmake
[3.568s] -- Up-to-date: /home/rslomron/tm_custom/install/tm_msgs/share/tm_msgs/cmake/tm_msgs__rosidl_typesupport_cppExport.cmake
[3.569s] -- Up-to-date: /home/rslomron/tm_custom/install/tm_msgs/share/tm_msgs/cmake/tm_msgs__rosidl_typesupport_cppExport-noconfig.cmake
[3.569s] -- Up-to-date: /home/rslomron/tm_custom/install/tm_msgs/share/tm_msgs/cmake/export_tm_msgs__rosidl_generator_pyExport.cmake
[3.569s] -- Up-to-date: /home/rslomron/tm_custom/install/tm_msgs/share/tm_msgs/cmake/export_tm_msgs__rosidl_generator_pyExport-noconfig.cmake
[3.569s] -- Up-to-date: /home/rslomron/tm_custom/install/tm_msgs/share/tm_msgs/cmake/rosidl_cmake-extras.cmake
[3.569s] -- Up-to-date: /home/rslomron/tm_custom/install/tm_msgs/share/tm_msgs/cmake/ament_cmake_export_dependencies-extras.cmake
[3.569s] -- Up-to-date: /home/rslomron/tm_custom/install/tm_msgs/share/tm_msgs/cmake/ament_cmake_export_include_directories-extras.cmake
[3.570s] -- Up-to-date: /home/rslomron/tm_custom/install/tm_msgs/share/tm_msgs/cmake/ament_cmake_export_libraries-extras.cmake
[3.570s] -- Up-to-date: /home/rslomron/tm_custom/install/tm_msgs/share/tm_msgs/cmake/ament_cmake_export_targets-extras.cmake
[3.570s] -- Up-to-date: /home/rslomron/tm_custom/install/tm_msgs/share/tm_msgs/cmake/rosidl_cmake_export_typesupport_targets-extras.cmake
[3.570s] -- Up-to-date: /home/rslomron/tm_custom/install/tm_msgs/share/tm_msgs/cmake/rosidl_cmake_export_typesupport_libraries-extras.cmake
[3.570s] -- Up-to-date: /home/rslomron/tm_custom/install/tm_msgs/share/tm_msgs/cmake/tm_msgsConfig.cmake
[3.570s] -- Up-to-date: /home/rslomron/tm_custom/install/tm_msgs/share/tm_msgs/cmake/tm_msgsConfig-version.cmake
[3.571s] -- Up-to-date: /home/rslomron/tm_custom/install/tm_msgs/share/tm_msgs/package.xml
[3.571s] Invoked command in '/home/rslomron/tm_custom/build/tm_msgs' returned '0': CMAKE_PREFIX_PATH=${CMAKE_PREFIX_PATH}:/home/rslomron/tm_custom/install/python_demo:/home/rslomron/tm_custom/install/tm_mod_urdf:/home/rslomron/tm_custom/install/techman_robot_get_status:/home/rslomron/moveit2_ws/install/moveit_configs_utils:/opt/ros/humble /usr/bin/cmake --install /home/rslomron/tm_custom/build/tm_msgs
