[0.048s] Invoking command in '/home/rslomron/MoMa/tm_custom/build/tm_description': CMAKE_PREFIX_PATH=${CMAKE_PREFIX_PATH}:/home/rslomron/MoMa/tm_custom/install/tm_mod_urdf:/home/rslomron/MoMa/tm_custom/install/techman_robot_get_status:/home/rslomron/MoMa/tm_custom/install/python_demo:/home/rslomron/MoMa/tm_custom/install/arm_subscriber:/opt/ros/humble /usr/bin/cmake --build /home/rslomron/MoMa/tm_custom/build/tm_description -- -j8 -l8
[1.550s] Invoked command in '/home/rslomron/MoMa/tm_custom/build/tm_description' returned '0': CMAKE_PREFIX_PATH=${CMAKE_PREFIX_PATH}:/home/rslomron/MoMa/tm_custom/install/tm_mod_urdf:/home/rslomron/MoMa/tm_custom/install/techman_robot_get_status:/home/rslomron/MoMa/tm_custom/install/python_demo:/home/rslomron/MoMa/tm_custom/install/arm_subscriber:/opt/ros/humble /usr/bin/cmake --build /home/rslomron/MoMa/tm_custom/build/tm_description -- -j8 -l8
[1.597s] Invoking command in '/home/rslomron/MoMa/tm_custom/build/tm_description': CMAKE_PREFIX_PATH=${CMAKE_PREFIX_PATH}:/home/rslomron/MoMa/tm_custom/install/tm_mod_urdf:/home/rslomron/MoMa/tm_custom/install/techman_robot_get_status:/home/rslomron/MoMa/tm_custom/install/python_demo:/home/rslomron/MoMa/tm_custom/install/arm_subscriber:/opt/ros/humble /usr/bin/cmake --install /home/rslomron/MoMa/tm_custom/build/tm_description
[1.611s] -- Install configuration: ""
[1.612s] -- Up-to-date: /home/rslomron/MoMa/tm_custom/install/tm_description/share/ament_index/resource_index/package_run_dependencies/tm_description
[1.612s] -- Up-to-date: /home/rslomron/MoMa/tm_custom/install/tm_description/share/ament_index/resource_index/parent_prefix_path/tm_description
[1.612s] -- Up-to-date: /home/rslomron/MoMa/tm_custom/install/tm_description/share/tm_description/environment/ament_prefix_path.sh
[1.612s] -- Up-to-date: /home/rslomron/MoMa/tm_custom/install/tm_description/share/tm_description/environment/ament_prefix_path.dsv
[1.612s] -- Up-to-date: /home/rslomron/MoMa/tm_custom/install/tm_description/share/tm_description/environment/path.sh
[1.613s] -- Up-to-date: /home/rslomron/MoMa/tm_custom/install/tm_description/share/tm_description/environment/path.dsv
[1.613s] -- Up-to-date: /home/rslomron/MoMa/tm_custom/install/tm_description/share/tm_description/local_setup.bash
[1.613s] -- Up-to-date: /home/rslomron/MoMa/tm_custom/install/tm_description/share/tm_description/local_setup.sh
[1.613s] -- Up-to-date: /home/rslomron/MoMa/tm_custom/install/tm_description/share/tm_description/local_setup.zsh
[1.613s] -- Up-to-date: /home/rslomron/MoMa/tm_custom/install/tm_description/share/tm_description/local_setup.dsv
[1.614s] -- Installing: /home/rslomron/MoMa/tm_custom/install/tm_description/share/tm_description/package.dsv
[1.614s] -- Up-to-date: /home/rslomron/MoMa/tm_custom/install/tm_description/share/ament_index/resource_index/packages/tm_description
[1.614s] -- Up-to-date: /home/rslomron/MoMa/tm_custom/install/tm_description/share/tm_description/cmake/tm_descriptionConfig.cmake
[1.614s] -- Up-to-date: /home/rslomron/MoMa/tm_custom/install/tm_description/share/tm_description/cmake/tm_descriptionConfig-version.cmake
[1.614s] -- Up-to-date: /home/rslomron/MoMa/tm_custom/install/tm_description/share/tm_description/package.xml
[1.614s] -- Up-to-date: /home/rslomron/MoMa/tm_custom/install/tm_description/share/tm_description/meshes
[1.615s] -- Up-to-date: /home/rslomron/MoMa/tm_custom/install/tm_description/share/tm_description/meshes/tm5-700
[1.615s] -- Up-to-date: /home/rslomron/MoMa/tm_custom/install/tm_description/share/tm_description/meshes/tm5-700/collision
[1.615s] -- Up-to-date: /home/rslomron/MoMa/tm_custom/install/tm_description/share/tm_description/meshes/tm5-700/collision/tm5-700_arm2_c.stl
[1.615s] -- Up-to-date: /home/rslomron/MoMa/tm_custom/install/tm_description/share/tm_description/meshes/tm5-700/collision/tm5-700_arm1_c.stl
[1.615s] -- Up-to-date: /home/rslomron/MoMa/tm_custom/install/tm_description/share/tm_description/meshes/tm5-700/visual
[1.615s] -- Up-to-date: /home/rslomron/MoMa/tm_custom/install/tm_description/share/tm_description/meshes/tm5-700/visual/tm5-700_arm1.stl
[1.615s] -- Up-to-date: /home/rslomron/MoMa/tm_custom/install/tm_description/share/tm_description/meshes/tm5-700/visual/tm5-700_arm1.mtl
[1.615s] -- Up-to-date: /home/rslomron/MoMa/tm_custom/install/tm_description/share/tm_description/meshes/tm5-700/visual/tm5-700_arm2.stl
[1.616s] -- Up-to-date: /home/rslomron/MoMa/tm_custom/install/tm_description/share/tm_description/meshes/tm5-700/visual/tm5-700_arm1.obj
[1.616s] -- Up-to-date: /home/rslomron/MoMa/tm_custom/install/tm_description/share/tm_description/meshes/tm5-700/visual/tm5-700_arm2.obj
[1.616s] -- Up-to-date: /home/rslomron/MoMa/tm_custom/install/tm_description/share/tm_description/meshes/tm5-700/visual/tm5-700_arm2.mtl
[1.617s] -- Up-to-date: /home/rslomron/MoMa/tm_custom/install/tm_description/share/tm_description/meshes/tm12
[1.618s] -- Up-to-date: /home/rslomron/MoMa/tm_custom/install/tm_description/share/tm_description/meshes/tm12/collision
[1.618s] -- Up-to-date: /home/rslomron/MoMa/tm_custom/install/tm_description/share/tm_description/meshes/tm12/collision/tm12-arm1_c.stl
[1.618s] -- Up-to-date: /home/rslomron/MoMa/tm_custom/install/tm_description/share/tm_description/meshes/tm12/collision/tmr_750w_01_c.stl
[1.618s] -- Up-to-date: /home/rslomron/MoMa/tm_custom/install/tm_description/share/tm_description/meshes/tm12/collision/tm12-base_c.stl
[1.618s] -- Up-to-date: /home/rslomron/MoMa/tm_custom/install/tm_description/share/tm_description/meshes/tm12/collision/tm12-arm2_c.stl
[1.619s] -- Up-to-date: /home/rslomron/MoMa/tm_custom/install/tm_description/share/tm_description/meshes/tm12/visual
[1.636s] -- Up-to-date: /home/rslomron/MoMa/tm_custom/install/tm_description/share/tm_description/meshes/tm12/visual/tm12-arm1.mtl
[1.637s] -- Up-to-date: /home/rslomron/MoMa/tm_custom/install/tm_description/share/tm_description/meshes/tm12/visual/tm12-base.mtl
[1.637s] -- Up-to-date: /home/rslomron/MoMa/tm_custom/install/tm_description/share/tm_description/meshes/tm12/visual/tm12-base.obj
[1.637s] -- Up-to-date: /home/rslomron/MoMa/tm_custom/install/tm_description/share/tm_description/meshes/tm12/visual/tm12-base.stl
[1.637s] -- Up-to-date: /home/rslomron/MoMa/tm_custom/install/tm_description/share/tm_description/meshes/tm12/visual/tm12-arm2.stl
[1.637s] -- Up-to-date: /home/rslomron/MoMa/tm_custom/install/tm_description/share/tm_description/meshes/tm12/visual/tm12-arm2.obj
[1.637s] -- Up-to-date: /home/rslomron/MoMa/tm_custom/install/tm_description/share/tm_description/meshes/tm12/visual/tm12-arm2.mtl
[1.638s] -- Up-to-date: /home/rslomron/MoMa/tm_custom/install/tm_description/share/tm_description/meshes/tm12/visual/tmr_750w_01.obj
[1.638s] -- Up-to-date: /home/rslomron/MoMa/tm_custom/install/tm_description/share/tm_description/meshes/tm12/visual/tm12-arm1.stl
[1.638s] -- Up-to-date: /home/rslomron/MoMa/tm_custom/install/tm_description/share/tm_description/meshes/tm12/visual/tm12-arm1.obj
[1.638s] -- Up-to-date: /home/rslomron/MoMa/tm_custom/install/tm_description/share/tm_description/meshes/tm12/visual/tmr_750w_01.stl
[1.638s] -- Up-to-date: /home/rslomron/MoMa/tm_custom/install/tm_description/share/tm_description/meshes/tm12/visual/tmr_750w_01.mtl
[1.638s] -- Up-to-date: /home/rslomron/MoMa/tm_custom/install/tm_description/share/tm_description/meshes/tm5-900
[1.638s] -- Up-to-date: /home/rslomron/MoMa/tm_custom/install/tm_description/share/tm_description/meshes/tm5-900/collision
[1.638s] -- Up-to-date: /home/rslomron/MoMa/tm_custom/install/tm_description/share/tm_description/meshes/tm5-900/collision/tm5-900_arm1_c.stl
[1.639s] -- Up-to-date: /home/rslomron/MoMa/tm_custom/install/tm_description/share/tm_description/meshes/tm5-900/collision/tmr_400w_01_c.stl
[1.639s] -- Up-to-date: /home/rslomron/MoMa/tm_custom/install/tm_description/share/tm_description/meshes/tm5-900/collision/tmr_iox_c.stl
[1.639s] -- Up-to-date: /home/rslomron/MoMa/tm_custom/install/tm_description/share/tm_description/meshes/tm5-900/collision/tmr_100w_01_c.stl
[1.639s] -- Up-to-date: /home/rslomron/MoMa/tm_custom/install/tm_description/share/tm_description/meshes/tm5-900/collision/tm5-900_arm2_c.stl
[1.639s] -- Up-to-date: /home/rslomron/MoMa/tm_custom/install/tm_description/share/tm_description/meshes/tm5-900/collision/tmr_100w_02_c.stl
[1.639s] -- Up-to-date: /home/rslomron/MoMa/tm_custom/install/tm_description/share/tm_description/meshes/tm5-900/collision/tmr_ee_c.stl
[1.639s] -- Up-to-date: /home/rslomron/MoMa/tm_custom/install/tm_description/share/tm_description/meshes/tm5-900/collision/tm5-base_c.stl
[1.640s] -- Up-to-date: /home/rslomron/MoMa/tm_custom/install/tm_description/share/tm_description/meshes/tm5-900/visual
[1.640s] -- Up-to-date: /home/rslomron/MoMa/tm_custom/install/tm_description/share/tm_description/meshes/tm5-900/visual/tmr_100w_02.stl
[1.640s] -- Up-to-date: /home/rslomron/MoMa/tm_custom/install/tm_description/share/tm_description/meshes/tm5-900/visual/tmr_100w_02.mtl
[1.641s] -- Up-to-date: /home/rslomron/MoMa/tm_custom/install/tm_description/share/tm_description/meshes/tm5-900/visual/tmr_100w_01.obj
[1.641s] -- Up-to-date: /home/rslomron/MoMa/tm_custom/install/tm_description/share/tm_description/meshes/tm5-900/visual/tmr_iox.stl
[1.641s] -- Up-to-date: /home/rslomron/MoMa/tm_custom/install/tm_description/share/tm_description/meshes/tm5-900/visual/tmr_100w_01.stl
[1.641s] -- Up-to-date: /home/rslomron/MoMa/tm_custom/install/tm_description/share/tm_description/meshes/tm5-900/visual/tmr_400w_01.stl
[1.641s] -- Up-to-date: /home/rslomron/MoMa/tm_custom/install/tm_description/share/tm_description/meshes/tm5-900/visual/tmr_ee.mtl
[1.642s] -- Up-to-date: /home/rslomron/MoMa/tm_custom/install/tm_description/share/tm_description/meshes/tm5-900/visual/tmr_400w_01.obj
[1.642s] -- Up-to-date: /home/rslomron/MoMa/tm_custom/install/tm_description/share/tm_description/meshes/tm5-900/visual/tm5-900_arm1.stl
[1.642s] -- Up-to-date: /home/rslomron/MoMa/tm_custom/install/tm_description/share/tm_description/meshes/tm5-900/visual/tmr_100w_02.obj
[1.642s] -- Up-to-date: /home/rslomron/MoMa/tm_custom/install/tm_description/share/tm_description/meshes/tm5-900/visual/tm5-900_arm1.mtl
[1.642s] -- Up-to-date: /home/rslomron/MoMa/tm_custom/install/tm_description/share/tm_description/meshes/tm5-900/visual/tm5-900_arm2.stl
[1.642s] -- Up-to-date: /home/rslomron/MoMa/tm_custom/install/tm_description/share/tm_description/meshes/tm5-900/visual/tm5-base.stl
[1.642s] -- Up-to-date: /home/rslomron/MoMa/tm_custom/install/tm_description/share/tm_description/meshes/tm5-900/visual/tmr_400w_01.mtl
[1.643s] -- Up-to-date: /home/rslomron/MoMa/tm_custom/install/tm_description/share/tm_description/meshes/tm5-900/visual/tm5-base.mtl
[1.643s] -- Up-to-date: /home/rslomron/MoMa/tm_custom/install/tm_description/share/tm_description/meshes/tm5-900/visual/tm5-900_arm2.mtl
[1.643s] -- Up-to-date: /home/rslomron/MoMa/tm_custom/install/tm_description/share/tm_description/meshes/tm5-900/visual/tmr_ee.stl
[1.643s] -- Up-to-date: /home/rslomron/MoMa/tm_custom/install/tm_description/share/tm_description/meshes/tm5-900/visual/tmr_iox.obj
[1.643s] -- Up-to-date: /home/rslomron/MoMa/tm_custom/install/tm_description/share/tm_description/meshes/tm5-900/visual/tm5-base.obj
[1.643s] -- Up-to-date: /home/rslomron/MoMa/tm_custom/install/tm_description/share/tm_description/meshes/tm5-900/visual/tmr_ee.obj
[1.643s] -- Up-to-date: /home/rslomron/MoMa/tm_custom/install/tm_description/share/tm_description/meshes/tm5-900/visual/tmr_100w_01.mtl
[1.643s] -- Up-to-date: /home/rslomron/MoMa/tm_custom/install/tm_description/share/tm_description/meshes/tm5-900/visual/tmr_iox.mtl
[1.644s] -- Up-to-date: /home/rslomron/MoMa/tm_custom/install/tm_description/share/tm_description/meshes/tm5-900/visual/tm5-900_arm1.obj
[1.644s] -- Up-to-date: /home/rslomron/MoMa/tm_custom/install/tm_description/share/tm_description/meshes/tm5-900/visual/tm5-900_arm2.obj
[1.644s] -- Up-to-date: /home/rslomron/MoMa/tm_custom/install/tm_description/share/tm_description/meshes/tm14
[1.644s] -- Up-to-date: /home/rslomron/MoMa/tm_custom/install/tm_description/share/tm_description/meshes/tm14/collision
[1.644s] -- Up-to-date: /home/rslomron/MoMa/tm_custom/install/tm_description/share/tm_description/meshes/tm14/collision/tm14_arm1_c.stl
[1.644s] -- Up-to-date: /home/rslomron/MoMa/tm_custom/install/tm_description/share/tm_description/meshes/tm14/collision/tm14_arm2_c.stl
[1.644s] -- Up-to-date: /home/rslomron/MoMa/tm_custom/install/tm_description/share/tm_description/meshes/tm14/visual
[1.645s] -- Up-to-date: /home/rslomron/MoMa/tm_custom/install/tm_description/share/tm_description/meshes/tm14/visual/tm14_arm2.mtl
[1.645s] -- Up-to-date: /home/rslomron/MoMa/tm_custom/install/tm_description/share/tm_description/meshes/tm14/visual/tm14_arm2.stl
[1.645s] -- Up-to-date: /home/rslomron/MoMa/tm_custom/install/tm_description/share/tm_description/meshes/tm14/visual/tm14_arm1.obj
[1.645s] -- Up-to-date: /home/rslomron/MoMa/tm_custom/install/tm_description/share/tm_description/meshes/tm14/visual/tm14_arm2.obj
[1.645s] -- Up-to-date: /home/rslomron/MoMa/tm_custom/install/tm_description/share/tm_description/meshes/tm14/visual/tm14_arm1.stl
[1.645s] -- Up-to-date: /home/rslomron/MoMa/tm_custom/install/tm_description/share/tm_description/meshes/tm14/visual/tm14_arm1.mtl
[1.645s] -- Up-to-date: /home/rslomron/MoMa/tm_custom/install/tm_description/share/tm_description/urdf
[1.646s] -- Up-to-date: /home/rslomron/MoMa/tm_custom/install/tm_description/share/tm_description/urdf/tm14x-nominal.urdf
[1.646s] -- Up-to-date: /home/rslomron/MoMa/tm_custom/install/tm_description/share/tm_description/urdf/tm12x-nominal.urdf
[1.646s] -- Up-to-date: /home/rslomron/MoMa/tm_custom/install/tm_description/share/tm_description/urdf/tm5-700-nominal.urdf
[1.646s] -- Up-to-date: /home/rslomron/MoMa/tm_custom/install/tm_description/share/tm_description/urdf/tm5x-900-nominal.urdf
[1.646s] -- Up-to-date: /home/rslomron/MoMa/tm_custom/install/tm_description/share/tm_description/urdf/tm5x-700-nominal.urdf
[1.646s] -- Up-to-date: /home/rslomron/MoMa/tm_custom/install/tm_description/share/tm_description/urdf/tm12-nominal.urdf
[1.646s] -- Up-to-date: /home/rslomron/MoMa/tm_custom/install/tm_description/share/tm_description/urdf/tm5-900-nominal.urdf
[1.646s] -- Up-to-date: /home/rslomron/MoMa/tm_custom/install/tm_description/share/tm_description/urdf/tm14-nominal.urdf
[1.647s] -- Up-to-date: /home/rslomron/MoMa/tm_custom/install/tm_description/share/tm_description/urdf/tm5-900.urdf
[1.647s] -- Up-to-date: /home/rslomron/MoMa/tm_custom/install/tm_description/share/tm_description/xacro
[1.647s] -- Up-to-date: /home/rslomron/MoMa/tm_custom/install/tm_description/share/tm_description/xacro/tm12x.urdf.xacro
[1.647s] -- Up-to-date: /home/rslomron/MoMa/tm_custom/install/tm_description/share/tm_description/xacro/macro.tm12-nominal.urdf.xacro
[1.647s] -- Up-to-date: /home/rslomron/MoMa/tm_custom/install/tm_description/share/tm_description/xacro/macro.inertial.xacro
[1.647s] -- Up-to-date: /home/rslomron/MoMa/tm_custom/install/tm_description/share/tm_description/xacro/tm5-900.urdf.xacro
[1.647s] -- Up-to-date: /home/rslomron/MoMa/tm_custom/install/tm_description/share/tm_description/xacro/macro.tm5-900-nominal.urdf.xacro
[1.647s] -- Up-to-date: /home/rslomron/MoMa/tm_custom/install/tm_description/share/tm_description/xacro/tm5x-900.urdf.xacro
[1.648s] -- Up-to-date: /home/rslomron/MoMa/tm_custom/install/tm_description/share/tm_description/xacro/tm5-700.urdf.xacro
[1.648s] -- Up-to-date: /home/rslomron/MoMa/tm_custom/install/tm_description/share/tm_description/xacro/tm14x.urdf.xacro
[1.648s] -- Up-to-date: /home/rslomron/MoMa/tm_custom/install/tm_description/share/tm_description/xacro/macro.tm5x-700-nominal.urdf.xacro
[1.648s] -- Up-to-date: /home/rslomron/MoMa/tm_custom/install/tm_description/share/tm_description/xacro/macro.tm5-700-nominal.urdf.xacro
[1.648s] -- Up-to-date: /home/rslomron/MoMa/tm_custom/install/tm_description/share/tm_description/xacro/macro.tm12x-nominal.urdf.xacro
[1.648s] -- Up-to-date: /home/rslomron/MoMa/tm_custom/install/tm_description/share/tm_description/xacro/macro.materials.xacro
[1.648s] -- Up-to-date: /home/rslomron/MoMa/tm_custom/install/tm_description/share/tm_description/xacro/macro.tm5x-900-nominal.urdf.xacro
[1.648s] -- Up-to-date: /home/rslomron/MoMa/tm_custom/install/tm_description/share/tm_description/xacro/macro.tm14-nominal.urdf.xacro
[1.649s] -- Up-to-date: /home/rslomron/MoMa/tm_custom/install/tm_description/share/tm_description/xacro/tm12.urdf.xacro
[1.663s] -- Up-to-date: /home/rslomron/MoMa/tm_custom/install/tm_description/share/tm_description/xacro/macro.gazebo.xacro
[1.664s] -- Up-to-date: /home/rslomron/MoMa/tm_custom/install/tm_description/share/tm_description/xacro/tm14.urdf.xacro
[1.665s] -- Up-to-date: /home/rslomron/MoMa/tm_custom/install/tm_description/share/tm_description/xacro/macro.tm14x-nominal.urdf.xacro
[1.665s] -- Up-to-date: /home/rslomron/MoMa/tm_custom/install/tm_description/share/tm_description/xacro/tm5x-700.urdf.xacro
[1.665s] -- Up-to-date: /home/rslomron/MoMa/tm_custom/install/tm_description/share/tm_description/xacro/macro.transmission.xacro
[1.666s] Invoked command in '/home/rslomron/MoMa/tm_custom/build/tm_description' returned '0': CMAKE_PREFIX_PATH=${CMAKE_PREFIX_PATH}:/home/rslomron/MoMa/tm_custom/install/tm_mod_urdf:/home/rslomron/MoMa/tm_custom/install/techman_robot_get_status:/home/rslomron/MoMa/tm_custom/install/python_demo:/home/rslomron/MoMa/tm_custom/install/arm_subscriber:/opt/ros/humble /usr/bin/cmake --install /home/rslomron/MoMa/tm_custom/build/tm_description
