[0.017s] Invoking command in '/home/rslomron/MoMa/tm_custom/build/tm_msgs': CMAKE_PREFIX_PATH=${CMAKE_PREFIX_PATH}:/home/rslomron/MoMa/tm_custom/install/arm_subscriber:/home/rslomron/MoMa/tm_custom/install/tm_mod_urdf:/home/rslomron/MoMa/tm_custom/install/techman_robot_get_status:/home/rslomron/MoMa/tm_custom/install/python_demo:/home/rslomron/moveit2_ws/install/moveit_configs_utils:/opt/ros/humble /usr/bin/cmake /home/rslomron/MoMa/tm_custom/src/tm_msgs -DCMAKE_INSTALL_PREFIX=/home/rslomron/MoMa/tm_custom/install/tm_msgs
[0.039s] -- Found ament_cmake: 1.3.8 (/opt/ros/humble/share/ament_cmake/cmake)
[0.185s] -- Found std_msgs: 4.2.3 (/opt/ros/humble/share/std_msgs/cmake)
[0.213s] -- Found rosidl_generator_c: 3.1.5 (/opt/ros/humble/share/rosidl_generator_c/cmake)
[0.216s] -- Found rosidl_adapter: 3.1.5 (/opt/ros/humble/share/rosidl_adapter/cmake)
[0.223s] -- Found rosidl_generator_cpp: 3.1.5 (/opt/ros/humble/share/rosidl_generator_cpp/cmake)
[0.241s] -- Using all available rosidl_typesupport_c: rosidl_typesupport_fastrtps_c;rosidl_typesupport_introspection_c
[0.261s] -- Using all available rosidl_typesupport_cpp: rosidl_typesupport_fastrtps_cpp;rosidl_typesupport_introspection_cpp
[0.321s] -- Found rosidl_default_generators: 1.2.0 (/opt/ros/humble/share/rosidl_default_generators/cmake)
[0.549s] [31mCMake Error at /opt/ros/humble/share/rosidl_adapter/cmake/rosidl_adapt_interfaces.cmake:59 (message):
[0.549s]   execute_process(/usr/bin/python3 -m rosidl_adapter --package-name tm_msgs
[0.549s]   --arguments-file
[0.549s]   /home/rslomron/MoMa/tm_custom/build/tm_msgs/rosidl_adapter__arguments__tm_msgs.json
[0.549s]   --output-dir
[0.549s]   /home/rslomron/MoMa/tm_custom/build/tm_msgs/rosidl_adapter/tm_msgs
[0.549s]   --output-file
[0.549s]   /home/rslomron/MoMa/tm_custom/build/tm_msgs/rosidl_adapter/tm_msgs.idls)
[0.550s]   returned error code 1:
[0.550s] 
[0.550s]   Error with: tm_msgs SetPositions ---
[0.550s] 
[0.550s]   Traceback (most recent call last):
[0.550s] 
[0.550s]     File "/usr/lib/python3.10/runpy.py", line 196, in _run_module_as_main
[0.550s]       return _run_code(code, main_globals, None,
[0.550s]     File "/usr/lib/python3.10/runpy.py", line 86, in _run_code
[0.550s]       exec(code, run_globals)
[0.550s]     File "/opt/ros/humble/local/lib/python3.10/dist-packages/rosidl_adapter/__main__.py", line 19, in <module>
[0.550s]       sys.exit(main())
[0.550s]     File "/opt/ros/humble/local/lib/python3.10/dist-packages/rosidl_adapter/main.py", line 53, in main
[0.550s]       abs_idl_file = convert_to_idl(
[0.550s]     File "/opt/ros/humble/local/lib/python3.10/dist-packages/rosidl_adapter/__init__.py", line 19, in convert_to_idl
[0.550s]       return convert_msg_to_idl(
[0.551s]     File "/opt/ros/humble/local/lib/python3.10/dist-packages/rosidl_adapter/msg/__init__.py", line 28, in convert_msg_to_idl
[0.551s]       msg = parse_message_string(package_name, input_file.stem, content)
[0.551s]     File "/opt/ros/humble/local/lib/python3.10/dist-packages/rosidl_adapter/parser.py", line 510, in parse_message_string
[0.551s]       raise InvalidFieldDefinition(line)
[0.551s] 
[0.551s]   rosidl_adapter.parser.InvalidFieldDefinition: ---
[0.551s] 
[0.551s] Call Stack (most recent call first):
[0.551s]   /opt/ros/humble/share/rosidl_cmake/cmake/rosidl_generate_interfaces.cmake:130 (rosidl_adapt_interfaces)
[0.551s]   CMakeLists.txt:47 (rosidl_generate_interfaces)
[0.551s] 
[0.551s] [0m
[0.551s] -- Configuring incomplete, errors occurred!
[0.551s] See also "/home/rslomron/MoMa/tm_custom/build/tm_msgs/CMakeFiles/CMakeOutput.log".
[0.557s] Invoked command in '/home/rslomron/MoMa/tm_custom/build/tm_msgs' returned '1': CMAKE_PREFIX_PATH=${CMAKE_PREFIX_PATH}:/home/rslomron/MoMa/tm_custom/install/arm_subscriber:/home/rslomron/MoMa/tm_custom/install/tm_mod_urdf:/home/rslomron/MoMa/tm_custom/install/techman_robot_get_status:/home/rslomron/MoMa/tm_custom/install/python_demo:/home/rslomron/moveit2_ws/install/moveit_configs_utils:/opt/ros/humble /usr/bin/cmake /home/rslomron/MoMa/tm_custom/src/tm_msgs -DCMAKE_INSTALL_PREFIX=/home/rslomron/MoMa/tm_custom/install/tm_msgs
