[  3%] [34m[1mGenerating C code for ROS interfaces[0m
[  6%] [34m[1mGenerating C++ code for ROS interfaces[0m
[  6%] Built target ament_cmake_python_copy_techman_robot_msgs
[  6%] Built target techman_robot_msgs__cpp
[  9%] [32mBuilding C object CMakeFiles/techman_robot_msgs__rosidl_generator_c.dir/rosidl_generator_c/techman_robot_msgs/srv/detail/techman_robot_command__functions.c.o[0m
[ 12%] [34m[1mGenerating C++ type support for eProsima Fast-RTPS[0m
[ 16%] [34m[1mGenerating C++ type support dispatch for ROS interfaces[0m
running egg_info
creating techman_robot_msgs.egg-info
writing techman_robot_msgs.egg-info/PKG-INFO
writing dependency_links to techman_robot_msgs.egg-info/dependency_links.txt
writing top-level names to techman_robot_msgs.egg-info/top_level.txt
writing manifest file 'techman_robot_msgs.egg-info/SOURCES.txt'
reading manifest file 'techman_robot_msgs.egg-info/SOURCES.txt'
writing manifest file 'techman_robot_msgs.egg-info/SOURCES.txt'
[ 19%] [34m[1mGenerating C++ introspection for ROS interfaces[0m
[ 19%] Built target ament_cmake_python_build_techman_robot_msgs_egg
[ 22%] [32mBuilding CXX object CMakeFiles/techman_robot_msgs__rosidl_typesupport_cpp.dir/rosidl_typesupport_cpp/techman_robot_msgs/srv/techman_robot_command__type_support.cpp.o[0m
[ 25%] [32m[1mLinking C shared library libtechman_robot_msgs__rosidl_generator_c.so[0m
[ 25%] Built target techman_robot_msgs__rosidl_generator_c
[ 29%] [34m[1mGenerating C introspection for ROS interfaces[0m
[ 32%] [34m[1mGenerating C type support for eProsima Fast-RTPS[0m
[ 35%] [32mBuilding CXX object CMakeFiles/techman_robot_msgs__rosidl_typesupport_introspection_cpp.dir/rosidl_typesupport_introspection_cpp/techman_robot_msgs/srv/detail/techman_robot_command__type_support.cpp.o[0m
[ 38%] [34m[1mGenerating C type support dispatch for ROS interfaces[0m
[ 41%] [32mBuilding CXX object CMakeFiles/techman_robot_msgs__rosidl_typesupport_fastrtps_cpp.dir/rosidl_typesupport_fastrtps_cpp/techman_robot_msgs/srv/detail/dds_fastrtps/techman_robot_command__type_support.cpp.o[0m
[ 45%] [32mBuilding C object CMakeFiles/techman_robot_msgs__rosidl_typesupport_introspection_c.dir/rosidl_typesupport_introspection_c/techman_robot_msgs/srv/detail/techman_robot_command__type_support.c.o[0m
[ 48%] [32m[1mLinking CXX shared library libtechman_robot_msgs__rosidl_typesupport_cpp.so[0m
[ 48%] Built target techman_robot_msgs__rosidl_typesupport_cpp
[ 51%] [32m[1mLinking C shared library libtechman_robot_msgs__rosidl_typesupport_introspection_c.so[0m
[ 54%] [32mBuilding CXX object CMakeFiles/techman_robot_msgs__rosidl_typesupport_fastrtps_c.dir/rosidl_typesupport_fastrtps_c/techman_robot_msgs/srv/detail/techman_robot_command__type_support_c.cpp.o[0m
[ 58%] [32mBuilding CXX object CMakeFiles/techman_robot_msgs__rosidl_typesupport_c.dir/rosidl_typesupport_c/techman_robot_msgs/srv/techman_robot_command__type_support.cpp.o[0m
[ 61%] [32m[1mLinking CXX shared library libtechman_robot_msgs__rosidl_typesupport_c.so[0m
[ 61%] Built target techman_robot_msgs__rosidl_typesupport_introspection_c
[ 64%] [32m[1mLinking CXX shared library libtechman_robot_msgs__rosidl_typesupport_introspection_cpp.so[0m
[ 64%] Built target techman_robot_msgs__rosidl_typesupport_c
[ 67%] [32m[1mLinking CXX shared library libtechman_robot_msgs__rosidl_typesupport_fastrtps_cpp.so[0m
[ 67%] Built target techman_robot_msgs__rosidl_typesupport_introspection_cpp
[ 67%] Built target techman_robot_msgs__rosidl_typesupport_fastrtps_cpp
[ 70%] [32m[1mLinking CXX shared library libtechman_robot_msgs__rosidl_typesupport_fastrtps_c.so[0m
[ 70%] Built target techman_robot_msgs__rosidl_typesupport_fastrtps_c
[ 70%] Built target techman_robot_msgs
[ 74%] [34m[1mGenerating Python code for ROS interfaces[0m
[ 74%] Built target techman_robot_msgs__py
[ 77%] [32mBuilding C object CMakeFiles/techman_robot_msgs__rosidl_generator_py.dir/rosidl_generator_py/techman_robot_msgs/srv/_techman_robot_command_s.c.o[0m
[ 80%] [32m[1mLinking C shared library rosidl_generator_py/techman_robot_msgs/libtechman_robot_msgs__rosidl_generator_py.so[0m
[ 80%] Built target techman_robot_msgs__rosidl_generator_py
[ 83%] [32mBuilding C object CMakeFiles/techman_robot_msgs__rosidl_typesupport_fastrtps_c__pyext.dir/rosidl_generator_py/techman_robot_msgs/_techman_robot_msgs_s.ep.rosidl_typesupport_fastrtps_c.c.o[0m
[ 90%] [32mBuilding C object CMakeFiles/techman_robot_msgs__rosidl_typesupport_c__pyext.dir/rosidl_generator_py/techman_robot_msgs/_techman_robot_msgs_s.ep.rosidl_typesupport_c.c.o[0m
[ 90%] [32mBuilding C object CMakeFiles/techman_robot_msgs__rosidl_typesupport_introspection_c__pyext.dir/rosidl_generator_py/techman_robot_msgs/_techman_robot_msgs_s.ep.rosidl_typesupport_introspection_c.c.o[0m
[ 93%] [32m[1mLinking C shared library rosidl_generator_py/techman_robot_msgs/techman_robot_msgs_s__rosidl_typesupport_fastrtps_c.cpython-310-x86_64-linux-gnu.so[0m
[ 93%] Built target techman_robot_msgs__rosidl_typesupport_fastrtps_c__pyext
[ 96%] [32m[1mLinking C shared library rosidl_generator_py/techman_robot_msgs/techman_robot_msgs_s__rosidl_typesupport_c.cpython-310-x86_64-linux-gnu.so[0m
[100%] [32m[1mLinking C shared library rosidl_generator_py/techman_robot_msgs/techman_robot_msgs_s__rosidl_typesupport_introspection_c.cpython-310-x86_64-linux-gnu.so[0m
[100%] Built target techman_robot_msgs__rosidl_typesupport_c__pyext
[100%] Built target techman_robot_msgs__rosidl_typesupport_introspection_c__pyext
