[0.039s] Invoking command in '/home/rslomron/MoMa/tm_custom/build/techman_robot_msgs': CMAKE_PREFIX_PATH=/opt/ros/humble /usr/bin/cmake --build /home/rslomron/MoMa/tm_custom/build/techman_robot_msgs -- -j8 -l8
[2.415s] [  3%] [34m[1mGenerating C code for ROS interfaces[0m
[2.415s] [  6%] [34m[1mGenerating C++ code for ROS interfaces[0m
[2.416s] [  6%] Built target ament_cmake_python_copy_techman_robot_msgs
[2.417s] [  6%] Built target techman_robot_msgs__cpp
[2.417s] [  9%] [32mBuilding C object CMakeFiles/techman_robot_msgs__rosidl_generator_c.dir/rosidl_generator_c/techman_robot_msgs/srv/detail/techman_robot_command__functions.c.o[0m
[2.417s] [ 12%] [34m[1mGenerating C++ type support for eProsima Fast-RTPS[0m
[2.418s] [ 16%] [34m[1mGenerating C++ type support dispatch for ROS interfaces[0m
[2.421s] running egg_info
[2.422s] creating techman_robot_msgs.egg-info
[2.422s] writing techman_robot_msgs.egg-info/PKG-INFO
[2.423s] writing dependency_links to techman_robot_msgs.egg-info/dependency_links.txt
[2.423s] writing top-level names to techman_robot_msgs.egg-info/top_level.txt
[2.423s] writing manifest file 'techman_robot_msgs.egg-info/SOURCES.txt'
[2.423s] reading manifest file 'techman_robot_msgs.egg-info/SOURCES.txt'
[2.424s] writing manifest file 'techman_robot_msgs.egg-info/SOURCES.txt'
[2.424s] [ 19%] [34m[1mGenerating C++ introspection for ROS interfaces[0m
[2.424s] [ 19%] Built target ament_cmake_python_build_techman_robot_msgs_egg
[2.424s] [ 22%] [32mBuilding CXX object CMakeFiles/techman_robot_msgs__rosidl_typesupport_cpp.dir/rosidl_typesupport_cpp/techman_robot_msgs/srv/techman_robot_command__type_support.cpp.o[0m
[2.424s] [ 25%] [32m[1mLinking C shared library libtechman_robot_msgs__rosidl_generator_c.so[0m
[2.424s] [ 25%] Built target techman_robot_msgs__rosidl_generator_c
[2.424s] [ 29%] [34m[1mGenerating C introspection for ROS interfaces[0m
[2.424s] [ 32%] [34m[1mGenerating C type support for eProsima Fast-RTPS[0m
[2.425s] [ 35%] [32mBuilding CXX object CMakeFiles/techman_robot_msgs__rosidl_typesupport_introspection_cpp.dir/rosidl_typesupport_introspection_cpp/techman_robot_msgs/srv/detail/techman_robot_command__type_support.cpp.o[0m
[2.425s] [ 38%] [34m[1mGenerating C type support dispatch for ROS interfaces[0m
[2.425s] [ 41%] [32mBuilding CXX object CMakeFiles/techman_robot_msgs__rosidl_typesupport_fastrtps_cpp.dir/rosidl_typesupport_fastrtps_cpp/techman_robot_msgs/srv/detail/dds_fastrtps/techman_robot_command__type_support.cpp.o[0m
[2.425s] [ 45%] [32mBuilding C object CMakeFiles/techman_robot_msgs__rosidl_typesupport_introspection_c.dir/rosidl_typesupport_introspection_c/techman_robot_msgs/srv/detail/techman_robot_command__type_support.c.o[0m
[2.425s] [ 48%] [32m[1mLinking CXX shared library libtechman_robot_msgs__rosidl_typesupport_cpp.so[0m
[2.425s] [ 48%] Built target techman_robot_msgs__rosidl_typesupport_cpp
[2.425s] [ 51%] [32m[1mLinking C shared library libtechman_robot_msgs__rosidl_typesupport_introspection_c.so[0m
[2.425s] [ 54%] [32mBuilding CXX object CMakeFiles/techman_robot_msgs__rosidl_typesupport_fastrtps_c.dir/rosidl_typesupport_fastrtps_c/techman_robot_msgs/srv/detail/techman_robot_command__type_support_c.cpp.o[0m
[2.425s] [ 58%] [32mBuilding CXX object CMakeFiles/techman_robot_msgs__rosidl_typesupport_c.dir/rosidl_typesupport_c/techman_robot_msgs/srv/techman_robot_command__type_support.cpp.o[0m
[2.426s] [ 61%] [32m[1mLinking CXX shared library libtechman_robot_msgs__rosidl_typesupport_c.so[0m
[2.426s] [ 61%] Built target techman_robot_msgs__rosidl_typesupport_introspection_c
[2.426s] [ 64%] [32m[1mLinking CXX shared library libtechman_robot_msgs__rosidl_typesupport_introspection_cpp.so[0m
[2.426s] [ 64%] Built target techman_robot_msgs__rosidl_typesupport_c
[2.426s] [ 67%] [32m[1mLinking CXX shared library libtechman_robot_msgs__rosidl_typesupport_fastrtps_cpp.so[0m
[2.427s] [ 67%] Built target techman_robot_msgs__rosidl_typesupport_introspection_cpp
[2.427s] [ 67%] Built target techman_robot_msgs__rosidl_typesupport_fastrtps_cpp
[2.686s] [ 70%] [32m[1mLinking CXX shared library libtechman_robot_msgs__rosidl_typesupport_fastrtps_c.so[0m
[2.955s] [ 70%] Built target techman_robot_msgs__rosidl_typesupport_fastrtps_c
[3.043s] [ 70%] Built target techman_robot_msgs
[3.086s] [ 74%] [34m[1mGenerating Python code for ROS interfaces[0m
[3.708s] [ 74%] Built target techman_robot_msgs__py
[3.731s] [ 77%] [32mBuilding C object CMakeFiles/techman_robot_msgs__rosidl_generator_py.dir/rosidl_generator_py/techman_robot_msgs/srv/_techman_robot_command_s.c.o[0m
[3.850s] [ 80%] [32m[1mLinking C shared library rosidl_generator_py/techman_robot_msgs/libtechman_robot_msgs__rosidl_generator_py.so[0m
[3.888s] [ 80%] Built target techman_robot_msgs__rosidl_generator_py
[3.913s] [ 83%] [32mBuilding C object CMakeFiles/techman_robot_msgs__rosidl_typesupport_fastrtps_c__pyext.dir/rosidl_generator_py/techman_robot_msgs/_techman_robot_msgs_s.ep.rosidl_typesupport_fastrtps_c.c.o[0m
[3.916s] [ 90%] [32mBuilding C object CMakeFiles/techman_robot_msgs__rosidl_typesupport_c__pyext.dir/rosidl_generator_py/techman_robot_msgs/_techman_robot_msgs_s.ep.rosidl_typesupport_c.c.o[0m
[3.916s] [ 90%] [32mBuilding C object CMakeFiles/techman_robot_msgs__rosidl_typesupport_introspection_c__pyext.dir/rosidl_generator_py/techman_robot_msgs/_techman_robot_msgs_s.ep.rosidl_typesupport_introspection_c.c.o[0m
[4.020s] [ 93%] [32m[1mLinking C shared library rosidl_generator_py/techman_robot_msgs/techman_robot_msgs_s__rosidl_typesupport_fastrtps_c.cpython-310-x86_64-linux-gnu.so[0m
[4.053s] [ 93%] Built target techman_robot_msgs__rosidl_typesupport_fastrtps_c__pyext
[4.070s] [ 96%] [32m[1mLinking C shared library rosidl_generator_py/techman_robot_msgs/techman_robot_msgs_s__rosidl_typesupport_c.cpython-310-x86_64-linux-gnu.so[0m
[4.076s] [100%] [32m[1mLinking C shared library rosidl_generator_py/techman_robot_msgs/techman_robot_msgs_s__rosidl_typesupport_introspection_c.cpython-310-x86_64-linux-gnu.so[0m
[4.115s] [100%] Built target techman_robot_msgs__rosidl_typesupport_c__pyext
[4.125s] [100%] Built target techman_robot_msgs__rosidl_typesupport_introspection_c__pyext
