[0.015s] Invoking command in '/home/rslomron/MoMa/tm_custom/build/tm_msgs': CMAKE_PREFIX_PATH=${CMAKE_PREFIX_PATH}:/home/rslomron/MoMa/tm_custom/install/arm_subscriber:/home/rslomron/MoMa/tm_custom/install/tm_mod_urdf:/home/rslomron/MoMa/tm_custom/install/techman_robot_get_status:/home/rslomron/MoMa/tm_custom/install/python_demo:/home/rslomron/moveit2_ws/install/moveit_configs_utils:/opt/ros/humble /usr/bin/cmake /home/rslomron/MoMa/tm_custom/src/tm_msgs -DCMAKE_INSTALL_PREFIX=/home/rslomron/MoMa/tm_custom/install/tm_msgs
[0.085s] -- The C compiler identification is GNU 11.4.0
[0.147s] -- The CXX compiler identification is GNU 11.4.0
[0.159s] -- Detecting C compiler ABI info
[0.251s] -- Detecting C compiler ABI info - done
[0.259s] -- Check for working C compiler: /usr/bin/cc - skipped
[0.259s] -- Detecting C compile features
[0.260s] -- Detecting C compile features - done
[0.263s] -- Detecting CXX compiler ABI info
[0.366s] -- Detecting CXX compiler ABI info - done
[0.375s] -- Check for working CXX compiler: /usr/bin/c++ - skipped
[0.375s] -- Detecting CXX compile features
[0.376s] -- Detecting CXX compile features - done
[0.392s] -- Found ament_cmake: 1.3.8 (/opt/ros/humble/share/ament_cmake/cmake)
[0.582s] -- Found Python3: /usr/bin/python3 (found version "3.10.12") found components: Interpreter 
[0.817s] -- Found std_msgs: 4.2.3 (/opt/ros/humble/share/std_msgs/cmake)
[0.908s] -- Found rosidl_generator_c: 3.1.5 (/opt/ros/humble/share/rosidl_generator_c/cmake)
[0.923s] -- Found rosidl_adapter: 3.1.5 (/opt/ros/humble/share/rosidl_adapter/cmake)
[0.943s] -- Found rosidl_generator_cpp: 3.1.5 (/opt/ros/humble/share/rosidl_generator_cpp/cmake)
[0.972s] -- Using all available rosidl_typesupport_c: rosidl_typesupport_fastrtps_c;rosidl_typesupport_introspection_c
[1.011s] -- Using all available rosidl_typesupport_cpp: rosidl_typesupport_fastrtps_cpp;rosidl_typesupport_introspection_cpp
[1.090s] -- Found rosidl_default_generators: 1.2.0 (/opt/ros/humble/share/rosidl_default_generators/cmake)
[1.351s] [31mCMake Error at /opt/ros/humble/share/rosidl_adapter/cmake/rosidl_adapt_interfaces.cmake:59 (message):
[1.351s]   execute_process(/usr/bin/python3 -m rosidl_adapter --package-name tm_msgs
[1.351s]   --arguments-file
[1.351s]   /home/rslomron/MoMa/tm_custom/build/tm_msgs/rosidl_adapter__arguments__tm_msgs.json
[1.351s]   --output-dir
[1.352s]   /home/rslomron/MoMa/tm_custom/build/tm_msgs/rosidl_adapter/tm_msgs
[1.352s]   --output-file
[1.352s]   /home/rslomron/MoMa/tm_custom/build/tm_msgs/rosidl_adapter/tm_msgs.idls)
[1.352s]   returned error code 1:
[1.352s] 
[1.352s]   Error with: tm_msgs SetPositions ---
[1.353s] 
[1.353s]   Traceback (most recent call last):
[1.353s] 
[1.353s]     File "/usr/lib/python3.10/runpy.py", line 196, in _run_module_as_main
[1.354s]       return _run_code(code, main_globals, None,
[1.354s]     File "/usr/lib/python3.10/runpy.py", line 86, in _run_code
[1.354s]       exec(code, run_globals)
[1.354s]     File "/opt/ros/humble/local/lib/python3.10/dist-packages/rosidl_adapter/__main__.py", line 19, in <module>
[1.355s]       sys.exit(main())
[1.355s]     File "/opt/ros/humble/local/lib/python3.10/dist-packages/rosidl_adapter/main.py", line 53, in main
[1.355s]       abs_idl_file = convert_to_idl(
[1.355s]     File "/opt/ros/humble/local/lib/python3.10/dist-packages/rosidl_adapter/__init__.py", line 19, in convert_to_idl
[1.356s]       return convert_msg_to_idl(
[1.356s]     File "/opt/ros/humble/local/lib/python3.10/dist-packages/rosidl_adapter/msg/__init__.py", line 28, in convert_msg_to_idl
[1.356s]       msg = parse_message_string(package_name, input_file.stem, content)
[1.356s]     File "/opt/ros/humble/local/lib/python3.10/dist-packages/rosidl_adapter/parser.py", line 510, in parse_message_string
[1.357s]       raise InvalidFieldDefinition(line)
[1.357s] 
[1.357s]   rosidl_adapter.parser.InvalidFieldDefinition: ---
[1.358s] 
[1.358s] Call Stack (most recent call first):
[1.358s]   /opt/ros/humble/share/rosidl_cmake/cmake/rosidl_generate_interfaces.cmake:130 (rosidl_adapt_interfaces)
[1.358s]   CMakeLists.txt:47 (rosidl_generate_interfaces)
[1.359s] 
[1.359s] [0m
[1.359s] -- Configuring incomplete, errors occurred!
[1.359s] See also "/home/rslomron/MoMa/tm_custom/build/tm_msgs/CMakeFiles/CMakeOutput.log".
[1.362s] Invoked command in '/home/rslomron/MoMa/tm_custom/build/tm_msgs' returned '1': CMAKE_PREFIX_PATH=${CMAKE_PREFIX_PATH}:/home/rslomron/MoMa/tm_custom/install/arm_subscriber:/home/rslomron/MoMa/tm_custom/install/tm_mod_urdf:/home/rslomron/MoMa/tm_custom/install/techman_robot_get_status:/home/rslomron/MoMa/tm_custom/install/python_demo:/home/rslomron/moveit2_ws/install/moveit_configs_utils:/opt/ros/humble /usr/bin/cmake /home/rslomron/MoMa/tm_custom/src/tm_msgs -DCMAKE_INSTALL_PREFIX=/home/rslomron/MoMa/tm_custom/install/tm_msgs
