[0.028s] Invoking command in '/home/rslomron/tm_custom/build/ui_for_debug_and_demo': AMENT_PREFIX_PATH=/home/rslomron/tm_custom/install/tm_msgs:${AMENT_PREFIX_PATH} CMAKE_PREFIX_PATH=/home/rslomron/tm_custom/install/tm_msgs:/opt/ros/humble LD_LIBRARY_PATH=/home/rslomron/tm_custom/install/tm_msgs/lib:${LD_LIBRARY_PATH} PYTHONPATH=/home/rslomron/tm_custom/install/tm_msgs/local/lib/python3.10/dist-packages:${PYTHONPATH} /usr/bin/cmake --build /home/rslomron/tm_custom/build/ui_for_debug_and_demo -- -j8 -l8
[0.134s] [ 14%] [34m[1mAutomatic MOC and UIC for target robot_ui[0m
[0.184s] [ 14%] Built target robot_ui_autogen
[0.223s] [100%] Built target robot_ui
[0.234s] Invoked command in '/home/rslomron/tm_custom/build/ui_for_debug_and_demo' returned '0': AMENT_PREFIX_PATH=/home/rslomron/tm_custom/install/tm_msgs:${AMENT_PREFIX_PATH} CMAKE_PREFIX_PATH=/home/rslomron/tm_custom/install/tm_msgs:/opt/ros/humble LD_LIBRARY_PATH=/home/rslomron/tm_custom/install/tm_msgs/lib:${LD_LIBRARY_PATH} PYTHONPATH=/home/rslomron/tm_custom/install/tm_msgs/local/lib/python3.10/dist-packages:${PYTHONPATH} /usr/bin/cmake --build /home/rslomron/tm_custom/build/ui_for_debug_and_demo -- -j8 -l8
[0.271s] Invoking command in '/home/rslomron/tm_custom/build/ui_for_debug_and_demo': AMENT_PREFIX_PATH=/home/rslomron/tm_custom/install/tm_msgs:${AMENT_PREFIX_PATH} CMAKE_PREFIX_PATH=/home/rslomron/tm_custom/install/tm_msgs:/opt/ros/humble LD_LIBRARY_PATH=/home/rslomron/tm_custom/install/tm_msgs/lib:${LD_LIBRARY_PATH} PYTHONPATH=/home/rslomron/tm_custom/install/tm_msgs/local/lib/python3.10/dist-packages:${PYTHONPATH} /usr/bin/cmake --install /home/rslomron/tm_custom/build/ui_for_debug_and_demo
[0.281s] -- Install configuration: ""
[0.282s] -- Up-to-date: /home/rslomron/tm_custom/install/ui_for_debug_and_demo/lib/ui_for_debug_and_demo/robot_ui
[0.285s] -- Up-to-date: /home/rslomron/tm_custom/install/ui_for_debug_and_demo/share/ui_for_debug_and_demo/launch
[0.285s] -- Up-to-date: /home/rslomron/tm_custom/install/ui_for_debug_and_demo/share/ui_for_debug_and_demo/launch/tm_gui.launch.py
[0.288s] -- Up-to-date: /home/rslomron/tm_custom/install/ui_for_debug_and_demo/share/ament_index/resource_index/package_run_dependencies/ui_for_debug_and_demo
[0.288s] -- Up-to-date: /home/rslomron/tm_custom/install/ui_for_debug_and_demo/share/ament_index/resource_index/parent_prefix_path/ui_for_debug_and_demo
[0.288s] -- Up-to-date: /home/rslomron/tm_custom/install/ui_for_debug_and_demo/share/ui_for_debug_and_demo/environment/ament_prefix_path.sh
[0.288s] -- Up-to-date: /home/rslomron/tm_custom/install/ui_for_debug_and_demo/share/ui_for_debug_and_demo/environment/ament_prefix_path.dsv
[0.289s] -- Up-to-date: /home/rslomron/tm_custom/install/ui_for_debug_and_demo/share/ui_for_debug_and_demo/environment/path.sh
[0.289s] -- Up-to-date: /home/rslomron/tm_custom/install/ui_for_debug_and_demo/share/ui_for_debug_and_demo/environment/path.dsv
[0.290s] -- Up-to-date: /home/rslomron/tm_custom/install/ui_for_debug_and_demo/share/ui_for_debug_and_demo/local_setup.bash
[0.290s] -- Up-to-date: /home/rslomron/tm_custom/install/ui_for_debug_and_demo/share/ui_for_debug_and_demo/local_setup.sh
[0.291s] -- Up-to-date: /home/rslomron/tm_custom/install/ui_for_debug_and_demo/share/ui_for_debug_and_demo/local_setup.zsh
[0.292s] -- Up-to-date: /home/rslomron/tm_custom/install/ui_for_debug_and_demo/share/ui_for_debug_and_demo/local_setup.dsv
[0.292s] -- Up-to-date: /home/rslomron/tm_custom/install/ui_for_debug_and_demo/share/ui_for_debug_and_demo/package.dsv
[0.292s] -- Up-to-date: /home/rslomron/tm_custom/install/ui_for_debug_and_demo/share/ament_index/resource_index/packages/ui_for_debug_and_demo
[0.292s] -- Up-to-date: /home/rslomron/tm_custom/install/ui_for_debug_and_demo/share/ui_for_debug_and_demo/cmake/ui_for_debug_and_demoConfig.cmake
[0.293s] -- Up-to-date: /home/rslomron/tm_custom/install/ui_for_debug_and_demo/share/ui_for_debug_and_demo/cmake/ui_for_debug_and_demoConfig-version.cmake
[0.293s] -- Up-to-date: /home/rslomron/tm_custom/install/ui_for_debug_and_demo/share/ui_for_debug_and_demo/package.xml
[0.303s] Invoked command in '/home/rslomron/tm_custom/build/ui_for_debug_and_demo' returned '0': AMENT_PREFIX_PATH=/home/rslomron/tm_custom/install/tm_msgs:${AMENT_PREFIX_PATH} CMAKE_PREFIX_PATH=/home/rslomron/tm_custom/install/tm_msgs:/opt/ros/humble LD_LIBRARY_PATH=/home/rslomron/tm_custom/install/tm_msgs/lib:${LD_LIBRARY_PATH} PYTHONPATH=/home/rslomron/tm_custom/install/tm_msgs/local/lib/python3.10/dist-packages:${PYTHONPATH} /usr/bin/cmake --install /home/rslomron/tm_custom/build/ui_for_debug_and_demo
