[0.101s] Invoking command in '/home/rslomron/tm_custom/build/tm_moveit_config_tm5-700': CMAKE_PREFIX_PATH=/home/rslomron/tm_custom/install/tm_description:/home/rslomron/tm_custom/install/ui_for_debug_and_demo:/home/rslomron/tm_custom/install/tm_driver:/home/rslomron/tm_custom/install/demo:/home/rslomron/tm_custom/install/tm_msgs:/home/rslomron/tm_custom/install/tm_moveit_cpp_demo:/home/rslomron/tm_custom/install/tm_moveit_config_tm5x-900:/home/rslomron/tm_custom/install/tm_moveit_config_tm5x-700:/home/rslomron/tm_custom/install/tm_moveit_config_tm5-900:/home/rslomron/tm_custom/install/tm_moveit_config_tm5-700:/home/rslomron/tm_custom/install/tm_moveit_config_tm14x:/home/rslomron/tm_custom/install/tm_moveit_config_tm14:/home/rslomron/tm_custom/install/tm_moveit_config_tm12x:/home/rslomron/tm_custom/install/tm_moveit_config_tm12:/home/rslomron/tm_custom/install/custom_package:/home/rslomron/tm_custom/install/techman_robot_msgs:/home/rslomron/tm_custom/install/tm_mod_urdf:/home/rslomron/tm_custom/install/techman_robot_get_status:/opt/ros/humble /usr/bin/cmake --build /home/rslomron/tm_custom/build/tm_moveit_config_tm5-700 -- -j8 -l8
[0.131s] Invoked command in '/home/rslomron/tm_custom/build/tm_moveit_config_tm5-700' returned '0': CMAKE_PREFIX_PATH=/home/rslomron/tm_custom/install/tm_description:/home/rslomron/tm_custom/install/ui_for_debug_and_demo:/home/rslomron/tm_custom/install/tm_driver:/home/rslomron/tm_custom/install/demo:/home/rslomron/tm_custom/install/tm_msgs:/home/rslomron/tm_custom/install/tm_moveit_cpp_demo:/home/rslomron/tm_custom/install/tm_moveit_config_tm5x-900:/home/rslomron/tm_custom/install/tm_moveit_config_tm5x-700:/home/rslomron/tm_custom/install/tm_moveit_config_tm5-900:/home/rslomron/tm_custom/install/tm_moveit_config_tm5-700:/home/rslomron/tm_custom/install/tm_moveit_config_tm14x:/home/rslomron/tm_custom/install/tm_moveit_config_tm14:/home/rslomron/tm_custom/install/tm_moveit_config_tm12x:/home/rslomron/tm_custom/install/tm_moveit_config_tm12:/home/rslomron/tm_custom/install/custom_package:/home/rslomron/tm_custom/install/techman_robot_msgs:/home/rslomron/tm_custom/install/tm_mod_urdf:/home/rslomron/tm_custom/install/techman_robot_get_status:/opt/ros/humble /usr/bin/cmake --build /home/rslomron/tm_custom/build/tm_moveit_config_tm5-700 -- -j8 -l8
[0.170s] Invoking command in '/home/rslomron/tm_custom/build/tm_moveit_config_tm5-700': CMAKE_PREFIX_PATH=/home/rslomron/tm_custom/install/tm_description:/home/rslomron/tm_custom/install/ui_for_debug_and_demo:/home/rslomron/tm_custom/install/tm_driver:/home/rslomron/tm_custom/install/demo:/home/rslomron/tm_custom/install/tm_msgs:/home/rslomron/tm_custom/install/tm_moveit_cpp_demo:/home/rslomron/tm_custom/install/tm_moveit_config_tm5x-900:/home/rslomron/tm_custom/install/tm_moveit_config_tm5x-700:/home/rslomron/tm_custom/install/tm_moveit_config_tm5-900:/home/rslomron/tm_custom/install/tm_moveit_config_tm5-700:/home/rslomron/tm_custom/install/tm_moveit_config_tm14x:/home/rslomron/tm_custom/install/tm_moveit_config_tm14:/home/rslomron/tm_custom/install/tm_moveit_config_tm12x:/home/rslomron/tm_custom/install/tm_moveit_config_tm12:/home/rslomron/tm_custom/install/custom_package:/home/rslomron/tm_custom/install/techman_robot_msgs:/home/rslomron/tm_custom/install/tm_mod_urdf:/home/rslomron/tm_custom/install/techman_robot_get_status:/opt/ros/humble /usr/bin/cmake --install /home/rslomron/tm_custom/build/tm_moveit_config_tm5-700
[0.188s] -- Install configuration: ""
[0.188s] -- Up-to-date: /home/rslomron/tm_custom/install/tm_moveit_config_tm5-700/share/ament_index/resource_index/package_run_dependencies/tm_moveit_config_tm5-700
[0.188s] -- Up-to-date: /home/rslomron/tm_custom/install/tm_moveit_config_tm5-700/share/ament_index/resource_index/parent_prefix_path/tm_moveit_config_tm5-700
[0.189s] -- Up-to-date: /home/rslomron/tm_custom/install/tm_moveit_config_tm5-700/share/tm_moveit_config_tm5-700/environment/ament_prefix_path.sh
[0.189s] -- Up-to-date: /home/rslomron/tm_custom/install/tm_moveit_config_tm5-700/share/tm_moveit_config_tm5-700/environment/ament_prefix_path.dsv
[0.189s] -- Up-to-date: /home/rslomron/tm_custom/install/tm_moveit_config_tm5-700/share/tm_moveit_config_tm5-700/environment/path.sh
[0.189s] -- Up-to-date: /home/rslomron/tm_custom/install/tm_moveit_config_tm5-700/share/tm_moveit_config_tm5-700/environment/path.dsv
[0.189s] -- Up-to-date: /home/rslomron/tm_custom/install/tm_moveit_config_tm5-700/share/tm_moveit_config_tm5-700/local_setup.bash
[0.189s] -- Up-to-date: /home/rslomron/tm_custom/install/tm_moveit_config_tm5-700/share/tm_moveit_config_tm5-700/local_setup.sh
[0.189s] -- Up-to-date: /home/rslomron/tm_custom/install/tm_moveit_config_tm5-700/share/tm_moveit_config_tm5-700/local_setup.zsh
[0.190s] -- Up-to-date: /home/rslomron/tm_custom/install/tm_moveit_config_tm5-700/share/tm_moveit_config_tm5-700/local_setup.dsv
[0.190s] -- Installing: /home/rslomron/tm_custom/install/tm_moveit_config_tm5-700/share/tm_moveit_config_tm5-700/package.dsv
[0.190s] -- Up-to-date: /home/rslomron/tm_custom/install/tm_moveit_config_tm5-700/share/ament_index/resource_index/packages/tm_moveit_config_tm5-700
[0.190s] -- Up-to-date: /home/rslomron/tm_custom/install/tm_moveit_config_tm5-700/share/tm_moveit_config_tm5-700/cmake/tm_moveit_config_tm5-700Config.cmake
[0.191s] -- Up-to-date: /home/rslomron/tm_custom/install/tm_moveit_config_tm5-700/share/tm_moveit_config_tm5-700/cmake/tm_moveit_config_tm5-700Config-version.cmake
[0.191s] -- Up-to-date: /home/rslomron/tm_custom/install/tm_moveit_config_tm5-700/share/tm_moveit_config_tm5-700/package.xml
[0.191s] -- Up-to-date: /home/rslomron/tm_custom/install/tm_moveit_config_tm5-700/share/tm_moveit_config_tm5-700/config
[0.191s] -- Up-to-date: /home/rslomron/tm_custom/install/tm_moveit_config_tm5-700/share/tm_moveit_config_tm5-700/config/ros_controllers.yaml
[0.192s] -- Up-to-date: /home/rslomron/tm_custom/install/tm_moveit_config_tm5-700/share/tm_moveit_config_tm5-700/config/fake_controllers.yaml
[0.192s] -- Up-to-date: /home/rslomron/tm_custom/install/tm_moveit_config_tm5-700/share/tm_moveit_config_tm5-700/config/tm5-700.srdf
[0.192s] -- Up-to-date: /home/rslomron/tm_custom/install/tm_moveit_config_tm5-700/share/tm_moveit_config_tm5-700/config/stomp_planning.yaml
[0.192s] -- Up-to-date: /home/rslomron/tm_custom/install/tm_moveit_config_tm5-700/share/tm_moveit_config_tm5-700/config/ompl_planning.yaml
[0.192s] -- Up-to-date: /home/rslomron/tm_custom/install/tm_moveit_config_tm5-700/share/tm_moveit_config_tm5-700/config/chomp_planning.yaml
[0.192s] -- Up-to-date: /home/rslomron/tm_custom/install/tm_moveit_config_tm5-700/share/tm_moveit_config_tm5-700/config/sensors_3d.yaml
[0.192s] -- Up-to-date: /home/rslomron/tm_custom/install/tm_moveit_config_tm5-700/share/tm_moveit_config_tm5-700/config/kinematics.yaml
[0.193s] -- Up-to-date: /home/rslomron/tm_custom/install/tm_moveit_config_tm5-700/share/tm_moveit_config_tm5-700/config/joint_limits.yaml
[0.201s] Invoked command in '/home/rslomron/tm_custom/build/tm_moveit_config_tm5-700' returned '0': CMAKE_PREFIX_PATH=/home/rslomron/tm_custom/install/tm_description:/home/rslomron/tm_custom/install/ui_for_debug_and_demo:/home/rslomron/tm_custom/install/tm_driver:/home/rslomron/tm_custom/install/demo:/home/rslomron/tm_custom/install/tm_msgs:/home/rslomron/tm_custom/install/tm_moveit_cpp_demo:/home/rslomron/tm_custom/install/tm_moveit_config_tm5x-900:/home/rslomron/tm_custom/install/tm_moveit_config_tm5x-700:/home/rslomron/tm_custom/install/tm_moveit_config_tm5-900:/home/rslomron/tm_custom/install/tm_moveit_config_tm5-700:/home/rslomron/tm_custom/install/tm_moveit_config_tm14x:/home/rslomron/tm_custom/install/tm_moveit_config_tm14:/home/rslomron/tm_custom/install/tm_moveit_config_tm12x:/home/rslomron/tm_custom/install/tm_moveit_config_tm12:/home/rslomron/tm_custom/install/custom_package:/home/rslomron/tm_custom/install/techman_robot_msgs:/home/rslomron/tm_custom/install/tm_mod_urdf:/home/rslomron/tm_custom/install/techman_robot_get_status:/opt/ros/humble /usr/bin/cmake --install /home/rslomron/tm_custom/build/tm_moveit_config_tm5-700
