[0.048s] Invoking command in '/home/rslomron/MoMa/tm_custom/build/tm_msgs': CMAKE_PREFIX_PATH=${CMAKE_PREFIX_PATH}:/home/rslomron/MoMa/tm_custom/install/tm_mod_urdf:/home/rslomron/MoMa/tm_custom/install/techman_robot_get_status:/home/rslomron/MoMa/tm_custom/install/python_demo:/home/rslomron/MoMa/tm_custom/install/arm_subscriber:/opt/ros/humble /usr/bin/cmake --build /home/rslomron/MoMa/tm_custom/build/tm_msgs -- -j8 -l8
[1.479s] [  0%] Built target tm_msgs__cpp
[1.479s] [ 12%] Built target tm_msgs__rosidl_generator_c
[1.479s] [ 12%] Built target ament_cmake_python_copy_tm_msgs
[1.479s] [ 24%] Built target tm_msgs__rosidl_typesupport_cpp
[1.480s] [ 46%] Built target tm_msgs__rosidl_typesupport_fastrtps_cpp
[1.480s] [ 47%] Built target tm_msgs__rosidl_typesupport_fastrtps_c
[1.480s] [ 59%] Built target tm_msgs__rosidl_typesupport_c
[1.481s] [ 83%] Built target tm_msgs__rosidl_typesupport_introspection_cpp
[1.481s] [ 83%] Built target tm_msgs__rosidl_typesupport_introspection_c
[1.482s] [ 83%] Built target tm_msgs
[1.482s] [ 84%] Built target tm_msgs__py
[1.482s] [ 95%] Built target tm_msgs__rosidl_generator_py
[1.482s] [ 97%] Built target tm_msgs__rosidl_typesupport_introspection_c__pyext
[1.482s] [ 99%] Built target tm_msgs__rosidl_typesupport_fastrtps_c__pyext
[1.482s] [100%] Built target tm_msgs__rosidl_typesupport_c__pyext
[1.482s] running egg_info
[1.482s] writing tm_msgs.egg-info/PKG-INFO
[1.483s] writing dependency_links to tm_msgs.egg-info/dependency_links.txt
[1.483s] writing top-level names to tm_msgs.egg-info/top_level.txt
[1.483s] reading manifest file 'tm_msgs.egg-info/SOURCES.txt'
[1.483s] writing manifest file 'tm_msgs.egg-info/SOURCES.txt'
[1.484s] [100%] Built target ament_cmake_python_build_tm_msgs_egg
[1.496s] Invoked command in '/home/rslomron/MoMa/tm_custom/build/tm_msgs' returned '0': CMAKE_PREFIX_PATH=${CMAKE_PREFIX_PATH}:/home/rslomron/MoMa/tm_custom/install/tm_mod_urdf:/home/rslomron/MoMa/tm_custom/install/techman_robot_get_status:/home/rslomron/MoMa/tm_custom/install/python_demo:/home/rslomron/MoMa/tm_custom/install/arm_subscriber:/opt/ros/humble /usr/bin/cmake --build /home/rslomron/MoMa/tm_custom/build/tm_msgs -- -j8 -l8
[2.308s] Invoking command in '/home/rslomron/MoMa/tm_custom/build/tm_msgs': CMAKE_PREFIX_PATH=${CMAKE_PREFIX_PATH}:/home/rslomron/MoMa/tm_custom/install/tm_mod_urdf:/home/rslomron/MoMa/tm_custom/install/techman_robot_get_status:/home/rslomron/MoMa/tm_custom/install/python_demo:/home/rslomron/MoMa/tm_custom/install/arm_subscriber:/opt/ros/humble /usr/bin/cmake --install /home/rslomron/MoMa/tm_custom/build/tm_msgs
[2.327s] -- Install configuration: ""
[2.328s] -- Up-to-date: /home/rslomron/MoMa/tm_custom/install/tm_msgs/share/ament_index/resource_index/rosidl_interfaces/tm_msgs
[2.328s] -- Up-to-date: /home/rslomron/MoMa/tm_custom/install/tm_msgs/include/tm_msgs/tm_msgs
[2.328s] -- Up-to-date: /home/rslomron/MoMa/tm_custom/install/tm_msgs/include/tm_msgs/tm_msgs/msg
[2.329s] -- Up-to-date: /home/rslomron/MoMa/tm_custom/install/tm_msgs/include/tm_msgs/tm_msgs/msg/detail
[2.329s] -- Up-to-date: /home/rslomron/MoMa/tm_custom/install/tm_msgs/include/tm_msgs/tm_msgs/msg/detail/sct_response__functions.c
[2.329s] -- Up-to-date: /home/rslomron/MoMa/tm_custom/install/tm_msgs/include/tm_msgs/tm_msgs/msg/detail/feedback_state__type_support.h
[2.329s] -- Up-to-date: /home/rslomron/MoMa/tm_custom/install/tm_msgs/include/tm_msgs/tm_msgs/msg/detail/svr_response__functions.c
[2.329s] -- Up-to-date: /home/rslomron/MoMa/tm_custom/install/tm_msgs/include/tm_msgs/tm_msgs/msg/detail/sct_response__functions.h
[2.330s] -- Up-to-date: /home/rslomron/MoMa/tm_custom/install/tm_msgs/include/tm_msgs/tm_msgs/msg/detail/feedback_state__functions.c
[2.335s] -- Up-to-date: /home/rslomron/MoMa/tm_custom/install/tm_msgs/include/tm_msgs/tm_msgs/msg/detail/svr_response__functions.h
[2.335s] -- Up-to-date: /home/rslomron/MoMa/tm_custom/install/tm_msgs/include/tm_msgs/tm_msgs/msg/detail/sta_response__functions.h
[2.336s] -- Up-to-date: /home/rslomron/MoMa/tm_custom/install/tm_msgs/include/tm_msgs/tm_msgs/msg/detail/sct_response__struct.h
[2.336s] -- Up-to-date: /home/rslomron/MoMa/tm_custom/install/tm_msgs/include/tm_msgs/tm_msgs/msg/detail/sta_response__type_support.h
[2.336s] -- Up-to-date: /home/rslomron/MoMa/tm_custom/install/tm_msgs/include/tm_msgs/tm_msgs/msg/detail/sct_response__type_support.h
[2.336s] -- Up-to-date: /home/rslomron/MoMa/tm_custom/install/tm_msgs/include/tm_msgs/tm_msgs/msg/detail/svr_response__type_support.h
[2.336s] -- Up-to-date: /home/rslomron/MoMa/tm_custom/install/tm_msgs/include/tm_msgs/tm_msgs/msg/detail/svr_response__struct.h
[2.336s] -- Up-to-date: /home/rslomron/MoMa/tm_custom/install/tm_msgs/include/tm_msgs/tm_msgs/msg/detail/sta_response__functions.c
[2.336s] -- Up-to-date: /home/rslomron/MoMa/tm_custom/install/tm_msgs/include/tm_msgs/tm_msgs/msg/detail/feedback_state__functions.h
[2.336s] -- Up-to-date: /home/rslomron/MoMa/tm_custom/install/tm_msgs/include/tm_msgs/tm_msgs/msg/detail/sta_response__struct.h
[2.337s] -- Up-to-date: /home/rslomron/MoMa/tm_custom/install/tm_msgs/include/tm_msgs/tm_msgs/msg/detail/feedback_state__struct.h
[2.337s] -- Up-to-date: /home/rslomron/MoMa/tm_custom/install/tm_msgs/include/tm_msgs/tm_msgs/msg/sta_response.h
[2.337s] -- Up-to-date: /home/rslomron/MoMa/tm_custom/install/tm_msgs/include/tm_msgs/tm_msgs/msg/svr_response.h
[2.338s] -- Up-to-date: /home/rslomron/MoMa/tm_custom/install/tm_msgs/include/tm_msgs/tm_msgs/msg/rosidl_generator_c__visibility_control.h
[2.343s] -- Up-to-date: /home/rslomron/MoMa/tm_custom/install/tm_msgs/include/tm_msgs/tm_msgs/msg/sct_response.h
[2.343s] -- Up-to-date: /home/rslomron/MoMa/tm_custom/install/tm_msgs/include/tm_msgs/tm_msgs/msg/feedback_state.h
[2.343s] -- Up-to-date: /home/rslomron/MoMa/tm_custom/install/tm_msgs/include/tm_msgs/tm_msgs/srv
[2.343s] -- Up-to-date: /home/rslomron/MoMa/tm_custom/install/tm_msgs/include/tm_msgs/tm_msgs/srv/detail
[2.343s] -- Up-to-date: /home/rslomron/MoMa/tm_custom/install/tm_msgs/include/tm_msgs/tm_msgs/srv/detail/send_script__functions.h
[2.343s] -- Up-to-date: /home/rslomron/MoMa/tm_custom/install/tm_msgs/include/tm_msgs/tm_msgs/srv/detail/send_script__functions.c
[2.343s] -- Up-to-date: /home/rslomron/MoMa/tm_custom/install/tm_msgs/include/tm_msgs/tm_msgs/srv/detail/ask_item__type_support.h
[2.344s] -- Up-to-date: /home/rslomron/MoMa/tm_custom/install/tm_msgs/include/tm_msgs/tm_msgs/srv/detail/ask_sta__type_support.h
[2.344s] -- Up-to-date: /home/rslomron/MoMa/tm_custom/install/tm_msgs/include/tm_msgs/tm_msgs/srv/detail/write_item__struct.h
[2.344s] -- Up-to-date: /home/rslomron/MoMa/tm_custom/install/tm_msgs/include/tm_msgs/tm_msgs/srv/detail/ask_sta__functions.h
[2.344s] -- Up-to-date: /home/rslomron/MoMa/tm_custom/install/tm_msgs/include/tm_msgs/tm_msgs/srv/detail/write_item__functions.c
[2.344s] -- Up-to-date: /home/rslomron/MoMa/tm_custom/install/tm_msgs/include/tm_msgs/tm_msgs/srv/detail/set_io__type_support.h
[2.344s] -- Up-to-date: /home/rslomron/MoMa/tm_custom/install/tm_msgs/include/tm_msgs/tm_msgs/srv/detail/ask_item__struct.h
[2.344s] -- Up-to-date: /home/rslomron/MoMa/tm_custom/install/tm_msgs/include/tm_msgs/tm_msgs/srv/detail/set_event__functions.h
[2.344s] -- Up-to-date: /home/rslomron/MoMa/tm_custom/install/tm_msgs/include/tm_msgs/tm_msgs/srv/detail/set_positions__struct.h
[2.345s] -- Up-to-date: /home/rslomron/MoMa/tm_custom/install/tm_msgs/include/tm_msgs/tm_msgs/srv/detail/set_io__functions.c
[2.345s] -- Up-to-date: /home/rslomron/MoMa/tm_custom/install/tm_msgs/include/tm_msgs/tm_msgs/srv/detail/connect_tm__struct.h
[2.345s] -- Up-to-date: /home/rslomron/MoMa/tm_custom/install/tm_msgs/include/tm_msgs/tm_msgs/srv/detail/set_positions__functions.c
[2.345s] -- Up-to-date: /home/rslomron/MoMa/tm_custom/install/tm_msgs/include/tm_msgs/tm_msgs/srv/detail/set_positions__functions.h
[2.345s] -- Up-to-date: /home/rslomron/MoMa/tm_custom/install/tm_msgs/include/tm_msgs/tm_msgs/srv/detail/ask_item__functions.c
[2.345s] -- Up-to-date: /home/rslomron/MoMa/tm_custom/install/tm_msgs/include/tm_msgs/tm_msgs/srv/detail/ask_item__functions.h
[2.345s] -- Up-to-date: /home/rslomron/MoMa/tm_custom/install/tm_msgs/include/tm_msgs/tm_msgs/srv/detail/set_event__functions.c
[2.346s] -- Up-to-date: /home/rslomron/MoMa/tm_custom/install/tm_msgs/include/tm_msgs/tm_msgs/srv/detail/connect_tm__functions.h
[2.346s] -- Up-to-date: /home/rslomron/MoMa/tm_custom/install/tm_msgs/include/tm_msgs/tm_msgs/srv/detail/send_script__type_support.h
[2.346s] -- Up-to-date: /home/rslomron/MoMa/tm_custom/install/tm_msgs/include/tm_msgs/tm_msgs/srv/detail/set_event__struct.h
[2.346s] -- Up-to-date: /home/rslomron/MoMa/tm_custom/install/tm_msgs/include/tm_msgs/tm_msgs/srv/detail/write_item__type_support.h
[2.346s] -- Up-to-date: /home/rslomron/MoMa/tm_custom/install/tm_msgs/include/tm_msgs/tm_msgs/srv/detail/send_script__struct.h
[2.346s] -- Up-to-date: /home/rslomron/MoMa/tm_custom/install/tm_msgs/include/tm_msgs/tm_msgs/srv/detail/connect_tm__functions.c
[2.346s] -- Up-to-date: /home/rslomron/MoMa/tm_custom/install/tm_msgs/include/tm_msgs/tm_msgs/srv/detail/set_positions__type_support.h
[2.346s] -- Up-to-date: /home/rslomron/MoMa/tm_custom/install/tm_msgs/include/tm_msgs/tm_msgs/srv/detail/set_event__type_support.h
[2.347s] -- Up-to-date: /home/rslomron/MoMa/tm_custom/install/tm_msgs/include/tm_msgs/tm_msgs/srv/detail/connect_tm__type_support.h
[2.347s] -- Up-to-date: /home/rslomron/MoMa/tm_custom/install/tm_msgs/include/tm_msgs/tm_msgs/srv/detail/set_io__functions.h
[2.348s] -- Up-to-date: /home/rslomron/MoMa/tm_custom/install/tm_msgs/include/tm_msgs/tm_msgs/srv/detail/ask_sta__functions.c
[2.348s] -- Up-to-date: /home/rslomron/MoMa/tm_custom/install/tm_msgs/include/tm_msgs/tm_msgs/srv/detail/ask_sta__struct.h
[2.348s] -- Up-to-date: /home/rslomron/MoMa/tm_custom/install/tm_msgs/include/tm_msgs/tm_msgs/srv/detail/set_io__struct.h
[2.348s] -- Up-to-date: /home/rslomron/MoMa/tm_custom/install/tm_msgs/include/tm_msgs/tm_msgs/srv/detail/write_item__functions.h
[2.348s] -- Up-to-date: /home/rslomron/MoMa/tm_custom/install/tm_msgs/include/tm_msgs/tm_msgs/srv/connect_tm.h
[2.348s] -- Up-to-date: /home/rslomron/MoMa/tm_custom/install/tm_msgs/include/tm_msgs/tm_msgs/srv/ask_item.h
[2.348s] -- Up-to-date: /home/rslomron/MoMa/tm_custom/install/tm_msgs/include/tm_msgs/tm_msgs/srv/ask_sta.h
[2.349s] -- Up-to-date: /home/rslomron/MoMa/tm_custom/install/tm_msgs/include/tm_msgs/tm_msgs/srv/write_item.h
[2.349s] -- Up-to-date: /home/rslomron/MoMa/tm_custom/install/tm_msgs/include/tm_msgs/tm_msgs/srv/set_io.h
[2.349s] -- Up-to-date: /home/rslomron/MoMa/tm_custom/install/tm_msgs/include/tm_msgs/tm_msgs/srv/set_event.h
[2.349s] -- Up-to-date: /home/rslomron/MoMa/tm_custom/install/tm_msgs/include/tm_msgs/tm_msgs/srv/set_positions.h
[2.349s] -- Up-to-date: /home/rslomron/MoMa/tm_custom/install/tm_msgs/include/tm_msgs/tm_msgs/srv/send_script.h
[2.349s] -- Up-to-date: /home/rslomron/MoMa/tm_custom/install/tm_msgs/share/tm_msgs/environment/library_path.sh
[2.349s] -- Up-to-date: /home/rslomron/MoMa/tm_custom/install/tm_msgs/share/tm_msgs/environment/library_path.dsv
[2.349s] -- Up-to-date: /home/rslomron/MoMa/tm_custom/install/tm_msgs/lib/libtm_msgs__rosidl_generator_c.so
[2.350s] -- Up-to-date: /home/rslomron/MoMa/tm_custom/install/tm_msgs/include/tm_msgs/tm_msgs
[2.350s] -- Up-to-date: /home/rslomron/MoMa/tm_custom/install/tm_msgs/include/tm_msgs/tm_msgs/msg
[2.350s] -- Up-to-date: /home/rslomron/MoMa/tm_custom/install/tm_msgs/include/tm_msgs/tm_msgs/msg/detail
[2.350s] -- Up-to-date: /home/rslomron/MoMa/tm_custom/install/tm_msgs/include/tm_msgs/tm_msgs/msg/detail/feedback_state__rosidl_typesupport_fastrtps_c.h
[2.350s] -- Up-to-date: /home/rslomron/MoMa/tm_custom/install/tm_msgs/include/tm_msgs/tm_msgs/msg/detail/sta_response__rosidl_typesupport_fastrtps_c.h
[2.350s] -- Up-to-date: /home/rslomron/MoMa/tm_custom/install/tm_msgs/include/tm_msgs/tm_msgs/msg/detail/svr_response__rosidl_typesupport_fastrtps_c.h
[2.350s] -- Up-to-date: /home/rslomron/MoMa/tm_custom/install/tm_msgs/include/tm_msgs/tm_msgs/msg/detail/sct_response__rosidl_typesupport_fastrtps_c.h
[2.350s] -- Up-to-date: /home/rslomron/MoMa/tm_custom/install/tm_msgs/include/tm_msgs/tm_msgs/msg/rosidl_typesupport_fastrtps_c__visibility_control.h
[2.351s] -- Up-to-date: /home/rslomron/MoMa/tm_custom/install/tm_msgs/include/tm_msgs/tm_msgs/srv
[2.351s] -- Up-to-date: /home/rslomron/MoMa/tm_custom/install/tm_msgs/include/tm_msgs/tm_msgs/srv/detail
[2.351s] -- Up-to-date: /home/rslomron/MoMa/tm_custom/install/tm_msgs/include/tm_msgs/tm_msgs/srv/detail/set_event__rosidl_typesupport_fastrtps_c.h
[2.351s] -- Up-to-date: /home/rslomron/MoMa/tm_custom/install/tm_msgs/include/tm_msgs/tm_msgs/srv/detail/ask_item__rosidl_typesupport_fastrtps_c.h
[2.351s] -- Up-to-date: /home/rslomron/MoMa/tm_custom/install/tm_msgs/include/tm_msgs/tm_msgs/srv/detail/connect_tm__rosidl_typesupport_fastrtps_c.h
[2.351s] -- Up-to-date: /home/rslomron/MoMa/tm_custom/install/tm_msgs/include/tm_msgs/tm_msgs/srv/detail/write_item__rosidl_typesupport_fastrtps_c.h
[2.351s] -- Up-to-date: /home/rslomron/MoMa/tm_custom/install/tm_msgs/include/tm_msgs/tm_msgs/srv/detail/set_positions__rosidl_typesupport_fastrtps_c.h
[2.355s] -- Up-to-date: /home/rslomron/MoMa/tm_custom/install/tm_msgs/include/tm_msgs/tm_msgs/srv/detail/send_script__rosidl_typesupport_fastrtps_c.h
[2.355s] -- Up-to-date: /home/rslomron/MoMa/tm_custom/install/tm_msgs/include/tm_msgs/tm_msgs/srv/detail/set_io__rosidl_typesupport_fastrtps_c.h
[2.355s] -- Up-to-date: /home/rslomron/MoMa/tm_custom/install/tm_msgs/include/tm_msgs/tm_msgs/srv/detail/ask_sta__rosidl_typesupport_fastrtps_c.h
[2.356s] -- Up-to-date: /home/rslomron/MoMa/tm_custom/install/tm_msgs/lib/libtm_msgs__rosidl_typesupport_fastrtps_c.so
[2.356s] -- Up-to-date: /home/rslomron/MoMa/tm_custom/install/tm_msgs/include/tm_msgs/tm_msgs
[2.356s] -- Up-to-date: /home/rslomron/MoMa/tm_custom/install/tm_msgs/include/tm_msgs/tm_msgs/msg
[2.356s] -- Up-to-date: /home/rslomron/MoMa/tm_custom/install/tm_msgs/include/tm_msgs/tm_msgs/msg/detail
[2.356s] -- Up-to-date: /home/rslomron/MoMa/tm_custom/install/tm_msgs/include/tm_msgs/tm_msgs/msg/detail/svr_response__struct.hpp
[2.356s] -- Up-to-date: /home/rslomron/MoMa/tm_custom/install/tm_msgs/include/tm_msgs/tm_msgs/msg/detail/sta_response__builder.hpp
[2.356s] -- Up-to-date: /home/rslomron/MoMa/tm_custom/install/tm_msgs/include/tm_msgs/tm_msgs/msg/detail/sct_response__builder.hpp
[2.357s] -- Up-to-date: /home/rslomron/MoMa/tm_custom/install/tm_msgs/include/tm_msgs/tm_msgs/msg/detail/feedback_state__struct.hpp
[2.357s] -- Up-to-date: /home/rslomron/MoMa/tm_custom/install/tm_msgs/include/tm_msgs/tm_msgs/msg/detail/sct_response__traits.hpp
[2.357s] -- Up-to-date: /home/rslomron/MoMa/tm_custom/install/tm_msgs/include/tm_msgs/tm_msgs/msg/detail/svr_response__traits.hpp
[2.357s] -- Up-to-date: /home/rslomron/MoMa/tm_custom/install/tm_msgs/include/tm_msgs/tm_msgs/msg/detail/svr_response__builder.hpp
[2.357s] -- Up-to-date: /home/rslomron/MoMa/tm_custom/install/tm_msgs/include/tm_msgs/tm_msgs/msg/detail/sct_response__struct.hpp
[2.357s] -- Up-to-date: /home/rslomron/MoMa/tm_custom/install/tm_msgs/include/tm_msgs/tm_msgs/msg/detail/feedback_state__builder.hpp
[2.357s] -- Up-to-date: /home/rslomron/MoMa/tm_custom/install/tm_msgs/include/tm_msgs/tm_msgs/msg/detail/feedback_state__traits.hpp
[2.358s] -- Up-to-date: /home/rslomron/MoMa/tm_custom/install/tm_msgs/include/tm_msgs/tm_msgs/msg/detail/sta_response__struct.hpp
[2.358s] -- Up-to-date: /home/rslomron/MoMa/tm_custom/install/tm_msgs/include/tm_msgs/tm_msgs/msg/detail/sta_response__traits.hpp
[2.358s] -- Up-to-date: /home/rslomron/MoMa/tm_custom/install/tm_msgs/include/tm_msgs/tm_msgs/msg/sta_response.hpp
[2.358s] -- Up-to-date: /home/rslomron/MoMa/tm_custom/install/tm_msgs/include/tm_msgs/tm_msgs/msg/sct_response.hpp
[2.358s] -- Up-to-date: /home/rslomron/MoMa/tm_custom/install/tm_msgs/include/tm_msgs/tm_msgs/msg/svr_response.hpp
[2.358s] -- Up-to-date: /home/rslomron/MoMa/tm_custom/install/tm_msgs/include/tm_msgs/tm_msgs/msg/feedback_state.hpp
[2.358s] -- Up-to-date: /home/rslomron/MoMa/tm_custom/install/tm_msgs/include/tm_msgs/tm_msgs/srv
[2.359s] -- Up-to-date: /home/rslomron/MoMa/tm_custom/install/tm_msgs/include/tm_msgs/tm_msgs/srv/detail
[2.359s] -- Up-to-date: /home/rslomron/MoMa/tm_custom/install/tm_msgs/include/tm_msgs/tm_msgs/srv/detail/ask_sta__builder.hpp
[2.359s] -- Up-to-date: /home/rslomron/MoMa/tm_custom/install/tm_msgs/include/tm_msgs/tm_msgs/srv/detail/send_script__struct.hpp
[2.359s] -- Up-to-date: /home/rslomron/MoMa/tm_custom/install/tm_msgs/include/tm_msgs/tm_msgs/srv/detail/ask_item__builder.hpp
[2.359s] -- Up-to-date: /home/rslomron/MoMa/tm_custom/install/tm_msgs/include/tm_msgs/tm_msgs/srv/detail/connect_tm__struct.hpp
[2.360s] -- Up-to-date: /home/rslomron/MoMa/tm_custom/install/tm_msgs/include/tm_msgs/tm_msgs/srv/detail/set_event__traits.hpp
[2.360s] -- Up-to-date: /home/rslomron/MoMa/tm_custom/install/tm_msgs/include/tm_msgs/tm_msgs/srv/detail/ask_sta__traits.hpp
[2.360s] -- Up-to-date: /home/rslomron/MoMa/tm_custom/install/tm_msgs/include/tm_msgs/tm_msgs/srv/detail/set_positions__traits.hpp
[2.360s] -- Up-to-date: /home/rslomron/MoMa/tm_custom/install/tm_msgs/include/tm_msgs/tm_msgs/srv/detail/set_io__builder.hpp
[2.360s] -- Up-to-date: /home/rslomron/MoMa/tm_custom/install/tm_msgs/include/tm_msgs/tm_msgs/srv/detail/write_item__builder.hpp
[2.360s] -- Up-to-date: /home/rslomron/MoMa/tm_custom/install/tm_msgs/include/tm_msgs/tm_msgs/srv/detail/set_io__struct.hpp
[2.360s] -- Up-to-date: /home/rslomron/MoMa/tm_custom/install/tm_msgs/include/tm_msgs/tm_msgs/srv/detail/set_io__traits.hpp
[2.360s] -- Up-to-date: /home/rslomron/MoMa/tm_custom/install/tm_msgs/include/tm_msgs/tm_msgs/srv/detail/ask_item__traits.hpp
[2.361s] -- Up-to-date: /home/rslomron/MoMa/tm_custom/install/tm_msgs/include/tm_msgs/tm_msgs/srv/detail/set_positions__struct.hpp
[2.361s] -- Up-to-date: /home/rslomron/MoMa/tm_custom/install/tm_msgs/include/tm_msgs/tm_msgs/srv/detail/ask_sta__struct.hpp
[2.361s] -- Up-to-date: /home/rslomron/MoMa/tm_custom/install/tm_msgs/include/tm_msgs/tm_msgs/srv/detail/connect_tm__builder.hpp
[2.361s] -- Up-to-date: /home/rslomron/MoMa/tm_custom/install/tm_msgs/include/tm_msgs/tm_msgs/srv/detail/write_item__traits.hpp
[2.361s] -- Up-to-date: /home/rslomron/MoMa/tm_custom/install/tm_msgs/include/tm_msgs/tm_msgs/srv/detail/ask_item__struct.hpp
[2.361s] -- Up-to-date: /home/rslomron/MoMa/tm_custom/install/tm_msgs/include/tm_msgs/tm_msgs/srv/detail/send_script__traits.hpp
[2.361s] -- Up-to-date: /home/rslomron/MoMa/tm_custom/install/tm_msgs/include/tm_msgs/tm_msgs/srv/detail/set_positions__builder.hpp
[2.362s] -- Up-to-date: /home/rslomron/MoMa/tm_custom/install/tm_msgs/include/tm_msgs/tm_msgs/srv/detail/send_script__builder.hpp
[2.364s] -- Up-to-date: /home/rslomron/MoMa/tm_custom/install/tm_msgs/include/tm_msgs/tm_msgs/srv/detail/connect_tm__traits.hpp
[2.365s] -- Up-to-date: /home/rslomron/MoMa/tm_custom/install/tm_msgs/include/tm_msgs/tm_msgs/srv/detail/set_event__struct.hpp
[2.365s] -- Up-to-date: /home/rslomron/MoMa/tm_custom/install/tm_msgs/include/tm_msgs/tm_msgs/srv/detail/write_item__struct.hpp
[2.365s] -- Up-to-date: /home/rslomron/MoMa/tm_custom/install/tm_msgs/include/tm_msgs/tm_msgs/srv/detail/set_event__builder.hpp
[2.365s] -- Up-to-date: /home/rslomron/MoMa/tm_custom/install/tm_msgs/include/tm_msgs/tm_msgs/srv/set_io.hpp
[2.365s] -- Up-to-date: /home/rslomron/MoMa/tm_custom/install/tm_msgs/include/tm_msgs/tm_msgs/srv/set_event.hpp
[2.365s] -- Up-to-date: /home/rslomron/MoMa/tm_custom/install/tm_msgs/include/tm_msgs/tm_msgs/srv/ask_item.hpp
[2.365s] -- Up-to-date: /home/rslomron/MoMa/tm_custom/install/tm_msgs/include/tm_msgs/tm_msgs/srv/send_script.hpp
[2.365s] -- Up-to-date: /home/rslomron/MoMa/tm_custom/install/tm_msgs/include/tm_msgs/tm_msgs/srv/set_positions.hpp
[2.366s] -- Up-to-date: /home/rslomron/MoMa/tm_custom/install/tm_msgs/include/tm_msgs/tm_msgs/srv/connect_tm.hpp
[2.366s] -- Up-to-date: /home/rslomron/MoMa/tm_custom/install/tm_msgs/include/tm_msgs/tm_msgs/srv/write_item.hpp
[2.366s] -- Up-to-date: /home/rslomron/MoMa/tm_custom/install/tm_msgs/include/tm_msgs/tm_msgs/srv/ask_sta.hpp
[2.366s] -- Up-to-date: /home/rslomron/MoMa/tm_custom/install/tm_msgs/include/tm_msgs/tm_msgs
[2.366s] -- Up-to-date: /home/rslomron/MoMa/tm_custom/install/tm_msgs/include/tm_msgs/tm_msgs/msg
[2.366s] -- Up-to-date: /home/rslomron/MoMa/tm_custom/install/tm_msgs/include/tm_msgs/tm_msgs/msg/detail
[2.366s] -- Up-to-date: /home/rslomron/MoMa/tm_custom/install/tm_msgs/include/tm_msgs/tm_msgs/msg/detail/dds_fastrtps
[2.367s] -- Up-to-date: /home/rslomron/MoMa/tm_custom/install/tm_msgs/include/tm_msgs/tm_msgs/msg/detail/feedback_state__rosidl_typesupport_fastrtps_cpp.hpp
[2.367s] -- Up-to-date: /home/rslomron/MoMa/tm_custom/install/tm_msgs/include/tm_msgs/tm_msgs/msg/detail/sta_response__rosidl_typesupport_fastrtps_cpp.hpp
[2.367s] -- Up-to-date: /home/rslomron/MoMa/tm_custom/install/tm_msgs/include/tm_msgs/tm_msgs/msg/detail/svr_response__rosidl_typesupport_fastrtps_cpp.hpp
[2.367s] -- Up-to-date: /home/rslomron/MoMa/tm_custom/install/tm_msgs/include/tm_msgs/tm_msgs/msg/detail/sct_response__rosidl_typesupport_fastrtps_cpp.hpp
[2.367s] -- Up-to-date: /home/rslomron/MoMa/tm_custom/install/tm_msgs/include/tm_msgs/tm_msgs/msg/rosidl_typesupport_fastrtps_cpp__visibility_control.h
[2.367s] -- Up-to-date: /home/rslomron/MoMa/tm_custom/install/tm_msgs/include/tm_msgs/tm_msgs/srv
[2.367s] -- Up-to-date: /home/rslomron/MoMa/tm_custom/install/tm_msgs/include/tm_msgs/tm_msgs/srv/detail
[2.368s] -- Up-to-date: /home/rslomron/MoMa/tm_custom/install/tm_msgs/include/tm_msgs/tm_msgs/srv/detail/dds_fastrtps
[2.368s] -- Up-to-date: /home/rslomron/MoMa/tm_custom/install/tm_msgs/include/tm_msgs/tm_msgs/srv/detail/send_script__rosidl_typesupport_fastrtps_cpp.hpp
[2.368s] -- Up-to-date: /home/rslomron/MoMa/tm_custom/install/tm_msgs/include/tm_msgs/tm_msgs/srv/detail/set_positions__rosidl_typesupport_fastrtps_cpp.hpp
[2.368s] -- Up-to-date: /home/rslomron/MoMa/tm_custom/install/tm_msgs/include/tm_msgs/tm_msgs/srv/detail/ask_item__rosidl_typesupport_fastrtps_cpp.hpp
[2.368s] -- Up-to-date: /home/rslomron/MoMa/tm_custom/install/tm_msgs/include/tm_msgs/tm_msgs/srv/detail/connect_tm__rosidl_typesupport_fastrtps_cpp.hpp
[2.368s] -- Up-to-date: /home/rslomron/MoMa/tm_custom/install/tm_msgs/include/tm_msgs/tm_msgs/srv/detail/set_event__rosidl_typesupport_fastrtps_cpp.hpp
[2.368s] -- Up-to-date: /home/rslomron/MoMa/tm_custom/install/tm_msgs/include/tm_msgs/tm_msgs/srv/detail/ask_sta__rosidl_typesupport_fastrtps_cpp.hpp
[2.368s] -- Up-to-date: /home/rslomron/MoMa/tm_custom/install/tm_msgs/include/tm_msgs/tm_msgs/srv/detail/set_io__rosidl_typesupport_fastrtps_cpp.hpp
[2.369s] -- Up-to-date: /home/rslomron/MoMa/tm_custom/install/tm_msgs/include/tm_msgs/tm_msgs/srv/detail/write_item__rosidl_typesupport_fastrtps_cpp.hpp
[2.369s] -- Up-to-date: /home/rslomron/MoMa/tm_custom/install/tm_msgs/lib/libtm_msgs__rosidl_typesupport_fastrtps_cpp.so
[2.369s] -- Up-to-date: /home/rslomron/MoMa/tm_custom/install/tm_msgs/include/tm_msgs/tm_msgs
[2.369s] -- Up-to-date: /home/rslomron/MoMa/tm_custom/install/tm_msgs/include/tm_msgs/tm_msgs/msg
[2.369s] -- Up-to-date: /home/rslomron/MoMa/tm_custom/install/tm_msgs/include/tm_msgs/tm_msgs/msg/detail
[2.369s] -- Up-to-date: /home/rslomron/MoMa/tm_custom/install/tm_msgs/include/tm_msgs/tm_msgs/msg/detail/sta_response__type_support.c
[2.370s] -- Up-to-date: /home/rslomron/MoMa/tm_custom/install/tm_msgs/include/tm_msgs/tm_msgs/msg/detail/feedback_state__rosidl_typesupport_introspection_c.h
[2.370s] -- Up-to-date: /home/rslomron/MoMa/tm_custom/install/tm_msgs/include/tm_msgs/tm_msgs/msg/detail/feedback_state__type_support.c
[2.370s] -- Up-to-date: /home/rslomron/MoMa/tm_custom/install/tm_msgs/include/tm_msgs/tm_msgs/msg/detail/sct_response__rosidl_typesupport_introspection_c.h
[2.370s] -- Up-to-date: /home/rslomron/MoMa/tm_custom/install/tm_msgs/include/tm_msgs/tm_msgs/msg/detail/sct_response__type_support.c
[2.370s] -- Up-to-date: /home/rslomron/MoMa/tm_custom/install/tm_msgs/include/tm_msgs/tm_msgs/msg/detail/sta_response__rosidl_typesupport_introspection_c.h
[2.370s] -- Up-to-date: /home/rslomron/MoMa/tm_custom/install/tm_msgs/include/tm_msgs/tm_msgs/msg/detail/svr_response__rosidl_typesupport_introspection_c.h
[2.370s] -- Up-to-date: /home/rslomron/MoMa/tm_custom/install/tm_msgs/include/tm_msgs/tm_msgs/msg/detail/svr_response__type_support.c
[2.371s] -- Up-to-date: /home/rslomron/MoMa/tm_custom/install/tm_msgs/include/tm_msgs/tm_msgs/msg/rosidl_typesupport_introspection_c__visibility_control.h
[2.371s] -- Up-to-date: /home/rslomron/MoMa/tm_custom/install/tm_msgs/include/tm_msgs/tm_msgs/srv
[2.371s] -- Up-to-date: /home/rslomron/MoMa/tm_custom/install/tm_msgs/include/tm_msgs/tm_msgs/srv/detail
[2.371s] -- Up-to-date: /home/rslomron/MoMa/tm_custom/install/tm_msgs/include/tm_msgs/tm_msgs/srv/detail/set_event__type_support.c
[2.371s] -- Up-to-date: /home/rslomron/MoMa/tm_custom/install/tm_msgs/include/tm_msgs/tm_msgs/srv/detail/ask_item__rosidl_typesupport_introspection_c.h
[2.371s] -- Up-to-date: /home/rslomron/MoMa/tm_custom/install/tm_msgs/include/tm_msgs/tm_msgs/srv/detail/write_item__rosidl_typesupport_introspection_c.h
[2.371s] -- Up-to-date: /home/rslomron/MoMa/tm_custom/install/tm_msgs/include/tm_msgs/tm_msgs/srv/detail/send_script__type_support.c
[2.372s] -- Up-to-date: /home/rslomron/MoMa/tm_custom/install/tm_msgs/include/tm_msgs/tm_msgs/srv/detail/set_positions__type_support.c
[2.372s] -- Up-to-date: /home/rslomron/MoMa/tm_custom/install/tm_msgs/include/tm_msgs/tm_msgs/srv/detail/set_event__rosidl_typesupport_introspection_c.h
[2.372s] -- Up-to-date: /home/rslomron/MoMa/tm_custom/install/tm_msgs/include/tm_msgs/tm_msgs/srv/detail/send_script__rosidl_typesupport_introspection_c.h
[2.372s] -- Up-to-date: /home/rslomron/MoMa/tm_custom/install/tm_msgs/include/tm_msgs/tm_msgs/srv/detail/connect_tm__rosidl_typesupport_introspection_c.h
[2.372s] -- Up-to-date: /home/rslomron/MoMa/tm_custom/install/tm_msgs/include/tm_msgs/tm_msgs/srv/detail/write_item__type_support.c
[2.372s] -- Up-to-date: /home/rslomron/MoMa/tm_custom/install/tm_msgs/include/tm_msgs/tm_msgs/srv/detail/connect_tm__type_support.c
[2.372s] -- Up-to-date: /home/rslomron/MoMa/tm_custom/install/tm_msgs/include/tm_msgs/tm_msgs/srv/detail/set_io__rosidl_typesupport_introspection_c.h
[2.373s] -- Up-to-date: /home/rslomron/MoMa/tm_custom/install/tm_msgs/include/tm_msgs/tm_msgs/srv/detail/set_positions__rosidl_typesupport_introspection_c.h
[2.373s] -- Up-to-date: /home/rslomron/MoMa/tm_custom/install/tm_msgs/include/tm_msgs/tm_msgs/srv/detail/ask_item__type_support.c
[2.373s] -- Up-to-date: /home/rslomron/MoMa/tm_custom/install/tm_msgs/include/tm_msgs/tm_msgs/srv/detail/ask_sta__type_support.c
[2.373s] -- Up-to-date: /home/rslomron/MoMa/tm_custom/install/tm_msgs/include/tm_msgs/tm_msgs/srv/detail/ask_sta__rosidl_typesupport_introspection_c.h
[2.373s] -- Up-to-date: /home/rslomron/MoMa/tm_custom/install/tm_msgs/include/tm_msgs/tm_msgs/srv/detail/set_io__type_support.c
[2.373s] -- Up-to-date: /home/rslomron/MoMa/tm_custom/install/tm_msgs/lib/libtm_msgs__rosidl_typesupport_introspection_c.so
[2.373s] -- Up-to-date: /home/rslomron/MoMa/tm_custom/install/tm_msgs/lib/libtm_msgs__rosidl_typesupport_c.so
[2.373s] -- Up-to-date: /home/rslomron/MoMa/tm_custom/install/tm_msgs/include/tm_msgs/tm_msgs
[2.374s] -- Up-to-date: /home/rslomron/MoMa/tm_custom/install/tm_msgs/include/tm_msgs/tm_msgs/msg
[2.374s] -- Up-to-date: /home/rslomron/MoMa/tm_custom/install/tm_msgs/include/tm_msgs/tm_msgs/msg/detail
[2.374s] -- Up-to-date: /home/rslomron/MoMa/tm_custom/install/tm_msgs/include/tm_msgs/tm_msgs/msg/detail/feedback_state__type_support.cpp
[2.374s] -- Up-to-date: /home/rslomron/MoMa/tm_custom/install/tm_msgs/include/tm_msgs/tm_msgs/msg/detail/svr_response__type_support.cpp
[2.374s] -- Up-to-date: /home/rslomron/MoMa/tm_custom/install/tm_msgs/include/tm_msgs/tm_msgs/msg/detail/feedback_state__rosidl_typesupport_introspection_cpp.hpp
[2.374s] -- Up-to-date: /home/rslomron/MoMa/tm_custom/install/tm_msgs/include/tm_msgs/tm_msgs/msg/detail/sta_response__type_support.cpp
[2.374s] -- Up-to-date: /home/rslomron/MoMa/tm_custom/install/tm_msgs/include/tm_msgs/tm_msgs/msg/detail/sta_response__rosidl_typesupport_introspection_cpp.hpp
[2.376s] -- Up-to-date: /home/rslomron/MoMa/tm_custom/install/tm_msgs/include/tm_msgs/tm_msgs/msg/detail/sct_response__rosidl_typesupport_introspection_cpp.hpp
[2.376s] -- Up-to-date: /home/rslomron/MoMa/tm_custom/install/tm_msgs/include/tm_msgs/tm_msgs/msg/detail/svr_response__rosidl_typesupport_introspection_cpp.hpp
[2.376s] -- Up-to-date: /home/rslomron/MoMa/tm_custom/install/tm_msgs/include/tm_msgs/tm_msgs/msg/detail/sct_response__type_support.cpp
[2.376s] -- Up-to-date: /home/rslomron/MoMa/tm_custom/install/tm_msgs/include/tm_msgs/tm_msgs/srv
[2.376s] -- Up-to-date: /home/rslomron/MoMa/tm_custom/install/tm_msgs/include/tm_msgs/tm_msgs/srv/detail
[2.376s] -- Up-to-date: /home/rslomron/MoMa/tm_custom/install/tm_msgs/include/tm_msgs/tm_msgs/srv/detail/set_positions__rosidl_typesupport_introspection_cpp.hpp
[2.376s] -- Up-to-date: /home/rslomron/MoMa/tm_custom/install/tm_msgs/include/tm_msgs/tm_msgs/srv/detail/set_positions__type_support.cpp
[2.376s] -- Up-to-date: /home/rslomron/MoMa/tm_custom/install/tm_msgs/include/tm_msgs/tm_msgs/srv/detail/set_io__rosidl_typesupport_introspection_cpp.hpp
[2.377s] -- Up-to-date: /home/rslomron/MoMa/tm_custom/install/tm_msgs/include/tm_msgs/tm_msgs/srv/detail/set_event__type_support.cpp
[2.377s] -- Up-to-date: /home/rslomron/MoMa/tm_custom/install/tm_msgs/include/tm_msgs/tm_msgs/srv/detail/ask_item__type_support.cpp
[2.377s] -- Up-to-date: /home/rslomron/MoMa/tm_custom/install/tm_msgs/include/tm_msgs/tm_msgs/srv/detail/ask_sta__type_support.cpp
[2.377s] -- Up-to-date: /home/rslomron/MoMa/tm_custom/install/tm_msgs/include/tm_msgs/tm_msgs/srv/detail/write_item__type_support.cpp
[2.377s] -- Up-to-date: /home/rslomron/MoMa/tm_custom/install/tm_msgs/include/tm_msgs/tm_msgs/srv/detail/connect_tm__type_support.cpp
[2.377s] -- Up-to-date: /home/rslomron/MoMa/tm_custom/install/tm_msgs/include/tm_msgs/tm_msgs/srv/detail/ask_sta__rosidl_typesupport_introspection_cpp.hpp
[2.377s] -- Up-to-date: /home/rslomron/MoMa/tm_custom/install/tm_msgs/include/tm_msgs/tm_msgs/srv/detail/send_script__type_support.cpp
[2.377s] -- Up-to-date: /home/rslomron/MoMa/tm_custom/install/tm_msgs/include/tm_msgs/tm_msgs/srv/detail/send_script__rosidl_typesupport_introspection_cpp.hpp
[2.378s] -- Up-to-date: /home/rslomron/MoMa/tm_custom/install/tm_msgs/include/tm_msgs/tm_msgs/srv/detail/write_item__rosidl_typesupport_introspection_cpp.hpp
[2.378s] -- Up-to-date: /home/rslomron/MoMa/tm_custom/install/tm_msgs/include/tm_msgs/tm_msgs/srv/detail/set_io__type_support.cpp
[2.378s] -- Up-to-date: /home/rslomron/MoMa/tm_custom/install/tm_msgs/include/tm_msgs/tm_msgs/srv/detail/ask_item__rosidl_typesupport_introspection_cpp.hpp
[2.378s] -- Up-to-date: /home/rslomron/MoMa/tm_custom/install/tm_msgs/include/tm_msgs/tm_msgs/srv/detail/connect_tm__rosidl_typesupport_introspection_cpp.hpp
[2.378s] -- Up-to-date: /home/rslomron/MoMa/tm_custom/install/tm_msgs/include/tm_msgs/tm_msgs/srv/detail/set_event__rosidl_typesupport_introspection_cpp.hpp
[2.378s] -- Up-to-date: /home/rslomron/MoMa/tm_custom/install/tm_msgs/lib/libtm_msgs__rosidl_typesupport_introspection_cpp.so
[2.378s] -- Up-to-date: /home/rslomron/MoMa/tm_custom/install/tm_msgs/lib/libtm_msgs__rosidl_typesupport_cpp.so
[2.379s] -- Up-to-date: /home/rslomron/MoMa/tm_custom/install/tm_msgs/share/tm_msgs/environment/pythonpath.sh
[2.379s] -- Up-to-date: /home/rslomron/MoMa/tm_custom/install/tm_msgs/share/tm_msgs/environment/pythonpath.dsv
[2.379s] -- Up-to-date: /home/rslomron/MoMa/tm_custom/install/tm_msgs/local/lib/python3.10/dist-packages/tm_msgs-1.1.2-py3.10.egg-info
[2.379s] -- Installing: /home/rslomron/MoMa/tm_custom/install/tm_msgs/local/lib/python3.10/dist-packages/tm_msgs-1.1.2-py3.10.egg-info/top_level.txt
[2.379s] -- Installing: /home/rslomron/MoMa/tm_custom/install/tm_msgs/local/lib/python3.10/dist-packages/tm_msgs-1.1.2-py3.10.egg-info/PKG-INFO
[2.379s] -- Installing: /home/rslomron/MoMa/tm_custom/install/tm_msgs/local/lib/python3.10/dist-packages/tm_msgs-1.1.2-py3.10.egg-info/dependency_links.txt
[2.379s] -- Installing: /home/rslomron/MoMa/tm_custom/install/tm_msgs/local/lib/python3.10/dist-packages/tm_msgs-1.1.2-py3.10.egg-info/SOURCES.txt
[2.379s] -- Up-to-date: /home/rslomron/MoMa/tm_custom/install/tm_msgs/local/lib/python3.10/dist-packages/tm_msgs
[2.380s] -- Up-to-date: /home/rslomron/MoMa/tm_custom/install/tm_msgs/local/lib/python3.10/dist-packages/tm_msgs/msg
[2.380s] -- Up-to-date: /home/rslomron/MoMa/tm_custom/install/tm_msgs/local/lib/python3.10/dist-packages/tm_msgs/msg/_svr_response_s.c
[2.380s] -- Up-to-date: /home/rslomron/MoMa/tm_custom/install/tm_msgs/local/lib/python3.10/dist-packages/tm_msgs/msg/_sta_response_s.c
[2.380s] -- Up-to-date: /home/rslomron/MoMa/tm_custom/install/tm_msgs/local/lib/python3.10/dist-packages/tm_msgs/msg/_feedback_state_s.c
[2.380s] -- Up-to-date: /home/rslomron/MoMa/tm_custom/install/tm_msgs/local/lib/python3.10/dist-packages/tm_msgs/msg/_sct_response.py
[2.380s] -- Up-to-date: /home/rslomron/MoMa/tm_custom/install/tm_msgs/local/lib/python3.10/dist-packages/tm_msgs/msg/_sta_response.py
[2.380s] -- Up-to-date: /home/rslomron/MoMa/tm_custom/install/tm_msgs/local/lib/python3.10/dist-packages/tm_msgs/msg/__init__.py
[2.380s] -- Up-to-date: /home/rslomron/MoMa/tm_custom/install/tm_msgs/local/lib/python3.10/dist-packages/tm_msgs/msg/_svr_response.py
[2.381s] -- Up-to-date: /home/rslomron/MoMa/tm_custom/install/tm_msgs/local/lib/python3.10/dist-packages/tm_msgs/msg/_sct_response_s.c
[2.381s] -- Up-to-date: /home/rslomron/MoMa/tm_custom/install/tm_msgs/local/lib/python3.10/dist-packages/tm_msgs/msg/_feedback_state.py
[2.381s] -- Up-to-date: /home/rslomron/MoMa/tm_custom/install/tm_msgs/local/lib/python3.10/dist-packages/tm_msgs/tm_msgs_s__rosidl_typesupport_introspection_c.cpython-310-x86_64-linux-gnu.so
[2.381s] -- Up-to-date: /home/rslomron/MoMa/tm_custom/install/tm_msgs/local/lib/python3.10/dist-packages/tm_msgs/_tm_msgs_s.ep.rosidl_typesupport_introspection_c.c
[2.381s] -- Up-to-date: /home/rslomron/MoMa/tm_custom/install/tm_msgs/local/lib/python3.10/dist-packages/tm_msgs/libtm_msgs__rosidl_generator_py.so
[2.381s] -- Up-to-date: /home/rslomron/MoMa/tm_custom/install/tm_msgs/local/lib/python3.10/dist-packages/tm_msgs/_tm_msgs_s.ep.rosidl_typesupport_fastrtps_c.c
[2.381s] -- Up-to-date: /home/rslomron/MoMa/tm_custom/install/tm_msgs/local/lib/python3.10/dist-packages/tm_msgs/__init__.py
[2.381s] -- Up-to-date: /home/rslomron/MoMa/tm_custom/install/tm_msgs/local/lib/python3.10/dist-packages/tm_msgs/srv
[2.382s] -- Up-to-date: /home/rslomron/MoMa/tm_custom/install/tm_msgs/local/lib/python3.10/dist-packages/tm_msgs/srv/_write_item.py
[2.383s] -- Up-to-date: /home/rslomron/MoMa/tm_custom/install/tm_msgs/local/lib/python3.10/dist-packages/tm_msgs/srv/_ask_item.py
[2.384s] -- Up-to-date: /home/rslomron/MoMa/tm_custom/install/tm_msgs/local/lib/python3.10/dist-packages/tm_msgs/srv/_send_script.py
[2.386s] -- Up-to-date: /home/rslomron/MoMa/tm_custom/install/tm_msgs/local/lib/python3.10/dist-packages/tm_msgs/srv/_set_positions_s.c
[2.386s] -- Up-to-date: /home/rslomron/MoMa/tm_custom/install/tm_msgs/local/lib/python3.10/dist-packages/tm_msgs/srv/_ask_item_s.c
[2.387s] -- Up-to-date: /home/rslomron/MoMa/tm_custom/install/tm_msgs/local/lib/python3.10/dist-packages/tm_msgs/srv/_set_io_s.c
[2.387s] -- Up-to-date: /home/rslomron/MoMa/tm_custom/install/tm_msgs/local/lib/python3.10/dist-packages/tm_msgs/srv/_send_script_s.c
[2.387s] -- Up-to-date: /home/rslomron/MoMa/tm_custom/install/tm_msgs/local/lib/python3.10/dist-packages/tm_msgs/srv/_set_positions.py
[2.387s] -- Up-to-date: /home/rslomron/MoMa/tm_custom/install/tm_msgs/local/lib/python3.10/dist-packages/tm_msgs/srv/_connect_tm_s.c
[2.388s] -- Up-to-date: /home/rslomron/MoMa/tm_custom/install/tm_msgs/local/lib/python3.10/dist-packages/tm_msgs/srv/_set_event.py
[2.388s] -- Up-to-date: /home/rslomron/MoMa/tm_custom/install/tm_msgs/local/lib/python3.10/dist-packages/tm_msgs/srv/_ask_sta_s.c
[2.388s] -- Up-to-date: /home/rslomron/MoMa/tm_custom/install/tm_msgs/local/lib/python3.10/dist-packages/tm_msgs/srv/_ask_sta.py
[2.388s] -- Up-to-date: /home/rslomron/MoMa/tm_custom/install/tm_msgs/local/lib/python3.10/dist-packages/tm_msgs/srv/_set_event_s.c
[2.388s] -- Up-to-date: /home/rslomron/MoMa/tm_custom/install/tm_msgs/local/lib/python3.10/dist-packages/tm_msgs/srv/_set_io.py
[2.389s] -- Up-to-date: /home/rslomron/MoMa/tm_custom/install/tm_msgs/local/lib/python3.10/dist-packages/tm_msgs/srv/__init__.py
[2.389s] -- Up-to-date: /home/rslomron/MoMa/tm_custom/install/tm_msgs/local/lib/python3.10/dist-packages/tm_msgs/srv/_write_item_s.c
[2.389s] -- Up-to-date: /home/rslomron/MoMa/tm_custom/install/tm_msgs/local/lib/python3.10/dist-packages/tm_msgs/srv/_connect_tm.py
[2.389s] -- Up-to-date: /home/rslomron/MoMa/tm_custom/install/tm_msgs/local/lib/python3.10/dist-packages/tm_msgs/_tm_msgs_s.ep.rosidl_typesupport_c.c
[2.389s] -- Up-to-date: /home/rslomron/MoMa/tm_custom/install/tm_msgs/local/lib/python3.10/dist-packages/tm_msgs/tm_msgs_s__rosidl_typesupport_fastrtps_c.cpython-310-x86_64-linux-gnu.so
[2.389s] -- Up-to-date: /home/rslomron/MoMa/tm_custom/install/tm_msgs/local/lib/python3.10/dist-packages/tm_msgs/tm_msgs_s__rosidl_typesupport_c.cpython-310-x86_64-linux-gnu.so
[2.414s] Listing '/home/rslomron/MoMa/tm_custom/install/tm_msgs/local/lib/python3.10/dist-packages/tm_msgs'...
[2.414s] Listing '/home/rslomron/MoMa/tm_custom/install/tm_msgs/local/lib/python3.10/dist-packages/tm_msgs/msg'...
[2.414s] Listing '/home/rslomron/MoMa/tm_custom/install/tm_msgs/local/lib/python3.10/dist-packages/tm_msgs/srv'...
[2.414s] -- Up-to-date: /home/rslomron/MoMa/tm_custom/install/tm_msgs/local/lib/python3.10/dist-packages/tm_msgs/tm_msgs_s__rosidl_typesupport_fastrtps_c.cpython-310-x86_64-linux-gnu.so
[2.414s] -- Up-to-date: /home/rslomron/MoMa/tm_custom/install/tm_msgs/local/lib/python3.10/dist-packages/tm_msgs/tm_msgs_s__rosidl_typesupport_introspection_c.cpython-310-x86_64-linux-gnu.so
[2.415s] -- Up-to-date: /home/rslomron/MoMa/tm_custom/install/tm_msgs/local/lib/python3.10/dist-packages/tm_msgs/tm_msgs_s__rosidl_typesupport_c.cpython-310-x86_64-linux-gnu.so
[2.415s] -- Up-to-date: /home/rslomron/MoMa/tm_custom/install/tm_msgs/lib/libtm_msgs__rosidl_generator_py.so
[2.415s] -- Up-to-date: /home/rslomron/MoMa/tm_custom/install/tm_msgs/share/tm_msgs/msg/FeedbackState.idl
[2.415s] -- Up-to-date: /home/rslomron/MoMa/tm_custom/install/tm_msgs/share/tm_msgs/msg/SvrResponse.idl
[2.415s] -- Up-to-date: /home/rslomron/MoMa/tm_custom/install/tm_msgs/share/tm_msgs/msg/SctResponse.idl
[2.415s] -- Up-to-date: /home/rslomron/MoMa/tm_custom/install/tm_msgs/share/tm_msgs/msg/StaResponse.idl
[2.416s] -- Up-to-date: /home/rslomron/MoMa/tm_custom/install/tm_msgs/share/tm_msgs/srv/ConnectTM.idl
[2.416s] -- Up-to-date: /home/rslomron/MoMa/tm_custom/install/tm_msgs/share/tm_msgs/srv/WriteItem.idl
[2.416s] -- Up-to-date: /home/rslomron/MoMa/tm_custom/install/tm_msgs/share/tm_msgs/srv/AskItem.idl
[2.416s] -- Up-to-date: /home/rslomron/MoMa/tm_custom/install/tm_msgs/share/tm_msgs/srv/SendScript.idl
[2.417s] -- Up-to-date: /home/rslomron/MoMa/tm_custom/install/tm_msgs/share/tm_msgs/srv/SetEvent.idl
[2.417s] -- Up-to-date: /home/rslomron/MoMa/tm_custom/install/tm_msgs/share/tm_msgs/srv/SetIO.idl
[2.417s] -- Up-to-date: /home/rslomron/MoMa/tm_custom/install/tm_msgs/share/tm_msgs/srv/SetPositions.idl
[2.417s] -- Up-to-date: /home/rslomron/MoMa/tm_custom/install/tm_msgs/share/tm_msgs/srv/AskSta.idl
[2.418s] -- Up-to-date: /home/rslomron/MoMa/tm_custom/install/tm_msgs/share/tm_msgs/msg/FeedbackState.msg
[2.418s] -- Up-to-date: /home/rslomron/MoMa/tm_custom/install/tm_msgs/share/tm_msgs/msg/SvrResponse.msg
[2.418s] -- Up-to-date: /home/rslomron/MoMa/tm_custom/install/tm_msgs/share/tm_msgs/msg/SctResponse.msg
[2.418s] -- Up-to-date: /home/rslomron/MoMa/tm_custom/install/tm_msgs/share/tm_msgs/msg/StaResponse.msg
[2.418s] -- Up-to-date: /home/rslomron/MoMa/tm_custom/install/tm_msgs/share/tm_msgs/srv/ConnectTM.srv
[2.419s] -- Up-to-date: /home/rslomron/MoMa/tm_custom/install/tm_msgs/share/tm_msgs/srv/ConnectTM_Request.msg
[2.419s] -- Up-to-date: /home/rslomron/MoMa/tm_custom/install/tm_msgs/share/tm_msgs/srv/ConnectTM_Response.msg
[2.419s] -- Up-to-date: /home/rslomron/MoMa/tm_custom/install/tm_msgs/share/tm_msgs/srv/WriteItem.srv
[2.419s] -- Up-to-date: /home/rslomron/MoMa/tm_custom/install/tm_msgs/share/tm_msgs/srv/WriteItem_Request.msg
[2.419s] -- Up-to-date: /home/rslomron/MoMa/tm_custom/install/tm_msgs/share/tm_msgs/srv/WriteItem_Response.msg
[2.420s] -- Up-to-date: /home/rslomron/MoMa/tm_custom/install/tm_msgs/share/tm_msgs/srv/AskItem.srv
[2.420s] -- Up-to-date: /home/rslomron/MoMa/tm_custom/install/tm_msgs/share/tm_msgs/srv/AskItem_Request.msg
[2.420s] -- Up-to-date: /home/rslomron/MoMa/tm_custom/install/tm_msgs/share/tm_msgs/srv/AskItem_Response.msg
[2.420s] -- Up-to-date: /home/rslomron/MoMa/tm_custom/install/tm_msgs/share/tm_msgs/srv/SendScript.srv
[2.421s] -- Up-to-date: /home/rslomron/MoMa/tm_custom/install/tm_msgs/share/tm_msgs/srv/SendScript_Request.msg
[2.421s] -- Up-to-date: /home/rslomron/MoMa/tm_custom/install/tm_msgs/share/tm_msgs/srv/SendScript_Response.msg
[2.421s] -- Up-to-date: /home/rslomron/MoMa/tm_custom/install/tm_msgs/share/tm_msgs/srv/SetEvent.srv
[2.421s] -- Up-to-date: /home/rslomron/MoMa/tm_custom/install/tm_msgs/share/tm_msgs/srv/SetEvent_Request.msg
[2.422s] -- Up-to-date: /home/rslomron/MoMa/tm_custom/install/tm_msgs/share/tm_msgs/srv/SetEvent_Response.msg
[2.422s] -- Up-to-date: /home/rslomron/MoMa/tm_custom/install/tm_msgs/share/tm_msgs/srv/SetIO.srv
[2.422s] -- Up-to-date: /home/rslomron/MoMa/tm_custom/install/tm_msgs/share/tm_msgs/srv/SetIO_Request.msg
[2.422s] -- Up-to-date: /home/rslomron/MoMa/tm_custom/install/tm_msgs/share/tm_msgs/srv/SetIO_Response.msg
[2.422s] -- Up-to-date: /home/rslomron/MoMa/tm_custom/install/tm_msgs/share/tm_msgs/srv/SetPositions.srv
[2.422s] -- Up-to-date: /home/rslomron/MoMa/tm_custom/install/tm_msgs/share/tm_msgs/srv/SetPositions_Request.msg
[2.423s] -- Up-to-date: /home/rslomron/MoMa/tm_custom/install/tm_msgs/share/tm_msgs/srv/SetPositions_Response.msg
[2.423s] -- Up-to-date: /home/rslomron/MoMa/tm_custom/install/tm_msgs/share/tm_msgs/srv/AskSta.srv
[2.423s] -- Up-to-date: /home/rslomron/MoMa/tm_custom/install/tm_msgs/share/tm_msgs/srv/AskSta_Request.msg
[2.423s] -- Up-to-date: /home/rslomron/MoMa/tm_custom/install/tm_msgs/share/tm_msgs/srv/AskSta_Response.msg
[2.423s] -- Up-to-date: /home/rslomron/MoMa/tm_custom/install/tm_msgs/share/ament_index/resource_index/package_run_dependencies/tm_msgs
[2.423s] -- Up-to-date: /home/rslomron/MoMa/tm_custom/install/tm_msgs/share/ament_index/resource_index/parent_prefix_path/tm_msgs
[2.423s] -- Up-to-date: /home/rslomron/MoMa/tm_custom/install/tm_msgs/share/tm_msgs/environment/ament_prefix_path.sh
[2.423s] -- Up-to-date: /home/rslomron/MoMa/tm_custom/install/tm_msgs/share/tm_msgs/environment/ament_prefix_path.dsv
[2.423s] -- Up-to-date: /home/rslomron/MoMa/tm_custom/install/tm_msgs/share/tm_msgs/environment/path.sh
[2.424s] -- Up-to-date: /home/rslomron/MoMa/tm_custom/install/tm_msgs/share/tm_msgs/environment/path.dsv
[2.424s] -- Up-to-date: /home/rslomron/MoMa/tm_custom/install/tm_msgs/share/tm_msgs/local_setup.bash
[2.424s] -- Up-to-date: /home/rslomron/MoMa/tm_custom/install/tm_msgs/share/tm_msgs/local_setup.sh
[2.425s] -- Up-to-date: /home/rslomron/MoMa/tm_custom/install/tm_msgs/share/tm_msgs/local_setup.zsh
[2.425s] -- Up-to-date: /home/rslomron/MoMa/tm_custom/install/tm_msgs/share/tm_msgs/local_setup.dsv
[2.425s] -- Installing: /home/rslomron/MoMa/tm_custom/install/tm_msgs/share/tm_msgs/package.dsv
[2.425s] -- Up-to-date: /home/rslomron/MoMa/tm_custom/install/tm_msgs/share/ament_index/resource_index/packages/tm_msgs
[2.425s] -- Up-to-date: /home/rslomron/MoMa/tm_custom/install/tm_msgs/share/tm_msgs/cmake/export_tm_msgs__rosidl_generator_cExport.cmake
[2.425s] -- Up-to-date: /home/rslomron/MoMa/tm_custom/install/tm_msgs/share/tm_msgs/cmake/export_tm_msgs__rosidl_generator_cExport-noconfig.cmake
[2.425s] -- Up-to-date: /home/rslomron/MoMa/tm_custom/install/tm_msgs/share/tm_msgs/cmake/export_tm_msgs__rosidl_typesupport_fastrtps_cExport.cmake
[2.426s] -- Up-to-date: /home/rslomron/MoMa/tm_custom/install/tm_msgs/share/tm_msgs/cmake/export_tm_msgs__rosidl_typesupport_fastrtps_cExport-noconfig.cmake
[2.426s] -- Up-to-date: /home/rslomron/MoMa/tm_custom/install/tm_msgs/share/tm_msgs/cmake/export_tm_msgs__rosidl_generator_cppExport.cmake
[2.426s] -- Up-to-date: /home/rslomron/MoMa/tm_custom/install/tm_msgs/share/tm_msgs/cmake/export_tm_msgs__rosidl_typesupport_fastrtps_cppExport.cmake
[2.426s] -- Up-to-date: /home/rslomron/MoMa/tm_custom/install/tm_msgs/share/tm_msgs/cmake/export_tm_msgs__rosidl_typesupport_fastrtps_cppExport-noconfig.cmake
[2.426s] -- Up-to-date: /home/rslomron/MoMa/tm_custom/install/tm_msgs/share/tm_msgs/cmake/tm_msgs__rosidl_typesupport_introspection_cExport.cmake
[2.426s] -- Up-to-date: /home/rslomron/MoMa/tm_custom/install/tm_msgs/share/tm_msgs/cmake/tm_msgs__rosidl_typesupport_introspection_cExport-noconfig.cmake
[2.426s] -- Up-to-date: /home/rslomron/MoMa/tm_custom/install/tm_msgs/share/tm_msgs/cmake/tm_msgs__rosidl_typesupport_cExport.cmake
[2.426s] -- Up-to-date: /home/rslomron/MoMa/tm_custom/install/tm_msgs/share/tm_msgs/cmake/tm_msgs__rosidl_typesupport_cExport-noconfig.cmake
[2.427s] -- Up-to-date: /home/rslomron/MoMa/tm_custom/install/tm_msgs/share/tm_msgs/cmake/tm_msgs__rosidl_typesupport_introspection_cppExport.cmake
[2.427s] -- Up-to-date: /home/rslomron/MoMa/tm_custom/install/tm_msgs/share/tm_msgs/cmake/tm_msgs__rosidl_typesupport_introspection_cppExport-noconfig.cmake
[2.427s] -- Up-to-date: /home/rslomron/MoMa/tm_custom/install/tm_msgs/share/tm_msgs/cmake/tm_msgs__rosidl_typesupport_cppExport.cmake
[2.427s] -- Up-to-date: /home/rslomron/MoMa/tm_custom/install/tm_msgs/share/tm_msgs/cmake/tm_msgs__rosidl_typesupport_cppExport-noconfig.cmake
[2.427s] -- Up-to-date: /home/rslomron/MoMa/tm_custom/install/tm_msgs/share/tm_msgs/cmake/export_tm_msgs__rosidl_generator_pyExport.cmake
[2.428s] -- Up-to-date: /home/rslomron/MoMa/tm_custom/install/tm_msgs/share/tm_msgs/cmake/export_tm_msgs__rosidl_generator_pyExport-noconfig.cmake
[2.428s] -- Up-to-date: /home/rslomron/MoMa/tm_custom/install/tm_msgs/share/tm_msgs/cmake/rosidl_cmake-extras.cmake
[2.428s] -- Up-to-date: /home/rslomron/MoMa/tm_custom/install/tm_msgs/share/tm_msgs/cmake/ament_cmake_export_dependencies-extras.cmake
[2.428s] -- Up-to-date: /home/rslomron/MoMa/tm_custom/install/tm_msgs/share/tm_msgs/cmake/ament_cmake_export_include_directories-extras.cmake
[2.428s] -- Up-to-date: /home/rslomron/MoMa/tm_custom/install/tm_msgs/share/tm_msgs/cmake/ament_cmake_export_libraries-extras.cmake
[2.443s] -- Up-to-date: /home/rslomron/MoMa/tm_custom/install/tm_msgs/share/tm_msgs/cmake/ament_cmake_export_targets-extras.cmake
[2.443s] -- Up-to-date: /home/rslomron/MoMa/tm_custom/install/tm_msgs/share/tm_msgs/cmake/rosidl_cmake_export_typesupport_targets-extras.cmake
[2.443s] -- Up-to-date: /home/rslomron/MoMa/tm_custom/install/tm_msgs/share/tm_msgs/cmake/rosidl_cmake_export_typesupport_libraries-extras.cmake
[2.443s] -- Up-to-date: /home/rslomron/MoMa/tm_custom/install/tm_msgs/share/tm_msgs/cmake/tm_msgsConfig.cmake
[2.443s] -- Up-to-date: /home/rslomron/MoMa/tm_custom/install/tm_msgs/share/tm_msgs/cmake/tm_msgsConfig-version.cmake
[2.444s] -- Up-to-date: /home/rslomron/MoMa/tm_custom/install/tm_msgs/share/tm_msgs/package.xml
[2.493s] Invoked command in '/home/rslomron/MoMa/tm_custom/build/tm_msgs' returned '0': CMAKE_PREFIX_PATH=${CMAKE_PREFIX_PATH}:/home/rslomron/MoMa/tm_custom/install/tm_mod_urdf:/home/rslomron/MoMa/tm_custom/install/techman_robot_get_status:/home/rslomron/MoMa/tm_custom/install/python_demo:/home/rslomron/MoMa/tm_custom/install/arm_subscriber:/opt/ros/humble /usr/bin/cmake --install /home/rslomron/MoMa/tm_custom/build/tm_msgs
