[0.012s] Invoking command in '/home/rslomron/tm_custom/build/custom_package': CMAKE_PREFIX_PATH=${CMAKE_PREFIX_PATH}:/home/rslomron/tm_custom/install/tm_mod_urdf:/home/rslomron/tm_custom/install/tm_get_status:/opt/ros/humble /usr/bin/cmake /home/rslomron/tm_custom/src/custom_package -DCMAKE_INSTALL_PREFIX=/home/rslomron/tm_custom/install/custom_package
[0.064s] -- The C compiler identification is GNU 11.4.0
[0.116s] -- The CXX compiler identification is GNU 11.4.0
[0.124s] -- Detecting C compiler ABI info
[0.188s] -- Detecting C compiler ABI info - done
[0.196s] -- Check for working C compiler: /usr/bin/cc - skipped
[0.196s] -- Detecting C compile features
[0.197s] -- Detecting C compile features - done
[0.200s] -- Detecting CXX compiler ABI info
[0.279s] -- Detecting CXX compiler ABI info - done
[0.286s] -- Check for working CXX compiler: /usr/bin/c++ - skipped
[0.287s] -- Detecting CXX compile features
[0.287s] -- Detecting CXX compile features - done
[0.289s] -- Found ament_cmake: 1.3.8 (/opt/ros/humble/share/ament_cmake/cmake)
[0.438s] -- Found Python3: /usr/bin/python3 (found version "3.10.12") found components: Interpreter 
[0.560s] -- Found ament_lint_auto: 0.12.10 (/opt/ros/humble/share/ament_lint_auto/cmake)
[0.662s] -- Added test 'lint_cmake' to check CMake code style
[0.664s] -- Added test 'xmllint' to check XML markup files
[0.668s] -- Configuring done
[0.672s] -- Generating done
[0.674s] -- Build files have been written to: /home/rslomron/tm_custom/build/custom_package
[0.680s] Invoked command in '/home/rslomron/tm_custom/build/custom_package' returned '0': CMAKE_PREFIX_PATH=${CMAKE_PREFIX_PATH}:/home/rslomron/tm_custom/install/tm_mod_urdf:/home/rslomron/tm_custom/install/tm_get_status:/opt/ros/humble /usr/bin/cmake /home/rslomron/tm_custom/src/custom_package -DCMAKE_INSTALL_PREFIX=/home/rslomron/tm_custom/install/custom_package
[0.682s] Invoking command in '/home/rslomron/tm_custom/build/custom_package': CMAKE_PREFIX_PATH=${CMAKE_PREFIX_PATH}:/home/rslomron/tm_custom/install/tm_mod_urdf:/home/rslomron/tm_custom/install/tm_get_status:/opt/ros/humble /usr/bin/cmake --build /home/rslomron/tm_custom/build/custom_package -- -j8 -l8
[0.727s] Invoked command in '/home/rslomron/tm_custom/build/custom_package' returned '0': CMAKE_PREFIX_PATH=${CMAKE_PREFIX_PATH}:/home/rslomron/tm_custom/install/tm_mod_urdf:/home/rslomron/tm_custom/install/tm_get_status:/opt/ros/humble /usr/bin/cmake --build /home/rslomron/tm_custom/build/custom_package -- -j8 -l8
[0.753s] Invoking command in '/home/rslomron/tm_custom/build/custom_package': CMAKE_PREFIX_PATH=${CMAKE_PREFIX_PATH}:/home/rslomron/tm_custom/install/tm_mod_urdf:/home/rslomron/tm_custom/install/tm_get_status:/opt/ros/humble /usr/bin/cmake --install /home/rslomron/tm_custom/build/custom_package
[0.761s] -- Install configuration: ""
[0.761s] -- Installing: /home/rslomron/tm_custom/install/custom_package/share/ament_index/resource_index/package_run_dependencies/custom_package
[0.762s] -- Installing: /home/rslomron/tm_custom/install/custom_package/share/ament_index/resource_index/parent_prefix_path/custom_package
[0.762s] -- Installing: /home/rslomron/tm_custom/install/custom_package/share/custom_package/environment/ament_prefix_path.sh
[0.762s] -- Installing: /home/rslomron/tm_custom/install/custom_package/share/custom_package/environment/ament_prefix_path.dsv
[0.762s] -- Installing: /home/rslomron/tm_custom/install/custom_package/share/custom_package/environment/path.sh
[0.762s] -- Installing: /home/rslomron/tm_custom/install/custom_package/share/custom_package/environment/path.dsv
[0.763s] -- Installing: /home/rslomron/tm_custom/install/custom_package/share/custom_package/local_setup.bash
[0.763s] -- Installing: /home/rslomron/tm_custom/install/custom_package/share/custom_package/local_setup.sh
[0.763s] -- Installing: /home/rslomron/tm_custom/install/custom_package/share/custom_package/local_setup.zsh
[0.763s] -- Installing: /home/rslomron/tm_custom/install/custom_package/share/custom_package/local_setup.dsv
[0.763s] -- Installing: /home/rslomron/tm_custom/install/custom_package/share/custom_package/package.dsv
[0.763s] -- Installing: /home/rslomron/tm_custom/install/custom_package/share/ament_index/resource_index/packages/custom_package
[0.764s] -- Installing: /home/rslomron/tm_custom/install/custom_package/share/custom_package/cmake/custom_packageConfig.cmake
[0.764s] -- Installing: /home/rslomron/tm_custom/install/custom_package/share/custom_package/cmake/custom_packageConfig-version.cmake
[0.764s] -- Installing: /home/rslomron/tm_custom/install/custom_package/share/custom_package/package.xml
[0.766s] Invoked command in '/home/rslomron/tm_custom/build/custom_package' returned '0': CMAKE_PREFIX_PATH=${CMAKE_PREFIX_PATH}:/home/rslomron/tm_custom/install/tm_mod_urdf:/home/rslomron/tm_custom/install/tm_get_status:/opt/ros/humble /usr/bin/cmake --install /home/rslomron/tm_custom/build/custom_package
