gmake[2]: *** wait: No child processes.  Stop.
gmake[2]: *** [CMakeFiles/demo_set_event.dir/build.make:76: CMakeFiles/demo_set_event.dir/src/demo_set_event.cpp.o] Interrupt
gmake[2]: *** [CMakeFiles/demo_write_item.dir/build.make:76: CMakeFiles/demo_write_item.dir/src/demo_write_item.cpp.o] Interrupt
gmake[2]: *** wait: No child processes.  Stop.
gmake[2]: *** Waiting for unfinished jobs....
gmake[2]: *** wait: No child processes.  Stop.
gmake[2]: *** [CMakeFiles/demo_get_torque_feedback.dir/build.make:76: CMakeFiles/demo_get_torque_feedback.dir/get_status_demo_src/demo_get_torque_feedback.cpp.o] Interrupt
gmake[2]: *** Waiting for unfinished jobs....
gmake[2]: *** wait: No child processes.  Stop.
gmake[1]: *** [CMakeFiles/Makefile2:319: CMakeFiles/demo_write_item.dir/all] Interrupt
gmake[1]: *** [CMakeFiles/Makefile2:241: CMakeFiles/demo_set_event.dir/all] Interrupt
gmake[1]: *** [CMakeFiles/Makefile2:163: CMakeFiles/demo_send_script.dir/all] Error 2
gmake[1]: *** [CMakeFiles/Makefile2:397: CMakeFiles/demo_get_torque_feedback.dir/all] Interrupt
gmake[2]: *** [CMakeFiles/demo_set_io.dir/build.make:76: CMakeFiles/demo_set_io.dir/src/demo_set_io.cpp.o] Interrupt
gmake[2]: *** [CMakeFiles/demo_set_positions.dir/build.make:76: CMakeFiles/demo_set_positions.dir/src/demo_set_positions.cpp.o] Interrupt
gmake[1]: *** [CMakeFiles/Makefile2:267: CMakeFiles/demo_set_io.dir/all] Interrupt
gmake[1]: *** [CMakeFiles/Makefile2:293: CMakeFiles/demo_set_positions.dir/all] Interrupt
gmake[2]: *** wait: No child processes.  Stop.
gmake[2]: *** Waiting for unfinished jobs....
gmake[2]: *** wait: No child processes.  Stop.
gmake[1]: *** [CMakeFiles/Makefile2:189: CMakeFiles/demo_ask_sta.dir/all] Error 2
gmake[1]: *** [CMakeFiles/Makefile2:215: CMakeFiles/demo_connect_tm.dir/all] Error 2
gmake: *** [Makefile:146: all] Interrupt
