[0.656s] Invoking command in '/home/rslomron/tm_custom/build/tm_moveit_cpp_demo': CMAKE_PREFIX_PATH=${CMAKE_PREFIX_PATH}:/home/rslomron/moveit2_ws/install/moveit_configs_utils:/opt/ros/humble /usr/bin/cmake /home/rslomron/tm_custom/src/tm_moveit_cpp_demo -DCMAKE_INSTALL_PREFIX=/home/rslomron/tm_custom/install/tm_moveit_cpp_demo
[0.725s] -- The C compiler identification is GNU 11.4.0
[0.815s] -- The CXX compiler identification is GNU 11.4.0
[0.827s] -- Detecting C compiler ABI info
[0.919s] -- Detecting C compiler ABI info - done
[0.926s] -- Check for working C compiler: /usr/bin/cc - skipped
[0.927s] -- Detecting C compile features
[0.927s] -- Detecting C compile features - done
[0.931s] -- Detecting CXX compiler ABI info
[1.033s] -- Detecting CXX compiler ABI info - done
[1.048s] -- Check for working CXX compiler: /usr/bin/c++ - skipped
[1.049s] -- Detecting CXX compile features
[1.049s] -- Detecting CXX compile features - done
[1.059s] -- Found ament_cmake: 1.3.8 (/opt/ros/humble/share/ament_cmake/cmake)
[1.302s] -- Found Python3: /usr/bin/python3 (found version "3.10.12") found components: Interpreter 
[1.951s] -- Found Boost: /usr/lib/x86_64-linux-gnu/cmake/Boost-1.74.0/BoostConfig.cmake (found version "1.74.0") found components: date_time filesystem program_options system thread 
[2.095s] -- Found rosidl_generator_c: 3.1.5 (/opt/ros/humble/share/rosidl_generator_c/cmake)
[2.118s] -- Found rosidl_adapter: 3.1.5 (/opt/ros/humble/share/rosidl_adapter/cmake)
[2.146s] -- Found rosidl_generator_cpp: 3.1.5 (/opt/ros/humble/share/rosidl_generator_cpp/cmake)
[2.190s] -- Using all available rosidl_typesupport_c: rosidl_typesupport_fastrtps_c;rosidl_typesupport_introspection_c
[2.252s] -- Using all available rosidl_typesupport_cpp: rosidl_typesupport_fastrtps_cpp;rosidl_typesupport_introspection_cpp
[4.121s] -- Found Boost: /usr/lib/x86_64-linux-gnu/cmake/Boost-1.74.0/BoostConfig.cmake (found version "1.74.0") found components: chrono date_time filesystem iostreams program_options regex serialization system thread 
[4.236s] -- Found parameter_traits: 0.3.8 (/opt/ros/humble/share/parameter_traits/cmake)
[4.362s] -- Found rmw_implementation_cmake: 6.1.1 (/opt/ros/humble/share/rmw_implementation_cmake/cmake)
[4.372s] -- Found rmw_fastrtps_cpp: 6.2.6 (/opt/ros/humble/share/rmw_fastrtps_cpp/cmake)
[4.528s] -- Found OpenSSL: /usr/lib/x86_64-linux-gnu/libcrypto.so (found version "3.0.2")  
[4.559s] -- Found FastRTPS: /opt/ros/humble/include  
[4.622s] -- Using RMW implementation 'rmw_fastrtps_cpp' as default
[4.647s] -- Found Threads: TRUE  
[4.837s] -- Found Eigen3: TRUE (found version "3.4.0") 
[4.844s] -- Found rclcpp_lifecycle: 16.0.8 (/opt/ros/humble/share/rclcpp_lifecycle/cmake)
[4.913s] -- Found Boost: /usr/lib/x86_64-linux-gnu/cmake/Boost-1.74.0/BoostConfig.cmake (found version "1.74.0") found components: filesystem 
[5.059s] -- library: /usr/lib/x86_64-linux-gnu/libcurl.so
[5.252s] -- Ensuring Eigen3 include directory is part of orocos-kdl CMake target
[6.078s] -- Found Boost: /usr/lib/x86_64-linux-gnu/cmake/Boost-1.74.0/BoostConfig.cmake (found version "1.74.0") found components: system filesystem date_time program_options thread chrono 
[6.711s] -- Found Boost: /usr/lib/x86_64-linux-gnu/cmake/Boost-1.74.0/BoostConfig.cmake (found version "1.74.0") found components: thread system filesystem regex date_time program_options 
[7.017s] -- Found Boost: /usr/lib/x86_64-linux-gnu/cmake/Boost-1.74.0/BoostConfig.cmake (found version "1.74.0") found components: system filesystem date_time program_options thread 
[7.591s] -- Found Boost: /usr/lib/x86_64-linux-gnu/cmake/Boost-1.74.0/BoostConfig.cmake (found version "1.74.0") found components: system 
[7.716s] -- Configuring done
[7.788s] -- Generating done
[7.792s] -- Build files have been written to: /home/rslomron/tm_custom/build/tm_moveit_cpp_demo
[7.812s] Invoked command in '/home/rslomron/tm_custom/build/tm_moveit_cpp_demo' returned '0': CMAKE_PREFIX_PATH=${CMAKE_PREFIX_PATH}:/home/rslomron/moveit2_ws/install/moveit_configs_utils:/opt/ros/humble /usr/bin/cmake /home/rslomron/tm_custom/src/tm_moveit_cpp_demo -DCMAKE_INSTALL_PREFIX=/home/rslomron/tm_custom/install/tm_moveit_cpp_demo
[7.814s] Invoking command in '/home/rslomron/tm_custom/build/tm_moveit_cpp_demo': CMAKE_PREFIX_PATH=${CMAKE_PREFIX_PATH}:/home/rslomron/moveit2_ws/install/moveit_configs_utils:/opt/ros/humble /usr/bin/cmake --build /home/rslomron/tm_custom/build/tm_moveit_cpp_demo -- -j8 -l8
[7.874s] [35m[1mConsolidate compiler generated dependencies of target run_moveit_cpp[0m
[7.952s] [100%] Built target run_moveit_cpp
[7.972s] Invoked command in '/home/rslomron/tm_custom/build/tm_moveit_cpp_demo' returned '0': CMAKE_PREFIX_PATH=${CMAKE_PREFIX_PATH}:/home/rslomron/moveit2_ws/install/moveit_configs_utils:/opt/ros/humble /usr/bin/cmake --build /home/rslomron/tm_custom/build/tm_moveit_cpp_demo -- -j8 -l8
[8.011s] Invoking command in '/home/rslomron/tm_custom/build/tm_moveit_cpp_demo': CMAKE_PREFIX_PATH=${CMAKE_PREFIX_PATH}:/home/rslomron/moveit2_ws/install/moveit_configs_utils:/opt/ros/humble /usr/bin/cmake --install /home/rslomron/tm_custom/build/tm_moveit_cpp_demo
[8.022s] -- Install configuration: ""
[8.023s] -- Up-to-date: /home/rslomron/tm_custom/install/tm_moveit_cpp_demo/lib/tm_moveit_cpp_demo/run_moveit_cpp
[8.023s] -- Up-to-date: /home/rslomron/tm_custom/install/tm_moveit_cpp_demo/share/tm_moveit_cpp_demo/launch
[8.023s] -- Up-to-date: /home/rslomron/tm_custom/install/tm_moveit_cpp_demo/share/tm_moveit_cpp_demo/launch/tm5-900_run_moveit_cpp.launch.py
[8.023s] -- Up-to-date: /home/rslomron/tm_custom/install/tm_moveit_cpp_demo/share/tm_moveit_cpp_demo/launch/tm5-700_run_moveit_cpp.launch.py
[8.024s] -- Up-to-date: /home/rslomron/tm_custom/install/tm_moveit_cpp_demo/share/tm_moveit_cpp_demo/launch/run_moveit_cpp.rviz
[8.024s] -- Up-to-date: /home/rslomron/tm_custom/install/tm_moveit_cpp_demo/share/tm_moveit_cpp_demo/launch/tm14x_run_moveit_cpp.launch.py
[8.024s] -- Up-to-date: /home/rslomron/tm_custom/install/tm_moveit_cpp_demo/share/tm_moveit_cpp_demo/launch/tm12_run_moveit_cpp.launch.py
[8.024s] -- Up-to-date: /home/rslomron/tm_custom/install/tm_moveit_cpp_demo/share/tm_moveit_cpp_demo/launch/tm12x_run_moveit_cpp.launch.py
[8.024s] -- Up-to-date: /home/rslomron/tm_custom/install/tm_moveit_cpp_demo/share/tm_moveit_cpp_demo/launch/tm14_run_moveit_cpp.launch.py
[8.024s] -- Up-to-date: /home/rslomron/tm_custom/install/tm_moveit_cpp_demo/share/tm_moveit_cpp_demo/launch/run_moveit_cpp.launch.py
[8.024s] -- Up-to-date: /home/rslomron/tm_custom/install/tm_moveit_cpp_demo/share/tm_moveit_cpp_demo/launch/tm5x-700_run_moveit_cpp.launch.py
[8.024s] -- Up-to-date: /home/rslomron/tm_custom/install/tm_moveit_cpp_demo/share/tm_moveit_cpp_demo/launch/tm5x-900_run_moveit_cpp.launch.py
[8.024s] -- Up-to-date: /home/rslomron/tm_custom/install/tm_moveit_cpp_demo/share/tm_moveit_cpp_demo/config
[8.024s] -- Up-to-date: /home/rslomron/tm_custom/install/tm_moveit_cpp_demo/share/tm_moveit_cpp_demo/config/moveit_cpp.yaml
[8.024s] -- Up-to-date: /home/rslomron/tm_custom/install/tm_moveit_cpp_demo/share/tm_moveit_cpp_demo/config/controllers.yaml
[8.024s] -- Up-to-date: /home/rslomron/tm_custom/install/tm_moveit_cpp_demo/share/ament_index/resource_index/package_run_dependencies/tm_moveit_cpp_demo
[8.024s] -- Up-to-date: /home/rslomron/tm_custom/install/tm_moveit_cpp_demo/share/ament_index/resource_index/parent_prefix_path/tm_moveit_cpp_demo
[8.025s] -- Up-to-date: /home/rslomron/tm_custom/install/tm_moveit_cpp_demo/share/tm_moveit_cpp_demo/environment/ament_prefix_path.sh
[8.025s] -- Installing: /home/rslomron/tm_custom/install/tm_moveit_cpp_demo/share/tm_moveit_cpp_demo/environment/ament_prefix_path.dsv
[8.025s] -- Up-to-date: /home/rslomron/tm_custom/install/tm_moveit_cpp_demo/share/tm_moveit_cpp_demo/environment/path.sh
[8.025s] -- Installing: /home/rslomron/tm_custom/install/tm_moveit_cpp_demo/share/tm_moveit_cpp_demo/environment/path.dsv
[8.025s] -- Up-to-date: /home/rslomron/tm_custom/install/tm_moveit_cpp_demo/share/tm_moveit_cpp_demo/local_setup.bash
[8.025s] -- Up-to-date: /home/rslomron/tm_custom/install/tm_moveit_cpp_demo/share/tm_moveit_cpp_demo/local_setup.sh
[8.026s] -- Up-to-date: /home/rslomron/tm_custom/install/tm_moveit_cpp_demo/share/tm_moveit_cpp_demo/local_setup.zsh
[8.026s] -- Installing: /home/rslomron/tm_custom/install/tm_moveit_cpp_demo/share/tm_moveit_cpp_demo/local_setup.dsv
[8.026s] -- Installing: /home/rslomron/tm_custom/install/tm_moveit_cpp_demo/share/tm_moveit_cpp_demo/package.dsv
[8.026s] -- Up-to-date: /home/rslomron/tm_custom/install/tm_moveit_cpp_demo/share/ament_index/resource_index/packages/tm_moveit_cpp_demo
[8.026s] -- Up-to-date: /home/rslomron/tm_custom/install/tm_moveit_cpp_demo/share/tm_moveit_cpp_demo/cmake/tm_moveit_cpp_demoConfig.cmake
[8.027s] -- Up-to-date: /home/rslomron/tm_custom/install/tm_moveit_cpp_demo/share/tm_moveit_cpp_demo/cmake/tm_moveit_cpp_demoConfig-version.cmake
[8.027s] -- Up-to-date: /home/rslomron/tm_custom/install/tm_moveit_cpp_demo/share/tm_moveit_cpp_demo/package.xml
[8.028s] Invoked command in '/home/rslomron/tm_custom/build/tm_moveit_cpp_demo' returned '0': CMAKE_PREFIX_PATH=${CMAKE_PREFIX_PATH}:/home/rslomron/moveit2_ws/install/moveit_configs_utils:/opt/ros/humble /usr/bin/cmake --install /home/rslomron/tm_custom/build/tm_moveit_cpp_demo
