[0.018s] Invoking command in '/home/rslomron/tm_custom/build/demo': CMAKE_PREFIX_PATH=/home/rslomron/tm_custom/install/tm_msgs:/home/rslomron/tm_custom/install/ui_for_debug_and_demo:/home/rslomron/tm_custom/install/tm_driver:/home/rslomron/tm_custom/install/demo:/home/rslomron/tm_custom/install/tm_moveit_cpp_demo:/home/rslomron/tm_custom/install/tm_moveit_config_tm5x-900:/home/rslomron/tm_custom/install/tm_moveit_config_tm5x-700:/home/rslomron/tm_custom/install/tm_moveit_config_tm5-900:/home/rslomron/tm_custom/install/tm_moveit_config_tm5-700:/home/rslomron/tm_custom/install/tm_moveit_config_tm14x:/home/rslomron/tm_custom/install/tm_moveit_config_tm14:/home/rslomron/tm_custom/install/tm_moveit_config_tm12x:/home/rslomron/tm_custom/install/tm_moveit_config_tm12:/home/rslomron/tm_custom/install/tm_description:/home/rslomron/tm_custom/install/custom_package:/home/rslomron/tm_custom/install/techman_robot_msgs:/home/rslomron/tm_custom/install/tm_mod_urdf:/home/rslomron/tm_custom/install/techman_robot_get_status:/opt/ros/humble /usr/bin/cmake --build /home/rslomron/tm_custom/build/demo -- -j8 -l8
[0.105s] [  7%] Built target demo_set_positions
[0.115s] [ 21%] Built target demo_write_item
[0.115s] [ 21%] Built target demo_send_script
[0.117s] [ 28%] Built target demo_set_io
[0.120s] [ 35%] Built target demo_ask_item
[0.125s] [ 42%] Built target demo_connect_tm
[0.128s] [ 53%] Built target demo_set_event
[0.129s] [ 57%] Built target demo_ask_sta
[0.158s] [ 64%] Built target demo_get_feedback
[0.173s] [ 71%] Built target demo_get_sct_response
[0.173s] [ 82%] Built target demo_get_sta_response
[0.173s] [ 85%] Built target demo_get_torque_feedback
[0.178s] [ 92%] Built target demo_leave_listen_node
[0.184s] [100%] Built target demo_get_svr_response
[0.198s] Invoked command in '/home/rslomron/tm_custom/build/demo' returned '0': CMAKE_PREFIX_PATH=/home/rslomron/tm_custom/install/tm_msgs:/home/rslomron/tm_custom/install/ui_for_debug_and_demo:/home/rslomron/tm_custom/install/tm_driver:/home/rslomron/tm_custom/install/demo:/home/rslomron/tm_custom/install/tm_moveit_cpp_demo:/home/rslomron/tm_custom/install/tm_moveit_config_tm5x-900:/home/rslomron/tm_custom/install/tm_moveit_config_tm5x-700:/home/rslomron/tm_custom/install/tm_moveit_config_tm5-900:/home/rslomron/tm_custom/install/tm_moveit_config_tm5-700:/home/rslomron/tm_custom/install/tm_moveit_config_tm14x:/home/rslomron/tm_custom/install/tm_moveit_config_tm14:/home/rslomron/tm_custom/install/tm_moveit_config_tm12x:/home/rslomron/tm_custom/install/tm_moveit_config_tm12:/home/rslomron/tm_custom/install/tm_description:/home/rslomron/tm_custom/install/custom_package:/home/rslomron/tm_custom/install/techman_robot_msgs:/home/rslomron/tm_custom/install/tm_mod_urdf:/home/rslomron/tm_custom/install/techman_robot_get_status:/opt/ros/humble /usr/bin/cmake --build /home/rslomron/tm_custom/build/demo -- -j8 -l8
[0.264s] Invoking command in '/home/rslomron/tm_custom/build/demo': CMAKE_PREFIX_PATH=/home/rslomron/tm_custom/install/tm_msgs:/home/rslomron/tm_custom/install/ui_for_debug_and_demo:/home/rslomron/tm_custom/install/tm_driver:/home/rslomron/tm_custom/install/demo:/home/rslomron/tm_custom/install/tm_moveit_cpp_demo:/home/rslomron/tm_custom/install/tm_moveit_config_tm5x-900:/home/rslomron/tm_custom/install/tm_moveit_config_tm5x-700:/home/rslomron/tm_custom/install/tm_moveit_config_tm5-900:/home/rslomron/tm_custom/install/tm_moveit_config_tm5-700:/home/rslomron/tm_custom/install/tm_moveit_config_tm14x:/home/rslomron/tm_custom/install/tm_moveit_config_tm14:/home/rslomron/tm_custom/install/tm_moveit_config_tm12x:/home/rslomron/tm_custom/install/tm_moveit_config_tm12:/home/rslomron/tm_custom/install/tm_description:/home/rslomron/tm_custom/install/custom_package:/home/rslomron/tm_custom/install/techman_robot_msgs:/home/rslomron/tm_custom/install/tm_mod_urdf:/home/rslomron/tm_custom/install/techman_robot_get_status:/opt/ros/humble /usr/bin/cmake --install /home/rslomron/tm_custom/build/demo
[0.272s] -- Install configuration: ""
[0.272s] -- Up-to-date: /home/rslomron/tm_custom/install/demo/lib/demo/demo_send_script
[0.272s] -- Up-to-date: /home/rslomron/tm_custom/install/demo/lib/demo/demo_ask_sta
[0.273s] -- Up-to-date: /home/rslomron/tm_custom/install/demo/lib/demo/demo_connect_tm
[0.273s] -- Up-to-date: /home/rslomron/tm_custom/install/demo/lib/demo/demo_set_event
[0.273s] -- Up-to-date: /home/rslomron/tm_custom/install/demo/lib/demo/demo_set_io
[0.274s] -- Up-to-date: /home/rslomron/tm_custom/install/demo/lib/demo/demo_set_positions
[0.274s] -- Up-to-date: /home/rslomron/tm_custom/install/demo/lib/demo/demo_write_item
[0.275s] -- Up-to-date: /home/rslomron/tm_custom/install/demo/lib/demo/demo_ask_item
[0.275s] -- Up-to-date: /home/rslomron/tm_custom/install/demo/lib/demo/demo_get_feedback
[0.276s] -- Up-to-date: /home/rslomron/tm_custom/install/demo/lib/demo/demo_get_torque_feedback
[0.276s] -- Up-to-date: /home/rslomron/tm_custom/install/demo/lib/demo/demo_get_sct_response
[0.276s] -- Up-to-date: /home/rslomron/tm_custom/install/demo/lib/demo/demo_get_sta_response
[0.277s] -- Up-to-date: /home/rslomron/tm_custom/install/demo/lib/demo/demo_get_svr_response
[0.277s] -- Up-to-date: /home/rslomron/tm_custom/install/demo/lib/demo/demo_leave_listen_node
[0.277s] -- Up-to-date: /home/rslomron/tm_custom/install/demo/share/ament_index/resource_index/package_run_dependencies/demo
[0.278s] -- Up-to-date: /home/rslomron/tm_custom/install/demo/share/ament_index/resource_index/parent_prefix_path/demo
[0.278s] -- Up-to-date: /home/rslomron/tm_custom/install/demo/share/demo/environment/ament_prefix_path.sh
[0.278s] -- Up-to-date: /home/rslomron/tm_custom/install/demo/share/demo/environment/ament_prefix_path.dsv
[0.278s] -- Up-to-date: /home/rslomron/tm_custom/install/demo/share/demo/environment/path.sh
[0.278s] -- Up-to-date: /home/rslomron/tm_custom/install/demo/share/demo/environment/path.dsv
[0.279s] -- Up-to-date: /home/rslomron/tm_custom/install/demo/share/demo/local_setup.bash
[0.279s] -- Up-to-date: /home/rslomron/tm_custom/install/demo/share/demo/local_setup.sh
[0.279s] -- Up-to-date: /home/rslomron/tm_custom/install/demo/share/demo/local_setup.zsh
[0.279s] -- Up-to-date: /home/rslomron/tm_custom/install/demo/share/demo/local_setup.dsv
[0.279s] -- Installing: /home/rslomron/tm_custom/install/demo/share/demo/package.dsv
[0.279s] -- Up-to-date: /home/rslomron/tm_custom/install/demo/share/ament_index/resource_index/packages/demo
[0.279s] -- Up-to-date: /home/rslomron/tm_custom/install/demo/share/demo/cmake/demoConfig.cmake
[0.279s] -- Up-to-date: /home/rslomron/tm_custom/install/demo/share/demo/cmake/demoConfig-version.cmake
[0.279s] -- Up-to-date: /home/rslomron/tm_custom/install/demo/share/demo/package.xml
[0.281s] Invoked command in '/home/rslomron/tm_custom/build/demo' returned '0': CMAKE_PREFIX_PATH=/home/rslomron/tm_custom/install/tm_msgs:/home/rslomron/tm_custom/install/ui_for_debug_and_demo:/home/rslomron/tm_custom/install/tm_driver:/home/rslomron/tm_custom/install/demo:/home/rslomron/tm_custom/install/tm_moveit_cpp_demo:/home/rslomron/tm_custom/install/tm_moveit_config_tm5x-900:/home/rslomron/tm_custom/install/tm_moveit_config_tm5x-700:/home/rslomron/tm_custom/install/tm_moveit_config_tm5-900:/home/rslomron/tm_custom/install/tm_moveit_config_tm5-700:/home/rslomron/tm_custom/install/tm_moveit_config_tm14x:/home/rslomron/tm_custom/install/tm_moveit_config_tm14:/home/rslomron/tm_custom/install/tm_moveit_config_tm12x:/home/rslomron/tm_custom/install/tm_moveit_config_tm12:/home/rslomron/tm_custom/install/tm_description:/home/rslomron/tm_custom/install/custom_package:/home/rslomron/tm_custom/install/techman_robot_msgs:/home/rslomron/tm_custom/install/tm_mod_urdf:/home/rslomron/tm_custom/install/techman_robot_get_status:/opt/ros/humble /usr/bin/cmake --install /home/rslomron/tm_custom/build/demo
