[0.011s] Invoking command in '/home/rslomron/tm_custom/build/ui_for_debug_and_demo': AMENT_PREFIX_PATH=/home/rslomron/tm_custom/install/tm_msgs CMAKE_PREFIX_PATH=/home/rslomron/tm_custom/install/tm_msgs LD_LIBRARY_PATH=/home/rslomron/tm_custom/install/tm_msgs/lib PYTHONPATH=/home/rslomron/tm_custom/install/tm_msgs/local/lib/python3.10/dist-packages /usr/bin/cmake --build /home/rslomron/tm_custom/build/ui_for_debug_and_demo -- -j8 -l8
[0.077s] [ 14%] [34m[1mAutomatic MOC and UIC for target robot_ui[0m
[1.032s] [ 14%] Built target robot_ui_autogen
[1.073s] [ 28%] [32mBuilding CXX object CMakeFiles/robot_ui.dir/robot_ui_autogen/mocs_compilation.cpp.o[0m
[1.077s] [ 42%] [32mBuilding CXX object CMakeFiles/robot_ui.dir/src/ros_page.cpp.o[0m
[1.086s] [ 57%] [32mBuilding CXX object CMakeFiles/robot_ui.dir/src/main.cpp.o[0m
[1.093s] [ 71%] [32mBuilding CXX object CMakeFiles/robot_ui.dir/src/tm_ros_driver_windows.cpp.o[0m
[19.452s] [ 85%] [32m[1mLinking CXX executable robot_ui[0m
[21.150s] [100%] Built target robot_ui
[21.162s] Invoked command in '/home/rslomron/tm_custom/build/ui_for_debug_and_demo' returned '0': AMENT_PREFIX_PATH=/home/rslomron/tm_custom/install/tm_msgs CMAKE_PREFIX_PATH=/home/rslomron/tm_custom/install/tm_msgs LD_LIBRARY_PATH=/home/rslomron/tm_custom/install/tm_msgs/lib PYTHONPATH=/home/rslomron/tm_custom/install/tm_msgs/local/lib/python3.10/dist-packages /usr/bin/cmake --build /home/rslomron/tm_custom/build/ui_for_debug_and_demo -- -j8 -l8
[21.192s] Invoking command in '/home/rslomron/tm_custom/build/ui_for_debug_and_demo': AMENT_PREFIX_PATH=/home/rslomron/tm_custom/install/tm_msgs CMAKE_PREFIX_PATH=/home/rslomron/tm_custom/install/tm_msgs LD_LIBRARY_PATH=/home/rslomron/tm_custom/install/tm_msgs/lib PYTHONPATH=/home/rslomron/tm_custom/install/tm_msgs/local/lib/python3.10/dist-packages /usr/bin/cmake --install /home/rslomron/tm_custom/build/ui_for_debug_and_demo
[21.200s] -- Install configuration: ""
[21.202s] -- Installing: /home/rslomron/tm_custom/install/ui_for_debug_and_demo/lib/ui_for_debug_and_demo/robot_ui
[21.211s] -- Set runtime path of "/home/rslomron/tm_custom/install/ui_for_debug_and_demo/lib/ui_for_debug_and_demo/robot_ui" to ""
[21.211s] -- Up-to-date: /home/rslomron/tm_custom/install/ui_for_debug_and_demo/share/ui_for_debug_and_demo/launch
[21.211s] -- Up-to-date: /home/rslomron/tm_custom/install/ui_for_debug_and_demo/share/ui_for_debug_and_demo/launch/tm_gui.launch.py
[21.212s] -- Up-to-date: /home/rslomron/tm_custom/install/ui_for_debug_and_demo/share/ament_index/resource_index/package_run_dependencies/ui_for_debug_and_demo
[21.212s] -- Up-to-date: /home/rslomron/tm_custom/install/ui_for_debug_and_demo/share/ament_index/resource_index/parent_prefix_path/ui_for_debug_and_demo
[21.212s] -- Up-to-date: /home/rslomron/tm_custom/install/ui_for_debug_and_demo/share/ui_for_debug_and_demo/environment/ament_prefix_path.sh
[21.212s] -- Up-to-date: /home/rslomron/tm_custom/install/ui_for_debug_and_demo/share/ui_for_debug_and_demo/environment/ament_prefix_path.dsv
[21.212s] -- Up-to-date: /home/rslomron/tm_custom/install/ui_for_debug_and_demo/share/ui_for_debug_and_demo/environment/path.sh
[21.212s] -- Up-to-date: /home/rslomron/tm_custom/install/ui_for_debug_and_demo/share/ui_for_debug_and_demo/environment/path.dsv
[21.213s] -- Up-to-date: /home/rslomron/tm_custom/install/ui_for_debug_and_demo/share/ui_for_debug_and_demo/local_setup.bash
[21.213s] -- Up-to-date: /home/rslomron/tm_custom/install/ui_for_debug_and_demo/share/ui_for_debug_and_demo/local_setup.sh
[21.213s] -- Up-to-date: /home/rslomron/tm_custom/install/ui_for_debug_and_demo/share/ui_for_debug_and_demo/local_setup.zsh
[21.213s] -- Up-to-date: /home/rslomron/tm_custom/install/ui_for_debug_and_demo/share/ui_for_debug_and_demo/local_setup.dsv
[21.213s] -- Installing: /home/rslomron/tm_custom/install/ui_for_debug_and_demo/share/ui_for_debug_and_demo/package.dsv
[21.213s] -- Up-to-date: /home/rslomron/tm_custom/install/ui_for_debug_and_demo/share/ament_index/resource_index/packages/ui_for_debug_and_demo
[21.213s] -- Up-to-date: /home/rslomron/tm_custom/install/ui_for_debug_and_demo/share/ui_for_debug_and_demo/cmake/ui_for_debug_and_demoConfig.cmake
[21.213s] -- Up-to-date: /home/rslomron/tm_custom/install/ui_for_debug_and_demo/share/ui_for_debug_and_demo/cmake/ui_for_debug_and_demoConfig-version.cmake
[21.214s] -- Up-to-date: /home/rslomron/tm_custom/install/ui_for_debug_and_demo/share/ui_for_debug_and_demo/package.xml
[21.215s] Invoked command in '/home/rslomron/tm_custom/build/ui_for_debug_and_demo' returned '0': AMENT_PREFIX_PATH=/home/rslomron/tm_custom/install/tm_msgs CMAKE_PREFIX_PATH=/home/rslomron/tm_custom/install/tm_msgs LD_LIBRARY_PATH=/home/rslomron/tm_custom/install/tm_msgs/lib PYTHONPATH=/home/rslomron/tm_custom/install/tm_msgs/local/lib/python3.10/dist-packages /usr/bin/cmake --install /home/rslomron/tm_custom/build/ui_for_debug_and_demo
