-- Install configuration: ""
-- Up-to-date: /home/rslomron/tm_custom/install/tm_moveit_config_tm14/share/ament_index/resource_index/package_run_dependencies/tm_moveit_config_tm14
-- Up-to-date: /home/rslomron/tm_custom/install/tm_moveit_config_tm14/share/ament_index/resource_index/parent_prefix_path/tm_moveit_config_tm14
-- Up-to-date: /home/rslomron/tm_custom/install/tm_moveit_config_tm14/share/tm_moveit_config_tm14/environment/ament_prefix_path.sh
-- Up-to-date: /home/rslomron/tm_custom/install/tm_moveit_config_tm14/share/tm_moveit_config_tm14/environment/ament_prefix_path.dsv
-- Up-to-date: /home/rslomron/tm_custom/install/tm_moveit_config_tm14/share/tm_moveit_config_tm14/environment/path.sh
-- Up-to-date: /home/rslomron/tm_custom/install/tm_moveit_config_tm14/share/tm_moveit_config_tm14/environment/path.dsv
-- Up-to-date: /home/rslomron/tm_custom/install/tm_moveit_config_tm14/share/tm_moveit_config_tm14/local_setup.bash
-- Up-to-date: /home/rslomron/tm_custom/install/tm_moveit_config_tm14/share/tm_moveit_config_tm14/local_setup.sh
-- Up-to-date: /home/rslomron/tm_custom/install/tm_moveit_config_tm14/share/tm_moveit_config_tm14/local_setup.zsh
-- Up-to-date: /home/rslomron/tm_custom/install/tm_moveit_config_tm14/share/tm_moveit_config_tm14/local_setup.dsv
-- Installing: /home/rslomron/tm_custom/install/tm_moveit_config_tm14/share/tm_moveit_config_tm14/package.dsv
-- Up-to-date: /home/rslomron/tm_custom/install/tm_moveit_config_tm14/share/ament_index/resource_index/packages/tm_moveit_config_tm14
-- Up-to-date: /home/rslomron/tm_custom/install/tm_moveit_config_tm14/share/tm_moveit_config_tm14/cmake/tm_moveit_config_tm14Config.cmake
-- Up-to-date: /home/rslomron/tm_custom/install/tm_moveit_config_tm14/share/tm_moveit_config_tm14/cmake/tm_moveit_config_tm14Config-version.cmake
-- Up-to-date: /home/rslomron/tm_custom/install/tm_moveit_config_tm14/share/tm_moveit_config_tm14/package.xml
-- Up-to-date: /home/rslomron/tm_custom/install/tm_moveit_config_tm14/share/tm_moveit_config_tm14/config
-- Up-to-date: /home/rslomron/tm_custom/install/tm_moveit_config_tm14/share/tm_moveit_config_tm14/config/ros_controllers.yaml
-- Up-to-date: /home/rslomron/tm_custom/install/tm_moveit_config_tm14/share/tm_moveit_config_tm14/config/tm14.srdf
-- Up-to-date: /home/rslomron/tm_custom/install/tm_moveit_config_tm14/share/tm_moveit_config_tm14/config/fake_controllers.yaml
-- Up-to-date: /home/rslomron/tm_custom/install/tm_moveit_config_tm14/share/tm_moveit_config_tm14/config/stomp_planning.yaml
-- Up-to-date: /home/rslomron/tm_custom/install/tm_moveit_config_tm14/share/tm_moveit_config_tm14/config/ompl_planning.yaml
-- Up-to-date: /home/rslomron/tm_custom/install/tm_moveit_config_tm14/share/tm_moveit_config_tm14/config/chomp_planning.yaml
-- Up-to-date: /home/rslomron/tm_custom/install/tm_moveit_config_tm14/share/tm_moveit_config_tm14/config/sensors_3d.yaml
-- Up-to-date: /home/rslomron/tm_custom/install/tm_moveit_config_tm14/share/tm_moveit_config_tm14/config/kinematics.yaml
-- Up-to-date: /home/rslomron/tm_custom/install/tm_moveit_config_tm14/share/tm_moveit_config_tm14/config/joint_limits.yaml
