[0.046s] Invoking command in '/home/rslomron/MoMa/tm_custom/build/tm_driver': AMENT_PREFIX_PATH=/home/rslomron/MoMa/tm_custom/install/tm_msgs:${AMENT_PREFIX_PATH} CMAKE_PREFIX_PATH=/home/rslomron/MoMa/tm_custom/install/tm_msgs:/opt/ros/humble LD_LIBRARY_PATH=/home/rslomron/MoMa/tm_custom/install/tm_msgs/lib:${LD_LIBRARY_PATH} PYTHONPATH=/home/rslomron/MoMa/tm_custom/install/tm_msgs/local/lib/python3.10/dist-packages:${PYTHONPATH} /usr/bin/cmake /home/rslomron/MoMa/tm_custom/src/tm_driver -DCMAKE_INSTALL_PREFIX=/home/rslomron/MoMa/tm_custom/install/tm_driver
[1.131s] -- The C compiler identification is GNU 11.4.0
[1.131s] -- The CXX compiler identification is GNU 11.4.0
[1.131s] -- Detecting C compiler ABI info
[1.131s] -- Detecting C compiler ABI info - done
[1.131s] -- Check for working C compiler: /usr/bin/cc - skipped
[1.131s] -- Detecting C compile features
[1.131s] -- Detecting C compile features - done
[1.131s] -- Detecting CXX compiler ABI info
[1.204s] -- Detecting CXX compiler ABI info - done
[1.243s] -- Check for working CXX compiler: /usr/bin/c++ - skipped
[1.243s] -- Detecting CXX compile features
[1.243s] -- Detecting CXX compile features - done
[1.243s] -- Found ament_cmake: 1.3.8 (/opt/ros/humble/share/ament_cmake/cmake)
[1.625s] -- Found Python3: /usr/bin/python3 (found version "3.10.12") found components: Interpreter 
[1.839s] -- Found rclcpp: 16.0.8 (/opt/ros/humble/share/rclcpp/cmake)
[1.944s] -- Found rosidl_generator_c: 3.1.5 (/opt/ros/humble/share/rosidl_generator_c/cmake)
[1.953s] -- Found rosidl_adapter: 3.1.5 (/opt/ros/humble/share/rosidl_adapter/cmake)
[1.969s] -- Found rosidl_generator_cpp: 3.1.5 (/opt/ros/humble/share/rosidl_generator_cpp/cmake)
[1.999s] -- Using all available rosidl_typesupport_c: rosidl_typesupport_fastrtps_c;rosidl_typesupport_introspection_c
[2.048s] -- Using all available rosidl_typesupport_cpp: rosidl_typesupport_fastrtps_cpp;rosidl_typesupport_introspection_cpp
[2.195s] -- Found rmw_implementation_cmake: 6.1.1 (/opt/ros/humble/share/rmw_implementation_cmake/cmake)
[2.195s] -- Found rmw_fastrtps_cpp: 6.2.6 (/opt/ros/humble/share/rmw_fastrtps_cpp/cmake)
[2.474s] -- Found OpenSSL: /usr/lib/x86_64-linux-gnu/libcrypto.so (found version "3.0.2")  
[2.611s] -- Found FastRTPS: /opt/ros/humble/include  
[2.711s] -- Using RMW implementation 'rmw_fastrtps_cpp' as default
[2.732s] -- Looking for pthread.h
[2.942s] -- Looking for pthread.h - found
[2.942s] -- Performing Test CMAKE_HAVE_LIBC_PTHREAD
[3.100s] -- Performing Test CMAKE_HAVE_LIBC_PTHREAD - Success
[3.100s] -- Found Threads: TRUE  
[3.406s] -- Found sensor_msgs: 4.2.3 (/opt/ros/humble/share/sensor_msgs/cmake)
[3.706s] -- Found tm_msgs: 1.1.2 (/home/rslomron/MoMa/tm_custom/install/tm_msgs/share/tm_msgs/cmake)
[3.805s] -- Found ament_lint_auto: 0.12.10 (/opt/ros/humble/share/ament_lint_auto/cmake)
[3.966s] -- Added test 'copyright' to check source files copyright and LICENSE
[3.968s] -- Added test 'cppcheck' to perform static code analysis on C / C++ code
[3.968s] -- Configured cppcheck include dirs: /home/rslomron/MoMa/tm_custom/src/tm_driver/include
[3.969s] -- Configured cppcheck exclude dirs and/or files: 
[3.972s] -- Added test 'cpplint' to check C / C++ code against the Google style
[3.972s] -- Configured cpplint exclude dirs and/or files: 
[3.974s] -- Added test 'flake8' to check Python code syntax and style conventions
[3.975s] -- Added test 'lint_cmake' to check CMake code style
[3.977s] -- Added test 'pep257' to check Python code against some of the docstring style conventions in PEP 257
[3.984s] -- Added test 'uncrustify' to check C / C++ code style
[3.984s] -- Configured uncrustify additional arguments: 
[3.986s] -- Added test 'xmllint' to check XML markup files
[3.989s] -- Configuring done
[4.010s] -- Generating done
[4.013s] -- Build files have been written to: /home/rslomron/MoMa/tm_custom/build/tm_driver
[4.034s] Invoked command in '/home/rslomron/MoMa/tm_custom/build/tm_driver' returned '0': AMENT_PREFIX_PATH=/home/rslomron/MoMa/tm_custom/install/tm_msgs:${AMENT_PREFIX_PATH} CMAKE_PREFIX_PATH=/home/rslomron/MoMa/tm_custom/install/tm_msgs:/opt/ros/humble LD_LIBRARY_PATH=/home/rslomron/MoMa/tm_custom/install/tm_msgs/lib:${LD_LIBRARY_PATH} PYTHONPATH=/home/rslomron/MoMa/tm_custom/install/tm_msgs/local/lib/python3.10/dist-packages:${PYTHONPATH} /usr/bin/cmake /home/rslomron/MoMa/tm_custom/src/tm_driver -DCMAKE_INSTALL_PREFIX=/home/rslomron/MoMa/tm_custom/install/tm_driver
[4.035s] Invoking command in '/home/rslomron/MoMa/tm_custom/build/tm_driver': AMENT_PREFIX_PATH=/home/rslomron/MoMa/tm_custom/install/tm_msgs:${AMENT_PREFIX_PATH} CMAKE_PREFIX_PATH=/home/rslomron/MoMa/tm_custom/install/tm_msgs:/opt/ros/humble LD_LIBRARY_PATH=/home/rslomron/MoMa/tm_custom/install/tm_msgs/lib:${LD_LIBRARY_PATH} PYTHONPATH=/home/rslomron/MoMa/tm_custom/install/tm_msgs/local/lib/python3.10/dist-packages:${PYTHONPATH} /usr/bin/cmake --build /home/rslomron/MoMa/tm_custom/build/tm_driver -- -j8 -l8
[4.181s] [  6%] [32mBuilding CXX object CMakeFiles/tm_driver.dir/src/tm_ros2_composition.cpp.o[0m
[4.224s] [ 13%] [32mBuilding CXX object CMakeFiles/tm_driver.dir/src/tm_ros2_sct.cpp.o[0m
[4.225s] [ 20%] [32mBuilding CXX object CMakeFiles/tm_driver.dir/src/tm_ros2_svr.cpp.o[0m
[4.235s] [ 26%] [32mBuilding CXX object CMakeFiles/tm_driver.dir/src/tm_driver.cpp.o[0m
[4.275s] [ 33%] [32mBuilding CXX object CMakeFiles/tm_driver.dir/src/tm_command.cpp.o[0m
[4.291s] [ 40%] [32mBuilding CXX object CMakeFiles/tm_driver.dir/src/tm_communication.cpp.o[0m
[4.294s] [ 46%] [32mBuilding CXX object CMakeFiles/tm_driver.dir/src/tm_sct_communication.cpp.o[0m
[4.324s] [ 53%] [32mBuilding CXX object CMakeFiles/tm_driver.dir/src/tm_svr_communication.cpp.o[0m
[8.730s] [ 60%] [32mBuilding CXX object CMakeFiles/tm_driver.dir/src/tm_robot_state.cpp.o[0m
[34.286s] [ 66%] [32mBuilding CXX object CMakeFiles/tm_driver.dir/src/tm_ethernet_slave_connect.cpp.o[0m
[37.446s] [ 73%] [32mBuilding CXX object CMakeFiles/tm_driver.dir/src/tm_listen_node_connect.cpp.o[0m
[40.550s] [ 80%] [32mBuilding CXX object CMakeFiles/tm_driver.dir/src/tm_driver_utilities.cpp.o[0m
[41.237s] [ 86%] [32mBuilding CXX object CMakeFiles/tm_driver.dir/src/tm_print.cpp.o[0m
[44.338s] [ 93%] [32mBuilding CXX object CMakeFiles/tm_driver.dir/src/tm_packet.cpp.o[0m
[47.502s] [100%] [32m[1mLinking CXX executable tm_driver[0m
[48.325s] [100%] Built target tm_driver
[48.336s] Invoked command in '/home/rslomron/MoMa/tm_custom/build/tm_driver' returned '0': AMENT_PREFIX_PATH=/home/rslomron/MoMa/tm_custom/install/tm_msgs:${AMENT_PREFIX_PATH} CMAKE_PREFIX_PATH=/home/rslomron/MoMa/tm_custom/install/tm_msgs:/opt/ros/humble LD_LIBRARY_PATH=/home/rslomron/MoMa/tm_custom/install/tm_msgs/lib:${LD_LIBRARY_PATH} PYTHONPATH=/home/rslomron/MoMa/tm_custom/install/tm_msgs/local/lib/python3.10/dist-packages:${PYTHONPATH} /usr/bin/cmake --build /home/rslomron/MoMa/tm_custom/build/tm_driver -- -j8 -l8
[48.390s] Invoking command in '/home/rslomron/MoMa/tm_custom/build/tm_driver': AMENT_PREFIX_PATH=/home/rslomron/MoMa/tm_custom/install/tm_msgs:${AMENT_PREFIX_PATH} CMAKE_PREFIX_PATH=/home/rslomron/MoMa/tm_custom/install/tm_msgs:/opt/ros/humble LD_LIBRARY_PATH=/home/rslomron/MoMa/tm_custom/install/tm_msgs/lib:${LD_LIBRARY_PATH} PYTHONPATH=/home/rslomron/MoMa/tm_custom/install/tm_msgs/local/lib/python3.10/dist-packages:${PYTHONPATH} /usr/bin/cmake --install /home/rslomron/MoMa/tm_custom/build/tm_driver
[48.398s] -- Install configuration: ""
[48.398s] -- Installing: /home/rslomron/MoMa/tm_custom/install/tm_driver/lib/tm_driver/tm_driver
[48.403s] -- Set runtime path of "/home/rslomron/MoMa/tm_custom/install/tm_driver/lib/tm_driver/tm_driver" to ""
[48.403s] -- Installing: /home/rslomron/MoMa/tm_custom/install/tm_driver/share/tm_driver/launch
[48.403s] -- Installing: /home/rslomron/MoMa/tm_custom/install/tm_driver/share/tm_driver/launch/tm_bringup.launch.py
[48.403s] -- Installing: /home/rslomron/MoMa/tm_custom/install/tm_driver/share/ament_index/resource_index/package_run_dependencies/tm_driver
[48.403s] -- Installing: /home/rslomron/MoMa/tm_custom/install/tm_driver/share/ament_index/resource_index/parent_prefix_path/tm_driver
[48.403s] -- Installing: /home/rslomron/MoMa/tm_custom/install/tm_driver/share/tm_driver/environment/ament_prefix_path.sh
[48.404s] -- Installing: /home/rslomron/MoMa/tm_custom/install/tm_driver/share/tm_driver/environment/ament_prefix_path.dsv
[48.404s] -- Installing: /home/rslomron/MoMa/tm_custom/install/tm_driver/share/tm_driver/environment/path.sh
[48.404s] -- Installing: /home/rslomron/MoMa/tm_custom/install/tm_driver/share/tm_driver/environment/path.dsv
[48.404s] -- Installing: /home/rslomron/MoMa/tm_custom/install/tm_driver/share/tm_driver/local_setup.bash
[48.404s] -- Installing: /home/rslomron/MoMa/tm_custom/install/tm_driver/share/tm_driver/local_setup.sh
[48.404s] -- Installing: /home/rslomron/MoMa/tm_custom/install/tm_driver/share/tm_driver/local_setup.zsh
[48.404s] -- Installing: /home/rslomron/MoMa/tm_custom/install/tm_driver/share/tm_driver/local_setup.dsv
[48.405s] -- Installing: /home/rslomron/MoMa/tm_custom/install/tm_driver/share/tm_driver/package.dsv
[48.405s] -- Installing: /home/rslomron/MoMa/tm_custom/install/tm_driver/share/ament_index/resource_index/packages/tm_driver
[48.405s] -- Installing: /home/rslomron/MoMa/tm_custom/install/tm_driver/share/tm_driver/cmake/tm_driverConfig.cmake
[48.405s] -- Installing: /home/rslomron/MoMa/tm_custom/install/tm_driver/share/tm_driver/cmake/tm_driverConfig-version.cmake
[48.405s] -- Installing: /home/rslomron/MoMa/tm_custom/install/tm_driver/share/tm_driver/package.xml
[48.408s] Invoked command in '/home/rslomron/MoMa/tm_custom/build/tm_driver' returned '0': AMENT_PREFIX_PATH=/home/rslomron/MoMa/tm_custom/install/tm_msgs:${AMENT_PREFIX_PATH} CMAKE_PREFIX_PATH=/home/rslomron/MoMa/tm_custom/install/tm_msgs:/opt/ros/humble LD_LIBRARY_PATH=/home/rslomron/MoMa/tm_custom/install/tm_msgs/lib:${LD_LIBRARY_PATH} PYTHONPATH=/home/rslomron/MoMa/tm_custom/install/tm_msgs/local/lib/python3.10/dist-packages:${PYTHONPATH} /usr/bin/cmake --install /home/rslomron/MoMa/tm_custom/build/tm_driver
