running egg_info
writing ../../build/techman_robot_get_status/techman_robot_get_status.egg-info/PKG-INFO
writing dependency_links to ../../build/techman_robot_get_status/techman_robot_get_status.egg-info/dependency_links.txt
writing entry points to ../../build/techman_robot_get_status/techman_robot_get_status.egg-info/entry_points.txt
writing requirements to ../../build/techman_robot_get_status/techman_robot_get_status.egg-info/requires.txt
writing top-level names to ../../build/techman_robot_get_status/techman_robot_get_status.egg-info/top_level.txt
reading manifest file '../../build/techman_robot_get_status/techman_robot_get_status.egg-info/SOURCES.txt'
writing manifest file '../../build/techman_robot_get_status/techman_robot_get_status.egg-info/SOURCES.txt'
running build
running build_py
copying techman_robot_get_status/image_pub.py -> /home/rslomron/tm_custom/build/techman_robot_get_status/build/lib/techman_robot_get_status
copying techman_robot_get_status/translate_jason_to_list.py -> /home/rslomron/tm_custom/build/techman_robot_get_status/build/lib/techman_robot_get_status
copying techman_robot_get_status/get_status.py -> /home/rslomron/tm_custom/build/techman_robot_get_status/build/lib/techman_robot_get_status
running install
running install_lib
copying /home/rslomron/tm_custom/build/techman_robot_get_status/build/lib/techman_robot_get_status/image_pub.py -> /home/rslomron/tm_custom/install/techman_robot_get_status/lib/python3.10/site-packages/techman_robot_get_status
copying /home/rslomron/tm_custom/build/techman_robot_get_status/build/lib/techman_robot_get_status/translate_jason_to_list.py -> /home/rslomron/tm_custom/install/techman_robot_get_status/lib/python3.10/site-packages/techman_robot_get_status
copying /home/rslomron/tm_custom/build/techman_robot_get_status/build/lib/techman_robot_get_status/get_status.py -> /home/rslomron/tm_custom/install/techman_robot_get_status/lib/python3.10/site-packages/techman_robot_get_status
byte-compiling /home/rslomron/tm_custom/install/techman_robot_get_status/lib/python3.10/site-packages/techman_robot_get_status/image_pub.py to image_pub.cpython-310.pyc
byte-compiling /home/rslomron/tm_custom/install/techman_robot_get_status/lib/python3.10/site-packages/techman_robot_get_status/translate_jason_to_list.py to translate_jason_to_list.cpython-310.pyc
byte-compiling /home/rslomron/tm_custom/install/techman_robot_get_status/lib/python3.10/site-packages/techman_robot_get_status/get_status.py to get_status.cpython-310.pyc
running install_data
running install_egg_info
removing '/home/rslomron/tm_custom/install/techman_robot_get_status/lib/python3.10/site-packages/techman_robot_get_status-1.0.0-py3.10.egg-info' (and everything under it)
Copying ../../build/techman_robot_get_status/techman_robot_get_status.egg-info to /home/rslomron/tm_custom/install/techman_robot_get_status/lib/python3.10/site-packages/techman_robot_get_status-1.0.0-py3.10.egg-info
running install_scripts
Installing image_talker script to /home/rslomron/tm_custom/install/techman_robot_get_status/lib/techman_robot_get_status
Installing status_talker script to /home/rslomron/tm_custom/install/techman_robot_get_status/lib/techman_robot_get_status
writing list of installed files to '/home/rslomron/tm_custom/build/techman_robot_get_status/install.log'
