[0.816s] Invoking command in '/home/rslomron/MoMa/tm_custom/build/safety_msgs': CMAKE_PREFIX_PATH=/opt/ros/humble /usr/bin/cmake /home/rslomron/MoMa/tm_custom/src/safety_msgs -DCMAKE_INSTALL_PREFIX=/home/rslomron/MoMa/tm_custom/install/safety_msgs
[1.506s] -- Found ament_cmake: 1.3.8 (/opt/ros/humble/share/ament_cmake/cmake)
[1.506s] -- Found std_msgs: 4.2.3 (/opt/ros/humble/share/std_msgs/cmake)
[1.506s] -- Found rosidl_generator_c: 3.1.5 (/opt/ros/humble/share/rosidl_generator_c/cmake)
[1.506s] -- Found rosidl_adapter: 3.1.5 (/opt/ros/humble/share/rosidl_adapter/cmake)
[1.506s] -- Found rosidl_generator_cpp: 3.1.5 (/opt/ros/humble/share/rosidl_generator_cpp/cmake)
[1.507s] -- Using all available rosidl_typesupport_c: rosidl_typesupport_fastrtps_c;rosidl_typesupport_introspection_c
[1.507s] -- Using all available rosidl_typesupport_cpp: rosidl_typesupport_fastrtps_cpp;rosidl_typesupport_introspection_cpp
[1.507s] -- Found rosidl_default_generators: 1.2.0 (/opt/ros/humble/share/rosidl_default_generators/cmake)
[1.507s] -- Configuring incomplete, errors occurred!
[1.507s] See also "/home/rslomron/MoMa/tm_custom/build/safety_msgs/CMakeFiles/CMakeOutput.log".
[1.507s] [31mCMake Error at /opt/ros/humble/share/rosidl_adapter/cmake/rosidl_adapt_interfaces.cmake:59 (message):
[1.507s]   execute_process(/usr/bin/python3 -m rosidl_adapter --package-name
[1.507s]   safety_msgs --arguments-file
[1.508s]   /home/rslomron/MoMa/tm_custom/build/safety_msgs/rosidl_adapter__arguments__safety_msgs.json
[1.508s]   --output-dir
[1.508s]   /home/rslomron/MoMa/tm_custom/build/safety_msgs/rosidl_adapter/safety_msgs
[1.508s]   --output-file
[1.508s]   /home/rslomron/MoMa/tm_custom/build/safety_msgs/rosidl_adapter/safety_msgs.idls)
[1.508s]   returned error code 1:
[1.508s] 
[1.508s]   Traceback (most recent call last):
[1.509s] 
[1.509s]     File "/usr/lib/python3.10/runpy.py", line 196, in _run_module_as_main
[1.509s]       return _run_code(code, main_globals, None,
[1.509s]     File "/usr/lib/python3.10/runpy.py", line 86, in _run_code
[1.509s]       exec(code, run_globals)
[1.509s]     File "/opt/ros/humble/local/lib/python3.10/dist-packages/rosidl_adapter/__main__.py", line 19, in <module>
[1.509s]       sys.exit(main())
[1.509s]     File "/opt/ros/humble/local/lib/python3.10/dist-packages/rosidl_adapter/main.py", line 53, in main
[1.510s]       abs_idl_file = convert_to_idl(
[1.510s]     File "/opt/ros/humble/local/lib/python3.10/dist-packages/rosidl_adapter/__init__.py", line 24, in convert_to_idl
[1.510s]       return convert_srv_to_idl(
[1.510s]     File "/opt/ros/humble/local/lib/python3.10/dist-packages/rosidl_adapter/srv/__init__.py", line 28, in convert_srv_to_idl
[1.510s]       srv = parse_service_string(package_name, input_file.stem, content)
[1.510s]     File "/opt/ros/humble/local/lib/python3.10/dist-packages/rosidl_adapter/parser.py", line 859, in parse_service_string
[1.510s]       request_message = parse_message_string(
[1.510s]     File "/opt/ros/humble/local/lib/python3.10/dist-packages/rosidl_adapter/parser.py", line 544, in parse_message_string
[1.511s]       msg = MessageSpecification(pkg_name, msg_name, fields, constants)
[1.511s]     File "/opt/ros/humble/local/lib/python3.10/dist-packages/rosidl_adapter/parser.py", line 388, in __init__
[1.511s]       self.base_type = BaseType(
[1.511s]     File "/opt/ros/humble/local/lib/python3.10/dist-packages/rosidl_adapter/parser.py", line 205, in __init__
[1.511s]       raise InvalidResourceName(
[1.511s] 
[1.511s]   rosidl_adapter.parser.InvalidResourceName: 'armSafetyService_Request' is an
[1.511s]   invalid message name.  It should have the pattern '^[A-Z][A-Za-z0-9]*$'
[1.512s] 
[1.512s] Call Stack (most recent call first):
[1.512s]   /opt/ros/humble/share/rosidl_cmake/cmake/rosidl_generate_interfaces.cmake:130 (rosidl_adapt_interfaces)
[1.512s]   CMakeLists.txt:32 (rosidl_generate_interfaces)
[1.512s] 
[1.512s] [0m
[1.514s] Invoked command in '/home/rslomron/MoMa/tm_custom/build/safety_msgs' returned '1': CMAKE_PREFIX_PATH=/opt/ros/humble /usr/bin/cmake /home/rslomron/MoMa/tm_custom/src/safety_msgs -DCMAKE_INSTALL_PREFIX=/home/rslomron/MoMa/tm_custom/install/safety_msgs
