[0.042s] Invoking command in '/home/rslomron/MoMa/tm_custom/build/tm_moveit_config_tm5x-900': AMENT_PREFIX_PATH=/home/rslomron/MoMa/tm_custom/install/tm_description:${AMENT_PREFIX_PATH} CMAKE_PREFIX_PATH=/home/rslomron/MoMa/tm_custom/install/tm_description:/opt/ros/humble /usr/bin/cmake --build /home/rslomron/MoMa/tm_custom/build/tm_moveit_config_tm5x-900 -- -j8 -l8
[0.123s] Invoked command in '/home/rslomron/MoMa/tm_custom/build/tm_moveit_config_tm5x-900' returned '0': AMENT_PREFIX_PATH=/home/rslomron/MoMa/tm_custom/install/tm_description:${AMENT_PREFIX_PATH} CMAKE_PREFIX_PATH=/home/rslomron/MoMa/tm_custom/install/tm_description:/opt/ros/humble /usr/bin/cmake --build /home/rslomron/MoMa/tm_custom/build/tm_moveit_config_tm5x-900 -- -j8 -l8
[0.165s] Invoking command in '/home/rslomron/MoMa/tm_custom/build/tm_moveit_config_tm5x-900': AMENT_PREFIX_PATH=/home/rslomron/MoMa/tm_custom/install/tm_description:${AMENT_PREFIX_PATH} CMAKE_PREFIX_PATH=/home/rslomron/MoMa/tm_custom/install/tm_description:/opt/ros/humble /usr/bin/cmake --install /home/rslomron/MoMa/tm_custom/build/tm_moveit_config_tm5x-900
[0.177s] -- Install configuration: ""
[0.177s] -- Up-to-date: /home/rslomron/MoMa/tm_custom/install/tm_moveit_config_tm5x-900/share/ament_index/resource_index/package_run_dependencies/tm_moveit_config_tm5x-900
[0.177s] -- Up-to-date: /home/rslomron/MoMa/tm_custom/install/tm_moveit_config_tm5x-900/share/ament_index/resource_index/parent_prefix_path/tm_moveit_config_tm5x-900
[0.177s] -- Up-to-date: /home/rslomron/MoMa/tm_custom/install/tm_moveit_config_tm5x-900/share/tm_moveit_config_tm5x-900/environment/ament_prefix_path.sh
[0.177s] -- Up-to-date: /home/rslomron/MoMa/tm_custom/install/tm_moveit_config_tm5x-900/share/tm_moveit_config_tm5x-900/environment/ament_prefix_path.dsv
[0.178s] -- Up-to-date: /home/rslomron/MoMa/tm_custom/install/tm_moveit_config_tm5x-900/share/tm_moveit_config_tm5x-900/environment/path.sh
[0.178s] -- Up-to-date: /home/rslomron/MoMa/tm_custom/install/tm_moveit_config_tm5x-900/share/tm_moveit_config_tm5x-900/environment/path.dsv
[0.178s] -- Up-to-date: /home/rslomron/MoMa/tm_custom/install/tm_moveit_config_tm5x-900/share/tm_moveit_config_tm5x-900/local_setup.bash
[0.178s] -- Up-to-date: /home/rslomron/MoMa/tm_custom/install/tm_moveit_config_tm5x-900/share/tm_moveit_config_tm5x-900/local_setup.sh
[0.178s] -- Up-to-date: /home/rslomron/MoMa/tm_custom/install/tm_moveit_config_tm5x-900/share/tm_moveit_config_tm5x-900/local_setup.zsh
[0.178s] -- Up-to-date: /home/rslomron/MoMa/tm_custom/install/tm_moveit_config_tm5x-900/share/tm_moveit_config_tm5x-900/local_setup.dsv
[0.178s] -- Up-to-date: /home/rslomron/MoMa/tm_custom/install/tm_moveit_config_tm5x-900/share/tm_moveit_config_tm5x-900/package.dsv
[0.179s] -- Up-to-date: /home/rslomron/MoMa/tm_custom/install/tm_moveit_config_tm5x-900/share/ament_index/resource_index/packages/tm_moveit_config_tm5x-900
[0.179s] -- Up-to-date: /home/rslomron/MoMa/tm_custom/install/tm_moveit_config_tm5x-900/share/tm_moveit_config_tm5x-900/cmake/tm_moveit_config_tm5x-900Config.cmake
[0.179s] -- Up-to-date: /home/rslomron/MoMa/tm_custom/install/tm_moveit_config_tm5x-900/share/tm_moveit_config_tm5x-900/cmake/tm_moveit_config_tm5x-900Config-version.cmake
[0.179s] -- Up-to-date: /home/rslomron/MoMa/tm_custom/install/tm_moveit_config_tm5x-900/share/tm_moveit_config_tm5x-900/package.xml
[0.179s] -- Up-to-date: /home/rslomron/MoMa/tm_custom/install/tm_moveit_config_tm5x-900/share/tm_moveit_config_tm5x-900/config
[0.179s] -- Up-to-date: /home/rslomron/MoMa/tm_custom/install/tm_moveit_config_tm5x-900/share/tm_moveit_config_tm5x-900/config/ros_controllers.yaml
[0.179s] -- Up-to-date: /home/rslomron/MoMa/tm_custom/install/tm_moveit_config_tm5x-900/share/tm_moveit_config_tm5x-900/config/fake_controllers.yaml
[0.179s] -- Up-to-date: /home/rslomron/MoMa/tm_custom/install/tm_moveit_config_tm5x-900/share/tm_moveit_config_tm5x-900/config/stomp_planning.yaml
[0.180s] -- Up-to-date: /home/rslomron/MoMa/tm_custom/install/tm_moveit_config_tm5x-900/share/tm_moveit_config_tm5x-900/config/ompl_planning.yaml
[0.180s] -- Up-to-date: /home/rslomron/MoMa/tm_custom/install/tm_moveit_config_tm5x-900/share/tm_moveit_config_tm5x-900/config/chomp_planning.yaml
[0.180s] -- Up-to-date: /home/rslomron/MoMa/tm_custom/install/tm_moveit_config_tm5x-900/share/tm_moveit_config_tm5x-900/config/tm5x-900.srdf
[0.180s] -- Up-to-date: /home/rslomron/MoMa/tm_custom/install/tm_moveit_config_tm5x-900/share/tm_moveit_config_tm5x-900/config/sensors_3d.yaml
[0.180s] -- Up-to-date: /home/rslomron/MoMa/tm_custom/install/tm_moveit_config_tm5x-900/share/tm_moveit_config_tm5x-900/config/kinematics.yaml
[0.180s] -- Up-to-date: /home/rslomron/MoMa/tm_custom/install/tm_moveit_config_tm5x-900/share/tm_moveit_config_tm5x-900/config/joint_limits.yaml
[0.181s] Invoked command in '/home/rslomron/MoMa/tm_custom/build/tm_moveit_config_tm5x-900' returned '0': AMENT_PREFIX_PATH=/home/rslomron/MoMa/tm_custom/install/tm_description:${AMENT_PREFIX_PATH} CMAKE_PREFIX_PATH=/home/rslomron/MoMa/tm_custom/install/tm_description:/opt/ros/humble /usr/bin/cmake --install /home/rslomron/MoMa/tm_custom/build/tm_moveit_config_tm5x-900
