[0.840s] Invoking command in '/home/rslomron/MoMa/tm_custom/build/safety_msgs': CMAKE_PREFIX_PATH=${CMAKE_PREFIX_PATH}:/home/rslomron/MoMa/tm_custom/install/tm_mod_urdf:/home/rslomron/MoMa/tm_custom/install/techman_robot_get_status:/home/rslomron/MoMa/tm_custom/install/python_demo:/home/rslomron/MoMa/tm_custom/install/arm_subscriber:/opt/ros/humble /usr/bin/cmake --build /home/rslomron/MoMa/tm_custom/build/safety_msgs -- -j8 -l8
[1.199s] [  9%] Built target safety_msgs__rosidl_generator_c
[1.199s] [  9%] Built target ament_cmake_python_copy_safety_msgs
[1.199s] [ 12%] Built target safety_msgs__cpp
[1.199s] [ 32%] Built target safety_msgs__rosidl_typesupport_c
[1.200s] [ 32%] Built target safety_msgs__rosidl_typesupport_introspection_c
[1.200s] [ 41%] Built target safety_msgs__rosidl_typesupport_fastrtps_c
[1.200s] [ 51%] Built target safety_msgs__rosidl_typesupport_cpp
[1.200s] [ 61%] Built target safety_msgs__rosidl_typesupport_introspection_cpp
[1.200s] [ 70%] Built target safety_msgs__rosidl_typesupport_fastrtps_cpp
[1.200s] [ 70%] Built target safety_msgs
[1.200s] [ 74%] Built target safety_msgs__py
[1.200s] [ 80%] Built target safety_msgs__rosidl_generator_py
[1.201s] [ 96%] Built target safety_msgs__rosidl_typesupport_fastrtps_c__pyext
[1.201s] [ 96%] Built target safety_msgs__rosidl_typesupport_introspection_c__pyext
[1.201s] [100%] Built target safety_msgs__rosidl_typesupport_c__pyext
[1.201s] running egg_info
[1.201s] writing safety_msgs.egg-info/PKG-INFO
[1.201s] writing dependency_links to safety_msgs.egg-info/dependency_links.txt
[1.201s] writing top-level names to safety_msgs.egg-info/top_level.txt
[1.203s] reading manifest file 'safety_msgs.egg-info/SOURCES.txt'
[1.203s] writing manifest file 'safety_msgs.egg-info/SOURCES.txt'
[1.238s] [100%] Built target ament_cmake_python_build_safety_msgs_egg
[1.533s] Invoked command in '/home/rslomron/MoMa/tm_custom/build/safety_msgs' returned '0': CMAKE_PREFIX_PATH=${CMAKE_PREFIX_PATH}:/home/rslomron/MoMa/tm_custom/install/tm_mod_urdf:/home/rslomron/MoMa/tm_custom/install/techman_robot_get_status:/home/rslomron/MoMa/tm_custom/install/python_demo:/home/rslomron/MoMa/tm_custom/install/arm_subscriber:/opt/ros/humble /usr/bin/cmake --build /home/rslomron/MoMa/tm_custom/build/safety_msgs -- -j8 -l8
[1.753s] Invoking command in '/home/rslomron/MoMa/tm_custom/build/safety_msgs': CMAKE_PREFIX_PATH=${CMAKE_PREFIX_PATH}:/home/rslomron/MoMa/tm_custom/install/tm_mod_urdf:/home/rslomron/MoMa/tm_custom/install/techman_robot_get_status:/home/rslomron/MoMa/tm_custom/install/python_demo:/home/rslomron/MoMa/tm_custom/install/arm_subscriber:/opt/ros/humble /usr/bin/cmake --install /home/rslomron/MoMa/tm_custom/build/safety_msgs
[1.768s] -- Install configuration: ""
[1.769s] -- Up-to-date: /home/rslomron/MoMa/tm_custom/install/safety_msgs/share/ament_index/resource_index/rosidl_interfaces/safety_msgs
[1.770s] -- Up-to-date: /home/rslomron/MoMa/tm_custom/install/safety_msgs/include/safety_msgs/safety_msgs
[1.770s] -- Up-to-date: /home/rslomron/MoMa/tm_custom/install/safety_msgs/include/safety_msgs/safety_msgs/msg
[1.771s] -- Up-to-date: /home/rslomron/MoMa/tm_custom/install/safety_msgs/include/safety_msgs/safety_msgs/msg/rosidl_generator_c__visibility_control.h
[1.771s] -- Up-to-date: /home/rslomron/MoMa/tm_custom/install/safety_msgs/include/safety_msgs/safety_msgs/srv
[1.772s] -- Up-to-date: /home/rslomron/MoMa/tm_custom/install/safety_msgs/include/safety_msgs/safety_msgs/srv/detail
[1.772s] -- Up-to-date: /home/rslomron/MoMa/tm_custom/install/safety_msgs/include/safety_msgs/safety_msgs/srv/detail/arm_safety_service__functions.c
[1.772s] -- Up-to-date: /home/rslomron/MoMa/tm_custom/install/safety_msgs/include/safety_msgs/safety_msgs/srv/detail/arm_safety_service__functions.h
[1.772s] -- Up-to-date: /home/rslomron/MoMa/tm_custom/install/safety_msgs/include/safety_msgs/safety_msgs/srv/detail/arm_safety_service__struct.h
[1.772s] -- Up-to-date: /home/rslomron/MoMa/tm_custom/install/safety_msgs/include/safety_msgs/safety_msgs/srv/detail/arm_safety_service__type_support.h
[1.773s] -- Up-to-date: /home/rslomron/MoMa/tm_custom/install/safety_msgs/include/safety_msgs/safety_msgs/srv/arm_safety_service.h
[1.773s] -- Up-to-date: /home/rslomron/MoMa/tm_custom/install/safety_msgs/share/safety_msgs/environment/library_path.sh
[1.773s] -- Up-to-date: /home/rslomron/MoMa/tm_custom/install/safety_msgs/share/safety_msgs/environment/library_path.dsv
[1.773s] -- Up-to-date: /home/rslomron/MoMa/tm_custom/install/safety_msgs/lib/libsafety_msgs__rosidl_generator_c.so
[1.773s] -- Up-to-date: /home/rslomron/MoMa/tm_custom/install/safety_msgs/include/safety_msgs/safety_msgs
[1.774s] -- Up-to-date: /home/rslomron/MoMa/tm_custom/install/safety_msgs/include/safety_msgs/safety_msgs/msg
[1.774s] -- Up-to-date: /home/rslomron/MoMa/tm_custom/install/safety_msgs/include/safety_msgs/safety_msgs/msg/rosidl_typesupport_fastrtps_c__visibility_control.h
[1.774s] -- Up-to-date: /home/rslomron/MoMa/tm_custom/install/safety_msgs/include/safety_msgs/safety_msgs/srv
[1.774s] -- Up-to-date: /home/rslomron/MoMa/tm_custom/install/safety_msgs/include/safety_msgs/safety_msgs/srv/detail
[1.774s] -- Up-to-date: /home/rslomron/MoMa/tm_custom/install/safety_msgs/include/safety_msgs/safety_msgs/srv/detail/arm_safety_service__rosidl_typesupport_fastrtps_c.h
[1.774s] -- Up-to-date: /home/rslomron/MoMa/tm_custom/install/safety_msgs/lib/libsafety_msgs__rosidl_typesupport_fastrtps_c.so
[1.774s] -- Up-to-date: /home/rslomron/MoMa/tm_custom/install/safety_msgs/include/safety_msgs/safety_msgs
[1.774s] -- Up-to-date: /home/rslomron/MoMa/tm_custom/install/safety_msgs/include/safety_msgs/safety_msgs/srv
[1.775s] -- Up-to-date: /home/rslomron/MoMa/tm_custom/install/safety_msgs/include/safety_msgs/safety_msgs/srv/detail
[1.775s] -- Up-to-date: /home/rslomron/MoMa/tm_custom/install/safety_msgs/include/safety_msgs/safety_msgs/srv/detail/arm_safety_service__traits.hpp
[1.775s] -- Up-to-date: /home/rslomron/MoMa/tm_custom/install/safety_msgs/include/safety_msgs/safety_msgs/srv/detail/arm_safety_service__builder.hpp
[1.775s] -- Up-to-date: /home/rslomron/MoMa/tm_custom/install/safety_msgs/include/safety_msgs/safety_msgs/srv/detail/arm_safety_service__struct.hpp
[1.775s] -- Up-to-date: /home/rslomron/MoMa/tm_custom/install/safety_msgs/include/safety_msgs/safety_msgs/srv/arm_safety_service.hpp
[1.775s] -- Up-to-date: /home/rslomron/MoMa/tm_custom/install/safety_msgs/include/safety_msgs/safety_msgs
[1.775s] -- Up-to-date: /home/rslomron/MoMa/tm_custom/install/safety_msgs/include/safety_msgs/safety_msgs/msg
[1.775s] -- Up-to-date: /home/rslomron/MoMa/tm_custom/install/safety_msgs/include/safety_msgs/safety_msgs/msg/rosidl_typesupport_fastrtps_cpp__visibility_control.h
[1.775s] -- Up-to-date: /home/rslomron/MoMa/tm_custom/install/safety_msgs/include/safety_msgs/safety_msgs/srv
[1.776s] -- Up-to-date: /home/rslomron/MoMa/tm_custom/install/safety_msgs/include/safety_msgs/safety_msgs/srv/detail
[1.776s] -- Up-to-date: /home/rslomron/MoMa/tm_custom/install/safety_msgs/include/safety_msgs/safety_msgs/srv/detail/dds_fastrtps
[1.778s] -- Up-to-date: /home/rslomron/MoMa/tm_custom/install/safety_msgs/include/safety_msgs/safety_msgs/srv/detail/arm_safety_service__rosidl_typesupport_fastrtps_cpp.hpp
[1.783s] -- Up-to-date: /home/rslomron/MoMa/tm_custom/install/safety_msgs/lib/libsafety_msgs__rosidl_typesupport_fastrtps_cpp.so
[1.783s] -- Up-to-date: /home/rslomron/MoMa/tm_custom/install/safety_msgs/include/safety_msgs/safety_msgs
[1.783s] -- Up-to-date: /home/rslomron/MoMa/tm_custom/install/safety_msgs/include/safety_msgs/safety_msgs/msg
[1.783s] -- Up-to-date: /home/rslomron/MoMa/tm_custom/install/safety_msgs/include/safety_msgs/safety_msgs/msg/rosidl_typesupport_introspection_c__visibility_control.h
[1.783s] -- Up-to-date: /home/rslomron/MoMa/tm_custom/install/safety_msgs/include/safety_msgs/safety_msgs/srv
[1.784s] -- Up-to-date: /home/rslomron/MoMa/tm_custom/install/safety_msgs/include/safety_msgs/safety_msgs/srv/detail
[1.784s] -- Up-to-date: /home/rslomron/MoMa/tm_custom/install/safety_msgs/include/safety_msgs/safety_msgs/srv/detail/arm_safety_service__type_support.c
[1.784s] -- Up-to-date: /home/rslomron/MoMa/tm_custom/install/safety_msgs/include/safety_msgs/safety_msgs/srv/detail/arm_safety_service__rosidl_typesupport_introspection_c.h
[1.784s] -- Up-to-date: /home/rslomron/MoMa/tm_custom/install/safety_msgs/lib/libsafety_msgs__rosidl_typesupport_introspection_c.so
[1.785s] -- Up-to-date: /home/rslomron/MoMa/tm_custom/install/safety_msgs/lib/libsafety_msgs__rosidl_typesupport_c.so
[1.785s] -- Up-to-date: /home/rslomron/MoMa/tm_custom/install/safety_msgs/include/safety_msgs/safety_msgs
[1.785s] -- Up-to-date: /home/rslomron/MoMa/tm_custom/install/safety_msgs/include/safety_msgs/safety_msgs/srv
[1.785s] -- Up-to-date: /home/rslomron/MoMa/tm_custom/install/safety_msgs/include/safety_msgs/safety_msgs/srv/detail
[1.785s] -- Up-to-date: /home/rslomron/MoMa/tm_custom/install/safety_msgs/include/safety_msgs/safety_msgs/srv/detail/arm_safety_service__type_support.cpp
[1.785s] -- Up-to-date: /home/rslomron/MoMa/tm_custom/install/safety_msgs/include/safety_msgs/safety_msgs/srv/detail/arm_safety_service__rosidl_typesupport_introspection_cpp.hpp
[1.786s] -- Up-to-date: /home/rslomron/MoMa/tm_custom/install/safety_msgs/lib/libsafety_msgs__rosidl_typesupport_introspection_cpp.so
[1.786s] -- Up-to-date: /home/rslomron/MoMa/tm_custom/install/safety_msgs/lib/libsafety_msgs__rosidl_typesupport_cpp.so
[1.786s] -- Up-to-date: /home/rslomron/MoMa/tm_custom/install/safety_msgs/share/safety_msgs/environment/pythonpath.sh
[1.787s] -- Up-to-date: /home/rslomron/MoMa/tm_custom/install/safety_msgs/share/safety_msgs/environment/pythonpath.dsv
[1.787s] -- Up-to-date: /home/rslomron/MoMa/tm_custom/install/safety_msgs/local/lib/python3.10/dist-packages/safety_msgs-0.0.0-py3.10.egg-info
[1.787s] -- Installing: /home/rslomron/MoMa/tm_custom/install/safety_msgs/local/lib/python3.10/dist-packages/safety_msgs-0.0.0-py3.10.egg-info/top_level.txt
[1.787s] -- Installing: /home/rslomron/MoMa/tm_custom/install/safety_msgs/local/lib/python3.10/dist-packages/safety_msgs-0.0.0-py3.10.egg-info/PKG-INFO
[1.788s] -- Installing: /home/rslomron/MoMa/tm_custom/install/safety_msgs/local/lib/python3.10/dist-packages/safety_msgs-0.0.0-py3.10.egg-info/dependency_links.txt
[1.788s] -- Installing: /home/rslomron/MoMa/tm_custom/install/safety_msgs/local/lib/python3.10/dist-packages/safety_msgs-0.0.0-py3.10.egg-info/SOURCES.txt
[1.788s] -- Up-to-date: /home/rslomron/MoMa/tm_custom/install/safety_msgs/local/lib/python3.10/dist-packages/safety_msgs
[1.788s] -- Up-to-date: /home/rslomron/MoMa/tm_custom/install/safety_msgs/local/lib/python3.10/dist-packages/safety_msgs/_safety_msgs_s.ep.rosidl_typesupport_c.c
[1.788s] -- Up-to-date: /home/rslomron/MoMa/tm_custom/install/safety_msgs/local/lib/python3.10/dist-packages/safety_msgs/_safety_msgs_s.ep.rosidl_typesupport_fastrtps_c.c
[1.789s] -- Up-to-date: /home/rslomron/MoMa/tm_custom/install/safety_msgs/local/lib/python3.10/dist-packages/safety_msgs/safety_msgs_s__rosidl_typesupport_c.cpython-310-x86_64-linux-gnu.so
[1.789s] -- Up-to-date: /home/rslomron/MoMa/tm_custom/install/safety_msgs/local/lib/python3.10/dist-packages/safety_msgs/libsafety_msgs__rosidl_generator_py.so
[1.789s] -- Up-to-date: /home/rslomron/MoMa/tm_custom/install/safety_msgs/local/lib/python3.10/dist-packages/safety_msgs/safety_msgs_s__rosidl_typesupport_introspection_c.cpython-310-x86_64-linux-gnu.so
[1.789s] -- Up-to-date: /home/rslomron/MoMa/tm_custom/install/safety_msgs/local/lib/python3.10/dist-packages/safety_msgs/__init__.py
[1.789s] -- Up-to-date: /home/rslomron/MoMa/tm_custom/install/safety_msgs/local/lib/python3.10/dist-packages/safety_msgs/srv
[1.789s] -- Up-to-date: /home/rslomron/MoMa/tm_custom/install/safety_msgs/local/lib/python3.10/dist-packages/safety_msgs/srv/_arm_safety_service_s.c
[1.789s] -- Up-to-date: /home/rslomron/MoMa/tm_custom/install/safety_msgs/local/lib/python3.10/dist-packages/safety_msgs/srv/_arm_safety_service.py
[1.789s] -- Up-to-date: /home/rslomron/MoMa/tm_custom/install/safety_msgs/local/lib/python3.10/dist-packages/safety_msgs/srv/__init__.py
[1.789s] -- Up-to-date: /home/rslomron/MoMa/tm_custom/install/safety_msgs/local/lib/python3.10/dist-packages/safety_msgs/safety_msgs_s__rosidl_typesupport_fastrtps_c.cpython-310-x86_64-linux-gnu.so
[1.790s] -- Up-to-date: /home/rslomron/MoMa/tm_custom/install/safety_msgs/local/lib/python3.10/dist-packages/safety_msgs/_safety_msgs_s.ep.rosidl_typesupport_introspection_c.c
[1.873s] Listing '/home/rslomron/MoMa/tm_custom/install/safety_msgs/local/lib/python3.10/dist-packages/safety_msgs'...
[1.874s] Listing '/home/rslomron/MoMa/tm_custom/install/safety_msgs/local/lib/python3.10/dist-packages/safety_msgs/srv'...
[1.877s] -- Up-to-date: /home/rslomron/MoMa/tm_custom/install/safety_msgs/local/lib/python3.10/dist-packages/safety_msgs/safety_msgs_s__rosidl_typesupport_fastrtps_c.cpython-310-x86_64-linux-gnu.so
[1.877s] -- Up-to-date: /home/rslomron/MoMa/tm_custom/install/safety_msgs/local/lib/python3.10/dist-packages/safety_msgs/safety_msgs_s__rosidl_typesupport_introspection_c.cpython-310-x86_64-linux-gnu.so
[1.878s] -- Up-to-date: /home/rslomron/MoMa/tm_custom/install/safety_msgs/local/lib/python3.10/dist-packages/safety_msgs/safety_msgs_s__rosidl_typesupport_c.cpython-310-x86_64-linux-gnu.so
[1.878s] -- Up-to-date: /home/rslomron/MoMa/tm_custom/install/safety_msgs/lib/libsafety_msgs__rosidl_generator_py.so
[1.879s] -- Up-to-date: /home/rslomron/MoMa/tm_custom/install/safety_msgs/share/safety_msgs/srv/ArmSafetyService.idl
[1.879s] -- Up-to-date: /home/rslomron/MoMa/tm_custom/install/safety_msgs/share/safety_msgs/srv/ArmSafetyService.srv
[1.879s] -- Up-to-date: /home/rslomron/MoMa/tm_custom/install/safety_msgs/share/safety_msgs/srv/ArmSafetyService_Request.msg
[1.879s] -- Up-to-date: /home/rslomron/MoMa/tm_custom/install/safety_msgs/share/safety_msgs/srv/ArmSafetyService_Response.msg
[1.879s] -- Up-to-date: /home/rslomron/MoMa/tm_custom/install/safety_msgs/share/ament_index/resource_index/package_run_dependencies/safety_msgs
[1.879s] -- Up-to-date: /home/rslomron/MoMa/tm_custom/install/safety_msgs/share/ament_index/resource_index/parent_prefix_path/safety_msgs
[1.880s] -- Up-to-date: /home/rslomron/MoMa/tm_custom/install/safety_msgs/share/safety_msgs/environment/ament_prefix_path.sh
[1.880s] -- Up-to-date: /home/rslomron/MoMa/tm_custom/install/safety_msgs/share/safety_msgs/environment/ament_prefix_path.dsv
[1.880s] -- Up-to-date: /home/rslomron/MoMa/tm_custom/install/safety_msgs/share/safety_msgs/environment/path.sh
[1.880s] -- Up-to-date: /home/rslomron/MoMa/tm_custom/install/safety_msgs/share/safety_msgs/environment/path.dsv
[1.880s] -- Up-to-date: /home/rslomron/MoMa/tm_custom/install/safety_msgs/share/safety_msgs/local_setup.bash
[1.880s] -- Up-to-date: /home/rslomron/MoMa/tm_custom/install/safety_msgs/share/safety_msgs/local_setup.sh
[1.881s] -- Up-to-date: /home/rslomron/MoMa/tm_custom/install/safety_msgs/share/safety_msgs/local_setup.zsh
[1.881s] -- Up-to-date: /home/rslomron/MoMa/tm_custom/install/safety_msgs/share/safety_msgs/local_setup.dsv
[1.881s] -- Installing: /home/rslomron/MoMa/tm_custom/install/safety_msgs/share/safety_msgs/package.dsv
[1.881s] -- Up-to-date: /home/rslomron/MoMa/tm_custom/install/safety_msgs/share/ament_index/resource_index/packages/safety_msgs
[1.881s] -- Up-to-date: /home/rslomron/MoMa/tm_custom/install/safety_msgs/share/safety_msgs/cmake/export_safety_msgs__rosidl_generator_cExport.cmake
[1.881s] -- Up-to-date: /home/rslomron/MoMa/tm_custom/install/safety_msgs/share/safety_msgs/cmake/export_safety_msgs__rosidl_generator_cExport-noconfig.cmake
[1.881s] -- Up-to-date: /home/rslomron/MoMa/tm_custom/install/safety_msgs/share/safety_msgs/cmake/export_safety_msgs__rosidl_typesupport_fastrtps_cExport.cmake
[1.882s] -- Up-to-date: /home/rslomron/MoMa/tm_custom/install/safety_msgs/share/safety_msgs/cmake/export_safety_msgs__rosidl_typesupport_fastrtps_cExport-noconfig.cmake
[1.882s] -- Up-to-date: /home/rslomron/MoMa/tm_custom/install/safety_msgs/share/safety_msgs/cmake/export_safety_msgs__rosidl_generator_cppExport.cmake
[1.882s] -- Up-to-date: /home/rslomron/MoMa/tm_custom/install/safety_msgs/share/safety_msgs/cmake/export_safety_msgs__rosidl_typesupport_fastrtps_cppExport.cmake
[1.882s] -- Up-to-date: /home/rslomron/MoMa/tm_custom/install/safety_msgs/share/safety_msgs/cmake/export_safety_msgs__rosidl_typesupport_fastrtps_cppExport-noconfig.cmake
[1.882s] -- Up-to-date: /home/rslomron/MoMa/tm_custom/install/safety_msgs/share/safety_msgs/cmake/safety_msgs__rosidl_typesupport_introspection_cExport.cmake
[1.882s] -- Up-to-date: /home/rslomron/MoMa/tm_custom/install/safety_msgs/share/safety_msgs/cmake/safety_msgs__rosidl_typesupport_introspection_cExport-noconfig.cmake
[1.882s] -- Up-to-date: /home/rslomron/MoMa/tm_custom/install/safety_msgs/share/safety_msgs/cmake/safety_msgs__rosidl_typesupport_cExport.cmake
[1.883s] -- Up-to-date: /home/rslomron/MoMa/tm_custom/install/safety_msgs/share/safety_msgs/cmake/safety_msgs__rosidl_typesupport_cExport-noconfig.cmake
[1.883s] -- Up-to-date: /home/rslomron/MoMa/tm_custom/install/safety_msgs/share/safety_msgs/cmake/safety_msgs__rosidl_typesupport_introspection_cppExport.cmake
[1.883s] -- Up-to-date: /home/rslomron/MoMa/tm_custom/install/safety_msgs/share/safety_msgs/cmake/safety_msgs__rosidl_typesupport_introspection_cppExport-noconfig.cmake
[1.883s] -- Up-to-date: /home/rslomron/MoMa/tm_custom/install/safety_msgs/share/safety_msgs/cmake/safety_msgs__rosidl_typesupport_cppExport.cmake
[1.883s] -- Up-to-date: /home/rslomron/MoMa/tm_custom/install/safety_msgs/share/safety_msgs/cmake/safety_msgs__rosidl_typesupport_cppExport-noconfig.cmake
[1.883s] -- Up-to-date: /home/rslomron/MoMa/tm_custom/install/safety_msgs/share/safety_msgs/cmake/export_safety_msgs__rosidl_generator_pyExport.cmake
[1.884s] -- Up-to-date: /home/rslomron/MoMa/tm_custom/install/safety_msgs/share/safety_msgs/cmake/export_safety_msgs__rosidl_generator_pyExport-noconfig.cmake
[1.884s] -- Up-to-date: /home/rslomron/MoMa/tm_custom/install/safety_msgs/share/safety_msgs/cmake/rosidl_cmake-extras.cmake
[1.884s] -- Up-to-date: /home/rslomron/MoMa/tm_custom/install/safety_msgs/share/safety_msgs/cmake/ament_cmake_export_dependencies-extras.cmake
[1.884s] -- Up-to-date: /home/rslomron/MoMa/tm_custom/install/safety_msgs/share/safety_msgs/cmake/ament_cmake_export_include_directories-extras.cmake
[1.884s] -- Up-to-date: /home/rslomron/MoMa/tm_custom/install/safety_msgs/share/safety_msgs/cmake/ament_cmake_export_libraries-extras.cmake
[1.884s] -- Up-to-date: /home/rslomron/MoMa/tm_custom/install/safety_msgs/share/safety_msgs/cmake/ament_cmake_export_targets-extras.cmake
[1.884s] -- Up-to-date: /home/rslomron/MoMa/tm_custom/install/safety_msgs/share/safety_msgs/cmake/rosidl_cmake_export_typesupport_targets-extras.cmake
[1.884s] -- Up-to-date: /home/rslomron/MoMa/tm_custom/install/safety_msgs/share/safety_msgs/cmake/rosidl_cmake_export_typesupport_libraries-extras.cmake
[1.885s] -- Up-to-date: /home/rslomron/MoMa/tm_custom/install/safety_msgs/share/safety_msgs/cmake/safety_msgsConfig.cmake
[1.885s] -- Up-to-date: /home/rslomron/MoMa/tm_custom/install/safety_msgs/share/safety_msgs/cmake/safety_msgsConfig-version.cmake
[1.885s] -- Up-to-date: /home/rslomron/MoMa/tm_custom/install/safety_msgs/share/safety_msgs/package.xml
[1.920s] Invoked command in '/home/rslomron/MoMa/tm_custom/build/safety_msgs' returned '0': CMAKE_PREFIX_PATH=${CMAKE_PREFIX_PATH}:/home/rslomron/MoMa/tm_custom/install/tm_mod_urdf:/home/rslomron/MoMa/tm_custom/install/techman_robot_get_status:/home/rslomron/MoMa/tm_custom/install/python_demo:/home/rslomron/MoMa/tm_custom/install/arm_subscriber:/opt/ros/humble /usr/bin/cmake --install /home/rslomron/MoMa/tm_custom/build/safety_msgs
