[0.019s] Invoking command in '/home/rslomron/tm_custom/build/tm_moveit_config_tm5x-900': CMAKE_PREFIX_PATH=${CMAKE_PREFIX_PATH}:/home/rslomron/tm_custom/install/tm_mod_urdf:/home/rslomron/tm_custom/install/tm_get_status:/opt/ros/humble /usr/bin/cmake /home/rslomron/tm_custom/src/tm_moveit_config_tm5x-900 -DCMAKE_INSTALL_PREFIX=/home/rslomron/tm_custom/install/tm_moveit_config_tm5x-900
[0.116s] -- The C compiler identification is GNU 11.4.0
[0.195s] -- The CXX compiler identification is GNU 11.4.0
[0.205s] -- Detecting C compiler ABI info
[0.293s] -- Detecting C compiler ABI info - done
[0.302s] -- Check for working C compiler: /usr/bin/cc - skipped
[0.303s] -- Detecting C compile features
[0.303s] -- Detecting C compile features - done
[0.308s] -- Detecting CXX compiler ABI info
[0.387s] -- Detecting CXX compiler ABI info - done
[0.397s] -- Check for working CXX compiler: /usr/bin/c++ - skipped
[0.397s] -- Detecting CXX compile features
[0.398s] -- Detecting CXX compile features - done
[0.400s] -- Found ament_cmake: 1.3.8 (/opt/ros/humble/share/ament_cmake/cmake)
[0.552s] -- Found Python3: /usr/bin/python3 (found version "3.10.12") found components: Interpreter 
[0.682s] -- Found ament_lint_auto: 0.12.10 (/opt/ros/humble/share/ament_lint_auto/cmake)
[0.771s] -- Added test 'lint_cmake' to check CMake code style
[0.771s] -- Added test 'xmllint' to check XML markup files
[0.773s] -- Configuring done
[0.777s] -- Generating done
[0.778s] -- Build files have been written to: /home/rslomron/tm_custom/build/tm_moveit_config_tm5x-900
[0.788s] Invoked command in '/home/rslomron/tm_custom/build/tm_moveit_config_tm5x-900' returned '0': CMAKE_PREFIX_PATH=${CMAKE_PREFIX_PATH}:/home/rslomron/tm_custom/install/tm_mod_urdf:/home/rslomron/tm_custom/install/tm_get_status:/opt/ros/humble /usr/bin/cmake /home/rslomron/tm_custom/src/tm_moveit_config_tm5x-900 -DCMAKE_INSTALL_PREFIX=/home/rslomron/tm_custom/install/tm_moveit_config_tm5x-900
[0.789s] Invoking command in '/home/rslomron/tm_custom/build/tm_moveit_config_tm5x-900': CMAKE_PREFIX_PATH=${CMAKE_PREFIX_PATH}:/home/rslomron/tm_custom/install/tm_mod_urdf:/home/rslomron/tm_custom/install/tm_get_status:/opt/ros/humble /usr/bin/cmake --build /home/rslomron/tm_custom/build/tm_moveit_config_tm5x-900 -- -j8 -l8
[0.825s] Invoked command in '/home/rslomron/tm_custom/build/tm_moveit_config_tm5x-900' returned '0': CMAKE_PREFIX_PATH=${CMAKE_PREFIX_PATH}:/home/rslomron/tm_custom/install/tm_mod_urdf:/home/rslomron/tm_custom/install/tm_get_status:/opt/ros/humble /usr/bin/cmake --build /home/rslomron/tm_custom/build/tm_moveit_config_tm5x-900 -- -j8 -l8
[0.847s] Invoking command in '/home/rslomron/tm_custom/build/tm_moveit_config_tm5x-900': CMAKE_PREFIX_PATH=${CMAKE_PREFIX_PATH}:/home/rslomron/tm_custom/install/tm_mod_urdf:/home/rslomron/tm_custom/install/tm_get_status:/opt/ros/humble /usr/bin/cmake --install /home/rslomron/tm_custom/build/tm_moveit_config_tm5x-900
[0.854s] -- Install configuration: ""
[0.854s] -- Installing: /home/rslomron/tm_custom/install/tm_moveit_config_tm5x-900/share/ament_index/resource_index/package_run_dependencies/tm_moveit_config_tm5x-900
[0.854s] -- Installing: /home/rslomron/tm_custom/install/tm_moveit_config_tm5x-900/share/ament_index/resource_index/parent_prefix_path/tm_moveit_config_tm5x-900
[0.854s] -- Installing: /home/rslomron/tm_custom/install/tm_moveit_config_tm5x-900/share/tm_moveit_config_tm5x-900/environment/ament_prefix_path.sh
[0.855s] -- Installing: /home/rslomron/tm_custom/install/tm_moveit_config_tm5x-900/share/tm_moveit_config_tm5x-900/environment/ament_prefix_path.dsv
[0.855s] -- Installing: /home/rslomron/tm_custom/install/tm_moveit_config_tm5x-900/share/tm_moveit_config_tm5x-900/environment/path.sh
[0.855s] -- Installing: /home/rslomron/tm_custom/install/tm_moveit_config_tm5x-900/share/tm_moveit_config_tm5x-900/environment/path.dsv
[0.855s] -- Installing: /home/rslomron/tm_custom/install/tm_moveit_config_tm5x-900/share/tm_moveit_config_tm5x-900/local_setup.bash
[0.855s] -- Installing: /home/rslomron/tm_custom/install/tm_moveit_config_tm5x-900/share/tm_moveit_config_tm5x-900/local_setup.sh
[0.855s] -- Installing: /home/rslomron/tm_custom/install/tm_moveit_config_tm5x-900/share/tm_moveit_config_tm5x-900/local_setup.zsh
[0.855s] -- Installing: /home/rslomron/tm_custom/install/tm_moveit_config_tm5x-900/share/tm_moveit_config_tm5x-900/local_setup.dsv
[0.856s] -- Installing: /home/rslomron/tm_custom/install/tm_moveit_config_tm5x-900/share/tm_moveit_config_tm5x-900/package.dsv
[0.856s] -- Installing: /home/rslomron/tm_custom/install/tm_moveit_config_tm5x-900/share/ament_index/resource_index/packages/tm_moveit_config_tm5x-900
[0.856s] -- Installing: /home/rslomron/tm_custom/install/tm_moveit_config_tm5x-900/share/tm_moveit_config_tm5x-900/cmake/tm_moveit_config_tm5x-900Config.cmake
[0.856s] -- Installing: /home/rslomron/tm_custom/install/tm_moveit_config_tm5x-900/share/tm_moveit_config_tm5x-900/cmake/tm_moveit_config_tm5x-900Config-version.cmake
[0.856s] -- Installing: /home/rslomron/tm_custom/install/tm_moveit_config_tm5x-900/share/tm_moveit_config_tm5x-900/package.xml
[0.858s] Invoked command in '/home/rslomron/tm_custom/build/tm_moveit_config_tm5x-900' returned '0': CMAKE_PREFIX_PATH=${CMAKE_PREFIX_PATH}:/home/rslomron/tm_custom/install/tm_mod_urdf:/home/rslomron/tm_custom/install/tm_get_status:/opt/ros/humble /usr/bin/cmake --install /home/rslomron/tm_custom/build/tm_moveit_config_tm5x-900
