[0.049s] Invoking command in '/home/rslomron/MoMa/tm_custom/build/techman_robot_msgs': CMAKE_PREFIX_PATH=${CMAKE_PREFIX_PATH}:/home/rslomron/MoMa/tm_custom/install/tm_mod_urdf:/home/rslomron/MoMa/tm_custom/install/techman_robot_get_status:/home/rslomron/MoMa/tm_custom/install/python_demo:/home/rslomron/MoMa/tm_custom/install/arm_subscriber:/opt/ros/humble /usr/bin/cmake --build /home/rslomron/MoMa/tm_custom/build/techman_robot_msgs -- -j8 -l8
[1.493s] [  3%] Built target techman_robot_msgs__cpp
[1.493s] [ 12%] Built target techman_robot_msgs__rosidl_generator_c
[1.494s] [ 12%] Built target ament_cmake_python_copy_techman_robot_msgs
[1.494s] [ 32%] Built target techman_robot_msgs__rosidl_typesupport_introspection_cpp
[1.495s] [ 32%] Built target techman_robot_msgs__rosidl_typesupport_cpp
[1.495s] [ 41%] Built target techman_robot_msgs__rosidl_typesupport_fastrtps_c
[1.495s] [ 51%] Built target techman_robot_msgs__rosidl_typesupport_fastrtps_cpp
[1.496s] [ 61%] Built target techman_robot_msgs__rosidl_typesupport_introspection_c
[1.496s] [ 70%] Built target techman_robot_msgs__rosidl_typesupport_c
[1.497s] [ 70%] Built target techman_robot_msgs
[1.497s] [ 74%] Built target techman_robot_msgs__py
[1.497s] [ 80%] Built target techman_robot_msgs__rosidl_generator_py
[1.497s] [ 87%] Built target techman_robot_msgs__rosidl_typesupport_introspection_c__pyext
[1.497s] [ 93%] Built target techman_robot_msgs__rosidl_typesupport_fastrtps_c__pyext
[1.498s] [100%] Built target techman_robot_msgs__rosidl_typesupport_c__pyext
[1.499s] running egg_info
[1.499s] writing techman_robot_msgs.egg-info/PKG-INFO
[1.499s] writing dependency_links to techman_robot_msgs.egg-info/dependency_links.txt
[1.500s] writing top-level names to techman_robot_msgs.egg-info/top_level.txt
[1.500s] reading manifest file 'techman_robot_msgs.egg-info/SOURCES.txt'
[1.500s] writing manifest file 'techman_robot_msgs.egg-info/SOURCES.txt'
[1.500s] [100%] Built target ament_cmake_python_build_techman_robot_msgs_egg
[1.505s] Invoked command in '/home/rslomron/MoMa/tm_custom/build/techman_robot_msgs' returned '0': CMAKE_PREFIX_PATH=${CMAKE_PREFIX_PATH}:/home/rslomron/MoMa/tm_custom/install/tm_mod_urdf:/home/rslomron/MoMa/tm_custom/install/techman_robot_get_status:/home/rslomron/MoMa/tm_custom/install/python_demo:/home/rslomron/MoMa/tm_custom/install/arm_subscriber:/opt/ros/humble /usr/bin/cmake --build /home/rslomron/MoMa/tm_custom/build/techman_robot_msgs -- -j8 -l8
[1.689s] Invoking command in '/home/rslomron/MoMa/tm_custom/build/techman_robot_msgs': CMAKE_PREFIX_PATH=${CMAKE_PREFIX_PATH}:/home/rslomron/MoMa/tm_custom/install/tm_mod_urdf:/home/rslomron/MoMa/tm_custom/install/techman_robot_get_status:/home/rslomron/MoMa/tm_custom/install/python_demo:/home/rslomron/MoMa/tm_custom/install/arm_subscriber:/opt/ros/humble /usr/bin/cmake --install /home/rslomron/MoMa/tm_custom/build/techman_robot_msgs
[1.710s] -- Install configuration: ""
[1.710s] -- Up-to-date: /home/rslomron/MoMa/tm_custom/install/techman_robot_msgs/share/ament_index/resource_index/rosidl_interfaces/techman_robot_msgs
[1.711s] -- Up-to-date: /home/rslomron/MoMa/tm_custom/install/techman_robot_msgs/include/techman_robot_msgs/techman_robot_msgs
[1.711s] -- Up-to-date: /home/rslomron/MoMa/tm_custom/install/techman_robot_msgs/include/techman_robot_msgs/techman_robot_msgs/msg
[1.713s] -- Up-to-date: /home/rslomron/MoMa/tm_custom/install/techman_robot_msgs/include/techman_robot_msgs/techman_robot_msgs/msg/rosidl_generator_c__visibility_control.h
[1.715s] -- Up-to-date: /home/rslomron/MoMa/tm_custom/install/techman_robot_msgs/include/techman_robot_msgs/techman_robot_msgs/srv
[1.715s] -- Up-to-date: /home/rslomron/MoMa/tm_custom/install/techman_robot_msgs/include/techman_robot_msgs/techman_robot_msgs/srv/detail
[1.715s] -- Up-to-date: /home/rslomron/MoMa/tm_custom/install/techman_robot_msgs/include/techman_robot_msgs/techman_robot_msgs/srv/detail/techman_robot_command__type_support.h
[1.715s] -- Up-to-date: /home/rslomron/MoMa/tm_custom/install/techman_robot_msgs/include/techman_robot_msgs/techman_robot_msgs/srv/detail/techman_robot_command__functions.h
[1.715s] -- Up-to-date: /home/rslomron/MoMa/tm_custom/install/techman_robot_msgs/include/techman_robot_msgs/techman_robot_msgs/srv/detail/techman_robot_command__functions.c
[1.715s] -- Up-to-date: /home/rslomron/MoMa/tm_custom/install/techman_robot_msgs/include/techman_robot_msgs/techman_robot_msgs/srv/detail/techman_robot_command__struct.h
[1.715s] -- Up-to-date: /home/rslomron/MoMa/tm_custom/install/techman_robot_msgs/include/techman_robot_msgs/techman_robot_msgs/srv/techman_robot_command.h
[1.715s] -- Up-to-date: /home/rslomron/MoMa/tm_custom/install/techman_robot_msgs/share/techman_robot_msgs/environment/library_path.sh
[1.715s] -- Up-to-date: /home/rslomron/MoMa/tm_custom/install/techman_robot_msgs/share/techman_robot_msgs/environment/library_path.dsv
[1.716s] -- Up-to-date: /home/rslomron/MoMa/tm_custom/install/techman_robot_msgs/lib/libtechman_robot_msgs__rosidl_generator_c.so
[1.716s] -- Up-to-date: /home/rslomron/MoMa/tm_custom/install/techman_robot_msgs/include/techman_robot_msgs/techman_robot_msgs
[1.716s] -- Up-to-date: /home/rslomron/MoMa/tm_custom/install/techman_robot_msgs/include/techman_robot_msgs/techman_robot_msgs/msg
[1.716s] -- Up-to-date: /home/rslomron/MoMa/tm_custom/install/techman_robot_msgs/include/techman_robot_msgs/techman_robot_msgs/msg/rosidl_typesupport_fastrtps_c__visibility_control.h
[1.716s] -- Up-to-date: /home/rslomron/MoMa/tm_custom/install/techman_robot_msgs/include/techman_robot_msgs/techman_robot_msgs/srv
[1.716s] -- Up-to-date: /home/rslomron/MoMa/tm_custom/install/techman_robot_msgs/include/techman_robot_msgs/techman_robot_msgs/srv/detail
[1.716s] -- Up-to-date: /home/rslomron/MoMa/tm_custom/install/techman_robot_msgs/include/techman_robot_msgs/techman_robot_msgs/srv/detail/techman_robot_command__rosidl_typesupport_fastrtps_c.h
[1.716s] -- Up-to-date: /home/rslomron/MoMa/tm_custom/install/techman_robot_msgs/lib/libtechman_robot_msgs__rosidl_typesupport_fastrtps_c.so
[1.716s] -- Up-to-date: /home/rslomron/MoMa/tm_custom/install/techman_robot_msgs/include/techman_robot_msgs/techman_robot_msgs
[1.717s] -- Up-to-date: /home/rslomron/MoMa/tm_custom/install/techman_robot_msgs/include/techman_robot_msgs/techman_robot_msgs/msg
[1.717s] -- Up-to-date: /home/rslomron/MoMa/tm_custom/install/techman_robot_msgs/include/techman_robot_msgs/techman_robot_msgs/msg/rosidl_typesupport_introspection_c__visibility_control.h
[1.717s] -- Up-to-date: /home/rslomron/MoMa/tm_custom/install/techman_robot_msgs/include/techman_robot_msgs/techman_robot_msgs/srv
[1.717s] -- Up-to-date: /home/rslomron/MoMa/tm_custom/install/techman_robot_msgs/include/techman_robot_msgs/techman_robot_msgs/srv/detail
[1.717s] -- Up-to-date: /home/rslomron/MoMa/tm_custom/install/techman_robot_msgs/include/techman_robot_msgs/techman_robot_msgs/srv/detail/techman_robot_command__type_support.c
[1.717s] -- Up-to-date: /home/rslomron/MoMa/tm_custom/install/techman_robot_msgs/include/techman_robot_msgs/techman_robot_msgs/srv/detail/techman_robot_command__rosidl_typesupport_introspection_c.h
[1.717s] -- Up-to-date: /home/rslomron/MoMa/tm_custom/install/techman_robot_msgs/lib/libtechman_robot_msgs__rosidl_typesupport_introspection_c.so
[1.718s] -- Up-to-date: /home/rslomron/MoMa/tm_custom/install/techman_robot_msgs/lib/libtechman_robot_msgs__rosidl_typesupport_c.so
[1.718s] -- Up-to-date: /home/rslomron/MoMa/tm_custom/install/techman_robot_msgs/include/techman_robot_msgs/techman_robot_msgs
[1.718s] -- Up-to-date: /home/rslomron/MoMa/tm_custom/install/techman_robot_msgs/include/techman_robot_msgs/techman_robot_msgs/srv
[1.718s] -- Up-to-date: /home/rslomron/MoMa/tm_custom/install/techman_robot_msgs/include/techman_robot_msgs/techman_robot_msgs/srv/detail
[1.718s] -- Up-to-date: /home/rslomron/MoMa/tm_custom/install/techman_robot_msgs/include/techman_robot_msgs/techman_robot_msgs/srv/detail/techman_robot_command__struct.hpp
[1.718s] -- Up-to-date: /home/rslomron/MoMa/tm_custom/install/techman_robot_msgs/include/techman_robot_msgs/techman_robot_msgs/srv/detail/techman_robot_command__builder.hpp
[1.718s] -- Up-to-date: /home/rslomron/MoMa/tm_custom/install/techman_robot_msgs/include/techman_robot_msgs/techman_robot_msgs/srv/detail/techman_robot_command__traits.hpp
[1.718s] -- Up-to-date: /home/rslomron/MoMa/tm_custom/install/techman_robot_msgs/include/techman_robot_msgs/techman_robot_msgs/srv/techman_robot_command.hpp
[1.718s] -- Up-to-date: /home/rslomron/MoMa/tm_custom/install/techman_robot_msgs/include/techman_robot_msgs/techman_robot_msgs
[1.719s] -- Up-to-date: /home/rslomron/MoMa/tm_custom/install/techman_robot_msgs/include/techman_robot_msgs/techman_robot_msgs/msg
[1.719s] -- Up-to-date: /home/rslomron/MoMa/tm_custom/install/techman_robot_msgs/include/techman_robot_msgs/techman_robot_msgs/msg/rosidl_typesupport_fastrtps_cpp__visibility_control.h
[1.719s] -- Up-to-date: /home/rslomron/MoMa/tm_custom/install/techman_robot_msgs/include/techman_robot_msgs/techman_robot_msgs/srv
[1.719s] -- Up-to-date: /home/rslomron/MoMa/tm_custom/install/techman_robot_msgs/include/techman_robot_msgs/techman_robot_msgs/srv/detail
[1.719s] -- Up-to-date: /home/rslomron/MoMa/tm_custom/install/techman_robot_msgs/include/techman_robot_msgs/techman_robot_msgs/srv/detail/dds_fastrtps
[1.719s] -- Up-to-date: /home/rslomron/MoMa/tm_custom/install/techman_robot_msgs/include/techman_robot_msgs/techman_robot_msgs/srv/detail/techman_robot_command__rosidl_typesupport_fastrtps_cpp.hpp
[1.719s] -- Up-to-date: /home/rslomron/MoMa/tm_custom/install/techman_robot_msgs/lib/libtechman_robot_msgs__rosidl_typesupport_fastrtps_cpp.so
[1.719s] -- Up-to-date: /home/rslomron/MoMa/tm_custom/install/techman_robot_msgs/include/techman_robot_msgs/techman_robot_msgs
[1.719s] -- Up-to-date: /home/rslomron/MoMa/tm_custom/install/techman_robot_msgs/include/techman_robot_msgs/techman_robot_msgs/srv
[1.719s] -- Up-to-date: /home/rslomron/MoMa/tm_custom/install/techman_robot_msgs/include/techman_robot_msgs/techman_robot_msgs/srv/detail
[1.720s] -- Up-to-date: /home/rslomron/MoMa/tm_custom/install/techman_robot_msgs/include/techman_robot_msgs/techman_robot_msgs/srv/detail/techman_robot_command__type_support.cpp
[1.720s] -- Up-to-date: /home/rslomron/MoMa/tm_custom/install/techman_robot_msgs/include/techman_robot_msgs/techman_robot_msgs/srv/detail/techman_robot_command__rosidl_typesupport_introspection_cpp.hpp
[1.720s] -- Up-to-date: /home/rslomron/MoMa/tm_custom/install/techman_robot_msgs/lib/libtechman_robot_msgs__rosidl_typesupport_introspection_cpp.so
[1.720s] -- Up-to-date: /home/rslomron/MoMa/tm_custom/install/techman_robot_msgs/lib/libtechman_robot_msgs__rosidl_typesupport_cpp.so
[1.724s] -- Up-to-date: /home/rslomron/MoMa/tm_custom/install/techman_robot_msgs/share/techman_robot_msgs/environment/pythonpath.sh
[1.724s] -- Up-to-date: /home/rslomron/MoMa/tm_custom/install/techman_robot_msgs/share/techman_robot_msgs/environment/pythonpath.dsv
[1.725s] -- Up-to-date: /home/rslomron/MoMa/tm_custom/install/techman_robot_msgs/local/lib/python3.10/dist-packages/techman_robot_msgs-1.0.0-py3.10.egg-info
[1.725s] -- Installing: /home/rslomron/MoMa/tm_custom/install/techman_robot_msgs/local/lib/python3.10/dist-packages/techman_robot_msgs-1.0.0-py3.10.egg-info/top_level.txt
[1.725s] -- Installing: /home/rslomron/MoMa/tm_custom/install/techman_robot_msgs/local/lib/python3.10/dist-packages/techman_robot_msgs-1.0.0-py3.10.egg-info/PKG-INFO
[1.725s] -- Installing: /home/rslomron/MoMa/tm_custom/install/techman_robot_msgs/local/lib/python3.10/dist-packages/techman_robot_msgs-1.0.0-py3.10.egg-info/dependency_links.txt
[1.725s] -- Installing: /home/rslomron/MoMa/tm_custom/install/techman_robot_msgs/local/lib/python3.10/dist-packages/techman_robot_msgs-1.0.0-py3.10.egg-info/SOURCES.txt
[1.726s] -- Up-to-date: /home/rslomron/MoMa/tm_custom/install/techman_robot_msgs/local/lib/python3.10/dist-packages/techman_robot_msgs
[1.726s] -- Up-to-date: /home/rslomron/MoMa/tm_custom/install/techman_robot_msgs/local/lib/python3.10/dist-packages/techman_robot_msgs/libtechman_robot_msgs__rosidl_generator_py.so
[1.726s] -- Up-to-date: /home/rslomron/MoMa/tm_custom/install/techman_robot_msgs/local/lib/python3.10/dist-packages/techman_robot_msgs/_techman_robot_msgs_s.ep.rosidl_typesupport_introspection_c.c
[1.726s] -- Up-to-date: /home/rslomron/MoMa/tm_custom/install/techman_robot_msgs/local/lib/python3.10/dist-packages/techman_robot_msgs/techman_robot_msgs_s__rosidl_typesupport_c.cpython-310-x86_64-linux-gnu.so
[1.726s] -- Up-to-date: /home/rslomron/MoMa/tm_custom/install/techman_robot_msgs/local/lib/python3.10/dist-packages/techman_robot_msgs/__init__.py
[1.726s] -- Up-to-date: /home/rslomron/MoMa/tm_custom/install/techman_robot_msgs/local/lib/python3.10/dist-packages/techman_robot_msgs/srv
[1.726s] -- Up-to-date: /home/rslomron/MoMa/tm_custom/install/techman_robot_msgs/local/lib/python3.10/dist-packages/techman_robot_msgs/srv/_techman_robot_command.py
[1.727s] -- Up-to-date: /home/rslomron/MoMa/tm_custom/install/techman_robot_msgs/local/lib/python3.10/dist-packages/techman_robot_msgs/srv/_techman_robot_command_s.c
[1.727s] -- Up-to-date: /home/rslomron/MoMa/tm_custom/install/techman_robot_msgs/local/lib/python3.10/dist-packages/techman_robot_msgs/srv/__init__.py
[1.727s] -- Up-to-date: /home/rslomron/MoMa/tm_custom/install/techman_robot_msgs/local/lib/python3.10/dist-packages/techman_robot_msgs/_techman_robot_msgs_s.ep.rosidl_typesupport_c.c
[1.727s] -- Up-to-date: /home/rslomron/MoMa/tm_custom/install/techman_robot_msgs/local/lib/python3.10/dist-packages/techman_robot_msgs/_techman_robot_msgs_s.ep.rosidl_typesupport_fastrtps_c.c
[1.727s] -- Up-to-date: /home/rslomron/MoMa/tm_custom/install/techman_robot_msgs/local/lib/python3.10/dist-packages/techman_robot_msgs/techman_robot_msgs_s__rosidl_typesupport_fastrtps_c.cpython-310-x86_64-linux-gnu.so
[1.727s] -- Up-to-date: /home/rslomron/MoMa/tm_custom/install/techman_robot_msgs/local/lib/python3.10/dist-packages/techman_robot_msgs/techman_robot_msgs_s__rosidl_typesupport_introspection_c.cpython-310-x86_64-linux-gnu.so
[1.776s] Listing '/home/rslomron/MoMa/tm_custom/install/techman_robot_msgs/local/lib/python3.10/dist-packages/techman_robot_msgs'...
[1.777s] Listing '/home/rslomron/MoMa/tm_custom/install/techman_robot_msgs/local/lib/python3.10/dist-packages/techman_robot_msgs/srv'...
[1.783s] -- Up-to-date: /home/rslomron/MoMa/tm_custom/install/techman_robot_msgs/local/lib/python3.10/dist-packages/techman_robot_msgs/techman_robot_msgs_s__rosidl_typesupport_fastrtps_c.cpython-310-x86_64-linux-gnu.so
[1.784s] -- Up-to-date: /home/rslomron/MoMa/tm_custom/install/techman_robot_msgs/local/lib/python3.10/dist-packages/techman_robot_msgs/techman_robot_msgs_s__rosidl_typesupport_introspection_c.cpython-310-x86_64-linux-gnu.so
[1.785s] -- Up-to-date: /home/rslomron/MoMa/tm_custom/install/techman_robot_msgs/local/lib/python3.10/dist-packages/techman_robot_msgs/techman_robot_msgs_s__rosidl_typesupport_c.cpython-310-x86_64-linux-gnu.so
[1.786s] -- Up-to-date: /home/rslomron/MoMa/tm_custom/install/techman_robot_msgs/lib/libtechman_robot_msgs__rosidl_generator_py.so
[1.787s] -- Up-to-date: /home/rslomron/MoMa/tm_custom/install/techman_robot_msgs/share/techman_robot_msgs/srv/TechmanRobotCommand.idl
[1.788s] -- Up-to-date: /home/rslomron/MoMa/tm_custom/install/techman_robot_msgs/share/techman_robot_msgs/srv/TechmanRobotCommand.srv
[1.790s] -- Up-to-date: /home/rslomron/MoMa/tm_custom/install/techman_robot_msgs/share/techman_robot_msgs/srv/TechmanRobotCommand_Request.msg
[1.791s] -- Up-to-date: /home/rslomron/MoMa/tm_custom/install/techman_robot_msgs/share/techman_robot_msgs/srv/TechmanRobotCommand_Response.msg
[1.795s] -- Up-to-date: /home/rslomron/MoMa/tm_custom/install/techman_robot_msgs/share/ament_index/resource_index/package_run_dependencies/techman_robot_msgs
[1.796s] -- Up-to-date: /home/rslomron/MoMa/tm_custom/install/techman_robot_msgs/share/ament_index/resource_index/parent_prefix_path/techman_robot_msgs
[1.798s] -- Up-to-date: /home/rslomron/MoMa/tm_custom/install/techman_robot_msgs/share/techman_robot_msgs/environment/ament_prefix_path.sh
[1.799s] -- Up-to-date: /home/rslomron/MoMa/tm_custom/install/techman_robot_msgs/share/techman_robot_msgs/environment/ament_prefix_path.dsv
[1.800s] -- Up-to-date: /home/rslomron/MoMa/tm_custom/install/techman_robot_msgs/share/techman_robot_msgs/environment/path.sh
[1.801s] -- Up-to-date: /home/rslomron/MoMa/tm_custom/install/techman_robot_msgs/share/techman_robot_msgs/environment/path.dsv
[1.802s] -- Up-to-date: /home/rslomron/MoMa/tm_custom/install/techman_robot_msgs/share/techman_robot_msgs/local_setup.bash
[1.803s] -- Up-to-date: /home/rslomron/MoMa/tm_custom/install/techman_robot_msgs/share/techman_robot_msgs/local_setup.sh
[1.804s] -- Up-to-date: /home/rslomron/MoMa/tm_custom/install/techman_robot_msgs/share/techman_robot_msgs/local_setup.zsh
[1.806s] -- Up-to-date: /home/rslomron/MoMa/tm_custom/install/techman_robot_msgs/share/techman_robot_msgs/local_setup.dsv
[1.807s] -- Installing: /home/rslomron/MoMa/tm_custom/install/techman_robot_msgs/share/techman_robot_msgs/package.dsv
[1.809s] -- Up-to-date: /home/rslomron/MoMa/tm_custom/install/techman_robot_msgs/share/ament_index/resource_index/packages/techman_robot_msgs
[1.809s] -- Up-to-date: /home/rslomron/MoMa/tm_custom/install/techman_robot_msgs/share/techman_robot_msgs/cmake/export_techman_robot_msgs__rosidl_generator_cExport.cmake
[1.809s] -- Up-to-date: /home/rslomron/MoMa/tm_custom/install/techman_robot_msgs/share/techman_robot_msgs/cmake/export_techman_robot_msgs__rosidl_generator_cExport-noconfig.cmake
[1.809s] -- Up-to-date: /home/rslomron/MoMa/tm_custom/install/techman_robot_msgs/share/techman_robot_msgs/cmake/export_techman_robot_msgs__rosidl_typesupport_fastrtps_cExport.cmake
[1.809s] -- Up-to-date: /home/rslomron/MoMa/tm_custom/install/techman_robot_msgs/share/techman_robot_msgs/cmake/export_techman_robot_msgs__rosidl_typesupport_fastrtps_cExport-noconfig.cmake
[1.809s] -- Up-to-date: /home/rslomron/MoMa/tm_custom/install/techman_robot_msgs/share/techman_robot_msgs/cmake/techman_robot_msgs__rosidl_typesupport_introspection_cExport.cmake
[1.809s] -- Up-to-date: /home/rslomron/MoMa/tm_custom/install/techman_robot_msgs/share/techman_robot_msgs/cmake/techman_robot_msgs__rosidl_typesupport_introspection_cExport-noconfig.cmake
[1.810s] -- Up-to-date: /home/rslomron/MoMa/tm_custom/install/techman_robot_msgs/share/techman_robot_msgs/cmake/techman_robot_msgs__rosidl_typesupport_cExport.cmake
[1.810s] -- Up-to-date: /home/rslomron/MoMa/tm_custom/install/techman_robot_msgs/share/techman_robot_msgs/cmake/techman_robot_msgs__rosidl_typesupport_cExport-noconfig.cmake
[1.810s] -- Up-to-date: /home/rslomron/MoMa/tm_custom/install/techman_robot_msgs/share/techman_robot_msgs/cmake/export_techman_robot_msgs__rosidl_generator_cppExport.cmake
[1.810s] -- Up-to-date: /home/rslomron/MoMa/tm_custom/install/techman_robot_msgs/share/techman_robot_msgs/cmake/export_techman_robot_msgs__rosidl_typesupport_fastrtps_cppExport.cmake
[1.810s] -- Up-to-date: /home/rslomron/MoMa/tm_custom/install/techman_robot_msgs/share/techman_robot_msgs/cmake/export_techman_robot_msgs__rosidl_typesupport_fastrtps_cppExport-noconfig.cmake
[1.810s] -- Up-to-date: /home/rslomron/MoMa/tm_custom/install/techman_robot_msgs/share/techman_robot_msgs/cmake/techman_robot_msgs__rosidl_typesupport_introspection_cppExport.cmake
[1.810s] -- Up-to-date: /home/rslomron/MoMa/tm_custom/install/techman_robot_msgs/share/techman_robot_msgs/cmake/techman_robot_msgs__rosidl_typesupport_introspection_cppExport-noconfig.cmake
[1.810s] -- Up-to-date: /home/rslomron/MoMa/tm_custom/install/techman_robot_msgs/share/techman_robot_msgs/cmake/techman_robot_msgs__rosidl_typesupport_cppExport.cmake
[1.810s] -- Up-to-date: /home/rslomron/MoMa/tm_custom/install/techman_robot_msgs/share/techman_robot_msgs/cmake/techman_robot_msgs__rosidl_typesupport_cppExport-noconfig.cmake
[1.811s] -- Up-to-date: /home/rslomron/MoMa/tm_custom/install/techman_robot_msgs/share/techman_robot_msgs/cmake/export_techman_robot_msgs__rosidl_generator_pyExport.cmake
[1.811s] -- Up-to-date: /home/rslomron/MoMa/tm_custom/install/techman_robot_msgs/share/techman_robot_msgs/cmake/export_techman_robot_msgs__rosidl_generator_pyExport-noconfig.cmake
[1.811s] -- Up-to-date: /home/rslomron/MoMa/tm_custom/install/techman_robot_msgs/share/techman_robot_msgs/cmake/rosidl_cmake-extras.cmake
[1.811s] -- Up-to-date: /home/rslomron/MoMa/tm_custom/install/techman_robot_msgs/share/techman_robot_msgs/cmake/ament_cmake_export_include_directories-extras.cmake
[1.811s] -- Up-to-date: /home/rslomron/MoMa/tm_custom/install/techman_robot_msgs/share/techman_robot_msgs/cmake/ament_cmake_export_libraries-extras.cmake
[1.811s] -- Up-to-date: /home/rslomron/MoMa/tm_custom/install/techman_robot_msgs/share/techman_robot_msgs/cmake/ament_cmake_export_targets-extras.cmake
[1.811s] -- Up-to-date: /home/rslomron/MoMa/tm_custom/install/techman_robot_msgs/share/techman_robot_msgs/cmake/rosidl_cmake_export_typesupport_targets-extras.cmake
[1.811s] -- Up-to-date: /home/rslomron/MoMa/tm_custom/install/techman_robot_msgs/share/techman_robot_msgs/cmake/ament_cmake_export_dependencies-extras.cmake
[1.811s] -- Up-to-date: /home/rslomron/MoMa/tm_custom/install/techman_robot_msgs/share/techman_robot_msgs/cmake/rosidl_cmake_export_typesupport_libraries-extras.cmake
[1.812s] -- Up-to-date: /home/rslomron/MoMa/tm_custom/install/techman_robot_msgs/share/techman_robot_msgs/cmake/techman_robot_msgsConfig.cmake
[1.812s] -- Up-to-date: /home/rslomron/MoMa/tm_custom/install/techman_robot_msgs/share/techman_robot_msgs/cmake/techman_robot_msgsConfig-version.cmake
[1.812s] -- Up-to-date: /home/rslomron/MoMa/tm_custom/install/techman_robot_msgs/share/techman_robot_msgs/package.xml
[1.812s] Invoked command in '/home/rslomron/MoMa/tm_custom/build/techman_robot_msgs' returned '0': CMAKE_PREFIX_PATH=${CMAKE_PREFIX_PATH}:/home/rslomron/MoMa/tm_custom/install/tm_mod_urdf:/home/rslomron/MoMa/tm_custom/install/techman_robot_get_status:/home/rslomron/MoMa/tm_custom/install/python_demo:/home/rslomron/MoMa/tm_custom/install/arm_subscriber:/opt/ros/humble /usr/bin/cmake --install /home/rslomron/MoMa/tm_custom/build/techman_robot_msgs
