[0.041s] Invoking command in '/home/rslomron/tm_custom/build/custom_package': CMAKE_PREFIX_PATH=${CMAKE_PREFIX_PATH}:/home/rslomron/tm_custom/install/tm_mod_urdf:/home/rslomron/tm_custom/install/tm_get_status:/opt/ros/humble /usr/bin/cmake --build /home/rslomron/tm_custom/build/custom_package -- -j8 -l8
[0.613s] Invoked command in '/home/rslomron/tm_custom/build/custom_package' returned '0': CMAKE_PREFIX_PATH=${CMAKE_PREFIX_PATH}:/home/rslomron/tm_custom/install/tm_mod_urdf:/home/rslomron/tm_custom/install/tm_get_status:/opt/ros/humble /usr/bin/cmake --build /home/rslomron/tm_custom/build/custom_package -- -j8 -l8
[0.652s] Invoking command in '/home/rslomron/tm_custom/build/custom_package': CMAKE_PREFIX_PATH=${CMAKE_PREFIX_PATH}:/home/rslomron/tm_custom/install/tm_mod_urdf:/home/rslomron/tm_custom/install/tm_get_status:/opt/ros/humble /usr/bin/cmake --install /home/rslomron/tm_custom/build/custom_package
[0.662s] -- Install configuration: ""
[0.662s] -- Up-to-date: /home/rslomron/tm_custom/install/custom_package/share/ament_index/resource_index/package_run_dependencies/custom_package
[0.663s] -- Up-to-date: /home/rslomron/tm_custom/install/custom_package/share/ament_index/resource_index/parent_prefix_path/custom_package
[0.663s] -- Up-to-date: /home/rslomron/tm_custom/install/custom_package/share/custom_package/environment/ament_prefix_path.sh
[0.663s] -- Up-to-date: /home/rslomron/tm_custom/install/custom_package/share/custom_package/environment/ament_prefix_path.dsv
[0.663s] -- Up-to-date: /home/rslomron/tm_custom/install/custom_package/share/custom_package/environment/path.sh
[0.664s] -- Up-to-date: /home/rslomron/tm_custom/install/custom_package/share/custom_package/environment/path.dsv
[0.664s] -- Up-to-date: /home/rslomron/tm_custom/install/custom_package/share/custom_package/local_setup.bash
[0.664s] -- Up-to-date: /home/rslomron/tm_custom/install/custom_package/share/custom_package/local_setup.sh
[0.664s] -- Up-to-date: /home/rslomron/tm_custom/install/custom_package/share/custom_package/local_setup.zsh
[0.664s] -- Up-to-date: /home/rslomron/tm_custom/install/custom_package/share/custom_package/local_setup.dsv
[0.665s] -- Installing: /home/rslomron/tm_custom/install/custom_package/share/custom_package/package.dsv
[0.666s] -- Up-to-date: /home/rslomron/tm_custom/install/custom_package/share/ament_index/resource_index/packages/custom_package
[0.667s] -- Up-to-date: /home/rslomron/tm_custom/install/custom_package/share/custom_package/cmake/custom_packageConfig.cmake
[0.667s] -- Up-to-date: /home/rslomron/tm_custom/install/custom_package/share/custom_package/cmake/custom_packageConfig-version.cmake
[0.667s] -- Up-to-date: /home/rslomron/tm_custom/install/custom_package/share/custom_package/package.xml
[0.681s] Invoked command in '/home/rslomron/tm_custom/build/custom_package' returned '0': CMAKE_PREFIX_PATH=${CMAKE_PREFIX_PATH}:/home/rslomron/tm_custom/install/tm_mod_urdf:/home/rslomron/tm_custom/install/tm_get_status:/opt/ros/humble /usr/bin/cmake --install /home/rslomron/tm_custom/build/custom_package
