[0.030s] Invoking command in '/home/rslomron/tm_custom/build/tm_moveit_config_tm12x': AMENT_PREFIX_PATH=/home/rslomron/tm_custom/install/tm_description:${AMENT_PREFIX_PATH} CMAKE_PREFIX_PATH=/home/rslomron/tm_custom/install/tm_description:/opt/ros/humble /usr/bin/cmake --build /home/rslomron/tm_custom/build/tm_moveit_config_tm12x -- -j8 -l8
[0.093s] Invoked command in '/home/rslomron/tm_custom/build/tm_moveit_config_tm12x' returned '0': AMENT_PREFIX_PATH=/home/rslomron/tm_custom/install/tm_description:${AMENT_PREFIX_PATH} CMAKE_PREFIX_PATH=/home/rslomron/tm_custom/install/tm_description:/opt/ros/humble /usr/bin/cmake --build /home/rslomron/tm_custom/build/tm_moveit_config_tm12x -- -j8 -l8
[0.124s] Invoking command in '/home/rslomron/tm_custom/build/tm_moveit_config_tm12x': AMENT_PREFIX_PATH=/home/rslomron/tm_custom/install/tm_description:${AMENT_PREFIX_PATH} CMAKE_PREFIX_PATH=/home/rslomron/tm_custom/install/tm_description:/opt/ros/humble /usr/bin/cmake --install /home/rslomron/tm_custom/build/tm_moveit_config_tm12x
[0.135s] -- Install configuration: ""
[0.135s] -- Up-to-date: /home/rslomron/tm_custom/install/tm_moveit_config_tm12x/share/ament_index/resource_index/package_run_dependencies/tm_moveit_config_tm12x
[0.136s] -- Up-to-date: /home/rslomron/tm_custom/install/tm_moveit_config_tm12x/share/ament_index/resource_index/parent_prefix_path/tm_moveit_config_tm12x
[0.136s] -- Up-to-date: /home/rslomron/tm_custom/install/tm_moveit_config_tm12x/share/tm_moveit_config_tm12x/environment/ament_prefix_path.sh
[0.136s] -- Up-to-date: /home/rslomron/tm_custom/install/tm_moveit_config_tm12x/share/tm_moveit_config_tm12x/environment/ament_prefix_path.dsv
[0.136s] -- Up-to-date: /home/rslomron/tm_custom/install/tm_moveit_config_tm12x/share/tm_moveit_config_tm12x/environment/path.sh
[0.136s] -- Up-to-date: /home/rslomron/tm_custom/install/tm_moveit_config_tm12x/share/tm_moveit_config_tm12x/environment/path.dsv
[0.136s] -- Up-to-date: /home/rslomron/tm_custom/install/tm_moveit_config_tm12x/share/tm_moveit_config_tm12x/local_setup.bash
[0.137s] -- Up-to-date: /home/rslomron/tm_custom/install/tm_moveit_config_tm12x/share/tm_moveit_config_tm12x/local_setup.sh
[0.137s] -- Up-to-date: /home/rslomron/tm_custom/install/tm_moveit_config_tm12x/share/tm_moveit_config_tm12x/local_setup.zsh
[0.137s] -- Up-to-date: /home/rslomron/tm_custom/install/tm_moveit_config_tm12x/share/tm_moveit_config_tm12x/local_setup.dsv
[0.137s] -- Up-to-date: /home/rslomron/tm_custom/install/tm_moveit_config_tm12x/share/tm_moveit_config_tm12x/package.dsv
[0.138s] -- Up-to-date: /home/rslomron/tm_custom/install/tm_moveit_config_tm12x/share/ament_index/resource_index/packages/tm_moveit_config_tm12x
[0.138s] -- Up-to-date: /home/rslomron/tm_custom/install/tm_moveit_config_tm12x/share/tm_moveit_config_tm12x/cmake/tm_moveit_config_tm12xConfig.cmake
[0.138s] -- Up-to-date: /home/rslomron/tm_custom/install/tm_moveit_config_tm12x/share/tm_moveit_config_tm12x/cmake/tm_moveit_config_tm12xConfig-version.cmake
[0.138s] -- Up-to-date: /home/rslomron/tm_custom/install/tm_moveit_config_tm12x/share/tm_moveit_config_tm12x/package.xml
[0.138s] -- Up-to-date: /home/rslomron/tm_custom/install/tm_moveit_config_tm12x/share/tm_moveit_config_tm12x/config
[0.138s] -- Up-to-date: /home/rslomron/tm_custom/install/tm_moveit_config_tm12x/share/tm_moveit_config_tm12x/config/ros_controllers.yaml
[0.138s] -- Up-to-date: /home/rslomron/tm_custom/install/tm_moveit_config_tm12x/share/tm_moveit_config_tm12x/config/fake_controllers.yaml
[0.139s] -- Up-to-date: /home/rslomron/tm_custom/install/tm_moveit_config_tm12x/share/tm_moveit_config_tm12x/config/stomp_planning.yaml
[0.139s] -- Up-to-date: /home/rslomron/tm_custom/install/tm_moveit_config_tm12x/share/tm_moveit_config_tm12x/config/ompl_planning.yaml
[0.139s] -- Up-to-date: /home/rslomron/tm_custom/install/tm_moveit_config_tm12x/share/tm_moveit_config_tm12x/config/tm12x.srdf
[0.139s] -- Up-to-date: /home/rslomron/tm_custom/install/tm_moveit_config_tm12x/share/tm_moveit_config_tm12x/config/chomp_planning.yaml
[0.139s] -- Up-to-date: /home/rslomron/tm_custom/install/tm_moveit_config_tm12x/share/tm_moveit_config_tm12x/config/sensors_3d.yaml
[0.140s] -- Up-to-date: /home/rslomron/tm_custom/install/tm_moveit_config_tm12x/share/tm_moveit_config_tm12x/config/kinematics.yaml
[0.140s] -- Up-to-date: /home/rslomron/tm_custom/install/tm_moveit_config_tm12x/share/tm_moveit_config_tm12x/config/joint_limits.yaml
[0.148s] Invoked command in '/home/rslomron/tm_custom/build/tm_moveit_config_tm12x' returned '0': AMENT_PREFIX_PATH=/home/rslomron/tm_custom/install/tm_description:${AMENT_PREFIX_PATH} CMAKE_PREFIX_PATH=/home/rslomron/tm_custom/install/tm_description:/opt/ros/humble /usr/bin/cmake --install /home/rslomron/tm_custom/build/tm_moveit_config_tm12x
