[0.034s] Invoking command in '/home/rslomron/tm_custom/build/custom_package': AMENT_PREFIX_PATH=/home/rslomron/tm_custom/install/techman_robot_msgs CMAKE_PREFIX_PATH=/home/rslomron/tm_custom/install/techman_robot_msgs LD_LIBRARY_PATH=/home/rslomron/tm_custom/install/techman_robot_msgs/lib PYTHONPATH=/home/rslomron/tm_custom/install/techman_robot_msgs/local/lib/python3.10/dist-packages /usr/bin/cmake --build /home/rslomron/tm_custom/build/custom_package -- -j8 -l8
[0.280s] [ 50%] Built target sub_img
[0.286s] [ 75%] [32m[1mLinking CXX executable tm_send_command[0m
[0.667s] [100%] Built target tm_send_command
[0.687s] Invoked command in '/home/rslomron/tm_custom/build/custom_package' returned '0': AMENT_PREFIX_PATH=/home/rslomron/tm_custom/install/techman_robot_msgs CMAKE_PREFIX_PATH=/home/rslomron/tm_custom/install/techman_robot_msgs LD_LIBRARY_PATH=/home/rslomron/tm_custom/install/techman_robot_msgs/lib PYTHONPATH=/home/rslomron/tm_custom/install/techman_robot_msgs/local/lib/python3.10/dist-packages /usr/bin/cmake --build /home/rslomron/tm_custom/build/custom_package -- -j8 -l8
[0.760s] Invoking command in '/home/rslomron/tm_custom/build/custom_package': AMENT_PREFIX_PATH=/home/rslomron/tm_custom/install/techman_robot_msgs CMAKE_PREFIX_PATH=/home/rslomron/tm_custom/install/techman_robot_msgs LD_LIBRARY_PATH=/home/rslomron/tm_custom/install/techman_robot_msgs/lib PYTHONPATH=/home/rslomron/tm_custom/install/techman_robot_msgs/local/lib/python3.10/dist-packages /usr/bin/cmake --install /home/rslomron/tm_custom/build/custom_package
[0.781s] -- Install configuration: ""
[0.782s] -- Installing: /home/rslomron/tm_custom/install/custom_package/lib/custom_package/tm_send_command
[0.784s] -- Set runtime path of "/home/rslomron/tm_custom/install/custom_package/lib/custom_package/tm_send_command" to ""
[0.784s] -- Up-to-date: /home/rslomron/tm_custom/install/custom_package/lib/custom_package/sub_img
[0.785s] -- Up-to-date: /home/rslomron/tm_custom/install/custom_package/share/custom_package/image
[0.785s] -- Up-to-date: /home/rslomron/tm_custom/install/custom_package/share/custom_package/image/techman_robot.jpg
[0.786s] -- Up-to-date: /home/rslomron/tm_custom/install/custom_package/share/ament_index/resource_index/package_run_dependencies/custom_package
[0.786s] -- Up-to-date: /home/rslomron/tm_custom/install/custom_package/share/ament_index/resource_index/parent_prefix_path/custom_package
[0.786s] -- Up-to-date: /home/rslomron/tm_custom/install/custom_package/share/custom_package/environment/ament_prefix_path.sh
[0.786s] -- Up-to-date: /home/rslomron/tm_custom/install/custom_package/share/custom_package/environment/ament_prefix_path.dsv
[0.787s] -- Up-to-date: /home/rslomron/tm_custom/install/custom_package/share/custom_package/environment/path.sh
[0.787s] -- Up-to-date: /home/rslomron/tm_custom/install/custom_package/share/custom_package/environment/path.dsv
[0.787s] -- Up-to-date: /home/rslomron/tm_custom/install/custom_package/share/custom_package/local_setup.bash
[0.787s] -- Up-to-date: /home/rslomron/tm_custom/install/custom_package/share/custom_package/local_setup.sh
[0.787s] -- Up-to-date: /home/rslomron/tm_custom/install/custom_package/share/custom_package/local_setup.zsh
[0.787s] -- Up-to-date: /home/rslomron/tm_custom/install/custom_package/share/custom_package/local_setup.dsv
[0.787s] -- Installing: /home/rslomron/tm_custom/install/custom_package/share/custom_package/package.dsv
[0.788s] -- Up-to-date: /home/rslomron/tm_custom/install/custom_package/share/ament_index/resource_index/packages/custom_package
[0.788s] -- Up-to-date: /home/rslomron/tm_custom/install/custom_package/share/custom_package/cmake/custom_packageConfig.cmake
[0.788s] -- Up-to-date: /home/rslomron/tm_custom/install/custom_package/share/custom_package/cmake/custom_packageConfig-version.cmake
[0.788s] -- Up-to-date: /home/rslomron/tm_custom/install/custom_package/share/custom_package/package.xml
[0.792s] Invoked command in '/home/rslomron/tm_custom/build/custom_package' returned '0': AMENT_PREFIX_PATH=/home/rslomron/tm_custom/install/techman_robot_msgs CMAKE_PREFIX_PATH=/home/rslomron/tm_custom/install/techman_robot_msgs LD_LIBRARY_PATH=/home/rslomron/tm_custom/install/techman_robot_msgs/lib PYTHONPATH=/home/rslomron/tm_custom/install/techman_robot_msgs/local/lib/python3.10/dist-packages /usr/bin/cmake --install /home/rslomron/tm_custom/build/custom_package
