[0.783s] Invoking command in '/home/rslomron/MoMa/tm_custom/build/safety_msgs': CMAKE_PREFIX_PATH=${CMAKE_PREFIX_PATH}:/home/rslomron/MoMa/tm_custom/install/tm_mod_urdf:/home/rslomron/MoMa/tm_custom/install/techman_robot_get_status:/home/rslomron/MoMa/tm_custom/install/python_demo:/home/rslomron/MoMa/tm_custom/install/arm_subscriber:/opt/ros/humble /usr/bin/cmake --build /home/rslomron/MoMa/tm_custom/build/safety_msgs -- -j8 -l8
[1.111s] [ 12%] Built target safety_msgs__cpp
[1.111s] [ 12%] Built target safety_msgs__rosidl_generator_c
[1.111s] [ 12%] Built target ament_cmake_python_copy_safety_msgs
[1.111s] [ 22%] Built target safety_msgs__rosidl_typesupport_introspection_c
[1.111s] [ 35%] Built target safety_msgs__rosidl_typesupport_fastrtps_c
[1.111s] [ 45%] Built target safety_msgs__rosidl_typesupport_introspection_cpp
[1.111s] [ 51%] Built target safety_msgs__rosidl_typesupport_c
[1.111s] [ 70%] Built target safety_msgs__rosidl_typesupport_fastrtps_cpp
[1.111s] [ 70%] Built target safety_msgs__rosidl_typesupport_cpp
[1.112s] [ 70%] Built target safety_msgs
[1.112s] [ 74%] Built target safety_msgs__py
[1.112s] [ 80%] Built target safety_msgs__rosidl_generator_py
[1.112s] [ 87%] Built target safety_msgs__rosidl_typesupport_c__pyext
[1.112s] [ 93%] Built target safety_msgs__rosidl_typesupport_introspection_c__pyext
[1.112s] [100%] Built target safety_msgs__rosidl_typesupport_fastrtps_c__pyext
[1.240s] running egg_info
[1.241s] writing safety_msgs.egg-info/PKG-INFO
[1.242s] writing dependency_links to safety_msgs.egg-info/dependency_links.txt
[1.242s] writing top-level names to safety_msgs.egg-info/top_level.txt
[1.245s] reading manifest file 'safety_msgs.egg-info/SOURCES.txt'
[1.245s] writing manifest file 'safety_msgs.egg-info/SOURCES.txt'
[1.274s] [100%] Built target ament_cmake_python_build_safety_msgs_egg
[1.444s] Invoked command in '/home/rslomron/MoMa/tm_custom/build/safety_msgs' returned '0': CMAKE_PREFIX_PATH=${CMAKE_PREFIX_PATH}:/home/rslomron/MoMa/tm_custom/install/tm_mod_urdf:/home/rslomron/MoMa/tm_custom/install/techman_robot_get_status:/home/rslomron/MoMa/tm_custom/install/python_demo:/home/rslomron/MoMa/tm_custom/install/arm_subscriber:/opt/ros/humble /usr/bin/cmake --build /home/rslomron/MoMa/tm_custom/build/safety_msgs -- -j8 -l8
[1.579s] Invoking command in '/home/rslomron/MoMa/tm_custom/build/safety_msgs': CMAKE_PREFIX_PATH=${CMAKE_PREFIX_PATH}:/home/rslomron/MoMa/tm_custom/install/tm_mod_urdf:/home/rslomron/MoMa/tm_custom/install/techman_robot_get_status:/home/rslomron/MoMa/tm_custom/install/python_demo:/home/rslomron/MoMa/tm_custom/install/arm_subscriber:/opt/ros/humble /usr/bin/cmake --install /home/rslomron/MoMa/tm_custom/build/safety_msgs
[1.593s] -- Install configuration: ""
[1.593s] -- Up-to-date: /home/rslomron/MoMa/tm_custom/install/safety_msgs/share/ament_index/resource_index/rosidl_interfaces/safety_msgs
[1.593s] -- Up-to-date: /home/rslomron/MoMa/tm_custom/install/safety_msgs/include/safety_msgs/safety_msgs
[1.594s] -- Up-to-date: /home/rslomron/MoMa/tm_custom/install/safety_msgs/include/safety_msgs/safety_msgs/msg
[1.595s] -- Up-to-date: /home/rslomron/MoMa/tm_custom/install/safety_msgs/include/safety_msgs/safety_msgs/msg/rosidl_generator_c__visibility_control.h
[1.595s] -- Up-to-date: /home/rslomron/MoMa/tm_custom/install/safety_msgs/include/safety_msgs/safety_msgs/srv
[1.595s] -- Up-to-date: /home/rslomron/MoMa/tm_custom/install/safety_msgs/include/safety_msgs/safety_msgs/srv/detail
[1.595s] -- Up-to-date: /home/rslomron/MoMa/tm_custom/install/safety_msgs/include/safety_msgs/safety_msgs/srv/detail/arm_safety_service__functions.c
[1.596s] -- Up-to-date: /home/rslomron/MoMa/tm_custom/install/safety_msgs/include/safety_msgs/safety_msgs/srv/detail/arm_safety_service__functions.h
[1.596s] -- Up-to-date: /home/rslomron/MoMa/tm_custom/install/safety_msgs/include/safety_msgs/safety_msgs/srv/detail/arm_safety_service__struct.h
[1.596s] -- Up-to-date: /home/rslomron/MoMa/tm_custom/install/safety_msgs/include/safety_msgs/safety_msgs/srv/detail/arm_safety_service__type_support.h
[1.596s] -- Up-to-date: /home/rslomron/MoMa/tm_custom/install/safety_msgs/include/safety_msgs/safety_msgs/srv/arm_safety_service.h
[1.597s] -- Up-to-date: /home/rslomron/MoMa/tm_custom/install/safety_msgs/share/safety_msgs/environment/library_path.sh
[1.597s] -- Up-to-date: /home/rslomron/MoMa/tm_custom/install/safety_msgs/share/safety_msgs/environment/library_path.dsv
[1.598s] -- Up-to-date: /home/rslomron/MoMa/tm_custom/install/safety_msgs/lib/libsafety_msgs__rosidl_generator_c.so
[1.598s] -- Up-to-date: /home/rslomron/MoMa/tm_custom/install/safety_msgs/include/safety_msgs/safety_msgs
[1.598s] -- Up-to-date: /home/rslomron/MoMa/tm_custom/install/safety_msgs/include/safety_msgs/safety_msgs/msg
[1.598s] -- Up-to-date: /home/rslomron/MoMa/tm_custom/install/safety_msgs/include/safety_msgs/safety_msgs/msg/rosidl_typesupport_fastrtps_c__visibility_control.h
[1.598s] -- Up-to-date: /home/rslomron/MoMa/tm_custom/install/safety_msgs/include/safety_msgs/safety_msgs/srv
[1.598s] -- Up-to-date: /home/rslomron/MoMa/tm_custom/install/safety_msgs/include/safety_msgs/safety_msgs/srv/detail
[1.599s] -- Up-to-date: /home/rslomron/MoMa/tm_custom/install/safety_msgs/include/safety_msgs/safety_msgs/srv/detail/arm_safety_service__rosidl_typesupport_fastrtps_c.h
[1.599s] -- Up-to-date: /home/rslomron/MoMa/tm_custom/install/safety_msgs/lib/libsafety_msgs__rosidl_typesupport_fastrtps_c.so
[1.599s] -- Up-to-date: /home/rslomron/MoMa/tm_custom/install/safety_msgs/include/safety_msgs/safety_msgs
[1.599s] -- Up-to-date: /home/rslomron/MoMa/tm_custom/install/safety_msgs/include/safety_msgs/safety_msgs/srv
[1.599s] -- Up-to-date: /home/rslomron/MoMa/tm_custom/install/safety_msgs/include/safety_msgs/safety_msgs/srv/detail
[1.599s] -- Up-to-date: /home/rslomron/MoMa/tm_custom/install/safety_msgs/include/safety_msgs/safety_msgs/srv/detail/arm_safety_service__traits.hpp
[1.599s] -- Up-to-date: /home/rslomron/MoMa/tm_custom/install/safety_msgs/include/safety_msgs/safety_msgs/srv/detail/arm_safety_service__builder.hpp
[1.600s] -- Up-to-date: /home/rslomron/MoMa/tm_custom/install/safety_msgs/include/safety_msgs/safety_msgs/srv/detail/arm_safety_service__struct.hpp
[1.600s] -- Up-to-date: /home/rslomron/MoMa/tm_custom/install/safety_msgs/include/safety_msgs/safety_msgs/srv/arm_safety_service.hpp
[1.600s] -- Up-to-date: /home/rslomron/MoMa/tm_custom/install/safety_msgs/include/safety_msgs/safety_msgs
[1.600s] -- Up-to-date: /home/rslomron/MoMa/tm_custom/install/safety_msgs/include/safety_msgs/safety_msgs/msg
[1.600s] -- Up-to-date: /home/rslomron/MoMa/tm_custom/install/safety_msgs/include/safety_msgs/safety_msgs/msg/rosidl_typesupport_fastrtps_cpp__visibility_control.h
[1.600s] -- Up-to-date: /home/rslomron/MoMa/tm_custom/install/safety_msgs/include/safety_msgs/safety_msgs/srv
[1.600s] -- Up-to-date: /home/rslomron/MoMa/tm_custom/install/safety_msgs/include/safety_msgs/safety_msgs/srv/detail
[1.600s] -- Up-to-date: /home/rslomron/MoMa/tm_custom/install/safety_msgs/include/safety_msgs/safety_msgs/srv/detail/dds_fastrtps
[1.600s] -- Up-to-date: /home/rslomron/MoMa/tm_custom/install/safety_msgs/include/safety_msgs/safety_msgs/srv/detail/arm_safety_service__rosidl_typesupport_fastrtps_cpp.hpp
[1.601s] -- Up-to-date: /home/rslomron/MoMa/tm_custom/install/safety_msgs/lib/libsafety_msgs__rosidl_typesupport_fastrtps_cpp.so
[1.601s] -- Up-to-date: /home/rslomron/MoMa/tm_custom/install/safety_msgs/include/safety_msgs/safety_msgs
[1.601s] -- Up-to-date: /home/rslomron/MoMa/tm_custom/install/safety_msgs/include/safety_msgs/safety_msgs/msg
[1.601s] -- Up-to-date: /home/rslomron/MoMa/tm_custom/install/safety_msgs/include/safety_msgs/safety_msgs/msg/rosidl_typesupport_introspection_c__visibility_control.h
[1.602s] -- Up-to-date: /home/rslomron/MoMa/tm_custom/install/safety_msgs/include/safety_msgs/safety_msgs/srv
[1.602s] -- Up-to-date: /home/rslomron/MoMa/tm_custom/install/safety_msgs/include/safety_msgs/safety_msgs/srv/detail
[1.602s] -- Up-to-date: /home/rslomron/MoMa/tm_custom/install/safety_msgs/include/safety_msgs/safety_msgs/srv/detail/arm_safety_service__type_support.c
[1.602s] -- Up-to-date: /home/rslomron/MoMa/tm_custom/install/safety_msgs/include/safety_msgs/safety_msgs/srv/detail/arm_safety_service__rosidl_typesupport_introspection_c.h
[1.602s] -- Up-to-date: /home/rslomron/MoMa/tm_custom/install/safety_msgs/lib/libsafety_msgs__rosidl_typesupport_introspection_c.so
[1.602s] -- Up-to-date: /home/rslomron/MoMa/tm_custom/install/safety_msgs/lib/libsafety_msgs__rosidl_typesupport_c.so
[1.602s] -- Up-to-date: /home/rslomron/MoMa/tm_custom/install/safety_msgs/include/safety_msgs/safety_msgs
[1.603s] -- Up-to-date: /home/rslomron/MoMa/tm_custom/install/safety_msgs/include/safety_msgs/safety_msgs/srv
[1.603s] -- Up-to-date: /home/rslomron/MoMa/tm_custom/install/safety_msgs/include/safety_msgs/safety_msgs/srv/detail
[1.603s] -- Up-to-date: /home/rslomron/MoMa/tm_custom/install/safety_msgs/include/safety_msgs/safety_msgs/srv/detail/arm_safety_service__type_support.cpp
[1.603s] -- Up-to-date: /home/rslomron/MoMa/tm_custom/install/safety_msgs/include/safety_msgs/safety_msgs/srv/detail/arm_safety_service__rosidl_typesupport_introspection_cpp.hpp
[1.603s] -- Up-to-date: /home/rslomron/MoMa/tm_custom/install/safety_msgs/lib/libsafety_msgs__rosidl_typesupport_introspection_cpp.so
[1.603s] -- Up-to-date: /home/rslomron/MoMa/tm_custom/install/safety_msgs/lib/libsafety_msgs__rosidl_typesupport_cpp.so
[1.604s] -- Up-to-date: /home/rslomron/MoMa/tm_custom/install/safety_msgs/share/safety_msgs/environment/pythonpath.sh
[1.604s] -- Up-to-date: /home/rslomron/MoMa/tm_custom/install/safety_msgs/share/safety_msgs/environment/pythonpath.dsv
[1.605s] -- Up-to-date: /home/rslomron/MoMa/tm_custom/install/safety_msgs/local/lib/python3.10/dist-packages/safety_msgs-0.0.0-py3.10.egg-info
[1.605s] -- Installing: /home/rslomron/MoMa/tm_custom/install/safety_msgs/local/lib/python3.10/dist-packages/safety_msgs-0.0.0-py3.10.egg-info/top_level.txt
[1.605s] -- Installing: /home/rslomron/MoMa/tm_custom/install/safety_msgs/local/lib/python3.10/dist-packages/safety_msgs-0.0.0-py3.10.egg-info/PKG-INFO
[1.605s] -- Installing: /home/rslomron/MoMa/tm_custom/install/safety_msgs/local/lib/python3.10/dist-packages/safety_msgs-0.0.0-py3.10.egg-info/dependency_links.txt
[1.605s] -- Installing: /home/rslomron/MoMa/tm_custom/install/safety_msgs/local/lib/python3.10/dist-packages/safety_msgs-0.0.0-py3.10.egg-info/SOURCES.txt
[1.605s] -- Up-to-date: /home/rslomron/MoMa/tm_custom/install/safety_msgs/local/lib/python3.10/dist-packages/safety_msgs
[1.605s] -- Up-to-date: /home/rslomron/MoMa/tm_custom/install/safety_msgs/local/lib/python3.10/dist-packages/safety_msgs/_safety_msgs_s.ep.rosidl_typesupport_c.c
[1.606s] -- Up-to-date: /home/rslomron/MoMa/tm_custom/install/safety_msgs/local/lib/python3.10/dist-packages/safety_msgs/_safety_msgs_s.ep.rosidl_typesupport_fastrtps_c.c
[1.606s] -- Up-to-date: /home/rslomron/MoMa/tm_custom/install/safety_msgs/local/lib/python3.10/dist-packages/safety_msgs/safety_msgs_s__rosidl_typesupport_c.cpython-310-x86_64-linux-gnu.so
[1.606s] -- Up-to-date: /home/rslomron/MoMa/tm_custom/install/safety_msgs/local/lib/python3.10/dist-packages/safety_msgs/libsafety_msgs__rosidl_generator_py.so
[1.606s] -- Up-to-date: /home/rslomron/MoMa/tm_custom/install/safety_msgs/local/lib/python3.10/dist-packages/safety_msgs/safety_msgs_s__rosidl_typesupport_introspection_c.cpython-310-x86_64-linux-gnu.so
[1.606s] -- Up-to-date: /home/rslomron/MoMa/tm_custom/install/safety_msgs/local/lib/python3.10/dist-packages/safety_msgs/__init__.py
[1.607s] -- Up-to-date: /home/rslomron/MoMa/tm_custom/install/safety_msgs/local/lib/python3.10/dist-packages/safety_msgs/srv
[1.609s] -- Up-to-date: /home/rslomron/MoMa/tm_custom/install/safety_msgs/local/lib/python3.10/dist-packages/safety_msgs/srv/_arm_safety_service_s.c
[1.610s] -- Up-to-date: /home/rslomron/MoMa/tm_custom/install/safety_msgs/local/lib/python3.10/dist-packages/safety_msgs/srv/_arm_safety_service.py
[1.610s] -- Up-to-date: /home/rslomron/MoMa/tm_custom/install/safety_msgs/local/lib/python3.10/dist-packages/safety_msgs/srv/__init__.py
[1.610s] -- Up-to-date: /home/rslomron/MoMa/tm_custom/install/safety_msgs/local/lib/python3.10/dist-packages/safety_msgs/safety_msgs_s__rosidl_typesupport_fastrtps_c.cpython-310-x86_64-linux-gnu.so
[1.610s] -- Up-to-date: /home/rslomron/MoMa/tm_custom/install/safety_msgs/local/lib/python3.10/dist-packages/safety_msgs/_safety_msgs_s.ep.rosidl_typesupport_introspection_c.c
[1.673s] Listing '/home/rslomron/MoMa/tm_custom/install/safety_msgs/local/lib/python3.10/dist-packages/safety_msgs'...
[1.674s] Listing '/home/rslomron/MoMa/tm_custom/install/safety_msgs/local/lib/python3.10/dist-packages/safety_msgs/srv'...
[1.696s] -- Up-to-date: /home/rslomron/MoMa/tm_custom/install/safety_msgs/local/lib/python3.10/dist-packages/safety_msgs/safety_msgs_s__rosidl_typesupport_fastrtps_c.cpython-310-x86_64-linux-gnu.so
[1.696s] -- Up-to-date: /home/rslomron/MoMa/tm_custom/install/safety_msgs/local/lib/python3.10/dist-packages/safety_msgs/safety_msgs_s__rosidl_typesupport_introspection_c.cpython-310-x86_64-linux-gnu.so
[1.696s] -- Up-to-date: /home/rslomron/MoMa/tm_custom/install/safety_msgs/local/lib/python3.10/dist-packages/safety_msgs/safety_msgs_s__rosidl_typesupport_c.cpython-310-x86_64-linux-gnu.so
[1.696s] -- Up-to-date: /home/rslomron/MoMa/tm_custom/install/safety_msgs/lib/libsafety_msgs__rosidl_generator_py.so
[1.697s] -- Up-to-date: /home/rslomron/MoMa/tm_custom/install/safety_msgs/share/safety_msgs/srv/ArmSafetyService.idl
[1.697s] -- Up-to-date: /home/rslomron/MoMa/tm_custom/install/safety_msgs/share/safety_msgs/srv/ArmSafetyService.srv
[1.697s] -- Up-to-date: /home/rslomron/MoMa/tm_custom/install/safety_msgs/share/safety_msgs/srv/ArmSafetyService_Request.msg
[1.697s] -- Up-to-date: /home/rslomron/MoMa/tm_custom/install/safety_msgs/share/safety_msgs/srv/ArmSafetyService_Response.msg
[1.697s] -- Up-to-date: /home/rslomron/MoMa/tm_custom/install/safety_msgs/share/ament_index/resource_index/package_run_dependencies/safety_msgs
[1.697s] -- Up-to-date: /home/rslomron/MoMa/tm_custom/install/safety_msgs/share/ament_index/resource_index/parent_prefix_path/safety_msgs
[1.697s] -- Up-to-date: /home/rslomron/MoMa/tm_custom/install/safety_msgs/share/safety_msgs/environment/ament_prefix_path.sh
[1.697s] -- Up-to-date: /home/rslomron/MoMa/tm_custom/install/safety_msgs/share/safety_msgs/environment/ament_prefix_path.dsv
[1.698s] -- Up-to-date: /home/rslomron/MoMa/tm_custom/install/safety_msgs/share/safety_msgs/environment/path.sh
[1.698s] -- Up-to-date: /home/rslomron/MoMa/tm_custom/install/safety_msgs/share/safety_msgs/environment/path.dsv
[1.698s] -- Up-to-date: /home/rslomron/MoMa/tm_custom/install/safety_msgs/share/safety_msgs/local_setup.bash
[1.698s] -- Up-to-date: /home/rslomron/MoMa/tm_custom/install/safety_msgs/share/safety_msgs/local_setup.sh
[1.698s] -- Up-to-date: /home/rslomron/MoMa/tm_custom/install/safety_msgs/share/safety_msgs/local_setup.zsh
[1.698s] -- Up-to-date: /home/rslomron/MoMa/tm_custom/install/safety_msgs/share/safety_msgs/local_setup.dsv
[1.698s] -- Installing: /home/rslomron/MoMa/tm_custom/install/safety_msgs/share/safety_msgs/package.dsv
[1.699s] -- Up-to-date: /home/rslomron/MoMa/tm_custom/install/safety_msgs/share/ament_index/resource_index/packages/safety_msgs
[1.699s] -- Up-to-date: /home/rslomron/MoMa/tm_custom/install/safety_msgs/share/safety_msgs/cmake/export_safety_msgs__rosidl_generator_cExport.cmake
[1.699s] -- Up-to-date: /home/rslomron/MoMa/tm_custom/install/safety_msgs/share/safety_msgs/cmake/export_safety_msgs__rosidl_generator_cExport-noconfig.cmake
[1.699s] -- Up-to-date: /home/rslomron/MoMa/tm_custom/install/safety_msgs/share/safety_msgs/cmake/export_safety_msgs__rosidl_typesupport_fastrtps_cExport.cmake
[1.699s] -- Up-to-date: /home/rslomron/MoMa/tm_custom/install/safety_msgs/share/safety_msgs/cmake/export_safety_msgs__rosidl_typesupport_fastrtps_cExport-noconfig.cmake
[1.699s] -- Up-to-date: /home/rslomron/MoMa/tm_custom/install/safety_msgs/share/safety_msgs/cmake/export_safety_msgs__rosidl_generator_cppExport.cmake
[1.699s] -- Up-to-date: /home/rslomron/MoMa/tm_custom/install/safety_msgs/share/safety_msgs/cmake/export_safety_msgs__rosidl_typesupport_fastrtps_cppExport.cmake
[1.699s] -- Up-to-date: /home/rslomron/MoMa/tm_custom/install/safety_msgs/share/safety_msgs/cmake/export_safety_msgs__rosidl_typesupport_fastrtps_cppExport-noconfig.cmake
[1.700s] -- Up-to-date: /home/rslomron/MoMa/tm_custom/install/safety_msgs/share/safety_msgs/cmake/safety_msgs__rosidl_typesupport_introspection_cExport.cmake
[1.700s] -- Up-to-date: /home/rslomron/MoMa/tm_custom/install/safety_msgs/share/safety_msgs/cmake/safety_msgs__rosidl_typesupport_introspection_cExport-noconfig.cmake
[1.700s] -- Up-to-date: /home/rslomron/MoMa/tm_custom/install/safety_msgs/share/safety_msgs/cmake/safety_msgs__rosidl_typesupport_cExport.cmake
[1.700s] -- Up-to-date: /home/rslomron/MoMa/tm_custom/install/safety_msgs/share/safety_msgs/cmake/safety_msgs__rosidl_typesupport_cExport-noconfig.cmake
[1.700s] -- Up-to-date: /home/rslomron/MoMa/tm_custom/install/safety_msgs/share/safety_msgs/cmake/safety_msgs__rosidl_typesupport_introspection_cppExport.cmake
[1.700s] -- Up-to-date: /home/rslomron/MoMa/tm_custom/install/safety_msgs/share/safety_msgs/cmake/safety_msgs__rosidl_typesupport_introspection_cppExport-noconfig.cmake
[1.700s] -- Up-to-date: /home/rslomron/MoMa/tm_custom/install/safety_msgs/share/safety_msgs/cmake/safety_msgs__rosidl_typesupport_cppExport.cmake
[1.701s] -- Up-to-date: /home/rslomron/MoMa/tm_custom/install/safety_msgs/share/safety_msgs/cmake/safety_msgs__rosidl_typesupport_cppExport-noconfig.cmake
[1.701s] -- Up-to-date: /home/rslomron/MoMa/tm_custom/install/safety_msgs/share/safety_msgs/cmake/export_safety_msgs__rosidl_generator_pyExport.cmake
[1.701s] -- Up-to-date: /home/rslomron/MoMa/tm_custom/install/safety_msgs/share/safety_msgs/cmake/export_safety_msgs__rosidl_generator_pyExport-noconfig.cmake
[1.701s] -- Up-to-date: /home/rslomron/MoMa/tm_custom/install/safety_msgs/share/safety_msgs/cmake/rosidl_cmake-extras.cmake
[1.701s] -- Up-to-date: /home/rslomron/MoMa/tm_custom/install/safety_msgs/share/safety_msgs/cmake/ament_cmake_export_dependencies-extras.cmake
[1.701s] -- Up-to-date: /home/rslomron/MoMa/tm_custom/install/safety_msgs/share/safety_msgs/cmake/ament_cmake_export_include_directories-extras.cmake
[1.701s] -- Up-to-date: /home/rslomron/MoMa/tm_custom/install/safety_msgs/share/safety_msgs/cmake/ament_cmake_export_libraries-extras.cmake
[1.702s] -- Up-to-date: /home/rslomron/MoMa/tm_custom/install/safety_msgs/share/safety_msgs/cmake/ament_cmake_export_targets-extras.cmake
[1.702s] -- Up-to-date: /home/rslomron/MoMa/tm_custom/install/safety_msgs/share/safety_msgs/cmake/rosidl_cmake_export_typesupport_targets-extras.cmake
[1.702s] -- Up-to-date: /home/rslomron/MoMa/tm_custom/install/safety_msgs/share/safety_msgs/cmake/rosidl_cmake_export_typesupport_libraries-extras.cmake
[1.702s] -- Up-to-date: /home/rslomron/MoMa/tm_custom/install/safety_msgs/share/safety_msgs/cmake/safety_msgsConfig.cmake
[1.702s] -- Up-to-date: /home/rslomron/MoMa/tm_custom/install/safety_msgs/share/safety_msgs/cmake/safety_msgsConfig-version.cmake
[1.702s] -- Up-to-date: /home/rslomron/MoMa/tm_custom/install/safety_msgs/share/safety_msgs/package.xml
[1.734s] Invoked command in '/home/rslomron/MoMa/tm_custom/build/safety_msgs' returned '0': CMAKE_PREFIX_PATH=${CMAKE_PREFIX_PATH}:/home/rslomron/MoMa/tm_custom/install/tm_mod_urdf:/home/rslomron/MoMa/tm_custom/install/techman_robot_get_status:/home/rslomron/MoMa/tm_custom/install/python_demo:/home/rslomron/MoMa/tm_custom/install/arm_subscriber:/opt/ros/humble /usr/bin/cmake --install /home/rslomron/MoMa/tm_custom/build/safety_msgs
