[0.020s] Invoking command in '/home/rslomron/tm_custom/build/custom_package': AMENT_PREFIX_PATH=/home/rslomron/tm_custom/install/techman_robot_msgs:${AMENT_PREFIX_PATH} CMAKE_PREFIX_PATH=/home/rslomron/tm_custom/install/techman_robot_msgs:/opt/ros/humble LD_LIBRARY_PATH=/home/rslomron/tm_custom/install/techman_robot_msgs/lib:${LD_LIBRARY_PATH} PYTHONPATH=/home/rslomron/tm_custom/install/techman_robot_msgs/local/lib/python3.10/dist-packages:${PYTHONPATH} /usr/bin/cmake --build /home/rslomron/tm_custom/build/custom_package -- -j8 -l8
[0.110s] [ 50%] Built target sub_img
[0.116s] [100%] Built target tm_send_command
[0.164s] Invoked command in '/home/rslomron/tm_custom/build/custom_package' returned '0': AMENT_PREFIX_PATH=/home/rslomron/tm_custom/install/techman_robot_msgs:${AMENT_PREFIX_PATH} CMAKE_PREFIX_PATH=/home/rslomron/tm_custom/install/techman_robot_msgs:/opt/ros/humble LD_LIBRARY_PATH=/home/rslomron/tm_custom/install/techman_robot_msgs/lib:${LD_LIBRARY_PATH} PYTHONPATH=/home/rslomron/tm_custom/install/techman_robot_msgs/local/lib/python3.10/dist-packages:${PYTHONPATH} /usr/bin/cmake --build /home/rslomron/tm_custom/build/custom_package -- -j8 -l8
[0.213s] Invoking command in '/home/rslomron/tm_custom/build/custom_package': AMENT_PREFIX_PATH=/home/rslomron/tm_custom/install/techman_robot_msgs:${AMENT_PREFIX_PATH} CMAKE_PREFIX_PATH=/home/rslomron/tm_custom/install/techman_robot_msgs:/opt/ros/humble LD_LIBRARY_PATH=/home/rslomron/tm_custom/install/techman_robot_msgs/lib:${LD_LIBRARY_PATH} PYTHONPATH=/home/rslomron/tm_custom/install/techman_robot_msgs/local/lib/python3.10/dist-packages:${PYTHONPATH} /usr/bin/cmake --install /home/rslomron/tm_custom/build/custom_package
[0.224s] -- Install configuration: ""
[0.224s] -- Up-to-date: /home/rslomron/tm_custom/install/custom_package/lib/custom_package/tm_send_command
[0.224s] -- Up-to-date: /home/rslomron/tm_custom/install/custom_package/lib/custom_package/sub_img
[0.225s] -- Up-to-date: /home/rslomron/tm_custom/install/custom_package/share/custom_package/image
[0.225s] -- Up-to-date: /home/rslomron/tm_custom/install/custom_package/share/custom_package/image/techman_robot.jpg
[0.225s] -- Up-to-date: /home/rslomron/tm_custom/install/custom_package/share/ament_index/resource_index/package_run_dependencies/custom_package
[0.225s] -- Up-to-date: /home/rslomron/tm_custom/install/custom_package/share/ament_index/resource_index/parent_prefix_path/custom_package
[0.226s] -- Up-to-date: /home/rslomron/tm_custom/install/custom_package/share/custom_package/environment/ament_prefix_path.sh
[0.226s] -- Up-to-date: /home/rslomron/tm_custom/install/custom_package/share/custom_package/environment/ament_prefix_path.dsv
[0.226s] -- Up-to-date: /home/rslomron/tm_custom/install/custom_package/share/custom_package/environment/path.sh
[0.226s] -- Up-to-date: /home/rslomron/tm_custom/install/custom_package/share/custom_package/environment/path.dsv
[0.226s] -- Up-to-date: /home/rslomron/tm_custom/install/custom_package/share/custom_package/local_setup.bash
[0.227s] -- Up-to-date: /home/rslomron/tm_custom/install/custom_package/share/custom_package/local_setup.sh
[0.227s] -- Up-to-date: /home/rslomron/tm_custom/install/custom_package/share/custom_package/local_setup.zsh
[0.227s] -- Up-to-date: /home/rslomron/tm_custom/install/custom_package/share/custom_package/local_setup.dsv
[0.227s] -- Installing: /home/rslomron/tm_custom/install/custom_package/share/custom_package/package.dsv
[0.227s] -- Up-to-date: /home/rslomron/tm_custom/install/custom_package/share/ament_index/resource_index/packages/custom_package
[0.227s] -- Up-to-date: /home/rslomron/tm_custom/install/custom_package/share/custom_package/cmake/custom_packageConfig.cmake
[0.228s] -- Up-to-date: /home/rslomron/tm_custom/install/custom_package/share/custom_package/cmake/custom_packageConfig-version.cmake
[0.228s] -- Up-to-date: /home/rslomron/tm_custom/install/custom_package/share/custom_package/package.xml
[0.230s] Invoked command in '/home/rslomron/tm_custom/build/custom_package' returned '0': AMENT_PREFIX_PATH=/home/rslomron/tm_custom/install/techman_robot_msgs:${AMENT_PREFIX_PATH} CMAKE_PREFIX_PATH=/home/rslomron/tm_custom/install/techman_robot_msgs:/opt/ros/humble LD_LIBRARY_PATH=/home/rslomron/tm_custom/install/techman_robot_msgs/lib:${LD_LIBRARY_PATH} PYTHONPATH=/home/rslomron/tm_custom/install/techman_robot_msgs/local/lib/python3.10/dist-packages:${PYTHONPATH} /usr/bin/cmake --install /home/rslomron/tm_custom/build/custom_package
