[0.028s] Invoking command in '/home/rslomron/MoMa/tm_custom/build/demo': CMAKE_PREFIX_PATH=/home/rslomron/MoMa/tm_custom/install/tm_msgs:/home/rslomron/MoMa/tm_custom/install/ui_for_debug_and_demo:/home/rslomron/MoMa/tm_custom/install/tm_driver:/home/rslomron/MoMa/tm_custom/install/demo:/home/rslomron/MoMa/tm_custom/install/tm_moveit_cpp_demo:/home/rslomron/MoMa/tm_custom/install/tm_moveit_config_tm5x-900:/home/rslomron/MoMa/tm_custom/install/tm_moveit_config_tm5x-700:/home/rslomron/MoMa/tm_custom/install/tm_moveit_config_tm5-900:/home/rslomron/MoMa/tm_custom/install/tm_moveit_config_tm5-700:/home/rslomron/MoMa/tm_custom/install/tm_moveit_config_tm14x:/home/rslomron/MoMa/tm_custom/install/tm_moveit_config_tm14:/home/rslomron/MoMa/tm_custom/install/tm_moveit_config_tm12x:/home/rslomron/MoMa/tm_custom/install/tm_moveit_config_tm12:/home/rslomron/MoMa/tm_custom/install/tm_description:/home/rslomron/MoMa/tm_custom/install/custom_package:/home/rslomron/MoMa/tm_custom/install/techman_robot_msgs:/home/rslomron/MoMa/tm_custom/install/safety_msgs:/home/rslomron/MoMa/tm_custom/install/tm_mod_urdf:/home/rslomron/MoMa/tm_custom/install/techman_robot_get_status:/home/rslomron/MoMa/tm_custom/install/python_demo:/home/rslomron/MoMa/tm_custom/install/arm_subscriber:/opt/ros/humble /usr/bin/cmake --build /home/rslomron/MoMa/tm_custom/build/demo -- -j8 -l8
[0.140s] [  7%] Built target demo_send_script
[0.142s] [ 14%] Built target demo_ask_sta
[0.147s] [ 21%] Built target demo_set_event
[0.147s] [ 28%] Built target demo_connect_tm
[0.159s] [ 35%] Built target demo_set_io
[0.163s] [ 42%] Built target demo_set_positions
[0.214s] [ 50%] Built target demo_write_item
[0.217s] [ 57%] Built target demo_get_feedback
[0.227s] [ 64%] Built target demo_ask_item
[0.231s] [ 71%] Built target demo_get_svr_response
[0.231s] [ 78%] Built target demo_get_sta_response
[0.233s] [ 85%] Built target demo_get_torque_feedback
[0.242s] [ 92%] Built target demo_get_sct_response
[0.249s] [100%] Built target demo_leave_listen_node
[0.265s] Invoked command in '/home/rslomron/MoMa/tm_custom/build/demo' returned '0': CMAKE_PREFIX_PATH=/home/rslomron/MoMa/tm_custom/install/tm_msgs:/home/rslomron/MoMa/tm_custom/install/ui_for_debug_and_demo:/home/rslomron/MoMa/tm_custom/install/tm_driver:/home/rslomron/MoMa/tm_custom/install/demo:/home/rslomron/MoMa/tm_custom/install/tm_moveit_cpp_demo:/home/rslomron/MoMa/tm_custom/install/tm_moveit_config_tm5x-900:/home/rslomron/MoMa/tm_custom/install/tm_moveit_config_tm5x-700:/home/rslomron/MoMa/tm_custom/install/tm_moveit_config_tm5-900:/home/rslomron/MoMa/tm_custom/install/tm_moveit_config_tm5-700:/home/rslomron/MoMa/tm_custom/install/tm_moveit_config_tm14x:/home/rslomron/MoMa/tm_custom/install/tm_moveit_config_tm14:/home/rslomron/MoMa/tm_custom/install/tm_moveit_config_tm12x:/home/rslomron/MoMa/tm_custom/install/tm_moveit_config_tm12:/home/rslomron/MoMa/tm_custom/install/tm_description:/home/rslomron/MoMa/tm_custom/install/custom_package:/home/rslomron/MoMa/tm_custom/install/techman_robot_msgs:/home/rslomron/MoMa/tm_custom/install/safety_msgs:/home/rslomron/MoMa/tm_custom/install/tm_mod_urdf:/home/rslomron/MoMa/tm_custom/install/techman_robot_get_status:/home/rslomron/MoMa/tm_custom/install/python_demo:/home/rslomron/MoMa/tm_custom/install/arm_subscriber:/opt/ros/humble /usr/bin/cmake --build /home/rslomron/MoMa/tm_custom/build/demo -- -j8 -l8
[0.355s] Invoking command in '/home/rslomron/MoMa/tm_custom/build/demo': CMAKE_PREFIX_PATH=/home/rslomron/MoMa/tm_custom/install/tm_msgs:/home/rslomron/MoMa/tm_custom/install/ui_for_debug_and_demo:/home/rslomron/MoMa/tm_custom/install/tm_driver:/home/rslomron/MoMa/tm_custom/install/demo:/home/rslomron/MoMa/tm_custom/install/tm_moveit_cpp_demo:/home/rslomron/MoMa/tm_custom/install/tm_moveit_config_tm5x-900:/home/rslomron/MoMa/tm_custom/install/tm_moveit_config_tm5x-700:/home/rslomron/MoMa/tm_custom/install/tm_moveit_config_tm5-900:/home/rslomron/MoMa/tm_custom/install/tm_moveit_config_tm5-700:/home/rslomron/MoMa/tm_custom/install/tm_moveit_config_tm14x:/home/rslomron/MoMa/tm_custom/install/tm_moveit_config_tm14:/home/rslomron/MoMa/tm_custom/install/tm_moveit_config_tm12x:/home/rslomron/MoMa/tm_custom/install/tm_moveit_config_tm12:/home/rslomron/MoMa/tm_custom/install/tm_description:/home/rslomron/MoMa/tm_custom/install/custom_package:/home/rslomron/MoMa/tm_custom/install/techman_robot_msgs:/home/rslomron/MoMa/tm_custom/install/safety_msgs:/home/rslomron/MoMa/tm_custom/install/tm_mod_urdf:/home/rslomron/MoMa/tm_custom/install/techman_robot_get_status:/home/rslomron/MoMa/tm_custom/install/python_demo:/home/rslomron/MoMa/tm_custom/install/arm_subscriber:/opt/ros/humble /usr/bin/cmake --install /home/rslomron/MoMa/tm_custom/build/demo
[0.366s] -- Install configuration: ""
[0.366s] -- Up-to-date: /home/rslomron/MoMa/tm_custom/install/demo/lib/demo/demo_send_script
[0.366s] -- Up-to-date: /home/rslomron/MoMa/tm_custom/install/demo/lib/demo/demo_ask_sta
[0.366s] -- Up-to-date: /home/rslomron/MoMa/tm_custom/install/demo/lib/demo/demo_connect_tm
[0.366s] -- Up-to-date: /home/rslomron/MoMa/tm_custom/install/demo/lib/demo/demo_set_event
[0.369s] -- Up-to-date: /home/rslomron/MoMa/tm_custom/install/demo/lib/demo/demo_set_io
[0.369s] -- Up-to-date: /home/rslomron/MoMa/tm_custom/install/demo/lib/demo/demo_set_positions
[0.370s] -- Up-to-date: /home/rslomron/MoMa/tm_custom/install/demo/lib/demo/demo_write_item
[0.370s] -- Up-to-date: /home/rslomron/MoMa/tm_custom/install/demo/lib/demo/demo_ask_item
[0.370s] -- Up-to-date: /home/rslomron/MoMa/tm_custom/install/demo/lib/demo/demo_get_feedback
[0.370s] -- Up-to-date: /home/rslomron/MoMa/tm_custom/install/demo/lib/demo/demo_get_torque_feedback
[0.370s] -- Up-to-date: /home/rslomron/MoMa/tm_custom/install/demo/lib/demo/demo_get_sct_response
[0.370s] -- Up-to-date: /home/rslomron/MoMa/tm_custom/install/demo/lib/demo/demo_get_sta_response
[0.371s] -- Up-to-date: /home/rslomron/MoMa/tm_custom/install/demo/lib/demo/demo_get_svr_response
[0.371s] -- Up-to-date: /home/rslomron/MoMa/tm_custom/install/demo/lib/demo/demo_leave_listen_node
[0.371s] -- Up-to-date: /home/rslomron/MoMa/tm_custom/install/demo/share/ament_index/resource_index/package_run_dependencies/demo
[0.371s] -- Up-to-date: /home/rslomron/MoMa/tm_custom/install/demo/share/ament_index/resource_index/parent_prefix_path/demo
[0.372s] -- Up-to-date: /home/rslomron/MoMa/tm_custom/install/demo/share/demo/environment/ament_prefix_path.sh
[0.373s] -- Up-to-date: /home/rslomron/MoMa/tm_custom/install/demo/share/demo/environment/ament_prefix_path.dsv
[0.373s] -- Up-to-date: /home/rslomron/MoMa/tm_custom/install/demo/share/demo/environment/path.sh
[0.373s] -- Up-to-date: /home/rslomron/MoMa/tm_custom/install/demo/share/demo/environment/path.dsv
[0.373s] -- Up-to-date: /home/rslomron/MoMa/tm_custom/install/demo/share/demo/local_setup.bash
[0.373s] -- Up-to-date: /home/rslomron/MoMa/tm_custom/install/demo/share/demo/local_setup.sh
[0.373s] -- Up-to-date: /home/rslomron/MoMa/tm_custom/install/demo/share/demo/local_setup.zsh
[0.373s] -- Up-to-date: /home/rslomron/MoMa/tm_custom/install/demo/share/demo/local_setup.dsv
[0.374s] -- Installing: /home/rslomron/MoMa/tm_custom/install/demo/share/demo/package.dsv
[0.374s] -- Up-to-date: /home/rslomron/MoMa/tm_custom/install/demo/share/ament_index/resource_index/packages/demo
[0.374s] -- Up-to-date: /home/rslomron/MoMa/tm_custom/install/demo/share/demo/cmake/demoConfig.cmake
[0.374s] -- Up-to-date: /home/rslomron/MoMa/tm_custom/install/demo/share/demo/cmake/demoConfig-version.cmake
[0.374s] -- Up-to-date: /home/rslomron/MoMa/tm_custom/install/demo/share/demo/package.xml
[0.378s] Invoked command in '/home/rslomron/MoMa/tm_custom/build/demo' returned '0': CMAKE_PREFIX_PATH=/home/rslomron/MoMa/tm_custom/install/tm_msgs:/home/rslomron/MoMa/tm_custom/install/ui_for_debug_and_demo:/home/rslomron/MoMa/tm_custom/install/tm_driver:/home/rslomron/MoMa/tm_custom/install/demo:/home/rslomron/MoMa/tm_custom/install/tm_moveit_cpp_demo:/home/rslomron/MoMa/tm_custom/install/tm_moveit_config_tm5x-900:/home/rslomron/MoMa/tm_custom/install/tm_moveit_config_tm5x-700:/home/rslomron/MoMa/tm_custom/install/tm_moveit_config_tm5-900:/home/rslomron/MoMa/tm_custom/install/tm_moveit_config_tm5-700:/home/rslomron/MoMa/tm_custom/install/tm_moveit_config_tm14x:/home/rslomron/MoMa/tm_custom/install/tm_moveit_config_tm14:/home/rslomron/MoMa/tm_custom/install/tm_moveit_config_tm12x:/home/rslomron/MoMa/tm_custom/install/tm_moveit_config_tm12:/home/rslomron/MoMa/tm_custom/install/tm_description:/home/rslomron/MoMa/tm_custom/install/custom_package:/home/rslomron/MoMa/tm_custom/install/techman_robot_msgs:/home/rslomron/MoMa/tm_custom/install/safety_msgs:/home/rslomron/MoMa/tm_custom/install/tm_mod_urdf:/home/rslomron/MoMa/tm_custom/install/techman_robot_get_status:/home/rslomron/MoMa/tm_custom/install/python_demo:/home/rslomron/MoMa/tm_custom/install/arm_subscriber:/opt/ros/humble /usr/bin/cmake --install /home/rslomron/MoMa/tm_custom/build/demo
