[0.119s] Invoking command in '/home/rslomron/tm_custom/build/tm_moveit_config_tm5x-700': AMENT_PREFIX_PATH=/home/rslomron/tm_custom/install/tm_description CMAKE_PREFIX_PATH=/home/rslomron/tm_custom/install/tm_description /usr/bin/cmake --build /home/rslomron/tm_custom/build/tm_moveit_config_tm5x-700 -- -j8 -l8
[0.299s] Invoked command in '/home/rslomron/tm_custom/build/tm_moveit_config_tm5x-700' returned '0': AMENT_PREFIX_PATH=/home/rslomron/tm_custom/install/tm_description CMAKE_PREFIX_PATH=/home/rslomron/tm_custom/install/tm_description /usr/bin/cmake --build /home/rslomron/tm_custom/build/tm_moveit_config_tm5x-700 -- -j8 -l8
[0.531s] Invoking command in '/home/rslomron/tm_custom/build/tm_moveit_config_tm5x-700': AMENT_PREFIX_PATH=/home/rslomron/tm_custom/install/tm_description CMAKE_PREFIX_PATH=/home/rslomron/tm_custom/install/tm_description /usr/bin/cmake --install /home/rslomron/tm_custom/build/tm_moveit_config_tm5x-700
[0.547s] -- Install configuration: ""
[0.548s] -- Up-to-date: /home/rslomron/tm_custom/install/tm_moveit_config_tm5x-700/share/ament_index/resource_index/package_run_dependencies/tm_moveit_config_tm5x-700
[0.549s] -- Up-to-date: /home/rslomron/tm_custom/install/tm_moveit_config_tm5x-700/share/ament_index/resource_index/parent_prefix_path/tm_moveit_config_tm5x-700
[0.549s] -- Up-to-date: /home/rslomron/tm_custom/install/tm_moveit_config_tm5x-700/share/tm_moveit_config_tm5x-700/environment/ament_prefix_path.sh
[0.549s] -- Up-to-date: /home/rslomron/tm_custom/install/tm_moveit_config_tm5x-700/share/tm_moveit_config_tm5x-700/environment/ament_prefix_path.dsv
[0.550s] -- Up-to-date: /home/rslomron/tm_custom/install/tm_moveit_config_tm5x-700/share/tm_moveit_config_tm5x-700/environment/path.sh
[0.550s] -- Up-to-date: /home/rslomron/tm_custom/install/tm_moveit_config_tm5x-700/share/tm_moveit_config_tm5x-700/environment/path.dsv
[0.550s] -- Up-to-date: /home/rslomron/tm_custom/install/tm_moveit_config_tm5x-700/share/tm_moveit_config_tm5x-700/local_setup.bash
[0.550s] -- Up-to-date: /home/rslomron/tm_custom/install/tm_moveit_config_tm5x-700/share/tm_moveit_config_tm5x-700/local_setup.sh
[0.550s] -- Up-to-date: /home/rslomron/tm_custom/install/tm_moveit_config_tm5x-700/share/tm_moveit_config_tm5x-700/local_setup.zsh
[0.550s] -- Up-to-date: /home/rslomron/tm_custom/install/tm_moveit_config_tm5x-700/share/tm_moveit_config_tm5x-700/local_setup.dsv
[0.564s] -- Installing: /home/rslomron/tm_custom/install/tm_moveit_config_tm5x-700/share/tm_moveit_config_tm5x-700/package.dsv
[0.564s] -- Up-to-date: /home/rslomron/tm_custom/install/tm_moveit_config_tm5x-700/share/ament_index/resource_index/packages/tm_moveit_config_tm5x-700
[0.565s] -- Up-to-date: /home/rslomron/tm_custom/install/tm_moveit_config_tm5x-700/share/tm_moveit_config_tm5x-700/cmake/tm_moveit_config_tm5x-700Config.cmake
[0.565s] -- Up-to-date: /home/rslomron/tm_custom/install/tm_moveit_config_tm5x-700/share/tm_moveit_config_tm5x-700/cmake/tm_moveit_config_tm5x-700Config-version.cmake
[0.565s] -- Up-to-date: /home/rslomron/tm_custom/install/tm_moveit_config_tm5x-700/share/tm_moveit_config_tm5x-700/package.xml
[0.577s] Invoked command in '/home/rslomron/tm_custom/build/tm_moveit_config_tm5x-700' returned '0': AMENT_PREFIX_PATH=/home/rslomron/tm_custom/install/tm_description CMAKE_PREFIX_PATH=/home/rslomron/tm_custom/install/tm_description /usr/bin/cmake --install /home/rslomron/tm_custom/build/tm_moveit_config_tm5x-700
