[2.525s] Invoking command in '/home/rslomron/MoMa/tm_custom/src/python_demo': PYTHONPATH=/home/rslomron/MoMa/tm_custom/build/python_demo/prefix_override:/home/rslomron/MoMa/tm_custom/install/python_demo/lib/python3.10/site-packages:${PYTHONPATH} /usr/bin/python3 -W ignore:setup.py install is deprecated setup.py egg_info --egg-base ../../build/python_demo build --build-base /home/rslomron/MoMa/tm_custom/build/python_demo/build install --record /home/rslomron/MoMa/tm_custom/build/python_demo/install.log --single-version-externally-managed install_data
[3.104s] running egg_info
[3.104s] writing ../../build/python_demo/python_demo.egg-info/PKG-INFO
[3.104s] writing dependency_links to ../../build/python_demo/python_demo.egg-info/dependency_links.txt
[3.104s] writing entry points to ../../build/python_demo/python_demo.egg-info/entry_points.txt
[3.104s] writing requirements to ../../build/python_demo/python_demo.egg-info/requires.txt
[3.104s] writing top-level names to ../../build/python_demo/python_demo.egg-info/top_level.txt
[3.105s] reading manifest file '../../build/python_demo/python_demo.egg-info/SOURCES.txt'
[3.108s] writing manifest file '../../build/python_demo/python_demo.egg-info/SOURCES.txt'
[3.109s] running build
[3.109s] running build_py
[3.109s] running install
[3.111s] running install_lib
[3.113s] running install_data
[3.113s] running install_egg_info
[3.116s] removing '/home/rslomron/MoMa/tm_custom/install/python_demo/lib/python3.10/site-packages/python_demo-0.0.0-py3.10.egg-info' (and everything under it)
[3.122s] Copying ../../build/python_demo/python_demo.egg-info to /home/rslomron/MoMa/tm_custom/install/python_demo/lib/python3.10/site-packages/python_demo-0.0.0-py3.10.egg-info
[3.124s] running install_scripts
[3.222s] Installing testes script to /home/rslomron/MoMa/tm_custom/install/python_demo/lib/python_demo
[3.222s] writing list of installed files to '/home/rslomron/MoMa/tm_custom/build/python_demo/install.log'
[3.303s] Invoked command in '/home/rslomron/MoMa/tm_custom/src/python_demo' returned '0': PYTHONPATH=/home/rslomron/MoMa/tm_custom/build/python_demo/prefix_override:/home/rslomron/MoMa/tm_custom/install/python_demo/lib/python3.10/site-packages:${PYTHONPATH} /usr/bin/python3 -W ignore:setup.py install is deprecated setup.py egg_info --egg-base ../../build/python_demo build --build-base /home/rslomron/MoMa/tm_custom/build/python_demo/build install --record /home/rslomron/MoMa/tm_custom/build/python_demo/install.log --single-version-externally-managed install_data
