[0.013s] Invoking command in '/home/rslomron/MoMa/tm_custom/build/demo': AMENT_PREFIX_PATH=/home/rslomron/MoMa/tm_custom/install/tm_msgs:${AMENT_PREFIX_PATH} CMAKE_PREFIX_PATH=/home/rslomron/MoMa/tm_custom/install/tm_msgs:/opt/ros/humble LD_LIBRARY_PATH=/home/rslomron/MoMa/tm_custom/install/tm_msgs/lib:${LD_LIBRARY_PATH} PYTHONPATH=/home/rslomron/MoMa/tm_custom/install/tm_msgs/local/lib/python3.10/dist-packages:${PYTHONPATH} /usr/bin/cmake --build /home/rslomron/MoMa/tm_custom/build/demo -- -j8 -l8
[0.056s] [35m[1mConsolidate compiler generated dependencies of target demo_connect_tm[0m
[0.057s] [35m[1mConsolidate compiler generated dependencies of target demo_send_script[0m
[0.057s] [35m[1mConsolidate compiler generated dependencies of target demo_ask_sta[0m
[0.058s] [35m[1mConsolidate compiler generated dependencies of target demo_set_positions[0m
[0.059s] [35m[1mConsolidate compiler generated dependencies of target demo_ask_item[0m
[0.059s] [35m[1mConsolidate compiler generated dependencies of target demo_set_io[0m
[0.067s] [35m[1mConsolidate compiler generated dependencies of target demo_set_event[0m
[0.079s] [35m[1mConsolidate compiler generated dependencies of target demo_write_item[0m
[0.106s] [  7%] Built target demo_send_script
[0.106s] [ 17%] Built target demo_connect_tm
[0.106s] [ 21%] Built target demo_set_io
[0.117s] [ 28%] Built target demo_ask_sta
[0.117s] [ 35%] Built target demo_set_positions
[0.119s] [ 42%] Built target demo_ask_item
[0.129s] [ 50%] Built target demo_write_item
[0.130s] [ 57%] Built target demo_set_event
[0.133s] [35m[1mConsolidate compiler generated dependencies of target demo_get_feedback[0m
[0.138s] [35m[1mConsolidate compiler generated dependencies of target demo_get_sct_response[0m
[0.145s] [35m[1mConsolidate compiler generated dependencies of target demo_get_sta_response[0m
[0.145s] [35m[1mConsolidate compiler generated dependencies of target demo_get_torque_feedback[0m
[0.155s] [35m[1mConsolidate compiler generated dependencies of target demo_get_svr_response[0m
[0.159s] [35m[1mConsolidate compiler generated dependencies of target demo_leave_listen_node[0m
[0.174s] [ 71%] Built target demo_get_feedback
[0.174s] [ 71%] Built target demo_get_sct_response
[0.195s] [ 78%] Built target demo_get_torque_feedback
[0.200s] [ 85%] Built target demo_get_sta_response
[0.200s] [ 92%] Built target demo_get_svr_response
[0.207s] [100%] Built target demo_leave_listen_node
[0.224s] Invoked command in '/home/rslomron/MoMa/tm_custom/build/demo' returned '0': AMENT_PREFIX_PATH=/home/rslomron/MoMa/tm_custom/install/tm_msgs:${AMENT_PREFIX_PATH} CMAKE_PREFIX_PATH=/home/rslomron/MoMa/tm_custom/install/tm_msgs:/opt/ros/humble LD_LIBRARY_PATH=/home/rslomron/MoMa/tm_custom/install/tm_msgs/lib:${LD_LIBRARY_PATH} PYTHONPATH=/home/rslomron/MoMa/tm_custom/install/tm_msgs/local/lib/python3.10/dist-packages:${PYTHONPATH} /usr/bin/cmake --build /home/rslomron/MoMa/tm_custom/build/demo -- -j8 -l8
[0.307s] Invoking command in '/home/rslomron/MoMa/tm_custom/build/demo': AMENT_PREFIX_PATH=/home/rslomron/MoMa/tm_custom/install/tm_msgs:${AMENT_PREFIX_PATH} CMAKE_PREFIX_PATH=/home/rslomron/MoMa/tm_custom/install/tm_msgs:/opt/ros/humble LD_LIBRARY_PATH=/home/rslomron/MoMa/tm_custom/install/tm_msgs/lib:${LD_LIBRARY_PATH} PYTHONPATH=/home/rslomron/MoMa/tm_custom/install/tm_msgs/local/lib/python3.10/dist-packages:${PYTHONPATH} /usr/bin/cmake --install /home/rslomron/MoMa/tm_custom/build/demo
[0.318s] -- Install configuration: ""
[0.318s] -- Up-to-date: /home/rslomron/MoMa/tm_custom/install/demo/lib/demo/demo_send_script
[0.319s] -- Up-to-date: /home/rslomron/MoMa/tm_custom/install/demo/lib/demo/demo_ask_sta
[0.319s] -- Up-to-date: /home/rslomron/MoMa/tm_custom/install/demo/lib/demo/demo_connect_tm
[0.320s] -- Up-to-date: /home/rslomron/MoMa/tm_custom/install/demo/lib/demo/demo_set_event
[0.320s] -- Up-to-date: /home/rslomron/MoMa/tm_custom/install/demo/lib/demo/demo_set_io
[0.321s] -- Up-to-date: /home/rslomron/MoMa/tm_custom/install/demo/lib/demo/demo_set_positions
[0.325s] -- Up-to-date: /home/rslomron/MoMa/tm_custom/install/demo/lib/demo/demo_write_item
[0.325s] -- Up-to-date: /home/rslomron/MoMa/tm_custom/install/demo/lib/demo/demo_ask_item
[0.325s] -- Up-to-date: /home/rslomron/MoMa/tm_custom/install/demo/lib/demo/demo_get_feedback
[0.326s] -- Up-to-date: /home/rslomron/MoMa/tm_custom/install/demo/lib/demo/demo_get_torque_feedback
[0.326s] -- Up-to-date: /home/rslomron/MoMa/tm_custom/install/demo/lib/demo/demo_get_sct_response
[0.327s] -- Up-to-date: /home/rslomron/MoMa/tm_custom/install/demo/lib/demo/demo_get_sta_response
[0.327s] -- Up-to-date: /home/rslomron/MoMa/tm_custom/install/demo/lib/demo/demo_get_svr_response
[0.327s] -- Up-to-date: /home/rslomron/MoMa/tm_custom/install/demo/lib/demo/demo_leave_listen_node
[0.327s] -- Up-to-date: /home/rslomron/MoMa/tm_custom/install/demo/share/ament_index/resource_index/package_run_dependencies/demo
[0.328s] -- Up-to-date: /home/rslomron/MoMa/tm_custom/install/demo/share/ament_index/resource_index/parent_prefix_path/demo
[0.328s] -- Up-to-date: /home/rslomron/MoMa/tm_custom/install/demo/share/demo/environment/ament_prefix_path.sh
[0.328s] -- Up-to-date: /home/rslomron/MoMa/tm_custom/install/demo/share/demo/environment/ament_prefix_path.dsv
[0.329s] -- Up-to-date: /home/rslomron/MoMa/tm_custom/install/demo/share/demo/environment/path.sh
[0.332s] -- Up-to-date: /home/rslomron/MoMa/tm_custom/install/demo/share/demo/environment/path.dsv
[0.332s] -- Up-to-date: /home/rslomron/MoMa/tm_custom/install/demo/share/demo/local_setup.bash
[0.332s] -- Up-to-date: /home/rslomron/MoMa/tm_custom/install/demo/share/demo/local_setup.sh
[0.333s] -- Up-to-date: /home/rslomron/MoMa/tm_custom/install/demo/share/demo/local_setup.zsh
[0.333s] -- Up-to-date: /home/rslomron/MoMa/tm_custom/install/demo/share/demo/local_setup.dsv
[0.333s] -- Installing: /home/rslomron/MoMa/tm_custom/install/demo/share/demo/package.dsv
[0.334s] -- Up-to-date: /home/rslomron/MoMa/tm_custom/install/demo/share/ament_index/resource_index/packages/demo
[0.334s] -- Up-to-date: /home/rslomron/MoMa/tm_custom/install/demo/share/demo/cmake/demoConfig.cmake
[0.335s] -- Up-to-date: /home/rslomron/MoMa/tm_custom/install/demo/share/demo/cmake/demoConfig-version.cmake
[0.336s] -- Up-to-date: /home/rslomron/MoMa/tm_custom/install/demo/share/demo/package.xml
[0.337s] Invoked command in '/home/rslomron/MoMa/tm_custom/build/demo' returned '0': AMENT_PREFIX_PATH=/home/rslomron/MoMa/tm_custom/install/tm_msgs:${AMENT_PREFIX_PATH} CMAKE_PREFIX_PATH=/home/rslomron/MoMa/tm_custom/install/tm_msgs:/opt/ros/humble LD_LIBRARY_PATH=/home/rslomron/MoMa/tm_custom/install/tm_msgs/lib:${LD_LIBRARY_PATH} PYTHONPATH=/home/rslomron/MoMa/tm_custom/install/tm_msgs/local/lib/python3.10/dist-packages:${PYTHONPATH} /usr/bin/cmake --install /home/rslomron/MoMa/tm_custom/build/demo
