[0.013s] Invoking command in '/home/rslomron/tm_custom/build/custom_package': CMAKE_PREFIX_PATH=/home/rslomron/tm_custom/install/techman_robot_msgs:/home/rslomron/tm_custom/install/tm_msgs:/home/rslomron/tm_custom/install/tm_moveit_cpp_demo:/home/rslomron/tm_custom/install/tm_moveit_config_tm5x-900:/home/rslomron/tm_custom/install/tm_moveit_config_tm5x-700:/home/rslomron/tm_custom/install/tm_moveit_config_tm5-900:/home/rslomron/tm_custom/install/tm_moveit_config_tm5-700:/home/rslomron/tm_custom/install/tm_moveit_config_tm14x:/home/rslomron/tm_custom/install/tm_moveit_config_tm14:/home/rslomron/tm_custom/install/tm_moveit_config_tm12x:/home/rslomron/tm_custom/install/tm_moveit_config_tm12:/home/rslomron/tm_custom/install/tm_description:/home/rslomron/tm_custom/install/custom_2:/home/rslomron/tm_custom/install/tm_mod_urdf:/home/rslomron/tm_custom/install/tm_get_status:/opt/ros/humble LD_LIBRARY_PATH=/home/rslomron/tm_custom/install/techman_robot_msgs/lib:/home/rslomron/tm_custom/install/tm_msgs/lib:/opt/ros/humble/opt/rviz_ogre_vendor/lib:/opt/ros/humble/lib/x86_64-linux-gnu:/opt/ros/humble/lib /usr/bin/cmake --build /home/rslomron/tm_custom/build/custom_package -- -j8 -l8
[0.038s] -- Found ament_cmake: 1.3.8 (/opt/ros/humble/share/ament_cmake/cmake)
[0.182s] -- Found rclcpp: 16.0.8 (/opt/ros/humble/share/rclcpp/cmake)
[0.232s] -- Found rosidl_generator_c: 3.1.5 (/opt/ros/humble/share/rosidl_generator_c/cmake)
[0.238s] -- Found rosidl_adapter: 3.1.5 (/opt/ros/humble/share/rosidl_adapter/cmake)
[0.248s] -- Found rosidl_generator_cpp: 3.1.5 (/opt/ros/humble/share/rosidl_generator_cpp/cmake)
[0.264s] -- Using all available rosidl_typesupport_c: rosidl_typesupport_fastrtps_c;rosidl_typesupport_introspection_c
[0.286s] -- Using all available rosidl_typesupport_cpp: rosidl_typesupport_fastrtps_cpp;rosidl_typesupport_introspection_cpp
[0.362s] -- Found rmw_implementation_cmake: 6.1.1 (/opt/ros/humble/share/rmw_implementation_cmake/cmake)
[0.365s] -- Found rmw_fastrtps_cpp: 6.2.6 (/opt/ros/humble/share/rmw_fastrtps_cpp/cmake)
[0.470s] -- Found OpenSSL: /usr/lib/x86_64-linux-gnu/libcrypto.so (found version "3.0.2")  
[0.494s] -- Found FastRTPS: /opt/ros/humble/include  
[0.540s] -- Using RMW implementation 'rmw_fastrtps_cpp' as default
[0.551s] -- Looking for pthread.h
[0.628s] -- Looking for pthread.h - found
[0.628s] -- Performing Test CMAKE_HAVE_LIBC_PTHREAD
[0.699s] -- Performing Test CMAKE_HAVE_LIBC_PTHREAD - Success
[0.700s] -- Found Threads: TRUE  
[0.865s] -- Found rclcpp_components: 16.0.8 (/opt/ros/humble/share/rclcpp_components/cmake)
[0.944s] -- Found sensor_msgs: 4.2.3 (/opt/ros/humble/share/sensor_msgs/cmake)
[1.080s] -- Found OpenCV: /usr (found version "4.5.4") 
[1.080s] -- Found techman_robot_msgs: 1.0.0 (/home/rslomron/tm_custom/install/techman_robot_msgs/share/techman_robot_msgs/cmake)
[1.097s] -- Found ament_lint_auto: 0.12.10 (/opt/ros/humble/share/ament_lint_auto/cmake)
[1.179s] -- Added test 'cppcheck' to perform static code analysis on C / C++ code
[1.179s] -- Configured cppcheck include dirs: 
[1.180s] -- Configured cppcheck exclude dirs and/or files: 
[1.180s] -- Added test 'lint_cmake' to check CMake code style
[1.181s] -- Added test 'uncrustify' to check C / C++ code style
[1.181s] -- Configured uncrustify additional arguments: 
[1.181s] -- Added test 'xmllint' to check XML markup files
[1.182s] -- Configuring done
[1.197s] -- Generating done
[1.199s] -- Build files have been written to: /home/rslomron/tm_custom/build/custom_package
[1.237s] [ 25%] [32mBuilding CXX object CMakeFiles/tm_send_command.dir/src/send_command.cpp.o[0m
[1.237s] [ 50%] [32mBuilding CXX object CMakeFiles/sub_img.dir/src/sub_img.cpp.o[0m
[1.500s] [01m[K/home/rslomron/tm_custom/src/custom_package/src/sub_img.cpp:11:10:[m[K [01;31m[Kfatal error: [m[Krclcpp_components/register_node_macro.hpp: No such file or directory
[1.500s]    11 | #include [01;31m[K"rclcpp_components/register_node_macro.hpp"[m[K
[1.500s]       |          [01;31m[K^~~~~~~~~~~~~~~~~~~~~~~~~~~~~~~~~~~~~~~~~~~[m[K
[1.500s] compilation terminated.
[1.502s] gmake[2]: *** [CMakeFiles/sub_img.dir/build.make:76: CMakeFiles/sub_img.dir/src/sub_img.cpp.o] Error 1
[1.502s] gmake[1]: *** [CMakeFiles/Makefile2:165: CMakeFiles/sub_img.dir/all] Error 2
[1.503s] gmake[1]: *** Waiting for unfinished jobs....
[3.494s] [01m[K/home/rslomron/tm_custom/src/custom_package/src/send_command.cpp:[m[K In function ‘[01m[Kint main(int, char**)[m[K’:
[3.494s] [01m[K/home/rslomron/tm_custom/src/custom_package/src/send_command.cpp:24:70:[m[K [01;31m[Kerror: [m[K‘[01m[Krclcpp::executor[m[K’ has not been declared
[3.494s]    24 |   if(rclcpp::spin_until_future_complete(node, res_future) != rclcpp::[01;31m[Kexecutor[m[K::FutureReturnCode::SUCCESS){
[3.494s]       |                                                                      [01;31m[K^~~~~~~~[m[K
[4.058s] gmake[2]: *** [CMakeFiles/tm_send_command.dir/build.make:76: CMakeFiles/tm_send_command.dir/src/send_command.cpp.o] Error 1
[4.059s] gmake[1]: *** [CMakeFiles/Makefile2:139: CMakeFiles/tm_send_command.dir/all] Error 2
[4.059s] gmake: *** [Makefile:146: all] Error 2
[4.062s] Invoked command in '/home/rslomron/tm_custom/build/custom_package' returned '2': CMAKE_PREFIX_PATH=/home/rslomron/tm_custom/install/techman_robot_msgs:/home/rslomron/tm_custom/install/tm_msgs:/home/rslomron/tm_custom/install/tm_moveit_cpp_demo:/home/rslomron/tm_custom/install/tm_moveit_config_tm5x-900:/home/rslomron/tm_custom/install/tm_moveit_config_tm5x-700:/home/rslomron/tm_custom/install/tm_moveit_config_tm5-900:/home/rslomron/tm_custom/install/tm_moveit_config_tm5-700:/home/rslomron/tm_custom/install/tm_moveit_config_tm14x:/home/rslomron/tm_custom/install/tm_moveit_config_tm14:/home/rslomron/tm_custom/install/tm_moveit_config_tm12x:/home/rslomron/tm_custom/install/tm_moveit_config_tm12:/home/rslomron/tm_custom/install/tm_description:/home/rslomron/tm_custom/install/custom_2:/home/rslomron/tm_custom/install/tm_mod_urdf:/home/rslomron/tm_custom/install/tm_get_status:/opt/ros/humble LD_LIBRARY_PATH=/home/rslomron/tm_custom/install/techman_robot_msgs/lib:/home/rslomron/tm_custom/install/tm_msgs/lib:/opt/ros/humble/opt/rviz_ogre_vendor/lib:/opt/ros/humble/lib/x86_64-linux-gnu:/opt/ros/humble/lib /usr/bin/cmake --build /home/rslomron/tm_custom/build/custom_package -- -j8 -l8
