[0.106s] DEBUG:colcon:Command line arguments: ['/usr/bin/colcon', 'build']
[0.106s] DEBUG:colcon:Parsed command line arguments: Namespace(log_base=None, log_level=None, verb_name='build', build_base='build', install_base='install', merge_install=False, symlink_install=False, test_result_base=None, continue_on_error=False, executor='parallel', parallel_workers=8, event_handlers=None, ignore_user_meta=False, metas=['./colcon.meta'], base_paths=['.'], packages_ignore=None, packages_ignore_regex=None, paths=None, packages_up_to=None, packages_up_to_regex=None, packages_above=None, packages_above_and_dependencies=None, packages_above_depth=None, packages_select_by_dep=None, packages_skip_by_dep=None, packages_skip_up_to=None, packages_select_build_failed=False, packages_skip_build_finished=False, packages_select_test_failures=False, packages_skip_test_passed=False, packages_select=None, packages_skip=None, packages_select_regex=None, packages_skip_regex=None, packages_start=None, packages_end=None, allow_overriding=[], cmake_args=None, cmake_target=None, cmake_target_skip_unavailable=False, cmake_clean_cache=False, cmake_clean_first=False, cmake_force_configure=False, ament_cmake_args=None, catkin_cmake_args=None, catkin_skip_building_tests=False, verb_parser=<colcon_defaults.argument_parser.defaults.DefaultArgumentsDecorator object at 0x7c2a914fd060>, verb_extension=<colcon_core.verb.build.BuildVerb object at 0x7c2a914fca90>, main=<bound method BuildVerb.main of <colcon_core.verb.build.BuildVerb object at 0x7c2a914fca90>>)
[0.270s] Level 1:colcon.colcon_core.package_discovery:discover_packages(colcon_meta) check parameters
[0.271s] Level 1:colcon.colcon_core.package_discovery:discover_packages(recursive) check parameters
[0.271s] Level 1:colcon.colcon_core.package_discovery:discover_packages(ignore) check parameters
[0.271s] Level 1:colcon.colcon_core.package_discovery:discover_packages(path) check parameters
[0.271s] Level 1:colcon.colcon_core.package_discovery:discover_packages(colcon_meta) discover
[0.271s] Level 1:colcon.colcon_core.package_discovery:discover_packages(recursive) discover
[0.271s] INFO:colcon.colcon_core.package_discovery:Crawling recursively for packages in '/home/rslomron/tm_custom'
[0.271s] Level 1:colcon.colcon_core.package_identification:_identify(.) by extensions ['ignore', 'ignore_ament_install']
[0.271s] Level 1:colcon.colcon_core.package_identification:_identify(.) by extension 'ignore'
[0.271s] Level 1:colcon.colcon_core.package_identification:_identify(.) by extension 'ignore_ament_install'
[0.271s] Level 1:colcon.colcon_core.package_identification:_identify(.) by extensions ['colcon_pkg']
[0.271s] Level 1:colcon.colcon_core.package_identification:_identify(.) by extension 'colcon_pkg'
[0.271s] Level 1:colcon.colcon_core.package_identification:_identify(.) by extensions ['colcon_meta']
[0.271s] Level 1:colcon.colcon_core.package_identification:_identify(.) by extension 'colcon_meta'
[0.271s] Level 1:colcon.colcon_core.package_identification:_identify(.) by extensions ['ros']
[0.271s] Level 1:colcon.colcon_core.package_identification:_identify(.) by extension 'ros'
[0.282s] Level 1:colcon.colcon_core.package_identification:_identify(.) by extensions ['cmake', 'python']
[0.282s] Level 1:colcon.colcon_core.package_identification:_identify(.) by extension 'cmake'
[0.282s] Level 1:colcon.colcon_core.package_identification:_identify(.) by extension 'python'
[0.282s] Level 1:colcon.colcon_core.package_identification:_identify(.) by extensions ['python_setup_py']
[0.282s] Level 1:colcon.colcon_core.package_identification:_identify(.) by extension 'python_setup_py'
[0.282s] Level 1:colcon.colcon_core.package_identification:_identify(build) by extensions ['ignore', 'ignore_ament_install']
[0.282s] Level 1:colcon.colcon_core.package_identification:_identify(build) by extension 'ignore'
[0.282s] Level 1:colcon.colcon_core.package_identification:_identify(build) ignored
[0.282s] Level 1:colcon.colcon_core.package_identification:_identify(install) by extensions ['ignore', 'ignore_ament_install']
[0.283s] Level 1:colcon.colcon_core.package_identification:_identify(install) by extension 'ignore'
[0.283s] Level 1:colcon.colcon_core.package_identification:_identify(install) ignored
[0.283s] Level 1:colcon.colcon_core.package_identification:_identify(log) by extensions ['ignore', 'ignore_ament_install']
[0.283s] Level 1:colcon.colcon_core.package_identification:_identify(log) by extension 'ignore'
[0.283s] Level 1:colcon.colcon_core.package_identification:_identify(log) ignored
[0.283s] Level 1:colcon.colcon_core.package_identification:_identify(src) by extensions ['ignore', 'ignore_ament_install']
[0.283s] Level 1:colcon.colcon_core.package_identification:_identify(src) by extension 'ignore'
[0.283s] Level 1:colcon.colcon_core.package_identification:_identify(src) by extension 'ignore_ament_install'
[0.283s] Level 1:colcon.colcon_core.package_identification:_identify(src) by extensions ['colcon_pkg']
[0.283s] Level 1:colcon.colcon_core.package_identification:_identify(src) by extension 'colcon_pkg'
[0.283s] Level 1:colcon.colcon_core.package_identification:_identify(src) by extensions ['colcon_meta']
[0.283s] Level 1:colcon.colcon_core.package_identification:_identify(src) by extension 'colcon_meta'
[0.283s] Level 1:colcon.colcon_core.package_identification:_identify(src) by extensions ['ros']
[0.283s] Level 1:colcon.colcon_core.package_identification:_identify(src) by extension 'ros'
[0.283s] Level 1:colcon.colcon_core.package_identification:_identify(src) by extensions ['cmake', 'python']
[0.283s] Level 1:colcon.colcon_core.package_identification:_identify(src) by extension 'cmake'
[0.283s] Level 1:colcon.colcon_core.package_identification:_identify(src) by extension 'python'
[0.284s] Level 1:colcon.colcon_core.package_identification:_identify(src) by extensions ['python_setup_py']
[0.284s] Level 1:colcon.colcon_core.package_identification:_identify(src) by extension 'python_setup_py'
[0.284s] Level 1:colcon.colcon_core.package_identification:_identify(src/custom_package) by extensions ['ignore', 'ignore_ament_install']
[0.284s] Level 1:colcon.colcon_core.package_identification:_identify(src/custom_package) by extension 'ignore'
[0.284s] Level 1:colcon.colcon_core.package_identification:_identify(src/custom_package) by extension 'ignore_ament_install'
[0.284s] Level 1:colcon.colcon_core.package_identification:_identify(src/custom_package) by extensions ['colcon_pkg']
[0.284s] Level 1:colcon.colcon_core.package_identification:_identify(src/custom_package) by extension 'colcon_pkg'
[0.284s] Level 1:colcon.colcon_core.package_identification:_identify(src/custom_package) by extensions ['colcon_meta']
[0.284s] Level 1:colcon.colcon_core.package_identification:_identify(src/custom_package) by extension 'colcon_meta'
[0.284s] Level 1:colcon.colcon_core.package_identification:_identify(src/custom_package) by extensions ['ros']
[0.284s] Level 1:colcon.colcon_core.package_identification:_identify(src/custom_package) by extension 'ros'
[0.286s] DEBUG:colcon.colcon_core.package_identification:Package 'src/custom_package' with type 'ros.ament_cmake' and name 'custom_package'
[0.286s] Level 1:colcon.colcon_core.package_identification:_identify(src/demo) by extensions ['ignore', 'ignore_ament_install']
[0.286s] Level 1:colcon.colcon_core.package_identification:_identify(src/demo) by extension 'ignore'
[0.286s] Level 1:colcon.colcon_core.package_identification:_identify(src/demo) by extension 'ignore_ament_install'
[0.287s] Level 1:colcon.colcon_core.package_identification:_identify(src/demo) by extensions ['colcon_pkg']
[0.287s] Level 1:colcon.colcon_core.package_identification:_identify(src/demo) by extension 'colcon_pkg'
[0.287s] Level 1:colcon.colcon_core.package_identification:_identify(src/demo) by extensions ['colcon_meta']
[0.287s] Level 1:colcon.colcon_core.package_identification:_identify(src/demo) by extension 'colcon_meta'
[0.287s] Level 1:colcon.colcon_core.package_identification:_identify(src/demo) by extensions ['ros']
[0.287s] Level 1:colcon.colcon_core.package_identification:_identify(src/demo) by extension 'ros'
[0.287s] DEBUG:colcon.colcon_core.package_identification:Package 'src/demo' with type 'ros.ament_cmake' and name 'demo'
[0.287s] Level 1:colcon.colcon_core.package_identification:_identify(src/techman_robot_msgs) by extensions ['ignore', 'ignore_ament_install']
[0.287s] Level 1:colcon.colcon_core.package_identification:_identify(src/techman_robot_msgs) by extension 'ignore'
[0.287s] Level 1:colcon.colcon_core.package_identification:_identify(src/techman_robot_msgs) by extension 'ignore_ament_install'
[0.287s] Level 1:colcon.colcon_core.package_identification:_identify(src/techman_robot_msgs) by extensions ['colcon_pkg']
[0.287s] Level 1:colcon.colcon_core.package_identification:_identify(src/techman_robot_msgs) by extension 'colcon_pkg'
[0.288s] Level 1:colcon.colcon_core.package_identification:_identify(src/techman_robot_msgs) by extensions ['colcon_meta']
[0.288s] Level 1:colcon.colcon_core.package_identification:_identify(src/techman_robot_msgs) by extension 'colcon_meta'
[0.288s] Level 1:colcon.colcon_core.package_identification:_identify(src/techman_robot_msgs) by extensions ['ros']
[0.288s] Level 1:colcon.colcon_core.package_identification:_identify(src/techman_robot_msgs) by extension 'ros'
[0.288s] DEBUG:colcon.colcon_core.package_identification:Package 'src/techman_robot_msgs' with type 'ros.ament_cmake' and name 'techman_robot_msgs'
[0.288s] Level 1:colcon.colcon_core.package_identification:_identify(src/tm_description) by extensions ['ignore', 'ignore_ament_install']
[0.288s] Level 1:colcon.colcon_core.package_identification:_identify(src/tm_description) by extension 'ignore'
[0.288s] Level 1:colcon.colcon_core.package_identification:_identify(src/tm_description) by extension 'ignore_ament_install'
[0.288s] Level 1:colcon.colcon_core.package_identification:_identify(src/tm_description) by extensions ['colcon_pkg']
[0.288s] Level 1:colcon.colcon_core.package_identification:_identify(src/tm_description) by extension 'colcon_pkg'
[0.289s] Level 1:colcon.colcon_core.package_identification:_identify(src/tm_description) by extensions ['colcon_meta']
[0.289s] Level 1:colcon.colcon_core.package_identification:_identify(src/tm_description) by extension 'colcon_meta'
[0.289s] Level 1:colcon.colcon_core.package_identification:_identify(src/tm_description) by extensions ['ros']
[0.289s] Level 1:colcon.colcon_core.package_identification:_identify(src/tm_description) by extension 'ros'
[0.289s] DEBUG:colcon.colcon_core.package_identification:Package 'src/tm_description' with type 'ros.ament_cmake' and name 'tm_description'
[0.289s] Level 1:colcon.colcon_core.package_identification:_identify(src/tm_driver) by extensions ['ignore', 'ignore_ament_install']
[0.289s] Level 1:colcon.colcon_core.package_identification:_identify(src/tm_driver) by extension 'ignore'
[0.289s] Level 1:colcon.colcon_core.package_identification:_identify(src/tm_driver) by extension 'ignore_ament_install'
[0.289s] Level 1:colcon.colcon_core.package_identification:_identify(src/tm_driver) by extensions ['colcon_pkg']
[0.289s] Level 1:colcon.colcon_core.package_identification:_identify(src/tm_driver) by extension 'colcon_pkg'
[0.289s] Level 1:colcon.colcon_core.package_identification:_identify(src/tm_driver) by extensions ['colcon_meta']
[0.289s] Level 1:colcon.colcon_core.package_identification:_identify(src/tm_driver) by extension 'colcon_meta'
[0.290s] Level 1:colcon.colcon_core.package_identification:_identify(src/tm_driver) by extensions ['ros']
[0.290s] Level 1:colcon.colcon_core.package_identification:_identify(src/tm_driver) by extension 'ros'
[0.290s] DEBUG:colcon.colcon_core.package_identification:Package 'src/tm_driver' with type 'ros.ament_cmake' and name 'tm_driver'
[0.290s] Level 1:colcon.colcon_core.package_discovery:discover_packages(recursive) using defaults
[0.290s] Level 1:colcon.colcon_core.package_discovery:discover_packages(ignore) discover
[0.290s] Level 1:colcon.colcon_core.package_discovery:discover_packages(ignore) using defaults
[0.290s] Level 1:colcon.colcon_core.package_discovery:discover_packages(path) discover
[0.290s] Level 1:colcon.colcon_core.package_discovery:discover_packages(path) using defaults
[0.309s] Level 1:colcon.colcon_core.package_discovery:discover_packages(prefix_path) check parameters
[0.309s] Level 1:colcon.colcon_core.package_discovery:discover_packages(prefix_path) discover
[0.310s] WARNING:colcon.colcon_ros.prefix_path.ament:The path '/home/rslomron/tm_custom/install/tm_msgs' in the environment variable AMENT_PREFIX_PATH doesn't exist
[0.310s] WARNING:colcon.colcon_ros.prefix_path.ament:The path '/home/rslomron/tm_custom/install/tm_moveit_cpp_demo' in the environment variable AMENT_PREFIX_PATH doesn't exist
[0.310s] WARNING:colcon.colcon_ros.prefix_path.ament:The path '/home/rslomron/tm_custom/install/tm_moveit_config_tm5x-900' in the environment variable AMENT_PREFIX_PATH doesn't exist
[0.310s] WARNING:colcon.colcon_ros.prefix_path.ament:The path '/home/rslomron/tm_custom/install/tm_moveit_config_tm5x-700' in the environment variable AMENT_PREFIX_PATH doesn't exist
[0.310s] WARNING:colcon.colcon_ros.prefix_path.ament:The path '/home/rslomron/tm_custom/install/tm_moveit_config_tm5-900' in the environment variable AMENT_PREFIX_PATH doesn't exist
[0.310s] WARNING:colcon.colcon_ros.prefix_path.ament:The path '/home/rslomron/tm_custom/install/tm_moveit_config_tm5-700' in the environment variable AMENT_PREFIX_PATH doesn't exist
[0.310s] WARNING:colcon.colcon_ros.prefix_path.ament:The path '/home/rslomron/tm_custom/install/tm_moveit_config_tm14x' in the environment variable AMENT_PREFIX_PATH doesn't exist
[0.310s] WARNING:colcon.colcon_ros.prefix_path.ament:The path '/home/rslomron/tm_custom/install/tm_moveit_config_tm14' in the environment variable AMENT_PREFIX_PATH doesn't exist
[0.310s] WARNING:colcon.colcon_ros.prefix_path.ament:The path '/home/rslomron/tm_custom/install/tm_moveit_config_tm12x' in the environment variable AMENT_PREFIX_PATH doesn't exist
[0.310s] WARNING:colcon.colcon_ros.prefix_path.ament:The path '/home/rslomron/tm_custom/install/tm_moveit_config_tm12' in the environment variable AMENT_PREFIX_PATH doesn't exist
[0.311s] WARNING:colcon.colcon_ros.prefix_path.ament:The path '/home/rslomron/tm_custom/install/tm_mod_urdf' in the environment variable AMENT_PREFIX_PATH doesn't exist
[0.311s] WARNING:colcon.colcon_ros.prefix_path.ament:The path '/home/rslomron/tm_custom/install/tm_get_status' in the environment variable AMENT_PREFIX_PATH doesn't exist
[0.311s] WARNING:colcon.colcon_ros.prefix_path.ament:The path '/home/rslomron/tm_custom/install/tm_description' in the environment variable AMENT_PREFIX_PATH doesn't exist
[0.311s] WARNING:colcon.colcon_ros.prefix_path.ament:The path '/home/rslomron/tm_custom/install/custom_2' in the environment variable AMENT_PREFIX_PATH doesn't exist
[0.311s] WARNING:colcon.colcon_ros.prefix_path.ament:The path '/home/rslomron/tm_custom/install/techman_robot_msgs' in the environment variable AMENT_PREFIX_PATH doesn't exist
[0.311s] WARNING:colcon.colcon_ros.prefix_path.catkin:The path '/home/rslomron/tm_custom/install/tm_msgs' in the environment variable CMAKE_PREFIX_PATH doesn't exist
[0.311s] WARNING:colcon.colcon_ros.prefix_path.catkin:The path '/home/rslomron/tm_custom/install/tm_moveit_cpp_demo' in the environment variable CMAKE_PREFIX_PATH doesn't exist
[0.311s] WARNING:colcon.colcon_ros.prefix_path.catkin:The path '/home/rslomron/tm_custom/install/tm_moveit_config_tm5x-900' in the environment variable CMAKE_PREFIX_PATH doesn't exist
[0.311s] WARNING:colcon.colcon_ros.prefix_path.catkin:The path '/home/rslomron/tm_custom/install/tm_moveit_config_tm5x-700' in the environment variable CMAKE_PREFIX_PATH doesn't exist
[0.311s] WARNING:colcon.colcon_ros.prefix_path.catkin:The path '/home/rslomron/tm_custom/install/tm_moveit_config_tm5-900' in the environment variable CMAKE_PREFIX_PATH doesn't exist
[0.311s] WARNING:colcon.colcon_ros.prefix_path.catkin:The path '/home/rslomron/tm_custom/install/tm_moveit_config_tm5-700' in the environment variable CMAKE_PREFIX_PATH doesn't exist
[0.311s] WARNING:colcon.colcon_ros.prefix_path.catkin:The path '/home/rslomron/tm_custom/install/tm_moveit_config_tm14x' in the environment variable CMAKE_PREFIX_PATH doesn't exist
[0.311s] WARNING:colcon.colcon_ros.prefix_path.catkin:The path '/home/rslomron/tm_custom/install/tm_moveit_config_tm14' in the environment variable CMAKE_PREFIX_PATH doesn't exist
[0.311s] WARNING:colcon.colcon_ros.prefix_path.catkin:The path '/home/rslomron/tm_custom/install/tm_moveit_config_tm12x' in the environment variable CMAKE_PREFIX_PATH doesn't exist
[0.311s] WARNING:colcon.colcon_ros.prefix_path.catkin:The path '/home/rslomron/tm_custom/install/tm_moveit_config_tm12' in the environment variable CMAKE_PREFIX_PATH doesn't exist
[0.311s] WARNING:colcon.colcon_ros.prefix_path.catkin:The path '/home/rslomron/tm_custom/install/tm_description' in the environment variable CMAKE_PREFIX_PATH doesn't exist
[0.311s] WARNING:colcon.colcon_ros.prefix_path.catkin:The path '/home/rslomron/tm_custom/install/custom_2' in the environment variable CMAKE_PREFIX_PATH doesn't exist
[0.311s] WARNING:colcon.colcon_ros.prefix_path.catkin:The path '/home/rslomron/tm_custom/install/techman_robot_msgs' in the environment variable CMAKE_PREFIX_PATH doesn't exist
[0.312s] DEBUG:colcon.colcon_installed_package_information.package_discovery:Found 2 installed packages in /home/rslomron/tm_custom/install
[0.313s] DEBUG:colcon.colcon_installed_package_information.package_discovery:Found 270 installed packages in /opt/ros/humble
[0.325s] Level 1:colcon.colcon_core.package_discovery:discover_packages(prefix_path) using defaults
[0.365s] Level 5:colcon.colcon_core.verb:set package 'custom_package' build argument 'cmake_args' from command line to 'None'
[0.365s] Level 5:colcon.colcon_core.verb:set package 'custom_package' build argument 'cmake_target' from command line to 'None'
[0.365s] Level 5:colcon.colcon_core.verb:set package 'custom_package' build argument 'cmake_target_skip_unavailable' from command line to 'False'
[0.365s] Level 5:colcon.colcon_core.verb:set package 'custom_package' build argument 'cmake_clean_cache' from command line to 'False'
[0.365s] Level 5:colcon.colcon_core.verb:set package 'custom_package' build argument 'cmake_clean_first' from command line to 'False'
[0.366s] Level 5:colcon.colcon_core.verb:set package 'custom_package' build argument 'cmake_force_configure' from command line to 'False'
[0.366s] Level 5:colcon.colcon_core.verb:set package 'custom_package' build argument 'ament_cmake_args' from command line to 'None'
[0.366s] Level 5:colcon.colcon_core.verb:set package 'custom_package' build argument 'catkin_cmake_args' from command line to 'None'
[0.366s] Level 5:colcon.colcon_core.verb:set package 'custom_package' build argument 'catkin_skip_building_tests' from command line to 'False'
[0.366s] DEBUG:colcon.colcon_core.verb:Building package 'custom_package' with the following arguments: {'ament_cmake_args': None, 'build_base': '/home/rslomron/tm_custom/build/custom_package', 'catkin_cmake_args': None, 'catkin_skip_building_tests': False, 'cmake_args': None, 'cmake_clean_cache': False, 'cmake_clean_first': False, 'cmake_force_configure': False, 'cmake_target': None, 'cmake_target_skip_unavailable': False, 'install_base': '/home/rslomron/tm_custom/install/custom_package', 'merge_install': False, 'path': '/home/rslomron/tm_custom/src/custom_package', 'symlink_install': False, 'test_result_base': None}
[0.366s] Level 5:colcon.colcon_core.verb:set package 'demo' build argument 'cmake_args' from command line to 'None'
[0.366s] Level 5:colcon.colcon_core.verb:set package 'demo' build argument 'cmake_target' from command line to 'None'
[0.366s] Level 5:colcon.colcon_core.verb:set package 'demo' build argument 'cmake_target_skip_unavailable' from command line to 'False'
[0.366s] Level 5:colcon.colcon_core.verb:set package 'demo' build argument 'cmake_clean_cache' from command line to 'False'
[0.366s] Level 5:colcon.colcon_core.verb:set package 'demo' build argument 'cmake_clean_first' from command line to 'False'
[0.366s] Level 5:colcon.colcon_core.verb:set package 'demo' build argument 'cmake_force_configure' from command line to 'False'
[0.366s] Level 5:colcon.colcon_core.verb:set package 'demo' build argument 'ament_cmake_args' from command line to 'None'
[0.366s] Level 5:colcon.colcon_core.verb:set package 'demo' build argument 'catkin_cmake_args' from command line to 'None'
[0.366s] Level 5:colcon.colcon_core.verb:set package 'demo' build argument 'catkin_skip_building_tests' from command line to 'False'
[0.366s] DEBUG:colcon.colcon_core.verb:Building package 'demo' with the following arguments: {'ament_cmake_args': None, 'build_base': '/home/rslomron/tm_custom/build/demo', 'catkin_cmake_args': None, 'catkin_skip_building_tests': False, 'cmake_args': None, 'cmake_clean_cache': False, 'cmake_clean_first': False, 'cmake_force_configure': False, 'cmake_target': None, 'cmake_target_skip_unavailable': False, 'install_base': '/home/rslomron/tm_custom/install/demo', 'merge_install': False, 'path': '/home/rslomron/tm_custom/src/demo', 'symlink_install': False, 'test_result_base': None}
[0.367s] Level 5:colcon.colcon_core.verb:set package 'techman_robot_msgs' build argument 'cmake_args' from command line to 'None'
[0.367s] Level 5:colcon.colcon_core.verb:set package 'techman_robot_msgs' build argument 'cmake_target' from command line to 'None'
[0.367s] Level 5:colcon.colcon_core.verb:set package 'techman_robot_msgs' build argument 'cmake_target_skip_unavailable' from command line to 'False'
[0.367s] Level 5:colcon.colcon_core.verb:set package 'techman_robot_msgs' build argument 'cmake_clean_cache' from command line to 'False'
[0.367s] Level 5:colcon.colcon_core.verb:set package 'techman_robot_msgs' build argument 'cmake_clean_first' from command line to 'False'
[0.367s] Level 5:colcon.colcon_core.verb:set package 'techman_robot_msgs' build argument 'cmake_force_configure' from command line to 'False'
[0.367s] Level 5:colcon.colcon_core.verb:set package 'techman_robot_msgs' build argument 'ament_cmake_args' from command line to 'None'
[0.367s] Level 5:colcon.colcon_core.verb:set package 'techman_robot_msgs' build argument 'catkin_cmake_args' from command line to 'None'
[0.367s] Level 5:colcon.colcon_core.verb:set package 'techman_robot_msgs' build argument 'catkin_skip_building_tests' from command line to 'False'
[0.367s] DEBUG:colcon.colcon_core.verb:Building package 'techman_robot_msgs' with the following arguments: {'ament_cmake_args': None, 'build_base': '/home/rslomron/tm_custom/build/techman_robot_msgs', 'catkin_cmake_args': None, 'catkin_skip_building_tests': False, 'cmake_args': None, 'cmake_clean_cache': False, 'cmake_clean_first': False, 'cmake_force_configure': False, 'cmake_target': None, 'cmake_target_skip_unavailable': False, 'install_base': '/home/rslomron/tm_custom/install/techman_robot_msgs', 'merge_install': False, 'path': '/home/rslomron/tm_custom/src/techman_robot_msgs', 'symlink_install': False, 'test_result_base': None}
[0.367s] Level 5:colcon.colcon_core.verb:set package 'tm_description' build argument 'cmake_args' from command line to 'None'
[0.367s] Level 5:colcon.colcon_core.verb:set package 'tm_description' build argument 'cmake_target' from command line to 'None'
[0.367s] Level 5:colcon.colcon_core.verb:set package 'tm_description' build argument 'cmake_target_skip_unavailable' from command line to 'False'
[0.367s] Level 5:colcon.colcon_core.verb:set package 'tm_description' build argument 'cmake_clean_cache' from command line to 'False'
[0.367s] Level 5:colcon.colcon_core.verb:set package 'tm_description' build argument 'cmake_clean_first' from command line to 'False'
[0.367s] Level 5:colcon.colcon_core.verb:set package 'tm_description' build argument 'cmake_force_configure' from command line to 'False'
[0.367s] Level 5:colcon.colcon_core.verb:set package 'tm_description' build argument 'ament_cmake_args' from command line to 'None'
[0.367s] Level 5:colcon.colcon_core.verb:set package 'tm_description' build argument 'catkin_cmake_args' from command line to 'None'
[0.367s] Level 5:colcon.colcon_core.verb:set package 'tm_description' build argument 'catkin_skip_building_tests' from command line to 'False'
[0.367s] DEBUG:colcon.colcon_core.verb:Building package 'tm_description' with the following arguments: {'ament_cmake_args': None, 'build_base': '/home/rslomron/tm_custom/build/tm_description', 'catkin_cmake_args': None, 'catkin_skip_building_tests': False, 'cmake_args': None, 'cmake_clean_cache': False, 'cmake_clean_first': False, 'cmake_force_configure': False, 'cmake_target': None, 'cmake_target_skip_unavailable': False, 'install_base': '/home/rslomron/tm_custom/install/tm_description', 'merge_install': False, 'path': '/home/rslomron/tm_custom/src/tm_description', 'symlink_install': False, 'test_result_base': None}
[0.368s] Level 5:colcon.colcon_core.verb:set package 'tm_driver' build argument 'cmake_args' from command line to 'None'
[0.368s] Level 5:colcon.colcon_core.verb:set package 'tm_driver' build argument 'cmake_target' from command line to 'None'
[0.368s] Level 5:colcon.colcon_core.verb:set package 'tm_driver' build argument 'cmake_target_skip_unavailable' from command line to 'False'
[0.368s] Level 5:colcon.colcon_core.verb:set package 'tm_driver' build argument 'cmake_clean_cache' from command line to 'False'
[0.368s] Level 5:colcon.colcon_core.verb:set package 'tm_driver' build argument 'cmake_clean_first' from command line to 'False'
[0.368s] Level 5:colcon.colcon_core.verb:set package 'tm_driver' build argument 'cmake_force_configure' from command line to 'False'
[0.368s] Level 5:colcon.colcon_core.verb:set package 'tm_driver' build argument 'ament_cmake_args' from command line to 'None'
[0.368s] Level 5:colcon.colcon_core.verb:set package 'tm_driver' build argument 'catkin_cmake_args' from command line to 'None'
[0.368s] Level 5:colcon.colcon_core.verb:set package 'tm_driver' build argument 'catkin_skip_building_tests' from command line to 'False'
[0.368s] DEBUG:colcon.colcon_core.verb:Building package 'tm_driver' with the following arguments: {'ament_cmake_args': None, 'build_base': '/home/rslomron/tm_custom/build/tm_driver', 'catkin_cmake_args': None, 'catkin_skip_building_tests': False, 'cmake_args': None, 'cmake_clean_cache': False, 'cmake_clean_first': False, 'cmake_force_configure': False, 'cmake_target': None, 'cmake_target_skip_unavailable': False, 'install_base': '/home/rslomron/tm_custom/install/tm_driver', 'merge_install': False, 'path': '/home/rslomron/tm_custom/src/tm_driver', 'symlink_install': False, 'test_result_base': None}
[0.368s] INFO:colcon.colcon_core.executor:Executing jobs using 'parallel' executor
[0.369s] DEBUG:colcon.colcon_parallel_executor.executor.parallel:run_until_complete
[0.370s] INFO:colcon.colcon_ros.task.ament_cmake.build:Building ROS package in '/home/rslomron/tm_custom/src/custom_package' with build type 'ament_cmake'
[0.370s] INFO:colcon.colcon_cmake.task.cmake.build:Building CMake package in '/home/rslomron/tm_custom/src/custom_package'
[0.372s] INFO:colcon.colcon_core.plugin_system:Skipping extension 'colcon_core.shell.bat': Not used on non-Windows systems
[0.372s] INFO:colcon.colcon_core.shell:Skip shell extension 'powershell' for command environment: Not usable outside of PowerShell
[0.372s] DEBUG:colcon.colcon_core.shell:Skip shell extension 'dsv' for command environment
[0.375s] INFO:colcon.colcon_ros.task.ament_cmake.build:Building ROS package in '/home/rslomron/tm_custom/src/demo' with build type 'ament_cmake'
[0.376s] INFO:colcon.colcon_cmake.task.cmake.build:Building CMake package in '/home/rslomron/tm_custom/src/demo'
[0.376s] INFO:colcon.colcon_core.shell:Skip shell extension 'powershell' for command environment: Not usable outside of PowerShell
[0.376s] DEBUG:colcon.colcon_core.shell:Skip shell extension 'dsv' for command environment
[0.378s] INFO:colcon.colcon_ros.task.ament_cmake.build:Building ROS package in '/home/rslomron/tm_custom/src/techman_robot_msgs' with build type 'ament_cmake'
[0.379s] INFO:colcon.colcon_cmake.task.cmake.build:Building CMake package in '/home/rslomron/tm_custom/src/techman_robot_msgs'
[0.379s] INFO:colcon.colcon_core.shell:Skip shell extension 'powershell' for command environment: Not usable outside of PowerShell
[0.379s] DEBUG:colcon.colcon_core.shell:Skip shell extension 'dsv' for command environment
[0.382s] INFO:colcon.colcon_ros.task.ament_cmake.build:Building ROS package in '/home/rslomron/tm_custom/src/tm_description' with build type 'ament_cmake'
[0.382s] INFO:colcon.colcon_cmake.task.cmake.build:Building CMake package in '/home/rslomron/tm_custom/src/tm_description'
[0.382s] INFO:colcon.colcon_core.shell:Skip shell extension 'powershell' for command environment: Not usable outside of PowerShell
[0.382s] DEBUG:colcon.colcon_core.shell:Skip shell extension 'dsv' for command environment
[0.385s] INFO:colcon.colcon_ros.task.ament_cmake.build:Building ROS package in '/home/rslomron/tm_custom/src/tm_driver' with build type 'ament_cmake'
[0.385s] INFO:colcon.colcon_cmake.task.cmake.build:Building CMake package in '/home/rslomron/tm_custom/src/tm_driver'
[0.385s] INFO:colcon.colcon_core.shell:Skip shell extension 'powershell' for command environment: Not usable outside of PowerShell
[0.386s] DEBUG:colcon.colcon_core.shell:Skip shell extension 'dsv' for command environment
[0.396s] DEBUG:colcon.colcon_core.event_handler.log_command:Invoking command in '/home/rslomron/tm_custom/build/custom_package': CMAKE_PREFIX_PATH=${CMAKE_PREFIX_PATH}:/home/rslomron/tm_custom/install/tm_mod_urdf:/home/rslomron/tm_custom/install/tm_get_status:/opt/ros/humble /usr/bin/cmake --build /home/rslomron/tm_custom/build/custom_package -- -j8 -l8
[0.400s] DEBUG:colcon.colcon_core.event_handler.log_command:Invoking command in '/home/rslomron/tm_custom/build/demo': CMAKE_PREFIX_PATH=${CMAKE_PREFIX_PATH}:/home/rslomron/tm_custom/install/tm_mod_urdf:/home/rslomron/tm_custom/install/tm_get_status:/opt/ros/humble /usr/bin/cmake /home/rslomron/tm_custom/src/demo -DCMAKE_INSTALL_PREFIX=/home/rslomron/tm_custom/install/demo
[0.404s] DEBUG:colcon.colcon_core.event_handler.log_command:Invoking command in '/home/rslomron/tm_custom/build/techman_robot_msgs': CMAKE_PREFIX_PATH=${CMAKE_PREFIX_PATH}:/home/rslomron/tm_custom/install/tm_mod_urdf:/home/rslomron/tm_custom/install/tm_get_status:/opt/ros/humble /usr/bin/cmake /home/rslomron/tm_custom/src/techman_robot_msgs -DCMAKE_INSTALL_PREFIX=/home/rslomron/tm_custom/install/techman_robot_msgs
[0.406s] DEBUG:colcon.colcon_core.event_handler.log_command:Invoking command in '/home/rslomron/tm_custom/build/tm_description': CMAKE_PREFIX_PATH=${CMAKE_PREFIX_PATH}:/home/rslomron/tm_custom/install/tm_mod_urdf:/home/rslomron/tm_custom/install/tm_get_status:/opt/ros/humble /usr/bin/cmake /home/rslomron/tm_custom/src/tm_description -DCMAKE_INSTALL_PREFIX=/home/rslomron/tm_custom/install/tm_description
[0.408s] DEBUG:colcon.colcon_core.event_handler.log_command:Invoking command in '/home/rslomron/tm_custom/build/tm_driver': CMAKE_PREFIX_PATH=${CMAKE_PREFIX_PATH}:/home/rslomron/tm_custom/install/tm_mod_urdf:/home/rslomron/tm_custom/install/tm_get_status:/opt/ros/humble /usr/bin/cmake --build /home/rslomron/tm_custom/build/tm_driver -- -j8 -l8
[0.439s] DEBUG:colcon.colcon_core.event_handler.log_command:Invoked command in '/home/rslomron/tm_custom/build/custom_package' returned '0': CMAKE_PREFIX_PATH=${CMAKE_PREFIX_PATH}:/home/rslomron/tm_custom/install/tm_mod_urdf:/home/rslomron/tm_custom/install/tm_get_status:/opt/ros/humble /usr/bin/cmake --build /home/rslomron/tm_custom/build/custom_package -- -j8 -l8
[0.452s] DEBUG:colcon.colcon_core.event_handler.log_command:Invoked command in '/home/rslomron/tm_custom/build/tm_driver' returned '0': CMAKE_PREFIX_PATH=${CMAKE_PREFIX_PATH}:/home/rslomron/tm_custom/install/tm_mod_urdf:/home/rslomron/tm_custom/install/tm_get_status:/opt/ros/humble /usr/bin/cmake --build /home/rslomron/tm_custom/build/tm_driver -- -j8 -l8
[0.471s] DEBUG:colcon.colcon_core.event_handler.log_command:Invoking command in '/home/rslomron/tm_custom/build/custom_package': CMAKE_PREFIX_PATH=${CMAKE_PREFIX_PATH}:/home/rslomron/tm_custom/install/tm_mod_urdf:/home/rslomron/tm_custom/install/tm_get_status:/opt/ros/humble /usr/bin/cmake --install /home/rslomron/tm_custom/build/custom_package
[0.474s] DEBUG:colcon.colcon_core.event_handler.log_command:Invoking command in '/home/rslomron/tm_custom/build/tm_driver': CMAKE_PREFIX_PATH=${CMAKE_PREFIX_PATH}:/home/rslomron/tm_custom/install/tm_mod_urdf:/home/rslomron/tm_custom/install/tm_get_status:/opt/ros/humble /usr/bin/cmake --install /home/rslomron/tm_custom/build/tm_driver
[0.481s] Level 1:colcon.colcon_core.environment:create_environment_scripts_only(custom_package)
[0.482s] DEBUG:colcon.colcon_core.event_handler.log_command:Invoked command in '/home/rslomron/tm_custom/build/custom_package' returned '0': CMAKE_PREFIX_PATH=${CMAKE_PREFIX_PATH}:/home/rslomron/tm_custom/install/tm_mod_urdf:/home/rslomron/tm_custom/install/tm_get_status:/opt/ros/humble /usr/bin/cmake --install /home/rslomron/tm_custom/build/custom_package
[0.487s] Level 1:colcon.colcon_core.environment:checking '/home/rslomron/tm_custom/install/custom_package' for CMake module files
[0.487s] Level 1:colcon.colcon_core.environment:checking '/home/rslomron/tm_custom/install/custom_package' for CMake config files
[0.488s] Level 1:colcon.colcon_core.shell:create_environment_hook('custom_package', 'cmake_prefix_path')
[0.488s] INFO:colcon.colcon_core.shell:Creating environment hook '/home/rslomron/tm_custom/install/custom_package/share/custom_package/hook/cmake_prefix_path.ps1'
[0.488s] INFO:colcon.colcon_core.shell:Creating environment descriptor '/home/rslomron/tm_custom/install/custom_package/share/custom_package/hook/cmake_prefix_path.dsv'
[0.489s] INFO:colcon.colcon_core.shell:Creating environment hook '/home/rslomron/tm_custom/install/custom_package/share/custom_package/hook/cmake_prefix_path.sh'
[0.490s] Level 1:colcon.colcon_core.environment:checking '/home/rslomron/tm_custom/install/custom_package/bin'
[0.490s] Level 1:colcon.colcon_core.environment:checking '/home/rslomron/tm_custom/install/custom_package/lib/pkgconfig/custom_package.pc'
[0.491s] Level 1:colcon.colcon_core.environment:checking '/home/rslomron/tm_custom/install/custom_package/lib/python3.10/site-packages'
[0.491s] Level 1:colcon.colcon_core.environment:checking '/home/rslomron/tm_custom/install/custom_package/bin'
[0.492s] INFO:colcon.colcon_core.shell:Creating package script '/home/rslomron/tm_custom/install/custom_package/share/custom_package/package.ps1'
[0.493s] INFO:colcon.colcon_core.shell:Creating package descriptor '/home/rslomron/tm_custom/install/custom_package/share/custom_package/package.dsv'
[0.494s] INFO:colcon.colcon_core.shell:Creating package script '/home/rslomron/tm_custom/install/custom_package/share/custom_package/package.sh'
[0.495s] INFO:colcon.colcon_core.shell:Creating package script '/home/rslomron/tm_custom/install/custom_package/share/custom_package/package.bash'
[0.495s] INFO:colcon.colcon_core.shell:Creating package script '/home/rslomron/tm_custom/install/custom_package/share/custom_package/package.zsh'
[0.496s] Level 1:colcon.colcon_core.environment:create_file_with_runtime_dependencies(/home/rslomron/tm_custom/install/custom_package/share/colcon-core/packages/custom_package)
[0.498s] Level 1:colcon.colcon_core.environment:create_environment_scripts_only(tm_driver)
[0.498s] Level 1:colcon.colcon_core.environment:checking '/home/rslomron/tm_custom/install/tm_driver' for CMake module files
[0.498s] DEBUG:colcon.colcon_core.event_handler.log_command:Invoked command in '/home/rslomron/tm_custom/build/tm_driver' returned '0': CMAKE_PREFIX_PATH=${CMAKE_PREFIX_PATH}:/home/rslomron/tm_custom/install/tm_mod_urdf:/home/rslomron/tm_custom/install/tm_get_status:/opt/ros/humble /usr/bin/cmake --install /home/rslomron/tm_custom/build/tm_driver
[0.499s] Level 1:colcon.colcon_core.environment:checking '/home/rslomron/tm_custom/install/tm_driver' for CMake config files
[0.499s] Level 1:colcon.colcon_core.shell:create_environment_hook('tm_driver', 'cmake_prefix_path')
[0.499s] INFO:colcon.colcon_core.shell:Creating environment hook '/home/rslomron/tm_custom/install/tm_driver/share/tm_driver/hook/cmake_prefix_path.ps1'
[0.500s] INFO:colcon.colcon_core.shell:Creating environment descriptor '/home/rslomron/tm_custom/install/tm_driver/share/tm_driver/hook/cmake_prefix_path.dsv'
[0.500s] INFO:colcon.colcon_core.shell:Creating environment hook '/home/rslomron/tm_custom/install/tm_driver/share/tm_driver/hook/cmake_prefix_path.sh'
[0.501s] Level 1:colcon.colcon_core.environment:checking '/home/rslomron/tm_custom/install/tm_driver/bin'
[0.501s] Level 1:colcon.colcon_core.environment:checking '/home/rslomron/tm_custom/install/tm_driver/lib/pkgconfig/tm_driver.pc'
[0.501s] Level 1:colcon.colcon_core.environment:checking '/home/rslomron/tm_custom/install/tm_driver/lib/python3.10/site-packages'
[0.501s] Level 1:colcon.colcon_core.environment:checking '/home/rslomron/tm_custom/install/tm_driver/bin'
[0.502s] INFO:colcon.colcon_core.shell:Creating package script '/home/rslomron/tm_custom/install/tm_driver/share/tm_driver/package.ps1'
[0.502s] INFO:colcon.colcon_core.shell:Creating package descriptor '/home/rslomron/tm_custom/install/tm_driver/share/tm_driver/package.dsv'
[0.502s] INFO:colcon.colcon_core.shell:Creating package script '/home/rslomron/tm_custom/install/tm_driver/share/tm_driver/package.sh'
[0.503s] INFO:colcon.colcon_core.shell:Creating package script '/home/rslomron/tm_custom/install/tm_driver/share/tm_driver/package.bash'
[0.503s] INFO:colcon.colcon_core.shell:Creating package script '/home/rslomron/tm_custom/install/tm_driver/share/tm_driver/package.zsh'
[0.504s] Level 1:colcon.colcon_core.environment:create_file_with_runtime_dependencies(/home/rslomron/tm_custom/install/tm_driver/share/colcon-core/packages/tm_driver)
[0.527s] Level 1:colcon.colcon_core.environment:create_environment_scripts_only(tm_driver)
[0.527s] Level 1:colcon.colcon_core.environment:checking '/home/rslomron/tm_custom/install/tm_driver' for CMake module files
[0.528s] Level 1:colcon.colcon_core.environment:checking '/home/rslomron/tm_custom/install/tm_driver' for CMake config files
[0.528s] Level 1:colcon.colcon_core.shell:create_environment_hook('tm_driver', 'cmake_prefix_path')
[0.528s] INFO:colcon.colcon_core.shell:Creating environment hook '/home/rslomron/tm_custom/install/tm_driver/share/tm_driver/hook/cmake_prefix_path.ps1'
[0.529s] INFO:colcon.colcon_core.shell:Creating environment descriptor '/home/rslomron/tm_custom/install/tm_driver/share/tm_driver/hook/cmake_prefix_path.dsv'
[0.529s] INFO:colcon.colcon_core.shell:Creating environment hook '/home/rslomron/tm_custom/install/tm_driver/share/tm_driver/hook/cmake_prefix_path.sh'
[0.530s] Level 1:colcon.colcon_core.environment:checking '/home/rslomron/tm_custom/install/tm_driver/bin'
[0.530s] Level 1:colcon.colcon_core.environment:checking '/home/rslomron/tm_custom/install/tm_driver/lib/pkgconfig/tm_driver.pc'
[0.530s] Level 1:colcon.colcon_core.environment:checking '/home/rslomron/tm_custom/install/tm_driver/lib/python3.10/site-packages'
[0.531s] Level 1:colcon.colcon_core.environment:checking '/home/rslomron/tm_custom/install/tm_driver/bin'
[0.531s] INFO:colcon.colcon_core.shell:Creating package script '/home/rslomron/tm_custom/install/tm_driver/share/tm_driver/package.ps1'
[0.532s] INFO:colcon.colcon_core.shell:Creating package descriptor '/home/rslomron/tm_custom/install/tm_driver/share/tm_driver/package.dsv'
[0.532s] INFO:colcon.colcon_core.shell:Creating package script '/home/rslomron/tm_custom/install/tm_driver/share/tm_driver/package.sh'
[0.533s] INFO:colcon.colcon_core.shell:Creating package script '/home/rslomron/tm_custom/install/tm_driver/share/tm_driver/package.bash'
[0.533s] INFO:colcon.colcon_core.shell:Creating package script '/home/rslomron/tm_custom/install/tm_driver/share/tm_driver/package.zsh'
[0.533s] Level 1:colcon.colcon_core.environment:create_file_with_runtime_dependencies(/home/rslomron/tm_custom/install/tm_driver/share/colcon-core/packages/tm_driver)
[0.535s] Level 1:colcon.colcon_core.environment:create_environment_scripts_only(custom_package)
[0.535s] Level 1:colcon.colcon_core.environment:checking '/home/rslomron/tm_custom/install/custom_package' for CMake module files
[0.535s] Level 1:colcon.colcon_core.environment:checking '/home/rslomron/tm_custom/install/custom_package' for CMake config files
[0.536s] Level 1:colcon.colcon_core.shell:create_environment_hook('custom_package', 'cmake_prefix_path')
[0.536s] INFO:colcon.colcon_core.shell:Creating environment hook '/home/rslomron/tm_custom/install/custom_package/share/custom_package/hook/cmake_prefix_path.ps1'
[0.537s] INFO:colcon.colcon_core.shell:Creating environment descriptor '/home/rslomron/tm_custom/install/custom_package/share/custom_package/hook/cmake_prefix_path.dsv'
[0.537s] INFO:colcon.colcon_core.shell:Creating environment hook '/home/rslomron/tm_custom/install/custom_package/share/custom_package/hook/cmake_prefix_path.sh'
[0.538s] Level 1:colcon.colcon_core.environment:checking '/home/rslomron/tm_custom/install/custom_package/bin'
[0.538s] Level 1:colcon.colcon_core.environment:checking '/home/rslomron/tm_custom/install/custom_package/lib/pkgconfig/custom_package.pc'
[0.538s] Level 1:colcon.colcon_core.environment:checking '/home/rslomron/tm_custom/install/custom_package/lib/python3.10/site-packages'
[0.538s] Level 1:colcon.colcon_core.environment:checking '/home/rslomron/tm_custom/install/custom_package/bin'
[0.539s] INFO:colcon.colcon_core.shell:Creating package script '/home/rslomron/tm_custom/install/custom_package/share/custom_package/package.ps1'
[0.539s] INFO:colcon.colcon_core.shell:Creating package descriptor '/home/rslomron/tm_custom/install/custom_package/share/custom_package/package.dsv'
[0.540s] INFO:colcon.colcon_core.shell:Creating package script '/home/rslomron/tm_custom/install/custom_package/share/custom_package/package.sh'
[0.540s] INFO:colcon.colcon_core.shell:Creating package script '/home/rslomron/tm_custom/install/custom_package/share/custom_package/package.bash'
[0.541s] INFO:colcon.colcon_core.shell:Creating package script '/home/rslomron/tm_custom/install/custom_package/share/custom_package/package.zsh'
[0.541s] Level 1:colcon.colcon_core.environment:create_file_with_runtime_dependencies(/home/rslomron/tm_custom/install/custom_package/share/colcon-core/packages/custom_package)
[1.038s] DEBUG:colcon.colcon_core.event_handler.log_command:Invoked command in '/home/rslomron/tm_custom/build/techman_robot_msgs' returned '0': CMAKE_PREFIX_PATH=${CMAKE_PREFIX_PATH}:/home/rslomron/tm_custom/install/tm_mod_urdf:/home/rslomron/tm_custom/install/tm_get_status:/opt/ros/humble /usr/bin/cmake /home/rslomron/tm_custom/src/techman_robot_msgs -DCMAKE_INSTALL_PREFIX=/home/rslomron/tm_custom/install/techman_robot_msgs
[1.040s] DEBUG:colcon.colcon_core.event_handler.log_command:Invoking command in '/home/rslomron/tm_custom/build/techman_robot_msgs': CMAKE_PREFIX_PATH=${CMAKE_PREFIX_PATH}:/home/rslomron/tm_custom/install/tm_mod_urdf:/home/rslomron/tm_custom/install/tm_get_status:/opt/ros/humble /usr/bin/cmake --build /home/rslomron/tm_custom/build/techman_robot_msgs -- -j8 -l8
[1.049s] DEBUG:colcon.colcon_core.event_handler.log_command:Invoked command in '/home/rslomron/tm_custom/build/demo' returned '0': CMAKE_PREFIX_PATH=${CMAKE_PREFIX_PATH}:/home/rslomron/tm_custom/install/tm_mod_urdf:/home/rslomron/tm_custom/install/tm_get_status:/opt/ros/humble /usr/bin/cmake /home/rslomron/tm_custom/src/demo -DCMAKE_INSTALL_PREFIX=/home/rslomron/tm_custom/install/demo
[1.051s] DEBUG:colcon.colcon_core.event_handler.log_command:Invoking command in '/home/rslomron/tm_custom/build/demo': CMAKE_PREFIX_PATH=${CMAKE_PREFIX_PATH}:/home/rslomron/tm_custom/install/tm_mod_urdf:/home/rslomron/tm_custom/install/tm_get_status:/opt/ros/humble /usr/bin/cmake --build /home/rslomron/tm_custom/build/demo -- -j8 -l8
[1.056s] DEBUG:colcon.colcon_core.event_handler.log_command:Invoked command in '/home/rslomron/tm_custom/build/tm_description' returned '0': CMAKE_PREFIX_PATH=${CMAKE_PREFIX_PATH}:/home/rslomron/tm_custom/install/tm_mod_urdf:/home/rslomron/tm_custom/install/tm_get_status:/opt/ros/humble /usr/bin/cmake /home/rslomron/tm_custom/src/tm_description -DCMAKE_INSTALL_PREFIX=/home/rslomron/tm_custom/install/tm_description
[1.057s] DEBUG:colcon.colcon_core.event_handler.log_command:Invoking command in '/home/rslomron/tm_custom/build/tm_description': CMAKE_PREFIX_PATH=${CMAKE_PREFIX_PATH}:/home/rslomron/tm_custom/install/tm_mod_urdf:/home/rslomron/tm_custom/install/tm_get_status:/opt/ros/humble /usr/bin/cmake --build /home/rslomron/tm_custom/build/tm_description -- -j8 -l8
[1.075s] DEBUG:colcon.colcon_core.event_handler.log_command:Invoked command in '/home/rslomron/tm_custom/build/techman_robot_msgs' returned '0': CMAKE_PREFIX_PATH=${CMAKE_PREFIX_PATH}:/home/rslomron/tm_custom/install/tm_mod_urdf:/home/rslomron/tm_custom/install/tm_get_status:/opt/ros/humble /usr/bin/cmake --build /home/rslomron/tm_custom/build/techman_robot_msgs -- -j8 -l8
[1.086s] DEBUG:colcon.colcon_core.event_handler.log_command:Invoked command in '/home/rslomron/tm_custom/build/demo' returned '0': CMAKE_PREFIX_PATH=${CMAKE_PREFIX_PATH}:/home/rslomron/tm_custom/install/tm_mod_urdf:/home/rslomron/tm_custom/install/tm_get_status:/opt/ros/humble /usr/bin/cmake --build /home/rslomron/tm_custom/build/demo -- -j8 -l8
[1.094s] DEBUG:colcon.colcon_core.event_handler.log_command:Invoked command in '/home/rslomron/tm_custom/build/tm_description' returned '0': CMAKE_PREFIX_PATH=${CMAKE_PREFIX_PATH}:/home/rslomron/tm_custom/install/tm_mod_urdf:/home/rslomron/tm_custom/install/tm_get_status:/opt/ros/humble /usr/bin/cmake --build /home/rslomron/tm_custom/build/tm_description -- -j8 -l8
[1.096s] DEBUG:colcon.colcon_core.event_handler.log_command:Invoking command in '/home/rslomron/tm_custom/build/techman_robot_msgs': CMAKE_PREFIX_PATH=${CMAKE_PREFIX_PATH}:/home/rslomron/tm_custom/install/tm_mod_urdf:/home/rslomron/tm_custom/install/tm_get_status:/opt/ros/humble /usr/bin/cmake --install /home/rslomron/tm_custom/build/techman_robot_msgs
[1.108s] DEBUG:colcon.colcon_core.event_handler.log_command:Invoking command in '/home/rslomron/tm_custom/build/demo': CMAKE_PREFIX_PATH=${CMAKE_PREFIX_PATH}:/home/rslomron/tm_custom/install/tm_mod_urdf:/home/rslomron/tm_custom/install/tm_get_status:/opt/ros/humble /usr/bin/cmake --install /home/rslomron/tm_custom/build/demo
[1.109s] Level 1:colcon.colcon_core.environment:create_environment_scripts_only(techman_robot_msgs)
[1.109s] Level 1:colcon.colcon_core.environment:checking '/home/rslomron/tm_custom/install/techman_robot_msgs' for CMake module files
[1.109s] DEBUG:colcon.colcon_core.event_handler.log_command:Invoked command in '/home/rslomron/tm_custom/build/techman_robot_msgs' returned '0': CMAKE_PREFIX_PATH=${CMAKE_PREFIX_PATH}:/home/rslomron/tm_custom/install/tm_mod_urdf:/home/rslomron/tm_custom/install/tm_get_status:/opt/ros/humble /usr/bin/cmake --install /home/rslomron/tm_custom/build/techman_robot_msgs
[1.110s] Level 1:colcon.colcon_core.environment:checking '/home/rslomron/tm_custom/install/techman_robot_msgs' for CMake config files
[1.110s] Level 1:colcon.colcon_core.shell:create_environment_hook('techman_robot_msgs', 'cmake_prefix_path')
[1.110s] INFO:colcon.colcon_core.shell:Creating environment hook '/home/rslomron/tm_custom/install/techman_robot_msgs/share/techman_robot_msgs/hook/cmake_prefix_path.ps1'
[1.111s] INFO:colcon.colcon_core.shell:Creating environment descriptor '/home/rslomron/tm_custom/install/techman_robot_msgs/share/techman_robot_msgs/hook/cmake_prefix_path.dsv'
[1.111s] INFO:colcon.colcon_core.shell:Creating environment hook '/home/rslomron/tm_custom/install/techman_robot_msgs/share/techman_robot_msgs/hook/cmake_prefix_path.sh'
[1.111s] Level 1:colcon.colcon_core.environment:checking '/home/rslomron/tm_custom/install/techman_robot_msgs/bin'
[1.111s] Level 1:colcon.colcon_core.environment:checking '/home/rslomron/tm_custom/install/techman_robot_msgs/lib/pkgconfig/techman_robot_msgs.pc'
[1.112s] Level 1:colcon.colcon_core.environment:checking '/home/rslomron/tm_custom/install/techman_robot_msgs/lib/python3.10/site-packages'
[1.112s] Level 1:colcon.colcon_core.environment:checking '/home/rslomron/tm_custom/install/techman_robot_msgs/bin'
[1.112s] INFO:colcon.colcon_core.shell:Creating package script '/home/rslomron/tm_custom/install/techman_robot_msgs/share/techman_robot_msgs/package.ps1'
[1.113s] INFO:colcon.colcon_core.shell:Creating package descriptor '/home/rslomron/tm_custom/install/techman_robot_msgs/share/techman_robot_msgs/package.dsv'
[1.113s] INFO:colcon.colcon_core.shell:Creating package script '/home/rslomron/tm_custom/install/techman_robot_msgs/share/techman_robot_msgs/package.sh'
[1.113s] INFO:colcon.colcon_core.shell:Creating package script '/home/rslomron/tm_custom/install/techman_robot_msgs/share/techman_robot_msgs/package.bash'
[1.114s] INFO:colcon.colcon_core.shell:Creating package script '/home/rslomron/tm_custom/install/techman_robot_msgs/share/techman_robot_msgs/package.zsh'
[1.114s] Level 1:colcon.colcon_core.environment:create_file_with_runtime_dependencies(/home/rslomron/tm_custom/install/techman_robot_msgs/share/colcon-core/packages/techman_robot_msgs)
[1.120s] DEBUG:colcon.colcon_core.event_handler.log_command:Invoking command in '/home/rslomron/tm_custom/build/tm_description': CMAKE_PREFIX_PATH=${CMAKE_PREFIX_PATH}:/home/rslomron/tm_custom/install/tm_mod_urdf:/home/rslomron/tm_custom/install/tm_get_status:/opt/ros/humble /usr/bin/cmake --install /home/rslomron/tm_custom/build/tm_description
[1.120s] Level 1:colcon.colcon_core.environment:create_environment_scripts_only(demo)
[1.121s] Level 1:colcon.colcon_core.environment:checking '/home/rslomron/tm_custom/install/demo' for CMake module files
[1.121s] DEBUG:colcon.colcon_core.event_handler.log_command:Invoked command in '/home/rslomron/tm_custom/build/demo' returned '0': CMAKE_PREFIX_PATH=${CMAKE_PREFIX_PATH}:/home/rslomron/tm_custom/install/tm_mod_urdf:/home/rslomron/tm_custom/install/tm_get_status:/opt/ros/humble /usr/bin/cmake --install /home/rslomron/tm_custom/build/demo
[1.122s] Level 1:colcon.colcon_core.environment:checking '/home/rslomron/tm_custom/install/demo' for CMake config files
[1.122s] Level 1:colcon.colcon_core.shell:create_environment_hook('demo', 'cmake_prefix_path')
[1.123s] INFO:colcon.colcon_core.shell:Creating environment hook '/home/rslomron/tm_custom/install/demo/share/demo/hook/cmake_prefix_path.ps1'
[1.123s] INFO:colcon.colcon_core.shell:Creating environment descriptor '/home/rslomron/tm_custom/install/demo/share/demo/hook/cmake_prefix_path.dsv'
[1.124s] INFO:colcon.colcon_core.shell:Creating environment hook '/home/rslomron/tm_custom/install/demo/share/demo/hook/cmake_prefix_path.sh'
[1.125s] Level 1:colcon.colcon_core.environment:checking '/home/rslomron/tm_custom/install/demo/bin'
[1.125s] Level 1:colcon.colcon_core.environment:checking '/home/rslomron/tm_custom/install/demo/lib/pkgconfig/demo.pc'
[1.125s] Level 1:colcon.colcon_core.environment:checking '/home/rslomron/tm_custom/install/demo/lib/python3.10/site-packages'
[1.126s] Level 1:colcon.colcon_core.environment:checking '/home/rslomron/tm_custom/install/demo/bin'
[1.126s] INFO:colcon.colcon_core.shell:Creating package script '/home/rslomron/tm_custom/install/demo/share/demo/package.ps1'
[1.127s] INFO:colcon.colcon_core.shell:Creating package descriptor '/home/rslomron/tm_custom/install/demo/share/demo/package.dsv'
[1.128s] INFO:colcon.colcon_core.shell:Creating package script '/home/rslomron/tm_custom/install/demo/share/demo/package.sh'
[1.129s] INFO:colcon.colcon_core.shell:Creating package script '/home/rslomron/tm_custom/install/demo/share/demo/package.bash'
[1.129s] INFO:colcon.colcon_core.shell:Creating package script '/home/rslomron/tm_custom/install/demo/share/demo/package.zsh'
[1.129s] Level 1:colcon.colcon_core.environment:create_file_with_runtime_dependencies(/home/rslomron/tm_custom/install/demo/share/colcon-core/packages/demo)
[1.131s] Level 1:colcon.colcon_core.environment:create_environment_scripts_only(tm_description)
[1.131s] Level 1:colcon.colcon_core.environment:checking '/home/rslomron/tm_custom/install/tm_description' for CMake module files
[1.132s] DEBUG:colcon.colcon_core.event_handler.log_command:Invoked command in '/home/rslomron/tm_custom/build/tm_description' returned '0': CMAKE_PREFIX_PATH=${CMAKE_PREFIX_PATH}:/home/rslomron/tm_custom/install/tm_mod_urdf:/home/rslomron/tm_custom/install/tm_get_status:/opt/ros/humble /usr/bin/cmake --install /home/rslomron/tm_custom/build/tm_description
[1.132s] Level 1:colcon.colcon_core.environment:checking '/home/rslomron/tm_custom/install/tm_description' for CMake config files
[1.132s] Level 1:colcon.colcon_core.shell:create_environment_hook('tm_description', 'cmake_prefix_path')
[1.133s] INFO:colcon.colcon_core.shell:Creating environment hook '/home/rslomron/tm_custom/install/tm_description/share/tm_description/hook/cmake_prefix_path.ps1'
[1.133s] INFO:colcon.colcon_core.shell:Creating environment descriptor '/home/rslomron/tm_custom/install/tm_description/share/tm_description/hook/cmake_prefix_path.dsv'
[1.133s] INFO:colcon.colcon_core.shell:Creating environment hook '/home/rslomron/tm_custom/install/tm_description/share/tm_description/hook/cmake_prefix_path.sh'
[1.134s] Level 1:colcon.colcon_core.environment:checking '/home/rslomron/tm_custom/install/tm_description/bin'
[1.134s] Level 1:colcon.colcon_core.environment:checking '/home/rslomron/tm_custom/install/tm_description/lib/pkgconfig/tm_description.pc'
[1.134s] Level 1:colcon.colcon_core.environment:checking '/home/rslomron/tm_custom/install/tm_description/lib/python3.10/site-packages'
[1.134s] Level 1:colcon.colcon_core.environment:checking '/home/rslomron/tm_custom/install/tm_description/bin'
[1.135s] INFO:colcon.colcon_core.shell:Creating package script '/home/rslomron/tm_custom/install/tm_description/share/tm_description/package.ps1'
[1.135s] INFO:colcon.colcon_core.shell:Creating package descriptor '/home/rslomron/tm_custom/install/tm_description/share/tm_description/package.dsv'
[1.136s] INFO:colcon.colcon_core.shell:Creating package script '/home/rslomron/tm_custom/install/tm_description/share/tm_description/package.sh'
[1.136s] INFO:colcon.colcon_core.shell:Creating package script '/home/rslomron/tm_custom/install/tm_description/share/tm_description/package.bash'
[1.136s] INFO:colcon.colcon_core.shell:Creating package script '/home/rslomron/tm_custom/install/tm_description/share/tm_description/package.zsh'
[1.136s] Level 1:colcon.colcon_core.environment:create_file_with_runtime_dependencies(/home/rslomron/tm_custom/install/tm_description/share/colcon-core/packages/tm_description)
[1.138s] Level 1:colcon.colcon_core.environment:create_environment_scripts_only(techman_robot_msgs)
[1.138s] Level 1:colcon.colcon_core.environment:checking '/home/rslomron/tm_custom/install/techman_robot_msgs' for CMake module files
[1.139s] Level 1:colcon.colcon_core.environment:checking '/home/rslomron/tm_custom/install/techman_robot_msgs' for CMake config files
[1.139s] Level 1:colcon.colcon_core.shell:create_environment_hook('techman_robot_msgs', 'cmake_prefix_path')
[1.139s] INFO:colcon.colcon_core.shell:Creating environment hook '/home/rslomron/tm_custom/install/techman_robot_msgs/share/techman_robot_msgs/hook/cmake_prefix_path.ps1'
[1.140s] INFO:colcon.colcon_core.shell:Creating environment descriptor '/home/rslomron/tm_custom/install/techman_robot_msgs/share/techman_robot_msgs/hook/cmake_prefix_path.dsv'
[1.140s] INFO:colcon.colcon_core.shell:Creating environment hook '/home/rslomron/tm_custom/install/techman_robot_msgs/share/techman_robot_msgs/hook/cmake_prefix_path.sh'
[1.140s] Level 1:colcon.colcon_core.environment:checking '/home/rslomron/tm_custom/install/techman_robot_msgs/bin'
[1.140s] Level 1:colcon.colcon_core.environment:checking '/home/rslomron/tm_custom/install/techman_robot_msgs/lib/pkgconfig/techman_robot_msgs.pc'
[1.141s] Level 1:colcon.colcon_core.environment:checking '/home/rslomron/tm_custom/install/techman_robot_msgs/lib/python3.10/site-packages'
[1.141s] Level 1:colcon.colcon_core.environment:checking '/home/rslomron/tm_custom/install/techman_robot_msgs/bin'
[1.141s] INFO:colcon.colcon_core.shell:Creating package script '/home/rslomron/tm_custom/install/techman_robot_msgs/share/techman_robot_msgs/package.ps1'
[1.142s] INFO:colcon.colcon_core.shell:Creating package descriptor '/home/rslomron/tm_custom/install/techman_robot_msgs/share/techman_robot_msgs/package.dsv'
[1.142s] INFO:colcon.colcon_core.shell:Creating package script '/home/rslomron/tm_custom/install/techman_robot_msgs/share/techman_robot_msgs/package.sh'
[1.142s] INFO:colcon.colcon_core.shell:Creating package script '/home/rslomron/tm_custom/install/techman_robot_msgs/share/techman_robot_msgs/package.bash'
[1.143s] INFO:colcon.colcon_core.shell:Creating package script '/home/rslomron/tm_custom/install/techman_robot_msgs/share/techman_robot_msgs/package.zsh'
[1.143s] Level 1:colcon.colcon_core.environment:create_file_with_runtime_dependencies(/home/rslomron/tm_custom/install/techman_robot_msgs/share/colcon-core/packages/techman_robot_msgs)
[1.149s] Level 1:colcon.colcon_core.environment:create_environment_scripts_only(demo)
[1.149s] Level 1:colcon.colcon_core.environment:checking '/home/rslomron/tm_custom/install/demo' for CMake module files
[1.149s] Level 1:colcon.colcon_core.environment:checking '/home/rslomron/tm_custom/install/demo' for CMake config files
[1.150s] Level 1:colcon.colcon_core.shell:create_environment_hook('demo', 'cmake_prefix_path')
[1.150s] INFO:colcon.colcon_core.shell:Creating environment hook '/home/rslomron/tm_custom/install/demo/share/demo/hook/cmake_prefix_path.ps1'
[1.150s] INFO:colcon.colcon_core.shell:Creating environment descriptor '/home/rslomron/tm_custom/install/demo/share/demo/hook/cmake_prefix_path.dsv'
[1.151s] INFO:colcon.colcon_core.shell:Creating environment hook '/home/rslomron/tm_custom/install/demo/share/demo/hook/cmake_prefix_path.sh'
[1.151s] Level 1:colcon.colcon_core.environment:checking '/home/rslomron/tm_custom/install/demo/bin'
[1.151s] Level 1:colcon.colcon_core.environment:checking '/home/rslomron/tm_custom/install/demo/lib/pkgconfig/demo.pc'
[1.151s] Level 1:colcon.colcon_core.environment:checking '/home/rslomron/tm_custom/install/demo/lib/python3.10/site-packages'
[1.152s] Level 1:colcon.colcon_core.environment:checking '/home/rslomron/tm_custom/install/demo/bin'
[1.152s] INFO:colcon.colcon_core.shell:Creating package script '/home/rslomron/tm_custom/install/demo/share/demo/package.ps1'
[1.152s] INFO:colcon.colcon_core.shell:Creating package descriptor '/home/rslomron/tm_custom/install/demo/share/demo/package.dsv'
[1.153s] INFO:colcon.colcon_core.shell:Creating package script '/home/rslomron/tm_custom/install/demo/share/demo/package.sh'
[1.153s] INFO:colcon.colcon_core.shell:Creating package script '/home/rslomron/tm_custom/install/demo/share/demo/package.bash'
[1.153s] INFO:colcon.colcon_core.shell:Creating package script '/home/rslomron/tm_custom/install/demo/share/demo/package.zsh'
[1.154s] Level 1:colcon.colcon_core.environment:create_file_with_runtime_dependencies(/home/rslomron/tm_custom/install/demo/share/colcon-core/packages/demo)
[1.156s] Level 1:colcon.colcon_core.environment:create_environment_scripts_only(tm_description)
[1.156s] Level 1:colcon.colcon_core.environment:checking '/home/rslomron/tm_custom/install/tm_description' for CMake module files
[1.157s] Level 1:colcon.colcon_core.environment:checking '/home/rslomron/tm_custom/install/tm_description' for CMake config files
[1.157s] Level 1:colcon.colcon_core.shell:create_environment_hook('tm_description', 'cmake_prefix_path')
[1.157s] INFO:colcon.colcon_core.shell:Creating environment hook '/home/rslomron/tm_custom/install/tm_description/share/tm_description/hook/cmake_prefix_path.ps1'
[1.157s] INFO:colcon.colcon_core.shell:Creating environment descriptor '/home/rslomron/tm_custom/install/tm_description/share/tm_description/hook/cmake_prefix_path.dsv'
[1.158s] INFO:colcon.colcon_core.shell:Creating environment hook '/home/rslomron/tm_custom/install/tm_description/share/tm_description/hook/cmake_prefix_path.sh'
[1.158s] Level 1:colcon.colcon_core.environment:checking '/home/rslomron/tm_custom/install/tm_description/bin'
[1.158s] Level 1:colcon.colcon_core.environment:checking '/home/rslomron/tm_custom/install/tm_description/lib/pkgconfig/tm_description.pc'
[1.159s] Level 1:colcon.colcon_core.environment:checking '/home/rslomron/tm_custom/install/tm_description/lib/python3.10/site-packages'
[1.159s] Level 1:colcon.colcon_core.environment:checking '/home/rslomron/tm_custom/install/tm_description/bin'
[1.159s] INFO:colcon.colcon_core.shell:Creating package script '/home/rslomron/tm_custom/install/tm_description/share/tm_description/package.ps1'
[1.160s] INFO:colcon.colcon_core.shell:Creating package descriptor '/home/rslomron/tm_custom/install/tm_description/share/tm_description/package.dsv'
[1.160s] INFO:colcon.colcon_core.shell:Creating package script '/home/rslomron/tm_custom/install/tm_description/share/tm_description/package.sh'
[1.160s] INFO:colcon.colcon_core.shell:Creating package script '/home/rslomron/tm_custom/install/tm_description/share/tm_description/package.bash'
[1.161s] INFO:colcon.colcon_core.shell:Creating package script '/home/rslomron/tm_custom/install/tm_description/share/tm_description/package.zsh'
[1.161s] Level 1:colcon.colcon_core.environment:create_file_with_runtime_dependencies(/home/rslomron/tm_custom/install/tm_description/share/colcon-core/packages/tm_description)
[1.161s] DEBUG:colcon.colcon_parallel_executor.executor.parallel:closing loop
[1.162s] DEBUG:colcon.colcon_parallel_executor.executor.parallel:loop closed
[1.162s] DEBUG:colcon.colcon_parallel_executor.executor.parallel:run_until_complete finished with '0'
[1.162s] DEBUG:colcon.colcon_core.event_reactor:joining thread
[1.168s] INFO:colcon.colcon_core.plugin_system:Skipping extension 'colcon_notification.desktop_notification.terminal_notifier': Not used on non-Darwin systems
[1.168s] INFO:colcon.colcon_core.plugin_system:Skipping extension 'colcon_notification.desktop_notification.win32': Not used on non-Windows systems
[1.168s] INFO:colcon.colcon_notification.desktop_notification:Sending desktop notification using 'notify2'
[1.179s] DEBUG:colcon.colcon_core.event_reactor:joined thread
[1.179s] INFO:colcon.colcon_core.shell:Creating prefix script '/home/rslomron/tm_custom/install/local_setup.ps1'
[1.180s] INFO:colcon.colcon_core.shell:Creating prefix util module '/home/rslomron/tm_custom/install/_local_setup_util_ps1.py'
[1.181s] INFO:colcon.colcon_core.shell:Creating prefix chain script '/home/rslomron/tm_custom/install/setup.ps1'
[1.182s] INFO:colcon.colcon_core.shell:Creating prefix script '/home/rslomron/tm_custom/install/local_setup.sh'
[1.183s] INFO:colcon.colcon_core.shell:Creating prefix util module '/home/rslomron/tm_custom/install/_local_setup_util_sh.py'
[1.183s] INFO:colcon.colcon_core.shell:Creating prefix chain script '/home/rslomron/tm_custom/install/setup.sh'
[1.184s] INFO:colcon.colcon_core.shell:Creating prefix script '/home/rslomron/tm_custom/install/local_setup.bash'
[1.185s] INFO:colcon.colcon_core.shell:Creating prefix chain script '/home/rslomron/tm_custom/install/setup.bash'
[1.186s] INFO:colcon.colcon_core.shell:Creating prefix script '/home/rslomron/tm_custom/install/local_setup.zsh'
[1.186s] INFO:colcon.colcon_core.shell:Creating prefix chain script '/home/rslomron/tm_custom/install/setup.zsh'
