[0.038s] Invoking command in '/home/rslomron/MoMa/tm_custom/build/tm_msgs': CMAKE_PREFIX_PATH=/opt/ros/humble /usr/bin/cmake --build /home/rslomron/MoMa/tm_custom/build/tm_msgs -- -j8 -l8
[2.411s] [35m[1mConsolidate compiler generated dependencies of target tm_msgs__rosidl_generator_c[0m
[2.411s] [  0%] Built target tm_msgs__cpp
[2.411s] [ 12%] Built target tm_msgs__rosidl_generator_c
[2.411s] [35m[1mConsolidate compiler generated dependencies of target tm_msgs__rosidl_typesupport_introspection_cpp[0m
[2.411s] [ 12%] Built target ament_cmake_python_copy_tm_msgs
[2.411s] [35m[1mConsolidate compiler generated dependencies of target tm_msgs__rosidl_typesupport_fastrtps_cpp[0m
[2.411s] [35m[1mConsolidate compiler generated dependencies of target tm_msgs__rosidl_typesupport_c[0m
[2.412s] [35m[1mConsolidate compiler generated dependencies of target tm_msgs__rosidl_typesupport_cpp[0m
[2.412s] [35m[1mConsolidate compiler generated dependencies of target tm_msgs__rosidl_typesupport_introspection_c[0m
[2.412s] [35m[1mConsolidate compiler generated dependencies of target tm_msgs__rosidl_typesupport_fastrtps_c[0m
[2.412s] [ 24%] Built target tm_msgs__rosidl_typesupport_introspection_cpp
[2.412s] [ 36%] Built target tm_msgs__rosidl_typesupport_c
[2.412s] [ 47%] Built target tm_msgs__rosidl_typesupport_fastrtps_cpp
[2.412s] [ 59%] Built target tm_msgs__rosidl_typesupport_introspection_c
[2.413s] [ 71%] Built target tm_msgs__rosidl_typesupport_cpp
[2.413s] [ 83%] Built target tm_msgs__rosidl_typesupport_fastrtps_c
[2.413s] [ 83%] Built target tm_msgs
[2.413s] [ 84%] Built target tm_msgs__py
[2.413s] [35m[1mConsolidate compiler generated dependencies of target tm_msgs__rosidl_generator_py[0m
[2.413s] [ 95%] Built target tm_msgs__rosidl_generator_py
[2.415s] [35m[1mConsolidate compiler generated dependencies of target tm_msgs__rosidl_typesupport_fastrtps_c__pyext[0m
[2.415s] [35m[1mConsolidate compiler generated dependencies of target tm_msgs__rosidl_typesupport_introspection_c__pyext[0m
[2.415s] [35m[1mConsolidate compiler generated dependencies of target tm_msgs__rosidl_typesupport_c__pyext[0m
[2.415s] [ 97%] Built target tm_msgs__rosidl_typesupport_introspection_c__pyext
[2.415s] [ 99%] Built target tm_msgs__rosidl_typesupport_fastrtps_c__pyext
[2.415s] [100%] Built target tm_msgs__rosidl_typesupport_c__pyext
[2.415s] running egg_info
[2.416s] writing tm_msgs.egg-info/PKG-INFO
[2.416s] writing dependency_links to tm_msgs.egg-info/dependency_links.txt
[2.416s] writing top-level names to tm_msgs.egg-info/top_level.txt
[2.416s] reading manifest file 'tm_msgs.egg-info/SOURCES.txt'
[2.416s] writing manifest file 'tm_msgs.egg-info/SOURCES.txt'
[2.416s] [100%] Built target ament_cmake_python_build_tm_msgs_egg
[2.445s] Invoked command in '/home/rslomron/MoMa/tm_custom/build/tm_msgs' returned '0': CMAKE_PREFIX_PATH=/opt/ros/humble /usr/bin/cmake --build /home/rslomron/MoMa/tm_custom/build/tm_msgs -- -j8 -l8
