[0.024s] Invoking command in '/home/rslomron/tm_custom/build/tm_description': CMAKE_PREFIX_PATH=/opt/ros/humble /usr/bin/cmake --build /home/rslomron/tm_custom/build/tm_description -- -j8 -l8
[0.666s] Invoked command in '/home/rslomron/tm_custom/build/tm_description' returned '0': CMAKE_PREFIX_PATH=/opt/ros/humble /usr/bin/cmake --build /home/rslomron/tm_custom/build/tm_description -- -j8 -l8
[0.695s] Invoking command in '/home/rslomron/tm_custom/build/tm_description': CMAKE_PREFIX_PATH=/opt/ros/humble /usr/bin/cmake --install /home/rslomron/tm_custom/build/tm_description
[0.706s] -- Install configuration: ""
[0.706s] -- Up-to-date: /home/rslomron/tm_custom/install/tm_description/share/ament_index/resource_index/package_run_dependencies/tm_description
[0.706s] -- Up-to-date: /home/rslomron/tm_custom/install/tm_description/share/ament_index/resource_index/parent_prefix_path/tm_description
[0.707s] -- Up-to-date: /home/rslomron/tm_custom/install/tm_description/share/tm_description/environment/ament_prefix_path.sh
[0.707s] -- Up-to-date: /home/rslomron/tm_custom/install/tm_description/share/tm_description/environment/ament_prefix_path.dsv
[0.707s] -- Up-to-date: /home/rslomron/tm_custom/install/tm_description/share/tm_description/environment/path.sh
[0.707s] -- Up-to-date: /home/rslomron/tm_custom/install/tm_description/share/tm_description/environment/path.dsv
[0.708s] -- Up-to-date: /home/rslomron/tm_custom/install/tm_description/share/tm_description/local_setup.bash
[0.708s] -- Up-to-date: /home/rslomron/tm_custom/install/tm_description/share/tm_description/local_setup.sh
[0.709s] -- Up-to-date: /home/rslomron/tm_custom/install/tm_description/share/tm_description/local_setup.zsh
[0.710s] -- Up-to-date: /home/rslomron/tm_custom/install/tm_description/share/tm_description/local_setup.dsv
[0.710s] -- Installing: /home/rslomron/tm_custom/install/tm_description/share/tm_description/package.dsv
[0.711s] -- Up-to-date: /home/rslomron/tm_custom/install/tm_description/share/ament_index/resource_index/packages/tm_description
[0.711s] -- Up-to-date: /home/rslomron/tm_custom/install/tm_description/share/tm_description/cmake/tm_descriptionConfig.cmake
[0.711s] -- Up-to-date: /home/rslomron/tm_custom/install/tm_description/share/tm_description/cmake/tm_descriptionConfig-version.cmake
[0.711s] -- Up-to-date: /home/rslomron/tm_custom/install/tm_description/share/tm_description/package.xml
[0.711s] -- Up-to-date: /home/rslomron/tm_custom/install/tm_description/share/tm_description/meshes
[0.711s] -- Up-to-date: /home/rslomron/tm_custom/install/tm_description/share/tm_description/meshes/tm5-700
[0.712s] -- Up-to-date: /home/rslomron/tm_custom/install/tm_description/share/tm_description/meshes/tm5-700/collision
[0.712s] -- Up-to-date: /home/rslomron/tm_custom/install/tm_description/share/tm_description/meshes/tm5-700/collision/tm5-700_arm2_c.stl
[0.713s] -- Up-to-date: /home/rslomron/tm_custom/install/tm_description/share/tm_description/meshes/tm5-700/collision/tm5-700_arm1_c.stl
[0.713s] -- Up-to-date: /home/rslomron/tm_custom/install/tm_description/share/tm_description/meshes/tm5-700/visual
[0.713s] -- Up-to-date: /home/rslomron/tm_custom/install/tm_description/share/tm_description/meshes/tm5-700/visual/tm5-700_arm1.stl
[0.714s] -- Up-to-date: /home/rslomron/tm_custom/install/tm_description/share/tm_description/meshes/tm5-700/visual/tm5-700_arm1.mtl
[0.715s] -- Up-to-date: /home/rslomron/tm_custom/install/tm_description/share/tm_description/meshes/tm5-700/visual/tm5-700_arm2.stl
[0.715s] -- Up-to-date: /home/rslomron/tm_custom/install/tm_description/share/tm_description/meshes/tm5-700/visual/tm5-700_arm1.obj
[0.715s] -- Up-to-date: /home/rslomron/tm_custom/install/tm_description/share/tm_description/meshes/tm5-700/visual/tm5-700_arm2.obj
[0.715s] -- Up-to-date: /home/rslomron/tm_custom/install/tm_description/share/tm_description/meshes/tm5-700/visual/tm5-700_arm2.mtl
[0.716s] -- Up-to-date: /home/rslomron/tm_custom/install/tm_description/share/tm_description/meshes/tm12
[0.716s] -- Up-to-date: /home/rslomron/tm_custom/install/tm_description/share/tm_description/meshes/tm12/collision
[0.716s] -- Up-to-date: /home/rslomron/tm_custom/install/tm_description/share/tm_description/meshes/tm12/collision/tm12-arm1_c.stl
[0.717s] -- Up-to-date: /home/rslomron/tm_custom/install/tm_description/share/tm_description/meshes/tm12/collision/tmr_750w_01_c.stl
[0.717s] -- Up-to-date: /home/rslomron/tm_custom/install/tm_description/share/tm_description/meshes/tm12/collision/tm12-base_c.stl
[0.717s] -- Up-to-date: /home/rslomron/tm_custom/install/tm_description/share/tm_description/meshes/tm12/collision/tm12-arm2_c.stl
[0.717s] -- Up-to-date: /home/rslomron/tm_custom/install/tm_description/share/tm_description/meshes/tm12/visual
[0.718s] -- Up-to-date: /home/rslomron/tm_custom/install/tm_description/share/tm_description/meshes/tm12/visual/tm12-arm1.mtl
[0.718s] -- Up-to-date: /home/rslomron/tm_custom/install/tm_description/share/tm_description/meshes/tm12/visual/tm12-base.mtl
[0.718s] -- Up-to-date: /home/rslomron/tm_custom/install/tm_description/share/tm_description/meshes/tm12/visual/tm12-base.obj
[0.719s] -- Up-to-date: /home/rslomron/tm_custom/install/tm_description/share/tm_description/meshes/tm12/visual/tm12-base.stl
[0.719s] -- Up-to-date: /home/rslomron/tm_custom/install/tm_description/share/tm_description/meshes/tm12/visual/tm12-arm2.stl
[0.719s] -- Up-to-date: /home/rslomron/tm_custom/install/tm_description/share/tm_description/meshes/tm12/visual/tm12-arm2.obj
[0.719s] -- Up-to-date: /home/rslomron/tm_custom/install/tm_description/share/tm_description/meshes/tm12/visual/tm12-arm2.mtl
[0.720s] -- Up-to-date: /home/rslomron/tm_custom/install/tm_description/share/tm_description/meshes/tm12/visual/tmr_750w_01.obj
[0.720s] -- Up-to-date: /home/rslomron/tm_custom/install/tm_description/share/tm_description/meshes/tm12/visual/tm12-arm1.stl
[0.720s] -- Up-to-date: /home/rslomron/tm_custom/install/tm_description/share/tm_description/meshes/tm12/visual/tm12-arm1.obj
[0.720s] -- Up-to-date: /home/rslomron/tm_custom/install/tm_description/share/tm_description/meshes/tm12/visual/tmr_750w_01.stl
[0.720s] -- Up-to-date: /home/rslomron/tm_custom/install/tm_description/share/tm_description/meshes/tm12/visual/tmr_750w_01.mtl
[0.720s] -- Up-to-date: /home/rslomron/tm_custom/install/tm_description/share/tm_description/meshes/tm5-900
[0.720s] -- Up-to-date: /home/rslomron/tm_custom/install/tm_description/share/tm_description/meshes/tm5-900/collision
[0.720s] -- Up-to-date: /home/rslomron/tm_custom/install/tm_description/share/tm_description/meshes/tm5-900/collision/tm5-900_arm1_c.stl
[0.720s] -- Up-to-date: /home/rslomron/tm_custom/install/tm_description/share/tm_description/meshes/tm5-900/collision/tmr_400w_01_c.stl
[0.721s] -- Up-to-date: /home/rslomron/tm_custom/install/tm_description/share/tm_description/meshes/tm5-900/collision/tmr_iox_c.stl
[0.721s] -- Up-to-date: /home/rslomron/tm_custom/install/tm_description/share/tm_description/meshes/tm5-900/collision/tmr_100w_01_c.stl
[0.721s] -- Up-to-date: /home/rslomron/tm_custom/install/tm_description/share/tm_description/meshes/tm5-900/collision/tm5-900_arm2_c.stl
[0.721s] -- Up-to-date: /home/rslomron/tm_custom/install/tm_description/share/tm_description/meshes/tm5-900/collision/tmr_100w_02_c.stl
[0.721s] -- Up-to-date: /home/rslomron/tm_custom/install/tm_description/share/tm_description/meshes/tm5-900/collision/tmr_ee_c.stl
[0.721s] -- Up-to-date: /home/rslomron/tm_custom/install/tm_description/share/tm_description/meshes/tm5-900/collision/tm5-base_c.stl
[0.722s] -- Up-to-date: /home/rslomron/tm_custom/install/tm_description/share/tm_description/meshes/tm5-900/visual
[0.722s] -- Up-to-date: /home/rslomron/tm_custom/install/tm_description/share/tm_description/meshes/tm5-900/visual/tmr_100w_02.stl
[0.723s] -- Up-to-date: /home/rslomron/tm_custom/install/tm_description/share/tm_description/meshes/tm5-900/visual/tmr_100w_02.mtl
[0.723s] -- Up-to-date: /home/rslomron/tm_custom/install/tm_description/share/tm_description/meshes/tm5-900/visual/tmr_100w_01.obj
[0.724s] -- Up-to-date: /home/rslomron/tm_custom/install/tm_description/share/tm_description/meshes/tm5-900/visual/tmr_iox.stl
[0.724s] -- Up-to-date: /home/rslomron/tm_custom/install/tm_description/share/tm_description/meshes/tm5-900/visual/tmr_100w_01.stl
[0.724s] -- Up-to-date: /home/rslomron/tm_custom/install/tm_description/share/tm_description/meshes/tm5-900/visual/tmr_400w_01.stl
[0.724s] -- Up-to-date: /home/rslomron/tm_custom/install/tm_description/share/tm_description/meshes/tm5-900/visual/tmr_ee.mtl
[0.725s] -- Up-to-date: /home/rslomron/tm_custom/install/tm_description/share/tm_description/meshes/tm5-900/visual/tmr_400w_01.obj
[0.725s] -- Up-to-date: /home/rslomron/tm_custom/install/tm_description/share/tm_description/meshes/tm5-900/visual/tm5-900_arm1.stl
[0.725s] -- Up-to-date: /home/rslomron/tm_custom/install/tm_description/share/tm_description/meshes/tm5-900/visual/tmr_100w_02.obj
[0.725s] -- Up-to-date: /home/rslomron/tm_custom/install/tm_description/share/tm_description/meshes/tm5-900/visual/tm5-900_arm1.mtl
[0.725s] -- Up-to-date: /home/rslomron/tm_custom/install/tm_description/share/tm_description/meshes/tm5-900/visual/tm5-900_arm2.stl
[0.726s] -- Up-to-date: /home/rslomron/tm_custom/install/tm_description/share/tm_description/meshes/tm5-900/visual/tm5-base.stl
[0.726s] -- Up-to-date: /home/rslomron/tm_custom/install/tm_description/share/tm_description/meshes/tm5-900/visual/tmr_400w_01.mtl
[0.726s] -- Up-to-date: /home/rslomron/tm_custom/install/tm_description/share/tm_description/meshes/tm5-900/visual/tm5-base.mtl
[0.726s] -- Up-to-date: /home/rslomron/tm_custom/install/tm_description/share/tm_description/meshes/tm5-900/visual/tm5-900_arm2.mtl
[0.726s] -- Up-to-date: /home/rslomron/tm_custom/install/tm_description/share/tm_description/meshes/tm5-900/visual/tmr_ee.stl
[0.727s] -- Up-to-date: /home/rslomron/tm_custom/install/tm_description/share/tm_description/meshes/tm5-900/visual/tmr_iox.obj
[0.727s] -- Up-to-date: /home/rslomron/tm_custom/install/tm_description/share/tm_description/meshes/tm5-900/visual/tm5-base.obj
[0.728s] -- Up-to-date: /home/rslomron/tm_custom/install/tm_description/share/tm_description/meshes/tm5-900/visual/tmr_ee.obj
[0.728s] -- Up-to-date: /home/rslomron/tm_custom/install/tm_description/share/tm_description/meshes/tm5-900/visual/tmr_100w_01.mtl
[0.729s] -- Up-to-date: /home/rslomron/tm_custom/install/tm_description/share/tm_description/meshes/tm5-900/visual/tmr_iox.mtl
[0.730s] -- Up-to-date: /home/rslomron/tm_custom/install/tm_description/share/tm_description/meshes/tm5-900/visual/tm5-900_arm1.obj
[0.730s] -- Up-to-date: /home/rslomron/tm_custom/install/tm_description/share/tm_description/meshes/tm5-900/visual/tm5-900_arm2.obj
[0.731s] -- Up-to-date: /home/rslomron/tm_custom/install/tm_description/share/tm_description/meshes/tm14
[0.732s] -- Up-to-date: /home/rslomron/tm_custom/install/tm_description/share/tm_description/meshes/tm14/collision
[0.734s] -- Up-to-date: /home/rslomron/tm_custom/install/tm_description/share/tm_description/meshes/tm14/collision/tm14_arm1_c.stl
[0.734s] -- Up-to-date: /home/rslomron/tm_custom/install/tm_description/share/tm_description/meshes/tm14/collision/tm14_arm2_c.stl
[0.734s] -- Up-to-date: /home/rslomron/tm_custom/install/tm_description/share/tm_description/meshes/tm14/visual
[0.735s] -- Up-to-date: /home/rslomron/tm_custom/install/tm_description/share/tm_description/meshes/tm14/visual/tm14_arm2.mtl
[0.736s] -- Up-to-date: /home/rslomron/tm_custom/install/tm_description/share/tm_description/meshes/tm14/visual/tm14_arm2.stl
[0.736s] -- Up-to-date: /home/rslomron/tm_custom/install/tm_description/share/tm_description/meshes/tm14/visual/tm14_arm1.obj
[0.736s] -- Up-to-date: /home/rslomron/tm_custom/install/tm_description/share/tm_description/meshes/tm14/visual/tm14_arm2.obj
[0.737s] -- Up-to-date: /home/rslomron/tm_custom/install/tm_description/share/tm_description/meshes/tm14/visual/tm14_arm1.stl
[0.737s] -- Up-to-date: /home/rslomron/tm_custom/install/tm_description/share/tm_description/meshes/tm14/visual/tm14_arm1.mtl
[0.737s] -- Up-to-date: /home/rslomron/tm_custom/install/tm_description/share/tm_description/urdf
[0.738s] -- Up-to-date: /home/rslomron/tm_custom/install/tm_description/share/tm_description/urdf/tm14x-nominal.urdf
[0.738s] -- Up-to-date: /home/rslomron/tm_custom/install/tm_description/share/tm_description/urdf/tm12x-nominal.urdf
[0.739s] -- Up-to-date: /home/rslomron/tm_custom/install/tm_description/share/tm_description/urdf/tm5-700-nominal.urdf
[0.739s] -- Up-to-date: /home/rslomron/tm_custom/install/tm_description/share/tm_description/urdf/tm5x-900-nominal.urdf
[0.739s] -- Up-to-date: /home/rslomron/tm_custom/install/tm_description/share/tm_description/urdf/tm5x-700-nominal.urdf
[0.740s] -- Up-to-date: /home/rslomron/tm_custom/install/tm_description/share/tm_description/urdf/tm12-nominal.urdf
[0.740s] -- Up-to-date: /home/rslomron/tm_custom/install/tm_description/share/tm_description/urdf/tm5-900-nominal.urdf
[0.740s] -- Up-to-date: /home/rslomron/tm_custom/install/tm_description/share/tm_description/urdf/tm14-nominal.urdf
[0.741s] -- Up-to-date: /home/rslomron/tm_custom/install/tm_description/share/tm_description/urdf/tm5-900.urdf
[0.741s] -- Up-to-date: /home/rslomron/tm_custom/install/tm_description/share/tm_description/xacro
[0.741s] -- Up-to-date: /home/rslomron/tm_custom/install/tm_description/share/tm_description/xacro/tm12x.urdf.xacro
[0.741s] -- Up-to-date: /home/rslomron/tm_custom/install/tm_description/share/tm_description/xacro/macro.tm12-nominal.urdf.xacro
[0.742s] -- Up-to-date: /home/rslomron/tm_custom/install/tm_description/share/tm_description/xacro/macro.inertial.xacro
[0.742s] -- Up-to-date: /home/rslomron/tm_custom/install/tm_description/share/tm_description/xacro/tm5-900.urdf.xacro
[0.743s] -- Up-to-date: /home/rslomron/tm_custom/install/tm_description/share/tm_description/xacro/macro.tm5-900-nominal.urdf.xacro
[0.743s] -- Up-to-date: /home/rslomron/tm_custom/install/tm_description/share/tm_description/xacro/tm5x-900.urdf.xacro
[0.744s] -- Up-to-date: /home/rslomron/tm_custom/install/tm_description/share/tm_description/xacro/tm5-700.urdf.xacro
[0.744s] -- Up-to-date: /home/rslomron/tm_custom/install/tm_description/share/tm_description/xacro/tm14x.urdf.xacro
[0.745s] -- Up-to-date: /home/rslomron/tm_custom/install/tm_description/share/tm_description/xacro/macro.tm5x-700-nominal.urdf.xacro
[0.746s] -- Up-to-date: /home/rslomron/tm_custom/install/tm_description/share/tm_description/xacro/macro.tm5-700-nominal.urdf.xacro
[0.747s] -- Up-to-date: /home/rslomron/tm_custom/install/tm_description/share/tm_description/xacro/macro.tm12x-nominal.urdf.xacro
[0.748s] -- Up-to-date: /home/rslomron/tm_custom/install/tm_description/share/tm_description/xacro/macro.materials.xacro
[0.748s] -- Up-to-date: /home/rslomron/tm_custom/install/tm_description/share/tm_description/xacro/macro.tm5x-900-nominal.urdf.xacro
[0.748s] -- Up-to-date: /home/rslomron/tm_custom/install/tm_description/share/tm_description/xacro/macro.tm14-nominal.urdf.xacro
[0.748s] -- Up-to-date: /home/rslomron/tm_custom/install/tm_description/share/tm_description/xacro/tm12.urdf.xacro
[0.749s] -- Up-to-date: /home/rslomron/tm_custom/install/tm_description/share/tm_description/xacro/macro.gazebo.xacro
[0.749s] -- Up-to-date: /home/rslomron/tm_custom/install/tm_description/share/tm_description/xacro/tm14.urdf.xacro
[0.749s] -- Up-to-date: /home/rslomron/tm_custom/install/tm_description/share/tm_description/xacro/macro.tm14x-nominal.urdf.xacro
[0.749s] -- Up-to-date: /home/rslomron/tm_custom/install/tm_description/share/tm_description/xacro/tm5x-700.urdf.xacro
[0.749s] -- Up-to-date: /home/rslomron/tm_custom/install/tm_description/share/tm_description/xacro/macro.transmission.xacro
[0.749s] Invoked command in '/home/rslomron/tm_custom/build/tm_description' returned '0': CMAKE_PREFIX_PATH=/opt/ros/humble /usr/bin/cmake --install /home/rslomron/tm_custom/build/tm_description
