[0.024s] Invoking command in '/home/rslomron/tm_custom/build/demo': CMAKE_PREFIX_PATH=${CMAKE_PREFIX_PATH}:/home/rslomron/tm_custom/install/tm_mod_urdf:/home/rslomron/tm_custom/install/tm_get_status:/opt/ros/humble /usr/bin/cmake /home/rslomron/tm_custom/src/demo -DCMAKE_INSTALL_PREFIX=/home/rslomron/tm_custom/install/demo
[0.085s] -- The C compiler identification is GNU 11.4.0
[0.153s] -- The CXX compiler identification is GNU 11.4.0
[0.161s] -- Detecting C compiler ABI info
[0.228s] -- Detecting C compiler ABI info - done
[0.241s] -- Check for working C compiler: /usr/bin/cc - skipped
[0.242s] -- Detecting C compile features
[0.242s] -- Detecting C compile features - done
[0.247s] -- Detecting CXX compiler ABI info
[0.327s] -- Detecting CXX compiler ABI info - done
[0.342s] -- Check for working CXX compiler: /usr/bin/c++ - skipped
[0.342s] -- Detecting CXX compile features
[0.343s] -- Detecting CXX compile features - done
[0.345s] -- Found ament_cmake: 1.3.8 (/opt/ros/humble/share/ament_cmake/cmake)
[0.495s] -- Found Python3: /usr/bin/python3 (found version "3.10.12") found components: Interpreter 
[0.579s] -- Found ament_lint_auto: 0.12.10 (/opt/ros/humble/share/ament_lint_auto/cmake)
[0.663s] -- Added test 'lint_cmake' to check CMake code style
[0.665s] -- Added test 'xmllint' to check XML markup files
[0.666s] -- Configuring done
[0.668s] -- Generating done
[0.669s] -- Build files have been written to: /home/rslomron/tm_custom/build/demo
[0.673s] Invoked command in '/home/rslomron/tm_custom/build/demo' returned '0': CMAKE_PREFIX_PATH=${CMAKE_PREFIX_PATH}:/home/rslomron/tm_custom/install/tm_mod_urdf:/home/rslomron/tm_custom/install/tm_get_status:/opt/ros/humble /usr/bin/cmake /home/rslomron/tm_custom/src/demo -DCMAKE_INSTALL_PREFIX=/home/rslomron/tm_custom/install/demo
[0.675s] Invoking command in '/home/rslomron/tm_custom/build/demo': CMAKE_PREFIX_PATH=${CMAKE_PREFIX_PATH}:/home/rslomron/tm_custom/install/tm_mod_urdf:/home/rslomron/tm_custom/install/tm_get_status:/opt/ros/humble /usr/bin/cmake --build /home/rslomron/tm_custom/build/demo -- -j8 -l8
[0.710s] Invoked command in '/home/rslomron/tm_custom/build/demo' returned '0': CMAKE_PREFIX_PATH=${CMAKE_PREFIX_PATH}:/home/rslomron/tm_custom/install/tm_mod_urdf:/home/rslomron/tm_custom/install/tm_get_status:/opt/ros/humble /usr/bin/cmake --build /home/rslomron/tm_custom/build/demo -- -j8 -l8
[0.732s] Invoking command in '/home/rslomron/tm_custom/build/demo': CMAKE_PREFIX_PATH=${CMAKE_PREFIX_PATH}:/home/rslomron/tm_custom/install/tm_mod_urdf:/home/rslomron/tm_custom/install/tm_get_status:/opt/ros/humble /usr/bin/cmake --install /home/rslomron/tm_custom/build/demo
[0.740s] -- Install configuration: ""
[0.741s] -- Installing: /home/rslomron/tm_custom/install/demo/share/ament_index/resource_index/package_run_dependencies/demo
[0.741s] -- Installing: /home/rslomron/tm_custom/install/demo/share/ament_index/resource_index/parent_prefix_path/demo
[0.742s] -- Installing: /home/rslomron/tm_custom/install/demo/share/demo/environment/ament_prefix_path.sh
[0.743s] -- Installing: /home/rslomron/tm_custom/install/demo/share/demo/environment/ament_prefix_path.dsv
[0.743s] -- Installing: /home/rslomron/tm_custom/install/demo/share/demo/environment/path.sh
[0.743s] -- Installing: /home/rslomron/tm_custom/install/demo/share/demo/environment/path.dsv
[0.743s] -- Installing: /home/rslomron/tm_custom/install/demo/share/demo/local_setup.bash
[0.743s] -- Installing: /home/rslomron/tm_custom/install/demo/share/demo/local_setup.sh
[0.743s] -- Installing: /home/rslomron/tm_custom/install/demo/share/demo/local_setup.zsh
[0.744s] -- Installing: /home/rslomron/tm_custom/install/demo/share/demo/local_setup.dsv
[0.744s] -- Installing: /home/rslomron/tm_custom/install/demo/share/demo/package.dsv
[0.744s] -- Installing: /home/rslomron/tm_custom/install/demo/share/ament_index/resource_index/packages/demo
[0.744s] -- Installing: /home/rslomron/tm_custom/install/demo/share/demo/cmake/demoConfig.cmake
[0.745s] -- Installing: /home/rslomron/tm_custom/install/demo/share/demo/cmake/demoConfig-version.cmake
[0.745s] -- Installing: /home/rslomron/tm_custom/install/demo/share/demo/package.xml
[0.745s] Invoked command in '/home/rslomron/tm_custom/build/demo' returned '0': CMAKE_PREFIX_PATH=${CMAKE_PREFIX_PATH}:/home/rslomron/tm_custom/install/tm_mod_urdf:/home/rslomron/tm_custom/install/tm_get_status:/opt/ros/humble /usr/bin/cmake --install /home/rslomron/tm_custom/build/demo
