[0.981s] Invoking command in '/home/rslomron/tm_custom/src/tm_mod_urdf': PYTHONPATH=/home/rslomron/tm_custom/build/tm_mod_urdf/prefix_override:/home/rslomron/tm_custom/install/tm_mod_urdf/lib/python3.10/site-packages:${PYTHONPATH} /usr/bin/python3 -W ignore:setup.py install is deprecated setup.py egg_info --egg-base ../../build/tm_mod_urdf build --build-base /home/rslomron/tm_custom/build/tm_mod_urdf/build install --record /home/rslomron/tm_custom/build/tm_mod_urdf/install.log --single-version-externally-managed install_data
[1.217s] running egg_info
[1.218s] creating ../../build/tm_mod_urdf/tm_mod_urdf.egg-info
[1.218s] writing ../../build/tm_mod_urdf/tm_mod_urdf.egg-info/PKG-INFO
[1.218s] writing dependency_links to ../../build/tm_mod_urdf/tm_mod_urdf.egg-info/dependency_links.txt
[1.219s] writing entry points to ../../build/tm_mod_urdf/tm_mod_urdf.egg-info/entry_points.txt
[1.219s] writing requirements to ../../build/tm_mod_urdf/tm_mod_urdf.egg-info/requires.txt
[1.219s] writing top-level names to ../../build/tm_mod_urdf/tm_mod_urdf.egg-info/top_level.txt
[1.219s] writing manifest file '../../build/tm_mod_urdf/tm_mod_urdf.egg-info/SOURCES.txt'
[1.220s] reading manifest file '../../build/tm_mod_urdf/tm_mod_urdf.egg-info/SOURCES.txt'
[1.221s] writing manifest file '../../build/tm_mod_urdf/tm_mod_urdf.egg-info/SOURCES.txt'
[1.221s] running build
[1.221s] running build_py
[1.222s] creating /home/rslomron/tm_custom/build/tm_mod_urdf/build
[1.222s] creating /home/rslomron/tm_custom/build/tm_mod_urdf/build/lib
[1.222s] creating /home/rslomron/tm_custom/build/tm_mod_urdf/build/lib/tm_mod_urdf
[1.222s] copying tm_mod_urdf/__init__.py -> /home/rslomron/tm_custom/build/tm_mod_urdf/build/lib/tm_mod_urdf
[1.223s] running install
[1.224s] running install_lib
[1.224s] creating /home/rslomron/tm_custom/install/tm_mod_urdf/lib/python3.10/site-packages/tm_mod_urdf
[1.224s] copying /home/rslomron/tm_custom/build/tm_mod_urdf/build/lib/tm_mod_urdf/__init__.py -> /home/rslomron/tm_custom/install/tm_mod_urdf/lib/python3.10/site-packages/tm_mod_urdf
[1.225s] byte-compiling /home/rslomron/tm_custom/install/tm_mod_urdf/lib/python3.10/site-packages/tm_mod_urdf/__init__.py to __init__.cpython-310.pyc
[1.225s] running install_data
[1.226s] creating /home/rslomron/tm_custom/install/tm_mod_urdf/share/ament_index
[1.226s] creating /home/rslomron/tm_custom/install/tm_mod_urdf/share/ament_index/resource_index
[1.227s] creating /home/rslomron/tm_custom/install/tm_mod_urdf/share/ament_index/resource_index/packages
[1.227s] copying resource/tm_mod_urdf -> /home/rslomron/tm_custom/install/tm_mod_urdf/share/ament_index/resource_index/packages
[1.228s] copying package.xml -> /home/rslomron/tm_custom/install/tm_mod_urdf/share/tm_mod_urdf
[1.228s] running install_egg_info
[1.230s] Copying ../../build/tm_mod_urdf/tm_mod_urdf.egg-info to /home/rslomron/tm_custom/install/tm_mod_urdf/lib/python3.10/site-packages/tm_mod_urdf-0.0.0-py3.10.egg-info
[1.230s] running install_scripts
[1.249s] writing list of installed files to '/home/rslomron/tm_custom/build/tm_mod_urdf/install.log'
[1.278s] Invoked command in '/home/rslomron/tm_custom/src/tm_mod_urdf' returned '0': PYTHONPATH=/home/rslomron/tm_custom/build/tm_mod_urdf/prefix_override:/home/rslomron/tm_custom/install/tm_mod_urdf/lib/python3.10/site-packages:${PYTHONPATH} /usr/bin/python3 -W ignore:setup.py install is deprecated setup.py egg_info --egg-base ../../build/tm_mod_urdf build --build-base /home/rslomron/tm_custom/build/tm_mod_urdf/build install --record /home/rslomron/tm_custom/build/tm_mod_urdf/install.log --single-version-externally-managed install_data
