[0.082s] Invoking command in '/home/rslomron/MoMa/tm_custom/build/tm_description': CMAKE_PREFIX_PATH=${CMAKE_PREFIX_PATH}:/home/rslomron/MoMa/tm_custom/install/arm_subscriber:/home/rslomron/MoMa/tm_custom/install/tm_mod_urdf:/home/rslomron/MoMa/tm_custom/install/techman_robot_get_status:/home/rslomron/MoMa/tm_custom/install/python_demo:/home/rslomron/moveit2_ws/install/moveit_configs_utils:/opt/ros/humble /usr/bin/cmake /home/rslomron/MoMa/tm_custom/src/tm_description -DCMAKE_INSTALL_PREFIX=/home/rslomron/MoMa/tm_custom/install/tm_description
[1.416s] -- The C compiler identification is GNU 11.4.0
[1.417s] -- The CXX compiler identification is GNU 11.4.0
[1.417s] -- Detecting C compiler ABI info
[1.418s] -- Detecting C compiler ABI info - done
[1.418s] -- Check for working C compiler: /usr/bin/cc - skipped
[1.418s] -- Detecting C compile features
[1.418s] -- Detecting C compile features - done
[1.418s] -- Detecting CXX compiler ABI info
[1.419s] -- Detecting CXX compiler ABI info - done
[1.419s] -- Check for working CXX compiler: /usr/bin/c++ - skipped
[1.419s] -- Detecting CXX compile features
[1.419s] -- Detecting CXX compile features - done
[1.419s] -- Found ament_cmake: 1.3.8 (/opt/ros/humble/share/ament_cmake/cmake)
[1.419s] -- Found Python3: /usr/bin/python3 (found version "3.10.12") found components: Interpreter 
[1.419s] -- Configuring done
[1.420s] -- Generating done
[1.420s] -- Build files have been written to: /home/rslomron/MoMa/tm_custom/build/tm_description
[1.438s] Invoked command in '/home/rslomron/MoMa/tm_custom/build/tm_description' returned '0': CMAKE_PREFIX_PATH=${CMAKE_PREFIX_PATH}:/home/rslomron/MoMa/tm_custom/install/arm_subscriber:/home/rslomron/MoMa/tm_custom/install/tm_mod_urdf:/home/rslomron/MoMa/tm_custom/install/techman_robot_get_status:/home/rslomron/MoMa/tm_custom/install/python_demo:/home/rslomron/moveit2_ws/install/moveit_configs_utils:/opt/ros/humble /usr/bin/cmake /home/rslomron/MoMa/tm_custom/src/tm_description -DCMAKE_INSTALL_PREFIX=/home/rslomron/MoMa/tm_custom/install/tm_description
[1.438s] Invoking command in '/home/rslomron/MoMa/tm_custom/build/tm_description': CMAKE_PREFIX_PATH=${CMAKE_PREFIX_PATH}:/home/rslomron/MoMa/tm_custom/install/arm_subscriber:/home/rslomron/MoMa/tm_custom/install/tm_mod_urdf:/home/rslomron/MoMa/tm_custom/install/techman_robot_get_status:/home/rslomron/MoMa/tm_custom/install/python_demo:/home/rslomron/moveit2_ws/install/moveit_configs_utils:/opt/ros/humble /usr/bin/cmake --build /home/rslomron/MoMa/tm_custom/build/tm_description -- -j8 -l8
