[0.029s] Invoking command in '/home/rslomron/MoMa/tm_custom/build/demo': CMAKE_PREFIX_PATH=/home/rslomron/MoMa/tm_custom/install/tm_msgs:/home/rslomron/MoMa/tm_custom/install/ui_for_debug_and_demo:/home/rslomron/MoMa/tm_custom/install/tm_driver:/home/rslomron/MoMa/tm_custom/install/demo:/home/rslomron/MoMa/tm_custom/install/tm_moveit_cpp_demo:/home/rslomron/MoMa/tm_custom/install/tm_moveit_config_tm5x-900:/home/rslomron/MoMa/tm_custom/install/tm_moveit_config_tm5x-700:/home/rslomron/MoMa/tm_custom/install/tm_moveit_config_tm5-900:/home/rslomron/MoMa/tm_custom/install/tm_moveit_config_tm5-700:/home/rslomron/MoMa/tm_custom/install/tm_moveit_config_tm14x:/home/rslomron/MoMa/tm_custom/install/tm_moveit_config_tm14:/home/rslomron/MoMa/tm_custom/install/tm_moveit_config_tm12x:/home/rslomron/MoMa/tm_custom/install/tm_moveit_config_tm12:/home/rslomron/MoMa/tm_custom/install/tm_description:/home/rslomron/MoMa/tm_custom/install/custom_package:/home/rslomron/MoMa/tm_custom/install/techman_robot_msgs:/home/rslomron/MoMa/tm_custom/install/safety_msgs:/home/rslomron/MoMa/tm_custom/install/tm_mod_urdf:/home/rslomron/MoMa/tm_custom/install/techman_robot_get_status:/home/rslomron/MoMa/tm_custom/install/python_demo:/home/rslomron/MoMa/tm_custom/install/arm_subscriber:/opt/ros/humble /usr/bin/cmake --build /home/rslomron/MoMa/tm_custom/build/demo -- -j8 -l8
[0.112s] [ 10%] Built target demo_send_script
[0.114s] [ 17%] Built target demo_set_io
[0.115s] [ 21%] Built target demo_set_event
[0.115s] [ 28%] Built target demo_write_item
[0.118s] [ 39%] Built target demo_ask_item
[0.118s] [ 42%] Built target demo_connect_tm
[0.124s] [ 50%] Built target demo_ask_sta
[0.130s] [ 57%] Built target demo_set_positions
[0.160s] [ 64%] Built target demo_get_feedback
[0.167s] [ 71%] Built target demo_get_sta_response
[0.168s] [ 78%] Built target demo_get_torque_feedback
[0.169s] [ 85%] Built target demo_get_svr_response
[0.175s] [ 92%] Built target demo_get_sct_response
[0.176s] [100%] Built target demo_leave_listen_node
[0.188s] Invoked command in '/home/rslomron/MoMa/tm_custom/build/demo' returned '0': CMAKE_PREFIX_PATH=/home/rslomron/MoMa/tm_custom/install/tm_msgs:/home/rslomron/MoMa/tm_custom/install/ui_for_debug_and_demo:/home/rslomron/MoMa/tm_custom/install/tm_driver:/home/rslomron/MoMa/tm_custom/install/demo:/home/rslomron/MoMa/tm_custom/install/tm_moveit_cpp_demo:/home/rslomron/MoMa/tm_custom/install/tm_moveit_config_tm5x-900:/home/rslomron/MoMa/tm_custom/install/tm_moveit_config_tm5x-700:/home/rslomron/MoMa/tm_custom/install/tm_moveit_config_tm5-900:/home/rslomron/MoMa/tm_custom/install/tm_moveit_config_tm5-700:/home/rslomron/MoMa/tm_custom/install/tm_moveit_config_tm14x:/home/rslomron/MoMa/tm_custom/install/tm_moveit_config_tm14:/home/rslomron/MoMa/tm_custom/install/tm_moveit_config_tm12x:/home/rslomron/MoMa/tm_custom/install/tm_moveit_config_tm12:/home/rslomron/MoMa/tm_custom/install/tm_description:/home/rslomron/MoMa/tm_custom/install/custom_package:/home/rslomron/MoMa/tm_custom/install/techman_robot_msgs:/home/rslomron/MoMa/tm_custom/install/safety_msgs:/home/rslomron/MoMa/tm_custom/install/tm_mod_urdf:/home/rslomron/MoMa/tm_custom/install/techman_robot_get_status:/home/rslomron/MoMa/tm_custom/install/python_demo:/home/rslomron/MoMa/tm_custom/install/arm_subscriber:/opt/ros/humble /usr/bin/cmake --build /home/rslomron/MoMa/tm_custom/build/demo -- -j8 -l8
[0.254s] Invoking command in '/home/rslomron/MoMa/tm_custom/build/demo': CMAKE_PREFIX_PATH=/home/rslomron/MoMa/tm_custom/install/tm_msgs:/home/rslomron/MoMa/tm_custom/install/ui_for_debug_and_demo:/home/rslomron/MoMa/tm_custom/install/tm_driver:/home/rslomron/MoMa/tm_custom/install/demo:/home/rslomron/MoMa/tm_custom/install/tm_moveit_cpp_demo:/home/rslomron/MoMa/tm_custom/install/tm_moveit_config_tm5x-900:/home/rslomron/MoMa/tm_custom/install/tm_moveit_config_tm5x-700:/home/rslomron/MoMa/tm_custom/install/tm_moveit_config_tm5-900:/home/rslomron/MoMa/tm_custom/install/tm_moveit_config_tm5-700:/home/rslomron/MoMa/tm_custom/install/tm_moveit_config_tm14x:/home/rslomron/MoMa/tm_custom/install/tm_moveit_config_tm14:/home/rslomron/MoMa/tm_custom/install/tm_moveit_config_tm12x:/home/rslomron/MoMa/tm_custom/install/tm_moveit_config_tm12:/home/rslomron/MoMa/tm_custom/install/tm_description:/home/rslomron/MoMa/tm_custom/install/custom_package:/home/rslomron/MoMa/tm_custom/install/techman_robot_msgs:/home/rslomron/MoMa/tm_custom/install/safety_msgs:/home/rslomron/MoMa/tm_custom/install/tm_mod_urdf:/home/rslomron/MoMa/tm_custom/install/techman_robot_get_status:/home/rslomron/MoMa/tm_custom/install/python_demo:/home/rslomron/MoMa/tm_custom/install/arm_subscriber:/opt/ros/humble /usr/bin/cmake --install /home/rslomron/MoMa/tm_custom/build/demo
[0.265s] -- Install configuration: ""
[0.265s] -- Up-to-date: /home/rslomron/MoMa/tm_custom/install/demo/lib/demo/demo_send_script
[0.265s] -- Up-to-date: /home/rslomron/MoMa/tm_custom/install/demo/lib/demo/demo_ask_sta
[0.266s] -- Up-to-date: /home/rslomron/MoMa/tm_custom/install/demo/lib/demo/demo_connect_tm
[0.266s] -- Up-to-date: /home/rslomron/MoMa/tm_custom/install/demo/lib/demo/demo_set_event
[0.269s] -- Up-to-date: /home/rslomron/MoMa/tm_custom/install/demo/lib/demo/demo_set_io
[0.269s] -- Up-to-date: /home/rslomron/MoMa/tm_custom/install/demo/lib/demo/demo_set_positions
[0.269s] -- Up-to-date: /home/rslomron/MoMa/tm_custom/install/demo/lib/demo/demo_write_item
[0.270s] -- Up-to-date: /home/rslomron/MoMa/tm_custom/install/demo/lib/demo/demo_ask_item
[0.270s] -- Up-to-date: /home/rslomron/MoMa/tm_custom/install/demo/lib/demo/demo_get_feedback
[0.272s] -- Up-to-date: /home/rslomron/MoMa/tm_custom/install/demo/lib/demo/demo_get_torque_feedback
[0.272s] -- Up-to-date: /home/rslomron/MoMa/tm_custom/install/demo/lib/demo/demo_get_sct_response
[0.272s] -- Up-to-date: /home/rslomron/MoMa/tm_custom/install/demo/lib/demo/demo_get_sta_response
[0.273s] -- Up-to-date: /home/rslomron/MoMa/tm_custom/install/demo/lib/demo/demo_get_svr_response
[0.273s] -- Up-to-date: /home/rslomron/MoMa/tm_custom/install/demo/lib/demo/demo_leave_listen_node
[0.273s] -- Up-to-date: /home/rslomron/MoMa/tm_custom/install/demo/share/ament_index/resource_index/package_run_dependencies/demo
[0.273s] -- Up-to-date: /home/rslomron/MoMa/tm_custom/install/demo/share/ament_index/resource_index/parent_prefix_path/demo
[0.273s] -- Up-to-date: /home/rslomron/MoMa/tm_custom/install/demo/share/demo/environment/ament_prefix_path.sh
[0.273s] -- Up-to-date: /home/rslomron/MoMa/tm_custom/install/demo/share/demo/environment/ament_prefix_path.dsv
[0.274s] -- Up-to-date: /home/rslomron/MoMa/tm_custom/install/demo/share/demo/environment/path.sh
[0.274s] -- Up-to-date: /home/rslomron/MoMa/tm_custom/install/demo/share/demo/environment/path.dsv
[0.274s] -- Up-to-date: /home/rslomron/MoMa/tm_custom/install/demo/share/demo/local_setup.bash
[0.275s] -- Up-to-date: /home/rslomron/MoMa/tm_custom/install/demo/share/demo/local_setup.sh
[0.275s] -- Up-to-date: /home/rslomron/MoMa/tm_custom/install/demo/share/demo/local_setup.zsh
[0.275s] -- Up-to-date: /home/rslomron/MoMa/tm_custom/install/demo/share/demo/local_setup.dsv
[0.276s] -- Installing: /home/rslomron/MoMa/tm_custom/install/demo/share/demo/package.dsv
[0.276s] -- Up-to-date: /home/rslomron/MoMa/tm_custom/install/demo/share/ament_index/resource_index/packages/demo
[0.276s] -- Up-to-date: /home/rslomron/MoMa/tm_custom/install/demo/share/demo/cmake/demoConfig.cmake
[0.276s] -- Up-to-date: /home/rslomron/MoMa/tm_custom/install/demo/share/demo/cmake/demoConfig-version.cmake
[0.277s] -- Up-to-date: /home/rslomron/MoMa/tm_custom/install/demo/share/demo/package.xml
[0.280s] Invoked command in '/home/rslomron/MoMa/tm_custom/build/demo' returned '0': CMAKE_PREFIX_PATH=/home/rslomron/MoMa/tm_custom/install/tm_msgs:/home/rslomron/MoMa/tm_custom/install/ui_for_debug_and_demo:/home/rslomron/MoMa/tm_custom/install/tm_driver:/home/rslomron/MoMa/tm_custom/install/demo:/home/rslomron/MoMa/tm_custom/install/tm_moveit_cpp_demo:/home/rslomron/MoMa/tm_custom/install/tm_moveit_config_tm5x-900:/home/rslomron/MoMa/tm_custom/install/tm_moveit_config_tm5x-700:/home/rslomron/MoMa/tm_custom/install/tm_moveit_config_tm5-900:/home/rslomron/MoMa/tm_custom/install/tm_moveit_config_tm5-700:/home/rslomron/MoMa/tm_custom/install/tm_moveit_config_tm14x:/home/rslomron/MoMa/tm_custom/install/tm_moveit_config_tm14:/home/rslomron/MoMa/tm_custom/install/tm_moveit_config_tm12x:/home/rslomron/MoMa/tm_custom/install/tm_moveit_config_tm12:/home/rslomron/MoMa/tm_custom/install/tm_description:/home/rslomron/MoMa/tm_custom/install/custom_package:/home/rslomron/MoMa/tm_custom/install/techman_robot_msgs:/home/rslomron/MoMa/tm_custom/install/safety_msgs:/home/rslomron/MoMa/tm_custom/install/tm_mod_urdf:/home/rslomron/MoMa/tm_custom/install/techman_robot_get_status:/home/rslomron/MoMa/tm_custom/install/python_demo:/home/rslomron/MoMa/tm_custom/install/arm_subscriber:/opt/ros/humble /usr/bin/cmake --install /home/rslomron/MoMa/tm_custom/build/demo
