[0.022s] Invoking command in '/home/rslomron/tm_custom/build/tm_driver': AMENT_PREFIX_PATH=/home/rslomron/tm_custom/install/tm_msgs:${AMENT_PREFIX_PATH} CMAKE_PREFIX_PATH=/home/rslomron/tm_custom/install/tm_msgs:/home/rslomron/moveit2_ws/install/pilz_industrial_motion_planner_testutils:/home/rslomron/moveit2_ws/install/moveit_runtime:/home/rslomron/moveit2_ws/install/moveit:/home/rslomron/moveit2_ws/install/moveit_planners:/home/rslomron/moveit2_ws/install/pilz_industrial_motion_planner:/home/rslomron/moveit2_ws/install/moveit_ros_control_interface:/home/rslomron/moveit2_ws/install/moveit_plugins:/home/rslomron/moveit2_ws/install/moveit_simple_controller_manager:/home/rslomron/moveit2_ws/install/moveit_setup_assistant:/home/rslomron/moveit2_ws/install/moveit_setup_srdf_plugins:/home/rslomron/moveit2_ws/install/moveit_setup_core_plugins:/home/rslomron/moveit2_ws/install/moveit_setup_controllers:/home/rslomron/moveit2_ws/install/moveit_setup_app_plugins:/home/rslomron/moveit2_ws/install/moveit_setup_framework:/home/rslomron/moveit2_ws/install/moveit_servo:/home/rslomron/moveit2_ws/install/moveit_ros:/home/rslomron/moveit2_ws/install/moveit_ros_visualization:/home/rslomron/moveit2_ws/install/moveit_hybrid_planning:/home/rslomron/moveit2_ws/install/moveit_ros_planning_interface:/home/rslomron/moveit2_ws/install/moveit_ros_benchmarks:/home/rslomron/moveit2_ws/install/moveit_ros_warehouse:/home/rslomron/moveit2_ws/install/moveit_ros_robot_interaction:/home/rslomron/moveit2_ws/install/moveit_ros_perception:/home/rslomron/moveit2_ws/install/moveit_resources_prbt_pg70_support:/home/rslomron/moveit2_ws/install/moveit_resources_prbt_moveit_config:/home/rslomron/moveit2_ws/install/moveit_ros_move_group:/home/rslomron/moveit2_ws/install/moveit_planners_ompl:/home/rslomron/moveit2_ws/install/moveit_ros_planning:/home/rslomron/moveit2_ws/install/moveit_ros_occupancy_map_monitor:/home/rslomron/moveit2_ws/install/moveit_resources_prbt_support:/home/rslomron/moveit2_ws/install/moveit_resources_prbt_ikfast_manipulator_plugin:/home/rslomron/moveit2_ws/install/moveit_resources:/home/rslomron/moveit2_ws/install/moveit_resources_pr2_description:/home/rslomron/moveit2_ws/install/moveit_resources_panda_moveit_config:/home/rslomron/moveit2_ws/install/moveit_resources_panda_description:/home/rslomron/moveit2_ws/install/moveit_resources_fanuc_moveit_config:/home/rslomron/moveit2_ws/install/moveit_resources_fanuc_description:/home/rslomron/moveit2_ws/install/moveit_planners_chomp:/home/rslomron/moveit2_ws/install/moveit_kinematics:/home/rslomron/moveit2_ws/install/moveit_chomp_optimizer_adapter:/home/rslomron/moveit2_ws/install/chomp_motion_planner:/home/rslomron/moveit2_ws/install/moveit_core:/home/rslomron/moveit2_ws/install/moveit_msgs:/home/rslomron/moveit2_ws/install/moveit_common:/home/rslomron/moveit2_ws/install/moveit_configs_utils:/opt/ros/humble LD_LIBRARY_PATH=/home/rslomron/tm_custom/install/tm_msgs/lib:${LD_LIBRARY_PATH} PYTHONPATH=/home/rslomron/tm_custom/install/tm_msgs/local/lib/python3.10/dist-packages:${PYTHONPATH} /usr/bin/cmake /home/rslomron/tm_custom/src/tm_driver -DCMAKE_INSTALL_PREFIX=/home/rslomron/tm_custom/install/tm_driver
[0.096s] -- The C compiler identification is GNU 11.4.0
[0.163s] -- The CXX compiler identification is GNU 11.4.0
[0.170s] -- Detecting C compiler ABI info
[0.274s] -- Detecting C compiler ABI info - done
[0.283s] -- Check for working C compiler: /usr/bin/cc - skipped
[0.283s] -- Detecting C compile features
[0.283s] -- Detecting C compile features - done
[0.287s] -- Detecting CXX compiler ABI info
[0.401s] -- Detecting CXX compiler ABI info - done
[0.409s] -- Check for working CXX compiler: /usr/bin/c++ - skipped
[0.410s] -- Detecting CXX compile features
[0.410s] -- Detecting CXX compile features - done
[0.417s] -- Found ament_cmake: 1.3.8 (/opt/ros/humble/share/ament_cmake/cmake)
[0.596s] -- Found Python3: /usr/bin/python3 (found version "3.10.12") found components: Interpreter 
[0.791s] -- Found rclcpp: 16.0.8 (/opt/ros/humble/share/rclcpp/cmake)
[0.936s] -- Found rosidl_generator_c: 3.1.5 (/opt/ros/humble/share/rosidl_generator_c/cmake)
[0.959s] -- Found rosidl_adapter: 3.1.5 (/opt/ros/humble/share/rosidl_adapter/cmake)
[0.987s] -- Found rosidl_generator_cpp: 3.1.5 (/opt/ros/humble/share/rosidl_generator_cpp/cmake)
[1.029s] -- Using all available rosidl_typesupport_c: rosidl_typesupport_fastrtps_c;rosidl_typesupport_introspection_c
[1.088s] -- Using all available rosidl_typesupport_cpp: rosidl_typesupport_fastrtps_cpp;rosidl_typesupport_introspection_cpp
[1.290s] -- Found rmw_implementation_cmake: 6.1.1 (/opt/ros/humble/share/rmw_implementation_cmake/cmake)
[1.304s] -- Found rmw_fastrtps_cpp: 6.2.6 (/opt/ros/humble/share/rmw_fastrtps_cpp/cmake)
[1.522s] -- Found OpenSSL: /usr/lib/x86_64-linux-gnu/libcrypto.so (found version "3.0.2")  
[1.563s] -- Found FastRTPS: /opt/ros/humble/include  
[1.651s] -- Using RMW implementation 'rmw_fastrtps_cpp' as default
[1.685s] -- Looking for pthread.h
[1.775s] -- Looking for pthread.h - found
[1.776s] -- Performing Test CMAKE_HAVE_LIBC_PTHREAD
[1.863s] -- Performing Test CMAKE_HAVE_LIBC_PTHREAD - Success
[1.865s] -- Found Threads: TRUE  
[2.058s] -- Found sensor_msgs: 4.2.3 (/opt/ros/humble/share/sensor_msgs/cmake)
[2.199s] -- Found tm_msgs: 1.1.2 (/home/rslomron/tm_custom/install/tm_msgs/share/tm_msgs/cmake)
[2.322s] -- Found Boost: /usr/lib/x86_64-linux-gnu/cmake/Boost-1.74.0/BoostConfig.cmake (found version "1.74.0") found components: date_time filesystem program_options system thread 
[3.184s] -- Found Boost: /usr/lib/x86_64-linux-gnu/cmake/Boost-1.74.0/BoostConfig.cmake (found version "1.74.0") found components: chrono date_time filesystem iostreams program_options regex serialization system thread 
[3.269s] -- Found parameter_traits: 0.3.8 (/opt/ros/humble/share/parameter_traits/cmake)
[3.300s] -- Found Eigen3: TRUE (found version "3.4.0") 
[3.306s] -- Found rclcpp_lifecycle: 16.0.8 (/opt/ros/humble/share/rclcpp_lifecycle/cmake)
[3.369s] -- Found Boost: /usr/lib/x86_64-linux-gnu/cmake/Boost-1.74.0/BoostConfig.cmake (found version "1.74.0") found components: filesystem 
[3.518s] -- library: /usr/lib/x86_64-linux-gnu/libcurl.so
[3.703s] -- Ensuring Eigen3 include directory is part of orocos-kdl CMake target
[4.356s] -- Found Boost: /usr/lib/x86_64-linux-gnu/cmake/Boost-1.74.0/BoostConfig.cmake (found version "1.74.0") found components: system filesystem date_time program_options thread chrono 
[4.926s] -- Found Boost: /usr/lib/x86_64-linux-gnu/cmake/Boost-1.74.0/BoostConfig.cmake (found version "1.74.0") found components: thread system filesystem regex date_time program_options 
[5.190s] -- Found Boost: /usr/lib/x86_64-linux-gnu/cmake/Boost-1.74.0/BoostConfig.cmake (found version "1.74.0") found components: system filesystem date_time program_options thread 
[5.659s] -- Found control_msgs: 4.4.0 (/opt/ros/humble/share/control_msgs/cmake)
[5.882s] -- Found ament_lint_auto: 0.12.10 (/opt/ros/humble/share/ament_lint_auto/cmake)
[6.016s] -- Added test 'copyright' to check source files copyright and LICENSE
[6.018s] -- Added test 'cppcheck' to perform static code analysis on C / C++ code
[6.018s] -- Configured cppcheck include dirs: /home/rslomron/tm_custom/src/tm_driver/include
[6.019s] -- Configured cppcheck exclude dirs and/or files: 
[6.021s] -- Added test 'cpplint' to check C / C++ code against the Google style
[6.021s] -- Configured cpplint exclude dirs and/or files: 
[6.022s] -- Added test 'flake8' to check Python code syntax and style conventions
[6.024s] -- Added test 'lint_cmake' to check CMake code style
[6.025s] -- Added test 'pep257' to check Python code against some of the docstring style conventions in PEP 257
[6.027s] -- Added test 'uncrustify' to check C / C++ code style
[6.027s] -- Configured uncrustify additional arguments: 
[6.028s] -- Added test 'xmllint' to check XML markup files
[6.031s] -- Configuring done
[6.049s] -- Generating done
[6.051s] -- Build files have been written to: /home/rslomron/tm_custom/build/tm_driver
[6.066s] Invoked command in '/home/rslomron/tm_custom/build/tm_driver' returned '0': AMENT_PREFIX_PATH=/home/rslomron/tm_custom/install/tm_msgs:${AMENT_PREFIX_PATH} CMAKE_PREFIX_PATH=/home/rslomron/tm_custom/install/tm_msgs:/home/rslomron/moveit2_ws/install/pilz_industrial_motion_planner_testutils:/home/rslomron/moveit2_ws/install/moveit_runtime:/home/rslomron/moveit2_ws/install/moveit:/home/rslomron/moveit2_ws/install/moveit_planners:/home/rslomron/moveit2_ws/install/pilz_industrial_motion_planner:/home/rslomron/moveit2_ws/install/moveit_ros_control_interface:/home/rslomron/moveit2_ws/install/moveit_plugins:/home/rslomron/moveit2_ws/install/moveit_simple_controller_manager:/home/rslomron/moveit2_ws/install/moveit_setup_assistant:/home/rslomron/moveit2_ws/install/moveit_setup_srdf_plugins:/home/rslomron/moveit2_ws/install/moveit_setup_core_plugins:/home/rslomron/moveit2_ws/install/moveit_setup_controllers:/home/rslomron/moveit2_ws/install/moveit_setup_app_plugins:/home/rslomron/moveit2_ws/install/moveit_setup_framework:/home/rslomron/moveit2_ws/install/moveit_servo:/home/rslomron/moveit2_ws/install/moveit_ros:/home/rslomron/moveit2_ws/install/moveit_ros_visualization:/home/rslomron/moveit2_ws/install/moveit_hybrid_planning:/home/rslomron/moveit2_ws/install/moveit_ros_planning_interface:/home/rslomron/moveit2_ws/install/moveit_ros_benchmarks:/home/rslomron/moveit2_ws/install/moveit_ros_warehouse:/home/rslomron/moveit2_ws/install/moveit_ros_robot_interaction:/home/rslomron/moveit2_ws/install/moveit_ros_perception:/home/rslomron/moveit2_ws/install/moveit_resources_prbt_pg70_support:/home/rslomron/moveit2_ws/install/moveit_resources_prbt_moveit_config:/home/rslomron/moveit2_ws/install/moveit_ros_move_group:/home/rslomron/moveit2_ws/install/moveit_planners_ompl:/home/rslomron/moveit2_ws/install/moveit_ros_planning:/home/rslomron/moveit2_ws/install/moveit_ros_occupancy_map_monitor:/home/rslomron/moveit2_ws/install/moveit_resources_prbt_support:/home/rslomron/moveit2_ws/install/moveit_resources_prbt_ikfast_manipulator_plugin:/home/rslomron/moveit2_ws/install/moveit_resources:/home/rslomron/moveit2_ws/install/moveit_resources_pr2_description:/home/rslomron/moveit2_ws/install/moveit_resources_panda_moveit_config:/home/rslomron/moveit2_ws/install/moveit_resources_panda_description:/home/rslomron/moveit2_ws/install/moveit_resources_fanuc_moveit_config:/home/rslomron/moveit2_ws/install/moveit_resources_fanuc_description:/home/rslomron/moveit2_ws/install/moveit_planners_chomp:/home/rslomron/moveit2_ws/install/moveit_kinematics:/home/rslomron/moveit2_ws/install/moveit_chomp_optimizer_adapter:/home/rslomron/moveit2_ws/install/chomp_motion_planner:/home/rslomron/moveit2_ws/install/moveit_core:/home/rslomron/moveit2_ws/install/moveit_msgs:/home/rslomron/moveit2_ws/install/moveit_common:/home/rslomron/moveit2_ws/install/moveit_configs_utils:/opt/ros/humble LD_LIBRARY_PATH=/home/rslomron/tm_custom/install/tm_msgs/lib:${LD_LIBRARY_PATH} PYTHONPATH=/home/rslomron/tm_custom/install/tm_msgs/local/lib/python3.10/dist-packages:${PYTHONPATH} /usr/bin/cmake /home/rslomron/tm_custom/src/tm_driver -DCMAKE_INSTALL_PREFIX=/home/rslomron/tm_custom/install/tm_driver
[6.068s] Invoking command in '/home/rslomron/tm_custom/build/tm_driver': AMENT_PREFIX_PATH=/home/rslomron/tm_custom/install/tm_msgs:${AMENT_PREFIX_PATH} CMAKE_PREFIX_PATH=/home/rslomron/tm_custom/install/tm_msgs:/home/rslomron/moveit2_ws/install/pilz_industrial_motion_planner_testutils:/home/rslomron/moveit2_ws/install/moveit_runtime:/home/rslomron/moveit2_ws/install/moveit:/home/rslomron/moveit2_ws/install/moveit_planners:/home/rslomron/moveit2_ws/install/pilz_industrial_motion_planner:/home/rslomron/moveit2_ws/install/moveit_ros_control_interface:/home/rslomron/moveit2_ws/install/moveit_plugins:/home/rslomron/moveit2_ws/install/moveit_simple_controller_manager:/home/rslomron/moveit2_ws/install/moveit_setup_assistant:/home/rslomron/moveit2_ws/install/moveit_setup_srdf_plugins:/home/rslomron/moveit2_ws/install/moveit_setup_core_plugins:/home/rslomron/moveit2_ws/install/moveit_setup_controllers:/home/rslomron/moveit2_ws/install/moveit_setup_app_plugins:/home/rslomron/moveit2_ws/install/moveit_setup_framework:/home/rslomron/moveit2_ws/install/moveit_servo:/home/rslomron/moveit2_ws/install/moveit_ros:/home/rslomron/moveit2_ws/install/moveit_ros_visualization:/home/rslomron/moveit2_ws/install/moveit_hybrid_planning:/home/rslomron/moveit2_ws/install/moveit_ros_planning_interface:/home/rslomron/moveit2_ws/install/moveit_ros_benchmarks:/home/rslomron/moveit2_ws/install/moveit_ros_warehouse:/home/rslomron/moveit2_ws/install/moveit_ros_robot_interaction:/home/rslomron/moveit2_ws/install/moveit_ros_perception:/home/rslomron/moveit2_ws/install/moveit_resources_prbt_pg70_support:/home/rslomron/moveit2_ws/install/moveit_resources_prbt_moveit_config:/home/rslomron/moveit2_ws/install/moveit_ros_move_group:/home/rslomron/moveit2_ws/install/moveit_planners_ompl:/home/rslomron/moveit2_ws/install/moveit_ros_planning:/home/rslomron/moveit2_ws/install/moveit_ros_occupancy_map_monitor:/home/rslomron/moveit2_ws/install/moveit_resources_prbt_support:/home/rslomron/moveit2_ws/install/moveit_resources_prbt_ikfast_manipulator_plugin:/home/rslomron/moveit2_ws/install/moveit_resources:/home/rslomron/moveit2_ws/install/moveit_resources_pr2_description:/home/rslomron/moveit2_ws/install/moveit_resources_panda_moveit_config:/home/rslomron/moveit2_ws/install/moveit_resources_panda_description:/home/rslomron/moveit2_ws/install/moveit_resources_fanuc_moveit_config:/home/rslomron/moveit2_ws/install/moveit_resources_fanuc_description:/home/rslomron/moveit2_ws/install/moveit_planners_chomp:/home/rslomron/moveit2_ws/install/moveit_kinematics:/home/rslomron/moveit2_ws/install/moveit_chomp_optimizer_adapter:/home/rslomron/moveit2_ws/install/chomp_motion_planner:/home/rslomron/moveit2_ws/install/moveit_core:/home/rslomron/moveit2_ws/install/moveit_msgs:/home/rslomron/moveit2_ws/install/moveit_common:/home/rslomron/moveit2_ws/install/moveit_configs_utils:/opt/ros/humble LD_LIBRARY_PATH=/home/rslomron/tm_custom/install/tm_msgs/lib:${LD_LIBRARY_PATH} PYTHONPATH=/home/rslomron/tm_custom/install/tm_msgs/local/lib/python3.10/dist-packages:${PYTHONPATH} /usr/bin/cmake --build /home/rslomron/tm_custom/build/tm_driver -- -j8 -l8
[6.147s] [35m[1mConsolidate compiler generated dependencies of target tm_driver[0m
[6.199s] [100%] Built target tm_driver
[6.214s] Invoked command in '/home/rslomron/tm_custom/build/tm_driver' returned '0': AMENT_PREFIX_PATH=/home/rslomron/tm_custom/install/tm_msgs:${AMENT_PREFIX_PATH} CMAKE_PREFIX_PATH=/home/rslomron/tm_custom/install/tm_msgs:/home/rslomron/moveit2_ws/install/pilz_industrial_motion_planner_testutils:/home/rslomron/moveit2_ws/install/moveit_runtime:/home/rslomron/moveit2_ws/install/moveit:/home/rslomron/moveit2_ws/install/moveit_planners:/home/rslomron/moveit2_ws/install/pilz_industrial_motion_planner:/home/rslomron/moveit2_ws/install/moveit_ros_control_interface:/home/rslomron/moveit2_ws/install/moveit_plugins:/home/rslomron/moveit2_ws/install/moveit_simple_controller_manager:/home/rslomron/moveit2_ws/install/moveit_setup_assistant:/home/rslomron/moveit2_ws/install/moveit_setup_srdf_plugins:/home/rslomron/moveit2_ws/install/moveit_setup_core_plugins:/home/rslomron/moveit2_ws/install/moveit_setup_controllers:/home/rslomron/moveit2_ws/install/moveit_setup_app_plugins:/home/rslomron/moveit2_ws/install/moveit_setup_framework:/home/rslomron/moveit2_ws/install/moveit_servo:/home/rslomron/moveit2_ws/install/moveit_ros:/home/rslomron/moveit2_ws/install/moveit_ros_visualization:/home/rslomron/moveit2_ws/install/moveit_hybrid_planning:/home/rslomron/moveit2_ws/install/moveit_ros_planning_interface:/home/rslomron/moveit2_ws/install/moveit_ros_benchmarks:/home/rslomron/moveit2_ws/install/moveit_ros_warehouse:/home/rslomron/moveit2_ws/install/moveit_ros_robot_interaction:/home/rslomron/moveit2_ws/install/moveit_ros_perception:/home/rslomron/moveit2_ws/install/moveit_resources_prbt_pg70_support:/home/rslomron/moveit2_ws/install/moveit_resources_prbt_moveit_config:/home/rslomron/moveit2_ws/install/moveit_ros_move_group:/home/rslomron/moveit2_ws/install/moveit_planners_ompl:/home/rslomron/moveit2_ws/install/moveit_ros_planning:/home/rslomron/moveit2_ws/install/moveit_ros_occupancy_map_monitor:/home/rslomron/moveit2_ws/install/moveit_resources_prbt_support:/home/rslomron/moveit2_ws/install/moveit_resources_prbt_ikfast_manipulator_plugin:/home/rslomron/moveit2_ws/install/moveit_resources:/home/rslomron/moveit2_ws/install/moveit_resources_pr2_description:/home/rslomron/moveit2_ws/install/moveit_resources_panda_moveit_config:/home/rslomron/moveit2_ws/install/moveit_resources_panda_description:/home/rslomron/moveit2_ws/install/moveit_resources_fanuc_moveit_config:/home/rslomron/moveit2_ws/install/moveit_resources_fanuc_description:/home/rslomron/moveit2_ws/install/moveit_planners_chomp:/home/rslomron/moveit2_ws/install/moveit_kinematics:/home/rslomron/moveit2_ws/install/moveit_chomp_optimizer_adapter:/home/rslomron/moveit2_ws/install/chomp_motion_planner:/home/rslomron/moveit2_ws/install/moveit_core:/home/rslomron/moveit2_ws/install/moveit_msgs:/home/rslomron/moveit2_ws/install/moveit_common:/home/rslomron/moveit2_ws/install/moveit_configs_utils:/opt/ros/humble LD_LIBRARY_PATH=/home/rslomron/tm_custom/install/tm_msgs/lib:${LD_LIBRARY_PATH} PYTHONPATH=/home/rslomron/tm_custom/install/tm_msgs/local/lib/python3.10/dist-packages:${PYTHONPATH} /usr/bin/cmake --build /home/rslomron/tm_custom/build/tm_driver -- -j8 -l8
[6.320s] Invoking command in '/home/rslomron/tm_custom/build/tm_driver': AMENT_PREFIX_PATH=/home/rslomron/tm_custom/install/tm_msgs:${AMENT_PREFIX_PATH} CMAKE_PREFIX_PATH=/home/rslomron/tm_custom/install/tm_msgs:/home/rslomron/moveit2_ws/install/pilz_industrial_motion_planner_testutils:/home/rslomron/moveit2_ws/install/moveit_runtime:/home/rslomron/moveit2_ws/install/moveit:/home/rslomron/moveit2_ws/install/moveit_planners:/home/rslomron/moveit2_ws/install/pilz_industrial_motion_planner:/home/rslomron/moveit2_ws/install/moveit_ros_control_interface:/home/rslomron/moveit2_ws/install/moveit_plugins:/home/rslomron/moveit2_ws/install/moveit_simple_controller_manager:/home/rslomron/moveit2_ws/install/moveit_setup_assistant:/home/rslomron/moveit2_ws/install/moveit_setup_srdf_plugins:/home/rslomron/moveit2_ws/install/moveit_setup_core_plugins:/home/rslomron/moveit2_ws/install/moveit_setup_controllers:/home/rslomron/moveit2_ws/install/moveit_setup_app_plugins:/home/rslomron/moveit2_ws/install/moveit_setup_framework:/home/rslomron/moveit2_ws/install/moveit_servo:/home/rslomron/moveit2_ws/install/moveit_ros:/home/rslomron/moveit2_ws/install/moveit_ros_visualization:/home/rslomron/moveit2_ws/install/moveit_hybrid_planning:/home/rslomron/moveit2_ws/install/moveit_ros_planning_interface:/home/rslomron/moveit2_ws/install/moveit_ros_benchmarks:/home/rslomron/moveit2_ws/install/moveit_ros_warehouse:/home/rslomron/moveit2_ws/install/moveit_ros_robot_interaction:/home/rslomron/moveit2_ws/install/moveit_ros_perception:/home/rslomron/moveit2_ws/install/moveit_resources_prbt_pg70_support:/home/rslomron/moveit2_ws/install/moveit_resources_prbt_moveit_config:/home/rslomron/moveit2_ws/install/moveit_ros_move_group:/home/rslomron/moveit2_ws/install/moveit_planners_ompl:/home/rslomron/moveit2_ws/install/moveit_ros_planning:/home/rslomron/moveit2_ws/install/moveit_ros_occupancy_map_monitor:/home/rslomron/moveit2_ws/install/moveit_resources_prbt_support:/home/rslomron/moveit2_ws/install/moveit_resources_prbt_ikfast_manipulator_plugin:/home/rslomron/moveit2_ws/install/moveit_resources:/home/rslomron/moveit2_ws/install/moveit_resources_pr2_description:/home/rslomron/moveit2_ws/install/moveit_resources_panda_moveit_config:/home/rslomron/moveit2_ws/install/moveit_resources_panda_description:/home/rslomron/moveit2_ws/install/moveit_resources_fanuc_moveit_config:/home/rslomron/moveit2_ws/install/moveit_resources_fanuc_description:/home/rslomron/moveit2_ws/install/moveit_planners_chomp:/home/rslomron/moveit2_ws/install/moveit_kinematics:/home/rslomron/moveit2_ws/install/moveit_chomp_optimizer_adapter:/home/rslomron/moveit2_ws/install/chomp_motion_planner:/home/rslomron/moveit2_ws/install/moveit_core:/home/rslomron/moveit2_ws/install/moveit_msgs:/home/rslomron/moveit2_ws/install/moveit_common:/home/rslomron/moveit2_ws/install/moveit_configs_utils:/opt/ros/humble LD_LIBRARY_PATH=/home/rslomron/tm_custom/install/tm_msgs/lib:${LD_LIBRARY_PATH} PYTHONPATH=/home/rslomron/tm_custom/install/tm_msgs/local/lib/python3.10/dist-packages:${PYTHONPATH} /usr/bin/cmake --install /home/rslomron/tm_custom/build/tm_driver
[6.331s] -- Install configuration: ""
[6.331s] -- Up-to-date: /home/rslomron/tm_custom/install/tm_driver/lib/tm_driver/tm_driver
[6.331s] -- Up-to-date: /home/rslomron/tm_custom/install/tm_driver/share/tm_driver/launch
[6.332s] -- Up-to-date: /home/rslomron/tm_custom/install/tm_driver/share/tm_driver/launch/tm_bringup.launch.py
[6.332s] -- Up-to-date: /home/rslomron/tm_custom/install/tm_driver/share/ament_index/resource_index/package_run_dependencies/tm_driver
[6.332s] -- Installing: /home/rslomron/tm_custom/install/tm_driver/share/ament_index/resource_index/parent_prefix_path/tm_driver
[6.332s] -- Up-to-date: /home/rslomron/tm_custom/install/tm_driver/share/tm_driver/environment/ament_prefix_path.sh
[6.332s] -- Installing: /home/rslomron/tm_custom/install/tm_driver/share/tm_driver/environment/ament_prefix_path.dsv
[6.332s] -- Up-to-date: /home/rslomron/tm_custom/install/tm_driver/share/tm_driver/environment/path.sh
[6.332s] -- Installing: /home/rslomron/tm_custom/install/tm_driver/share/tm_driver/environment/path.dsv
[6.332s] -- Up-to-date: /home/rslomron/tm_custom/install/tm_driver/share/tm_driver/local_setup.bash
[6.332s] -- Up-to-date: /home/rslomron/tm_custom/install/tm_driver/share/tm_driver/local_setup.sh
[6.332s] -- Up-to-date: /home/rslomron/tm_custom/install/tm_driver/share/tm_driver/local_setup.zsh
[6.332s] -- Installing: /home/rslomron/tm_custom/install/tm_driver/share/tm_driver/local_setup.dsv
[6.332s] -- Installing: /home/rslomron/tm_custom/install/tm_driver/share/tm_driver/package.dsv
[6.332s] -- Up-to-date: /home/rslomron/tm_custom/install/tm_driver/share/ament_index/resource_index/packages/tm_driver
[6.333s] -- Up-to-date: /home/rslomron/tm_custom/install/tm_driver/share/tm_driver/cmake/tm_driverConfig.cmake
[6.333s] -- Up-to-date: /home/rslomron/tm_custom/install/tm_driver/share/tm_driver/cmake/tm_driverConfig-version.cmake
[6.333s] -- Up-to-date: /home/rslomron/tm_custom/install/tm_driver/share/tm_driver/package.xml
[6.335s] Invoked command in '/home/rslomron/tm_custom/build/tm_driver' returned '0': AMENT_PREFIX_PATH=/home/rslomron/tm_custom/install/tm_msgs:${AMENT_PREFIX_PATH} CMAKE_PREFIX_PATH=/home/rslomron/tm_custom/install/tm_msgs:/home/rslomron/moveit2_ws/install/pilz_industrial_motion_planner_testutils:/home/rslomron/moveit2_ws/install/moveit_runtime:/home/rslomron/moveit2_ws/install/moveit:/home/rslomron/moveit2_ws/install/moveit_planners:/home/rslomron/moveit2_ws/install/pilz_industrial_motion_planner:/home/rslomron/moveit2_ws/install/moveit_ros_control_interface:/home/rslomron/moveit2_ws/install/moveit_plugins:/home/rslomron/moveit2_ws/install/moveit_simple_controller_manager:/home/rslomron/moveit2_ws/install/moveit_setup_assistant:/home/rslomron/moveit2_ws/install/moveit_setup_srdf_plugins:/home/rslomron/moveit2_ws/install/moveit_setup_core_plugins:/home/rslomron/moveit2_ws/install/moveit_setup_controllers:/home/rslomron/moveit2_ws/install/moveit_setup_app_plugins:/home/rslomron/moveit2_ws/install/moveit_setup_framework:/home/rslomron/moveit2_ws/install/moveit_servo:/home/rslomron/moveit2_ws/install/moveit_ros:/home/rslomron/moveit2_ws/install/moveit_ros_visualization:/home/rslomron/moveit2_ws/install/moveit_hybrid_planning:/home/rslomron/moveit2_ws/install/moveit_ros_planning_interface:/home/rslomron/moveit2_ws/install/moveit_ros_benchmarks:/home/rslomron/moveit2_ws/install/moveit_ros_warehouse:/home/rslomron/moveit2_ws/install/moveit_ros_robot_interaction:/home/rslomron/moveit2_ws/install/moveit_ros_perception:/home/rslomron/moveit2_ws/install/moveit_resources_prbt_pg70_support:/home/rslomron/moveit2_ws/install/moveit_resources_prbt_moveit_config:/home/rslomron/moveit2_ws/install/moveit_ros_move_group:/home/rslomron/moveit2_ws/install/moveit_planners_ompl:/home/rslomron/moveit2_ws/install/moveit_ros_planning:/home/rslomron/moveit2_ws/install/moveit_ros_occupancy_map_monitor:/home/rslomron/moveit2_ws/install/moveit_resources_prbt_support:/home/rslomron/moveit2_ws/install/moveit_resources_prbt_ikfast_manipulator_plugin:/home/rslomron/moveit2_ws/install/moveit_resources:/home/rslomron/moveit2_ws/install/moveit_resources_pr2_description:/home/rslomron/moveit2_ws/install/moveit_resources_panda_moveit_config:/home/rslomron/moveit2_ws/install/moveit_resources_panda_description:/home/rslomron/moveit2_ws/install/moveit_resources_fanuc_moveit_config:/home/rslomron/moveit2_ws/install/moveit_resources_fanuc_description:/home/rslomron/moveit2_ws/install/moveit_planners_chomp:/home/rslomron/moveit2_ws/install/moveit_kinematics:/home/rslomron/moveit2_ws/install/moveit_chomp_optimizer_adapter:/home/rslomron/moveit2_ws/install/chomp_motion_planner:/home/rslomron/moveit2_ws/install/moveit_core:/home/rslomron/moveit2_ws/install/moveit_msgs:/home/rslomron/moveit2_ws/install/moveit_common:/home/rslomron/moveit2_ws/install/moveit_configs_utils:/opt/ros/humble LD_LIBRARY_PATH=/home/rslomron/tm_custom/install/tm_msgs/lib:${LD_LIBRARY_PATH} PYTHONPATH=/home/rslomron/tm_custom/install/tm_msgs/local/lib/python3.10/dist-packages:${PYTHONPATH} /usr/bin/cmake --install /home/rslomron/tm_custom/build/tm_driver
