[0.058s] Invoking command in '/home/rslomron/tm_custom/build/tm_msgs': CMAKE_PREFIX_PATH=${CMAKE_PREFIX_PATH}:/home/rslomron/tm_custom/install/tm_mod_urdf:/home/rslomron/tm_custom/install/techman_robot_get_status:/home/rslomron/moveit2_ws/install/moveit_configs_utils:/opt/ros/humble /usr/bin/cmake /home/rslomron/tm_custom/src/tm_msgs -DCMAKE_INSTALL_PREFIX=/home/rslomron/tm_custom/install/tm_msgs
[0.759s] -- The C compiler identification is GNU 11.4.0
[0.760s] -- The CXX compiler identification is GNU 11.4.0
[0.761s] -- Detecting C compiler ABI info
[0.761s] -- Detecting C compiler ABI info - done
[0.762s] -- Check for working C compiler: /usr/bin/cc - skipped
[0.762s] -- Detecting C compile features
[0.762s] -- Detecting C compile features - done
[0.763s] -- Detecting CXX compiler ABI info
[0.764s] -- Detecting CXX compiler ABI info - done
[0.764s] -- Check for working CXX compiler: /usr/bin/c++ - skipped
[0.764s] -- Detecting CXX compile features
[0.764s] -- Detecting CXX compile features - done
[0.764s] -- Found ament_cmake: 1.3.8 (/opt/ros/humble/share/ament_cmake/cmake)
[0.764s] -- Found Python3: /usr/bin/python3 (found version "3.10.12") found components: Interpreter 
[0.886s] -- Found std_msgs: 4.2.3 (/opt/ros/humble/share/std_msgs/cmake)
[1.061s] -- Found rosidl_generator_c: 3.1.5 (/opt/ros/humble/share/rosidl_generator_c/cmake)
[1.117s] -- Found rosidl_adapter: 3.1.5 (/opt/ros/humble/share/rosidl_adapter/cmake)
[1.134s] -- Found rosidl_generator_cpp: 3.1.5 (/opt/ros/humble/share/rosidl_generator_cpp/cmake)
[1.200s] -- Using all available rosidl_typesupport_c: rosidl_typesupport_fastrtps_c;rosidl_typesupport_introspection_c
[1.273s] -- Using all available rosidl_typesupport_cpp: rosidl_typesupport_fastrtps_cpp;rosidl_typesupport_introspection_cpp
[1.433s] -- Found rosidl_default_generators: 1.2.0 (/opt/ros/humble/share/rosidl_default_generators/cmake)
[2.141s] -- Found ament_cmake_ros: 0.10.0 (/opt/ros/humble/share/ament_cmake_ros/cmake)
[2.775s] -- Using all available rosidl_typesupport_c: rosidl_typesupport_fastrtps_c;rosidl_typesupport_introspection_c
[3.040s] -- Using all available rosidl_typesupport_cpp: rosidl_typesupport_fastrtps_cpp;rosidl_typesupport_introspection_cpp
[3.083s] -- Found PythonInterp: /usr/bin/python3 (found suitable version "3.10.12", minimum required is "3.6") 
[3.094s] -- Found python_cmake_module: 0.10.0 (/opt/ros/humble/share/python_cmake_module/cmake)
[3.153s] -- Found PythonLibs: /usr/lib/x86_64-linux-gnu/libpython3.10.so (found suitable version "3.10.12", minimum required is "3.5") 
[3.153s] -- Using PYTHON_EXECUTABLE: /usr/bin/python3
[3.153s] -- Using PYTHON_INCLUDE_DIRS: /usr/include/python3.10
[3.154s] -- Using PYTHON_LIBRARIES: /usr/lib/x86_64-linux-gnu/libpython3.10.so
[3.192s] -- Found PythonExtra: .so  
[3.406s] -- Configuring done
[3.499s] -- Generating done
[3.505s] -- Build files have been written to: /home/rslomron/tm_custom/build/tm_msgs
[3.520s] Invoked command in '/home/rslomron/tm_custom/build/tm_msgs' returned '0': CMAKE_PREFIX_PATH=${CMAKE_PREFIX_PATH}:/home/rslomron/tm_custom/install/tm_mod_urdf:/home/rslomron/tm_custom/install/techman_robot_get_status:/home/rslomron/moveit2_ws/install/moveit_configs_utils:/opt/ros/humble /usr/bin/cmake /home/rslomron/tm_custom/src/tm_msgs -DCMAKE_INSTALL_PREFIX=/home/rslomron/tm_custom/install/tm_msgs
[3.521s] Invoking command in '/home/rslomron/tm_custom/build/tm_msgs': CMAKE_PREFIX_PATH=${CMAKE_PREFIX_PATH}:/home/rslomron/tm_custom/install/tm_mod_urdf:/home/rslomron/tm_custom/install/techman_robot_get_status:/home/rslomron/moveit2_ws/install/moveit_configs_utils:/opt/ros/humble /usr/bin/cmake --build /home/rslomron/tm_custom/build/tm_msgs -- -j8 -l8
[3.962s] [35m[1mConsolidate compiler generated dependencies of target tm_msgs__rosidl_generator_c[0m
[3.962s] [  0%] Built target tm_msgs__cpp
[3.962s] [ 12%] Built target tm_msgs__rosidl_generator_c
[3.962s] [35m[1mConsolidate compiler generated dependencies of target tm_msgs__rosidl_typesupport_cpp[0m
[3.963s] [35m[1mConsolidate compiler generated dependencies of target tm_msgs__rosidl_typesupport_introspection_c[0m
[3.963s] [35m[1mConsolidate compiler generated dependencies of target tm_msgs__rosidl_typesupport_fastrtps_cpp[0m
[3.963s] [ 12%] Built target ament_cmake_python_copy_tm_msgs
[3.963s] [35m[1mConsolidate compiler generated dependencies of target tm_msgs__rosidl_typesupport_introspection_cpp[0m
[3.963s] [35m[1mConsolidate compiler generated dependencies of target tm_msgs__rosidl_typesupport_c[0m
[3.963s] [35m[1mConsolidate compiler generated dependencies of target tm_msgs__rosidl_typesupport_fastrtps_c[0m
[3.963s] [ 24%] Built target tm_msgs__rosidl_typesupport_introspection_c
[3.963s] [ 36%] Built target tm_msgs__rosidl_typesupport_cpp
[3.964s] [ 47%] Built target tm_msgs__rosidl_typesupport_fastrtps_cpp
[3.964s] [ 59%] Built target tm_msgs__rosidl_typesupport_c
[3.973s] [ 71%] Built target tm_msgs__rosidl_typesupport_introspection_cpp
[3.976s] [ 83%] Built target tm_msgs__rosidl_typesupport_fastrtps_c
[4.040s] [ 83%] Built target tm_msgs
[4.111s] [ 84%] Built target tm_msgs__py
[4.145s] [35m[1mConsolidate compiler generated dependencies of target tm_msgs__rosidl_generator_py[0m
[4.189s] [ 95%] Built target tm_msgs__rosidl_generator_py
[4.219s] [35m[1mConsolidate compiler generated dependencies of target tm_msgs__rosidl_typesupport_c__pyext[0m
[4.235s] [35m[1mConsolidate compiler generated dependencies of target tm_msgs__rosidl_typesupport_fastrtps_c__pyext[0m
[4.242s] [35m[1mConsolidate compiler generated dependencies of target tm_msgs__rosidl_typesupport_introspection_c__pyext[0m
[4.269s] [ 97%] Built target tm_msgs__rosidl_typesupport_fastrtps_c__pyext
[4.281s] [ 99%] Built target tm_msgs__rosidl_typesupport_introspection_c__pyext
[4.284s] [100%] Built target tm_msgs__rosidl_typesupport_c__pyext
[4.389s] running egg_info
[4.390s] writing tm_msgs.egg-info/PKG-INFO
[4.390s] writing dependency_links to tm_msgs.egg-info/dependency_links.txt
[4.390s] writing top-level names to tm_msgs.egg-info/top_level.txt
[4.393s] reading manifest file 'tm_msgs.egg-info/SOURCES.txt'
[4.394s] writing manifest file 'tm_msgs.egg-info/SOURCES.txt'
[4.439s] [100%] Built target ament_cmake_python_build_tm_msgs_egg
[4.462s] Invoked command in '/home/rslomron/tm_custom/build/tm_msgs' returned '0': CMAKE_PREFIX_PATH=${CMAKE_PREFIX_PATH}:/home/rslomron/tm_custom/install/tm_mod_urdf:/home/rslomron/tm_custom/install/techman_robot_get_status:/home/rslomron/moveit2_ws/install/moveit_configs_utils:/opt/ros/humble /usr/bin/cmake --build /home/rslomron/tm_custom/build/tm_msgs -- -j8 -l8
[5.063s] Invoking command in '/home/rslomron/tm_custom/build/tm_msgs': CMAKE_PREFIX_PATH=${CMAKE_PREFIX_PATH}:/home/rslomron/tm_custom/install/tm_mod_urdf:/home/rslomron/tm_custom/install/techman_robot_get_status:/home/rslomron/moveit2_ws/install/moveit_configs_utils:/opt/ros/humble /usr/bin/cmake --install /home/rslomron/tm_custom/build/tm_msgs
[5.075s] -- Install configuration: ""
[5.075s] -- Up-to-date: /home/rslomron/tm_custom/install/tm_msgs/share/ament_index/resource_index/rosidl_interfaces/tm_msgs
[5.075s] -- Up-to-date: /home/rslomron/tm_custom/install/tm_msgs/include/tm_msgs/tm_msgs
[5.076s] -- Up-to-date: /home/rslomron/tm_custom/install/tm_msgs/include/tm_msgs/tm_msgs/msg
[5.076s] -- Up-to-date: /home/rslomron/tm_custom/install/tm_msgs/include/tm_msgs/tm_msgs/msg/detail
[5.076s] -- Up-to-date: /home/rslomron/tm_custom/install/tm_msgs/include/tm_msgs/tm_msgs/msg/detail/sct_response__functions.c
[5.076s] -- Up-to-date: /home/rslomron/tm_custom/install/tm_msgs/include/tm_msgs/tm_msgs/msg/detail/feedback_state__type_support.h
[5.076s] -- Up-to-date: /home/rslomron/tm_custom/install/tm_msgs/include/tm_msgs/tm_msgs/msg/detail/svr_response__functions.c
[5.076s] -- Up-to-date: /home/rslomron/tm_custom/install/tm_msgs/include/tm_msgs/tm_msgs/msg/detail/sct_response__functions.h
[5.077s] -- Up-to-date: /home/rslomron/tm_custom/install/tm_msgs/include/tm_msgs/tm_msgs/msg/detail/feedback_state__functions.c
[5.077s] -- Up-to-date: /home/rslomron/tm_custom/install/tm_msgs/include/tm_msgs/tm_msgs/msg/detail/svr_response__functions.h
[5.077s] -- Up-to-date: /home/rslomron/tm_custom/install/tm_msgs/include/tm_msgs/tm_msgs/msg/detail/sta_response__functions.h
[5.077s] -- Up-to-date: /home/rslomron/tm_custom/install/tm_msgs/include/tm_msgs/tm_msgs/msg/detail/sct_response__struct.h
[5.077s] -- Up-to-date: /home/rslomron/tm_custom/install/tm_msgs/include/tm_msgs/tm_msgs/msg/detail/sta_response__type_support.h
[5.077s] -- Up-to-date: /home/rslomron/tm_custom/install/tm_msgs/include/tm_msgs/tm_msgs/msg/detail/sct_response__type_support.h
[5.078s] -- Up-to-date: /home/rslomron/tm_custom/install/tm_msgs/include/tm_msgs/tm_msgs/msg/detail/svr_response__type_support.h
[5.078s] -- Up-to-date: /home/rslomron/tm_custom/install/tm_msgs/include/tm_msgs/tm_msgs/msg/detail/svr_response__struct.h
[5.078s] -- Up-to-date: /home/rslomron/tm_custom/install/tm_msgs/include/tm_msgs/tm_msgs/msg/detail/sta_response__functions.c
[5.078s] -- Up-to-date: /home/rslomron/tm_custom/install/tm_msgs/include/tm_msgs/tm_msgs/msg/detail/feedback_state__functions.h
[5.078s] -- Up-to-date: /home/rslomron/tm_custom/install/tm_msgs/include/tm_msgs/tm_msgs/msg/detail/sta_response__struct.h
[5.078s] -- Up-to-date: /home/rslomron/tm_custom/install/tm_msgs/include/tm_msgs/tm_msgs/msg/detail/feedback_state__struct.h
[5.079s] -- Up-to-date: /home/rslomron/tm_custom/install/tm_msgs/include/tm_msgs/tm_msgs/msg/sta_response.h
[5.079s] -- Up-to-date: /home/rslomron/tm_custom/install/tm_msgs/include/tm_msgs/tm_msgs/msg/svr_response.h
[5.079s] -- Up-to-date: /home/rslomron/tm_custom/install/tm_msgs/include/tm_msgs/tm_msgs/msg/rosidl_generator_c__visibility_control.h
[5.079s] -- Up-to-date: /home/rslomron/tm_custom/install/tm_msgs/include/tm_msgs/tm_msgs/msg/sct_response.h
[5.080s] -- Up-to-date: /home/rslomron/tm_custom/install/tm_msgs/include/tm_msgs/tm_msgs/msg/feedback_state.h
[5.080s] -- Up-to-date: /home/rslomron/tm_custom/install/tm_msgs/include/tm_msgs/tm_msgs/srv
[5.080s] -- Up-to-date: /home/rslomron/tm_custom/install/tm_msgs/include/tm_msgs/tm_msgs/srv/detail
[5.080s] -- Up-to-date: /home/rslomron/tm_custom/install/tm_msgs/include/tm_msgs/tm_msgs/srv/detail/send_script__functions.h
[5.080s] -- Up-to-date: /home/rslomron/tm_custom/install/tm_msgs/include/tm_msgs/tm_msgs/srv/detail/send_script__functions.c
[5.081s] -- Up-to-date: /home/rslomron/tm_custom/install/tm_msgs/include/tm_msgs/tm_msgs/srv/detail/ask_item__type_support.h
[5.081s] -- Up-to-date: /home/rslomron/tm_custom/install/tm_msgs/include/tm_msgs/tm_msgs/srv/detail/ask_sta__type_support.h
[5.081s] -- Up-to-date: /home/rslomron/tm_custom/install/tm_msgs/include/tm_msgs/tm_msgs/srv/detail/write_item__struct.h
[5.081s] -- Up-to-date: /home/rslomron/tm_custom/install/tm_msgs/include/tm_msgs/tm_msgs/srv/detail/ask_sta__functions.h
[5.081s] -- Up-to-date: /home/rslomron/tm_custom/install/tm_msgs/include/tm_msgs/tm_msgs/srv/detail/write_item__functions.c
[5.081s] -- Up-to-date: /home/rslomron/tm_custom/install/tm_msgs/include/tm_msgs/tm_msgs/srv/detail/set_io__type_support.h
[5.081s] -- Up-to-date: /home/rslomron/tm_custom/install/tm_msgs/include/tm_msgs/tm_msgs/srv/detail/ask_item__struct.h
[5.081s] -- Up-to-date: /home/rslomron/tm_custom/install/tm_msgs/include/tm_msgs/tm_msgs/srv/detail/set_event__functions.h
[5.081s] -- Up-to-date: /home/rslomron/tm_custom/install/tm_msgs/include/tm_msgs/tm_msgs/srv/detail/set_positions__struct.h
[5.081s] -- Up-to-date: /home/rslomron/tm_custom/install/tm_msgs/include/tm_msgs/tm_msgs/srv/detail/set_io__functions.c
[5.081s] -- Up-to-date: /home/rslomron/tm_custom/install/tm_msgs/include/tm_msgs/tm_msgs/srv/detail/connect_tm__struct.h
[5.081s] -- Up-to-date: /home/rslomron/tm_custom/install/tm_msgs/include/tm_msgs/tm_msgs/srv/detail/set_positions__functions.c
[5.081s] -- Up-to-date: /home/rslomron/tm_custom/install/tm_msgs/include/tm_msgs/tm_msgs/srv/detail/set_positions__functions.h
[5.082s] -- Up-to-date: /home/rslomron/tm_custom/install/tm_msgs/include/tm_msgs/tm_msgs/srv/detail/ask_item__functions.c
[5.082s] -- Up-to-date: /home/rslomron/tm_custom/install/tm_msgs/include/tm_msgs/tm_msgs/srv/detail/ask_item__functions.h
[5.082s] -- Up-to-date: /home/rslomron/tm_custom/install/tm_msgs/include/tm_msgs/tm_msgs/srv/detail/set_event__functions.c
[5.082s] -- Up-to-date: /home/rslomron/tm_custom/install/tm_msgs/include/tm_msgs/tm_msgs/srv/detail/connect_tm__functions.h
[5.082s] -- Up-to-date: /home/rslomron/tm_custom/install/tm_msgs/include/tm_msgs/tm_msgs/srv/detail/send_script__type_support.h
[5.082s] -- Up-to-date: /home/rslomron/tm_custom/install/tm_msgs/include/tm_msgs/tm_msgs/srv/detail/set_event__struct.h
[5.082s] -- Up-to-date: /home/rslomron/tm_custom/install/tm_msgs/include/tm_msgs/tm_msgs/srv/detail/write_item__type_support.h
[5.082s] -- Up-to-date: /home/rslomron/tm_custom/install/tm_msgs/include/tm_msgs/tm_msgs/srv/detail/send_script__struct.h
[5.082s] -- Up-to-date: /home/rslomron/tm_custom/install/tm_msgs/include/tm_msgs/tm_msgs/srv/detail/connect_tm__functions.c
[5.082s] -- Up-to-date: /home/rslomron/tm_custom/install/tm_msgs/include/tm_msgs/tm_msgs/srv/detail/set_positions__type_support.h
[5.082s] -- Up-to-date: /home/rslomron/tm_custom/install/tm_msgs/include/tm_msgs/tm_msgs/srv/detail/set_event__type_support.h
[5.082s] -- Up-to-date: /home/rslomron/tm_custom/install/tm_msgs/include/tm_msgs/tm_msgs/srv/detail/connect_tm__type_support.h
[5.082s] -- Up-to-date: /home/rslomron/tm_custom/install/tm_msgs/include/tm_msgs/tm_msgs/srv/detail/set_io__functions.h
[5.082s] -- Up-to-date: /home/rslomron/tm_custom/install/tm_msgs/include/tm_msgs/tm_msgs/srv/detail/ask_sta__functions.c
[5.083s] -- Up-to-date: /home/rslomron/tm_custom/install/tm_msgs/include/tm_msgs/tm_msgs/srv/detail/ask_sta__struct.h
[5.083s] -- Up-to-date: /home/rslomron/tm_custom/install/tm_msgs/include/tm_msgs/tm_msgs/srv/detail/set_io__struct.h
[5.083s] -- Up-to-date: /home/rslomron/tm_custom/install/tm_msgs/include/tm_msgs/tm_msgs/srv/detail/write_item__functions.h
[5.083s] -- Up-to-date: /home/rslomron/tm_custom/install/tm_msgs/include/tm_msgs/tm_msgs/srv/connect_tm.h
[5.083s] -- Up-to-date: /home/rslomron/tm_custom/install/tm_msgs/include/tm_msgs/tm_msgs/srv/ask_item.h
[5.083s] -- Up-to-date: /home/rslomron/tm_custom/install/tm_msgs/include/tm_msgs/tm_msgs/srv/ask_sta.h
[5.083s] -- Up-to-date: /home/rslomron/tm_custom/install/tm_msgs/include/tm_msgs/tm_msgs/srv/write_item.h
[5.083s] -- Up-to-date: /home/rslomron/tm_custom/install/tm_msgs/include/tm_msgs/tm_msgs/srv/set_io.h
[5.083s] -- Up-to-date: /home/rslomron/tm_custom/install/tm_msgs/include/tm_msgs/tm_msgs/srv/set_event.h
[5.083s] -- Up-to-date: /home/rslomron/tm_custom/install/tm_msgs/include/tm_msgs/tm_msgs/srv/set_positions.h
[5.083s] -- Up-to-date: /home/rslomron/tm_custom/install/tm_msgs/include/tm_msgs/tm_msgs/srv/send_script.h
[5.083s] -- Up-to-date: /home/rslomron/tm_custom/install/tm_msgs/share/tm_msgs/environment/library_path.sh
[5.083s] -- Installing: /home/rslomron/tm_custom/install/tm_msgs/share/tm_msgs/environment/library_path.dsv
[5.084s] -- Up-to-date: /home/rslomron/tm_custom/install/tm_msgs/lib/libtm_msgs__rosidl_generator_c.so
[5.084s] -- Up-to-date: /home/rslomron/tm_custom/install/tm_msgs/include/tm_msgs/tm_msgs
[5.084s] -- Up-to-date: /home/rslomron/tm_custom/install/tm_msgs/include/tm_msgs/tm_msgs/msg
[5.084s] -- Up-to-date: /home/rslomron/tm_custom/install/tm_msgs/include/tm_msgs/tm_msgs/msg/detail
[5.084s] -- Up-to-date: /home/rslomron/tm_custom/install/tm_msgs/include/tm_msgs/tm_msgs/msg/detail/feedback_state__rosidl_typesupport_fastrtps_c.h
[5.084s] -- Up-to-date: /home/rslomron/tm_custom/install/tm_msgs/include/tm_msgs/tm_msgs/msg/detail/sta_response__rosidl_typesupport_fastrtps_c.h
[5.084s] -- Up-to-date: /home/rslomron/tm_custom/install/tm_msgs/include/tm_msgs/tm_msgs/msg/detail/svr_response__rosidl_typesupport_fastrtps_c.h
[5.084s] -- Up-to-date: /home/rslomron/tm_custom/install/tm_msgs/include/tm_msgs/tm_msgs/msg/detail/sct_response__rosidl_typesupport_fastrtps_c.h
[5.084s] -- Up-to-date: /home/rslomron/tm_custom/install/tm_msgs/include/tm_msgs/tm_msgs/msg/rosidl_typesupport_fastrtps_c__visibility_control.h
[5.084s] -- Up-to-date: /home/rslomron/tm_custom/install/tm_msgs/include/tm_msgs/tm_msgs/srv
[5.084s] -- Up-to-date: /home/rslomron/tm_custom/install/tm_msgs/include/tm_msgs/tm_msgs/srv/detail
[5.085s] -- Up-to-date: /home/rslomron/tm_custom/install/tm_msgs/include/tm_msgs/tm_msgs/srv/detail/set_event__rosidl_typesupport_fastrtps_c.h
[5.085s] -- Up-to-date: /home/rslomron/tm_custom/install/tm_msgs/include/tm_msgs/tm_msgs/srv/detail/ask_item__rosidl_typesupport_fastrtps_c.h
[5.085s] -- Up-to-date: /home/rslomron/tm_custom/install/tm_msgs/include/tm_msgs/tm_msgs/srv/detail/connect_tm__rosidl_typesupport_fastrtps_c.h
[5.085s] -- Up-to-date: /home/rslomron/tm_custom/install/tm_msgs/include/tm_msgs/tm_msgs/srv/detail/write_item__rosidl_typesupport_fastrtps_c.h
[5.085s] -- Up-to-date: /home/rslomron/tm_custom/install/tm_msgs/include/tm_msgs/tm_msgs/srv/detail/set_positions__rosidl_typesupport_fastrtps_c.h
[5.085s] -- Up-to-date: /home/rslomron/tm_custom/install/tm_msgs/include/tm_msgs/tm_msgs/srv/detail/send_script__rosidl_typesupport_fastrtps_c.h
[5.085s] -- Up-to-date: /home/rslomron/tm_custom/install/tm_msgs/include/tm_msgs/tm_msgs/srv/detail/set_io__rosidl_typesupport_fastrtps_c.h
[5.085s] -- Up-to-date: /home/rslomron/tm_custom/install/tm_msgs/include/tm_msgs/tm_msgs/srv/detail/ask_sta__rosidl_typesupport_fastrtps_c.h
[5.085s] -- Up-to-date: /home/rslomron/tm_custom/install/tm_msgs/lib/libtm_msgs__rosidl_typesupport_fastrtps_c.so
[5.085s] -- Up-to-date: /home/rslomron/tm_custom/install/tm_msgs/include/tm_msgs/tm_msgs
[5.085s] -- Up-to-date: /home/rslomron/tm_custom/install/tm_msgs/include/tm_msgs/tm_msgs/msg
[5.085s] -- Up-to-date: /home/rslomron/tm_custom/install/tm_msgs/include/tm_msgs/tm_msgs/msg/detail
[5.085s] -- Up-to-date: /home/rslomron/tm_custom/install/tm_msgs/include/tm_msgs/tm_msgs/msg/detail/svr_response__struct.hpp
[5.086s] -- Up-to-date: /home/rslomron/tm_custom/install/tm_msgs/include/tm_msgs/tm_msgs/msg/detail/sta_response__builder.hpp
[5.086s] -- Up-to-date: /home/rslomron/tm_custom/install/tm_msgs/include/tm_msgs/tm_msgs/msg/detail/sct_response__builder.hpp
[5.086s] -- Up-to-date: /home/rslomron/tm_custom/install/tm_msgs/include/tm_msgs/tm_msgs/msg/detail/feedback_state__struct.hpp
[5.086s] -- Up-to-date: /home/rslomron/tm_custom/install/tm_msgs/include/tm_msgs/tm_msgs/msg/detail/sct_response__traits.hpp
[5.086s] -- Up-to-date: /home/rslomron/tm_custom/install/tm_msgs/include/tm_msgs/tm_msgs/msg/detail/svr_response__traits.hpp
[5.086s] -- Up-to-date: /home/rslomron/tm_custom/install/tm_msgs/include/tm_msgs/tm_msgs/msg/detail/svr_response__builder.hpp
[5.086s] -- Up-to-date: /home/rslomron/tm_custom/install/tm_msgs/include/tm_msgs/tm_msgs/msg/detail/sct_response__struct.hpp
[5.086s] -- Up-to-date: /home/rslomron/tm_custom/install/tm_msgs/include/tm_msgs/tm_msgs/msg/detail/feedback_state__builder.hpp
[5.086s] -- Up-to-date: /home/rslomron/tm_custom/install/tm_msgs/include/tm_msgs/tm_msgs/msg/detail/feedback_state__traits.hpp
[5.086s] -- Up-to-date: /home/rslomron/tm_custom/install/tm_msgs/include/tm_msgs/tm_msgs/msg/detail/sta_response__struct.hpp
[5.086s] -- Up-to-date: /home/rslomron/tm_custom/install/tm_msgs/include/tm_msgs/tm_msgs/msg/detail/sta_response__traits.hpp
[5.086s] -- Up-to-date: /home/rslomron/tm_custom/install/tm_msgs/include/tm_msgs/tm_msgs/msg/sta_response.hpp
[5.086s] -- Up-to-date: /home/rslomron/tm_custom/install/tm_msgs/include/tm_msgs/tm_msgs/msg/sct_response.hpp
[5.087s] -- Up-to-date: /home/rslomron/tm_custom/install/tm_msgs/include/tm_msgs/tm_msgs/msg/svr_response.hpp
[5.087s] -- Up-to-date: /home/rslomron/tm_custom/install/tm_msgs/include/tm_msgs/tm_msgs/msg/feedback_state.hpp
[5.087s] -- Up-to-date: /home/rslomron/tm_custom/install/tm_msgs/include/tm_msgs/tm_msgs/srv
[5.087s] -- Up-to-date: /home/rslomron/tm_custom/install/tm_msgs/include/tm_msgs/tm_msgs/srv/detail
[5.087s] -- Up-to-date: /home/rslomron/tm_custom/install/tm_msgs/include/tm_msgs/tm_msgs/srv/detail/ask_sta__builder.hpp
[5.087s] -- Up-to-date: /home/rslomron/tm_custom/install/tm_msgs/include/tm_msgs/tm_msgs/srv/detail/send_script__struct.hpp
[5.087s] -- Up-to-date: /home/rslomron/tm_custom/install/tm_msgs/include/tm_msgs/tm_msgs/srv/detail/ask_item__builder.hpp
[5.088s] -- Up-to-date: /home/rslomron/tm_custom/install/tm_msgs/include/tm_msgs/tm_msgs/srv/detail/connect_tm__struct.hpp
[5.088s] -- Up-to-date: /home/rslomron/tm_custom/install/tm_msgs/include/tm_msgs/tm_msgs/srv/detail/set_event__traits.hpp
[5.088s] -- Up-to-date: /home/rslomron/tm_custom/install/tm_msgs/include/tm_msgs/tm_msgs/srv/detail/ask_sta__traits.hpp
[5.088s] -- Up-to-date: /home/rslomron/tm_custom/install/tm_msgs/include/tm_msgs/tm_msgs/srv/detail/set_positions__traits.hpp
[5.088s] -- Up-to-date: /home/rslomron/tm_custom/install/tm_msgs/include/tm_msgs/tm_msgs/srv/detail/set_io__builder.hpp
[5.088s] -- Up-to-date: /home/rslomron/tm_custom/install/tm_msgs/include/tm_msgs/tm_msgs/srv/detail/write_item__builder.hpp
[5.088s] -- Up-to-date: /home/rslomron/tm_custom/install/tm_msgs/include/tm_msgs/tm_msgs/srv/detail/set_io__struct.hpp
[5.088s] -- Up-to-date: /home/rslomron/tm_custom/install/tm_msgs/include/tm_msgs/tm_msgs/srv/detail/set_io__traits.hpp
[5.088s] -- Up-to-date: /home/rslomron/tm_custom/install/tm_msgs/include/tm_msgs/tm_msgs/srv/detail/ask_item__traits.hpp
[5.088s] -- Up-to-date: /home/rslomron/tm_custom/install/tm_msgs/include/tm_msgs/tm_msgs/srv/detail/set_positions__struct.hpp
[5.088s] -- Up-to-date: /home/rslomron/tm_custom/install/tm_msgs/include/tm_msgs/tm_msgs/srv/detail/ask_sta__struct.hpp
[5.088s] -- Up-to-date: /home/rslomron/tm_custom/install/tm_msgs/include/tm_msgs/tm_msgs/srv/detail/connect_tm__builder.hpp
[5.088s] -- Up-to-date: /home/rslomron/tm_custom/install/tm_msgs/include/tm_msgs/tm_msgs/srv/detail/write_item__traits.hpp
[5.088s] -- Up-to-date: /home/rslomron/tm_custom/install/tm_msgs/include/tm_msgs/tm_msgs/srv/detail/ask_item__struct.hpp
[5.088s] -- Up-to-date: /home/rslomron/tm_custom/install/tm_msgs/include/tm_msgs/tm_msgs/srv/detail/send_script__traits.hpp
[5.088s] -- Up-to-date: /home/rslomron/tm_custom/install/tm_msgs/include/tm_msgs/tm_msgs/srv/detail/set_positions__builder.hpp
[5.089s] -- Up-to-date: /home/rslomron/tm_custom/install/tm_msgs/include/tm_msgs/tm_msgs/srv/detail/send_script__builder.hpp
[5.089s] -- Up-to-date: /home/rslomron/tm_custom/install/tm_msgs/include/tm_msgs/tm_msgs/srv/detail/connect_tm__traits.hpp
[5.089s] -- Up-to-date: /home/rslomron/tm_custom/install/tm_msgs/include/tm_msgs/tm_msgs/srv/detail/set_event__struct.hpp
[5.089s] -- Up-to-date: /home/rslomron/tm_custom/install/tm_msgs/include/tm_msgs/tm_msgs/srv/detail/write_item__struct.hpp
[5.089s] -- Up-to-date: /home/rslomron/tm_custom/install/tm_msgs/include/tm_msgs/tm_msgs/srv/detail/set_event__builder.hpp
[5.089s] -- Up-to-date: /home/rslomron/tm_custom/install/tm_msgs/include/tm_msgs/tm_msgs/srv/set_io.hpp
[5.089s] -- Up-to-date: /home/rslomron/tm_custom/install/tm_msgs/include/tm_msgs/tm_msgs/srv/set_event.hpp
[5.089s] -- Up-to-date: /home/rslomron/tm_custom/install/tm_msgs/include/tm_msgs/tm_msgs/srv/ask_item.hpp
[5.089s] -- Up-to-date: /home/rslomron/tm_custom/install/tm_msgs/include/tm_msgs/tm_msgs/srv/send_script.hpp
[5.089s] -- Up-to-date: /home/rslomron/tm_custom/install/tm_msgs/include/tm_msgs/tm_msgs/srv/set_positions.hpp
[5.089s] -- Up-to-date: /home/rslomron/tm_custom/install/tm_msgs/include/tm_msgs/tm_msgs/srv/connect_tm.hpp
[5.089s] -- Up-to-date: /home/rslomron/tm_custom/install/tm_msgs/include/tm_msgs/tm_msgs/srv/write_item.hpp
[5.089s] -- Up-to-date: /home/rslomron/tm_custom/install/tm_msgs/include/tm_msgs/tm_msgs/srv/ask_sta.hpp
[5.089s] -- Up-to-date: /home/rslomron/tm_custom/install/tm_msgs/include/tm_msgs/tm_msgs
[5.089s] -- Up-to-date: /home/rslomron/tm_custom/install/tm_msgs/include/tm_msgs/tm_msgs/msg
[5.089s] -- Up-to-date: /home/rslomron/tm_custom/install/tm_msgs/include/tm_msgs/tm_msgs/msg/detail
[5.090s] -- Up-to-date: /home/rslomron/tm_custom/install/tm_msgs/include/tm_msgs/tm_msgs/msg/detail/dds_fastrtps
[5.090s] -- Up-to-date: /home/rslomron/tm_custom/install/tm_msgs/include/tm_msgs/tm_msgs/msg/detail/feedback_state__rosidl_typesupport_fastrtps_cpp.hpp
[5.090s] -- Up-to-date: /home/rslomron/tm_custom/install/tm_msgs/include/tm_msgs/tm_msgs/msg/detail/sta_response__rosidl_typesupport_fastrtps_cpp.hpp
[5.090s] -- Up-to-date: /home/rslomron/tm_custom/install/tm_msgs/include/tm_msgs/tm_msgs/msg/detail/svr_response__rosidl_typesupport_fastrtps_cpp.hpp
[5.090s] -- Up-to-date: /home/rslomron/tm_custom/install/tm_msgs/include/tm_msgs/tm_msgs/msg/detail/sct_response__rosidl_typesupport_fastrtps_cpp.hpp
[5.090s] -- Up-to-date: /home/rslomron/tm_custom/install/tm_msgs/include/tm_msgs/tm_msgs/msg/rosidl_typesupport_fastrtps_cpp__visibility_control.h
[5.090s] -- Up-to-date: /home/rslomron/tm_custom/install/tm_msgs/include/tm_msgs/tm_msgs/srv
[5.090s] -- Up-to-date: /home/rslomron/tm_custom/install/tm_msgs/include/tm_msgs/tm_msgs/srv/detail
[5.090s] -- Up-to-date: /home/rslomron/tm_custom/install/tm_msgs/include/tm_msgs/tm_msgs/srv/detail/dds_fastrtps
[5.090s] -- Up-to-date: /home/rslomron/tm_custom/install/tm_msgs/include/tm_msgs/tm_msgs/srv/detail/send_script__rosidl_typesupport_fastrtps_cpp.hpp
[5.090s] -- Up-to-date: /home/rslomron/tm_custom/install/tm_msgs/include/tm_msgs/tm_msgs/srv/detail/set_positions__rosidl_typesupport_fastrtps_cpp.hpp
[5.090s] -- Up-to-date: /home/rslomron/tm_custom/install/tm_msgs/include/tm_msgs/tm_msgs/srv/detail/ask_item__rosidl_typesupport_fastrtps_cpp.hpp
[5.090s] -- Up-to-date: /home/rslomron/tm_custom/install/tm_msgs/include/tm_msgs/tm_msgs/srv/detail/connect_tm__rosidl_typesupport_fastrtps_cpp.hpp
[5.091s] -- Up-to-date: /home/rslomron/tm_custom/install/tm_msgs/include/tm_msgs/tm_msgs/srv/detail/set_event__rosidl_typesupport_fastrtps_cpp.hpp
[5.091s] -- Up-to-date: /home/rslomron/tm_custom/install/tm_msgs/include/tm_msgs/tm_msgs/srv/detail/ask_sta__rosidl_typesupport_fastrtps_cpp.hpp
[5.091s] -- Up-to-date: /home/rslomron/tm_custom/install/tm_msgs/include/tm_msgs/tm_msgs/srv/detail/set_io__rosidl_typesupport_fastrtps_cpp.hpp
[5.091s] -- Up-to-date: /home/rslomron/tm_custom/install/tm_msgs/include/tm_msgs/tm_msgs/srv/detail/write_item__rosidl_typesupport_fastrtps_cpp.hpp
[5.091s] -- Up-to-date: /home/rslomron/tm_custom/install/tm_msgs/lib/libtm_msgs__rosidl_typesupport_fastrtps_cpp.so
[5.091s] -- Up-to-date: /home/rslomron/tm_custom/install/tm_msgs/include/tm_msgs/tm_msgs
[5.091s] -- Up-to-date: /home/rslomron/tm_custom/install/tm_msgs/include/tm_msgs/tm_msgs/msg
[5.091s] -- Up-to-date: /home/rslomron/tm_custom/install/tm_msgs/include/tm_msgs/tm_msgs/msg/detail
[5.091s] -- Up-to-date: /home/rslomron/tm_custom/install/tm_msgs/include/tm_msgs/tm_msgs/msg/detail/sta_response__type_support.c
[5.091s] -- Up-to-date: /home/rslomron/tm_custom/install/tm_msgs/include/tm_msgs/tm_msgs/msg/detail/feedback_state__rosidl_typesupport_introspection_c.h
[5.091s] -- Up-to-date: /home/rslomron/tm_custom/install/tm_msgs/include/tm_msgs/tm_msgs/msg/detail/feedback_state__type_support.c
[5.091s] -- Up-to-date: /home/rslomron/tm_custom/install/tm_msgs/include/tm_msgs/tm_msgs/msg/detail/sct_response__rosidl_typesupport_introspection_c.h
[5.091s] -- Up-to-date: /home/rslomron/tm_custom/install/tm_msgs/include/tm_msgs/tm_msgs/msg/detail/sct_response__type_support.c
[5.092s] -- Up-to-date: /home/rslomron/tm_custom/install/tm_msgs/include/tm_msgs/tm_msgs/msg/detail/sta_response__rosidl_typesupport_introspection_c.h
[5.092s] -- Up-to-date: /home/rslomron/tm_custom/install/tm_msgs/include/tm_msgs/tm_msgs/msg/detail/svr_response__rosidl_typesupport_introspection_c.h
[5.092s] -- Up-to-date: /home/rslomron/tm_custom/install/tm_msgs/include/tm_msgs/tm_msgs/msg/detail/svr_response__type_support.c
[5.092s] -- Up-to-date: /home/rslomron/tm_custom/install/tm_msgs/include/tm_msgs/tm_msgs/msg/rosidl_typesupport_introspection_c__visibility_control.h
[5.092s] -- Up-to-date: /home/rslomron/tm_custom/install/tm_msgs/include/tm_msgs/tm_msgs/srv
[5.092s] -- Up-to-date: /home/rslomron/tm_custom/install/tm_msgs/include/tm_msgs/tm_msgs/srv/detail
[5.092s] -- Up-to-date: /home/rslomron/tm_custom/install/tm_msgs/include/tm_msgs/tm_msgs/srv/detail/set_event__type_support.c
[5.092s] -- Up-to-date: /home/rslomron/tm_custom/install/tm_msgs/include/tm_msgs/tm_msgs/srv/detail/ask_item__rosidl_typesupport_introspection_c.h
[5.092s] -- Up-to-date: /home/rslomron/tm_custom/install/tm_msgs/include/tm_msgs/tm_msgs/srv/detail/write_item__rosidl_typesupport_introspection_c.h
[5.092s] -- Up-to-date: /home/rslomron/tm_custom/install/tm_msgs/include/tm_msgs/tm_msgs/srv/detail/send_script__type_support.c
[5.092s] -- Up-to-date: /home/rslomron/tm_custom/install/tm_msgs/include/tm_msgs/tm_msgs/srv/detail/set_positions__type_support.c
[5.092s] -- Up-to-date: /home/rslomron/tm_custom/install/tm_msgs/include/tm_msgs/tm_msgs/srv/detail/set_event__rosidl_typesupport_introspection_c.h
[5.092s] -- Up-to-date: /home/rslomron/tm_custom/install/tm_msgs/include/tm_msgs/tm_msgs/srv/detail/send_script__rosidl_typesupport_introspection_c.h
[5.092s] -- Up-to-date: /home/rslomron/tm_custom/install/tm_msgs/include/tm_msgs/tm_msgs/srv/detail/connect_tm__rosidl_typesupport_introspection_c.h
[5.092s] -- Up-to-date: /home/rslomron/tm_custom/install/tm_msgs/include/tm_msgs/tm_msgs/srv/detail/write_item__type_support.c
[5.092s] -- Up-to-date: /home/rslomron/tm_custom/install/tm_msgs/include/tm_msgs/tm_msgs/srv/detail/connect_tm__type_support.c
[5.092s] -- Up-to-date: /home/rslomron/tm_custom/install/tm_msgs/include/tm_msgs/tm_msgs/srv/detail/set_io__rosidl_typesupport_introspection_c.h
[5.093s] -- Up-to-date: /home/rslomron/tm_custom/install/tm_msgs/include/tm_msgs/tm_msgs/srv/detail/set_positions__rosidl_typesupport_introspection_c.h
[5.093s] -- Up-to-date: /home/rslomron/tm_custom/install/tm_msgs/include/tm_msgs/tm_msgs/srv/detail/ask_item__type_support.c
[5.093s] -- Up-to-date: /home/rslomron/tm_custom/install/tm_msgs/include/tm_msgs/tm_msgs/srv/detail/ask_sta__type_support.c
[5.093s] -- Up-to-date: /home/rslomron/tm_custom/install/tm_msgs/include/tm_msgs/tm_msgs/srv/detail/ask_sta__rosidl_typesupport_introspection_c.h
[5.093s] -- Up-to-date: /home/rslomron/tm_custom/install/tm_msgs/include/tm_msgs/tm_msgs/srv/detail/set_io__type_support.c
[5.093s] -- Up-to-date: /home/rslomron/tm_custom/install/tm_msgs/lib/libtm_msgs__rosidl_typesupport_introspection_c.so
[5.093s] -- Up-to-date: /home/rslomron/tm_custom/install/tm_msgs/lib/libtm_msgs__rosidl_typesupport_c.so
[5.093s] -- Up-to-date: /home/rslomron/tm_custom/install/tm_msgs/include/tm_msgs/tm_msgs
[5.093s] -- Up-to-date: /home/rslomron/tm_custom/install/tm_msgs/include/tm_msgs/tm_msgs/msg
[5.093s] -- Up-to-date: /home/rslomron/tm_custom/install/tm_msgs/include/tm_msgs/tm_msgs/msg/detail
[5.093s] -- Up-to-date: /home/rslomron/tm_custom/install/tm_msgs/include/tm_msgs/tm_msgs/msg/detail/feedback_state__type_support.cpp
[5.093s] -- Up-to-date: /home/rslomron/tm_custom/install/tm_msgs/include/tm_msgs/tm_msgs/msg/detail/svr_response__type_support.cpp
[5.093s] -- Up-to-date: /home/rslomron/tm_custom/install/tm_msgs/include/tm_msgs/tm_msgs/msg/detail/feedback_state__rosidl_typesupport_introspection_cpp.hpp
[5.093s] -- Up-to-date: /home/rslomron/tm_custom/install/tm_msgs/include/tm_msgs/tm_msgs/msg/detail/sta_response__type_support.cpp
[5.093s] -- Up-to-date: /home/rslomron/tm_custom/install/tm_msgs/include/tm_msgs/tm_msgs/msg/detail/sta_response__rosidl_typesupport_introspection_cpp.hpp
[5.093s] -- Up-to-date: /home/rslomron/tm_custom/install/tm_msgs/include/tm_msgs/tm_msgs/msg/detail/sct_response__rosidl_typesupport_introspection_cpp.hpp
[5.094s] -- Up-to-date: /home/rslomron/tm_custom/install/tm_msgs/include/tm_msgs/tm_msgs/msg/detail/svr_response__rosidl_typesupport_introspection_cpp.hpp
[5.094s] -- Up-to-date: /home/rslomron/tm_custom/install/tm_msgs/include/tm_msgs/tm_msgs/msg/detail/sct_response__type_support.cpp
[5.094s] -- Up-to-date: /home/rslomron/tm_custom/install/tm_msgs/include/tm_msgs/tm_msgs/srv
[5.094s] -- Up-to-date: /home/rslomron/tm_custom/install/tm_msgs/include/tm_msgs/tm_msgs/srv/detail
[5.094s] -- Up-to-date: /home/rslomron/tm_custom/install/tm_msgs/include/tm_msgs/tm_msgs/srv/detail/set_positions__rosidl_typesupport_introspection_cpp.hpp
[5.094s] -- Up-to-date: /home/rslomron/tm_custom/install/tm_msgs/include/tm_msgs/tm_msgs/srv/detail/set_positions__type_support.cpp
[5.094s] -- Up-to-date: /home/rslomron/tm_custom/install/tm_msgs/include/tm_msgs/tm_msgs/srv/detail/set_io__rosidl_typesupport_introspection_cpp.hpp
[5.094s] -- Up-to-date: /home/rslomron/tm_custom/install/tm_msgs/include/tm_msgs/tm_msgs/srv/detail/set_event__type_support.cpp
[5.094s] -- Up-to-date: /home/rslomron/tm_custom/install/tm_msgs/include/tm_msgs/tm_msgs/srv/detail/ask_item__type_support.cpp
[5.094s] -- Up-to-date: /home/rslomron/tm_custom/install/tm_msgs/include/tm_msgs/tm_msgs/srv/detail/ask_sta__type_support.cpp
[5.094s] -- Up-to-date: /home/rslomron/tm_custom/install/tm_msgs/include/tm_msgs/tm_msgs/srv/detail/write_item__type_support.cpp
[5.094s] -- Up-to-date: /home/rslomron/tm_custom/install/tm_msgs/include/tm_msgs/tm_msgs/srv/detail/connect_tm__type_support.cpp
[5.094s] -- Up-to-date: /home/rslomron/tm_custom/install/tm_msgs/include/tm_msgs/tm_msgs/srv/detail/ask_sta__rosidl_typesupport_introspection_cpp.hpp
[5.094s] -- Up-to-date: /home/rslomron/tm_custom/install/tm_msgs/include/tm_msgs/tm_msgs/srv/detail/send_script__type_support.cpp
[5.094s] -- Up-to-date: /home/rslomron/tm_custom/install/tm_msgs/include/tm_msgs/tm_msgs/srv/detail/send_script__rosidl_typesupport_introspection_cpp.hpp
[5.094s] -- Up-to-date: /home/rslomron/tm_custom/install/tm_msgs/include/tm_msgs/tm_msgs/srv/detail/write_item__rosidl_typesupport_introspection_cpp.hpp
[5.095s] -- Up-to-date: /home/rslomron/tm_custom/install/tm_msgs/include/tm_msgs/tm_msgs/srv/detail/set_io__type_support.cpp
[5.095s] -- Up-to-date: /home/rslomron/tm_custom/install/tm_msgs/include/tm_msgs/tm_msgs/srv/detail/ask_item__rosidl_typesupport_introspection_cpp.hpp
[5.095s] -- Up-to-date: /home/rslomron/tm_custom/install/tm_msgs/include/tm_msgs/tm_msgs/srv/detail/connect_tm__rosidl_typesupport_introspection_cpp.hpp
[5.095s] -- Up-to-date: /home/rslomron/tm_custom/install/tm_msgs/include/tm_msgs/tm_msgs/srv/detail/set_event__rosidl_typesupport_introspection_cpp.hpp
[5.095s] -- Up-to-date: /home/rslomron/tm_custom/install/tm_msgs/lib/libtm_msgs__rosidl_typesupport_introspection_cpp.so
[5.095s] -- Up-to-date: /home/rslomron/tm_custom/install/tm_msgs/lib/libtm_msgs__rosidl_typesupport_cpp.so
[5.095s] -- Up-to-date: /home/rslomron/tm_custom/install/tm_msgs/share/tm_msgs/environment/pythonpath.sh
[5.095s] -- Installing: /home/rslomron/tm_custom/install/tm_msgs/share/tm_msgs/environment/pythonpath.dsv
[5.095s] -- Up-to-date: /home/rslomron/tm_custom/install/tm_msgs/local/lib/python3.10/dist-packages/tm_msgs-1.1.2-py3.10.egg-info
[5.095s] -- Installing: /home/rslomron/tm_custom/install/tm_msgs/local/lib/python3.10/dist-packages/tm_msgs-1.1.2-py3.10.egg-info/top_level.txt
[5.095s] -- Installing: /home/rslomron/tm_custom/install/tm_msgs/local/lib/python3.10/dist-packages/tm_msgs-1.1.2-py3.10.egg-info/PKG-INFO
[5.095s] -- Installing: /home/rslomron/tm_custom/install/tm_msgs/local/lib/python3.10/dist-packages/tm_msgs-1.1.2-py3.10.egg-info/dependency_links.txt
[5.095s] -- Installing: /home/rslomron/tm_custom/install/tm_msgs/local/lib/python3.10/dist-packages/tm_msgs-1.1.2-py3.10.egg-info/SOURCES.txt
[5.095s] -- Up-to-date: /home/rslomron/tm_custom/install/tm_msgs/local/lib/python3.10/dist-packages/tm_msgs
[5.095s] -- Up-to-date: /home/rslomron/tm_custom/install/tm_msgs/local/lib/python3.10/dist-packages/tm_msgs/msg
[5.095s] -- Up-to-date: /home/rslomron/tm_custom/install/tm_msgs/local/lib/python3.10/dist-packages/tm_msgs/msg/_svr_response_s.c
[5.096s] -- Up-to-date: /home/rslomron/tm_custom/install/tm_msgs/local/lib/python3.10/dist-packages/tm_msgs/msg/_sta_response_s.c
[5.096s] -- Up-to-date: /home/rslomron/tm_custom/install/tm_msgs/local/lib/python3.10/dist-packages/tm_msgs/msg/_feedback_state_s.c
[5.096s] -- Up-to-date: /home/rslomron/tm_custom/install/tm_msgs/local/lib/python3.10/dist-packages/tm_msgs/msg/_sct_response.py
[5.096s] -- Up-to-date: /home/rslomron/tm_custom/install/tm_msgs/local/lib/python3.10/dist-packages/tm_msgs/msg/_sta_response.py
[5.096s] -- Up-to-date: /home/rslomron/tm_custom/install/tm_msgs/local/lib/python3.10/dist-packages/tm_msgs/msg/__init__.py
[5.096s] -- Up-to-date: /home/rslomron/tm_custom/install/tm_msgs/local/lib/python3.10/dist-packages/tm_msgs/msg/_svr_response.py
[5.096s] -- Up-to-date: /home/rslomron/tm_custom/install/tm_msgs/local/lib/python3.10/dist-packages/tm_msgs/msg/_sct_response_s.c
[5.096s] -- Up-to-date: /home/rslomron/tm_custom/install/tm_msgs/local/lib/python3.10/dist-packages/tm_msgs/msg/_feedback_state.py
[5.096s] -- Up-to-date: /home/rslomron/tm_custom/install/tm_msgs/local/lib/python3.10/dist-packages/tm_msgs/tm_msgs_s__rosidl_typesupport_introspection_c.cpython-310-x86_64-linux-gnu.so
[5.096s] -- Up-to-date: /home/rslomron/tm_custom/install/tm_msgs/local/lib/python3.10/dist-packages/tm_msgs/_tm_msgs_s.ep.rosidl_typesupport_introspection_c.c
[5.096s] -- Up-to-date: /home/rslomron/tm_custom/install/tm_msgs/local/lib/python3.10/dist-packages/tm_msgs/libtm_msgs__rosidl_generator_py.so
[5.096s] -- Up-to-date: /home/rslomron/tm_custom/install/tm_msgs/local/lib/python3.10/dist-packages/tm_msgs/_tm_msgs_s.ep.rosidl_typesupport_fastrtps_c.c
[5.096s] -- Installing: /home/rslomron/tm_custom/install/tm_msgs/local/lib/python3.10/dist-packages/tm_msgs/__init__.py
[5.096s] -- Up-to-date: /home/rslomron/tm_custom/install/tm_msgs/local/lib/python3.10/dist-packages/tm_msgs/srv
[5.096s] -- Up-to-date: /home/rslomron/tm_custom/install/tm_msgs/local/lib/python3.10/dist-packages/tm_msgs/srv/_write_item.py
[5.096s] -- Up-to-date: /home/rslomron/tm_custom/install/tm_msgs/local/lib/python3.10/dist-packages/tm_msgs/srv/_ask_item.py
[5.097s] -- Up-to-date: /home/rslomron/tm_custom/install/tm_msgs/local/lib/python3.10/dist-packages/tm_msgs/srv/_send_script.py
[5.097s] -- Up-to-date: /home/rslomron/tm_custom/install/tm_msgs/local/lib/python3.10/dist-packages/tm_msgs/srv/_set_positions_s.c
[5.097s] -- Up-to-date: /home/rslomron/tm_custom/install/tm_msgs/local/lib/python3.10/dist-packages/tm_msgs/srv/_ask_item_s.c
[5.097s] -- Up-to-date: /home/rslomron/tm_custom/install/tm_msgs/local/lib/python3.10/dist-packages/tm_msgs/srv/_set_io_s.c
[5.097s] -- Up-to-date: /home/rslomron/tm_custom/install/tm_msgs/local/lib/python3.10/dist-packages/tm_msgs/srv/_send_script_s.c
[5.097s] -- Up-to-date: /home/rslomron/tm_custom/install/tm_msgs/local/lib/python3.10/dist-packages/tm_msgs/srv/_set_positions.py
[5.097s] -- Up-to-date: /home/rslomron/tm_custom/install/tm_msgs/local/lib/python3.10/dist-packages/tm_msgs/srv/_connect_tm_s.c
[5.097s] -- Up-to-date: /home/rslomron/tm_custom/install/tm_msgs/local/lib/python3.10/dist-packages/tm_msgs/srv/_set_event.py
[5.097s] -- Up-to-date: /home/rslomron/tm_custom/install/tm_msgs/local/lib/python3.10/dist-packages/tm_msgs/srv/_ask_sta_s.c
[5.097s] -- Up-to-date: /home/rslomron/tm_custom/install/tm_msgs/local/lib/python3.10/dist-packages/tm_msgs/srv/_ask_sta.py
[5.097s] -- Up-to-date: /home/rslomron/tm_custom/install/tm_msgs/local/lib/python3.10/dist-packages/tm_msgs/srv/_set_event_s.c
[5.097s] -- Up-to-date: /home/rslomron/tm_custom/install/tm_msgs/local/lib/python3.10/dist-packages/tm_msgs/srv/_set_io.py
[5.097s] -- Up-to-date: /home/rslomron/tm_custom/install/tm_msgs/local/lib/python3.10/dist-packages/tm_msgs/srv/__init__.py
[5.097s] -- Up-to-date: /home/rslomron/tm_custom/install/tm_msgs/local/lib/python3.10/dist-packages/tm_msgs/srv/_write_item_s.c
[5.097s] -- Up-to-date: /home/rslomron/tm_custom/install/tm_msgs/local/lib/python3.10/dist-packages/tm_msgs/srv/_connect_tm.py
[5.097s] -- Up-to-date: /home/rslomron/tm_custom/install/tm_msgs/local/lib/python3.10/dist-packages/tm_msgs/_tm_msgs_s.ep.rosidl_typesupport_c.c
[5.097s] -- Up-to-date: /home/rslomron/tm_custom/install/tm_msgs/local/lib/python3.10/dist-packages/tm_msgs/tm_msgs_s__rosidl_typesupport_fastrtps_c.cpython-310-x86_64-linux-gnu.so
[5.098s] -- Up-to-date: /home/rslomron/tm_custom/install/tm_msgs/local/lib/python3.10/dist-packages/tm_msgs/tm_msgs_s__rosidl_typesupport_c.cpython-310-x86_64-linux-gnu.so
[5.123s] Listing '/home/rslomron/tm_custom/install/tm_msgs/local/lib/python3.10/dist-packages/tm_msgs'...
[5.123s] Compiling '/home/rslomron/tm_custom/install/tm_msgs/local/lib/python3.10/dist-packages/tm_msgs/__init__.py'...
[5.123s] Listing '/home/rslomron/tm_custom/install/tm_msgs/local/lib/python3.10/dist-packages/tm_msgs/msg'...
[5.123s] Listing '/home/rslomron/tm_custom/install/tm_msgs/local/lib/python3.10/dist-packages/tm_msgs/srv'...
[5.127s] -- Up-to-date: /home/rslomron/tm_custom/install/tm_msgs/local/lib/python3.10/dist-packages/tm_msgs/tm_msgs_s__rosidl_typesupport_fastrtps_c.cpython-310-x86_64-linux-gnu.so
[5.127s] -- Up-to-date: /home/rslomron/tm_custom/install/tm_msgs/local/lib/python3.10/dist-packages/tm_msgs/tm_msgs_s__rosidl_typesupport_introspection_c.cpython-310-x86_64-linux-gnu.so
[5.128s] -- Up-to-date: /home/rslomron/tm_custom/install/tm_msgs/local/lib/python3.10/dist-packages/tm_msgs/tm_msgs_s__rosidl_typesupport_c.cpython-310-x86_64-linux-gnu.so
[5.128s] -- Up-to-date: /home/rslomron/tm_custom/install/tm_msgs/lib/libtm_msgs__rosidl_generator_py.so
[5.128s] -- Up-to-date: /home/rslomron/tm_custom/install/tm_msgs/share/tm_msgs/msg/FeedbackState.idl
[5.128s] -- Up-to-date: /home/rslomron/tm_custom/install/tm_msgs/share/tm_msgs/msg/SvrResponse.idl
[5.128s] -- Up-to-date: /home/rslomron/tm_custom/install/tm_msgs/share/tm_msgs/msg/SctResponse.idl
[5.128s] -- Up-to-date: /home/rslomron/tm_custom/install/tm_msgs/share/tm_msgs/msg/StaResponse.idl
[5.129s] -- Up-to-date: /home/rslomron/tm_custom/install/tm_msgs/share/tm_msgs/srv/ConnectTM.idl
[5.129s] -- Up-to-date: /home/rslomron/tm_custom/install/tm_msgs/share/tm_msgs/srv/WriteItem.idl
[5.129s] -- Up-to-date: /home/rslomron/tm_custom/install/tm_msgs/share/tm_msgs/srv/AskItem.idl
[5.129s] -- Up-to-date: /home/rslomron/tm_custom/install/tm_msgs/share/tm_msgs/srv/SendScript.idl
[5.129s] -- Up-to-date: /home/rslomron/tm_custom/install/tm_msgs/share/tm_msgs/srv/SetEvent.idl
[5.129s] -- Up-to-date: /home/rslomron/tm_custom/install/tm_msgs/share/tm_msgs/srv/SetIO.idl
[5.129s] -- Up-to-date: /home/rslomron/tm_custom/install/tm_msgs/share/tm_msgs/srv/SetPositions.idl
[5.129s] -- Up-to-date: /home/rslomron/tm_custom/install/tm_msgs/share/tm_msgs/srv/AskSta.idl
[5.129s] -- Up-to-date: /home/rslomron/tm_custom/install/tm_msgs/share/tm_msgs/msg/FeedbackState.msg
[5.129s] -- Up-to-date: /home/rslomron/tm_custom/install/tm_msgs/share/tm_msgs/msg/SvrResponse.msg
[5.129s] -- Up-to-date: /home/rslomron/tm_custom/install/tm_msgs/share/tm_msgs/msg/SctResponse.msg
[5.129s] -- Up-to-date: /home/rslomron/tm_custom/install/tm_msgs/share/tm_msgs/msg/StaResponse.msg
[5.130s] -- Up-to-date: /home/rslomron/tm_custom/install/tm_msgs/share/tm_msgs/srv/ConnectTM.srv
[5.130s] -- Up-to-date: /home/rslomron/tm_custom/install/tm_msgs/share/tm_msgs/srv/ConnectTM_Request.msg
[5.130s] -- Up-to-date: /home/rslomron/tm_custom/install/tm_msgs/share/tm_msgs/srv/ConnectTM_Response.msg
[5.130s] -- Up-to-date: /home/rslomron/tm_custom/install/tm_msgs/share/tm_msgs/srv/WriteItem.srv
[5.130s] -- Up-to-date: /home/rslomron/tm_custom/install/tm_msgs/share/tm_msgs/srv/WriteItem_Request.msg
[5.130s] -- Up-to-date: /home/rslomron/tm_custom/install/tm_msgs/share/tm_msgs/srv/WriteItem_Response.msg
[5.130s] -- Up-to-date: /home/rslomron/tm_custom/install/tm_msgs/share/tm_msgs/srv/AskItem.srv
[5.130s] -- Up-to-date: /home/rslomron/tm_custom/install/tm_msgs/share/tm_msgs/srv/AskItem_Request.msg
[5.130s] -- Up-to-date: /home/rslomron/tm_custom/install/tm_msgs/share/tm_msgs/srv/AskItem_Response.msg
[5.130s] -- Up-to-date: /home/rslomron/tm_custom/install/tm_msgs/share/tm_msgs/srv/SendScript.srv
[5.130s] -- Up-to-date: /home/rslomron/tm_custom/install/tm_msgs/share/tm_msgs/srv/SendScript_Request.msg
[5.130s] -- Up-to-date: /home/rslomron/tm_custom/install/tm_msgs/share/tm_msgs/srv/SendScript_Response.msg
[5.130s] -- Up-to-date: /home/rslomron/tm_custom/install/tm_msgs/share/tm_msgs/srv/SetEvent.srv
[5.131s] -- Up-to-date: /home/rslomron/tm_custom/install/tm_msgs/share/tm_msgs/srv/SetEvent_Request.msg
[5.131s] -- Up-to-date: /home/rslomron/tm_custom/install/tm_msgs/share/tm_msgs/srv/SetEvent_Response.msg
[5.131s] -- Up-to-date: /home/rslomron/tm_custom/install/tm_msgs/share/tm_msgs/srv/SetIO.srv
[5.131s] -- Up-to-date: /home/rslomron/tm_custom/install/tm_msgs/share/tm_msgs/srv/SetIO_Request.msg
[5.131s] -- Up-to-date: /home/rslomron/tm_custom/install/tm_msgs/share/tm_msgs/srv/SetIO_Response.msg
[5.131s] -- Up-to-date: /home/rslomron/tm_custom/install/tm_msgs/share/tm_msgs/srv/SetPositions.srv
[5.131s] -- Up-to-date: /home/rslomron/tm_custom/install/tm_msgs/share/tm_msgs/srv/SetPositions_Request.msg
[5.131s] -- Up-to-date: /home/rslomron/tm_custom/install/tm_msgs/share/tm_msgs/srv/SetPositions_Response.msg
[5.131s] -- Up-to-date: /home/rslomron/tm_custom/install/tm_msgs/share/tm_msgs/srv/AskSta.srv
[5.131s] -- Up-to-date: /home/rslomron/tm_custom/install/tm_msgs/share/tm_msgs/srv/AskSta_Request.msg
[5.132s] -- Up-to-date: /home/rslomron/tm_custom/install/tm_msgs/share/tm_msgs/srv/AskSta_Response.msg
[5.132s] -- Up-to-date: /home/rslomron/tm_custom/install/tm_msgs/share/ament_index/resource_index/package_run_dependencies/tm_msgs
[5.132s] -- Installing: /home/rslomron/tm_custom/install/tm_msgs/share/ament_index/resource_index/parent_prefix_path/tm_msgs
[5.132s] -- Up-to-date: /home/rslomron/tm_custom/install/tm_msgs/share/tm_msgs/environment/ament_prefix_path.sh
[5.132s] -- Installing: /home/rslomron/tm_custom/install/tm_msgs/share/tm_msgs/environment/ament_prefix_path.dsv
[5.132s] -- Up-to-date: /home/rslomron/tm_custom/install/tm_msgs/share/tm_msgs/environment/path.sh
[5.132s] -- Installing: /home/rslomron/tm_custom/install/tm_msgs/share/tm_msgs/environment/path.dsv
[5.132s] -- Up-to-date: /home/rslomron/tm_custom/install/tm_msgs/share/tm_msgs/local_setup.bash
[5.132s] -- Up-to-date: /home/rslomron/tm_custom/install/tm_msgs/share/tm_msgs/local_setup.sh
[5.132s] -- Up-to-date: /home/rslomron/tm_custom/install/tm_msgs/share/tm_msgs/local_setup.zsh
[5.132s] -- Installing: /home/rslomron/tm_custom/install/tm_msgs/share/tm_msgs/local_setup.dsv
[5.132s] -- Installing: /home/rslomron/tm_custom/install/tm_msgs/share/tm_msgs/package.dsv
[5.132s] -- Up-to-date: /home/rslomron/tm_custom/install/tm_msgs/share/ament_index/resource_index/packages/tm_msgs
[5.132s] -- Up-to-date: /home/rslomron/tm_custom/install/tm_msgs/share/tm_msgs/cmake/export_tm_msgs__rosidl_generator_cExport.cmake
[5.132s] -- Up-to-date: /home/rslomron/tm_custom/install/tm_msgs/share/tm_msgs/cmake/export_tm_msgs__rosidl_generator_cExport-noconfig.cmake
[5.133s] -- Up-to-date: /home/rslomron/tm_custom/install/tm_msgs/share/tm_msgs/cmake/export_tm_msgs__rosidl_typesupport_fastrtps_cExport.cmake
[5.133s] -- Up-to-date: /home/rslomron/tm_custom/install/tm_msgs/share/tm_msgs/cmake/export_tm_msgs__rosidl_typesupport_fastrtps_cExport-noconfig.cmake
[5.133s] -- Up-to-date: /home/rslomron/tm_custom/install/tm_msgs/share/tm_msgs/cmake/export_tm_msgs__rosidl_generator_cppExport.cmake
[5.133s] -- Up-to-date: /home/rslomron/tm_custom/install/tm_msgs/share/tm_msgs/cmake/export_tm_msgs__rosidl_typesupport_fastrtps_cppExport.cmake
[5.133s] -- Up-to-date: /home/rslomron/tm_custom/install/tm_msgs/share/tm_msgs/cmake/export_tm_msgs__rosidl_typesupport_fastrtps_cppExport-noconfig.cmake
[5.133s] -- Up-to-date: /home/rslomron/tm_custom/install/tm_msgs/share/tm_msgs/cmake/tm_msgs__rosidl_typesupport_introspection_cExport.cmake
[5.133s] -- Up-to-date: /home/rslomron/tm_custom/install/tm_msgs/share/tm_msgs/cmake/tm_msgs__rosidl_typesupport_introspection_cExport-noconfig.cmake
[5.133s] -- Up-to-date: /home/rslomron/tm_custom/install/tm_msgs/share/tm_msgs/cmake/tm_msgs__rosidl_typesupport_cExport.cmake
[5.133s] -- Up-to-date: /home/rslomron/tm_custom/install/tm_msgs/share/tm_msgs/cmake/tm_msgs__rosidl_typesupport_cExport-noconfig.cmake
[5.133s] -- Up-to-date: /home/rslomron/tm_custom/install/tm_msgs/share/tm_msgs/cmake/tm_msgs__rosidl_typesupport_introspection_cppExport.cmake
[5.133s] -- Up-to-date: /home/rslomron/tm_custom/install/tm_msgs/share/tm_msgs/cmake/tm_msgs__rosidl_typesupport_introspection_cppExport-noconfig.cmake
[5.133s] -- Up-to-date: /home/rslomron/tm_custom/install/tm_msgs/share/tm_msgs/cmake/tm_msgs__rosidl_typesupport_cppExport.cmake
[5.134s] -- Up-to-date: /home/rslomron/tm_custom/install/tm_msgs/share/tm_msgs/cmake/tm_msgs__rosidl_typesupport_cppExport-noconfig.cmake
[5.134s] -- Up-to-date: /home/rslomron/tm_custom/install/tm_msgs/share/tm_msgs/cmake/export_tm_msgs__rosidl_generator_pyExport.cmake
[5.134s] -- Up-to-date: /home/rslomron/tm_custom/install/tm_msgs/share/tm_msgs/cmake/export_tm_msgs__rosidl_generator_pyExport-noconfig.cmake
[5.134s] -- Up-to-date: /home/rslomron/tm_custom/install/tm_msgs/share/tm_msgs/cmake/rosidl_cmake-extras.cmake
[5.134s] -- Up-to-date: /home/rslomron/tm_custom/install/tm_msgs/share/tm_msgs/cmake/ament_cmake_export_dependencies-extras.cmake
[5.134s] -- Up-to-date: /home/rslomron/tm_custom/install/tm_msgs/share/tm_msgs/cmake/ament_cmake_export_include_directories-extras.cmake
[5.134s] -- Up-to-date: /home/rslomron/tm_custom/install/tm_msgs/share/tm_msgs/cmake/ament_cmake_export_libraries-extras.cmake
[5.134s] -- Up-to-date: /home/rslomron/tm_custom/install/tm_msgs/share/tm_msgs/cmake/ament_cmake_export_targets-extras.cmake
[5.134s] -- Up-to-date: /home/rslomron/tm_custom/install/tm_msgs/share/tm_msgs/cmake/rosidl_cmake_export_typesupport_targets-extras.cmake
[5.134s] -- Up-to-date: /home/rslomron/tm_custom/install/tm_msgs/share/tm_msgs/cmake/rosidl_cmake_export_typesupport_libraries-extras.cmake
[5.134s] -- Up-to-date: /home/rslomron/tm_custom/install/tm_msgs/share/tm_msgs/cmake/tm_msgsConfig.cmake
[5.134s] -- Up-to-date: /home/rslomron/tm_custom/install/tm_msgs/share/tm_msgs/cmake/tm_msgsConfig-version.cmake
[5.134s] -- Up-to-date: /home/rslomron/tm_custom/install/tm_msgs/share/tm_msgs/package.xml
[5.136s] Invoked command in '/home/rslomron/tm_custom/build/tm_msgs' returned '0': CMAKE_PREFIX_PATH=${CMAKE_PREFIX_PATH}:/home/rslomron/tm_custom/install/tm_mod_urdf:/home/rslomron/tm_custom/install/techman_robot_get_status:/home/rslomron/moveit2_ws/install/moveit_configs_utils:/opt/ros/humble /usr/bin/cmake --install /home/rslomron/tm_custom/build/tm_msgs
