[0.113s] DEBUG:colcon:Command line arguments: ['/usr/bin/colcon', 'build', '--packages-select', 'tm_driver']
[0.113s] DEBUG:colcon:Parsed command line arguments: Namespace(log_base=None, log_level=None, verb_name='build', build_base='build', install_base='install', merge_install=False, symlink_install=False, test_result_base=None, continue_on_error=False, executor='parallel', parallel_workers=8, event_handlers=None, ignore_user_meta=False, metas=['./colcon.meta'], base_paths=['.'], packages_ignore=None, packages_ignore_regex=None, paths=None, packages_up_to=None, packages_up_to_regex=None, packages_above=None, packages_above_and_dependencies=None, packages_above_depth=None, packages_select_by_dep=None, packages_skip_by_dep=None, packages_skip_up_to=None, packages_select_build_failed=False, packages_skip_build_finished=False, packages_select_test_failures=False, packages_skip_test_passed=False, packages_select=['tm_driver'], packages_skip=None, packages_select_regex=None, packages_skip_regex=None, packages_start=None, packages_end=None, allow_overriding=[], cmake_args=None, cmake_target=None, cmake_target_skip_unavailable=False, cmake_clean_cache=False, cmake_clean_first=False, cmake_force_configure=False, ament_cmake_args=None, catkin_cmake_args=None, catkin_skip_building_tests=False, verb_parser=<colcon_defaults.argument_parser.defaults.DefaultArgumentsDecorator object at 0x7c7bf45d0fd0>, verb_extension=<colcon_core.verb.build.BuildVerb object at 0x7c7bf45d0a00>, main=<bound method BuildVerb.main of <colcon_core.verb.build.BuildVerb object at 0x7c7bf45d0a00>>)
[0.289s] Level 1:colcon.colcon_core.package_discovery:discover_packages(colcon_meta) check parameters
[0.289s] Level 1:colcon.colcon_core.package_discovery:discover_packages(recursive) check parameters
[0.289s] Level 1:colcon.colcon_core.package_discovery:discover_packages(ignore) check parameters
[0.289s] Level 1:colcon.colcon_core.package_discovery:discover_packages(path) check parameters
[0.289s] Level 1:colcon.colcon_core.package_discovery:discover_packages(colcon_meta) discover
[0.289s] Level 1:colcon.colcon_core.package_discovery:discover_packages(recursive) discover
[0.289s] INFO:colcon.colcon_core.package_discovery:Crawling recursively for packages in '/home/rslomron/tm_custom'
[0.289s] Level 1:colcon.colcon_core.package_identification:_identify(.) by extensions ['ignore', 'ignore_ament_install']
[0.289s] Level 1:colcon.colcon_core.package_identification:_identify(.) by extension 'ignore'
[0.289s] Level 1:colcon.colcon_core.package_identification:_identify(.) by extension 'ignore_ament_install'
[0.289s] Level 1:colcon.colcon_core.package_identification:_identify(.) by extensions ['colcon_pkg']
[0.289s] Level 1:colcon.colcon_core.package_identification:_identify(.) by extension 'colcon_pkg'
[0.289s] Level 1:colcon.colcon_core.package_identification:_identify(.) by extensions ['colcon_meta']
[0.289s] Level 1:colcon.colcon_core.package_identification:_identify(.) by extension 'colcon_meta'
[0.290s] Level 1:colcon.colcon_core.package_identification:_identify(.) by extensions ['ros']
[0.290s] Level 1:colcon.colcon_core.package_identification:_identify(.) by extension 'ros'
[0.300s] Level 1:colcon.colcon_core.package_identification:_identify(.) by extensions ['cmake', 'python']
[0.300s] Level 1:colcon.colcon_core.package_identification:_identify(.) by extension 'cmake'
[0.300s] Level 1:colcon.colcon_core.package_identification:_identify(.) by extension 'python'
[0.300s] Level 1:colcon.colcon_core.package_identification:_identify(.) by extensions ['python_setup_py']
[0.300s] Level 1:colcon.colcon_core.package_identification:_identify(.) by extension 'python_setup_py'
[0.300s] Level 1:colcon.colcon_core.package_identification:_identify(build) by extensions ['ignore', 'ignore_ament_install']
[0.301s] Level 1:colcon.colcon_core.package_identification:_identify(build) by extension 'ignore'
[0.301s] Level 1:colcon.colcon_core.package_identification:_identify(build) ignored
[0.301s] Level 1:colcon.colcon_core.package_identification:_identify(install) by extensions ['ignore', 'ignore_ament_install']
[0.301s] Level 1:colcon.colcon_core.package_identification:_identify(install) by extension 'ignore'
[0.301s] Level 1:colcon.colcon_core.package_identification:_identify(install) ignored
[0.301s] Level 1:colcon.colcon_core.package_identification:_identify(log) by extensions ['ignore', 'ignore_ament_install']
[0.301s] Level 1:colcon.colcon_core.package_identification:_identify(log) by extension 'ignore'
[0.301s] Level 1:colcon.colcon_core.package_identification:_identify(log) ignored
[0.301s] Level 1:colcon.colcon_core.package_identification:_identify(src) by extensions ['ignore', 'ignore_ament_install']
[0.301s] Level 1:colcon.colcon_core.package_identification:_identify(src) by extension 'ignore'
[0.301s] Level 1:colcon.colcon_core.package_identification:_identify(src) by extension 'ignore_ament_install'
[0.301s] Level 1:colcon.colcon_core.package_identification:_identify(src) by extensions ['colcon_pkg']
[0.301s] Level 1:colcon.colcon_core.package_identification:_identify(src) by extension 'colcon_pkg'
[0.301s] Level 1:colcon.colcon_core.package_identification:_identify(src) by extensions ['colcon_meta']
[0.301s] Level 1:colcon.colcon_core.package_identification:_identify(src) by extension 'colcon_meta'
[0.302s] Level 1:colcon.colcon_core.package_identification:_identify(src) by extensions ['ros']
[0.302s] Level 1:colcon.colcon_core.package_identification:_identify(src) by extension 'ros'
[0.302s] Level 1:colcon.colcon_core.package_identification:_identify(src) by extensions ['cmake', 'python']
[0.302s] Level 1:colcon.colcon_core.package_identification:_identify(src) by extension 'cmake'
[0.302s] Level 1:colcon.colcon_core.package_identification:_identify(src) by extension 'python'
[0.302s] Level 1:colcon.colcon_core.package_identification:_identify(src) by extensions ['python_setup_py']
[0.302s] Level 1:colcon.colcon_core.package_identification:_identify(src) by extension 'python_setup_py'
[0.302s] Level 1:colcon.colcon_core.package_identification:_identify(src/custom_package) by extensions ['ignore', 'ignore_ament_install']
[0.302s] Level 1:colcon.colcon_core.package_identification:_identify(src/custom_package) by extension 'ignore'
[0.302s] Level 1:colcon.colcon_core.package_identification:_identify(src/custom_package) by extension 'ignore_ament_install'
[0.302s] Level 1:colcon.colcon_core.package_identification:_identify(src/custom_package) by extensions ['colcon_pkg']
[0.302s] Level 1:colcon.colcon_core.package_identification:_identify(src/custom_package) by extension 'colcon_pkg'
[0.302s] Level 1:colcon.colcon_core.package_identification:_identify(src/custom_package) by extensions ['colcon_meta']
[0.302s] Level 1:colcon.colcon_core.package_identification:_identify(src/custom_package) by extension 'colcon_meta'
[0.302s] Level 1:colcon.colcon_core.package_identification:_identify(src/custom_package) by extensions ['ros']
[0.302s] Level 1:colcon.colcon_core.package_identification:_identify(src/custom_package) by extension 'ros'
[0.304s] DEBUG:colcon.colcon_core.package_identification:Package 'src/custom_package' with type 'ros.ament_cmake' and name 'custom_package'
[0.304s] Level 1:colcon.colcon_core.package_identification:_identify(src/demo) by extensions ['ignore', 'ignore_ament_install']
[0.305s] Level 1:colcon.colcon_core.package_identification:_identify(src/demo) by extension 'ignore'
[0.305s] Level 1:colcon.colcon_core.package_identification:_identify(src/demo) by extension 'ignore_ament_install'
[0.305s] Level 1:colcon.colcon_core.package_identification:_identify(src/demo) by extensions ['colcon_pkg']
[0.305s] Level 1:colcon.colcon_core.package_identification:_identify(src/demo) by extension 'colcon_pkg'
[0.305s] Level 1:colcon.colcon_core.package_identification:_identify(src/demo) by extensions ['colcon_meta']
[0.305s] Level 1:colcon.colcon_core.package_identification:_identify(src/demo) by extension 'colcon_meta'
[0.305s] Level 1:colcon.colcon_core.package_identification:_identify(src/demo) by extensions ['ros']
[0.305s] Level 1:colcon.colcon_core.package_identification:_identify(src/demo) by extension 'ros'
[0.305s] DEBUG:colcon.colcon_core.package_identification:Package 'src/demo' with type 'ros.ament_cmake' and name 'demo'
[0.305s] Level 1:colcon.colcon_core.package_identification:_identify(src/techman_robot_get_status) by extensions ['ignore', 'ignore_ament_install']
[0.305s] Level 1:colcon.colcon_core.package_identification:_identify(src/techman_robot_get_status) by extension 'ignore'
[0.306s] Level 1:colcon.colcon_core.package_identification:_identify(src/techman_robot_get_status) by extension 'ignore_ament_install'
[0.306s] Level 1:colcon.colcon_core.package_identification:_identify(src/techman_robot_get_status) by extensions ['colcon_pkg']
[0.306s] Level 1:colcon.colcon_core.package_identification:_identify(src/techman_robot_get_status) by extension 'colcon_pkg'
[0.306s] Level 1:colcon.colcon_core.package_identification:_identify(src/techman_robot_get_status) by extensions ['colcon_meta']
[0.306s] Level 1:colcon.colcon_core.package_identification:_identify(src/techman_robot_get_status) by extension 'colcon_meta'
[0.306s] Level 1:colcon.colcon_core.package_identification:_identify(src/techman_robot_get_status) by extensions ['ros']
[0.306s] Level 1:colcon.colcon_core.package_identification:_identify(src/techman_robot_get_status) by extension 'ros'
[0.306s] DEBUG:colcon.colcon_core.package_identification:Package 'src/techman_robot_get_status' with type 'ros.ament_python' and name 'techman_robot_get_status'
[0.306s] Level 1:colcon.colcon_core.package_identification:_identify(src/techman_robot_msgs) by extensions ['ignore', 'ignore_ament_install']
[0.306s] Level 1:colcon.colcon_core.package_identification:_identify(src/techman_robot_msgs) by extension 'ignore'
[0.306s] Level 1:colcon.colcon_core.package_identification:_identify(src/techman_robot_msgs) by extension 'ignore_ament_install'
[0.306s] Level 1:colcon.colcon_core.package_identification:_identify(src/techman_robot_msgs) by extensions ['colcon_pkg']
[0.306s] Level 1:colcon.colcon_core.package_identification:_identify(src/techman_robot_msgs) by extension 'colcon_pkg'
[0.307s] Level 1:colcon.colcon_core.package_identification:_identify(src/techman_robot_msgs) by extensions ['colcon_meta']
[0.307s] Level 1:colcon.colcon_core.package_identification:_identify(src/techman_robot_msgs) by extension 'colcon_meta'
[0.307s] Level 1:colcon.colcon_core.package_identification:_identify(src/techman_robot_msgs) by extensions ['ros']
[0.307s] Level 1:colcon.colcon_core.package_identification:_identify(src/techman_robot_msgs) by extension 'ros'
[0.307s] DEBUG:colcon.colcon_core.package_identification:Package 'src/techman_robot_msgs' with type 'ros.ament_cmake' and name 'techman_robot_msgs'
[0.307s] Level 1:colcon.colcon_core.package_identification:_identify(src/tm_description) by extensions ['ignore', 'ignore_ament_install']
[0.307s] Level 1:colcon.colcon_core.package_identification:_identify(src/tm_description) by extension 'ignore'
[0.307s] Level 1:colcon.colcon_core.package_identification:_identify(src/tm_description) by extension 'ignore_ament_install'
[0.307s] Level 1:colcon.colcon_core.package_identification:_identify(src/tm_description) by extensions ['colcon_pkg']
[0.307s] Level 1:colcon.colcon_core.package_identification:_identify(src/tm_description) by extension 'colcon_pkg'
[0.307s] Level 1:colcon.colcon_core.package_identification:_identify(src/tm_description) by extensions ['colcon_meta']
[0.308s] Level 1:colcon.colcon_core.package_identification:_identify(src/tm_description) by extension 'colcon_meta'
[0.308s] Level 1:colcon.colcon_core.package_identification:_identify(src/tm_description) by extensions ['ros']
[0.308s] Level 1:colcon.colcon_core.package_identification:_identify(src/tm_description) by extension 'ros'
[0.308s] DEBUG:colcon.colcon_core.package_identification:Package 'src/tm_description' with type 'ros.ament_cmake' and name 'tm_description'
[0.308s] Level 1:colcon.colcon_core.package_identification:_identify(src/tm_driver) by extensions ['ignore', 'ignore_ament_install']
[0.308s] Level 1:colcon.colcon_core.package_identification:_identify(src/tm_driver) by extension 'ignore'
[0.308s] Level 1:colcon.colcon_core.package_identification:_identify(src/tm_driver) by extension 'ignore_ament_install'
[0.308s] Level 1:colcon.colcon_core.package_identification:_identify(src/tm_driver) by extensions ['colcon_pkg']
[0.308s] Level 1:colcon.colcon_core.package_identification:_identify(src/tm_driver) by extension 'colcon_pkg'
[0.308s] Level 1:colcon.colcon_core.package_identification:_identify(src/tm_driver) by extensions ['colcon_meta']
[0.308s] Level 1:colcon.colcon_core.package_identification:_identify(src/tm_driver) by extension 'colcon_meta'
[0.308s] Level 1:colcon.colcon_core.package_identification:_identify(src/tm_driver) by extensions ['ros']
[0.308s] Level 1:colcon.colcon_core.package_identification:_identify(src/tm_driver) by extension 'ros'
[0.309s] DEBUG:colcon.colcon_core.package_identification:Package 'src/tm_driver' with type 'ros.ament_cmake' and name 'tm_driver'
[0.309s] Level 1:colcon.colcon_core.package_identification:_identify(src/tm_mod_urdf) by extensions ['ignore', 'ignore_ament_install']
[0.309s] Level 1:colcon.colcon_core.package_identification:_identify(src/tm_mod_urdf) by extension 'ignore'
[0.309s] Level 1:colcon.colcon_core.package_identification:_identify(src/tm_mod_urdf) by extension 'ignore_ament_install'
[0.309s] Level 1:colcon.colcon_core.package_identification:_identify(src/tm_mod_urdf) by extensions ['colcon_pkg']
[0.309s] Level 1:colcon.colcon_core.package_identification:_identify(src/tm_mod_urdf) by extension 'colcon_pkg'
[0.309s] Level 1:colcon.colcon_core.package_identification:_identify(src/tm_mod_urdf) by extensions ['colcon_meta']
[0.309s] Level 1:colcon.colcon_core.package_identification:_identify(src/tm_mod_urdf) by extension 'colcon_meta'
[0.309s] Level 1:colcon.colcon_core.package_identification:_identify(src/tm_mod_urdf) by extensions ['ros']
[0.309s] Level 1:colcon.colcon_core.package_identification:_identify(src/tm_mod_urdf) by extension 'ros'
[0.310s] DEBUG:colcon.colcon_core.package_identification:Package 'src/tm_mod_urdf' with type 'ros.ament_python' and name 'tm_mod_urdf'
[0.310s] Level 1:colcon.colcon_core.package_identification:_identify(src/tm_moveit_config_tm12) by extensions ['ignore', 'ignore_ament_install']
[0.310s] Level 1:colcon.colcon_core.package_identification:_identify(src/tm_moveit_config_tm12) by extension 'ignore'
[0.310s] Level 1:colcon.colcon_core.package_identification:_identify(src/tm_moveit_config_tm12) by extension 'ignore_ament_install'
[0.310s] Level 1:colcon.colcon_core.package_identification:_identify(src/tm_moveit_config_tm12) by extensions ['colcon_pkg']
[0.310s] Level 1:colcon.colcon_core.package_identification:_identify(src/tm_moveit_config_tm12) by extension 'colcon_pkg'
[0.310s] Level 1:colcon.colcon_core.package_identification:_identify(src/tm_moveit_config_tm12) by extensions ['colcon_meta']
[0.310s] Level 1:colcon.colcon_core.package_identification:_identify(src/tm_moveit_config_tm12) by extension 'colcon_meta'
[0.310s] Level 1:colcon.colcon_core.package_identification:_identify(src/tm_moveit_config_tm12) by extensions ['ros']
[0.310s] Level 1:colcon.colcon_core.package_identification:_identify(src/tm_moveit_config_tm12) by extension 'ros'
[0.311s] DEBUG:colcon.colcon_core.package_identification:Package 'src/tm_moveit_config_tm12' with type 'ros.ament_cmake' and name 'tm_moveit_config_tm12'
[0.311s] Level 1:colcon.colcon_core.package_identification:_identify(src/tm_moveit_config_tm12x) by extensions ['ignore', 'ignore_ament_install']
[0.311s] Level 1:colcon.colcon_core.package_identification:_identify(src/tm_moveit_config_tm12x) by extension 'ignore'
[0.311s] Level 1:colcon.colcon_core.package_identification:_identify(src/tm_moveit_config_tm12x) by extension 'ignore_ament_install'
[0.311s] Level 1:colcon.colcon_core.package_identification:_identify(src/tm_moveit_config_tm12x) by extensions ['colcon_pkg']
[0.311s] Level 1:colcon.colcon_core.package_identification:_identify(src/tm_moveit_config_tm12x) by extension 'colcon_pkg'
[0.311s] Level 1:colcon.colcon_core.package_identification:_identify(src/tm_moveit_config_tm12x) by extensions ['colcon_meta']
[0.311s] Level 1:colcon.colcon_core.package_identification:_identify(src/tm_moveit_config_tm12x) by extension 'colcon_meta'
[0.311s] Level 1:colcon.colcon_core.package_identification:_identify(src/tm_moveit_config_tm12x) by extensions ['ros']
[0.311s] Level 1:colcon.colcon_core.package_identification:_identify(src/tm_moveit_config_tm12x) by extension 'ros'
[0.312s] DEBUG:colcon.colcon_core.package_identification:Package 'src/tm_moveit_config_tm12x' with type 'ros.ament_cmake' and name 'tm_moveit_config_tm12x'
[0.312s] Level 1:colcon.colcon_core.package_identification:_identify(src/tm_moveit_config_tm14) by extensions ['ignore', 'ignore_ament_install']
[0.312s] Level 1:colcon.colcon_core.package_identification:_identify(src/tm_moveit_config_tm14) by extension 'ignore'
[0.312s] Level 1:colcon.colcon_core.package_identification:_identify(src/tm_moveit_config_tm14) by extension 'ignore_ament_install'
[0.312s] Level 1:colcon.colcon_core.package_identification:_identify(src/tm_moveit_config_tm14) by extensions ['colcon_pkg']
[0.312s] Level 1:colcon.colcon_core.package_identification:_identify(src/tm_moveit_config_tm14) by extension 'colcon_pkg'
[0.312s] Level 1:colcon.colcon_core.package_identification:_identify(src/tm_moveit_config_tm14) by extensions ['colcon_meta']
[0.312s] Level 1:colcon.colcon_core.package_identification:_identify(src/tm_moveit_config_tm14) by extension 'colcon_meta'
[0.312s] Level 1:colcon.colcon_core.package_identification:_identify(src/tm_moveit_config_tm14) by extensions ['ros']
[0.312s] Level 1:colcon.colcon_core.package_identification:_identify(src/tm_moveit_config_tm14) by extension 'ros'
[0.313s] DEBUG:colcon.colcon_core.package_identification:Package 'src/tm_moveit_config_tm14' with type 'ros.ament_cmake' and name 'tm_moveit_config_tm14'
[0.313s] Level 1:colcon.colcon_core.package_identification:_identify(src/tm_moveit_config_tm14x) by extensions ['ignore', 'ignore_ament_install']
[0.313s] Level 1:colcon.colcon_core.package_identification:_identify(src/tm_moveit_config_tm14x) by extension 'ignore'
[0.313s] Level 1:colcon.colcon_core.package_identification:_identify(src/tm_moveit_config_tm14x) by extension 'ignore_ament_install'
[0.313s] Level 1:colcon.colcon_core.package_identification:_identify(src/tm_moveit_config_tm14x) by extensions ['colcon_pkg']
[0.313s] Level 1:colcon.colcon_core.package_identification:_identify(src/tm_moveit_config_tm14x) by extension 'colcon_pkg'
[0.313s] Level 1:colcon.colcon_core.package_identification:_identify(src/tm_moveit_config_tm14x) by extensions ['colcon_meta']
[0.313s] Level 1:colcon.colcon_core.package_identification:_identify(src/tm_moveit_config_tm14x) by extension 'colcon_meta'
[0.313s] Level 1:colcon.colcon_core.package_identification:_identify(src/tm_moveit_config_tm14x) by extensions ['ros']
[0.313s] Level 1:colcon.colcon_core.package_identification:_identify(src/tm_moveit_config_tm14x) by extension 'ros'
[0.313s] DEBUG:colcon.colcon_core.package_identification:Package 'src/tm_moveit_config_tm14x' with type 'ros.ament_cmake' and name 'tm_moveit_config_tm14x'
[0.314s] Level 1:colcon.colcon_core.package_identification:_identify(src/tm_moveit_config_tm5-700) by extensions ['ignore', 'ignore_ament_install']
[0.314s] Level 1:colcon.colcon_core.package_identification:_identify(src/tm_moveit_config_tm5-700) by extension 'ignore'
[0.314s] Level 1:colcon.colcon_core.package_identification:_identify(src/tm_moveit_config_tm5-700) by extension 'ignore_ament_install'
[0.314s] Level 1:colcon.colcon_core.package_identification:_identify(src/tm_moveit_config_tm5-700) by extensions ['colcon_pkg']
[0.314s] Level 1:colcon.colcon_core.package_identification:_identify(src/tm_moveit_config_tm5-700) by extension 'colcon_pkg'
[0.314s] Level 1:colcon.colcon_core.package_identification:_identify(src/tm_moveit_config_tm5-700) by extensions ['colcon_meta']
[0.314s] Level 1:colcon.colcon_core.package_identification:_identify(src/tm_moveit_config_tm5-700) by extension 'colcon_meta'
[0.314s] Level 1:colcon.colcon_core.package_identification:_identify(src/tm_moveit_config_tm5-700) by extensions ['ros']
[0.314s] Level 1:colcon.colcon_core.package_identification:_identify(src/tm_moveit_config_tm5-700) by extension 'ros'
[0.314s] DEBUG:colcon.colcon_core.package_identification:Package 'src/tm_moveit_config_tm5-700' with type 'ros.ament_cmake' and name 'tm_moveit_config_tm5-700'
[0.314s] Level 1:colcon.colcon_core.package_identification:_identify(src/tm_moveit_config_tm5-900) by extensions ['ignore', 'ignore_ament_install']
[0.314s] Level 1:colcon.colcon_core.package_identification:_identify(src/tm_moveit_config_tm5-900) by extension 'ignore'
[0.315s] Level 1:colcon.colcon_core.package_identification:_identify(src/tm_moveit_config_tm5-900) by extension 'ignore_ament_install'
[0.315s] Level 1:colcon.colcon_core.package_identification:_identify(src/tm_moveit_config_tm5-900) by extensions ['colcon_pkg']
[0.315s] Level 1:colcon.colcon_core.package_identification:_identify(src/tm_moveit_config_tm5-900) by extension 'colcon_pkg'
[0.315s] Level 1:colcon.colcon_core.package_identification:_identify(src/tm_moveit_config_tm5-900) by extensions ['colcon_meta']
[0.315s] Level 1:colcon.colcon_core.package_identification:_identify(src/tm_moveit_config_tm5-900) by extension 'colcon_meta'
[0.315s] Level 1:colcon.colcon_core.package_identification:_identify(src/tm_moveit_config_tm5-900) by extensions ['ros']
[0.315s] Level 1:colcon.colcon_core.package_identification:_identify(src/tm_moveit_config_tm5-900) by extension 'ros'
[0.315s] DEBUG:colcon.colcon_core.package_identification:Package 'src/tm_moveit_config_tm5-900' with type 'ros.ament_cmake' and name 'tm_moveit_config_tm5-900'
[0.315s] Level 1:colcon.colcon_core.package_identification:_identify(src/tm_moveit_config_tm5x-700) by extensions ['ignore', 'ignore_ament_install']
[0.315s] Level 1:colcon.colcon_core.package_identification:_identify(src/tm_moveit_config_tm5x-700) by extension 'ignore'
[0.315s] Level 1:colcon.colcon_core.package_identification:_identify(src/tm_moveit_config_tm5x-700) by extension 'ignore_ament_install'
[0.316s] Level 1:colcon.colcon_core.package_identification:_identify(src/tm_moveit_config_tm5x-700) by extensions ['colcon_pkg']
[0.316s] Level 1:colcon.colcon_core.package_identification:_identify(src/tm_moveit_config_tm5x-700) by extension 'colcon_pkg'
[0.316s] Level 1:colcon.colcon_core.package_identification:_identify(src/tm_moveit_config_tm5x-700) by extensions ['colcon_meta']
[0.316s] Level 1:colcon.colcon_core.package_identification:_identify(src/tm_moveit_config_tm5x-700) by extension 'colcon_meta'
[0.316s] Level 1:colcon.colcon_core.package_identification:_identify(src/tm_moveit_config_tm5x-700) by extensions ['ros']
[0.316s] Level 1:colcon.colcon_core.package_identification:_identify(src/tm_moveit_config_tm5x-700) by extension 'ros'
[0.316s] DEBUG:colcon.colcon_core.package_identification:Package 'src/tm_moveit_config_tm5x-700' with type 'ros.ament_cmake' and name 'tm_moveit_config_tm5x-700'
[0.316s] Level 1:colcon.colcon_core.package_identification:_identify(src/tm_moveit_config_tm5x-900) by extensions ['ignore', 'ignore_ament_install']
[0.316s] Level 1:colcon.colcon_core.package_identification:_identify(src/tm_moveit_config_tm5x-900) by extension 'ignore'
[0.316s] Level 1:colcon.colcon_core.package_identification:_identify(src/tm_moveit_config_tm5x-900) by extension 'ignore_ament_install'
[0.316s] Level 1:colcon.colcon_core.package_identification:_identify(src/tm_moveit_config_tm5x-900) by extensions ['colcon_pkg']
[0.316s] Level 1:colcon.colcon_core.package_identification:_identify(src/tm_moveit_config_tm5x-900) by extension 'colcon_pkg'
[0.316s] Level 1:colcon.colcon_core.package_identification:_identify(src/tm_moveit_config_tm5x-900) by extensions ['colcon_meta']
[0.317s] Level 1:colcon.colcon_core.package_identification:_identify(src/tm_moveit_config_tm5x-900) by extension 'colcon_meta'
[0.317s] Level 1:colcon.colcon_core.package_identification:_identify(src/tm_moveit_config_tm5x-900) by extensions ['ros']
[0.317s] Level 1:colcon.colcon_core.package_identification:_identify(src/tm_moveit_config_tm5x-900) by extension 'ros'
[0.317s] DEBUG:colcon.colcon_core.package_identification:Package 'src/tm_moveit_config_tm5x-900' with type 'ros.ament_cmake' and name 'tm_moveit_config_tm5x-900'
[0.317s] Level 1:colcon.colcon_core.package_identification:_identify(src/tm_moveit_cpp_demo) by extensions ['ignore', 'ignore_ament_install']
[0.317s] Level 1:colcon.colcon_core.package_identification:_identify(src/tm_moveit_cpp_demo) by extension 'ignore'
[0.317s] Level 1:colcon.colcon_core.package_identification:_identify(src/tm_moveit_cpp_demo) by extension 'ignore_ament_install'
[0.317s] Level 1:colcon.colcon_core.package_identification:_identify(src/tm_moveit_cpp_demo) by extensions ['colcon_pkg']
[0.317s] Level 1:colcon.colcon_core.package_identification:_identify(src/tm_moveit_cpp_demo) by extension 'colcon_pkg'
[0.317s] Level 1:colcon.colcon_core.package_identification:_identify(src/tm_moveit_cpp_demo) by extensions ['colcon_meta']
[0.317s] Level 1:colcon.colcon_core.package_identification:_identify(src/tm_moveit_cpp_demo) by extension 'colcon_meta'
[0.317s] Level 1:colcon.colcon_core.package_identification:_identify(src/tm_moveit_cpp_demo) by extensions ['ros']
[0.317s] Level 1:colcon.colcon_core.package_identification:_identify(src/tm_moveit_cpp_demo) by extension 'ros'
[0.318s] DEBUG:colcon.colcon_core.package_identification:Package 'src/tm_moveit_cpp_demo' with type 'ros.ament_cmake' and name 'tm_moveit_cpp_demo'
[0.318s] Level 1:colcon.colcon_core.package_identification:_identify(src/tm_msgs) by extensions ['ignore', 'ignore_ament_install']
[0.318s] Level 1:colcon.colcon_core.package_identification:_identify(src/tm_msgs) by extension 'ignore'
[0.318s] Level 1:colcon.colcon_core.package_identification:_identify(src/tm_msgs) by extension 'ignore_ament_install'
[0.318s] Level 1:colcon.colcon_core.package_identification:_identify(src/tm_msgs) by extensions ['colcon_pkg']
[0.318s] Level 1:colcon.colcon_core.package_identification:_identify(src/tm_msgs) by extension 'colcon_pkg'
[0.318s] Level 1:colcon.colcon_core.package_identification:_identify(src/tm_msgs) by extensions ['colcon_meta']
[0.318s] Level 1:colcon.colcon_core.package_identification:_identify(src/tm_msgs) by extension 'colcon_meta'
[0.318s] Level 1:colcon.colcon_core.package_identification:_identify(src/tm_msgs) by extensions ['ros']
[0.318s] Level 1:colcon.colcon_core.package_identification:_identify(src/tm_msgs) by extension 'ros'
[0.319s] DEBUG:colcon.colcon_core.package_identification:Package 'src/tm_msgs' with type 'ros.ament_cmake' and name 'tm_msgs'
[0.319s] Level 1:colcon.colcon_core.package_identification:_identify(src/ui_for_debug_and_demo) by extensions ['ignore', 'ignore_ament_install']
[0.319s] Level 1:colcon.colcon_core.package_identification:_identify(src/ui_for_debug_and_demo) by extension 'ignore'
[0.319s] Level 1:colcon.colcon_core.package_identification:_identify(src/ui_for_debug_and_demo) by extension 'ignore_ament_install'
[0.319s] Level 1:colcon.colcon_core.package_identification:_identify(src/ui_for_debug_and_demo) by extensions ['colcon_pkg']
[0.319s] Level 1:colcon.colcon_core.package_identification:_identify(src/ui_for_debug_and_demo) by extension 'colcon_pkg'
[0.319s] Level 1:colcon.colcon_core.package_identification:_identify(src/ui_for_debug_and_demo) by extensions ['colcon_meta']
[0.319s] Level 1:colcon.colcon_core.package_identification:_identify(src/ui_for_debug_and_demo) by extension 'colcon_meta'
[0.319s] Level 1:colcon.colcon_core.package_identification:_identify(src/ui_for_debug_and_demo) by extensions ['ros']
[0.319s] Level 1:colcon.colcon_core.package_identification:_identify(src/ui_for_debug_and_demo) by extension 'ros'
[0.320s] DEBUG:colcon.colcon_core.package_identification:Package 'src/ui_for_debug_and_demo' with type 'ros.ament_cmake' and name 'ui_for_debug_and_demo'
[0.320s] Level 1:colcon.colcon_core.package_discovery:discover_packages(recursive) using defaults
[0.320s] Level 1:colcon.colcon_core.package_discovery:discover_packages(ignore) discover
[0.320s] Level 1:colcon.colcon_core.package_discovery:discover_packages(ignore) using defaults
[0.320s] Level 1:colcon.colcon_core.package_discovery:discover_packages(path) discover
[0.320s] Level 1:colcon.colcon_core.package_discovery:discover_packages(path) using defaults
[0.349s] INFO:colcon.colcon_core.package_selection:Skipping not selected package 'custom_package' in 'src/custom_package'
[0.349s] INFO:colcon.colcon_core.package_selection:Skipping not selected package 'demo' in 'src/demo'
[0.349s] INFO:colcon.colcon_core.package_selection:Skipping not selected package 'techman_robot_get_status' in 'src/techman_robot_get_status'
[0.349s] INFO:colcon.colcon_core.package_selection:Skipping not selected package 'techman_robot_msgs' in 'src/techman_robot_msgs'
[0.349s] INFO:colcon.colcon_core.package_selection:Skipping not selected package 'tm_description' in 'src/tm_description'
[0.349s] INFO:colcon.colcon_core.package_selection:Skipping not selected package 'tm_mod_urdf' in 'src/tm_mod_urdf'
[0.349s] INFO:colcon.colcon_core.package_selection:Skipping not selected package 'tm_moveit_config_tm12' in 'src/tm_moveit_config_tm12'
[0.349s] INFO:colcon.colcon_core.package_selection:Skipping not selected package 'tm_moveit_config_tm12x' in 'src/tm_moveit_config_tm12x'
[0.349s] INFO:colcon.colcon_core.package_selection:Skipping not selected package 'tm_moveit_config_tm14' in 'src/tm_moveit_config_tm14'
[0.349s] INFO:colcon.colcon_core.package_selection:Skipping not selected package 'tm_moveit_config_tm14x' in 'src/tm_moveit_config_tm14x'
[0.349s] INFO:colcon.colcon_core.package_selection:Skipping not selected package 'tm_moveit_config_tm5-700' in 'src/tm_moveit_config_tm5-700'
[0.349s] INFO:colcon.colcon_core.package_selection:Skipping not selected package 'tm_moveit_config_tm5-900' in 'src/tm_moveit_config_tm5-900'
[0.349s] INFO:colcon.colcon_core.package_selection:Skipping not selected package 'tm_moveit_config_tm5x-700' in 'src/tm_moveit_config_tm5x-700'
[0.349s] INFO:colcon.colcon_core.package_selection:Skipping not selected package 'tm_moveit_config_tm5x-900' in 'src/tm_moveit_config_tm5x-900'
[0.349s] INFO:colcon.colcon_core.package_selection:Skipping not selected package 'tm_moveit_cpp_demo' in 'src/tm_moveit_cpp_demo'
[0.349s] INFO:colcon.colcon_core.package_selection:Skipping not selected package 'tm_msgs' in 'src/tm_msgs'
[0.349s] INFO:colcon.colcon_core.package_selection:Skipping not selected package 'ui_for_debug_and_demo' in 'src/ui_for_debug_and_demo'
[0.350s] Level 1:colcon.colcon_core.package_discovery:discover_packages(prefix_path) check parameters
[0.350s] Level 1:colcon.colcon_core.package_discovery:discover_packages(prefix_path) discover
[0.351s] WARNING:colcon.colcon_ros.prefix_path.ament:The path '/home/rslomron/tm_custom/install/tm_get_status' in the environment variable AMENT_PREFIX_PATH doesn't exist
[0.351s] WARNING:colcon.colcon_ros.prefix_path.ament:The path '/home/rslomron/tm_custom/install/custom_2' in the environment variable AMENT_PREFIX_PATH doesn't exist
[0.351s] WARNING:colcon.colcon_ros.prefix_path.catkin:The path '/home/rslomron/tm_custom/install/custom_2' in the environment variable CMAKE_PREFIX_PATH doesn't exist
[0.352s] DEBUG:colcon.colcon_installed_package_information.package_discovery:Found 18 installed packages in /home/rslomron/tm_custom/install
[0.354s] DEBUG:colcon.colcon_installed_package_information.package_discovery:Found 270 installed packages in /opt/ros/humble
[0.355s] Level 1:colcon.colcon_core.package_discovery:discover_packages(prefix_path) using defaults
[0.397s] Level 5:colcon.colcon_core.verb:set package 'tm_driver' build argument 'cmake_args' from command line to 'None'
[0.397s] Level 5:colcon.colcon_core.verb:set package 'tm_driver' build argument 'cmake_target' from command line to 'None'
[0.397s] Level 5:colcon.colcon_core.verb:set package 'tm_driver' build argument 'cmake_target_skip_unavailable' from command line to 'False'
[0.397s] Level 5:colcon.colcon_core.verb:set package 'tm_driver' build argument 'cmake_clean_cache' from command line to 'False'
[0.397s] Level 5:colcon.colcon_core.verb:set package 'tm_driver' build argument 'cmake_clean_first' from command line to 'False'
[0.397s] Level 5:colcon.colcon_core.verb:set package 'tm_driver' build argument 'cmake_force_configure' from command line to 'False'
[0.397s] Level 5:colcon.colcon_core.verb:set package 'tm_driver' build argument 'ament_cmake_args' from command line to 'None'
[0.397s] Level 5:colcon.colcon_core.verb:set package 'tm_driver' build argument 'catkin_cmake_args' from command line to 'None'
[0.397s] Level 5:colcon.colcon_core.verb:set package 'tm_driver' build argument 'catkin_skip_building_tests' from command line to 'False'
[0.397s] DEBUG:colcon.colcon_core.verb:Building package 'tm_driver' with the following arguments: {'ament_cmake_args': None, 'build_base': '/home/rslomron/tm_custom/build/tm_driver', 'catkin_cmake_args': None, 'catkin_skip_building_tests': False, 'cmake_args': None, 'cmake_clean_cache': False, 'cmake_clean_first': False, 'cmake_force_configure': False, 'cmake_target': None, 'cmake_target_skip_unavailable': False, 'install_base': '/home/rslomron/tm_custom/install/tm_driver', 'merge_install': False, 'path': '/home/rslomron/tm_custom/src/tm_driver', 'symlink_install': False, 'test_result_base': None}
[0.397s] INFO:colcon.colcon_core.executor:Executing jobs using 'parallel' executor
[0.398s] DEBUG:colcon.colcon_parallel_executor.executor.parallel:run_until_complete
[0.399s] INFO:colcon.colcon_ros.task.ament_cmake.build:Building ROS package in '/home/rslomron/tm_custom/src/tm_driver' with build type 'ament_cmake'
[0.399s] INFO:colcon.colcon_cmake.task.cmake.build:Building CMake package in '/home/rslomron/tm_custom/src/tm_driver'
[0.402s] INFO:colcon.colcon_core.plugin_system:Skipping extension 'colcon_core.shell.bat': Not used on non-Windows systems
[0.402s] INFO:colcon.colcon_core.shell:Skip shell extension 'powershell' for command environment: Not usable outside of PowerShell
[0.402s] DEBUG:colcon.colcon_core.shell:Skip shell extension 'dsv' for command environment
[0.414s] DEBUG:colcon.colcon_core.event_handler.log_command:Invoking command in '/home/rslomron/tm_custom/build/tm_driver': CMAKE_PREFIX_PATH=${CMAKE_PREFIX_PATH}:/home/rslomron/tm_custom/install/tm_mod_urdf:/home/rslomron/tm_custom/install/tm_get_status:/opt/ros/humble /usr/bin/cmake --build /home/rslomron/tm_custom/build/tm_driver -- -j8 -l8
[4.967s] DEBUG:colcon.colcon_core.event_handler.log_command:Invoked command in '/home/rslomron/tm_custom/build/tm_driver' returned '2': CMAKE_PREFIX_PATH=${CMAKE_PREFIX_PATH}:/home/rslomron/tm_custom/install/tm_mod_urdf:/home/rslomron/tm_custom/install/tm_get_status:/opt/ros/humble /usr/bin/cmake --build /home/rslomron/tm_custom/build/tm_driver -- -j8 -l8
[5.023s] Level 1:colcon.colcon_core.environment:create_environment_scripts_only(tm_driver)
[5.025s] Level 1:colcon.colcon_core.environment:checking '/home/rslomron/tm_custom/install/tm_driver' for CMake module files
[5.026s] Level 1:colcon.colcon_core.environment:checking '/home/rslomron/tm_custom/install/tm_driver' for CMake config files
[5.026s] Level 1:colcon.colcon_core.shell:create_environment_hook('tm_driver', 'cmake_prefix_path')
[5.026s] INFO:colcon.colcon_core.shell:Creating environment hook '/home/rslomron/tm_custom/install/tm_driver/share/tm_driver/hook/cmake_prefix_path.ps1'
[5.027s] INFO:colcon.colcon_core.shell:Creating environment descriptor '/home/rslomron/tm_custom/install/tm_driver/share/tm_driver/hook/cmake_prefix_path.dsv'
[5.027s] INFO:colcon.colcon_core.shell:Creating environment hook '/home/rslomron/tm_custom/install/tm_driver/share/tm_driver/hook/cmake_prefix_path.sh'
[5.028s] Level 1:colcon.colcon_core.environment:checking '/home/rslomron/tm_custom/install/tm_driver/bin'
[5.028s] Level 1:colcon.colcon_core.environment:checking '/home/rslomron/tm_custom/install/tm_driver/lib/pkgconfig/tm_driver.pc'
[5.028s] Level 1:colcon.colcon_core.environment:checking '/home/rslomron/tm_custom/install/tm_driver/lib/python3.10/site-packages'
[5.028s] Level 1:colcon.colcon_core.environment:checking '/home/rslomron/tm_custom/install/tm_driver/bin'
[5.029s] INFO:colcon.colcon_core.shell:Creating package script '/home/rslomron/tm_custom/install/tm_driver/share/tm_driver/package.ps1'
[5.029s] INFO:colcon.colcon_core.shell:Creating package descriptor '/home/rslomron/tm_custom/install/tm_driver/share/tm_driver/package.dsv'
[5.030s] INFO:colcon.colcon_core.shell:Creating package script '/home/rslomron/tm_custom/install/tm_driver/share/tm_driver/package.sh'
[5.031s] INFO:colcon.colcon_core.shell:Creating package script '/home/rslomron/tm_custom/install/tm_driver/share/tm_driver/package.bash'
[5.031s] INFO:colcon.colcon_core.shell:Creating package script '/home/rslomron/tm_custom/install/tm_driver/share/tm_driver/package.zsh'
[5.032s] Level 1:colcon.colcon_core.environment:create_file_with_runtime_dependencies(/home/rslomron/tm_custom/install/tm_driver/share/colcon-core/packages/tm_driver)
[5.042s] DEBUG:colcon.colcon_parallel_executor.executor.parallel:closing loop
[5.042s] DEBUG:colcon.colcon_parallel_executor.executor.parallel:loop closed
[5.043s] DEBUG:colcon.colcon_parallel_executor.executor.parallel:run_until_complete finished with '2'
[5.043s] DEBUG:colcon.colcon_core.event_reactor:joining thread
[5.048s] INFO:colcon.colcon_core.plugin_system:Skipping extension 'colcon_notification.desktop_notification.terminal_notifier': Not used on non-Darwin systems
[5.048s] INFO:colcon.colcon_core.plugin_system:Skipping extension 'colcon_notification.desktop_notification.win32': Not used on non-Windows systems
[5.048s] INFO:colcon.colcon_notification.desktop_notification:Sending desktop notification using 'notify2'
[5.060s] DEBUG:colcon.colcon_core.event_reactor:joined thread
[5.060s] INFO:colcon.colcon_core.shell:Creating prefix script '/home/rslomron/tm_custom/install/local_setup.ps1'
[5.061s] INFO:colcon.colcon_core.shell:Creating prefix util module '/home/rslomron/tm_custom/install/_local_setup_util_ps1.py'
[5.062s] INFO:colcon.colcon_core.shell:Creating prefix chain script '/home/rslomron/tm_custom/install/setup.ps1'
[5.063s] INFO:colcon.colcon_core.shell:Creating prefix script '/home/rslomron/tm_custom/install/local_setup.sh'
[5.064s] INFO:colcon.colcon_core.shell:Creating prefix util module '/home/rslomron/tm_custom/install/_local_setup_util_sh.py'
[5.064s] INFO:colcon.colcon_core.shell:Creating prefix chain script '/home/rslomron/tm_custom/install/setup.sh'
[5.066s] INFO:colcon.colcon_core.shell:Creating prefix script '/home/rslomron/tm_custom/install/local_setup.bash'
[5.066s] INFO:colcon.colcon_core.shell:Creating prefix chain script '/home/rslomron/tm_custom/install/setup.bash'
[5.067s] INFO:colcon.colcon_core.shell:Creating prefix script '/home/rslomron/tm_custom/install/local_setup.zsh'
[5.068s] INFO:colcon.colcon_core.shell:Creating prefix chain script '/home/rslomron/tm_custom/install/setup.zsh'
