[0.014s] Invoking command in '/home/rslomron/tm_custom/build/tm_driver': CMAKE_PREFIX_PATH=${CMAKE_PREFIX_PATH}:/home/rslomron/tm_custom/install/tm_mod_urdf:/home/rslomron/tm_custom/install/tm_get_status:/opt/ros/humble /usr/bin/cmake --build /home/rslomron/tm_custom/build/tm_driver -- -j8 -l8
[0.035s] -- Found ament_cmake: 1.3.8 (/opt/ros/humble/share/ament_cmake/cmake)
[0.155s] -- Found ament_lint_auto: 0.12.10 (/opt/ros/humble/share/ament_lint_auto/cmake)
[0.235s] -- Added test 'cppcheck' to perform static code analysis on C / C++ code
[0.235s] -- Configured cppcheck include dirs: 
[0.235s] -- Configured cppcheck exclude dirs and/or files: 
[0.237s] -- Added test 'flake8' to check Python code syntax and style conventions
[0.240s] -- Added test 'lint_cmake' to check CMake code style
[0.241s] -- Added test 'pep257' to check Python code against some of the docstring style conventions in PEP 257
[0.245s] -- Added test 'uncrustify' to check C / C++ code style
[0.246s] -- Configured uncrustify additional arguments: 
[0.247s] -- Added test 'xmllint' to check XML markup files
[0.249s] -- Configuring done
[0.255s] -- Generating done
[0.257s] -- Build files have been written to: /home/rslomron/tm_custom/build/tm_driver
[0.283s] Invoked command in '/home/rslomron/tm_custom/build/tm_driver' returned '0': CMAKE_PREFIX_PATH=${CMAKE_PREFIX_PATH}:/home/rslomron/tm_custom/install/tm_mod_urdf:/home/rslomron/tm_custom/install/tm_get_status:/opt/ros/humble /usr/bin/cmake --build /home/rslomron/tm_custom/build/tm_driver -- -j8 -l8
[0.314s] Invoking command in '/home/rslomron/tm_custom/build/tm_driver': CMAKE_PREFIX_PATH=${CMAKE_PREFIX_PATH}:/home/rslomron/tm_custom/install/tm_mod_urdf:/home/rslomron/tm_custom/install/tm_get_status:/opt/ros/humble /usr/bin/cmake --install /home/rslomron/tm_custom/build/tm_driver
[0.320s] -- Install configuration: ""
[0.321s] -- Installing: /home/rslomron/tm_custom/install/tm_driver/share/ament_index/resource_index/package_run_dependencies/tm_driver
[0.321s] -- Up-to-date: /home/rslomron/tm_custom/install/tm_driver/share/ament_index/resource_index/parent_prefix_path/tm_driver
[0.321s] -- Up-to-date: /home/rslomron/tm_custom/install/tm_driver/share/tm_driver/environment/ament_prefix_path.sh
[0.321s] -- Installing: /home/rslomron/tm_custom/install/tm_driver/share/tm_driver/environment/ament_prefix_path.dsv
[0.321s] -- Up-to-date: /home/rslomron/tm_custom/install/tm_driver/share/tm_driver/environment/path.sh
[0.321s] -- Installing: /home/rslomron/tm_custom/install/tm_driver/share/tm_driver/environment/path.dsv
[0.321s] -- Up-to-date: /home/rslomron/tm_custom/install/tm_driver/share/tm_driver/local_setup.bash
[0.322s] -- Up-to-date: /home/rslomron/tm_custom/install/tm_driver/share/tm_driver/local_setup.sh
[0.322s] -- Up-to-date: /home/rslomron/tm_custom/install/tm_driver/share/tm_driver/local_setup.zsh
[0.322s] -- Installing: /home/rslomron/tm_custom/install/tm_driver/share/tm_driver/local_setup.dsv
[0.322s] -- Installing: /home/rslomron/tm_custom/install/tm_driver/share/tm_driver/package.dsv
[0.322s] -- Up-to-date: /home/rslomron/tm_custom/install/tm_driver/share/ament_index/resource_index/packages/tm_driver
[0.322s] -- Installing: /home/rslomron/tm_custom/install/tm_driver/share/tm_driver/cmake/tm_driverConfig.cmake
[0.322s] -- Installing: /home/rslomron/tm_custom/install/tm_driver/share/tm_driver/cmake/tm_driverConfig-version.cmake
[0.322s] -- Installing: /home/rslomron/tm_custom/install/tm_driver/share/tm_driver/package.xml
[0.324s] Invoked command in '/home/rslomron/tm_custom/build/tm_driver' returned '0': CMAKE_PREFIX_PATH=${CMAKE_PREFIX_PATH}:/home/rslomron/tm_custom/install/tm_mod_urdf:/home/rslomron/tm_custom/install/tm_get_status:/opt/ros/humble /usr/bin/cmake --install /home/rslomron/tm_custom/build/tm_driver
