[2.355s] Invoking command in '/home/rslomron/MoMa/tm_custom/src/python_demo': PYTHONPATH=/home/rslomron/MoMa/tm_custom/build/python_demo/prefix_override:/home/rslomron/MoMa/tm_custom/install/python_demo/lib/python3.10/site-packages:${PYTHONPATH} /usr/bin/python3 -W ignore:setup.py install is deprecated setup.py egg_info --egg-base ../../build/python_demo build --build-base /home/rslomron/MoMa/tm_custom/build/python_demo/build install --record /home/rslomron/MoMa/tm_custom/build/python_demo/install.log --single-version-externally-managed install_data
[2.929s] running egg_info
[2.931s] writing ../../build/python_demo/python_demo.egg-info/PKG-INFO
[2.931s] writing dependency_links to ../../build/python_demo/python_demo.egg-info/dependency_links.txt
[2.931s] writing entry points to ../../build/python_demo/python_demo.egg-info/entry_points.txt
[2.931s] writing requirements to ../../build/python_demo/python_demo.egg-info/requires.txt
[2.932s] writing top-level names to ../../build/python_demo/python_demo.egg-info/top_level.txt
[2.939s] reading manifest file '../../build/python_demo/python_demo.egg-info/SOURCES.txt'
[2.939s] writing manifest file '../../build/python_demo/python_demo.egg-info/SOURCES.txt'
[2.939s] running build
[2.939s] running build_py
[2.940s] running install
[2.940s] running install_lib
[2.943s] running install_data
[2.943s] running install_egg_info
[2.947s] removing '/home/rslomron/MoMa/tm_custom/install/python_demo/lib/python3.10/site-packages/python_demo-0.0.0-py3.10.egg-info' (and everything under it)
[2.947s] Copying ../../build/python_demo/python_demo.egg-info to /home/rslomron/MoMa/tm_custom/install/python_demo/lib/python3.10/site-packages/python_demo-0.0.0-py3.10.egg-info
[2.948s] running install_scripts
[3.006s] Installing testes script to /home/rslomron/MoMa/tm_custom/install/python_demo/lib/python_demo
[3.006s] writing list of installed files to '/home/rslomron/MoMa/tm_custom/build/python_demo/install.log'
[3.121s] Invoked command in '/home/rslomron/MoMa/tm_custom/src/python_demo' returned '0': PYTHONPATH=/home/rslomron/MoMa/tm_custom/build/python_demo/prefix_override:/home/rslomron/MoMa/tm_custom/install/python_demo/lib/python3.10/site-packages:${PYTHONPATH} /usr/bin/python3 -W ignore:setup.py install is deprecated setup.py egg_info --egg-base ../../build/python_demo build --build-base /home/rslomron/MoMa/tm_custom/build/python_demo/build install --record /home/rslomron/MoMa/tm_custom/build/python_demo/install.log --single-version-externally-managed install_data
