[0.097s] Invoking command in '/home/rslomron/MoMa/tm_custom/build/tm_moveit_config_tm14': AMENT_PREFIX_PATH=/home/rslomron/MoMa/tm_custom/install/tm_description:${AMENT_PREFIX_PATH} CMAKE_PREFIX_PATH=/home/rslomron/MoMa/tm_custom/install/tm_description:/opt/ros/humble /usr/bin/cmake /home/rslomron/MoMa/tm_custom/src/tm_moveit_config_tm14 -DCMAKE_INSTALL_PREFIX=/home/rslomron/MoMa/tm_custom/install/tm_moveit_config_tm14
[0.377s] -- The C compiler identification is GNU 11.4.0
[0.534s] -- The CXX compiler identification is GNU 11.4.0
[0.551s] -- Detecting C compiler ABI info
[0.760s] -- Detecting C compiler ABI info - done
[0.778s] -- Check for working C compiler: /usr/bin/cc - skipped
[0.779s] -- Detecting C compile features
[0.781s] -- Detecting C compile features - done
[0.786s] -- Detecting CXX compiler ABI info
[1.232s] -- Detecting CXX compiler ABI info - done
[1.244s] -- Check for working CXX compiler: /usr/bin/c++ - skipped
[1.265s] -- Detecting CXX compile features
[1.265s] -- Detecting CXX compile features - done
[1.272s] -- Found ament_cmake: 1.3.8 (/opt/ros/humble/share/ament_cmake/cmake)
[1.873s] -- Found Python3: /usr/bin/python3 (found version "3.10.12") found components: Interpreter 
[2.316s] -- Configuring done
[2.328s] -- Generating done
[2.330s] -- Build files have been written to: /home/rslomron/MoMa/tm_custom/build/tm_moveit_config_tm14
[2.358s] Invoked command in '/home/rslomron/MoMa/tm_custom/build/tm_moveit_config_tm14' returned '0': AMENT_PREFIX_PATH=/home/rslomron/MoMa/tm_custom/install/tm_description:${AMENT_PREFIX_PATH} CMAKE_PREFIX_PATH=/home/rslomron/MoMa/tm_custom/install/tm_description:/opt/ros/humble /usr/bin/cmake /home/rslomron/MoMa/tm_custom/src/tm_moveit_config_tm14 -DCMAKE_INSTALL_PREFIX=/home/rslomron/MoMa/tm_custom/install/tm_moveit_config_tm14
[2.359s] Invoking command in '/home/rslomron/MoMa/tm_custom/build/tm_moveit_config_tm14': AMENT_PREFIX_PATH=/home/rslomron/MoMa/tm_custom/install/tm_description:${AMENT_PREFIX_PATH} CMAKE_PREFIX_PATH=/home/rslomron/MoMa/tm_custom/install/tm_description:/opt/ros/humble /usr/bin/cmake --build /home/rslomron/MoMa/tm_custom/build/tm_moveit_config_tm14 -- -j8 -l8
[2.657s] Invoked command in '/home/rslomron/MoMa/tm_custom/build/tm_moveit_config_tm14' returned '0': AMENT_PREFIX_PATH=/home/rslomron/MoMa/tm_custom/install/tm_description:${AMENT_PREFIX_PATH} CMAKE_PREFIX_PATH=/home/rslomron/MoMa/tm_custom/install/tm_description:/opt/ros/humble /usr/bin/cmake --build /home/rslomron/MoMa/tm_custom/build/tm_moveit_config_tm14 -- -j8 -l8
[2.758s] Invoking command in '/home/rslomron/MoMa/tm_custom/build/tm_moveit_config_tm14': AMENT_PREFIX_PATH=/home/rslomron/MoMa/tm_custom/install/tm_description:${AMENT_PREFIX_PATH} CMAKE_PREFIX_PATH=/home/rslomron/MoMa/tm_custom/install/tm_description:/opt/ros/humble /usr/bin/cmake --install /home/rslomron/MoMa/tm_custom/build/tm_moveit_config_tm14
[2.785s] -- Install configuration: ""
[2.785s] -- Installing: /home/rslomron/MoMa/tm_custom/install/tm_moveit_config_tm14/share/ament_index/resource_index/package_run_dependencies/tm_moveit_config_tm14
[2.785s] -- Installing: /home/rslomron/MoMa/tm_custom/install/tm_moveit_config_tm14/share/ament_index/resource_index/parent_prefix_path/tm_moveit_config_tm14
[2.785s] -- Installing: /home/rslomron/MoMa/tm_custom/install/tm_moveit_config_tm14/share/tm_moveit_config_tm14/environment/ament_prefix_path.sh
[2.785s] -- Installing: /home/rslomron/MoMa/tm_custom/install/tm_moveit_config_tm14/share/tm_moveit_config_tm14/environment/ament_prefix_path.dsv
[2.785s] -- Installing: /home/rslomron/MoMa/tm_custom/install/tm_moveit_config_tm14/share/tm_moveit_config_tm14/environment/path.sh
[2.785s] -- Installing: /home/rslomron/MoMa/tm_custom/install/tm_moveit_config_tm14/share/tm_moveit_config_tm14/environment/path.dsv
[2.785s] -- Installing: /home/rslomron/MoMa/tm_custom/install/tm_moveit_config_tm14/share/tm_moveit_config_tm14/local_setup.bash
[2.786s] -- Installing: /home/rslomron/MoMa/tm_custom/install/tm_moveit_config_tm14/share/tm_moveit_config_tm14/local_setup.sh
[2.786s] -- Installing: /home/rslomron/MoMa/tm_custom/install/tm_moveit_config_tm14/share/tm_moveit_config_tm14/local_setup.zsh
[2.786s] -- Installing: /home/rslomron/MoMa/tm_custom/install/tm_moveit_config_tm14/share/tm_moveit_config_tm14/local_setup.dsv
[2.786s] -- Installing: /home/rslomron/MoMa/tm_custom/install/tm_moveit_config_tm14/share/tm_moveit_config_tm14/package.dsv
[2.786s] -- Installing: /home/rslomron/MoMa/tm_custom/install/tm_moveit_config_tm14/share/ament_index/resource_index/packages/tm_moveit_config_tm14
[2.786s] -- Installing: /home/rslomron/MoMa/tm_custom/install/tm_moveit_config_tm14/share/tm_moveit_config_tm14/cmake/tm_moveit_config_tm14Config.cmake
[2.786s] -- Installing: /home/rslomron/MoMa/tm_custom/install/tm_moveit_config_tm14/share/tm_moveit_config_tm14/cmake/tm_moveit_config_tm14Config-version.cmake
[2.786s] -- Installing: /home/rslomron/MoMa/tm_custom/install/tm_moveit_config_tm14/share/tm_moveit_config_tm14/package.xml
[2.786s] -- Installing: /home/rslomron/MoMa/tm_custom/install/tm_moveit_config_tm14/share/tm_moveit_config_tm14/config
[2.787s] -- Installing: /home/rslomron/MoMa/tm_custom/install/tm_moveit_config_tm14/share/tm_moveit_config_tm14/config/ros_controllers.yaml
[2.787s] -- Installing: /home/rslomron/MoMa/tm_custom/install/tm_moveit_config_tm14/share/tm_moveit_config_tm14/config/tm14.srdf
[2.787s] -- Installing: /home/rslomron/MoMa/tm_custom/install/tm_moveit_config_tm14/share/tm_moveit_config_tm14/config/fake_controllers.yaml
[2.787s] -- Installing: /home/rslomron/MoMa/tm_custom/install/tm_moveit_config_tm14/share/tm_moveit_config_tm14/config/stomp_planning.yaml
[2.787s] -- Installing: /home/rslomron/MoMa/tm_custom/install/tm_moveit_config_tm14/share/tm_moveit_config_tm14/config/ompl_planning.yaml
[2.787s] -- Installing: /home/rslomron/MoMa/tm_custom/install/tm_moveit_config_tm14/share/tm_moveit_config_tm14/config/chomp_planning.yaml
[2.787s] -- Installing: /home/rslomron/MoMa/tm_custom/install/tm_moveit_config_tm14/share/tm_moveit_config_tm14/config/sensors_3d.yaml
[2.787s] -- Installing: /home/rslomron/MoMa/tm_custom/install/tm_moveit_config_tm14/share/tm_moveit_config_tm14/config/kinematics.yaml
[2.787s] -- Installing: /home/rslomron/MoMa/tm_custom/install/tm_moveit_config_tm14/share/tm_moveit_config_tm14/config/joint_limits.yaml
[2.840s] Invoked command in '/home/rslomron/MoMa/tm_custom/build/tm_moveit_config_tm14' returned '0': AMENT_PREFIX_PATH=/home/rslomron/MoMa/tm_custom/install/tm_description:${AMENT_PREFIX_PATH} CMAKE_PREFIX_PATH=/home/rslomron/MoMa/tm_custom/install/tm_description:/opt/ros/humble /usr/bin/cmake --install /home/rslomron/MoMa/tm_custom/build/tm_moveit_config_tm14
