[0.042s] Invoking command in '/home/rslomron/MoMa/tm_custom/build/tm_moveit_config_tm12': AMENT_PREFIX_PATH=/home/rslomron/MoMa/tm_custom/install/tm_description:${AMENT_PREFIX_PATH} CMAKE_PREFIX_PATH=/home/rslomron/MoMa/tm_custom/install/tm_description:/opt/ros/humble /usr/bin/cmake --build /home/rslomron/MoMa/tm_custom/build/tm_moveit_config_tm12 -- -j8 -l8
[0.105s] Invoked command in '/home/rslomron/MoMa/tm_custom/build/tm_moveit_config_tm12' returned '0': AMENT_PREFIX_PATH=/home/rslomron/MoMa/tm_custom/install/tm_description:${AMENT_PREFIX_PATH} CMAKE_PREFIX_PATH=/home/rslomron/MoMa/tm_custom/install/tm_description:/opt/ros/humble /usr/bin/cmake --build /home/rslomron/MoMa/tm_custom/build/tm_moveit_config_tm12 -- -j8 -l8
[0.196s] Invoking command in '/home/rslomron/MoMa/tm_custom/build/tm_moveit_config_tm12': AMENT_PREFIX_PATH=/home/rslomron/MoMa/tm_custom/install/tm_description:${AMENT_PREFIX_PATH} CMAKE_PREFIX_PATH=/home/rslomron/MoMa/tm_custom/install/tm_description:/opt/ros/humble /usr/bin/cmake --install /home/rslomron/MoMa/tm_custom/build/tm_moveit_config_tm12
[0.221s] -- Install configuration: ""
[0.221s] -- Up-to-date: /home/rslomron/MoMa/tm_custom/install/tm_moveit_config_tm12/share/ament_index/resource_index/package_run_dependencies/tm_moveit_config_tm12
[0.221s] -- Up-to-date: /home/rslomron/MoMa/tm_custom/install/tm_moveit_config_tm12/share/ament_index/resource_index/parent_prefix_path/tm_moveit_config_tm12
[0.221s] -- Up-to-date: /home/rslomron/MoMa/tm_custom/install/tm_moveit_config_tm12/share/tm_moveit_config_tm12/environment/ament_prefix_path.sh
[0.221s] -- Up-to-date: /home/rslomron/MoMa/tm_custom/install/tm_moveit_config_tm12/share/tm_moveit_config_tm12/environment/ament_prefix_path.dsv
[0.222s] -- Up-to-date: /home/rslomron/MoMa/tm_custom/install/tm_moveit_config_tm12/share/tm_moveit_config_tm12/environment/path.sh
[0.222s] -- Up-to-date: /home/rslomron/MoMa/tm_custom/install/tm_moveit_config_tm12/share/tm_moveit_config_tm12/environment/path.dsv
[0.222s] -- Up-to-date: /home/rslomron/MoMa/tm_custom/install/tm_moveit_config_tm12/share/tm_moveit_config_tm12/local_setup.bash
[0.222s] -- Up-to-date: /home/rslomron/MoMa/tm_custom/install/tm_moveit_config_tm12/share/tm_moveit_config_tm12/local_setup.sh
[0.223s] -- Up-to-date: /home/rslomron/MoMa/tm_custom/install/tm_moveit_config_tm12/share/tm_moveit_config_tm12/local_setup.zsh
[0.223s] -- Up-to-date: /home/rslomron/MoMa/tm_custom/install/tm_moveit_config_tm12/share/tm_moveit_config_tm12/local_setup.dsv
[0.223s] -- Up-to-date: /home/rslomron/MoMa/tm_custom/install/tm_moveit_config_tm12/share/tm_moveit_config_tm12/package.dsv
[0.223s] -- Up-to-date: /home/rslomron/MoMa/tm_custom/install/tm_moveit_config_tm12/share/ament_index/resource_index/packages/tm_moveit_config_tm12
[0.223s] -- Up-to-date: /home/rslomron/MoMa/tm_custom/install/tm_moveit_config_tm12/share/tm_moveit_config_tm12/cmake/tm_moveit_config_tm12Config.cmake
[0.223s] -- Up-to-date: /home/rslomron/MoMa/tm_custom/install/tm_moveit_config_tm12/share/tm_moveit_config_tm12/cmake/tm_moveit_config_tm12Config-version.cmake
[0.223s] -- Up-to-date: /home/rslomron/MoMa/tm_custom/install/tm_moveit_config_tm12/share/tm_moveit_config_tm12/package.xml
[0.223s] -- Up-to-date: /home/rslomron/MoMa/tm_custom/install/tm_moveit_config_tm12/share/tm_moveit_config_tm12/config
[0.224s] -- Up-to-date: /home/rslomron/MoMa/tm_custom/install/tm_moveit_config_tm12/share/tm_moveit_config_tm12/config/tm12.srdf
[0.224s] -- Up-to-date: /home/rslomron/MoMa/tm_custom/install/tm_moveit_config_tm12/share/tm_moveit_config_tm12/config/ros_controllers.yaml
[0.224s] -- Up-to-date: /home/rslomron/MoMa/tm_custom/install/tm_moveit_config_tm12/share/tm_moveit_config_tm12/config/fake_controllers.yaml
[0.224s] -- Up-to-date: /home/rslomron/MoMa/tm_custom/install/tm_moveit_config_tm12/share/tm_moveit_config_tm12/config/stomp_planning.yaml
[0.224s] -- Up-to-date: /home/rslomron/MoMa/tm_custom/install/tm_moveit_config_tm12/share/tm_moveit_config_tm12/config/ompl_planning.yaml
[0.224s] -- Up-to-date: /home/rslomron/MoMa/tm_custom/install/tm_moveit_config_tm12/share/tm_moveit_config_tm12/config/chomp_planning.yaml
[0.224s] -- Up-to-date: /home/rslomron/MoMa/tm_custom/install/tm_moveit_config_tm12/share/tm_moveit_config_tm12/config/sensors_3d.yaml
[0.225s] -- Up-to-date: /home/rslomron/MoMa/tm_custom/install/tm_moveit_config_tm12/share/tm_moveit_config_tm12/config/kinematics.yaml
[0.225s] -- Up-to-date: /home/rslomron/MoMa/tm_custom/install/tm_moveit_config_tm12/share/tm_moveit_config_tm12/config/joint_limits.yaml
[0.240s] Invoked command in '/home/rslomron/MoMa/tm_custom/build/tm_moveit_config_tm12' returned '0': AMENT_PREFIX_PATH=/home/rslomron/MoMa/tm_custom/install/tm_description:${AMENT_PREFIX_PATH} CMAKE_PREFIX_PATH=/home/rslomron/MoMa/tm_custom/install/tm_description:/opt/ros/humble /usr/bin/cmake --install /home/rslomron/MoMa/tm_custom/build/tm_moveit_config_tm12
