[2.388s] Invoking command in '/home/rslomron/MoMa/tm_custom/src/tm_mod_urdf': PYTHONPATH=/home/rslomron/MoMa/tm_custom/build/tm_mod_urdf/prefix_override:/home/rslomron/MoMa/tm_custom/install/tm_mod_urdf/lib/python3.10/site-packages:${PYTHONPATH} /usr/bin/python3 -W ignore:setup.py install is deprecated setup.py egg_info --egg-base ../../build/tm_mod_urdf build --build-base /home/rslomron/MoMa/tm_custom/build/tm_mod_urdf/build install --record /home/rslomron/MoMa/tm_custom/build/tm_mod_urdf/install.log --single-version-externally-managed install_data
[2.882s] running egg_info
[2.884s] writing ../../build/tm_mod_urdf/tm_mod_urdf.egg-info/PKG-INFO
[2.884s] writing dependency_links to ../../build/tm_mod_urdf/tm_mod_urdf.egg-info/dependency_links.txt
[2.885s] writing entry points to ../../build/tm_mod_urdf/tm_mod_urdf.egg-info/entry_points.txt
[2.886s] writing requirements to ../../build/tm_mod_urdf/tm_mod_urdf.egg-info/requires.txt
[2.886s] writing top-level names to ../../build/tm_mod_urdf/tm_mod_urdf.egg-info/top_level.txt
[2.894s] reading manifest file '../../build/tm_mod_urdf/tm_mod_urdf.egg-info/SOURCES.txt'
[2.895s] writing manifest file '../../build/tm_mod_urdf/tm_mod_urdf.egg-info/SOURCES.txt'
[2.895s] running build
[2.895s] running build_py
[2.895s] running install
[2.895s] running install_lib
[2.895s] running install_data
[2.896s] running install_egg_info
[2.898s] removing '/home/rslomron/MoMa/tm_custom/install/tm_mod_urdf/lib/python3.10/site-packages/tm_mod_urdf-1.1.2-py3.10.egg-info' (and everything under it)
[2.899s] Copying ../../build/tm_mod_urdf/tm_mod_urdf.egg-info to /home/rslomron/MoMa/tm_custom/install/tm_mod_urdf/lib/python3.10/site-packages/tm_mod_urdf-1.1.2-py3.10.egg-info
[2.900s] running install_scripts
[2.949s] Installing modify_urdf script to /home/rslomron/MoMa/tm_custom/install/tm_mod_urdf/lib/tm_mod_urdf
[2.949s] Installing modify_xacro script to /home/rslomron/MoMa/tm_custom/install/tm_mod_urdf/lib/tm_mod_urdf
[2.950s] writing list of installed files to '/home/rslomron/MoMa/tm_custom/build/tm_mod_urdf/install.log'
[2.990s] Invoked command in '/home/rslomron/MoMa/tm_custom/src/tm_mod_urdf' returned '0': PYTHONPATH=/home/rslomron/MoMa/tm_custom/build/tm_mod_urdf/prefix_override:/home/rslomron/MoMa/tm_custom/install/tm_mod_urdf/lib/python3.10/site-packages:${PYTHONPATH} /usr/bin/python3 -W ignore:setup.py install is deprecated setup.py egg_info --egg-base ../../build/tm_mod_urdf build --build-base /home/rslomron/MoMa/tm_custom/build/tm_mod_urdf/build install --record /home/rslomron/MoMa/tm_custom/build/tm_mod_urdf/install.log --single-version-externally-managed install_data
