[0.036s] Invoking command in '/home/rslomron/MoMa/tm_custom/build/tm_msgs': CMAKE_PREFIX_PATH=/opt/ros/humble /usr/bin/cmake --build /home/rslomron/MoMa/tm_custom/build/tm_msgs -- -j8 -l8
[1.372s] [  0%] Built target tm_msgs__cpp
[1.374s] [ 12%] Built target tm_msgs__rosidl_generator_c
[1.374s] [ 12%] Built target ament_cmake_python_copy_tm_msgs
[1.374s] [ 24%] Built target tm_msgs__rosidl_typesupport_cpp
[1.375s] [ 35%] Built target tm_msgs__rosidl_typesupport_fastrtps_cpp
[1.375s] [ 47%] Built target tm_msgs__rosidl_typesupport_introspection_c
[1.376s] [ 59%] Built target tm_msgs__rosidl_typesupport_introspection_cpp
[1.376s] [ 73%] Built target tm_msgs__rosidl_typesupport_fastrtps_c
[1.376s] [ 83%] Built target tm_msgs__rosidl_typesupport_c
[1.377s] [ 83%] Built target tm_msgs
[1.377s] [ 84%] Built target tm_msgs__py
[1.378s] [ 95%] Built target tm_msgs__rosidl_generator_py
[1.378s] [ 97%] Built target tm_msgs__rosidl_typesupport_introspection_c__pyext
[1.379s] [ 99%] Built target tm_msgs__rosidl_typesupport_fastrtps_c__pyext
[1.380s] [100%] Built target tm_msgs__rosidl_typesupport_c__pyext
[1.380s] running egg_info
[1.380s] writing tm_msgs.egg-info/PKG-INFO
[1.381s] writing dependency_links to tm_msgs.egg-info/dependency_links.txt
[1.381s] writing top-level names to tm_msgs.egg-info/top_level.txt
[1.382s] reading manifest file 'tm_msgs.egg-info/SOURCES.txt'
[1.383s] writing manifest file 'tm_msgs.egg-info/SOURCES.txt'
[1.383s] [100%] Built target ament_cmake_python_build_tm_msgs_egg
[1.391s] Invoked command in '/home/rslomron/MoMa/tm_custom/build/tm_msgs' returned '0': CMAKE_PREFIX_PATH=/opt/ros/humble /usr/bin/cmake --build /home/rslomron/MoMa/tm_custom/build/tm_msgs -- -j8 -l8
