[35m[1mConsolidate compiler generated dependencies of target demo_send_script[0m
[  3%] [32m[1mLinking CXX executable demo_set_event[0m
[ 10%] [32m[1mLinking CXX executable demo_set_io[0m
[ 10%] [32m[1mLinking CXX executable demo_connect_tm[0m
[ 14%] [32m[1mLinking CXX executable demo_set_positions[0m
[ 17%] [32m[1mLinking CXX executable demo_write_item[0m
[ 21%] [32m[1mLinking CXX executable demo_send_script[0m
[ 25%] [32m[1mLinking CXX executable demo_ask_sta[0m
[ 28%] [32m[1mLinking CXX executable demo_ask_item[0m
[ 32%] Built target demo_ask_item
[ 35%] Built target demo_connect_tm
[ 39%] Built target demo_send_script
[ 42%] Built target demo_set_io
[ 46%] Built target demo_ask_sta
[ 50%] Built target demo_write_item
[ 53%] [32m[1mLinking CXX executable demo_get_feedback[0m
[ 57%] Built target demo_set_positions
[ 60%] [32m[1mLinking CXX executable demo_get_torque_feedback[0m
[ 64%] [32m[1mLinking CXX executable demo_get_sta_response[0m
[ 67%] [32m[1mLinking CXX executable demo_get_sct_response[0m
[ 71%] [32m[1mLinking CXX executable demo_get_svr_response[0m
[ 75%] [32m[1mLinking CXX executable demo_leave_listen_node[0m
[ 78%] Built target demo_set_event
[ 82%] Built target demo_leave_listen_node
[ 85%] Built target demo_get_sta_response
[ 89%] Built target demo_get_feedback
[ 92%] Built target demo_get_svr_response
[ 96%] Built target demo_get_torque_feedback
[100%] Built target demo_get_sct_response
-- Install configuration: ""
-- Installing: /home/rslomron/tm_custom/install/demo/lib/demo/demo_send_script
-- Set runtime path of "/home/rslomron/tm_custom/install/demo/lib/demo/demo_send_script" to ""
-- Installing: /home/rslomron/tm_custom/install/demo/lib/demo/demo_ask_sta
-- Set runtime path of "/home/rslomron/tm_custom/install/demo/lib/demo/demo_ask_sta" to ""
-- Installing: /home/rslomron/tm_custom/install/demo/lib/demo/demo_connect_tm
-- Set runtime path of "/home/rslomron/tm_custom/install/demo/lib/demo/demo_connect_tm" to ""
-- Installing: /home/rslomron/tm_custom/install/demo/lib/demo/demo_set_event
-- Set runtime path of "/home/rslomron/tm_custom/install/demo/lib/demo/demo_set_event" to ""
-- Installing: /home/rslomron/tm_custom/install/demo/lib/demo/demo_set_io
-- Set runtime path of "/home/rslomron/tm_custom/install/demo/lib/demo/demo_set_io" to ""
-- Installing: /home/rslomron/tm_custom/install/demo/lib/demo/demo_set_positions
-- Set runtime path of "/home/rslomron/tm_custom/install/demo/lib/demo/demo_set_positions" to ""
-- Installing: /home/rslomron/tm_custom/install/demo/lib/demo/demo_write_item
-- Set runtime path of "/home/rslomron/tm_custom/install/demo/lib/demo/demo_write_item" to ""
-- Installing: /home/rslomron/tm_custom/install/demo/lib/demo/demo_ask_item
-- Set runtime path of "/home/rslomron/tm_custom/install/demo/lib/demo/demo_ask_item" to ""
-- Installing: /home/rslomron/tm_custom/install/demo/lib/demo/demo_get_feedback
-- Set runtime path of "/home/rslomron/tm_custom/install/demo/lib/demo/demo_get_feedback" to ""
-- Installing: /home/rslomron/tm_custom/install/demo/lib/demo/demo_get_torque_feedback
-- Set runtime path of "/home/rslomron/tm_custom/install/demo/lib/demo/demo_get_torque_feedback" to ""
-- Installing: /home/rslomron/tm_custom/install/demo/lib/demo/demo_get_sct_response
-- Set runtime path of "/home/rslomron/tm_custom/install/demo/lib/demo/demo_get_sct_response" to ""
-- Installing: /home/rslomron/tm_custom/install/demo/lib/demo/demo_get_sta_response
-- Set runtime path of "/home/rslomron/tm_custom/install/demo/lib/demo/demo_get_sta_response" to ""
-- Installing: /home/rslomron/tm_custom/install/demo/lib/demo/demo_get_svr_response
-- Set runtime path of "/home/rslomron/tm_custom/install/demo/lib/demo/demo_get_svr_response" to ""
-- Installing: /home/rslomron/tm_custom/install/demo/lib/demo/demo_leave_listen_node
-- Set runtime path of "/home/rslomron/tm_custom/install/demo/lib/demo/demo_leave_listen_node" to ""
-- Up-to-date: /home/rslomron/tm_custom/install/demo/share/ament_index/resource_index/package_run_dependencies/demo
-- Up-to-date: /home/rslomron/tm_custom/install/demo/share/ament_index/resource_index/parent_prefix_path/demo
-- Up-to-date: /home/rslomron/tm_custom/install/demo/share/demo/environment/ament_prefix_path.sh
-- Up-to-date: /home/rslomron/tm_custom/install/demo/share/demo/environment/ament_prefix_path.dsv
-- Up-to-date: /home/rslomron/tm_custom/install/demo/share/demo/environment/path.sh
-- Up-to-date: /home/rslomron/tm_custom/install/demo/share/demo/environment/path.dsv
-- Up-to-date: /home/rslomron/tm_custom/install/demo/share/demo/local_setup.bash
-- Up-to-date: /home/rslomron/tm_custom/install/demo/share/demo/local_setup.sh
-- Up-to-date: /home/rslomron/tm_custom/install/demo/share/demo/local_setup.zsh
-- Up-to-date: /home/rslomron/tm_custom/install/demo/share/demo/local_setup.dsv
-- Installing: /home/rslomron/tm_custom/install/demo/share/demo/package.dsv
-- Up-to-date: /home/rslomron/tm_custom/install/demo/share/ament_index/resource_index/packages/demo
-- Up-to-date: /home/rslomron/tm_custom/install/demo/share/demo/cmake/demoConfig.cmake
-- Up-to-date: /home/rslomron/tm_custom/install/demo/share/demo/cmake/demoConfig-version.cmake
-- Up-to-date: /home/rslomron/tm_custom/install/demo/share/demo/package.xml
