[0.035s] Invoking command in '/home/rslomron/MoMa/tm_custom/build/demo': CMAKE_PREFIX_PATH=/home/rslomron/MoMa/tm_custom/install/tm_msgs:/home/rslomron/MoMa/tm_custom/install/ui_for_debug_and_demo:/home/rslomron/MoMa/tm_custom/install/tm_driver:/home/rslomron/MoMa/tm_custom/install/demo:/home/rslomron/MoMa/tm_custom/install/tm_moveit_cpp_demo:/home/rslomron/MoMa/tm_custom/install/tm_moveit_config_tm5x-900:/home/rslomron/MoMa/tm_custom/install/tm_moveit_config_tm5x-700:/home/rslomron/MoMa/tm_custom/install/tm_moveit_config_tm5-900:/home/rslomron/MoMa/tm_custom/install/tm_moveit_config_tm5-700:/home/rslomron/MoMa/tm_custom/install/tm_moveit_config_tm14x:/home/rslomron/MoMa/tm_custom/install/tm_moveit_config_tm14:/home/rslomron/MoMa/tm_custom/install/tm_moveit_config_tm12x:/home/rslomron/MoMa/tm_custom/install/tm_moveit_config_tm12:/home/rslomron/MoMa/tm_custom/install/tm_description:/home/rslomron/MoMa/tm_custom/install/custom_package:/home/rslomron/MoMa/tm_custom/install/techman_robot_msgs:/home/rslomron/moveit2_ws/install/pilz_industrial_motion_planner_testutils:/home/rslomron/moveit2_ws/install/moveit_runtime:/home/rslomron/moveit2_ws/install/moveit:/home/rslomron/moveit2_ws/install/moveit_planners:/home/rslomron/moveit2_ws/install/pilz_industrial_motion_planner:/home/rslomron/moveit2_ws/install/moveit_ros_control_interface:/home/rslomron/moveit2_ws/install/moveit_plugins:/home/rslomron/moveit2_ws/install/moveit_simple_controller_manager:/home/rslomron/moveit2_ws/install/moveit_setup_assistant:/home/rslomron/moveit2_ws/install/moveit_setup_srdf_plugins:/home/rslomron/moveit2_ws/install/moveit_setup_core_plugins:/home/rslomron/moveit2_ws/install/moveit_setup_controllers:/home/rslomron/moveit2_ws/install/moveit_setup_app_plugins:/home/rslomron/moveit2_ws/install/moveit_setup_framework:/home/rslomron/moveit2_ws/install/moveit_servo:/home/rslomron/moveit2_ws/install/moveit_ros:/home/rslomron/moveit2_ws/install/moveit_ros_visualization:/home/rslomron/moveit2_ws/install/moveit_hybrid_planning:/home/rslomron/moveit2_ws/install/moveit_ros_planning_interface:/home/rslomron/moveit2_ws/install/moveit_ros_benchmarks:/home/rslomron/moveit2_ws/install/moveit_ros_warehouse:/home/rslomron/moveit2_ws/install/moveit_ros_robot_interaction:/home/rslomron/moveit2_ws/install/moveit_ros_perception:/home/rslomron/moveit2_ws/install/moveit_resources_prbt_pg70_support:/home/rslomron/moveit2_ws/install/moveit_resources_prbt_moveit_config:/home/rslomron/moveit2_ws/install/moveit_ros_move_group:/home/rslomron/moveit2_ws/install/moveit_planners_ompl:/home/rslomron/moveit2_ws/install/moveit_ros_planning:/home/rslomron/moveit2_ws/install/moveit_ros_occupancy_map_monitor:/home/rslomron/moveit2_ws/install/moveit_resources_prbt_support:/home/rslomron/moveit2_ws/install/moveit_resources_prbt_ikfast_manipulator_plugin:/home/rslomron/moveit2_ws/install/moveit_resources:/home/rslomron/moveit2_ws/install/moveit_resources_pr2_description:/home/rslomron/moveit2_ws/install/moveit_resources_panda_moveit_config:/home/rslomron/moveit2_ws/install/moveit_resources_panda_description:/home/rslomron/moveit2_ws/install/moveit_resources_fanuc_moveit_config:/home/rslomron/moveit2_ws/install/moveit_resources_fanuc_description:/home/rslomron/moveit2_ws/install/moveit_planners_chomp:/home/rslomron/moveit2_ws/install/moveit_kinematics:/home/rslomron/moveit2_ws/install/moveit_chomp_optimizer_adapter:/home/rslomron/moveit2_ws/install/chomp_motion_planner:/home/rslomron/moveit2_ws/install/moveit_core:/home/rslomron/moveit2_ws/install/moveit_msgs:/home/rslomron/moveit2_ws/install/moveit_common:/home/rslomron/MoMa/tm_custom/install/tm_mod_urdf:/home/rslomron/MoMa/tm_custom/install/techman_robot_get_status:/home/rslomron/MoMa/tm_custom/install/python_demo:/home/rslomron/MoMa/tm_custom/install/arm_subscriber:/home/rslomron/moveit2_ws/install/moveit_configs_utils:/opt/ros/humble /usr/bin/cmake /home/rslomron/MoMa/tm_custom/src/demo -DCMAKE_INSTALL_PREFIX=/home/rslomron/MoMa/tm_custom/install/demo
[0.118s] -- The C compiler identification is GNU 11.4.0
[0.188s] -- The CXX compiler identification is GNU 11.4.0
[0.196s] -- Detecting C compiler ABI info
[0.287s] -- Detecting C compiler ABI info - done
[0.296s] -- Check for working C compiler: /usr/bin/cc - skipped
[0.296s] -- Detecting C compile features
[0.297s] -- Detecting C compile features - done
[0.300s] -- Detecting CXX compiler ABI info
[0.402s] -- Detecting CXX compiler ABI info - done
[0.412s] -- Check for working CXX compiler: /usr/bin/c++ - skipped
[0.412s] -- Detecting CXX compile features
[0.412s] -- Detecting CXX compile features - done
[0.424s] -- Found ament_cmake: 1.3.8 (/opt/ros/humble/share/ament_cmake/cmake)
[0.642s] -- Found Python3: /usr/bin/python3 (found version "3.10.12") found components: Interpreter 
[0.868s] -- Found rclcpp: 16.0.8 (/opt/ros/humble/share/rclcpp/cmake)
[0.974s] -- Found rosidl_generator_c: 3.1.5 (/opt/ros/humble/share/rosidl_generator_c/cmake)
[0.990s] -- Found rosidl_adapter: 3.1.5 (/opt/ros/humble/share/rosidl_adapter/cmake)
[1.010s] -- Found rosidl_generator_cpp: 3.1.5 (/opt/ros/humble/share/rosidl_generator_cpp/cmake)
[1.037s] -- Using all available rosidl_typesupport_c: rosidl_typesupport_fastrtps_c;rosidl_typesupport_introspection_c
[1.082s] -- Using all available rosidl_typesupport_cpp: rosidl_typesupport_fastrtps_cpp;rosidl_typesupport_introspection_cpp
[1.214s] -- Found rmw_implementation_cmake: 6.1.1 (/opt/ros/humble/share/rmw_implementation_cmake/cmake)
[1.225s] -- Found rmw_fastrtps_cpp: 6.2.6 (/opt/ros/humble/share/rmw_fastrtps_cpp/cmake)
[1.383s] -- Found OpenSSL: /usr/lib/x86_64-linux-gnu/libcrypto.so (found version "3.0.2")  
[1.422s] -- Found FastRTPS: /opt/ros/humble/include  
[1.491s] -- Using RMW implementation 'rmw_fastrtps_cpp' as default
[1.519s] -- Looking for pthread.h
[1.627s] -- Looking for pthread.h - found
[1.627s] -- Performing Test CMAKE_HAVE_LIBC_PTHREAD
[1.743s] -- Performing Test CMAKE_HAVE_LIBC_PTHREAD - Success
[1.744s] -- Found Threads: TRUE  
[2.070s] -- Found sensor_msgs: 4.2.3 (/opt/ros/humble/share/sensor_msgs/cmake)
[2.289s] -- Found tm_msgs: 1.1.2 (/home/rslomron/MoMa/tm_custom/install/tm_msgs/share/tm_msgs/cmake)
[2.343s] -- Found ament_lint_auto: 0.12.10 (/opt/ros/humble/share/ament_lint_auto/cmake)
[2.582s] -- Added test 'cppcheck' to perform static code analysis on C / C++ code
[2.582s] -- Configured cppcheck include dirs: /home/rslomron/MoMa/tm_custom/src/demo/include
[2.582s] -- Configured cppcheck exclude dirs and/or files: 
[2.582s] -- Added test 'lint_cmake' to check CMake code style
[2.582s] -- Added test 'uncrustify' to check C / C++ code style
[2.582s] -- Configured uncrustify additional arguments: 
[2.582s] -- Added test 'xmllint' to check XML markup files
[2.583s] -- Configuring done
[2.656s] -- Generating done
[2.660s] -- Build files have been written to: /home/rslomron/MoMa/tm_custom/build/demo
[2.678s] Invoked command in '/home/rslomron/MoMa/tm_custom/build/demo' returned '0': CMAKE_PREFIX_PATH=/home/rslomron/MoMa/tm_custom/install/tm_msgs:/home/rslomron/MoMa/tm_custom/install/ui_for_debug_and_demo:/home/rslomron/MoMa/tm_custom/install/tm_driver:/home/rslomron/MoMa/tm_custom/install/demo:/home/rslomron/MoMa/tm_custom/install/tm_moveit_cpp_demo:/home/rslomron/MoMa/tm_custom/install/tm_moveit_config_tm5x-900:/home/rslomron/MoMa/tm_custom/install/tm_moveit_config_tm5x-700:/home/rslomron/MoMa/tm_custom/install/tm_moveit_config_tm5-900:/home/rslomron/MoMa/tm_custom/install/tm_moveit_config_tm5-700:/home/rslomron/MoMa/tm_custom/install/tm_moveit_config_tm14x:/home/rslomron/MoMa/tm_custom/install/tm_moveit_config_tm14:/home/rslomron/MoMa/tm_custom/install/tm_moveit_config_tm12x:/home/rslomron/MoMa/tm_custom/install/tm_moveit_config_tm12:/home/rslomron/MoMa/tm_custom/install/tm_description:/home/rslomron/MoMa/tm_custom/install/custom_package:/home/rslomron/MoMa/tm_custom/install/techman_robot_msgs:/home/rslomron/moveit2_ws/install/pilz_industrial_motion_planner_testutils:/home/rslomron/moveit2_ws/install/moveit_runtime:/home/rslomron/moveit2_ws/install/moveit:/home/rslomron/moveit2_ws/install/moveit_planners:/home/rslomron/moveit2_ws/install/pilz_industrial_motion_planner:/home/rslomron/moveit2_ws/install/moveit_ros_control_interface:/home/rslomron/moveit2_ws/install/moveit_plugins:/home/rslomron/moveit2_ws/install/moveit_simple_controller_manager:/home/rslomron/moveit2_ws/install/moveit_setup_assistant:/home/rslomron/moveit2_ws/install/moveit_setup_srdf_plugins:/home/rslomron/moveit2_ws/install/moveit_setup_core_plugins:/home/rslomron/moveit2_ws/install/moveit_setup_controllers:/home/rslomron/moveit2_ws/install/moveit_setup_app_plugins:/home/rslomron/moveit2_ws/install/moveit_setup_framework:/home/rslomron/moveit2_ws/install/moveit_servo:/home/rslomron/moveit2_ws/install/moveit_ros:/home/rslomron/moveit2_ws/install/moveit_ros_visualization:/home/rslomron/moveit2_ws/install/moveit_hybrid_planning:/home/rslomron/moveit2_ws/install/moveit_ros_planning_interface:/home/rslomron/moveit2_ws/install/moveit_ros_benchmarks:/home/rslomron/moveit2_ws/install/moveit_ros_warehouse:/home/rslomron/moveit2_ws/install/moveit_ros_robot_interaction:/home/rslomron/moveit2_ws/install/moveit_ros_perception:/home/rslomron/moveit2_ws/install/moveit_resources_prbt_pg70_support:/home/rslomron/moveit2_ws/install/moveit_resources_prbt_moveit_config:/home/rslomron/moveit2_ws/install/moveit_ros_move_group:/home/rslomron/moveit2_ws/install/moveit_planners_ompl:/home/rslomron/moveit2_ws/install/moveit_ros_planning:/home/rslomron/moveit2_ws/install/moveit_ros_occupancy_map_monitor:/home/rslomron/moveit2_ws/install/moveit_resources_prbt_support:/home/rslomron/moveit2_ws/install/moveit_resources_prbt_ikfast_manipulator_plugin:/home/rslomron/moveit2_ws/install/moveit_resources:/home/rslomron/moveit2_ws/install/moveit_resources_pr2_description:/home/rslomron/moveit2_ws/install/moveit_resources_panda_moveit_config:/home/rslomron/moveit2_ws/install/moveit_resources_panda_description:/home/rslomron/moveit2_ws/install/moveit_resources_fanuc_moveit_config:/home/rslomron/moveit2_ws/install/moveit_resources_fanuc_description:/home/rslomron/moveit2_ws/install/moveit_planners_chomp:/home/rslomron/moveit2_ws/install/moveit_kinematics:/home/rslomron/moveit2_ws/install/moveit_chomp_optimizer_adapter:/home/rslomron/moveit2_ws/install/chomp_motion_planner:/home/rslomron/moveit2_ws/install/moveit_core:/home/rslomron/moveit2_ws/install/moveit_msgs:/home/rslomron/moveit2_ws/install/moveit_common:/home/rslomron/MoMa/tm_custom/install/tm_mod_urdf:/home/rslomron/MoMa/tm_custom/install/techman_robot_get_status:/home/rslomron/MoMa/tm_custom/install/python_demo:/home/rslomron/MoMa/tm_custom/install/arm_subscriber:/home/rslomron/moveit2_ws/install/moveit_configs_utils:/opt/ros/humble /usr/bin/cmake /home/rslomron/MoMa/tm_custom/src/demo -DCMAKE_INSTALL_PREFIX=/home/rslomron/MoMa/tm_custom/install/demo
[2.680s] Invoking command in '/home/rslomron/MoMa/tm_custom/build/demo': CMAKE_PREFIX_PATH=/home/rslomron/MoMa/tm_custom/install/tm_msgs:/home/rslomron/MoMa/tm_custom/install/ui_for_debug_and_demo:/home/rslomron/MoMa/tm_custom/install/tm_driver:/home/rslomron/MoMa/tm_custom/install/demo:/home/rslomron/MoMa/tm_custom/install/tm_moveit_cpp_demo:/home/rslomron/MoMa/tm_custom/install/tm_moveit_config_tm5x-900:/home/rslomron/MoMa/tm_custom/install/tm_moveit_config_tm5x-700:/home/rslomron/MoMa/tm_custom/install/tm_moveit_config_tm5-900:/home/rslomron/MoMa/tm_custom/install/tm_moveit_config_tm5-700:/home/rslomron/MoMa/tm_custom/install/tm_moveit_config_tm14x:/home/rslomron/MoMa/tm_custom/install/tm_moveit_config_tm14:/home/rslomron/MoMa/tm_custom/install/tm_moveit_config_tm12x:/home/rslomron/MoMa/tm_custom/install/tm_moveit_config_tm12:/home/rslomron/MoMa/tm_custom/install/tm_description:/home/rslomron/MoMa/tm_custom/install/custom_package:/home/rslomron/MoMa/tm_custom/install/techman_robot_msgs:/home/rslomron/moveit2_ws/install/pilz_industrial_motion_planner_testutils:/home/rslomron/moveit2_ws/install/moveit_runtime:/home/rslomron/moveit2_ws/install/moveit:/home/rslomron/moveit2_ws/install/moveit_planners:/home/rslomron/moveit2_ws/install/pilz_industrial_motion_planner:/home/rslomron/moveit2_ws/install/moveit_ros_control_interface:/home/rslomron/moveit2_ws/install/moveit_plugins:/home/rslomron/moveit2_ws/install/moveit_simple_controller_manager:/home/rslomron/moveit2_ws/install/moveit_setup_assistant:/home/rslomron/moveit2_ws/install/moveit_setup_srdf_plugins:/home/rslomron/moveit2_ws/install/moveit_setup_core_plugins:/home/rslomron/moveit2_ws/install/moveit_setup_controllers:/home/rslomron/moveit2_ws/install/moveit_setup_app_plugins:/home/rslomron/moveit2_ws/install/moveit_setup_framework:/home/rslomron/moveit2_ws/install/moveit_servo:/home/rslomron/moveit2_ws/install/moveit_ros:/home/rslomron/moveit2_ws/install/moveit_ros_visualization:/home/rslomron/moveit2_ws/install/moveit_hybrid_planning:/home/rslomron/moveit2_ws/install/moveit_ros_planning_interface:/home/rslomron/moveit2_ws/install/moveit_ros_benchmarks:/home/rslomron/moveit2_ws/install/moveit_ros_warehouse:/home/rslomron/moveit2_ws/install/moveit_ros_robot_interaction:/home/rslomron/moveit2_ws/install/moveit_ros_perception:/home/rslomron/moveit2_ws/install/moveit_resources_prbt_pg70_support:/home/rslomron/moveit2_ws/install/moveit_resources_prbt_moveit_config:/home/rslomron/moveit2_ws/install/moveit_ros_move_group:/home/rslomron/moveit2_ws/install/moveit_planners_ompl:/home/rslomron/moveit2_ws/install/moveit_ros_planning:/home/rslomron/moveit2_ws/install/moveit_ros_occupancy_map_monitor:/home/rslomron/moveit2_ws/install/moveit_resources_prbt_support:/home/rslomron/moveit2_ws/install/moveit_resources_prbt_ikfast_manipulator_plugin:/home/rslomron/moveit2_ws/install/moveit_resources:/home/rslomron/moveit2_ws/install/moveit_resources_pr2_description:/home/rslomron/moveit2_ws/install/moveit_resources_panda_moveit_config:/home/rslomron/moveit2_ws/install/moveit_resources_panda_description:/home/rslomron/moveit2_ws/install/moveit_resources_fanuc_moveit_config:/home/rslomron/moveit2_ws/install/moveit_resources_fanuc_description:/home/rslomron/moveit2_ws/install/moveit_planners_chomp:/home/rslomron/moveit2_ws/install/moveit_kinematics:/home/rslomron/moveit2_ws/install/moveit_chomp_optimizer_adapter:/home/rslomron/moveit2_ws/install/chomp_motion_planner:/home/rslomron/moveit2_ws/install/moveit_core:/home/rslomron/moveit2_ws/install/moveit_msgs:/home/rslomron/moveit2_ws/install/moveit_common:/home/rslomron/MoMa/tm_custom/install/tm_mod_urdf:/home/rslomron/MoMa/tm_custom/install/techman_robot_get_status:/home/rslomron/MoMa/tm_custom/install/python_demo:/home/rslomron/MoMa/tm_custom/install/arm_subscriber:/home/rslomron/moveit2_ws/install/moveit_configs_utils:/opt/ros/humble /usr/bin/cmake --build /home/rslomron/MoMa/tm_custom/build/demo -- -j8 -l8
[2.779s] [  3%] [32mBuilding CXX object CMakeFiles/demo_send_script.dir/src/demo_send_script.cpp.o[0m
[2.779s] [  7%] [32mBuilding CXX object CMakeFiles/demo_ask_sta.dir/src/demo_ask_sta.cpp.o[0m
[2.780s] [ 10%] [32mBuilding CXX object CMakeFiles/demo_set_event.dir/src/demo_set_event.cpp.o[0m
[2.780s] [ 14%] [32mBuilding CXX object CMakeFiles/demo_connect_tm.dir/src/demo_connect_tm.cpp.o[0m
[3.887s] [ 17%] [32mBuilding CXX object CMakeFiles/demo_set_positions.dir/src/demo_set_positions.cpp.o[0m
[3.938s] [ 25%] [32mBuilding CXX object CMakeFiles/demo_write_item.dir/src/demo_write_item.cpp.o[0m
[3.964s] [ 25%] [32mBuilding CXX object CMakeFiles/demo_ask_item.dir/src/demo_ask_item.cpp.o[0m
[5.000s] [ 28%] [32mBuilding CXX object CMakeFiles/demo_set_io.dir/src/demo_set_io.cpp.o[0m
[13.291s] [ 32%] [32m[1mLinking CXX executable demo_connect_tm[0m
[13.552s] [ 35%] [32m[1mLinking CXX executable demo_ask_sta[0m
[13.790s] [ 39%] [32m[1mLinking CXX executable demo_ask_item[0m
[13.863s] [ 42%] [32m[1mLinking CXX executable demo_send_script[0m
[13.908s] [ 42%] Built target demo_connect_tm
[13.957s] [ 46%] [32m[1mLinking CXX executable demo_set_event[0m
[14.189s] [ 46%] Built target demo_ask_sta
[14.287s] [ 46%] Built target demo_ask_item
[14.409s] [ 46%] Built target demo_set_event
[14.596s] [ 46%] Built target demo_send_script
[15.779s] [ 50%] [32m[1mLinking CXX executable demo_set_positions[0m
[16.198s] [ 50%] Built target demo_set_positions
[16.276s] [ 53%] [32m[1mLinking CXX executable demo_set_io[0m
[16.310s] [ 57%] [32m[1mLinking CXX executable demo_write_item[0m
[16.570s] [ 57%] Built target demo_set_io
[16.615s] [ 57%] Built target demo_write_item
[16.661s] [ 60%] [32mBuilding CXX object CMakeFiles/demo_leave_listen_node.dir/src/demo_leave_listen_node.cpp.o[0m
[21.104s] [ 64%] [32m[1mLinking CXX executable demo_leave_listen_node[0m
[21.294s] [ 64%] Built target demo_leave_listen_node
[21.324s] [ 71%] [32mBuilding CXX object CMakeFiles/demo_get_sta_response.dir/get_status_demo_src/demo_get_sta_response.cpp.o[0m
[21.324s] [ 71%] [32mBuilding CXX object CMakeFiles/demo_get_svr_response.dir/get_status_demo_src/demo_get_svr_response.cpp.o[0m
[32.382s] [ 75%] [32m[1mLinking CXX executable demo_get_sta_response[0m
[33.003s] [ 75%] Built target demo_get_sta_response
[33.468s] [ 78%] [32m[1mLinking CXX executable demo_get_svr_response[0m
[34.084s] [ 78%] Built target demo_get_svr_response
[34.117s] [ 82%] [32mBuilding CXX object CMakeFiles/demo_get_sct_response.dir/get_status_demo_src/demo_get_sct_response.cpp.o[0m
[43.108s] [ 85%] [32m[1mLinking CXX executable demo_get_sct_response[0m
[43.548s] [ 85%] Built target demo_get_sct_response
[43.577s] [ 89%] [32mBuilding CXX object CMakeFiles/demo_get_torque_feedback.dir/get_status_demo_src/demo_get_torque_feedback.cpp.o[0m
[43.590s] [ 92%] [32mBuilding CXX object CMakeFiles/demo_get_feedback.dir/get_status_demo_src/demo_get_feedback.cpp.o[0m
[52.301s] [ 96%] [32m[1mLinking CXX executable demo_get_torque_feedback[0m
[52.431s] [100%] [32m[1mLinking CXX executable demo_get_feedback[0m
[52.735s] [100%] Built target demo_get_torque_feedback
[52.848s] [100%] Built target demo_get_feedback
[52.866s] Invoked command in '/home/rslomron/MoMa/tm_custom/build/demo' returned '0': CMAKE_PREFIX_PATH=/home/rslomron/MoMa/tm_custom/install/tm_msgs:/home/rslomron/MoMa/tm_custom/install/ui_for_debug_and_demo:/home/rslomron/MoMa/tm_custom/install/tm_driver:/home/rslomron/MoMa/tm_custom/install/demo:/home/rslomron/MoMa/tm_custom/install/tm_moveit_cpp_demo:/home/rslomron/MoMa/tm_custom/install/tm_moveit_config_tm5x-900:/home/rslomron/MoMa/tm_custom/install/tm_moveit_config_tm5x-700:/home/rslomron/MoMa/tm_custom/install/tm_moveit_config_tm5-900:/home/rslomron/MoMa/tm_custom/install/tm_moveit_config_tm5-700:/home/rslomron/MoMa/tm_custom/install/tm_moveit_config_tm14x:/home/rslomron/MoMa/tm_custom/install/tm_moveit_config_tm14:/home/rslomron/MoMa/tm_custom/install/tm_moveit_config_tm12x:/home/rslomron/MoMa/tm_custom/install/tm_moveit_config_tm12:/home/rslomron/MoMa/tm_custom/install/tm_description:/home/rslomron/MoMa/tm_custom/install/custom_package:/home/rslomron/MoMa/tm_custom/install/techman_robot_msgs:/home/rslomron/moveit2_ws/install/pilz_industrial_motion_planner_testutils:/home/rslomron/moveit2_ws/install/moveit_runtime:/home/rslomron/moveit2_ws/install/moveit:/home/rslomron/moveit2_ws/install/moveit_planners:/home/rslomron/moveit2_ws/install/pilz_industrial_motion_planner:/home/rslomron/moveit2_ws/install/moveit_ros_control_interface:/home/rslomron/moveit2_ws/install/moveit_plugins:/home/rslomron/moveit2_ws/install/moveit_simple_controller_manager:/home/rslomron/moveit2_ws/install/moveit_setup_assistant:/home/rslomron/moveit2_ws/install/moveit_setup_srdf_plugins:/home/rslomron/moveit2_ws/install/moveit_setup_core_plugins:/home/rslomron/moveit2_ws/install/moveit_setup_controllers:/home/rslomron/moveit2_ws/install/moveit_setup_app_plugins:/home/rslomron/moveit2_ws/install/moveit_setup_framework:/home/rslomron/moveit2_ws/install/moveit_servo:/home/rslomron/moveit2_ws/install/moveit_ros:/home/rslomron/moveit2_ws/install/moveit_ros_visualization:/home/rslomron/moveit2_ws/install/moveit_hybrid_planning:/home/rslomron/moveit2_ws/install/moveit_ros_planning_interface:/home/rslomron/moveit2_ws/install/moveit_ros_benchmarks:/home/rslomron/moveit2_ws/install/moveit_ros_warehouse:/home/rslomron/moveit2_ws/install/moveit_ros_robot_interaction:/home/rslomron/moveit2_ws/install/moveit_ros_perception:/home/rslomron/moveit2_ws/install/moveit_resources_prbt_pg70_support:/home/rslomron/moveit2_ws/install/moveit_resources_prbt_moveit_config:/home/rslomron/moveit2_ws/install/moveit_ros_move_group:/home/rslomron/moveit2_ws/install/moveit_planners_ompl:/home/rslomron/moveit2_ws/install/moveit_ros_planning:/home/rslomron/moveit2_ws/install/moveit_ros_occupancy_map_monitor:/home/rslomron/moveit2_ws/install/moveit_resources_prbt_support:/home/rslomron/moveit2_ws/install/moveit_resources_prbt_ikfast_manipulator_plugin:/home/rslomron/moveit2_ws/install/moveit_resources:/home/rslomron/moveit2_ws/install/moveit_resources_pr2_description:/home/rslomron/moveit2_ws/install/moveit_resources_panda_moveit_config:/home/rslomron/moveit2_ws/install/moveit_resources_panda_description:/home/rslomron/moveit2_ws/install/moveit_resources_fanuc_moveit_config:/home/rslomron/moveit2_ws/install/moveit_resources_fanuc_description:/home/rslomron/moveit2_ws/install/moveit_planners_chomp:/home/rslomron/moveit2_ws/install/moveit_kinematics:/home/rslomron/moveit2_ws/install/moveit_chomp_optimizer_adapter:/home/rslomron/moveit2_ws/install/chomp_motion_planner:/home/rslomron/moveit2_ws/install/moveit_core:/home/rslomron/moveit2_ws/install/moveit_msgs:/home/rslomron/moveit2_ws/install/moveit_common:/home/rslomron/MoMa/tm_custom/install/tm_mod_urdf:/home/rslomron/MoMa/tm_custom/install/techman_robot_get_status:/home/rslomron/MoMa/tm_custom/install/python_demo:/home/rslomron/MoMa/tm_custom/install/arm_subscriber:/home/rslomron/moveit2_ws/install/moveit_configs_utils:/opt/ros/humble /usr/bin/cmake --build /home/rslomron/MoMa/tm_custom/build/demo -- -j8 -l8
[52.993s] Invoking command in '/home/rslomron/MoMa/tm_custom/build/demo': CMAKE_PREFIX_PATH=/home/rslomron/MoMa/tm_custom/install/tm_msgs:/home/rslomron/MoMa/tm_custom/install/ui_for_debug_and_demo:/home/rslomron/MoMa/tm_custom/install/tm_driver:/home/rslomron/MoMa/tm_custom/install/demo:/home/rslomron/MoMa/tm_custom/install/tm_moveit_cpp_demo:/home/rslomron/MoMa/tm_custom/install/tm_moveit_config_tm5x-900:/home/rslomron/MoMa/tm_custom/install/tm_moveit_config_tm5x-700:/home/rslomron/MoMa/tm_custom/install/tm_moveit_config_tm5-900:/home/rslomron/MoMa/tm_custom/install/tm_moveit_config_tm5-700:/home/rslomron/MoMa/tm_custom/install/tm_moveit_config_tm14x:/home/rslomron/MoMa/tm_custom/install/tm_moveit_config_tm14:/home/rslomron/MoMa/tm_custom/install/tm_moveit_config_tm12x:/home/rslomron/MoMa/tm_custom/install/tm_moveit_config_tm12:/home/rslomron/MoMa/tm_custom/install/tm_description:/home/rslomron/MoMa/tm_custom/install/custom_package:/home/rslomron/MoMa/tm_custom/install/techman_robot_msgs:/home/rslomron/moveit2_ws/install/pilz_industrial_motion_planner_testutils:/home/rslomron/moveit2_ws/install/moveit_runtime:/home/rslomron/moveit2_ws/install/moveit:/home/rslomron/moveit2_ws/install/moveit_planners:/home/rslomron/moveit2_ws/install/pilz_industrial_motion_planner:/home/rslomron/moveit2_ws/install/moveit_ros_control_interface:/home/rslomron/moveit2_ws/install/moveit_plugins:/home/rslomron/moveit2_ws/install/moveit_simple_controller_manager:/home/rslomron/moveit2_ws/install/moveit_setup_assistant:/home/rslomron/moveit2_ws/install/moveit_setup_srdf_plugins:/home/rslomron/moveit2_ws/install/moveit_setup_core_plugins:/home/rslomron/moveit2_ws/install/moveit_setup_controllers:/home/rslomron/moveit2_ws/install/moveit_setup_app_plugins:/home/rslomron/moveit2_ws/install/moveit_setup_framework:/home/rslomron/moveit2_ws/install/moveit_servo:/home/rslomron/moveit2_ws/install/moveit_ros:/home/rslomron/moveit2_ws/install/moveit_ros_visualization:/home/rslomron/moveit2_ws/install/moveit_hybrid_planning:/home/rslomron/moveit2_ws/install/moveit_ros_planning_interface:/home/rslomron/moveit2_ws/install/moveit_ros_benchmarks:/home/rslomron/moveit2_ws/install/moveit_ros_warehouse:/home/rslomron/moveit2_ws/install/moveit_ros_robot_interaction:/home/rslomron/moveit2_ws/install/moveit_ros_perception:/home/rslomron/moveit2_ws/install/moveit_resources_prbt_pg70_support:/home/rslomron/moveit2_ws/install/moveit_resources_prbt_moveit_config:/home/rslomron/moveit2_ws/install/moveit_ros_move_group:/home/rslomron/moveit2_ws/install/moveit_planners_ompl:/home/rslomron/moveit2_ws/install/moveit_ros_planning:/home/rslomron/moveit2_ws/install/moveit_ros_occupancy_map_monitor:/home/rslomron/moveit2_ws/install/moveit_resources_prbt_support:/home/rslomron/moveit2_ws/install/moveit_resources_prbt_ikfast_manipulator_plugin:/home/rslomron/moveit2_ws/install/moveit_resources:/home/rslomron/moveit2_ws/install/moveit_resources_pr2_description:/home/rslomron/moveit2_ws/install/moveit_resources_panda_moveit_config:/home/rslomron/moveit2_ws/install/moveit_resources_panda_description:/home/rslomron/moveit2_ws/install/moveit_resources_fanuc_moveit_config:/home/rslomron/moveit2_ws/install/moveit_resources_fanuc_description:/home/rslomron/moveit2_ws/install/moveit_planners_chomp:/home/rslomron/moveit2_ws/install/moveit_kinematics:/home/rslomron/moveit2_ws/install/moveit_chomp_optimizer_adapter:/home/rslomron/moveit2_ws/install/chomp_motion_planner:/home/rslomron/moveit2_ws/install/moveit_core:/home/rslomron/moveit2_ws/install/moveit_msgs:/home/rslomron/moveit2_ws/install/moveit_common:/home/rslomron/MoMa/tm_custom/install/tm_mod_urdf:/home/rslomron/MoMa/tm_custom/install/techman_robot_get_status:/home/rslomron/MoMa/tm_custom/install/python_demo:/home/rslomron/MoMa/tm_custom/install/arm_subscriber:/home/rslomron/moveit2_ws/install/moveit_configs_utils:/opt/ros/humble /usr/bin/cmake --install /home/rslomron/MoMa/tm_custom/build/demo
[53.003s] -- Install configuration: ""
[53.003s] -- Installing: /home/rslomron/MoMa/tm_custom/install/demo/lib/demo/demo_send_script
[53.004s] -- Set runtime path of "/home/rslomron/MoMa/tm_custom/install/demo/lib/demo/demo_send_script" to ""
[53.004s] -- Installing: /home/rslomron/MoMa/tm_custom/install/demo/lib/demo/demo_ask_sta
[53.005s] -- Set runtime path of "/home/rslomron/MoMa/tm_custom/install/demo/lib/demo/demo_ask_sta" to ""
[53.005s] -- Installing: /home/rslomron/MoMa/tm_custom/install/demo/lib/demo/demo_connect_tm
[53.006s] -- Set runtime path of "/home/rslomron/MoMa/tm_custom/install/demo/lib/demo/demo_connect_tm" to ""
[53.006s] -- Installing: /home/rslomron/MoMa/tm_custom/install/demo/lib/demo/demo_set_event
[53.007s] -- Set runtime path of "/home/rslomron/MoMa/tm_custom/install/demo/lib/demo/demo_set_event" to ""
[53.007s] -- Installing: /home/rslomron/MoMa/tm_custom/install/demo/lib/demo/demo_set_io
[53.008s] -- Set runtime path of "/home/rslomron/MoMa/tm_custom/install/demo/lib/demo/demo_set_io" to ""
[53.008s] -- Installing: /home/rslomron/MoMa/tm_custom/install/demo/lib/demo/demo_set_positions
[53.009s] -- Set runtime path of "/home/rslomron/MoMa/tm_custom/install/demo/lib/demo/demo_set_positions" to ""
[53.009s] -- Installing: /home/rslomron/MoMa/tm_custom/install/demo/lib/demo/demo_write_item
[53.010s] -- Set runtime path of "/home/rslomron/MoMa/tm_custom/install/demo/lib/demo/demo_write_item" to ""
[53.010s] -- Installing: /home/rslomron/MoMa/tm_custom/install/demo/lib/demo/demo_ask_item
[53.010s] -- Set runtime path of "/home/rslomron/MoMa/tm_custom/install/demo/lib/demo/demo_ask_item" to ""
[53.011s] -- Installing: /home/rslomron/MoMa/tm_custom/install/demo/lib/demo/demo_get_feedback
[53.014s] -- Set runtime path of "/home/rslomron/MoMa/tm_custom/install/demo/lib/demo/demo_get_feedback" to ""
[53.014s] -- Installing: /home/rslomron/MoMa/tm_custom/install/demo/lib/demo/demo_get_torque_feedback
[53.017s] -- Set runtime path of "/home/rslomron/MoMa/tm_custom/install/demo/lib/demo/demo_get_torque_feedback" to ""
[53.017s] -- Installing: /home/rslomron/MoMa/tm_custom/install/demo/lib/demo/demo_get_sct_response
[53.021s] -- Set runtime path of "/home/rslomron/MoMa/tm_custom/install/demo/lib/demo/demo_get_sct_response" to ""
[53.021s] -- Installing: /home/rslomron/MoMa/tm_custom/install/demo/lib/demo/demo_get_sta_response
[53.024s] -- Set runtime path of "/home/rslomron/MoMa/tm_custom/install/demo/lib/demo/demo_get_sta_response" to ""
[53.024s] -- Installing: /home/rslomron/MoMa/tm_custom/install/demo/lib/demo/demo_get_svr_response
[53.027s] -- Set runtime path of "/home/rslomron/MoMa/tm_custom/install/demo/lib/demo/demo_get_svr_response" to ""
[53.027s] -- Installing: /home/rslomron/MoMa/tm_custom/install/demo/lib/demo/demo_leave_listen_node
[53.028s] -- Set runtime path of "/home/rslomron/MoMa/tm_custom/install/demo/lib/demo/demo_leave_listen_node" to ""
[53.028s] -- Installing: /home/rslomron/MoMa/tm_custom/install/demo/share/ament_index/resource_index/package_run_dependencies/demo
[53.028s] -- Installing: /home/rslomron/MoMa/tm_custom/install/demo/share/ament_index/resource_index/parent_prefix_path/demo
[53.028s] -- Installing: /home/rslomron/MoMa/tm_custom/install/demo/share/demo/environment/ament_prefix_path.sh
[53.028s] -- Installing: /home/rslomron/MoMa/tm_custom/install/demo/share/demo/environment/ament_prefix_path.dsv
[53.028s] -- Installing: /home/rslomron/MoMa/tm_custom/install/demo/share/demo/environment/path.sh
[53.029s] -- Installing: /home/rslomron/MoMa/tm_custom/install/demo/share/demo/environment/path.dsv
[53.029s] -- Installing: /home/rslomron/MoMa/tm_custom/install/demo/share/demo/local_setup.bash
[53.029s] -- Installing: /home/rslomron/MoMa/tm_custom/install/demo/share/demo/local_setup.sh
[53.029s] -- Installing: /home/rslomron/MoMa/tm_custom/install/demo/share/demo/local_setup.zsh
[53.029s] -- Installing: /home/rslomron/MoMa/tm_custom/install/demo/share/demo/local_setup.dsv
[53.029s] -- Installing: /home/rslomron/MoMa/tm_custom/install/demo/share/demo/package.dsv
[53.029s] -- Installing: /home/rslomron/MoMa/tm_custom/install/demo/share/ament_index/resource_index/packages/demo
[53.030s] -- Installing: /home/rslomron/MoMa/tm_custom/install/demo/share/demo/cmake/demoConfig.cmake
[53.030s] -- Installing: /home/rslomron/MoMa/tm_custom/install/demo/share/demo/cmake/demoConfig-version.cmake
[53.030s] -- Installing: /home/rslomron/MoMa/tm_custom/install/demo/share/demo/package.xml
[53.032s] Invoked command in '/home/rslomron/MoMa/tm_custom/build/demo' returned '0': CMAKE_PREFIX_PATH=/home/rslomron/MoMa/tm_custom/install/tm_msgs:/home/rslomron/MoMa/tm_custom/install/ui_for_debug_and_demo:/home/rslomron/MoMa/tm_custom/install/tm_driver:/home/rslomron/MoMa/tm_custom/install/demo:/home/rslomron/MoMa/tm_custom/install/tm_moveit_cpp_demo:/home/rslomron/MoMa/tm_custom/install/tm_moveit_config_tm5x-900:/home/rslomron/MoMa/tm_custom/install/tm_moveit_config_tm5x-700:/home/rslomron/MoMa/tm_custom/install/tm_moveit_config_tm5-900:/home/rslomron/MoMa/tm_custom/install/tm_moveit_config_tm5-700:/home/rslomron/MoMa/tm_custom/install/tm_moveit_config_tm14x:/home/rslomron/MoMa/tm_custom/install/tm_moveit_config_tm14:/home/rslomron/MoMa/tm_custom/install/tm_moveit_config_tm12x:/home/rslomron/MoMa/tm_custom/install/tm_moveit_config_tm12:/home/rslomron/MoMa/tm_custom/install/tm_description:/home/rslomron/MoMa/tm_custom/install/custom_package:/home/rslomron/MoMa/tm_custom/install/techman_robot_msgs:/home/rslomron/moveit2_ws/install/pilz_industrial_motion_planner_testutils:/home/rslomron/moveit2_ws/install/moveit_runtime:/home/rslomron/moveit2_ws/install/moveit:/home/rslomron/moveit2_ws/install/moveit_planners:/home/rslomron/moveit2_ws/install/pilz_industrial_motion_planner:/home/rslomron/moveit2_ws/install/moveit_ros_control_interface:/home/rslomron/moveit2_ws/install/moveit_plugins:/home/rslomron/moveit2_ws/install/moveit_simple_controller_manager:/home/rslomron/moveit2_ws/install/moveit_setup_assistant:/home/rslomron/moveit2_ws/install/moveit_setup_srdf_plugins:/home/rslomron/moveit2_ws/install/moveit_setup_core_plugins:/home/rslomron/moveit2_ws/install/moveit_setup_controllers:/home/rslomron/moveit2_ws/install/moveit_setup_app_plugins:/home/rslomron/moveit2_ws/install/moveit_setup_framework:/home/rslomron/moveit2_ws/install/moveit_servo:/home/rslomron/moveit2_ws/install/moveit_ros:/home/rslomron/moveit2_ws/install/moveit_ros_visualization:/home/rslomron/moveit2_ws/install/moveit_hybrid_planning:/home/rslomron/moveit2_ws/install/moveit_ros_planning_interface:/home/rslomron/moveit2_ws/install/moveit_ros_benchmarks:/home/rslomron/moveit2_ws/install/moveit_ros_warehouse:/home/rslomron/moveit2_ws/install/moveit_ros_robot_interaction:/home/rslomron/moveit2_ws/install/moveit_ros_perception:/home/rslomron/moveit2_ws/install/moveit_resources_prbt_pg70_support:/home/rslomron/moveit2_ws/install/moveit_resources_prbt_moveit_config:/home/rslomron/moveit2_ws/install/moveit_ros_move_group:/home/rslomron/moveit2_ws/install/moveit_planners_ompl:/home/rslomron/moveit2_ws/install/moveit_ros_planning:/home/rslomron/moveit2_ws/install/moveit_ros_occupancy_map_monitor:/home/rslomron/moveit2_ws/install/moveit_resources_prbt_support:/home/rslomron/moveit2_ws/install/moveit_resources_prbt_ikfast_manipulator_plugin:/home/rslomron/moveit2_ws/install/moveit_resources:/home/rslomron/moveit2_ws/install/moveit_resources_pr2_description:/home/rslomron/moveit2_ws/install/moveit_resources_panda_moveit_config:/home/rslomron/moveit2_ws/install/moveit_resources_panda_description:/home/rslomron/moveit2_ws/install/moveit_resources_fanuc_moveit_config:/home/rslomron/moveit2_ws/install/moveit_resources_fanuc_description:/home/rslomron/moveit2_ws/install/moveit_planners_chomp:/home/rslomron/moveit2_ws/install/moveit_kinematics:/home/rslomron/moveit2_ws/install/moveit_chomp_optimizer_adapter:/home/rslomron/moveit2_ws/install/chomp_motion_planner:/home/rslomron/moveit2_ws/install/moveit_core:/home/rslomron/moveit2_ws/install/moveit_msgs:/home/rslomron/moveit2_ws/install/moveit_common:/home/rslomron/MoMa/tm_custom/install/tm_mod_urdf:/home/rslomron/MoMa/tm_custom/install/techman_robot_get_status:/home/rslomron/MoMa/tm_custom/install/python_demo:/home/rslomron/MoMa/tm_custom/install/arm_subscriber:/home/rslomron/moveit2_ws/install/moveit_configs_utils:/opt/ros/humble /usr/bin/cmake --install /home/rslomron/MoMa/tm_custom/build/demo
