[2.230s] Invoking command in '/home/rslomron/MoMa/tm_custom/src/tm_mod_urdf': PYTHONPATH=/home/rslomron/MoMa/tm_custom/build/tm_mod_urdf/prefix_override:/home/rslomron/MoMa/tm_custom/install/tm_mod_urdf/lib/python3.10/site-packages:${PYTHONPATH} /usr/bin/python3 -W ignore:setup.py install is deprecated setup.py egg_info --egg-base ../../build/tm_mod_urdf build --build-base /home/rslomron/MoMa/tm_custom/build/tm_mod_urdf/build install --record /home/rslomron/MoMa/tm_custom/build/tm_mod_urdf/install.log --single-version-externally-managed install_data
[2.784s] running egg_info
[2.786s] creating ../../build/tm_mod_urdf/tm_mod_urdf.egg-info
[2.786s] writing ../../build/tm_mod_urdf/tm_mod_urdf.egg-info/PKG-INFO
[2.787s] writing dependency_links to ../../build/tm_mod_urdf/tm_mod_urdf.egg-info/dependency_links.txt
[2.787s] writing entry points to ../../build/tm_mod_urdf/tm_mod_urdf.egg-info/entry_points.txt
[2.788s] writing requirements to ../../build/tm_mod_urdf/tm_mod_urdf.egg-info/requires.txt
[2.788s] writing top-level names to ../../build/tm_mod_urdf/tm_mod_urdf.egg-info/top_level.txt
[2.794s] writing manifest file '../../build/tm_mod_urdf/tm_mod_urdf.egg-info/SOURCES.txt'
[2.797s] reading manifest file '../../build/tm_mod_urdf/tm_mod_urdf.egg-info/SOURCES.txt'
[2.800s] writing manifest file '../../build/tm_mod_urdf/tm_mod_urdf.egg-info/SOURCES.txt'
[2.800s] running build
[2.800s] running build_py
[2.800s] creating /home/rslomron/MoMa/tm_custom/build/tm_mod_urdf/build
[2.800s] creating /home/rslomron/MoMa/tm_custom/build/tm_mod_urdf/build/lib
[2.800s] creating /home/rslomron/MoMa/tm_custom/build/tm_mod_urdf/build/lib/tm_mod_urdf
[2.801s] copying tm_mod_urdf/modify_urdf.py -> /home/rslomron/MoMa/tm_custom/build/tm_mod_urdf/build/lib/tm_mod_urdf
[2.801s] copying tm_mod_urdf/_modify_urdf.py -> /home/rslomron/MoMa/tm_custom/build/tm_mod_urdf/build/lib/tm_mod_urdf
[2.801s] copying tm_mod_urdf/modify_xacro.py -> /home/rslomron/MoMa/tm_custom/build/tm_mod_urdf/build/lib/tm_mod_urdf
[2.801s] copying tm_mod_urdf/__init__.py -> /home/rslomron/MoMa/tm_custom/build/tm_mod_urdf/build/lib/tm_mod_urdf
[2.801s] running install
[2.802s] running install_lib
[2.803s] creating /home/rslomron/MoMa/tm_custom/install/tm_mod_urdf/lib/python3.10/site-packages/tm_mod_urdf
[2.803s] copying /home/rslomron/MoMa/tm_custom/build/tm_mod_urdf/build/lib/tm_mod_urdf/modify_urdf.py -> /home/rslomron/MoMa/tm_custom/install/tm_mod_urdf/lib/python3.10/site-packages/tm_mod_urdf
[2.803s] copying /home/rslomron/MoMa/tm_custom/build/tm_mod_urdf/build/lib/tm_mod_urdf/_modify_urdf.py -> /home/rslomron/MoMa/tm_custom/install/tm_mod_urdf/lib/python3.10/site-packages/tm_mod_urdf
[2.803s] copying /home/rslomron/MoMa/tm_custom/build/tm_mod_urdf/build/lib/tm_mod_urdf/modify_xacro.py -> /home/rslomron/MoMa/tm_custom/install/tm_mod_urdf/lib/python3.10/site-packages/tm_mod_urdf
[2.804s] copying /home/rslomron/MoMa/tm_custom/build/tm_mod_urdf/build/lib/tm_mod_urdf/__init__.py -> /home/rslomron/MoMa/tm_custom/install/tm_mod_urdf/lib/python3.10/site-packages/tm_mod_urdf
[2.804s] byte-compiling /home/rslomron/MoMa/tm_custom/install/tm_mod_urdf/lib/python3.10/site-packages/tm_mod_urdf/modify_urdf.py to modify_urdf.cpython-310.pyc
[2.807s] byte-compiling /home/rslomron/MoMa/tm_custom/install/tm_mod_urdf/lib/python3.10/site-packages/tm_mod_urdf/_modify_urdf.py to _modify_urdf.cpython-310.pyc
[2.810s] byte-compiling /home/rslomron/MoMa/tm_custom/install/tm_mod_urdf/lib/python3.10/site-packages/tm_mod_urdf/modify_xacro.py to modify_xacro.cpython-310.pyc
[2.812s] byte-compiling /home/rslomron/MoMa/tm_custom/install/tm_mod_urdf/lib/python3.10/site-packages/tm_mod_urdf/__init__.py to __init__.cpython-310.pyc
[2.812s] running install_data
[2.812s] creating /home/rslomron/MoMa/tm_custom/install/tm_mod_urdf/share/ament_index
[2.812s] creating /home/rslomron/MoMa/tm_custom/install/tm_mod_urdf/share/ament_index/resource_index
[2.812s] creating /home/rslomron/MoMa/tm_custom/install/tm_mod_urdf/share/ament_index/resource_index/packages
[2.813s] copying resource/tm_mod_urdf -> /home/rslomron/MoMa/tm_custom/install/tm_mod_urdf/share/ament_index/resource_index/packages
[2.813s] copying package.xml -> /home/rslomron/MoMa/tm_custom/install/tm_mod_urdf/share/tm_mod_urdf
[2.813s] running install_egg_info
[2.816s] Copying ../../build/tm_mod_urdf/tm_mod_urdf.egg-info to /home/rslomron/MoMa/tm_custom/install/tm_mod_urdf/lib/python3.10/site-packages/tm_mod_urdf-1.1.2-py3.10.egg-info
[2.817s] running install_scripts
[2.850s] Installing modify_urdf script to /home/rslomron/MoMa/tm_custom/install/tm_mod_urdf/lib/tm_mod_urdf
[2.850s] Installing modify_xacro script to /home/rslomron/MoMa/tm_custom/install/tm_mod_urdf/lib/tm_mod_urdf
[2.851s] writing list of installed files to '/home/rslomron/MoMa/tm_custom/build/tm_mod_urdf/install.log'
[2.935s] Invoked command in '/home/rslomron/MoMa/tm_custom/src/tm_mod_urdf' returned '0': PYTHONPATH=/home/rslomron/MoMa/tm_custom/build/tm_mod_urdf/prefix_override:/home/rslomron/MoMa/tm_custom/install/tm_mod_urdf/lib/python3.10/site-packages:${PYTHONPATH} /usr/bin/python3 -W ignore:setup.py install is deprecated setup.py egg_info --egg-base ../../build/tm_mod_urdf build --build-base /home/rslomron/MoMa/tm_custom/build/tm_mod_urdf/build install --record /home/rslomron/MoMa/tm_custom/build/tm_mod_urdf/install.log --single-version-externally-managed install_data
