-- Found ament_cmake: 1.3.8 (/opt/ros/humble/share/ament_cmake/cmake)
-- Found std_msgs: 4.2.3 (/opt/ros/humble/share/std_msgs/cmake)
-- Found rosidl_generator_c: 3.1.5 (/opt/ros/humble/share/rosidl_generator_c/cmake)
-- Found rosidl_adapter: 3.1.5 (/opt/ros/humble/share/rosidl_adapter/cmake)
-- Found rosidl_generator_cpp: 3.1.5 (/opt/ros/humble/share/rosidl_generator_cpp/cmake)
-- Using all available rosidl_typesupport_c: rosidl_typesupport_fastrtps_c;rosidl_typesupport_introspection_c
-- Using all available rosidl_typesupport_cpp: rosidl_typesupport_fastrtps_cpp;rosidl_typesupport_introspection_cpp
-- Found rosidl_default_generators: 1.2.0 (/opt/ros/humble/share/rosidl_default_generators/cmake)
-- Found ament_cmake_ros: 0.10.0 (/opt/ros/humble/share/ament_cmake_ros/cmake)
-- Using all available rosidl_typesupport_c: rosidl_typesupport_fastrtps_c;rosidl_typesupport_introspection_c
-- Using all available rosidl_typesupport_cpp: rosidl_typesupport_fastrtps_cpp;rosidl_typesupport_introspection_cpp
-- Found PythonInterp: /usr/bin/python3 (found suitable version "3.10.12", minimum required is "3.6") 
-- Found python_cmake_module: 0.10.0 (/opt/ros/humble/share/python_cmake_module/cmake)
-- Found PythonLibs: /usr/lib/x86_64-linux-gnu/libpython3.10.so (found suitable version "3.10.12", minimum required is "3.5") 
-- Using PYTHON_EXECUTABLE: /usr/bin/python3
-- Using PYTHON_INCLUDE_DIRS: /usr/include/python3.10
-- Using PYTHON_LIBRARIES: /usr/lib/x86_64-linux-gnu/libpython3.10.so
-- Found PythonExtra: .so  
-- Configuring done
-- Generating done
-- Build files have been written to: /home/rslomron/tm_custom/build/tm_msgs
[  1%] [34m[1mGenerating C code for ROS interfaces[0m
[  1%] [34m[1mGenerating C++ code for ROS interfaces[0m
[  1%] Built target ament_cmake_python_copy_tm_msgs
running egg_info
creating tm_msgs.egg-info
writing tm_msgs.egg-info/PKG-INFO
writing dependency_links to tm_msgs.egg-info/dependency_links.txt
writing top-level names to tm_msgs.egg-info/top_level.txt
writing manifest file 'tm_msgs.egg-info/SOURCES.txt'
reading manifest file 'tm_msgs.egg-info/SOURCES.txt'
writing manifest file 'tm_msgs.egg-info/SOURCES.txt'
[  1%] Built target ament_cmake_python_build_tm_msgs_egg
[  1%] Built target tm_msgs__cpp
[  2%] [34m[1mGenerating C++ type support for eProsima Fast-RTPS[0m
[  2%] [34m[1mGenerating C++ type support dispatch for ROS interfaces[0m
[  3%] [34m[1mGenerating C++ introspection for ROS interfaces[0m
[  6%] [32mBuilding C object CMakeFiles/tm_msgs__rosidl_generator_c.dir/rosidl_generator_c/tm_msgs/msg/detail/sct_response__functions.c.o[0m
[  6%] [32mBuilding C object CMakeFiles/tm_msgs__rosidl_generator_c.dir/rosidl_generator_c/tm_msgs/msg/detail/svr_response__functions.c.o[0m
[  6%] [32mBuilding C object CMakeFiles/tm_msgs__rosidl_generator_c.dir/rosidl_generator_c/tm_msgs/msg/detail/feedback_state__functions.c.o[0m
[  6%] [32mBuilding C object CMakeFiles/tm_msgs__rosidl_generator_c.dir/rosidl_generator_c/tm_msgs/msg/detail/sta_response__functions.c.o[0m
[  7%] [32mBuilding C object CMakeFiles/tm_msgs__rosidl_generator_c.dir/rosidl_generator_c/tm_msgs/srv/detail/connect_tm__functions.c.o[0m
[ 10%] [32mBuilding C object CMakeFiles/tm_msgs__rosidl_generator_c.dir/rosidl_generator_c/tm_msgs/srv/detail/send_script__functions.c.o[0m
[ 10%] [32mBuilding C object CMakeFiles/tm_msgs__rosidl_generator_c.dir/rosidl_generator_c/tm_msgs/srv/detail/ask_item__functions.c.o[0m
[ 10%] [32mBuilding C object CMakeFiles/tm_msgs__rosidl_generator_c.dir/rosidl_generator_c/tm_msgs/srv/detail/write_item__functions.c.o[0m
[ 11%] [32mBuilding C object CMakeFiles/tm_msgs__rosidl_generator_c.dir/rosidl_generator_c/tm_msgs/srv/detail/set_event__functions.c.o[0m
[ 11%] [32mBuilding C object CMakeFiles/tm_msgs__rosidl_generator_c.dir/rosidl_generator_c/tm_msgs/srv/detail/set_io__functions.c.o[0m
[ 12%] [32mBuilding C object CMakeFiles/tm_msgs__rosidl_generator_c.dir/rosidl_generator_c/tm_msgs/srv/detail/set_positions__functions.c.o[0m
[ 13%] [32mBuilding C object CMakeFiles/tm_msgs__rosidl_generator_c.dir/rosidl_generator_c/tm_msgs/srv/detail/ask_sta__functions.c.o[0m
[ 14%] [32m[1mLinking C shared library libtm_msgs__rosidl_generator_c.so[0m
[ 14%] Built target tm_msgs__rosidl_generator_c
[ 15%] [34m[1mGenerating C type support for eProsima Fast-RTPS[0m
[ 17%] [34m[1mGenerating C type support dispatch for ROS interfaces[0m
[ 17%] [34m[1mGenerating C introspection for ROS interfaces[0m
[ 19%] [32mBuilding CXX object CMakeFiles/tm_msgs__rosidl_typesupport_cpp.dir/rosidl_typesupport_cpp/tm_msgs/msg/svr_response__type_support.cpp.o[0m
[ 19%] [32mBuilding CXX object CMakeFiles/tm_msgs__rosidl_typesupport_cpp.dir/rosidl_typesupport_cpp/tm_msgs/msg/feedback_state__type_support.cpp.o[0m
[ 20%] [32mBuilding CXX object CMakeFiles/tm_msgs__rosidl_typesupport_cpp.dir/rosidl_typesupport_cpp/tm_msgs/msg/sct_response__type_support.cpp.o[0m
[ 21%] [32mBuilding CXX object CMakeFiles/tm_msgs__rosidl_typesupport_cpp.dir/rosidl_typesupport_cpp/tm_msgs/msg/sta_response__type_support.cpp.o[0m
[ 21%] [32mBuilding CXX object CMakeFiles/tm_msgs__rosidl_typesupport_cpp.dir/rosidl_typesupport_cpp/tm_msgs/srv/connect_tm__type_support.cpp.o[0m
[ 22%] [32mBuilding CXX object CMakeFiles/tm_msgs__rosidl_typesupport_cpp.dir/rosidl_typesupport_cpp/tm_msgs/srv/write_item__type_support.cpp.o[0m
[ 22%] [32mBuilding CXX object CMakeFiles/tm_msgs__rosidl_typesupport_introspection_cpp.dir/rosidl_typesupport_introspection_cpp/tm_msgs/msg/detail/feedback_state__type_support.cpp.o[0m
[ 23%] [32mBuilding CXX object CMakeFiles/tm_msgs__rosidl_typesupport_introspection_cpp.dir/rosidl_typesupport_introspection_cpp/tm_msgs/msg/detail/svr_response__type_support.cpp.o[0m
[ 24%] [32mBuilding CXX object CMakeFiles/tm_msgs__rosidl_typesupport_cpp.dir/rosidl_typesupport_cpp/tm_msgs/srv/ask_item__type_support.cpp.o[0m
[ 25%] [32mBuilding CXX object CMakeFiles/tm_msgs__rosidl_typesupport_cpp.dir/rosidl_typesupport_cpp/tm_msgs/srv/send_script__type_support.cpp.o[0m
[ 26%] [32mBuilding CXX object CMakeFiles/tm_msgs__rosidl_typesupport_cpp.dir/rosidl_typesupport_cpp/tm_msgs/srv/set_event__type_support.cpp.o[0m
[ 27%] [32mBuilding CXX object CMakeFiles/tm_msgs__rosidl_typesupport_introspection_cpp.dir/rosidl_typesupport_introspection_cpp/tm_msgs/msg/detail/sct_response__type_support.cpp.o[0m
[ 28%] [32mBuilding CXX object CMakeFiles/tm_msgs__rosidl_typesupport_cpp.dir/rosidl_typesupport_cpp/tm_msgs/srv/set_io__type_support.cpp.o[0m
[ 29%] [32mBuilding CXX object CMakeFiles/tm_msgs__rosidl_typesupport_introspection_cpp.dir/rosidl_typesupport_introspection_cpp/tm_msgs/msg/detail/sta_response__type_support.cpp.o[0m
[ 30%] [32mBuilding CXX object CMakeFiles/tm_msgs__rosidl_typesupport_c.dir/rosidl_typesupport_c/tm_msgs/msg/feedback_state__type_support.cpp.o[0m
[ 30%] [32mBuilding CXX object CMakeFiles/tm_msgs__rosidl_typesupport_c.dir/rosidl_typesupport_c/tm_msgs/msg/svr_response__type_support.cpp.o[0m
[ 31%] [32mBuilding CXX object CMakeFiles/tm_msgs__rosidl_typesupport_c.dir/rosidl_typesupport_c/tm_msgs/msg/sct_response__type_support.cpp.o[0m
[ 32%] [32mBuilding CXX object CMakeFiles/tm_msgs__rosidl_typesupport_fastrtps_cpp.dir/rosidl_typesupport_fastrtps_cpp/tm_msgs/msg/detail/dds_fastrtps/feedback_state__type_support.cpp.o[0m
[ 33%] [32mBuilding CXX object CMakeFiles/tm_msgs__rosidl_typesupport_c.dir/rosidl_typesupport_c/tm_msgs/msg/sta_response__type_support.cpp.o[0m
[ 34%] [32mBuilding CXX object CMakeFiles/tm_msgs__rosidl_typesupport_c.dir/rosidl_typesupport_c/tm_msgs/srv/connect_tm__type_support.cpp.o[0m
[ 35%] [32mBuilding CXX object CMakeFiles/tm_msgs__rosidl_typesupport_c.dir/rosidl_typesupport_c/tm_msgs/srv/write_item__type_support.cpp.o[0m
[ 36%] [32mBuilding CXX object CMakeFiles/tm_msgs__rosidl_typesupport_fastrtps_cpp.dir/rosidl_typesupport_fastrtps_cpp/tm_msgs/msg/detail/dds_fastrtps/svr_response__type_support.cpp.o[0m
[ 37%] [32mBuilding CXX object CMakeFiles/tm_msgs__rosidl_typesupport_c.dir/rosidl_typesupport_c/tm_msgs/srv/ask_item__type_support.cpp.o[0m
[ 37%] [32mBuilding CXX object CMakeFiles/tm_msgs__rosidl_typesupport_c.dir/rosidl_typesupport_c/tm_msgs/srv/send_script__type_support.cpp.o[0m
[ 37%] [32mBuilding CXX object CMakeFiles/tm_msgs__rosidl_typesupport_cpp.dir/rosidl_typesupport_cpp/tm_msgs/srv/set_positions__type_support.cpp.o[0m
[ 38%] [32mBuilding CXX object CMakeFiles/tm_msgs__rosidl_typesupport_introspection_cpp.dir/rosidl_typesupport_introspection_cpp/tm_msgs/srv/detail/connect_tm__type_support.cpp.o[0m
[ 39%] [32mBuilding CXX object CMakeFiles/tm_msgs__rosidl_typesupport_c.dir/rosidl_typesupport_c/tm_msgs/srv/set_event__type_support.cpp.o[0m
[ 40%] [32mBuilding CXX object CMakeFiles/tm_msgs__rosidl_typesupport_c.dir/rosidl_typesupport_c/tm_msgs/srv/set_io__type_support.cpp.o[0m
[ 41%] [32mBuilding C object CMakeFiles/tm_msgs__rosidl_typesupport_introspection_c.dir/rosidl_typesupport_introspection_c/tm_msgs/msg/detail/feedback_state__type_support.c.o[0m
[ 42%] [32mBuilding CXX object CMakeFiles/tm_msgs__rosidl_typesupport_c.dir/rosidl_typesupport_c/tm_msgs/srv/set_positions__type_support.cpp.o[0m
[ 43%] [32mBuilding CXX object CMakeFiles/tm_msgs__rosidl_typesupport_c.dir/rosidl_typesupport_c/tm_msgs/srv/ask_sta__type_support.cpp.o[0m
[ 44%] [32m[1mLinking CXX shared library libtm_msgs__rosidl_typesupport_c.so[0m
[ 45%] [32mBuilding C object CMakeFiles/tm_msgs__rosidl_typesupport_introspection_c.dir/rosidl_typesupport_introspection_c/tm_msgs/msg/detail/svr_response__type_support.c.o[0m
[ 46%] [32mBuilding CXX object CMakeFiles/tm_msgs__rosidl_typesupport_fastrtps_c.dir/rosidl_typesupport_fastrtps_c/tm_msgs/msg/detail/feedback_state__type_support_c.cpp.o[0m
[ 47%] [32mBuilding C object CMakeFiles/tm_msgs__rosidl_typesupport_introspection_c.dir/rosidl_typesupport_introspection_c/tm_msgs/msg/detail/sct_response__type_support.c.o[0m
[ 47%] Built target tm_msgs__rosidl_typesupport_c
[ 48%] [32mBuilding CXX object CMakeFiles/tm_msgs__rosidl_typesupport_introspection_cpp.dir/rosidl_typesupport_introspection_cpp/tm_msgs/srv/detail/write_item__type_support.cpp.o[0m
[ 49%] [32mBuilding CXX object CMakeFiles/tm_msgs__rosidl_typesupport_fastrtps_c.dir/rosidl_typesupport_fastrtps_c/tm_msgs/msg/detail/svr_response__type_support_c.cpp.o[0m
[ 49%] [32mBuilding C object CMakeFiles/tm_msgs__rosidl_typesupport_introspection_c.dir/rosidl_typesupport_introspection_c/tm_msgs/msg/detail/sta_response__type_support.c.o[0m
[ 50%] [32mBuilding C object CMakeFiles/tm_msgs__rosidl_typesupport_introspection_c.dir/rosidl_typesupport_introspection_c/tm_msgs/srv/detail/connect_tm__type_support.c.o[0m
[ 51%] [32mBuilding CXX object CMakeFiles/tm_msgs__rosidl_typesupport_cpp.dir/rosidl_typesupport_cpp/tm_msgs/srv/ask_sta__type_support.cpp.o[0m
[ 52%] [32mBuilding C object CMakeFiles/tm_msgs__rosidl_typesupport_introspection_c.dir/rosidl_typesupport_introspection_c/tm_msgs/srv/detail/write_item__type_support.c.o[0m
[ 53%] [32mBuilding C object CMakeFiles/tm_msgs__rosidl_typesupport_introspection_c.dir/rosidl_typesupport_introspection_c/tm_msgs/srv/detail/ask_item__type_support.c.o[0m
[ 54%] [32mBuilding CXX object CMakeFiles/tm_msgs__rosidl_typesupport_fastrtps_cpp.dir/rosidl_typesupport_fastrtps_cpp/tm_msgs/msg/detail/dds_fastrtps/sct_response__type_support.cpp.o[0m
[ 55%] [32mBuilding C object CMakeFiles/tm_msgs__rosidl_typesupport_introspection_c.dir/rosidl_typesupport_introspection_c/tm_msgs/srv/detail/send_script__type_support.c.o[0m
[ 56%] [32mBuilding C object CMakeFiles/tm_msgs__rosidl_typesupport_introspection_c.dir/rosidl_typesupport_introspection_c/tm_msgs/srv/detail/set_event__type_support.c.o[0m
[ 56%] [32mBuilding CXX object CMakeFiles/tm_msgs__rosidl_typesupport_introspection_cpp.dir/rosidl_typesupport_introspection_cpp/tm_msgs/srv/detail/ask_item__type_support.cpp.o[0m
[ 57%] [32mBuilding CXX object CMakeFiles/tm_msgs__rosidl_typesupport_fastrtps_cpp.dir/rosidl_typesupport_fastrtps_cpp/tm_msgs/msg/detail/dds_fastrtps/sta_response__type_support.cpp.o[0m
[ 58%] [32mBuilding C object CMakeFiles/tm_msgs__rosidl_typesupport_introspection_c.dir/rosidl_typesupport_introspection_c/tm_msgs/srv/detail/set_io__type_support.c.o[0m
[ 58%] [32mBuilding C object CMakeFiles/tm_msgs__rosidl_typesupport_introspection_c.dir/rosidl_typesupport_introspection_c/tm_msgs/srv/detail/set_positions__type_support.c.o[0m
[ 59%] [32mBuilding C object CMakeFiles/tm_msgs__rosidl_typesupport_introspection_c.dir/rosidl_typesupport_introspection_c/tm_msgs/srv/detail/ask_sta__type_support.c.o[0m
[ 60%] [32m[1mLinking C shared library libtm_msgs__rosidl_typesupport_introspection_c.so[0m
[ 61%] [32m[1mLinking CXX shared library libtm_msgs__rosidl_typesupport_cpp.so[0m
[ 62%] [32mBuilding CXX object CMakeFiles/tm_msgs__rosidl_typesupport_introspection_cpp.dir/rosidl_typesupport_introspection_cpp/tm_msgs/srv/detail/send_script__type_support.cpp.o[0m
[ 62%] Built target tm_msgs__rosidl_typesupport_introspection_c
[ 63%] [32mBuilding CXX object CMakeFiles/tm_msgs__rosidl_typesupport_introspection_cpp.dir/rosidl_typesupport_introspection_cpp/tm_msgs/srv/detail/set_event__type_support.cpp.o[0m
[ 63%] Built target tm_msgs__rosidl_typesupport_cpp
[ 63%] [32mBuilding CXX object CMakeFiles/tm_msgs__rosidl_typesupport_fastrtps_c.dir/rosidl_typesupport_fastrtps_c/tm_msgs/msg/detail/sct_response__type_support_c.cpp.o[0m
[ 64%] [32mBuilding CXX object CMakeFiles/tm_msgs__rosidl_typesupport_introspection_cpp.dir/rosidl_typesupport_introspection_cpp/tm_msgs/srv/detail/set_io__type_support.cpp.o[0m
[ 65%] [32mBuilding CXX object CMakeFiles/tm_msgs__rosidl_typesupport_fastrtps_c.dir/rosidl_typesupport_fastrtps_c/tm_msgs/msg/detail/sta_response__type_support_c.cpp.o[0m
[ 66%] [32mBuilding CXX object CMakeFiles/tm_msgs__rosidl_typesupport_fastrtps_cpp.dir/rosidl_typesupport_fastrtps_cpp/tm_msgs/srv/detail/dds_fastrtps/connect_tm__type_support.cpp.o[0m
[ 67%] [32mBuilding CXX object CMakeFiles/tm_msgs__rosidl_typesupport_introspection_cpp.dir/rosidl_typesupport_introspection_cpp/tm_msgs/srv/detail/set_positions__type_support.cpp.o[0m
[ 67%] [32mBuilding CXX object CMakeFiles/tm_msgs__rosidl_typesupport_fastrtps_cpp.dir/rosidl_typesupport_fastrtps_cpp/tm_msgs/srv/detail/dds_fastrtps/write_item__type_support.cpp.o[0m
[ 68%] [32mBuilding CXX object CMakeFiles/tm_msgs__rosidl_typesupport_fastrtps_cpp.dir/rosidl_typesupport_fastrtps_cpp/tm_msgs/srv/detail/dds_fastrtps/ask_item__type_support.cpp.o[0m
[ 69%] [32mBuilding CXX object CMakeFiles/tm_msgs__rosidl_typesupport_fastrtps_cpp.dir/rosidl_typesupport_fastrtps_cpp/tm_msgs/srv/detail/dds_fastrtps/send_script__type_support.cpp.o[0m
[ 70%] [32mBuilding CXX object CMakeFiles/tm_msgs__rosidl_typesupport_introspection_cpp.dir/rosidl_typesupport_introspection_cpp/tm_msgs/srv/detail/ask_sta__type_support.cpp.o[0m
[ 71%] [32mBuilding CXX object CMakeFiles/tm_msgs__rosidl_typesupport_fastrtps_c.dir/rosidl_typesupport_fastrtps_c/tm_msgs/srv/detail/connect_tm__type_support_c.cpp.o[0m
[ 72%] [32mBuilding CXX object CMakeFiles/tm_msgs__rosidl_typesupport_fastrtps_c.dir/rosidl_typesupport_fastrtps_c/tm_msgs/srv/detail/write_item__type_support_c.cpp.o[0m
[ 73%] [32mBuilding CXX object CMakeFiles/tm_msgs__rosidl_typesupport_fastrtps_cpp.dir/rosidl_typesupport_fastrtps_cpp/tm_msgs/srv/detail/dds_fastrtps/set_event__type_support.cpp.o[0m
[ 74%] [32mBuilding CXX object CMakeFiles/tm_msgs__rosidl_typesupport_fastrtps_cpp.dir/rosidl_typesupport_fastrtps_cpp/tm_msgs/srv/detail/dds_fastrtps/set_io__type_support.cpp.o[0m
[ 75%] [32mBuilding CXX object CMakeFiles/tm_msgs__rosidl_typesupport_fastrtps_cpp.dir/rosidl_typesupport_fastrtps_cpp/tm_msgs/srv/detail/dds_fastrtps/set_positions__type_support.cpp.o[0m
[ 76%] [32mBuilding CXX object CMakeFiles/tm_msgs__rosidl_typesupport_fastrtps_c.dir/rosidl_typesupport_fastrtps_c/tm_msgs/srv/detail/ask_item__type_support_c.cpp.o[0m
[ 77%] [32m[1mLinking CXX shared library libtm_msgs__rosidl_typesupport_introspection_cpp.so[0m
[ 77%] [32mBuilding CXX object CMakeFiles/tm_msgs__rosidl_typesupport_fastrtps_cpp.dir/rosidl_typesupport_fastrtps_cpp/tm_msgs/srv/detail/dds_fastrtps/ask_sta__type_support.cpp.o[0m
[ 78%] [32mBuilding CXX object CMakeFiles/tm_msgs__rosidl_typesupport_fastrtps_c.dir/rosidl_typesupport_fastrtps_c/tm_msgs/srv/detail/send_script__type_support_c.cpp.o[0m
[ 78%] [32mBuilding CXX object CMakeFiles/tm_msgs__rosidl_typesupport_fastrtps_c.dir/rosidl_typesupport_fastrtps_c/tm_msgs/srv/detail/set_event__type_support_c.cpp.o[0m
[ 78%] Built target tm_msgs__rosidl_typesupport_introspection_cpp
[ 79%] [32mBuilding CXX object CMakeFiles/tm_msgs__rosidl_typesupport_fastrtps_c.dir/rosidl_typesupport_fastrtps_c/tm_msgs/srv/detail/set_io__type_support_c.cpp.o[0m
[ 80%] [32mBuilding CXX object CMakeFiles/tm_msgs__rosidl_typesupport_fastrtps_c.dir/rosidl_typesupport_fastrtps_c/tm_msgs/srv/detail/set_positions__type_support_c.cpp.o[0m
[ 81%] [32mBuilding CXX object CMakeFiles/tm_msgs__rosidl_typesupport_fastrtps_c.dir/rosidl_typesupport_fastrtps_c/tm_msgs/srv/detail/ask_sta__type_support_c.cpp.o[0m
[ 82%] [32m[1mLinking CXX shared library libtm_msgs__rosidl_typesupport_fastrtps_cpp.so[0m
[ 82%] Built target tm_msgs__rosidl_typesupport_fastrtps_cpp
[ 83%] [32m[1mLinking CXX shared library libtm_msgs__rosidl_typesupport_fastrtps_c.so[0m
[ 83%] Built target tm_msgs__rosidl_typesupport_fastrtps_c
[ 83%] Built target tm_msgs
[ 84%] [34m[1mGenerating Python code for ROS interfaces[0m
[ 84%] Built target tm_msgs__py
[ 85%] [32mBuilding C object CMakeFiles/tm_msgs__rosidl_generator_py.dir/rosidl_generator_py/tm_msgs/msg/_sct_response_s.c.o[0m
[ 85%] [32mBuilding C object CMakeFiles/tm_msgs__rosidl_generator_py.dir/rosidl_generator_py/tm_msgs/msg/_feedback_state_s.c.o[0m
[ 86%] [32mBuilding C object CMakeFiles/tm_msgs__rosidl_generator_py.dir/rosidl_generator_py/tm_msgs/msg/_sta_response_s.c.o[0m
[ 88%] [32mBuilding C object CMakeFiles/tm_msgs__rosidl_generator_py.dir/rosidl_generator_py/tm_msgs/srv/_connect_tm_s.c.o[0m
[ 88%] [32mBuilding C object CMakeFiles/tm_msgs__rosidl_generator_py.dir/rosidl_generator_py/tm_msgs/srv/_write_item_s.c.o[0m
[ 89%] [32mBuilding C object CMakeFiles/tm_msgs__rosidl_generator_py.dir/rosidl_generator_py/tm_msgs/srv/_send_script_s.c.o[0m
[ 90%] [32mBuilding C object CMakeFiles/tm_msgs__rosidl_generator_py.dir/rosidl_generator_py/tm_msgs/srv/_ask_item_s.c.o[0m
[ 91%] [32mBuilding C object CMakeFiles/tm_msgs__rosidl_generator_py.dir/rosidl_generator_py/tm_msgs/msg/_svr_response_s.c.o[0m
[ 93%] [32mBuilding C object CMakeFiles/tm_msgs__rosidl_generator_py.dir/rosidl_generator_py/tm_msgs/srv/_set_io_s.c.o[0m
[ 93%] [32mBuilding C object CMakeFiles/tm_msgs__rosidl_generator_py.dir/rosidl_generator_py/tm_msgs/srv/_set_event_s.c.o[0m
[ 93%] [32mBuilding C object CMakeFiles/tm_msgs__rosidl_generator_py.dir/rosidl_generator_py/tm_msgs/srv/_set_positions_s.c.o[0m
[ 94%] [32mBuilding C object CMakeFiles/tm_msgs__rosidl_generator_py.dir/rosidl_generator_py/tm_msgs/srv/_ask_sta_s.c.o[0m
[ 95%] [32m[1mLinking C shared library rosidl_generator_py/tm_msgs/libtm_msgs__rosidl_generator_py.so[0m
[ 95%] Built target tm_msgs__rosidl_generator_py
[ 97%] [32mBuilding C object CMakeFiles/tm_msgs__rosidl_typesupport_c__pyext.dir/rosidl_generator_py/tm_msgs/_tm_msgs_s.ep.rosidl_typesupport_c.c.o[0m
[ 97%] [32mBuilding C object CMakeFiles/tm_msgs__rosidl_typesupport_introspection_c__pyext.dir/rosidl_generator_py/tm_msgs/_tm_msgs_s.ep.rosidl_typesupport_introspection_c.c.o[0m
[ 97%] [32mBuilding C object CMakeFiles/tm_msgs__rosidl_typesupport_fastrtps_c__pyext.dir/rosidl_generator_py/tm_msgs/_tm_msgs_s.ep.rosidl_typesupport_fastrtps_c.c.o[0m
[ 99%] [32m[1mLinking C shared library rosidl_generator_py/tm_msgs/tm_msgs_s__rosidl_typesupport_fastrtps_c.cpython-310-x86_64-linux-gnu.so[0m
[ 99%] [32m[1mLinking C shared library rosidl_generator_py/tm_msgs/tm_msgs_s__rosidl_typesupport_introspection_c.cpython-310-x86_64-linux-gnu.so[0m
[100%] [32m[1mLinking C shared library rosidl_generator_py/tm_msgs/tm_msgs_s__rosidl_typesupport_c.cpython-310-x86_64-linux-gnu.so[0m
[100%] Built target tm_msgs__rosidl_typesupport_c__pyext
[100%] Built target tm_msgs__rosidl_typesupport_introspection_c__pyext
[100%] Built target tm_msgs__rosidl_typesupport_fastrtps_c__pyext
-- Install configuration: ""
-- Installing: /home/rslomron/tm_custom/install/tm_msgs/share/ament_index/resource_index/rosidl_interfaces/tm_msgs
-- Installing: /home/rslomron/tm_custom/install/tm_msgs/include/tm_msgs/tm_msgs
-- Installing: /home/rslomron/tm_custom/install/tm_msgs/include/tm_msgs/tm_msgs/msg
-- Installing: /home/rslomron/tm_custom/install/tm_msgs/include/tm_msgs/tm_msgs/msg/detail
-- Installing: /home/rslomron/tm_custom/install/tm_msgs/include/tm_msgs/tm_msgs/msg/detail/sct_response__functions.c
-- Installing: /home/rslomron/tm_custom/install/tm_msgs/include/tm_msgs/tm_msgs/msg/detail/feedback_state__type_support.h
-- Installing: /home/rslomron/tm_custom/install/tm_msgs/include/tm_msgs/tm_msgs/msg/detail/svr_response__functions.c
-- Installing: /home/rslomron/tm_custom/install/tm_msgs/include/tm_msgs/tm_msgs/msg/detail/sct_response__functions.h
-- Installing: /home/rslomron/tm_custom/install/tm_msgs/include/tm_msgs/tm_msgs/msg/detail/feedback_state__functions.c
-- Installing: /home/rslomron/tm_custom/install/tm_msgs/include/tm_msgs/tm_msgs/msg/detail/svr_response__functions.h
-- Installing: /home/rslomron/tm_custom/install/tm_msgs/include/tm_msgs/tm_msgs/msg/detail/sta_response__functions.h
-- Installing: /home/rslomron/tm_custom/install/tm_msgs/include/tm_msgs/tm_msgs/msg/detail/sct_response__struct.h
-- Installing: /home/rslomron/tm_custom/install/tm_msgs/include/tm_msgs/tm_msgs/msg/detail/sta_response__type_support.h
-- Installing: /home/rslomron/tm_custom/install/tm_msgs/include/tm_msgs/tm_msgs/msg/detail/sct_response__type_support.h
-- Installing: /home/rslomron/tm_custom/install/tm_msgs/include/tm_msgs/tm_msgs/msg/detail/svr_response__type_support.h
-- Installing: /home/rslomron/tm_custom/install/tm_msgs/include/tm_msgs/tm_msgs/msg/detail/svr_response__struct.h
-- Installing: /home/rslomron/tm_custom/install/tm_msgs/include/tm_msgs/tm_msgs/msg/detail/sta_response__functions.c
-- Installing: /home/rslomron/tm_custom/install/tm_msgs/include/tm_msgs/tm_msgs/msg/detail/feedback_state__functions.h
-- Installing: /home/rslomron/tm_custom/install/tm_msgs/include/tm_msgs/tm_msgs/msg/detail/sta_response__struct.h
-- Installing: /home/rslomron/tm_custom/install/tm_msgs/include/tm_msgs/tm_msgs/msg/detail/feedback_state__struct.h
-- Installing: /home/rslomron/tm_custom/install/tm_msgs/include/tm_msgs/tm_msgs/msg/sta_response.h
-- Installing: /home/rslomron/tm_custom/install/tm_msgs/include/tm_msgs/tm_msgs/msg/svr_response.h
-- Installing: /home/rslomron/tm_custom/install/tm_msgs/include/tm_msgs/tm_msgs/msg/rosidl_generator_c__visibility_control.h
-- Installing: /home/rslomron/tm_custom/install/tm_msgs/include/tm_msgs/tm_msgs/msg/sct_response.h
-- Installing: /home/rslomron/tm_custom/install/tm_msgs/include/tm_msgs/tm_msgs/msg/feedback_state.h
-- Installing: /home/rslomron/tm_custom/install/tm_msgs/include/tm_msgs/tm_msgs/srv
-- Installing: /home/rslomron/tm_custom/install/tm_msgs/include/tm_msgs/tm_msgs/srv/detail
-- Installing: /home/rslomron/tm_custom/install/tm_msgs/include/tm_msgs/tm_msgs/srv/detail/send_script__functions.h
-- Installing: /home/rslomron/tm_custom/install/tm_msgs/include/tm_msgs/tm_msgs/srv/detail/send_script__functions.c
-- Installing: /home/rslomron/tm_custom/install/tm_msgs/include/tm_msgs/tm_msgs/srv/detail/ask_item__type_support.h
-- Installing: /home/rslomron/tm_custom/install/tm_msgs/include/tm_msgs/tm_msgs/srv/detail/ask_sta__type_support.h
-- Installing: /home/rslomron/tm_custom/install/tm_msgs/include/tm_msgs/tm_msgs/srv/detail/write_item__struct.h
-- Installing: /home/rslomron/tm_custom/install/tm_msgs/include/tm_msgs/tm_msgs/srv/detail/ask_sta__functions.h
-- Installing: /home/rslomron/tm_custom/install/tm_msgs/include/tm_msgs/tm_msgs/srv/detail/write_item__functions.c
-- Installing: /home/rslomron/tm_custom/install/tm_msgs/include/tm_msgs/tm_msgs/srv/detail/set_io__type_support.h
-- Installing: /home/rslomron/tm_custom/install/tm_msgs/include/tm_msgs/tm_msgs/srv/detail/ask_item__struct.h
-- Installing: /home/rslomron/tm_custom/install/tm_msgs/include/tm_msgs/tm_msgs/srv/detail/set_event__functions.h
-- Installing: /home/rslomron/tm_custom/install/tm_msgs/include/tm_msgs/tm_msgs/srv/detail/set_positions__struct.h
-- Installing: /home/rslomron/tm_custom/install/tm_msgs/include/tm_msgs/tm_msgs/srv/detail/set_io__functions.c
-- Installing: /home/rslomron/tm_custom/install/tm_msgs/include/tm_msgs/tm_msgs/srv/detail/connect_tm__struct.h
-- Installing: /home/rslomron/tm_custom/install/tm_msgs/include/tm_msgs/tm_msgs/srv/detail/set_positions__functions.c
-- Installing: /home/rslomron/tm_custom/install/tm_msgs/include/tm_msgs/tm_msgs/srv/detail/set_positions__functions.h
-- Installing: /home/rslomron/tm_custom/install/tm_msgs/include/tm_msgs/tm_msgs/srv/detail/ask_item__functions.c
-- Installing: /home/rslomron/tm_custom/install/tm_msgs/include/tm_msgs/tm_msgs/srv/detail/ask_item__functions.h
-- Installing: /home/rslomron/tm_custom/install/tm_msgs/include/tm_msgs/tm_msgs/srv/detail/set_event__functions.c
-- Installing: /home/rslomron/tm_custom/install/tm_msgs/include/tm_msgs/tm_msgs/srv/detail/connect_tm__functions.h
-- Installing: /home/rslomron/tm_custom/install/tm_msgs/include/tm_msgs/tm_msgs/srv/detail/send_script__type_support.h
-- Installing: /home/rslomron/tm_custom/install/tm_msgs/include/tm_msgs/tm_msgs/srv/detail/set_event__struct.h
-- Installing: /home/rslomron/tm_custom/install/tm_msgs/include/tm_msgs/tm_msgs/srv/detail/write_item__type_support.h
-- Installing: /home/rslomron/tm_custom/install/tm_msgs/include/tm_msgs/tm_msgs/srv/detail/send_script__struct.h
-- Installing: /home/rslomron/tm_custom/install/tm_msgs/include/tm_msgs/tm_msgs/srv/detail/connect_tm__functions.c
-- Installing: /home/rslomron/tm_custom/install/tm_msgs/include/tm_msgs/tm_msgs/srv/detail/set_positions__type_support.h
-- Installing: /home/rslomron/tm_custom/install/tm_msgs/include/tm_msgs/tm_msgs/srv/detail/set_event__type_support.h
-- Installing: /home/rslomron/tm_custom/install/tm_msgs/include/tm_msgs/tm_msgs/srv/detail/connect_tm__type_support.h
-- Installing: /home/rslomron/tm_custom/install/tm_msgs/include/tm_msgs/tm_msgs/srv/detail/set_io__functions.h
-- Installing: /home/rslomron/tm_custom/install/tm_msgs/include/tm_msgs/tm_msgs/srv/detail/ask_sta__functions.c
-- Installing: /home/rslomron/tm_custom/install/tm_msgs/include/tm_msgs/tm_msgs/srv/detail/ask_sta__struct.h
-- Installing: /home/rslomron/tm_custom/install/tm_msgs/include/tm_msgs/tm_msgs/srv/detail/set_io__struct.h
-- Installing: /home/rslomron/tm_custom/install/tm_msgs/include/tm_msgs/tm_msgs/srv/detail/write_item__functions.h
-- Installing: /home/rslomron/tm_custom/install/tm_msgs/include/tm_msgs/tm_msgs/srv/connect_tm.h
-- Installing: /home/rslomron/tm_custom/install/tm_msgs/include/tm_msgs/tm_msgs/srv/ask_item.h
-- Installing: /home/rslomron/tm_custom/install/tm_msgs/include/tm_msgs/tm_msgs/srv/ask_sta.h
-- Installing: /home/rslomron/tm_custom/install/tm_msgs/include/tm_msgs/tm_msgs/srv/write_item.h
-- Installing: /home/rslomron/tm_custom/install/tm_msgs/include/tm_msgs/tm_msgs/srv/set_io.h
-- Installing: /home/rslomron/tm_custom/install/tm_msgs/include/tm_msgs/tm_msgs/srv/set_event.h
-- Installing: /home/rslomron/tm_custom/install/tm_msgs/include/tm_msgs/tm_msgs/srv/set_positions.h
-- Installing: /home/rslomron/tm_custom/install/tm_msgs/include/tm_msgs/tm_msgs/srv/send_script.h
-- Installing: /home/rslomron/tm_custom/install/tm_msgs/share/tm_msgs/environment/library_path.sh
-- Installing: /home/rslomron/tm_custom/install/tm_msgs/share/tm_msgs/environment/library_path.dsv
-- Installing: /home/rslomron/tm_custom/install/tm_msgs/lib/libtm_msgs__rosidl_generator_c.so
-- Set runtime path of "/home/rslomron/tm_custom/install/tm_msgs/lib/libtm_msgs__rosidl_generator_c.so" to ""
-- Up-to-date: /home/rslomron/tm_custom/install/tm_msgs/include/tm_msgs/tm_msgs
-- Up-to-date: /home/rslomron/tm_custom/install/tm_msgs/include/tm_msgs/tm_msgs/msg
-- Up-to-date: /home/rslomron/tm_custom/install/tm_msgs/include/tm_msgs/tm_msgs/msg/detail
-- Installing: /home/rslomron/tm_custom/install/tm_msgs/include/tm_msgs/tm_msgs/msg/detail/feedback_state__rosidl_typesupport_fastrtps_c.h
-- Installing: /home/rslomron/tm_custom/install/tm_msgs/include/tm_msgs/tm_msgs/msg/detail/sta_response__rosidl_typesupport_fastrtps_c.h
-- Installing: /home/rslomron/tm_custom/install/tm_msgs/include/tm_msgs/tm_msgs/msg/detail/svr_response__rosidl_typesupport_fastrtps_c.h
-- Installing: /home/rslomron/tm_custom/install/tm_msgs/include/tm_msgs/tm_msgs/msg/detail/sct_response__rosidl_typesupport_fastrtps_c.h
-- Installing: /home/rslomron/tm_custom/install/tm_msgs/include/tm_msgs/tm_msgs/msg/rosidl_typesupport_fastrtps_c__visibility_control.h
-- Up-to-date: /home/rslomron/tm_custom/install/tm_msgs/include/tm_msgs/tm_msgs/srv
-- Up-to-date: /home/rslomron/tm_custom/install/tm_msgs/include/tm_msgs/tm_msgs/srv/detail
-- Installing: /home/rslomron/tm_custom/install/tm_msgs/include/tm_msgs/tm_msgs/srv/detail/set_event__rosidl_typesupport_fastrtps_c.h
-- Installing: /home/rslomron/tm_custom/install/tm_msgs/include/tm_msgs/tm_msgs/srv/detail/ask_item__rosidl_typesupport_fastrtps_c.h
-- Installing: /home/rslomron/tm_custom/install/tm_msgs/include/tm_msgs/tm_msgs/srv/detail/connect_tm__rosidl_typesupport_fastrtps_c.h
-- Installing: /home/rslomron/tm_custom/install/tm_msgs/include/tm_msgs/tm_msgs/srv/detail/write_item__rosidl_typesupport_fastrtps_c.h
-- Installing: /home/rslomron/tm_custom/install/tm_msgs/include/tm_msgs/tm_msgs/srv/detail/set_positions__rosidl_typesupport_fastrtps_c.h
-- Installing: /home/rslomron/tm_custom/install/tm_msgs/include/tm_msgs/tm_msgs/srv/detail/send_script__rosidl_typesupport_fastrtps_c.h
-- Installing: /home/rslomron/tm_custom/install/tm_msgs/include/tm_msgs/tm_msgs/srv/detail/set_io__rosidl_typesupport_fastrtps_c.h
-- Installing: /home/rslomron/tm_custom/install/tm_msgs/include/tm_msgs/tm_msgs/srv/detail/ask_sta__rosidl_typesupport_fastrtps_c.h
-- Installing: /home/rslomron/tm_custom/install/tm_msgs/lib/libtm_msgs__rosidl_typesupport_fastrtps_c.so
-- Set runtime path of "/home/rslomron/tm_custom/install/tm_msgs/lib/libtm_msgs__rosidl_typesupport_fastrtps_c.so" to ""
-- Up-to-date: /home/rslomron/tm_custom/install/tm_msgs/include/tm_msgs/tm_msgs
-- Up-to-date: /home/rslomron/tm_custom/install/tm_msgs/include/tm_msgs/tm_msgs/msg
-- Up-to-date: /home/rslomron/tm_custom/install/tm_msgs/include/tm_msgs/tm_msgs/msg/detail
-- Installing: /home/rslomron/tm_custom/install/tm_msgs/include/tm_msgs/tm_msgs/msg/detail/svr_response__struct.hpp
-- Installing: /home/rslomron/tm_custom/install/tm_msgs/include/tm_msgs/tm_msgs/msg/detail/sta_response__builder.hpp
-- Installing: /home/rslomron/tm_custom/install/tm_msgs/include/tm_msgs/tm_msgs/msg/detail/sct_response__builder.hpp
-- Installing: /home/rslomron/tm_custom/install/tm_msgs/include/tm_msgs/tm_msgs/msg/detail/feedback_state__struct.hpp
-- Installing: /home/rslomron/tm_custom/install/tm_msgs/include/tm_msgs/tm_msgs/msg/detail/sct_response__traits.hpp
-- Installing: /home/rslomron/tm_custom/install/tm_msgs/include/tm_msgs/tm_msgs/msg/detail/svr_response__traits.hpp
-- Installing: /home/rslomron/tm_custom/install/tm_msgs/include/tm_msgs/tm_msgs/msg/detail/svr_response__builder.hpp
-- Installing: /home/rslomron/tm_custom/install/tm_msgs/include/tm_msgs/tm_msgs/msg/detail/sct_response__struct.hpp
-- Installing: /home/rslomron/tm_custom/install/tm_msgs/include/tm_msgs/tm_msgs/msg/detail/feedback_state__builder.hpp
-- Installing: /home/rslomron/tm_custom/install/tm_msgs/include/tm_msgs/tm_msgs/msg/detail/feedback_state__traits.hpp
-- Installing: /home/rslomron/tm_custom/install/tm_msgs/include/tm_msgs/tm_msgs/msg/detail/sta_response__struct.hpp
-- Installing: /home/rslomron/tm_custom/install/tm_msgs/include/tm_msgs/tm_msgs/msg/detail/sta_response__traits.hpp
-- Installing: /home/rslomron/tm_custom/install/tm_msgs/include/tm_msgs/tm_msgs/msg/sta_response.hpp
-- Installing: /home/rslomron/tm_custom/install/tm_msgs/include/tm_msgs/tm_msgs/msg/sct_response.hpp
-- Installing: /home/rslomron/tm_custom/install/tm_msgs/include/tm_msgs/tm_msgs/msg/svr_response.hpp
-- Installing: /home/rslomron/tm_custom/install/tm_msgs/include/tm_msgs/tm_msgs/msg/feedback_state.hpp
-- Up-to-date: /home/rslomron/tm_custom/install/tm_msgs/include/tm_msgs/tm_msgs/srv
-- Up-to-date: /home/rslomron/tm_custom/install/tm_msgs/include/tm_msgs/tm_msgs/srv/detail
-- Installing: /home/rslomron/tm_custom/install/tm_msgs/include/tm_msgs/tm_msgs/srv/detail/ask_sta__builder.hpp
-- Installing: /home/rslomron/tm_custom/install/tm_msgs/include/tm_msgs/tm_msgs/srv/detail/send_script__struct.hpp
-- Installing: /home/rslomron/tm_custom/install/tm_msgs/include/tm_msgs/tm_msgs/srv/detail/ask_item__builder.hpp
-- Installing: /home/rslomron/tm_custom/install/tm_msgs/include/tm_msgs/tm_msgs/srv/detail/connect_tm__struct.hpp
-- Installing: /home/rslomron/tm_custom/install/tm_msgs/include/tm_msgs/tm_msgs/srv/detail/set_event__traits.hpp
-- Installing: /home/rslomron/tm_custom/install/tm_msgs/include/tm_msgs/tm_msgs/srv/detail/ask_sta__traits.hpp
-- Installing: /home/rslomron/tm_custom/install/tm_msgs/include/tm_msgs/tm_msgs/srv/detail/set_positions__traits.hpp
-- Installing: /home/rslomron/tm_custom/install/tm_msgs/include/tm_msgs/tm_msgs/srv/detail/set_io__builder.hpp
-- Installing: /home/rslomron/tm_custom/install/tm_msgs/include/tm_msgs/tm_msgs/srv/detail/write_item__builder.hpp
-- Installing: /home/rslomron/tm_custom/install/tm_msgs/include/tm_msgs/tm_msgs/srv/detail/set_io__struct.hpp
-- Installing: /home/rslomron/tm_custom/install/tm_msgs/include/tm_msgs/tm_msgs/srv/detail/set_io__traits.hpp
-- Installing: /home/rslomron/tm_custom/install/tm_msgs/include/tm_msgs/tm_msgs/srv/detail/ask_item__traits.hpp
-- Installing: /home/rslomron/tm_custom/install/tm_msgs/include/tm_msgs/tm_msgs/srv/detail/set_positions__struct.hpp
-- Installing: /home/rslomron/tm_custom/install/tm_msgs/include/tm_msgs/tm_msgs/srv/detail/ask_sta__struct.hpp
-- Installing: /home/rslomron/tm_custom/install/tm_msgs/include/tm_msgs/tm_msgs/srv/detail/connect_tm__builder.hpp
-- Installing: /home/rslomron/tm_custom/install/tm_msgs/include/tm_msgs/tm_msgs/srv/detail/write_item__traits.hpp
-- Installing: /home/rslomron/tm_custom/install/tm_msgs/include/tm_msgs/tm_msgs/srv/detail/ask_item__struct.hpp
-- Installing: /home/rslomron/tm_custom/install/tm_msgs/include/tm_msgs/tm_msgs/srv/detail/send_script__traits.hpp
-- Installing: /home/rslomron/tm_custom/install/tm_msgs/include/tm_msgs/tm_msgs/srv/detail/set_positions__builder.hpp
-- Installing: /home/rslomron/tm_custom/install/tm_msgs/include/tm_msgs/tm_msgs/srv/detail/send_script__builder.hpp
-- Installing: /home/rslomron/tm_custom/install/tm_msgs/include/tm_msgs/tm_msgs/srv/detail/connect_tm__traits.hpp
-- Installing: /home/rslomron/tm_custom/install/tm_msgs/include/tm_msgs/tm_msgs/srv/detail/set_event__struct.hpp
-- Installing: /home/rslomron/tm_custom/install/tm_msgs/include/tm_msgs/tm_msgs/srv/detail/write_item__struct.hpp
-- Installing: /home/rslomron/tm_custom/install/tm_msgs/include/tm_msgs/tm_msgs/srv/detail/set_event__builder.hpp
-- Installing: /home/rslomron/tm_custom/install/tm_msgs/include/tm_msgs/tm_msgs/srv/set_io.hpp
-- Installing: /home/rslomron/tm_custom/install/tm_msgs/include/tm_msgs/tm_msgs/srv/set_event.hpp
-- Installing: /home/rslomron/tm_custom/install/tm_msgs/include/tm_msgs/tm_msgs/srv/ask_item.hpp
-- Installing: /home/rslomron/tm_custom/install/tm_msgs/include/tm_msgs/tm_msgs/srv/send_script.hpp
-- Installing: /home/rslomron/tm_custom/install/tm_msgs/include/tm_msgs/tm_msgs/srv/set_positions.hpp
-- Installing: /home/rslomron/tm_custom/install/tm_msgs/include/tm_msgs/tm_msgs/srv/connect_tm.hpp
-- Installing: /home/rslomron/tm_custom/install/tm_msgs/include/tm_msgs/tm_msgs/srv/write_item.hpp
-- Installing: /home/rslomron/tm_custom/install/tm_msgs/include/tm_msgs/tm_msgs/srv/ask_sta.hpp
-- Up-to-date: /home/rslomron/tm_custom/install/tm_msgs/include/tm_msgs/tm_msgs
-- Up-to-date: /home/rslomron/tm_custom/install/tm_msgs/include/tm_msgs/tm_msgs/msg
-- Up-to-date: /home/rslomron/tm_custom/install/tm_msgs/include/tm_msgs/tm_msgs/msg/detail
-- Installing: /home/rslomron/tm_custom/install/tm_msgs/include/tm_msgs/tm_msgs/msg/detail/dds_fastrtps
-- Installing: /home/rslomron/tm_custom/install/tm_msgs/include/tm_msgs/tm_msgs/msg/detail/feedback_state__rosidl_typesupport_fastrtps_cpp.hpp
-- Installing: /home/rslomron/tm_custom/install/tm_msgs/include/tm_msgs/tm_msgs/msg/detail/sta_response__rosidl_typesupport_fastrtps_cpp.hpp
-- Installing: /home/rslomron/tm_custom/install/tm_msgs/include/tm_msgs/tm_msgs/msg/detail/svr_response__rosidl_typesupport_fastrtps_cpp.hpp
-- Installing: /home/rslomron/tm_custom/install/tm_msgs/include/tm_msgs/tm_msgs/msg/detail/sct_response__rosidl_typesupport_fastrtps_cpp.hpp
-- Installing: /home/rslomron/tm_custom/install/tm_msgs/include/tm_msgs/tm_msgs/msg/rosidl_typesupport_fastrtps_cpp__visibility_control.h
-- Up-to-date: /home/rslomron/tm_custom/install/tm_msgs/include/tm_msgs/tm_msgs/srv
-- Up-to-date: /home/rslomron/tm_custom/install/tm_msgs/include/tm_msgs/tm_msgs/srv/detail
-- Installing: /home/rslomron/tm_custom/install/tm_msgs/include/tm_msgs/tm_msgs/srv/detail/dds_fastrtps
-- Installing: /home/rslomron/tm_custom/install/tm_msgs/include/tm_msgs/tm_msgs/srv/detail/send_script__rosidl_typesupport_fastrtps_cpp.hpp
-- Installing: /home/rslomron/tm_custom/install/tm_msgs/include/tm_msgs/tm_msgs/srv/detail/set_positions__rosidl_typesupport_fastrtps_cpp.hpp
-- Installing: /home/rslomron/tm_custom/install/tm_msgs/include/tm_msgs/tm_msgs/srv/detail/ask_item__rosidl_typesupport_fastrtps_cpp.hpp
-- Installing: /home/rslomron/tm_custom/install/tm_msgs/include/tm_msgs/tm_msgs/srv/detail/connect_tm__rosidl_typesupport_fastrtps_cpp.hpp
-- Installing: /home/rslomron/tm_custom/install/tm_msgs/include/tm_msgs/tm_msgs/srv/detail/set_event__rosidl_typesupport_fastrtps_cpp.hpp
-- Installing: /home/rslomron/tm_custom/install/tm_msgs/include/tm_msgs/tm_msgs/srv/detail/ask_sta__rosidl_typesupport_fastrtps_cpp.hpp
-- Installing: /home/rslomron/tm_custom/install/tm_msgs/include/tm_msgs/tm_msgs/srv/detail/set_io__rosidl_typesupport_fastrtps_cpp.hpp
-- Installing: /home/rslomron/tm_custom/install/tm_msgs/include/tm_msgs/tm_msgs/srv/detail/write_item__rosidl_typesupport_fastrtps_cpp.hpp
-- Installing: /home/rslomron/tm_custom/install/tm_msgs/lib/libtm_msgs__rosidl_typesupport_fastrtps_cpp.so
-- Set runtime path of "/home/rslomron/tm_custom/install/tm_msgs/lib/libtm_msgs__rosidl_typesupport_fastrtps_cpp.so" to ""
-- Up-to-date: /home/rslomron/tm_custom/install/tm_msgs/include/tm_msgs/tm_msgs
-- Up-to-date: /home/rslomron/tm_custom/install/tm_msgs/include/tm_msgs/tm_msgs/msg
-- Up-to-date: /home/rslomron/tm_custom/install/tm_msgs/include/tm_msgs/tm_msgs/msg/detail
-- Installing: /home/rslomron/tm_custom/install/tm_msgs/include/tm_msgs/tm_msgs/msg/detail/sta_response__type_support.c
-- Installing: /home/rslomron/tm_custom/install/tm_msgs/include/tm_msgs/tm_msgs/msg/detail/feedback_state__rosidl_typesupport_introspection_c.h
-- Installing: /home/rslomron/tm_custom/install/tm_msgs/include/tm_msgs/tm_msgs/msg/detail/feedback_state__type_support.c
-- Installing: /home/rslomron/tm_custom/install/tm_msgs/include/tm_msgs/tm_msgs/msg/detail/sct_response__rosidl_typesupport_introspection_c.h
-- Installing: /home/rslomron/tm_custom/install/tm_msgs/include/tm_msgs/tm_msgs/msg/detail/sct_response__type_support.c
-- Installing: /home/rslomron/tm_custom/install/tm_msgs/include/tm_msgs/tm_msgs/msg/detail/sta_response__rosidl_typesupport_introspection_c.h
-- Installing: /home/rslomron/tm_custom/install/tm_msgs/include/tm_msgs/tm_msgs/msg/detail/svr_response__rosidl_typesupport_introspection_c.h
-- Installing: /home/rslomron/tm_custom/install/tm_msgs/include/tm_msgs/tm_msgs/msg/detail/svr_response__type_support.c
-- Installing: /home/rslomron/tm_custom/install/tm_msgs/include/tm_msgs/tm_msgs/msg/rosidl_typesupport_introspection_c__visibility_control.h
-- Up-to-date: /home/rslomron/tm_custom/install/tm_msgs/include/tm_msgs/tm_msgs/srv
-- Up-to-date: /home/rslomron/tm_custom/install/tm_msgs/include/tm_msgs/tm_msgs/srv/detail
-- Installing: /home/rslomron/tm_custom/install/tm_msgs/include/tm_msgs/tm_msgs/srv/detail/set_event__type_support.c
-- Installing: /home/rslomron/tm_custom/install/tm_msgs/include/tm_msgs/tm_msgs/srv/detail/ask_item__rosidl_typesupport_introspection_c.h
-- Installing: /home/rslomron/tm_custom/install/tm_msgs/include/tm_msgs/tm_msgs/srv/detail/write_item__rosidl_typesupport_introspection_c.h
-- Installing: /home/rslomron/tm_custom/install/tm_msgs/include/tm_msgs/tm_msgs/srv/detail/send_script__type_support.c
-- Installing: /home/rslomron/tm_custom/install/tm_msgs/include/tm_msgs/tm_msgs/srv/detail/set_positions__type_support.c
-- Installing: /home/rslomron/tm_custom/install/tm_msgs/include/tm_msgs/tm_msgs/srv/detail/set_event__rosidl_typesupport_introspection_c.h
-- Installing: /home/rslomron/tm_custom/install/tm_msgs/include/tm_msgs/tm_msgs/srv/detail/send_script__rosidl_typesupport_introspection_c.h
-- Installing: /home/rslomron/tm_custom/install/tm_msgs/include/tm_msgs/tm_msgs/srv/detail/connect_tm__rosidl_typesupport_introspection_c.h
-- Installing: /home/rslomron/tm_custom/install/tm_msgs/include/tm_msgs/tm_msgs/srv/detail/write_item__type_support.c
-- Installing: /home/rslomron/tm_custom/install/tm_msgs/include/tm_msgs/tm_msgs/srv/detail/connect_tm__type_support.c
-- Installing: /home/rslomron/tm_custom/install/tm_msgs/include/tm_msgs/tm_msgs/srv/detail/set_io__rosidl_typesupport_introspection_c.h
-- Installing: /home/rslomron/tm_custom/install/tm_msgs/include/tm_msgs/tm_msgs/srv/detail/set_positions__rosidl_typesupport_introspection_c.h
-- Installing: /home/rslomron/tm_custom/install/tm_msgs/include/tm_msgs/tm_msgs/srv/detail/ask_item__type_support.c
-- Installing: /home/rslomron/tm_custom/install/tm_msgs/include/tm_msgs/tm_msgs/srv/detail/ask_sta__type_support.c
-- Installing: /home/rslomron/tm_custom/install/tm_msgs/include/tm_msgs/tm_msgs/srv/detail/ask_sta__rosidl_typesupport_introspection_c.h
-- Installing: /home/rslomron/tm_custom/install/tm_msgs/include/tm_msgs/tm_msgs/srv/detail/set_io__type_support.c
-- Installing: /home/rslomron/tm_custom/install/tm_msgs/lib/libtm_msgs__rosidl_typesupport_introspection_c.so
-- Set runtime path of "/home/rslomron/tm_custom/install/tm_msgs/lib/libtm_msgs__rosidl_typesupport_introspection_c.so" to ""
-- Installing: /home/rslomron/tm_custom/install/tm_msgs/lib/libtm_msgs__rosidl_typesupport_c.so
-- Set runtime path of "/home/rslomron/tm_custom/install/tm_msgs/lib/libtm_msgs__rosidl_typesupport_c.so" to ""
-- Up-to-date: /home/rslomron/tm_custom/install/tm_msgs/include/tm_msgs/tm_msgs
-- Up-to-date: /home/rslomron/tm_custom/install/tm_msgs/include/tm_msgs/tm_msgs/msg
-- Up-to-date: /home/rslomron/tm_custom/install/tm_msgs/include/tm_msgs/tm_msgs/msg/detail
-- Installing: /home/rslomron/tm_custom/install/tm_msgs/include/tm_msgs/tm_msgs/msg/detail/feedback_state__type_support.cpp
-- Installing: /home/rslomron/tm_custom/install/tm_msgs/include/tm_msgs/tm_msgs/msg/detail/svr_response__type_support.cpp
-- Installing: /home/rslomron/tm_custom/install/tm_msgs/include/tm_msgs/tm_msgs/msg/detail/feedback_state__rosidl_typesupport_introspection_cpp.hpp
-- Installing: /home/rslomron/tm_custom/install/tm_msgs/include/tm_msgs/tm_msgs/msg/detail/sta_response__type_support.cpp
-- Installing: /home/rslomron/tm_custom/install/tm_msgs/include/tm_msgs/tm_msgs/msg/detail/sta_response__rosidl_typesupport_introspection_cpp.hpp
-- Installing: /home/rslomron/tm_custom/install/tm_msgs/include/tm_msgs/tm_msgs/msg/detail/sct_response__rosidl_typesupport_introspection_cpp.hpp
-- Installing: /home/rslomron/tm_custom/install/tm_msgs/include/tm_msgs/tm_msgs/msg/detail/svr_response__rosidl_typesupport_introspection_cpp.hpp
-- Installing: /home/rslomron/tm_custom/install/tm_msgs/include/tm_msgs/tm_msgs/msg/detail/sct_response__type_support.cpp
-- Up-to-date: /home/rslomron/tm_custom/install/tm_msgs/include/tm_msgs/tm_msgs/srv
-- Up-to-date: /home/rslomron/tm_custom/install/tm_msgs/include/tm_msgs/tm_msgs/srv/detail
-- Installing: /home/rslomron/tm_custom/install/tm_msgs/include/tm_msgs/tm_msgs/srv/detail/set_positions__rosidl_typesupport_introspection_cpp.hpp
-- Installing: /home/rslomron/tm_custom/install/tm_msgs/include/tm_msgs/tm_msgs/srv/detail/set_positions__type_support.cpp
-- Installing: /home/rslomron/tm_custom/install/tm_msgs/include/tm_msgs/tm_msgs/srv/detail/set_io__rosidl_typesupport_introspection_cpp.hpp
-- Installing: /home/rslomron/tm_custom/install/tm_msgs/include/tm_msgs/tm_msgs/srv/detail/set_event__type_support.cpp
-- Installing: /home/rslomron/tm_custom/install/tm_msgs/include/tm_msgs/tm_msgs/srv/detail/ask_item__type_support.cpp
-- Installing: /home/rslomron/tm_custom/install/tm_msgs/include/tm_msgs/tm_msgs/srv/detail/ask_sta__type_support.cpp
-- Installing: /home/rslomron/tm_custom/install/tm_msgs/include/tm_msgs/tm_msgs/srv/detail/write_item__type_support.cpp
-- Installing: /home/rslomron/tm_custom/install/tm_msgs/include/tm_msgs/tm_msgs/srv/detail/connect_tm__type_support.cpp
-- Installing: /home/rslomron/tm_custom/install/tm_msgs/include/tm_msgs/tm_msgs/srv/detail/ask_sta__rosidl_typesupport_introspection_cpp.hpp
-- Installing: /home/rslomron/tm_custom/install/tm_msgs/include/tm_msgs/tm_msgs/srv/detail/send_script__type_support.cpp
-- Installing: /home/rslomron/tm_custom/install/tm_msgs/include/tm_msgs/tm_msgs/srv/detail/send_script__rosidl_typesupport_introspection_cpp.hpp
-- Installing: /home/rslomron/tm_custom/install/tm_msgs/include/tm_msgs/tm_msgs/srv/detail/write_item__rosidl_typesupport_introspection_cpp.hpp
-- Installing: /home/rslomron/tm_custom/install/tm_msgs/include/tm_msgs/tm_msgs/srv/detail/set_io__type_support.cpp
-- Installing: /home/rslomron/tm_custom/install/tm_msgs/include/tm_msgs/tm_msgs/srv/detail/ask_item__rosidl_typesupport_introspection_cpp.hpp
-- Installing: /home/rslomron/tm_custom/install/tm_msgs/include/tm_msgs/tm_msgs/srv/detail/connect_tm__rosidl_typesupport_introspection_cpp.hpp
-- Installing: /home/rslomron/tm_custom/install/tm_msgs/include/tm_msgs/tm_msgs/srv/detail/set_event__rosidl_typesupport_introspection_cpp.hpp
-- Installing: /home/rslomron/tm_custom/install/tm_msgs/lib/libtm_msgs__rosidl_typesupport_introspection_cpp.so
-- Set runtime path of "/home/rslomron/tm_custom/install/tm_msgs/lib/libtm_msgs__rosidl_typesupport_introspection_cpp.so" to ""
-- Installing: /home/rslomron/tm_custom/install/tm_msgs/lib/libtm_msgs__rosidl_typesupport_cpp.so
-- Set runtime path of "/home/rslomron/tm_custom/install/tm_msgs/lib/libtm_msgs__rosidl_typesupport_cpp.so" to ""
-- Installing: /home/rslomron/tm_custom/install/tm_msgs/share/tm_msgs/environment/pythonpath.sh
-- Installing: /home/rslomron/tm_custom/install/tm_msgs/share/tm_msgs/environment/pythonpath.dsv
-- Installing: /home/rslomron/tm_custom/install/tm_msgs/local/lib/python3.10/dist-packages/tm_msgs-1.1.2-py3.10.egg-info
-- Installing: /home/rslomron/tm_custom/install/tm_msgs/local/lib/python3.10/dist-packages/tm_msgs-1.1.2-py3.10.egg-info/top_level.txt
-- Installing: /home/rslomron/tm_custom/install/tm_msgs/local/lib/python3.10/dist-packages/tm_msgs-1.1.2-py3.10.egg-info/PKG-INFO
-- Installing: /home/rslomron/tm_custom/install/tm_msgs/local/lib/python3.10/dist-packages/tm_msgs-1.1.2-py3.10.egg-info/dependency_links.txt
-- Installing: /home/rslomron/tm_custom/install/tm_msgs/local/lib/python3.10/dist-packages/tm_msgs-1.1.2-py3.10.egg-info/SOURCES.txt
-- Installing: /home/rslomron/tm_custom/install/tm_msgs/local/lib/python3.10/dist-packages/tm_msgs
-- Installing: /home/rslomron/tm_custom/install/tm_msgs/local/lib/python3.10/dist-packages/tm_msgs/msg
-- Installing: /home/rslomron/tm_custom/install/tm_msgs/local/lib/python3.10/dist-packages/tm_msgs/msg/_svr_response_s.c
-- Installing: /home/rslomron/tm_custom/install/tm_msgs/local/lib/python3.10/dist-packages/tm_msgs/msg/_sta_response_s.c
-- Installing: /home/rslomron/tm_custom/install/tm_msgs/local/lib/python3.10/dist-packages/tm_msgs/msg/_feedback_state_s.c
-- Installing: /home/rslomron/tm_custom/install/tm_msgs/local/lib/python3.10/dist-packages/tm_msgs/msg/_sct_response.py
-- Installing: /home/rslomron/tm_custom/install/tm_msgs/local/lib/python3.10/dist-packages/tm_msgs/msg/_sta_response.py
-- Installing: /home/rslomron/tm_custom/install/tm_msgs/local/lib/python3.10/dist-packages/tm_msgs/msg/__init__.py
-- Installing: /home/rslomron/tm_custom/install/tm_msgs/local/lib/python3.10/dist-packages/tm_msgs/msg/_svr_response.py
-- Installing: /home/rslomron/tm_custom/install/tm_msgs/local/lib/python3.10/dist-packages/tm_msgs/msg/_sct_response_s.c
-- Installing: /home/rslomron/tm_custom/install/tm_msgs/local/lib/python3.10/dist-packages/tm_msgs/msg/_feedback_state.py
-- Installing: /home/rslomron/tm_custom/install/tm_msgs/local/lib/python3.10/dist-packages/tm_msgs/tm_msgs_s__rosidl_typesupport_introspection_c.cpython-310-x86_64-linux-gnu.so
-- Installing: /home/rslomron/tm_custom/install/tm_msgs/local/lib/python3.10/dist-packages/tm_msgs/_tm_msgs_s.ep.rosidl_typesupport_introspection_c.c
-- Installing: /home/rslomron/tm_custom/install/tm_msgs/local/lib/python3.10/dist-packages/tm_msgs/libtm_msgs__rosidl_generator_py.so
-- Installing: /home/rslomron/tm_custom/install/tm_msgs/local/lib/python3.10/dist-packages/tm_msgs/_tm_msgs_s.ep.rosidl_typesupport_fastrtps_c.c
-- Installing: /home/rslomron/tm_custom/install/tm_msgs/local/lib/python3.10/dist-packages/tm_msgs/__init__.py
-- Installing: /home/rslomron/tm_custom/install/tm_msgs/local/lib/python3.10/dist-packages/tm_msgs/srv
-- Installing: /home/rslomron/tm_custom/install/tm_msgs/local/lib/python3.10/dist-packages/tm_msgs/srv/_write_item.py
-- Installing: /home/rslomron/tm_custom/install/tm_msgs/local/lib/python3.10/dist-packages/tm_msgs/srv/_ask_item.py
-- Installing: /home/rslomron/tm_custom/install/tm_msgs/local/lib/python3.10/dist-packages/tm_msgs/srv/_send_script.py
-- Installing: /home/rslomron/tm_custom/install/tm_msgs/local/lib/python3.10/dist-packages/tm_msgs/srv/_set_positions_s.c
-- Installing: /home/rslomron/tm_custom/install/tm_msgs/local/lib/python3.10/dist-packages/tm_msgs/srv/_ask_item_s.c
-- Installing: /home/rslomron/tm_custom/install/tm_msgs/local/lib/python3.10/dist-packages/tm_msgs/srv/_set_io_s.c
-- Installing: /home/rslomron/tm_custom/install/tm_msgs/local/lib/python3.10/dist-packages/tm_msgs/srv/_send_script_s.c
-- Installing: /home/rslomron/tm_custom/install/tm_msgs/local/lib/python3.10/dist-packages/tm_msgs/srv/_set_positions.py
-- Installing: /home/rslomron/tm_custom/install/tm_msgs/local/lib/python3.10/dist-packages/tm_msgs/srv/_connect_tm_s.c
-- Installing: /home/rslomron/tm_custom/install/tm_msgs/local/lib/python3.10/dist-packages/tm_msgs/srv/_set_event.py
-- Installing: /home/rslomron/tm_custom/install/tm_msgs/local/lib/python3.10/dist-packages/tm_msgs/srv/_ask_sta_s.c
-- Installing: /home/rslomron/tm_custom/install/tm_msgs/local/lib/python3.10/dist-packages/tm_msgs/srv/_ask_sta.py
-- Installing: /home/rslomron/tm_custom/install/tm_msgs/local/lib/python3.10/dist-packages/tm_msgs/srv/_set_event_s.c
-- Installing: /home/rslomron/tm_custom/install/tm_msgs/local/lib/python3.10/dist-packages/tm_msgs/srv/_set_io.py
-- Installing: /home/rslomron/tm_custom/install/tm_msgs/local/lib/python3.10/dist-packages/tm_msgs/srv/__init__.py
-- Installing: /home/rslomron/tm_custom/install/tm_msgs/local/lib/python3.10/dist-packages/tm_msgs/srv/_write_item_s.c
-- Installing: /home/rslomron/tm_custom/install/tm_msgs/local/lib/python3.10/dist-packages/tm_msgs/srv/_connect_tm.py
-- Installing: /home/rslomron/tm_custom/install/tm_msgs/local/lib/python3.10/dist-packages/tm_msgs/_tm_msgs_s.ep.rosidl_typesupport_c.c
-- Installing: /home/rslomron/tm_custom/install/tm_msgs/local/lib/python3.10/dist-packages/tm_msgs/tm_msgs_s__rosidl_typesupport_fastrtps_c.cpython-310-x86_64-linux-gnu.so
-- Installing: /home/rslomron/tm_custom/install/tm_msgs/local/lib/python3.10/dist-packages/tm_msgs/tm_msgs_s__rosidl_typesupport_c.cpython-310-x86_64-linux-gnu.so
Listing '/home/rslomron/tm_custom/install/tm_msgs/local/lib/python3.10/dist-packages/tm_msgs'...
Compiling '/home/rslomron/tm_custom/install/tm_msgs/local/lib/python3.10/dist-packages/tm_msgs/__init__.py'...
Listing '/home/rslomron/tm_custom/install/tm_msgs/local/lib/python3.10/dist-packages/tm_msgs/msg'...
Compiling '/home/rslomron/tm_custom/install/tm_msgs/local/lib/python3.10/dist-packages/tm_msgs/msg/__init__.py'...
Compiling '/home/rslomron/tm_custom/install/tm_msgs/local/lib/python3.10/dist-packages/tm_msgs/msg/_feedback_state.py'...
Compiling '/home/rslomron/tm_custom/install/tm_msgs/local/lib/python3.10/dist-packages/tm_msgs/msg/_sct_response.py'...
Compiling '/home/rslomron/tm_custom/install/tm_msgs/local/lib/python3.10/dist-packages/tm_msgs/msg/_sta_response.py'...
Compiling '/home/rslomron/tm_custom/install/tm_msgs/local/lib/python3.10/dist-packages/tm_msgs/msg/_svr_response.py'...
Listing '/home/rslomron/tm_custom/install/tm_msgs/local/lib/python3.10/dist-packages/tm_msgs/srv'...
Compiling '/home/rslomron/tm_custom/install/tm_msgs/local/lib/python3.10/dist-packages/tm_msgs/srv/__init__.py'...
Compiling '/home/rslomron/tm_custom/install/tm_msgs/local/lib/python3.10/dist-packages/tm_msgs/srv/_ask_item.py'...
Compiling '/home/rslomron/tm_custom/install/tm_msgs/local/lib/python3.10/dist-packages/tm_msgs/srv/_ask_sta.py'...
Compiling '/home/rslomron/tm_custom/install/tm_msgs/local/lib/python3.10/dist-packages/tm_msgs/srv/_connect_tm.py'...
Compiling '/home/rslomron/tm_custom/install/tm_msgs/local/lib/python3.10/dist-packages/tm_msgs/srv/_send_script.py'...
Compiling '/home/rslomron/tm_custom/install/tm_msgs/local/lib/python3.10/dist-packages/tm_msgs/srv/_set_event.py'...
Compiling '/home/rslomron/tm_custom/install/tm_msgs/local/lib/python3.10/dist-packages/tm_msgs/srv/_set_io.py'...
Compiling '/home/rslomron/tm_custom/install/tm_msgs/local/lib/python3.10/dist-packages/tm_msgs/srv/_set_positions.py'...
Compiling '/home/rslomron/tm_custom/install/tm_msgs/local/lib/python3.10/dist-packages/tm_msgs/srv/_write_item.py'...
-- Installing: /home/rslomron/tm_custom/install/tm_msgs/local/lib/python3.10/dist-packages/tm_msgs/tm_msgs_s__rosidl_typesupport_fastrtps_c.cpython-310-x86_64-linux-gnu.so
-- Set runtime path of "/home/rslomron/tm_custom/install/tm_msgs/local/lib/python3.10/dist-packages/tm_msgs/tm_msgs_s__rosidl_typesupport_fastrtps_c.cpython-310-x86_64-linux-gnu.so" to ""
-- Installing: /home/rslomron/tm_custom/install/tm_msgs/local/lib/python3.10/dist-packages/tm_msgs/tm_msgs_s__rosidl_typesupport_introspection_c.cpython-310-x86_64-linux-gnu.so
-- Set runtime path of "/home/rslomron/tm_custom/install/tm_msgs/local/lib/python3.10/dist-packages/tm_msgs/tm_msgs_s__rosidl_typesupport_introspection_c.cpython-310-x86_64-linux-gnu.so" to ""
-- Installing: /home/rslomron/tm_custom/install/tm_msgs/local/lib/python3.10/dist-packages/tm_msgs/tm_msgs_s__rosidl_typesupport_c.cpython-310-x86_64-linux-gnu.so
-- Set runtime path of "/home/rslomron/tm_custom/install/tm_msgs/local/lib/python3.10/dist-packages/tm_msgs/tm_msgs_s__rosidl_typesupport_c.cpython-310-x86_64-linux-gnu.so" to ""
-- Installing: /home/rslomron/tm_custom/install/tm_msgs/lib/libtm_msgs__rosidl_generator_py.so
-- Set runtime path of "/home/rslomron/tm_custom/install/tm_msgs/lib/libtm_msgs__rosidl_generator_py.so" to ""
-- Installing: /home/rslomron/tm_custom/install/tm_msgs/share/tm_msgs/msg/FeedbackState.idl
-- Installing: /home/rslomron/tm_custom/install/tm_msgs/share/tm_msgs/msg/SvrResponse.idl
-- Installing: /home/rslomron/tm_custom/install/tm_msgs/share/tm_msgs/msg/SctResponse.idl
-- Installing: /home/rslomron/tm_custom/install/tm_msgs/share/tm_msgs/msg/StaResponse.idl
-- Installing: /home/rslomron/tm_custom/install/tm_msgs/share/tm_msgs/srv/ConnectTM.idl
-- Installing: /home/rslomron/tm_custom/install/tm_msgs/share/tm_msgs/srv/WriteItem.idl
-- Installing: /home/rslomron/tm_custom/install/tm_msgs/share/tm_msgs/srv/AskItem.idl
-- Installing: /home/rslomron/tm_custom/install/tm_msgs/share/tm_msgs/srv/SendScript.idl
-- Installing: /home/rslomron/tm_custom/install/tm_msgs/share/tm_msgs/srv/SetEvent.idl
-- Installing: /home/rslomron/tm_custom/install/tm_msgs/share/tm_msgs/srv/SetIO.idl
-- Installing: /home/rslomron/tm_custom/install/tm_msgs/share/tm_msgs/srv/SetPositions.idl
-- Installing: /home/rslomron/tm_custom/install/tm_msgs/share/tm_msgs/srv/AskSta.idl
-- Installing: /home/rslomron/tm_custom/install/tm_msgs/share/tm_msgs/msg/FeedbackState.msg
-- Installing: /home/rslomron/tm_custom/install/tm_msgs/share/tm_msgs/msg/SvrResponse.msg
-- Installing: /home/rslomron/tm_custom/install/tm_msgs/share/tm_msgs/msg/SctResponse.msg
-- Installing: /home/rslomron/tm_custom/install/tm_msgs/share/tm_msgs/msg/StaResponse.msg
-- Installing: /home/rslomron/tm_custom/install/tm_msgs/share/tm_msgs/srv/ConnectTM.srv
-- Installing: /home/rslomron/tm_custom/install/tm_msgs/share/tm_msgs/srv/ConnectTM_Request.msg
-- Installing: /home/rslomron/tm_custom/install/tm_msgs/share/tm_msgs/srv/ConnectTM_Response.msg
-- Installing: /home/rslomron/tm_custom/install/tm_msgs/share/tm_msgs/srv/WriteItem.srv
-- Installing: /home/rslomron/tm_custom/install/tm_msgs/share/tm_msgs/srv/WriteItem_Request.msg
-- Installing: /home/rslomron/tm_custom/install/tm_msgs/share/tm_msgs/srv/WriteItem_Response.msg
-- Installing: /home/rslomron/tm_custom/install/tm_msgs/share/tm_msgs/srv/AskItem.srv
-- Installing: /home/rslomron/tm_custom/install/tm_msgs/share/tm_msgs/srv/AskItem_Request.msg
-- Installing: /home/rslomron/tm_custom/install/tm_msgs/share/tm_msgs/srv/AskItem_Response.msg
-- Installing: /home/rslomron/tm_custom/install/tm_msgs/share/tm_msgs/srv/SendScript.srv
-- Installing: /home/rslomron/tm_custom/install/tm_msgs/share/tm_msgs/srv/SendScript_Request.msg
-- Installing: /home/rslomron/tm_custom/install/tm_msgs/share/tm_msgs/srv/SendScript_Response.msg
-- Installing: /home/rslomron/tm_custom/install/tm_msgs/share/tm_msgs/srv/SetEvent.srv
-- Installing: /home/rslomron/tm_custom/install/tm_msgs/share/tm_msgs/srv/SetEvent_Request.msg
-- Installing: /home/rslomron/tm_custom/install/tm_msgs/share/tm_msgs/srv/SetEvent_Response.msg
-- Installing: /home/rslomron/tm_custom/install/tm_msgs/share/tm_msgs/srv/SetIO.srv
-- Installing: /home/rslomron/tm_custom/install/tm_msgs/share/tm_msgs/srv/SetIO_Request.msg
-- Installing: /home/rslomron/tm_custom/install/tm_msgs/share/tm_msgs/srv/SetIO_Response.msg
-- Installing: /home/rslomron/tm_custom/install/tm_msgs/share/tm_msgs/srv/SetPositions.srv
-- Installing: /home/rslomron/tm_custom/install/tm_msgs/share/tm_msgs/srv/SetPositions_Request.msg
-- Installing: /home/rslomron/tm_custom/install/tm_msgs/share/tm_msgs/srv/SetPositions_Response.msg
-- Installing: /home/rslomron/tm_custom/install/tm_msgs/share/tm_msgs/srv/AskSta.srv
-- Installing: /home/rslomron/tm_custom/install/tm_msgs/share/tm_msgs/srv/AskSta_Request.msg
-- Installing: /home/rslomron/tm_custom/install/tm_msgs/share/tm_msgs/srv/AskSta_Response.msg
-- Up-to-date: /home/rslomron/tm_custom/install/tm_msgs/share/ament_index/resource_index/package_run_dependencies/tm_msgs
-- Up-to-date: /home/rslomron/tm_custom/install/tm_msgs/share/ament_index/resource_index/parent_prefix_path/tm_msgs
-- Up-to-date: /home/rslomron/tm_custom/install/tm_msgs/share/tm_msgs/environment/ament_prefix_path.sh
-- Installing: /home/rslomron/tm_custom/install/tm_msgs/share/tm_msgs/environment/ament_prefix_path.dsv
-- Up-to-date: /home/rslomron/tm_custom/install/tm_msgs/share/tm_msgs/environment/path.sh
-- Installing: /home/rslomron/tm_custom/install/tm_msgs/share/tm_msgs/environment/path.dsv
-- Up-to-date: /home/rslomron/tm_custom/install/tm_msgs/share/tm_msgs/local_setup.bash
-- Installing: /home/rslomron/tm_custom/install/tm_msgs/share/tm_msgs/local_setup.sh
-- Up-to-date: /home/rslomron/tm_custom/install/tm_msgs/share/tm_msgs/local_setup.zsh
-- Installing: /home/rslomron/tm_custom/install/tm_msgs/share/tm_msgs/local_setup.dsv
-- Installing: /home/rslomron/tm_custom/install/tm_msgs/share/tm_msgs/package.dsv
-- Up-to-date: /home/rslomron/tm_custom/install/tm_msgs/share/ament_index/resource_index/packages/tm_msgs
-- Installing: /home/rslomron/tm_custom/install/tm_msgs/share/tm_msgs/cmake/export_tm_msgs__rosidl_generator_cExport.cmake
-- Installing: /home/rslomron/tm_custom/install/tm_msgs/share/tm_msgs/cmake/export_tm_msgs__rosidl_generator_cExport-noconfig.cmake
-- Installing: /home/rslomron/tm_custom/install/tm_msgs/share/tm_msgs/cmake/export_tm_msgs__rosidl_typesupport_fastrtps_cExport.cmake
-- Installing: /home/rslomron/tm_custom/install/tm_msgs/share/tm_msgs/cmake/export_tm_msgs__rosidl_typesupport_fastrtps_cExport-noconfig.cmake
-- Installing: /home/rslomron/tm_custom/install/tm_msgs/share/tm_msgs/cmake/export_tm_msgs__rosidl_generator_cppExport.cmake
-- Installing: /home/rslomron/tm_custom/install/tm_msgs/share/tm_msgs/cmake/export_tm_msgs__rosidl_typesupport_fastrtps_cppExport.cmake
-- Installing: /home/rslomron/tm_custom/install/tm_msgs/share/tm_msgs/cmake/export_tm_msgs__rosidl_typesupport_fastrtps_cppExport-noconfig.cmake
-- Installing: /home/rslomron/tm_custom/install/tm_msgs/share/tm_msgs/cmake/tm_msgs__rosidl_typesupport_introspection_cExport.cmake
-- Installing: /home/rslomron/tm_custom/install/tm_msgs/share/tm_msgs/cmake/tm_msgs__rosidl_typesupport_introspection_cExport-noconfig.cmake
-- Installing: /home/rslomron/tm_custom/install/tm_msgs/share/tm_msgs/cmake/tm_msgs__rosidl_typesupport_cExport.cmake
-- Installing: /home/rslomron/tm_custom/install/tm_msgs/share/tm_msgs/cmake/tm_msgs__rosidl_typesupport_cExport-noconfig.cmake
-- Installing: /home/rslomron/tm_custom/install/tm_msgs/share/tm_msgs/cmake/tm_msgs__rosidl_typesupport_introspection_cppExport.cmake
-- Installing: /home/rslomron/tm_custom/install/tm_msgs/share/tm_msgs/cmake/tm_msgs__rosidl_typesupport_introspection_cppExport-noconfig.cmake
-- Installing: /home/rslomron/tm_custom/install/tm_msgs/share/tm_msgs/cmake/tm_msgs__rosidl_typesupport_cppExport.cmake
-- Installing: /home/rslomron/tm_custom/install/tm_msgs/share/tm_msgs/cmake/tm_msgs__rosidl_typesupport_cppExport-noconfig.cmake
-- Installing: /home/rslomron/tm_custom/install/tm_msgs/share/tm_msgs/cmake/export_tm_msgs__rosidl_generator_pyExport.cmake
-- Installing: /home/rslomron/tm_custom/install/tm_msgs/share/tm_msgs/cmake/export_tm_msgs__rosidl_generator_pyExport-noconfig.cmake
-- Installing: /home/rslomron/tm_custom/install/tm_msgs/share/tm_msgs/cmake/rosidl_cmake-extras.cmake
-- Installing: /home/rslomron/tm_custom/install/tm_msgs/share/tm_msgs/cmake/ament_cmake_export_dependencies-extras.cmake
-- Installing: /home/rslomron/tm_custom/install/tm_msgs/share/tm_msgs/cmake/ament_cmake_export_include_directories-extras.cmake
-- Installing: /home/rslomron/tm_custom/install/tm_msgs/share/tm_msgs/cmake/ament_cmake_export_libraries-extras.cmake
-- Installing: /home/rslomron/tm_custom/install/tm_msgs/share/tm_msgs/cmake/ament_cmake_export_targets-extras.cmake
-- Installing: /home/rslomron/tm_custom/install/tm_msgs/share/tm_msgs/cmake/rosidl_cmake_export_typesupport_targets-extras.cmake
-- Installing: /home/rslomron/tm_custom/install/tm_msgs/share/tm_msgs/cmake/rosidl_cmake_export_typesupport_libraries-extras.cmake
-- Installing: /home/rslomron/tm_custom/install/tm_msgs/share/tm_msgs/cmake/tm_msgsConfig.cmake
-- Up-to-date: /home/rslomron/tm_custom/install/tm_msgs/share/tm_msgs/cmake/tm_msgsConfig-version.cmake
-- Up-to-date: /home/rslomron/tm_custom/install/tm_msgs/share/tm_msgs/package.xml
