[0.012s] Invoking command in '/home/rslomron/tm_custom/build/tm_msgs': CMAKE_PREFIX_PATH=${CMAKE_PREFIX_PATH}:/home/rslomron/tm_custom/install/tm_mod_urdf:/home/rslomron/tm_custom/install/tm_get_status:/opt/ros/humble /usr/bin/cmake --build /home/rslomron/tm_custom/build/tm_msgs -- -j8 -l8
[0.035s] -- Found ament_cmake: 1.3.8 (/opt/ros/humble/share/ament_cmake/cmake)
[0.166s] -- Found std_msgs: 4.2.3 (/opt/ros/humble/share/std_msgs/cmake)
[0.215s] -- Found rosidl_generator_c: 3.1.5 (/opt/ros/humble/share/rosidl_generator_c/cmake)
[0.221s] -- Found rosidl_adapter: 3.1.5 (/opt/ros/humble/share/rosidl_adapter/cmake)
[0.232s] -- Found rosidl_generator_cpp: 3.1.5 (/opt/ros/humble/share/rosidl_generator_cpp/cmake)
[0.248s] -- Using all available rosidl_typesupport_c: rosidl_typesupport_fastrtps_c;rosidl_typesupport_introspection_c
[0.270s] -- Using all available rosidl_typesupport_cpp: rosidl_typesupport_fastrtps_cpp;rosidl_typesupport_introspection_cpp
[0.333s] -- Found rosidl_default_generators: 1.2.0 (/opt/ros/humble/share/rosidl_default_generators/cmake)
[0.800s] -- Found ament_cmake_ros: 0.10.0 (/opt/ros/humble/share/ament_cmake_ros/cmake)
[1.290s] -- Using all available rosidl_typesupport_c: rosidl_typesupport_fastrtps_c;rosidl_typesupport_introspection_c
[1.503s] -- Using all available rosidl_typesupport_cpp: rosidl_typesupport_fastrtps_cpp;rosidl_typesupport_introspection_cpp
[1.535s] -- Found PythonInterp: /usr/bin/python3 (found suitable version "3.10.12", minimum required is "3.6") 
[1.542s] -- Found python_cmake_module: 0.10.0 (/opt/ros/humble/share/python_cmake_module/cmake)
[1.582s] -- Found PythonLibs: /usr/lib/x86_64-linux-gnu/libpython3.10.so (found suitable version "3.10.12", minimum required is "3.5") 
[1.583s] -- Using PYTHON_EXECUTABLE: /usr/bin/python3
[1.583s] -- Using PYTHON_INCLUDE_DIRS: /usr/include/python3.10
[1.583s] -- Using PYTHON_LIBRARIES: /usr/lib/x86_64-linux-gnu/libpython3.10.so
[1.609s] -- Found PythonExtra: .so  
[1.717s] -- Configuring done
[1.769s] -- Generating done
[1.772s] -- Build files have been written to: /home/rslomron/tm_custom/build/tm_msgs
[1.804s] [  1%] [34m[1mGenerating C code for ROS interfaces[0m
[1.814s] [  1%] [34m[1mGenerating C++ code for ROS interfaces[0m
[1.820s] [  1%] Built target ament_cmake_python_copy_tm_msgs
[2.075s] running egg_info
[2.076s] creating tm_msgs.egg-info
[2.076s] writing tm_msgs.egg-info/PKG-INFO
[2.076s] writing dependency_links to tm_msgs.egg-info/dependency_links.txt
[2.076s] writing top-level names to tm_msgs.egg-info/top_level.txt
[2.076s] writing manifest file 'tm_msgs.egg-info/SOURCES.txt'
[2.078s] reading manifest file 'tm_msgs.egg-info/SOURCES.txt'
[2.078s] writing manifest file 'tm_msgs.egg-info/SOURCES.txt'
[2.107s] [  1%] Built target ament_cmake_python_build_tm_msgs_egg
[3.429s] [  1%] Built target tm_msgs__cpp
[3.440s] [  2%] [34m[1mGenerating C++ type support for eProsima Fast-RTPS[0m
[3.440s] [  2%] [34m[1mGenerating C++ type support dispatch for ROS interfaces[0m
[3.442s] [  3%] [34m[1mGenerating C++ introspection for ROS interfaces[0m
[3.632s] [  6%] [32mBuilding C object CMakeFiles/tm_msgs__rosidl_generator_c.dir/rosidl_generator_c/tm_msgs/msg/detail/sct_response__functions.c.o[0m
[3.632s] [  6%] [32mBuilding C object CMakeFiles/tm_msgs__rosidl_generator_c.dir/rosidl_generator_c/tm_msgs/msg/detail/svr_response__functions.c.o[0m
[3.632s] [  6%] [32mBuilding C object CMakeFiles/tm_msgs__rosidl_generator_c.dir/rosidl_generator_c/tm_msgs/msg/detail/feedback_state__functions.c.o[0m
[3.632s] [  6%] [32mBuilding C object CMakeFiles/tm_msgs__rosidl_generator_c.dir/rosidl_generator_c/tm_msgs/msg/detail/sta_response__functions.c.o[0m
[3.632s] [  7%] [32mBuilding C object CMakeFiles/tm_msgs__rosidl_generator_c.dir/rosidl_generator_c/tm_msgs/srv/detail/connect_tm__functions.c.o[0m
[3.713s] [ 10%] [32mBuilding C object CMakeFiles/tm_msgs__rosidl_generator_c.dir/rosidl_generator_c/tm_msgs/srv/detail/send_script__functions.c.o[0m
[3.713s] [ 10%] [32mBuilding C object CMakeFiles/tm_msgs__rosidl_generator_c.dir/rosidl_generator_c/tm_msgs/srv/detail/ask_item__functions.c.o[0m
[3.714s] [ 10%] [32mBuilding C object CMakeFiles/tm_msgs__rosidl_generator_c.dir/rosidl_generator_c/tm_msgs/srv/detail/write_item__functions.c.o[0m
[3.726s] [ 11%] [32mBuilding C object CMakeFiles/tm_msgs__rosidl_generator_c.dir/rosidl_generator_c/tm_msgs/srv/detail/set_event__functions.c.o[0m
[3.731s] [ 11%] [32mBuilding C object CMakeFiles/tm_msgs__rosidl_generator_c.dir/rosidl_generator_c/tm_msgs/srv/detail/set_io__functions.c.o[0m
[3.802s] [ 12%] [32mBuilding C object CMakeFiles/tm_msgs__rosidl_generator_c.dir/rosidl_generator_c/tm_msgs/srv/detail/set_positions__functions.c.o[0m
[3.803s] [ 13%] [32mBuilding C object CMakeFiles/tm_msgs__rosidl_generator_c.dir/rosidl_generator_c/tm_msgs/srv/detail/ask_sta__functions.c.o[0m
[3.888s] [ 14%] [32m[1mLinking C shared library libtm_msgs__rosidl_generator_c.so[0m
[3.926s] [ 14%] Built target tm_msgs__rosidl_generator_c
[3.936s] [ 15%] [34m[1mGenerating C type support for eProsima Fast-RTPS[0m
[3.940s] [ 17%] [34m[1mGenerating C type support dispatch for ROS interfaces[0m
[3.940s] [ 17%] [34m[1mGenerating C introspection for ROS interfaces[0m
[4.888s] [ 19%] [32mBuilding CXX object CMakeFiles/tm_msgs__rosidl_typesupport_cpp.dir/rosidl_typesupport_cpp/tm_msgs/msg/svr_response__type_support.cpp.o[0m
[4.888s] [ 19%] [32mBuilding CXX object CMakeFiles/tm_msgs__rosidl_typesupport_cpp.dir/rosidl_typesupport_cpp/tm_msgs/msg/feedback_state__type_support.cpp.o[0m
[4.888s] [ 20%] [32mBuilding CXX object CMakeFiles/tm_msgs__rosidl_typesupport_cpp.dir/rosidl_typesupport_cpp/tm_msgs/msg/sct_response__type_support.cpp.o[0m
[5.318s] [ 21%] [32mBuilding CXX object CMakeFiles/tm_msgs__rosidl_typesupport_cpp.dir/rosidl_typesupport_cpp/tm_msgs/msg/sta_response__type_support.cpp.o[0m
[5.333s] [ 21%] [32mBuilding CXX object CMakeFiles/tm_msgs__rosidl_typesupport_cpp.dir/rosidl_typesupport_cpp/tm_msgs/srv/connect_tm__type_support.cpp.o[0m
[5.366s] [ 22%] [32mBuilding CXX object CMakeFiles/tm_msgs__rosidl_typesupport_cpp.dir/rosidl_typesupport_cpp/tm_msgs/srv/write_item__type_support.cpp.o[0m
[5.373s] [ 22%] [32mBuilding CXX object CMakeFiles/tm_msgs__rosidl_typesupport_introspection_cpp.dir/rosidl_typesupport_introspection_cpp/tm_msgs/msg/detail/feedback_state__type_support.cpp.o[0m
[5.774s] [ 23%] [32mBuilding CXX object CMakeFiles/tm_msgs__rosidl_typesupport_introspection_cpp.dir/rosidl_typesupport_introspection_cpp/tm_msgs/msg/detail/svr_response__type_support.cpp.o[0m
[5.774s] [ 24%] [32mBuilding CXX object CMakeFiles/tm_msgs__rosidl_typesupport_cpp.dir/rosidl_typesupport_cpp/tm_msgs/srv/ask_item__type_support.cpp.o[0m
[5.863s] [ 25%] [32mBuilding CXX object CMakeFiles/tm_msgs__rosidl_typesupport_cpp.dir/rosidl_typesupport_cpp/tm_msgs/srv/send_script__type_support.cpp.o[0m
[6.201s] [ 26%] [32mBuilding CXX object CMakeFiles/tm_msgs__rosidl_typesupport_cpp.dir/rosidl_typesupport_cpp/tm_msgs/srv/set_event__type_support.cpp.o[0m
[6.213s] [ 27%] [32mBuilding CXX object CMakeFiles/tm_msgs__rosidl_typesupport_introspection_cpp.dir/rosidl_typesupport_introspection_cpp/tm_msgs/msg/detail/sct_response__type_support.cpp.o[0m
[6.339s] [ 28%] [32mBuilding CXX object CMakeFiles/tm_msgs__rosidl_typesupport_cpp.dir/rosidl_typesupport_cpp/tm_msgs/srv/set_io__type_support.cpp.o[0m
[6.455s] [ 29%] [32mBuilding CXX object CMakeFiles/tm_msgs__rosidl_typesupport_introspection_cpp.dir/rosidl_typesupport_introspection_cpp/tm_msgs/msg/detail/sta_response__type_support.cpp.o[0m
[6.465s] [ 30%] [32mBuilding CXX object CMakeFiles/tm_msgs__rosidl_typesupport_c.dir/rosidl_typesupport_c/tm_msgs/msg/feedback_state__type_support.cpp.o[0m
[6.511s] [ 30%] [32mBuilding CXX object CMakeFiles/tm_msgs__rosidl_typesupport_c.dir/rosidl_typesupport_c/tm_msgs/msg/svr_response__type_support.cpp.o[0m
[6.557s] [ 31%] [32mBuilding CXX object CMakeFiles/tm_msgs__rosidl_typesupport_c.dir/rosidl_typesupport_c/tm_msgs/msg/sct_response__type_support.cpp.o[0m
[6.566s] [ 32%] [32mBuilding CXX object CMakeFiles/tm_msgs__rosidl_typesupport_fastrtps_cpp.dir/rosidl_typesupport_fastrtps_cpp/tm_msgs/msg/detail/dds_fastrtps/feedback_state__type_support.cpp.o[0m
[6.603s] [ 33%] [32mBuilding CXX object CMakeFiles/tm_msgs__rosidl_typesupport_c.dir/rosidl_typesupport_c/tm_msgs/msg/sta_response__type_support.cpp.o[0m
[6.647s] [ 34%] [32mBuilding CXX object CMakeFiles/tm_msgs__rosidl_typesupport_c.dir/rosidl_typesupport_c/tm_msgs/srv/connect_tm__type_support.cpp.o[0m
[6.693s] [ 35%] [32mBuilding CXX object CMakeFiles/tm_msgs__rosidl_typesupport_c.dir/rosidl_typesupport_c/tm_msgs/srv/write_item__type_support.cpp.o[0m
[6.720s] [ 36%] [32mBuilding CXX object CMakeFiles/tm_msgs__rosidl_typesupport_fastrtps_cpp.dir/rosidl_typesupport_fastrtps_cpp/tm_msgs/msg/detail/dds_fastrtps/svr_response__type_support.cpp.o[0m
[6.741s] [ 37%] [32mBuilding CXX object CMakeFiles/tm_msgs__rosidl_typesupport_c.dir/rosidl_typesupport_c/tm_msgs/srv/ask_item__type_support.cpp.o[0m
[6.789s] [ 37%] [32mBuilding CXX object CMakeFiles/tm_msgs__rosidl_typesupport_c.dir/rosidl_typesupport_c/tm_msgs/srv/send_script__type_support.cpp.o[0m
[6.821s] [ 37%] [32mBuilding CXX object CMakeFiles/tm_msgs__rosidl_typesupport_cpp.dir/rosidl_typesupport_cpp/tm_msgs/srv/set_positions__type_support.cpp.o[0m
[6.831s] [ 38%] [32mBuilding CXX object CMakeFiles/tm_msgs__rosidl_typesupport_introspection_cpp.dir/rosidl_typesupport_introspection_cpp/tm_msgs/srv/detail/connect_tm__type_support.cpp.o[0m
[6.836s] [ 39%] [32mBuilding CXX object CMakeFiles/tm_msgs__rosidl_typesupport_c.dir/rosidl_typesupport_c/tm_msgs/srv/set_event__type_support.cpp.o[0m
[6.884s] [ 40%] [32mBuilding CXX object CMakeFiles/tm_msgs__rosidl_typesupport_c.dir/rosidl_typesupport_c/tm_msgs/srv/set_io__type_support.cpp.o[0m
[6.924s] [ 41%] [32mBuilding C object CMakeFiles/tm_msgs__rosidl_typesupport_introspection_c.dir/rosidl_typesupport_introspection_c/tm_msgs/msg/detail/feedback_state__type_support.c.o[0m
[6.932s] [ 42%] [32mBuilding CXX object CMakeFiles/tm_msgs__rosidl_typesupport_c.dir/rosidl_typesupport_c/tm_msgs/srv/set_positions__type_support.cpp.o[0m
[6.980s] [ 43%] [32mBuilding CXX object CMakeFiles/tm_msgs__rosidl_typesupport_c.dir/rosidl_typesupport_c/tm_msgs/srv/ask_sta__type_support.cpp.o[0m
[7.030s] [ 44%] [32m[1mLinking CXX shared library libtm_msgs__rosidl_typesupport_c.so[0m
[7.056s] [ 45%] [32mBuilding C object CMakeFiles/tm_msgs__rosidl_typesupport_introspection_c.dir/rosidl_typesupport_introspection_c/tm_msgs/msg/detail/svr_response__type_support.c.o[0m
[7.105s] [ 46%] [32mBuilding CXX object CMakeFiles/tm_msgs__rosidl_typesupport_fastrtps_c.dir/rosidl_typesupport_fastrtps_c/tm_msgs/msg/detail/feedback_state__type_support_c.cpp.o[0m
[7.107s] [ 47%] [32mBuilding C object CMakeFiles/tm_msgs__rosidl_typesupport_introspection_c.dir/rosidl_typesupport_introspection_c/tm_msgs/msg/detail/sct_response__type_support.c.o[0m
[7.107s] [ 47%] Built target tm_msgs__rosidl_typesupport_c
[7.120s] [ 48%] [32mBuilding CXX object CMakeFiles/tm_msgs__rosidl_typesupport_introspection_cpp.dir/rosidl_typesupport_introspection_cpp/tm_msgs/srv/detail/write_item__type_support.cpp.o[0m
[7.151s] [ 49%] [32mBuilding CXX object CMakeFiles/tm_msgs__rosidl_typesupport_fastrtps_c.dir/rosidl_typesupport_fastrtps_c/tm_msgs/msg/detail/svr_response__type_support_c.cpp.o[0m
[7.169s] [ 49%] [32mBuilding C object CMakeFiles/tm_msgs__rosidl_typesupport_introspection_c.dir/rosidl_typesupport_introspection_c/tm_msgs/msg/detail/sta_response__type_support.c.o[0m
[7.222s] [ 50%] [32mBuilding C object CMakeFiles/tm_msgs__rosidl_typesupport_introspection_c.dir/rosidl_typesupport_introspection_c/tm_msgs/srv/detail/connect_tm__type_support.c.o[0m
[7.253s] [ 51%] [32mBuilding CXX object CMakeFiles/tm_msgs__rosidl_typesupport_cpp.dir/rosidl_typesupport_cpp/tm_msgs/srv/ask_sta__type_support.cpp.o[0m
[7.280s] [ 52%] [32mBuilding C object CMakeFiles/tm_msgs__rosidl_typesupport_introspection_c.dir/rosidl_typesupport_introspection_c/tm_msgs/srv/detail/write_item__type_support.c.o[0m
[7.337s] [ 53%] [32mBuilding C object CMakeFiles/tm_msgs__rosidl_typesupport_introspection_c.dir/rosidl_typesupport_introspection_c/tm_msgs/srv/detail/ask_item__type_support.c.o[0m
[7.373s] [ 54%] [32mBuilding CXX object CMakeFiles/tm_msgs__rosidl_typesupport_fastrtps_cpp.dir/rosidl_typesupport_fastrtps_cpp/tm_msgs/msg/detail/dds_fastrtps/sct_response__type_support.cpp.o[0m
[7.394s] [ 55%] [32mBuilding C object CMakeFiles/tm_msgs__rosidl_typesupport_introspection_c.dir/rosidl_typesupport_introspection_c/tm_msgs/srv/detail/send_script__type_support.c.o[0m
[7.459s] [ 56%] [32mBuilding C object CMakeFiles/tm_msgs__rosidl_typesupport_introspection_c.dir/rosidl_typesupport_introspection_c/tm_msgs/srv/detail/set_event__type_support.c.o[0m
[7.472s] [ 56%] [32mBuilding CXX object CMakeFiles/tm_msgs__rosidl_typesupport_introspection_cpp.dir/rosidl_typesupport_introspection_cpp/tm_msgs/srv/detail/ask_item__type_support.cpp.o[0m
[7.485s] [ 57%] [32mBuilding CXX object CMakeFiles/tm_msgs__rosidl_typesupport_fastrtps_cpp.dir/rosidl_typesupport_fastrtps_cpp/tm_msgs/msg/detail/dds_fastrtps/sta_response__type_support.cpp.o[0m
[7.515s] [ 58%] [32mBuilding C object CMakeFiles/tm_msgs__rosidl_typesupport_introspection_c.dir/rosidl_typesupport_introspection_c/tm_msgs/srv/detail/set_io__type_support.c.o[0m
[7.572s] [ 58%] [32mBuilding C object CMakeFiles/tm_msgs__rosidl_typesupport_introspection_c.dir/rosidl_typesupport_introspection_c/tm_msgs/srv/detail/set_positions__type_support.c.o[0m
[7.636s] [ 59%] [32mBuilding C object CMakeFiles/tm_msgs__rosidl_typesupport_introspection_c.dir/rosidl_typesupport_introspection_c/tm_msgs/srv/detail/ask_sta__type_support.c.o[0m
[7.696s] [ 60%] [32m[1mLinking C shared library libtm_msgs__rosidl_typesupport_introspection_c.so[0m
[7.701s] [ 61%] [32m[1mLinking CXX shared library libtm_msgs__rosidl_typesupport_cpp.so[0m
[7.750s] [ 62%] [32mBuilding CXX object CMakeFiles/tm_msgs__rosidl_typesupport_introspection_cpp.dir/rosidl_typesupport_introspection_cpp/tm_msgs/srv/detail/send_script__type_support.cpp.o[0m
[7.752s] [ 62%] Built target tm_msgs__rosidl_typesupport_introspection_c
[7.765s] [ 63%] [32mBuilding CXX object CMakeFiles/tm_msgs__rosidl_typesupport_introspection_cpp.dir/rosidl_typesupport_introspection_cpp/tm_msgs/srv/detail/set_event__type_support.cpp.o[0m
[7.774s] [ 63%] Built target tm_msgs__rosidl_typesupport_cpp
[7.788s] [ 63%] [32mBuilding CXX object CMakeFiles/tm_msgs__rosidl_typesupport_fastrtps_c.dir/rosidl_typesupport_fastrtps_c/tm_msgs/msg/detail/sct_response__type_support_c.cpp.o[0m
[7.788s] [ 64%] [32mBuilding CXX object CMakeFiles/tm_msgs__rosidl_typesupport_introspection_cpp.dir/rosidl_typesupport_introspection_cpp/tm_msgs/srv/detail/set_io__type_support.cpp.o[0m
[7.791s] [ 65%] [32mBuilding CXX object CMakeFiles/tm_msgs__rosidl_typesupport_fastrtps_c.dir/rosidl_typesupport_fastrtps_c/tm_msgs/msg/detail/sta_response__type_support_c.cpp.o[0m
[8.021s] [ 66%] [32mBuilding CXX object CMakeFiles/tm_msgs__rosidl_typesupport_fastrtps_cpp.dir/rosidl_typesupport_fastrtps_cpp/tm_msgs/srv/detail/dds_fastrtps/connect_tm__type_support.cpp.o[0m
[8.143s] [ 67%] [32mBuilding CXX object CMakeFiles/tm_msgs__rosidl_typesupport_introspection_cpp.dir/rosidl_typesupport_introspection_cpp/tm_msgs/srv/detail/set_positions__type_support.cpp.o[0m
[8.171s] [ 67%] [32mBuilding CXX object CMakeFiles/tm_msgs__rosidl_typesupport_fastrtps_cpp.dir/rosidl_typesupport_fastrtps_cpp/tm_msgs/srv/detail/dds_fastrtps/write_item__type_support.cpp.o[0m
[8.368s] [ 68%] [32mBuilding CXX object CMakeFiles/tm_msgs__rosidl_typesupport_fastrtps_cpp.dir/rosidl_typesupport_fastrtps_cpp/tm_msgs/srv/detail/dds_fastrtps/ask_item__type_support.cpp.o[0m
[8.369s] [ 69%] [32mBuilding CXX object CMakeFiles/tm_msgs__rosidl_typesupport_fastrtps_cpp.dir/rosidl_typesupport_fastrtps_cpp/tm_msgs/srv/detail/dds_fastrtps/send_script__type_support.cpp.o[0m
[8.384s] [ 70%] [32mBuilding CXX object CMakeFiles/tm_msgs__rosidl_typesupport_introspection_cpp.dir/rosidl_typesupport_introspection_cpp/tm_msgs/srv/detail/ask_sta__type_support.cpp.o[0m
[8.392s] [ 71%] [32mBuilding CXX object CMakeFiles/tm_msgs__rosidl_typesupport_fastrtps_c.dir/rosidl_typesupport_fastrtps_c/tm_msgs/srv/detail/connect_tm__type_support_c.cpp.o[0m
[8.439s] [ 72%] [32mBuilding CXX object CMakeFiles/tm_msgs__rosidl_typesupport_fastrtps_c.dir/rosidl_typesupport_fastrtps_c/tm_msgs/srv/detail/write_item__type_support_c.cpp.o[0m
[8.679s] [ 73%] [32mBuilding CXX object CMakeFiles/tm_msgs__rosidl_typesupport_fastrtps_cpp.dir/rosidl_typesupport_fastrtps_cpp/tm_msgs/srv/detail/dds_fastrtps/set_event__type_support.cpp.o[0m
[8.834s] [ 74%] [32mBuilding CXX object CMakeFiles/tm_msgs__rosidl_typesupport_fastrtps_cpp.dir/rosidl_typesupport_fastrtps_cpp/tm_msgs/srv/detail/dds_fastrtps/set_io__type_support.cpp.o[0m
[8.875s] [ 75%] [32mBuilding CXX object CMakeFiles/tm_msgs__rosidl_typesupport_fastrtps_cpp.dir/rosidl_typesupport_fastrtps_cpp/tm_msgs/srv/detail/dds_fastrtps/set_positions__type_support.cpp.o[0m
[8.990s] [ 76%] [32mBuilding CXX object CMakeFiles/tm_msgs__rosidl_typesupport_fastrtps_c.dir/rosidl_typesupport_fastrtps_c/tm_msgs/srv/detail/ask_item__type_support_c.cpp.o[0m
[9.007s] [ 77%] [32m[1mLinking CXX shared library libtm_msgs__rosidl_typesupport_introspection_cpp.so[0m
[9.060s] [ 77%] [32mBuilding CXX object CMakeFiles/tm_msgs__rosidl_typesupport_fastrtps_cpp.dir/rosidl_typesupport_fastrtps_cpp/tm_msgs/srv/detail/dds_fastrtps/ask_sta__type_support.cpp.o[0m
[9.064s] [ 78%] [32mBuilding CXX object CMakeFiles/tm_msgs__rosidl_typesupport_fastrtps_c.dir/rosidl_typesupport_fastrtps_c/tm_msgs/srv/detail/send_script__type_support_c.cpp.o[0m
[9.081s] [ 78%] [32mBuilding CXX object CMakeFiles/tm_msgs__rosidl_typesupport_fastrtps_c.dir/rosidl_typesupport_fastrtps_c/tm_msgs/srv/detail/set_event__type_support_c.cpp.o[0m
[9.165s] [ 78%] Built target tm_msgs__rosidl_typesupport_introspection_cpp
[9.178s] [ 79%] [32mBuilding CXX object CMakeFiles/tm_msgs__rosidl_typesupport_fastrtps_c.dir/rosidl_typesupport_fastrtps_c/tm_msgs/srv/detail/set_io__type_support_c.cpp.o[0m
[9.338s] [ 80%] [32mBuilding CXX object CMakeFiles/tm_msgs__rosidl_typesupport_fastrtps_c.dir/rosidl_typesupport_fastrtps_c/tm_msgs/srv/detail/set_positions__type_support_c.cpp.o[0m
[9.505s] [ 81%] [32mBuilding CXX object CMakeFiles/tm_msgs__rosidl_typesupport_fastrtps_c.dir/rosidl_typesupport_fastrtps_c/tm_msgs/srv/detail/ask_sta__type_support_c.cpp.o[0m
[9.738s] [ 82%] [32m[1mLinking CXX shared library libtm_msgs__rosidl_typesupport_fastrtps_cpp.so[0m
[9.822s] [ 82%] Built target tm_msgs__rosidl_typesupport_fastrtps_cpp
[9.899s] [ 83%] [32m[1mLinking CXX shared library libtm_msgs__rosidl_typesupport_fastrtps_c.so[0m
[9.979s] [ 83%] Built target tm_msgs__rosidl_typesupport_fastrtps_c
[10.002s] [ 83%] Built target tm_msgs
[10.022s] [ 84%] [34m[1mGenerating Python code for ROS interfaces[0m
[13.051s] [ 84%] Built target tm_msgs__py
[13.076s] [ 85%] [32mBuilding C object CMakeFiles/tm_msgs__rosidl_generator_py.dir/rosidl_generator_py/tm_msgs/msg/_sct_response_s.c.o[0m
[13.076s] [ 85%] [32mBuilding C object CMakeFiles/tm_msgs__rosidl_generator_py.dir/rosidl_generator_py/tm_msgs/msg/_feedback_state_s.c.o[0m
[13.076s] [ 86%] [32mBuilding C object CMakeFiles/tm_msgs__rosidl_generator_py.dir/rosidl_generator_py/tm_msgs/msg/_sta_response_s.c.o[0m
[13.077s] [ 88%] [32mBuilding C object CMakeFiles/tm_msgs__rosidl_generator_py.dir/rosidl_generator_py/tm_msgs/srv/_connect_tm_s.c.o[0m
[13.077s] [ 88%] [32mBuilding C object CMakeFiles/tm_msgs__rosidl_generator_py.dir/rosidl_generator_py/tm_msgs/srv/_write_item_s.c.o[0m
[13.079s] [ 89%] [32mBuilding C object CMakeFiles/tm_msgs__rosidl_generator_py.dir/rosidl_generator_py/tm_msgs/srv/_send_script_s.c.o[0m
[13.079s] [ 90%] [32mBuilding C object CMakeFiles/tm_msgs__rosidl_generator_py.dir/rosidl_generator_py/tm_msgs/srv/_ask_item_s.c.o[0m
[13.081s] [ 91%] [32mBuilding C object CMakeFiles/tm_msgs__rosidl_generator_py.dir/rosidl_generator_py/tm_msgs/msg/_svr_response_s.c.o[0m
[13.262s] [ 93%] [32mBuilding C object CMakeFiles/tm_msgs__rosidl_generator_py.dir/rosidl_generator_py/tm_msgs/srv/_set_io_s.c.o[0m
[13.262s] [ 93%] [32mBuilding C object CMakeFiles/tm_msgs__rosidl_generator_py.dir/rosidl_generator_py/tm_msgs/srv/_set_event_s.c.o[0m
[13.262s] [ 93%] [32mBuilding C object CMakeFiles/tm_msgs__rosidl_generator_py.dir/rosidl_generator_py/tm_msgs/srv/_set_positions_s.c.o[0m
[13.267s] [ 94%] [32mBuilding C object CMakeFiles/tm_msgs__rosidl_generator_py.dir/rosidl_generator_py/tm_msgs/srv/_ask_sta_s.c.o[0m
[13.431s] [ 95%] [32m[1mLinking C shared library rosidl_generator_py/tm_msgs/libtm_msgs__rosidl_generator_py.so[0m
[13.480s] [ 95%] Built target tm_msgs__rosidl_generator_py
[13.499s] [ 97%] [32mBuilding C object CMakeFiles/tm_msgs__rosidl_typesupport_c__pyext.dir/rosidl_generator_py/tm_msgs/_tm_msgs_s.ep.rosidl_typesupport_c.c.o[0m
[13.499s] [ 97%] [32mBuilding C object CMakeFiles/tm_msgs__rosidl_typesupport_introspection_c__pyext.dir/rosidl_generator_py/tm_msgs/_tm_msgs_s.ep.rosidl_typesupport_introspection_c.c.o[0m
[13.499s] [ 97%] [32mBuilding C object CMakeFiles/tm_msgs__rosidl_typesupport_fastrtps_c__pyext.dir/rosidl_generator_py/tm_msgs/_tm_msgs_s.ep.rosidl_typesupport_fastrtps_c.c.o[0m
[13.657s] [ 99%] [32m[1mLinking C shared library rosidl_generator_py/tm_msgs/tm_msgs_s__rosidl_typesupport_fastrtps_c.cpython-310-x86_64-linux-gnu.so[0m
[13.657s] [ 99%] [32m[1mLinking C shared library rosidl_generator_py/tm_msgs/tm_msgs_s__rosidl_typesupport_introspection_c.cpython-310-x86_64-linux-gnu.so[0m
[13.658s] [100%] [32m[1mLinking C shared library rosidl_generator_py/tm_msgs/tm_msgs_s__rosidl_typesupport_c.cpython-310-x86_64-linux-gnu.so[0m
[13.696s] [100%] Built target tm_msgs__rosidl_typesupport_c__pyext
[13.696s] [100%] Built target tm_msgs__rosidl_typesupport_introspection_c__pyext
[13.697s] [100%] Built target tm_msgs__rosidl_typesupport_fastrtps_c__pyext
[13.708s] Invoked command in '/home/rslomron/tm_custom/build/tm_msgs' returned '0': CMAKE_PREFIX_PATH=${CMAKE_PREFIX_PATH}:/home/rslomron/tm_custom/install/tm_mod_urdf:/home/rslomron/tm_custom/install/tm_get_status:/opt/ros/humble /usr/bin/cmake --build /home/rslomron/tm_custom/build/tm_msgs -- -j8 -l8
[13.955s] Invoking command in '/home/rslomron/tm_custom/build/tm_msgs': CMAKE_PREFIX_PATH=${CMAKE_PREFIX_PATH}:/home/rslomron/tm_custom/install/tm_mod_urdf:/home/rslomron/tm_custom/install/tm_get_status:/opt/ros/humble /usr/bin/cmake --install /home/rslomron/tm_custom/build/tm_msgs
[13.962s] -- Install configuration: ""
[13.963s] -- Installing: /home/rslomron/tm_custom/install/tm_msgs/share/ament_index/resource_index/rosidl_interfaces/tm_msgs
[13.963s] -- Installing: /home/rslomron/tm_custom/install/tm_msgs/include/tm_msgs/tm_msgs
[13.963s] -- Installing: /home/rslomron/tm_custom/install/tm_msgs/include/tm_msgs/tm_msgs/msg
[13.963s] -- Installing: /home/rslomron/tm_custom/install/tm_msgs/include/tm_msgs/tm_msgs/msg/detail
[13.963s] -- Installing: /home/rslomron/tm_custom/install/tm_msgs/include/tm_msgs/tm_msgs/msg/detail/sct_response__functions.c
[13.964s] -- Installing: /home/rslomron/tm_custom/install/tm_msgs/include/tm_msgs/tm_msgs/msg/detail/feedback_state__type_support.h
[13.964s] -- Installing: /home/rslomron/tm_custom/install/tm_msgs/include/tm_msgs/tm_msgs/msg/detail/svr_response__functions.c
[13.964s] -- Installing: /home/rslomron/tm_custom/install/tm_msgs/include/tm_msgs/tm_msgs/msg/detail/sct_response__functions.h
[13.964s] -- Installing: /home/rslomron/tm_custom/install/tm_msgs/include/tm_msgs/tm_msgs/msg/detail/feedback_state__functions.c
[13.964s] -- Installing: /home/rslomron/tm_custom/install/tm_msgs/include/tm_msgs/tm_msgs/msg/detail/svr_response__functions.h
[13.964s] -- Installing: /home/rslomron/tm_custom/install/tm_msgs/include/tm_msgs/tm_msgs/msg/detail/sta_response__functions.h
[13.964s] -- Installing: /home/rslomron/tm_custom/install/tm_msgs/include/tm_msgs/tm_msgs/msg/detail/sct_response__struct.h
[13.965s] -- Installing: /home/rslomron/tm_custom/install/tm_msgs/include/tm_msgs/tm_msgs/msg/detail/sta_response__type_support.h
[13.965s] -- Installing: /home/rslomron/tm_custom/install/tm_msgs/include/tm_msgs/tm_msgs/msg/detail/sct_response__type_support.h
[13.965s] -- Installing: /home/rslomron/tm_custom/install/tm_msgs/include/tm_msgs/tm_msgs/msg/detail/svr_response__type_support.h
[13.965s] -- Installing: /home/rslomron/tm_custom/install/tm_msgs/include/tm_msgs/tm_msgs/msg/detail/svr_response__struct.h
[13.965s] -- Installing: /home/rslomron/tm_custom/install/tm_msgs/include/tm_msgs/tm_msgs/msg/detail/sta_response__functions.c
[13.965s] -- Installing: /home/rslomron/tm_custom/install/tm_msgs/include/tm_msgs/tm_msgs/msg/detail/feedback_state__functions.h
[13.966s] -- Installing: /home/rslomron/tm_custom/install/tm_msgs/include/tm_msgs/tm_msgs/msg/detail/sta_response__struct.h
[13.966s] -- Installing: /home/rslomron/tm_custom/install/tm_msgs/include/tm_msgs/tm_msgs/msg/detail/feedback_state__struct.h
[13.966s] -- Installing: /home/rslomron/tm_custom/install/tm_msgs/include/tm_msgs/tm_msgs/msg/sta_response.h
[13.966s] -- Installing: /home/rslomron/tm_custom/install/tm_msgs/include/tm_msgs/tm_msgs/msg/svr_response.h
[13.966s] -- Installing: /home/rslomron/tm_custom/install/tm_msgs/include/tm_msgs/tm_msgs/msg/rosidl_generator_c__visibility_control.h
[13.966s] -- Installing: /home/rslomron/tm_custom/install/tm_msgs/include/tm_msgs/tm_msgs/msg/sct_response.h
[13.966s] -- Installing: /home/rslomron/tm_custom/install/tm_msgs/include/tm_msgs/tm_msgs/msg/feedback_state.h
[13.967s] -- Installing: /home/rslomron/tm_custom/install/tm_msgs/include/tm_msgs/tm_msgs/srv
[13.967s] -- Installing: /home/rslomron/tm_custom/install/tm_msgs/include/tm_msgs/tm_msgs/srv/detail
[13.967s] -- Installing: /home/rslomron/tm_custom/install/tm_msgs/include/tm_msgs/tm_msgs/srv/detail/send_script__functions.h
[13.967s] -- Installing: /home/rslomron/tm_custom/install/tm_msgs/include/tm_msgs/tm_msgs/srv/detail/send_script__functions.c
[13.967s] -- Installing: /home/rslomron/tm_custom/install/tm_msgs/include/tm_msgs/tm_msgs/srv/detail/ask_item__type_support.h
[13.967s] -- Installing: /home/rslomron/tm_custom/install/tm_msgs/include/tm_msgs/tm_msgs/srv/detail/ask_sta__type_support.h
[13.967s] -- Installing: /home/rslomron/tm_custom/install/tm_msgs/include/tm_msgs/tm_msgs/srv/detail/write_item__struct.h
[13.967s] -- Installing: /home/rslomron/tm_custom/install/tm_msgs/include/tm_msgs/tm_msgs/srv/detail/ask_sta__functions.h
[13.967s] -- Installing: /home/rslomron/tm_custom/install/tm_msgs/include/tm_msgs/tm_msgs/srv/detail/write_item__functions.c
[13.967s] -- Installing: /home/rslomron/tm_custom/install/tm_msgs/include/tm_msgs/tm_msgs/srv/detail/set_io__type_support.h
[13.967s] -- Installing: /home/rslomron/tm_custom/install/tm_msgs/include/tm_msgs/tm_msgs/srv/detail/ask_item__struct.h
[13.968s] -- Installing: /home/rslomron/tm_custom/install/tm_msgs/include/tm_msgs/tm_msgs/srv/detail/set_event__functions.h
[13.968s] -- Installing: /home/rslomron/tm_custom/install/tm_msgs/include/tm_msgs/tm_msgs/srv/detail/set_positions__struct.h
[13.968s] -- Installing: /home/rslomron/tm_custom/install/tm_msgs/include/tm_msgs/tm_msgs/srv/detail/set_io__functions.c
[13.968s] -- Installing: /home/rslomron/tm_custom/install/tm_msgs/include/tm_msgs/tm_msgs/srv/detail/connect_tm__struct.h
[13.968s] -- Installing: /home/rslomron/tm_custom/install/tm_msgs/include/tm_msgs/tm_msgs/srv/detail/set_positions__functions.c
[13.968s] -- Installing: /home/rslomron/tm_custom/install/tm_msgs/include/tm_msgs/tm_msgs/srv/detail/set_positions__functions.h
[13.968s] -- Installing: /home/rslomron/tm_custom/install/tm_msgs/include/tm_msgs/tm_msgs/srv/detail/ask_item__functions.c
[13.968s] -- Installing: /home/rslomron/tm_custom/install/tm_msgs/include/tm_msgs/tm_msgs/srv/detail/ask_item__functions.h
[13.968s] -- Installing: /home/rslomron/tm_custom/install/tm_msgs/include/tm_msgs/tm_msgs/srv/detail/set_event__functions.c
[13.968s] -- Installing: /home/rslomron/tm_custom/install/tm_msgs/include/tm_msgs/tm_msgs/srv/detail/connect_tm__functions.h
[13.969s] -- Installing: /home/rslomron/tm_custom/install/tm_msgs/include/tm_msgs/tm_msgs/srv/detail/send_script__type_support.h
[13.969s] -- Installing: /home/rslomron/tm_custom/install/tm_msgs/include/tm_msgs/tm_msgs/srv/detail/set_event__struct.h
[13.969s] -- Installing: /home/rslomron/tm_custom/install/tm_msgs/include/tm_msgs/tm_msgs/srv/detail/write_item__type_support.h
[13.969s] -- Installing: /home/rslomron/tm_custom/install/tm_msgs/include/tm_msgs/tm_msgs/srv/detail/send_script__struct.h
[13.969s] -- Installing: /home/rslomron/tm_custom/install/tm_msgs/include/tm_msgs/tm_msgs/srv/detail/connect_tm__functions.c
[13.969s] -- Installing: /home/rslomron/tm_custom/install/tm_msgs/include/tm_msgs/tm_msgs/srv/detail/set_positions__type_support.h
[13.969s] -- Installing: /home/rslomron/tm_custom/install/tm_msgs/include/tm_msgs/tm_msgs/srv/detail/set_event__type_support.h
[13.969s] -- Installing: /home/rslomron/tm_custom/install/tm_msgs/include/tm_msgs/tm_msgs/srv/detail/connect_tm__type_support.h
[13.969s] -- Installing: /home/rslomron/tm_custom/install/tm_msgs/include/tm_msgs/tm_msgs/srv/detail/set_io__functions.h
[13.969s] -- Installing: /home/rslomron/tm_custom/install/tm_msgs/include/tm_msgs/tm_msgs/srv/detail/ask_sta__functions.c
[13.969s] -- Installing: /home/rslomron/tm_custom/install/tm_msgs/include/tm_msgs/tm_msgs/srv/detail/ask_sta__struct.h
[13.969s] -- Installing: /home/rslomron/tm_custom/install/tm_msgs/include/tm_msgs/tm_msgs/srv/detail/set_io__struct.h
[13.969s] -- Installing: /home/rslomron/tm_custom/install/tm_msgs/include/tm_msgs/tm_msgs/srv/detail/write_item__functions.h
[13.970s] -- Installing: /home/rslomron/tm_custom/install/tm_msgs/include/tm_msgs/tm_msgs/srv/connect_tm.h
[13.970s] -- Installing: /home/rslomron/tm_custom/install/tm_msgs/include/tm_msgs/tm_msgs/srv/ask_item.h
[13.970s] -- Installing: /home/rslomron/tm_custom/install/tm_msgs/include/tm_msgs/tm_msgs/srv/ask_sta.h
[13.970s] -- Installing: /home/rslomron/tm_custom/install/tm_msgs/include/tm_msgs/tm_msgs/srv/write_item.h
[13.970s] -- Installing: /home/rslomron/tm_custom/install/tm_msgs/include/tm_msgs/tm_msgs/srv/set_io.h
[13.970s] -- Installing: /home/rslomron/tm_custom/install/tm_msgs/include/tm_msgs/tm_msgs/srv/set_event.h
[13.970s] -- Installing: /home/rslomron/tm_custom/install/tm_msgs/include/tm_msgs/tm_msgs/srv/set_positions.h
[13.970s] -- Installing: /home/rslomron/tm_custom/install/tm_msgs/include/tm_msgs/tm_msgs/srv/send_script.h
[13.970s] -- Installing: /home/rslomron/tm_custom/install/tm_msgs/share/tm_msgs/environment/library_path.sh
[13.970s] -- Installing: /home/rslomron/tm_custom/install/tm_msgs/share/tm_msgs/environment/library_path.dsv
[13.970s] -- Installing: /home/rslomron/tm_custom/install/tm_msgs/lib/libtm_msgs__rosidl_generator_c.so
[13.970s] -- Set runtime path of "/home/rslomron/tm_custom/install/tm_msgs/lib/libtm_msgs__rosidl_generator_c.so" to ""
[13.971s] -- Up-to-date: /home/rslomron/tm_custom/install/tm_msgs/include/tm_msgs/tm_msgs
[13.971s] -- Up-to-date: /home/rslomron/tm_custom/install/tm_msgs/include/tm_msgs/tm_msgs/msg
[13.971s] -- Up-to-date: /home/rslomron/tm_custom/install/tm_msgs/include/tm_msgs/tm_msgs/msg/detail
[13.971s] -- Installing: /home/rslomron/tm_custom/install/tm_msgs/include/tm_msgs/tm_msgs/msg/detail/feedback_state__rosidl_typesupport_fastrtps_c.h
[13.971s] -- Installing: /home/rslomron/tm_custom/install/tm_msgs/include/tm_msgs/tm_msgs/msg/detail/sta_response__rosidl_typesupport_fastrtps_c.h
[13.971s] -- Installing: /home/rslomron/tm_custom/install/tm_msgs/include/tm_msgs/tm_msgs/msg/detail/svr_response__rosidl_typesupport_fastrtps_c.h
[13.971s] -- Installing: /home/rslomron/tm_custom/install/tm_msgs/include/tm_msgs/tm_msgs/msg/detail/sct_response__rosidl_typesupport_fastrtps_c.h
[13.971s] -- Installing: /home/rslomron/tm_custom/install/tm_msgs/include/tm_msgs/tm_msgs/msg/rosidl_typesupport_fastrtps_c__visibility_control.h
[13.971s] -- Up-to-date: /home/rslomron/tm_custom/install/tm_msgs/include/tm_msgs/tm_msgs/srv
[13.971s] -- Up-to-date: /home/rslomron/tm_custom/install/tm_msgs/include/tm_msgs/tm_msgs/srv/detail
[13.971s] -- Installing: /home/rslomron/tm_custom/install/tm_msgs/include/tm_msgs/tm_msgs/srv/detail/set_event__rosidl_typesupport_fastrtps_c.h
[13.971s] -- Installing: /home/rslomron/tm_custom/install/tm_msgs/include/tm_msgs/tm_msgs/srv/detail/ask_item__rosidl_typesupport_fastrtps_c.h
[13.971s] -- Installing: /home/rslomron/tm_custom/install/tm_msgs/include/tm_msgs/tm_msgs/srv/detail/connect_tm__rosidl_typesupport_fastrtps_c.h
[13.971s] -- Installing: /home/rslomron/tm_custom/install/tm_msgs/include/tm_msgs/tm_msgs/srv/detail/write_item__rosidl_typesupport_fastrtps_c.h
[13.972s] -- Installing: /home/rslomron/tm_custom/install/tm_msgs/include/tm_msgs/tm_msgs/srv/detail/set_positions__rosidl_typesupport_fastrtps_c.h
[13.972s] -- Installing: /home/rslomron/tm_custom/install/tm_msgs/include/tm_msgs/tm_msgs/srv/detail/send_script__rosidl_typesupport_fastrtps_c.h
[13.972s] -- Installing: /home/rslomron/tm_custom/install/tm_msgs/include/tm_msgs/tm_msgs/srv/detail/set_io__rosidl_typesupport_fastrtps_c.h
[13.972s] -- Installing: /home/rslomron/tm_custom/install/tm_msgs/include/tm_msgs/tm_msgs/srv/detail/ask_sta__rosidl_typesupport_fastrtps_c.h
[13.972s] -- Installing: /home/rslomron/tm_custom/install/tm_msgs/lib/libtm_msgs__rosidl_typesupport_fastrtps_c.so
[13.972s] -- Set runtime path of "/home/rslomron/tm_custom/install/tm_msgs/lib/libtm_msgs__rosidl_typesupport_fastrtps_c.so" to ""
[13.972s] -- Up-to-date: /home/rslomron/tm_custom/install/tm_msgs/include/tm_msgs/tm_msgs
[13.972s] -- Up-to-date: /home/rslomron/tm_custom/install/tm_msgs/include/tm_msgs/tm_msgs/msg
[13.972s] -- Up-to-date: /home/rslomron/tm_custom/install/tm_msgs/include/tm_msgs/tm_msgs/msg/detail
[13.972s] -- Installing: /home/rslomron/tm_custom/install/tm_msgs/include/tm_msgs/tm_msgs/msg/detail/svr_response__struct.hpp
[13.972s] -- Installing: /home/rslomron/tm_custom/install/tm_msgs/include/tm_msgs/tm_msgs/msg/detail/sta_response__builder.hpp
[13.972s] -- Installing: /home/rslomron/tm_custom/install/tm_msgs/include/tm_msgs/tm_msgs/msg/detail/sct_response__builder.hpp
[13.973s] -- Installing: /home/rslomron/tm_custom/install/tm_msgs/include/tm_msgs/tm_msgs/msg/detail/feedback_state__struct.hpp
[13.973s] -- Installing: /home/rslomron/tm_custom/install/tm_msgs/include/tm_msgs/tm_msgs/msg/detail/sct_response__traits.hpp
[13.973s] -- Installing: /home/rslomron/tm_custom/install/tm_msgs/include/tm_msgs/tm_msgs/msg/detail/svr_response__traits.hpp
[13.973s] -- Installing: /home/rslomron/tm_custom/install/tm_msgs/include/tm_msgs/tm_msgs/msg/detail/svr_response__builder.hpp
[13.973s] -- Installing: /home/rslomron/tm_custom/install/tm_msgs/include/tm_msgs/tm_msgs/msg/detail/sct_response__struct.hpp
[13.973s] -- Installing: /home/rslomron/tm_custom/install/tm_msgs/include/tm_msgs/tm_msgs/msg/detail/feedback_state__builder.hpp
[13.973s] -- Installing: /home/rslomron/tm_custom/install/tm_msgs/include/tm_msgs/tm_msgs/msg/detail/feedback_state__traits.hpp
[13.973s] -- Installing: /home/rslomron/tm_custom/install/tm_msgs/include/tm_msgs/tm_msgs/msg/detail/sta_response__struct.hpp
[13.973s] -- Installing: /home/rslomron/tm_custom/install/tm_msgs/include/tm_msgs/tm_msgs/msg/detail/sta_response__traits.hpp
[13.973s] -- Installing: /home/rslomron/tm_custom/install/tm_msgs/include/tm_msgs/tm_msgs/msg/sta_response.hpp
[13.973s] -- Installing: /home/rslomron/tm_custom/install/tm_msgs/include/tm_msgs/tm_msgs/msg/sct_response.hpp
[13.973s] -- Installing: /home/rslomron/tm_custom/install/tm_msgs/include/tm_msgs/tm_msgs/msg/svr_response.hpp
[13.974s] -- Installing: /home/rslomron/tm_custom/install/tm_msgs/include/tm_msgs/tm_msgs/msg/feedback_state.hpp
[13.974s] -- Up-to-date: /home/rslomron/tm_custom/install/tm_msgs/include/tm_msgs/tm_msgs/srv
[13.974s] -- Up-to-date: /home/rslomron/tm_custom/install/tm_msgs/include/tm_msgs/tm_msgs/srv/detail
[13.974s] -- Installing: /home/rslomron/tm_custom/install/tm_msgs/include/tm_msgs/tm_msgs/srv/detail/ask_sta__builder.hpp
[13.974s] -- Installing: /home/rslomron/tm_custom/install/tm_msgs/include/tm_msgs/tm_msgs/srv/detail/send_script__struct.hpp
[13.974s] -- Installing: /home/rslomron/tm_custom/install/tm_msgs/include/tm_msgs/tm_msgs/srv/detail/ask_item__builder.hpp
[13.974s] -- Installing: /home/rslomron/tm_custom/install/tm_msgs/include/tm_msgs/tm_msgs/srv/detail/connect_tm__struct.hpp
[13.974s] -- Installing: /home/rslomron/tm_custom/install/tm_msgs/include/tm_msgs/tm_msgs/srv/detail/set_event__traits.hpp
[13.974s] -- Installing: /home/rslomron/tm_custom/install/tm_msgs/include/tm_msgs/tm_msgs/srv/detail/ask_sta__traits.hpp
[13.974s] -- Installing: /home/rslomron/tm_custom/install/tm_msgs/include/tm_msgs/tm_msgs/srv/detail/set_positions__traits.hpp
[13.974s] -- Installing: /home/rslomron/tm_custom/install/tm_msgs/include/tm_msgs/tm_msgs/srv/detail/set_io__builder.hpp
[13.975s] -- Installing: /home/rslomron/tm_custom/install/tm_msgs/include/tm_msgs/tm_msgs/srv/detail/write_item__builder.hpp
[13.975s] -- Installing: /home/rslomron/tm_custom/install/tm_msgs/include/tm_msgs/tm_msgs/srv/detail/set_io__struct.hpp
[13.975s] -- Installing: /home/rslomron/tm_custom/install/tm_msgs/include/tm_msgs/tm_msgs/srv/detail/set_io__traits.hpp
[13.975s] -- Installing: /home/rslomron/tm_custom/install/tm_msgs/include/tm_msgs/tm_msgs/srv/detail/ask_item__traits.hpp
[13.975s] -- Installing: /home/rslomron/tm_custom/install/tm_msgs/include/tm_msgs/tm_msgs/srv/detail/set_positions__struct.hpp
[13.975s] -- Installing: /home/rslomron/tm_custom/install/tm_msgs/include/tm_msgs/tm_msgs/srv/detail/ask_sta__struct.hpp
[13.975s] -- Installing: /home/rslomron/tm_custom/install/tm_msgs/include/tm_msgs/tm_msgs/srv/detail/connect_tm__builder.hpp
[13.975s] -- Installing: /home/rslomron/tm_custom/install/tm_msgs/include/tm_msgs/tm_msgs/srv/detail/write_item__traits.hpp
[13.975s] -- Installing: /home/rslomron/tm_custom/install/tm_msgs/include/tm_msgs/tm_msgs/srv/detail/ask_item__struct.hpp
[13.976s] -- Installing: /home/rslomron/tm_custom/install/tm_msgs/include/tm_msgs/tm_msgs/srv/detail/send_script__traits.hpp
[13.976s] -- Installing: /home/rslomron/tm_custom/install/tm_msgs/include/tm_msgs/tm_msgs/srv/detail/set_positions__builder.hpp
[13.976s] -- Installing: /home/rslomron/tm_custom/install/tm_msgs/include/tm_msgs/tm_msgs/srv/detail/send_script__builder.hpp
[13.976s] -- Installing: /home/rslomron/tm_custom/install/tm_msgs/include/tm_msgs/tm_msgs/srv/detail/connect_tm__traits.hpp
[13.976s] -- Installing: /home/rslomron/tm_custom/install/tm_msgs/include/tm_msgs/tm_msgs/srv/detail/set_event__struct.hpp
[13.976s] -- Installing: /home/rslomron/tm_custom/install/tm_msgs/include/tm_msgs/tm_msgs/srv/detail/write_item__struct.hpp
[13.976s] -- Installing: /home/rslomron/tm_custom/install/tm_msgs/include/tm_msgs/tm_msgs/srv/detail/set_event__builder.hpp
[13.976s] -- Installing: /home/rslomron/tm_custom/install/tm_msgs/include/tm_msgs/tm_msgs/srv/set_io.hpp
[13.976s] -- Installing: /home/rslomron/tm_custom/install/tm_msgs/include/tm_msgs/tm_msgs/srv/set_event.hpp
[13.976s] -- Installing: /home/rslomron/tm_custom/install/tm_msgs/include/tm_msgs/tm_msgs/srv/ask_item.hpp
[13.977s] -- Installing: /home/rslomron/tm_custom/install/tm_msgs/include/tm_msgs/tm_msgs/srv/send_script.hpp
[13.977s] -- Installing: /home/rslomron/tm_custom/install/tm_msgs/include/tm_msgs/tm_msgs/srv/set_positions.hpp
[13.977s] -- Installing: /home/rslomron/tm_custom/install/tm_msgs/include/tm_msgs/tm_msgs/srv/connect_tm.hpp
[13.977s] -- Installing: /home/rslomron/tm_custom/install/tm_msgs/include/tm_msgs/tm_msgs/srv/write_item.hpp
[13.977s] -- Installing: /home/rslomron/tm_custom/install/tm_msgs/include/tm_msgs/tm_msgs/srv/ask_sta.hpp
[13.977s] -- Up-to-date: /home/rslomron/tm_custom/install/tm_msgs/include/tm_msgs/tm_msgs
[13.977s] -- Up-to-date: /home/rslomron/tm_custom/install/tm_msgs/include/tm_msgs/tm_msgs/msg
[13.977s] -- Up-to-date: /home/rslomron/tm_custom/install/tm_msgs/include/tm_msgs/tm_msgs/msg/detail
[13.977s] -- Installing: /home/rslomron/tm_custom/install/tm_msgs/include/tm_msgs/tm_msgs/msg/detail/dds_fastrtps
[13.977s] -- Installing: /home/rslomron/tm_custom/install/tm_msgs/include/tm_msgs/tm_msgs/msg/detail/feedback_state__rosidl_typesupport_fastrtps_cpp.hpp
[13.978s] -- Installing: /home/rslomron/tm_custom/install/tm_msgs/include/tm_msgs/tm_msgs/msg/detail/sta_response__rosidl_typesupport_fastrtps_cpp.hpp
[13.978s] -- Installing: /home/rslomron/tm_custom/install/tm_msgs/include/tm_msgs/tm_msgs/msg/detail/svr_response__rosidl_typesupport_fastrtps_cpp.hpp
[13.978s] -- Installing: /home/rslomron/tm_custom/install/tm_msgs/include/tm_msgs/tm_msgs/msg/detail/sct_response__rosidl_typesupport_fastrtps_cpp.hpp
[13.978s] -- Installing: /home/rslomron/tm_custom/install/tm_msgs/include/tm_msgs/tm_msgs/msg/rosidl_typesupport_fastrtps_cpp__visibility_control.h
[13.978s] -- Up-to-date: /home/rslomron/tm_custom/install/tm_msgs/include/tm_msgs/tm_msgs/srv
[13.978s] -- Up-to-date: /home/rslomron/tm_custom/install/tm_msgs/include/tm_msgs/tm_msgs/srv/detail
[13.978s] -- Installing: /home/rslomron/tm_custom/install/tm_msgs/include/tm_msgs/tm_msgs/srv/detail/dds_fastrtps
[13.978s] -- Installing: /home/rslomron/tm_custom/install/tm_msgs/include/tm_msgs/tm_msgs/srv/detail/send_script__rosidl_typesupport_fastrtps_cpp.hpp
[13.978s] -- Installing: /home/rslomron/tm_custom/install/tm_msgs/include/tm_msgs/tm_msgs/srv/detail/set_positions__rosidl_typesupport_fastrtps_cpp.hpp
[13.978s] -- Installing: /home/rslomron/tm_custom/install/tm_msgs/include/tm_msgs/tm_msgs/srv/detail/ask_item__rosidl_typesupport_fastrtps_cpp.hpp
[13.978s] -- Installing: /home/rslomron/tm_custom/install/tm_msgs/include/tm_msgs/tm_msgs/srv/detail/connect_tm__rosidl_typesupport_fastrtps_cpp.hpp
[13.978s] -- Installing: /home/rslomron/tm_custom/install/tm_msgs/include/tm_msgs/tm_msgs/srv/detail/set_event__rosidl_typesupport_fastrtps_cpp.hpp
[13.978s] -- Installing: /home/rslomron/tm_custom/install/tm_msgs/include/tm_msgs/tm_msgs/srv/detail/ask_sta__rosidl_typesupport_fastrtps_cpp.hpp
[13.979s] -- Installing: /home/rslomron/tm_custom/install/tm_msgs/include/tm_msgs/tm_msgs/srv/detail/set_io__rosidl_typesupport_fastrtps_cpp.hpp
[13.979s] -- Installing: /home/rslomron/tm_custom/install/tm_msgs/include/tm_msgs/tm_msgs/srv/detail/write_item__rosidl_typesupport_fastrtps_cpp.hpp
[13.979s] -- Installing: /home/rslomron/tm_custom/install/tm_msgs/lib/libtm_msgs__rosidl_typesupport_fastrtps_cpp.so
[13.979s] -- Set runtime path of "/home/rslomron/tm_custom/install/tm_msgs/lib/libtm_msgs__rosidl_typesupport_fastrtps_cpp.so" to ""
[13.979s] -- Up-to-date: /home/rslomron/tm_custom/install/tm_msgs/include/tm_msgs/tm_msgs
[13.979s] -- Up-to-date: /home/rslomron/tm_custom/install/tm_msgs/include/tm_msgs/tm_msgs/msg
[13.979s] -- Up-to-date: /home/rslomron/tm_custom/install/tm_msgs/include/tm_msgs/tm_msgs/msg/detail
[13.979s] -- Installing: /home/rslomron/tm_custom/install/tm_msgs/include/tm_msgs/tm_msgs/msg/detail/sta_response__type_support.c
[13.979s] -- Installing: /home/rslomron/tm_custom/install/tm_msgs/include/tm_msgs/tm_msgs/msg/detail/feedback_state__rosidl_typesupport_introspection_c.h
[13.979s] -- Installing: /home/rslomron/tm_custom/install/tm_msgs/include/tm_msgs/tm_msgs/msg/detail/feedback_state__type_support.c
[13.979s] -- Installing: /home/rslomron/tm_custom/install/tm_msgs/include/tm_msgs/tm_msgs/msg/detail/sct_response__rosidl_typesupport_introspection_c.h
[13.980s] -- Installing: /home/rslomron/tm_custom/install/tm_msgs/include/tm_msgs/tm_msgs/msg/detail/sct_response__type_support.c
[13.980s] -- Installing: /home/rslomron/tm_custom/install/tm_msgs/include/tm_msgs/tm_msgs/msg/detail/sta_response__rosidl_typesupport_introspection_c.h
[13.980s] -- Installing: /home/rslomron/tm_custom/install/tm_msgs/include/tm_msgs/tm_msgs/msg/detail/svr_response__rosidl_typesupport_introspection_c.h
[13.980s] -- Installing: /home/rslomron/tm_custom/install/tm_msgs/include/tm_msgs/tm_msgs/msg/detail/svr_response__type_support.c
[13.980s] -- Installing: /home/rslomron/tm_custom/install/tm_msgs/include/tm_msgs/tm_msgs/msg/rosidl_typesupport_introspection_c__visibility_control.h
[13.980s] -- Up-to-date: /home/rslomron/tm_custom/install/tm_msgs/include/tm_msgs/tm_msgs/srv
[13.980s] -- Up-to-date: /home/rslomron/tm_custom/install/tm_msgs/include/tm_msgs/tm_msgs/srv/detail
[13.980s] -- Installing: /home/rslomron/tm_custom/install/tm_msgs/include/tm_msgs/tm_msgs/srv/detail/set_event__type_support.c
[13.980s] -- Installing: /home/rslomron/tm_custom/install/tm_msgs/include/tm_msgs/tm_msgs/srv/detail/ask_item__rosidl_typesupport_introspection_c.h
[13.980s] -- Installing: /home/rslomron/tm_custom/install/tm_msgs/include/tm_msgs/tm_msgs/srv/detail/write_item__rosidl_typesupport_introspection_c.h
[13.981s] -- Installing: /home/rslomron/tm_custom/install/tm_msgs/include/tm_msgs/tm_msgs/srv/detail/send_script__type_support.c
[13.981s] -- Installing: /home/rslomron/tm_custom/install/tm_msgs/include/tm_msgs/tm_msgs/srv/detail/set_positions__type_support.c
[13.981s] -- Installing: /home/rslomron/tm_custom/install/tm_msgs/include/tm_msgs/tm_msgs/srv/detail/set_event__rosidl_typesupport_introspection_c.h
[13.981s] -- Installing: /home/rslomron/tm_custom/install/tm_msgs/include/tm_msgs/tm_msgs/srv/detail/send_script__rosidl_typesupport_introspection_c.h
[13.981s] -- Installing: /home/rslomron/tm_custom/install/tm_msgs/include/tm_msgs/tm_msgs/srv/detail/connect_tm__rosidl_typesupport_introspection_c.h
[13.981s] -- Installing: /home/rslomron/tm_custom/install/tm_msgs/include/tm_msgs/tm_msgs/srv/detail/write_item__type_support.c
[13.981s] -- Installing: /home/rslomron/tm_custom/install/tm_msgs/include/tm_msgs/tm_msgs/srv/detail/connect_tm__type_support.c
[13.981s] -- Installing: /home/rslomron/tm_custom/install/tm_msgs/include/tm_msgs/tm_msgs/srv/detail/set_io__rosidl_typesupport_introspection_c.h
[13.981s] -- Installing: /home/rslomron/tm_custom/install/tm_msgs/include/tm_msgs/tm_msgs/srv/detail/set_positions__rosidl_typesupport_introspection_c.h
[13.981s] -- Installing: /home/rslomron/tm_custom/install/tm_msgs/include/tm_msgs/tm_msgs/srv/detail/ask_item__type_support.c
[13.981s] -- Installing: /home/rslomron/tm_custom/install/tm_msgs/include/tm_msgs/tm_msgs/srv/detail/ask_sta__type_support.c
[13.982s] -- Installing: /home/rslomron/tm_custom/install/tm_msgs/include/tm_msgs/tm_msgs/srv/detail/ask_sta__rosidl_typesupport_introspection_c.h
[13.982s] -- Installing: /home/rslomron/tm_custom/install/tm_msgs/include/tm_msgs/tm_msgs/srv/detail/set_io__type_support.c
[13.982s] -- Installing: /home/rslomron/tm_custom/install/tm_msgs/lib/libtm_msgs__rosidl_typesupport_introspection_c.so
[13.982s] -- Set runtime path of "/home/rslomron/tm_custom/install/tm_msgs/lib/libtm_msgs__rosidl_typesupport_introspection_c.so" to ""
[13.982s] -- Installing: /home/rslomron/tm_custom/install/tm_msgs/lib/libtm_msgs__rosidl_typesupport_c.so
[13.982s] -- Set runtime path of "/home/rslomron/tm_custom/install/tm_msgs/lib/libtm_msgs__rosidl_typesupport_c.so" to ""
[13.983s] -- Up-to-date: /home/rslomron/tm_custom/install/tm_msgs/include/tm_msgs/tm_msgs
[13.983s] -- Up-to-date: /home/rslomron/tm_custom/install/tm_msgs/include/tm_msgs/tm_msgs/msg
[13.983s] -- Up-to-date: /home/rslomron/tm_custom/install/tm_msgs/include/tm_msgs/tm_msgs/msg/detail
[13.983s] -- Installing: /home/rslomron/tm_custom/install/tm_msgs/include/tm_msgs/tm_msgs/msg/detail/feedback_state__type_support.cpp
[13.983s] -- Installing: /home/rslomron/tm_custom/install/tm_msgs/include/tm_msgs/tm_msgs/msg/detail/svr_response__type_support.cpp
[13.983s] -- Installing: /home/rslomron/tm_custom/install/tm_msgs/include/tm_msgs/tm_msgs/msg/detail/feedback_state__rosidl_typesupport_introspection_cpp.hpp
[13.983s] -- Installing: /home/rslomron/tm_custom/install/tm_msgs/include/tm_msgs/tm_msgs/msg/detail/sta_response__type_support.cpp
[13.983s] -- Installing: /home/rslomron/tm_custom/install/tm_msgs/include/tm_msgs/tm_msgs/msg/detail/sta_response__rosidl_typesupport_introspection_cpp.hpp
[13.983s] -- Installing: /home/rslomron/tm_custom/install/tm_msgs/include/tm_msgs/tm_msgs/msg/detail/sct_response__rosidl_typesupport_introspection_cpp.hpp
[13.983s] -- Installing: /home/rslomron/tm_custom/install/tm_msgs/include/tm_msgs/tm_msgs/msg/detail/svr_response__rosidl_typesupport_introspection_cpp.hpp
[13.984s] -- Installing: /home/rslomron/tm_custom/install/tm_msgs/include/tm_msgs/tm_msgs/msg/detail/sct_response__type_support.cpp
[13.984s] -- Up-to-date: /home/rslomron/tm_custom/install/tm_msgs/include/tm_msgs/tm_msgs/srv
[13.984s] -- Up-to-date: /home/rslomron/tm_custom/install/tm_msgs/include/tm_msgs/tm_msgs/srv/detail
[13.984s] -- Installing: /home/rslomron/tm_custom/install/tm_msgs/include/tm_msgs/tm_msgs/srv/detail/set_positions__rosidl_typesupport_introspection_cpp.hpp
[13.984s] -- Installing: /home/rslomron/tm_custom/install/tm_msgs/include/tm_msgs/tm_msgs/srv/detail/set_positions__type_support.cpp
[13.984s] -- Installing: /home/rslomron/tm_custom/install/tm_msgs/include/tm_msgs/tm_msgs/srv/detail/set_io__rosidl_typesupport_introspection_cpp.hpp
[13.984s] -- Installing: /home/rslomron/tm_custom/install/tm_msgs/include/tm_msgs/tm_msgs/srv/detail/set_event__type_support.cpp
[13.984s] -- Installing: /home/rslomron/tm_custom/install/tm_msgs/include/tm_msgs/tm_msgs/srv/detail/ask_item__type_support.cpp
[13.984s] -- Installing: /home/rslomron/tm_custom/install/tm_msgs/include/tm_msgs/tm_msgs/srv/detail/ask_sta__type_support.cpp
[13.984s] -- Installing: /home/rslomron/tm_custom/install/tm_msgs/include/tm_msgs/tm_msgs/srv/detail/write_item__type_support.cpp
[13.984s] -- Installing: /home/rslomron/tm_custom/install/tm_msgs/include/tm_msgs/tm_msgs/srv/detail/connect_tm__type_support.cpp
[13.985s] -- Installing: /home/rslomron/tm_custom/install/tm_msgs/include/tm_msgs/tm_msgs/srv/detail/ask_sta__rosidl_typesupport_introspection_cpp.hpp
[13.985s] -- Installing: /home/rslomron/tm_custom/install/tm_msgs/include/tm_msgs/tm_msgs/srv/detail/send_script__type_support.cpp
[13.985s] -- Installing: /home/rslomron/tm_custom/install/tm_msgs/include/tm_msgs/tm_msgs/srv/detail/send_script__rosidl_typesupport_introspection_cpp.hpp
[13.985s] -- Installing: /home/rslomron/tm_custom/install/tm_msgs/include/tm_msgs/tm_msgs/srv/detail/write_item__rosidl_typesupport_introspection_cpp.hpp
[13.985s] -- Installing: /home/rslomron/tm_custom/install/tm_msgs/include/tm_msgs/tm_msgs/srv/detail/set_io__type_support.cpp
[13.985s] -- Installing: /home/rslomron/tm_custom/install/tm_msgs/include/tm_msgs/tm_msgs/srv/detail/ask_item__rosidl_typesupport_introspection_cpp.hpp
[13.985s] -- Installing: /home/rslomron/tm_custom/install/tm_msgs/include/tm_msgs/tm_msgs/srv/detail/connect_tm__rosidl_typesupport_introspection_cpp.hpp
[13.985s] -- Installing: /home/rslomron/tm_custom/install/tm_msgs/include/tm_msgs/tm_msgs/srv/detail/set_event__rosidl_typesupport_introspection_cpp.hpp
[13.985s] -- Installing: /home/rslomron/tm_custom/install/tm_msgs/lib/libtm_msgs__rosidl_typesupport_introspection_cpp.so
[13.986s] -- Set runtime path of "/home/rslomron/tm_custom/install/tm_msgs/lib/libtm_msgs__rosidl_typesupport_introspection_cpp.so" to ""
[13.986s] -- Installing: /home/rslomron/tm_custom/install/tm_msgs/lib/libtm_msgs__rosidl_typesupport_cpp.so
[13.986s] -- Set runtime path of "/home/rslomron/tm_custom/install/tm_msgs/lib/libtm_msgs__rosidl_typesupport_cpp.so" to ""
[13.986s] -- Installing: /home/rslomron/tm_custom/install/tm_msgs/share/tm_msgs/environment/pythonpath.sh
[13.987s] -- Installing: /home/rslomron/tm_custom/install/tm_msgs/share/tm_msgs/environment/pythonpath.dsv
[13.987s] -- Installing: /home/rslomron/tm_custom/install/tm_msgs/local/lib/python3.10/dist-packages/tm_msgs-1.1.2-py3.10.egg-info
[13.987s] -- Installing: /home/rslomron/tm_custom/install/tm_msgs/local/lib/python3.10/dist-packages/tm_msgs-1.1.2-py3.10.egg-info/top_level.txt
[13.987s] -- Installing: /home/rslomron/tm_custom/install/tm_msgs/local/lib/python3.10/dist-packages/tm_msgs-1.1.2-py3.10.egg-info/PKG-INFO
[13.987s] -- Installing: /home/rslomron/tm_custom/install/tm_msgs/local/lib/python3.10/dist-packages/tm_msgs-1.1.2-py3.10.egg-info/dependency_links.txt
[13.987s] -- Installing: /home/rslomron/tm_custom/install/tm_msgs/local/lib/python3.10/dist-packages/tm_msgs-1.1.2-py3.10.egg-info/SOURCES.txt
[13.987s] -- Installing: /home/rslomron/tm_custom/install/tm_msgs/local/lib/python3.10/dist-packages/tm_msgs
[13.987s] -- Installing: /home/rslomron/tm_custom/install/tm_msgs/local/lib/python3.10/dist-packages/tm_msgs/msg
[13.987s] -- Installing: /home/rslomron/tm_custom/install/tm_msgs/local/lib/python3.10/dist-packages/tm_msgs/msg/_svr_response_s.c
[13.988s] -- Installing: /home/rslomron/tm_custom/install/tm_msgs/local/lib/python3.10/dist-packages/tm_msgs/msg/_sta_response_s.c
[13.988s] -- Installing: /home/rslomron/tm_custom/install/tm_msgs/local/lib/python3.10/dist-packages/tm_msgs/msg/_feedback_state_s.c
[13.988s] -- Installing: /home/rslomron/tm_custom/install/tm_msgs/local/lib/python3.10/dist-packages/tm_msgs/msg/_sct_response.py
[13.988s] -- Installing: /home/rslomron/tm_custom/install/tm_msgs/local/lib/python3.10/dist-packages/tm_msgs/msg/_sta_response.py
[13.988s] -- Installing: /home/rslomron/tm_custom/install/tm_msgs/local/lib/python3.10/dist-packages/tm_msgs/msg/__init__.py
[13.988s] -- Installing: /home/rslomron/tm_custom/install/tm_msgs/local/lib/python3.10/dist-packages/tm_msgs/msg/_svr_response.py
[13.988s] -- Installing: /home/rslomron/tm_custom/install/tm_msgs/local/lib/python3.10/dist-packages/tm_msgs/msg/_sct_response_s.c
[13.988s] -- Installing: /home/rslomron/tm_custom/install/tm_msgs/local/lib/python3.10/dist-packages/tm_msgs/msg/_feedback_state.py
[13.988s] -- Installing: /home/rslomron/tm_custom/install/tm_msgs/local/lib/python3.10/dist-packages/tm_msgs/tm_msgs_s__rosidl_typesupport_introspection_c.cpython-310-x86_64-linux-gnu.so
[13.989s] -- Installing: /home/rslomron/tm_custom/install/tm_msgs/local/lib/python3.10/dist-packages/tm_msgs/_tm_msgs_s.ep.rosidl_typesupport_introspection_c.c
[13.989s] -- Installing: /home/rslomron/tm_custom/install/tm_msgs/local/lib/python3.10/dist-packages/tm_msgs/libtm_msgs__rosidl_generator_py.so
[13.989s] -- Installing: /home/rslomron/tm_custom/install/tm_msgs/local/lib/python3.10/dist-packages/tm_msgs/_tm_msgs_s.ep.rosidl_typesupport_fastrtps_c.c
[13.989s] -- Installing: /home/rslomron/tm_custom/install/tm_msgs/local/lib/python3.10/dist-packages/tm_msgs/__init__.py
[13.989s] -- Installing: /home/rslomron/tm_custom/install/tm_msgs/local/lib/python3.10/dist-packages/tm_msgs/srv
[13.989s] -- Installing: /home/rslomron/tm_custom/install/tm_msgs/local/lib/python3.10/dist-packages/tm_msgs/srv/_write_item.py
[13.989s] -- Installing: /home/rslomron/tm_custom/install/tm_msgs/local/lib/python3.10/dist-packages/tm_msgs/srv/_ask_item.py
[13.990s] -- Installing: /home/rslomron/tm_custom/install/tm_msgs/local/lib/python3.10/dist-packages/tm_msgs/srv/_send_script.py
[13.990s] -- Installing: /home/rslomron/tm_custom/install/tm_msgs/local/lib/python3.10/dist-packages/tm_msgs/srv/_set_positions_s.c
[13.990s] -- Installing: /home/rslomron/tm_custom/install/tm_msgs/local/lib/python3.10/dist-packages/tm_msgs/srv/_ask_item_s.c
[13.990s] -- Installing: /home/rslomron/tm_custom/install/tm_msgs/local/lib/python3.10/dist-packages/tm_msgs/srv/_set_io_s.c
[13.990s] -- Installing: /home/rslomron/tm_custom/install/tm_msgs/local/lib/python3.10/dist-packages/tm_msgs/srv/_send_script_s.c
[13.990s] -- Installing: /home/rslomron/tm_custom/install/tm_msgs/local/lib/python3.10/dist-packages/tm_msgs/srv/_set_positions.py
[13.990s] -- Installing: /home/rslomron/tm_custom/install/tm_msgs/local/lib/python3.10/dist-packages/tm_msgs/srv/_connect_tm_s.c
[13.990s] -- Installing: /home/rslomron/tm_custom/install/tm_msgs/local/lib/python3.10/dist-packages/tm_msgs/srv/_set_event.py
[13.990s] -- Installing: /home/rslomron/tm_custom/install/tm_msgs/local/lib/python3.10/dist-packages/tm_msgs/srv/_ask_sta_s.c
[13.990s] -- Installing: /home/rslomron/tm_custom/install/tm_msgs/local/lib/python3.10/dist-packages/tm_msgs/srv/_ask_sta.py
[13.991s] -- Installing: /home/rslomron/tm_custom/install/tm_msgs/local/lib/python3.10/dist-packages/tm_msgs/srv/_set_event_s.c
[13.991s] -- Installing: /home/rslomron/tm_custom/install/tm_msgs/local/lib/python3.10/dist-packages/tm_msgs/srv/_set_io.py
[13.991s] -- Installing: /home/rslomron/tm_custom/install/tm_msgs/local/lib/python3.10/dist-packages/tm_msgs/srv/__init__.py
[13.991s] -- Installing: /home/rslomron/tm_custom/install/tm_msgs/local/lib/python3.10/dist-packages/tm_msgs/srv/_write_item_s.c
[13.991s] -- Installing: /home/rslomron/tm_custom/install/tm_msgs/local/lib/python3.10/dist-packages/tm_msgs/srv/_connect_tm.py
[13.991s] -- Installing: /home/rslomron/tm_custom/install/tm_msgs/local/lib/python3.10/dist-packages/tm_msgs/_tm_msgs_s.ep.rosidl_typesupport_c.c
[13.991s] -- Installing: /home/rslomron/tm_custom/install/tm_msgs/local/lib/python3.10/dist-packages/tm_msgs/tm_msgs_s__rosidl_typesupport_fastrtps_c.cpython-310-x86_64-linux-gnu.so
[13.991s] -- Installing: /home/rslomron/tm_custom/install/tm_msgs/local/lib/python3.10/dist-packages/tm_msgs/tm_msgs_s__rosidl_typesupport_c.cpython-310-x86_64-linux-gnu.so
[14.045s] Listing '/home/rslomron/tm_custom/install/tm_msgs/local/lib/python3.10/dist-packages/tm_msgs'...
[14.045s] Compiling '/home/rslomron/tm_custom/install/tm_msgs/local/lib/python3.10/dist-packages/tm_msgs/__init__.py'...
[14.045s] Listing '/home/rslomron/tm_custom/install/tm_msgs/local/lib/python3.10/dist-packages/tm_msgs/msg'...
[14.046s] Compiling '/home/rslomron/tm_custom/install/tm_msgs/local/lib/python3.10/dist-packages/tm_msgs/msg/__init__.py'...
[14.046s] Compiling '/home/rslomron/tm_custom/install/tm_msgs/local/lib/python3.10/dist-packages/tm_msgs/msg/_feedback_state.py'...
[14.046s] Compiling '/home/rslomron/tm_custom/install/tm_msgs/local/lib/python3.10/dist-packages/tm_msgs/msg/_sct_response.py'...
[14.046s] Compiling '/home/rslomron/tm_custom/install/tm_msgs/local/lib/python3.10/dist-packages/tm_msgs/msg/_sta_response.py'...
[14.046s] Compiling '/home/rslomron/tm_custom/install/tm_msgs/local/lib/python3.10/dist-packages/tm_msgs/msg/_svr_response.py'...
[14.047s] Listing '/home/rslomron/tm_custom/install/tm_msgs/local/lib/python3.10/dist-packages/tm_msgs/srv'...
[14.047s] Compiling '/home/rslomron/tm_custom/install/tm_msgs/local/lib/python3.10/dist-packages/tm_msgs/srv/__init__.py'...
[14.047s] Compiling '/home/rslomron/tm_custom/install/tm_msgs/local/lib/python3.10/dist-packages/tm_msgs/srv/_ask_item.py'...
[14.047s] Compiling '/home/rslomron/tm_custom/install/tm_msgs/local/lib/python3.10/dist-packages/tm_msgs/srv/_ask_sta.py'...
[14.048s] Compiling '/home/rslomron/tm_custom/install/tm_msgs/local/lib/python3.10/dist-packages/tm_msgs/srv/_connect_tm.py'...
[14.048s] Compiling '/home/rslomron/tm_custom/install/tm_msgs/local/lib/python3.10/dist-packages/tm_msgs/srv/_send_script.py'...
[14.048s] Compiling '/home/rslomron/tm_custom/install/tm_msgs/local/lib/python3.10/dist-packages/tm_msgs/srv/_set_event.py'...
[14.048s] Compiling '/home/rslomron/tm_custom/install/tm_msgs/local/lib/python3.10/dist-packages/tm_msgs/srv/_set_io.py'...
[14.048s] Compiling '/home/rslomron/tm_custom/install/tm_msgs/local/lib/python3.10/dist-packages/tm_msgs/srv/_set_positions.py'...
[14.049s] Compiling '/home/rslomron/tm_custom/install/tm_msgs/local/lib/python3.10/dist-packages/tm_msgs/srv/_write_item.py'...
[14.050s] -- Installing: /home/rslomron/tm_custom/install/tm_msgs/local/lib/python3.10/dist-packages/tm_msgs/tm_msgs_s__rosidl_typesupport_fastrtps_c.cpython-310-x86_64-linux-gnu.so
[14.050s] -- Set runtime path of "/home/rslomron/tm_custom/install/tm_msgs/local/lib/python3.10/dist-packages/tm_msgs/tm_msgs_s__rosidl_typesupport_fastrtps_c.cpython-310-x86_64-linux-gnu.so" to ""
[14.050s] -- Installing: /home/rslomron/tm_custom/install/tm_msgs/local/lib/python3.10/dist-packages/tm_msgs/tm_msgs_s__rosidl_typesupport_introspection_c.cpython-310-x86_64-linux-gnu.so
[14.051s] -- Set runtime path of "/home/rslomron/tm_custom/install/tm_msgs/local/lib/python3.10/dist-packages/tm_msgs/tm_msgs_s__rosidl_typesupport_introspection_c.cpython-310-x86_64-linux-gnu.so" to ""
[14.051s] -- Installing: /home/rslomron/tm_custom/install/tm_msgs/local/lib/python3.10/dist-packages/tm_msgs/tm_msgs_s__rosidl_typesupport_c.cpython-310-x86_64-linux-gnu.so
[14.052s] -- Set runtime path of "/home/rslomron/tm_custom/install/tm_msgs/local/lib/python3.10/dist-packages/tm_msgs/tm_msgs_s__rosidl_typesupport_c.cpython-310-x86_64-linux-gnu.so" to ""
[14.052s] -- Installing: /home/rslomron/tm_custom/install/tm_msgs/lib/libtm_msgs__rosidl_generator_py.so
[14.052s] -- Set runtime path of "/home/rslomron/tm_custom/install/tm_msgs/lib/libtm_msgs__rosidl_generator_py.so" to ""
[14.052s] -- Installing: /home/rslomron/tm_custom/install/tm_msgs/share/tm_msgs/msg/FeedbackState.idl
[14.053s] -- Installing: /home/rslomron/tm_custom/install/tm_msgs/share/tm_msgs/msg/SvrResponse.idl
[14.053s] -- Installing: /home/rslomron/tm_custom/install/tm_msgs/share/tm_msgs/msg/SctResponse.idl
[14.053s] -- Installing: /home/rslomron/tm_custom/install/tm_msgs/share/tm_msgs/msg/StaResponse.idl
[14.054s] -- Installing: /home/rslomron/tm_custom/install/tm_msgs/share/tm_msgs/srv/ConnectTM.idl
[14.054s] -- Installing: /home/rslomron/tm_custom/install/tm_msgs/share/tm_msgs/srv/WriteItem.idl
[14.054s] -- Installing: /home/rslomron/tm_custom/install/tm_msgs/share/tm_msgs/srv/AskItem.idl
[14.054s] -- Installing: /home/rslomron/tm_custom/install/tm_msgs/share/tm_msgs/srv/SendScript.idl
[14.055s] -- Installing: /home/rslomron/tm_custom/install/tm_msgs/share/tm_msgs/srv/SetEvent.idl
[14.055s] -- Installing: /home/rslomron/tm_custom/install/tm_msgs/share/tm_msgs/srv/SetIO.idl
[14.055s] -- Installing: /home/rslomron/tm_custom/install/tm_msgs/share/tm_msgs/srv/SetPositions.idl
[14.056s] -- Installing: /home/rslomron/tm_custom/install/tm_msgs/share/tm_msgs/srv/AskSta.idl
[14.056s] -- Installing: /home/rslomron/tm_custom/install/tm_msgs/share/tm_msgs/msg/FeedbackState.msg
[14.056s] -- Installing: /home/rslomron/tm_custom/install/tm_msgs/share/tm_msgs/msg/SvrResponse.msg
[14.056s] -- Installing: /home/rslomron/tm_custom/install/tm_msgs/share/tm_msgs/msg/SctResponse.msg
[14.057s] -- Installing: /home/rslomron/tm_custom/install/tm_msgs/share/tm_msgs/msg/StaResponse.msg
[14.057s] -- Installing: /home/rslomron/tm_custom/install/tm_msgs/share/tm_msgs/srv/ConnectTM.srv
[14.057s] -- Installing: /home/rslomron/tm_custom/install/tm_msgs/share/tm_msgs/srv/ConnectTM_Request.msg
[14.058s] -- Installing: /home/rslomron/tm_custom/install/tm_msgs/share/tm_msgs/srv/ConnectTM_Response.msg
[14.058s] -- Installing: /home/rslomron/tm_custom/install/tm_msgs/share/tm_msgs/srv/WriteItem.srv
[14.058s] -- Installing: /home/rslomron/tm_custom/install/tm_msgs/share/tm_msgs/srv/WriteItem_Request.msg
[14.058s] -- Installing: /home/rslomron/tm_custom/install/tm_msgs/share/tm_msgs/srv/WriteItem_Response.msg
[14.058s] -- Installing: /home/rslomron/tm_custom/install/tm_msgs/share/tm_msgs/srv/AskItem.srv
[14.059s] -- Installing: /home/rslomron/tm_custom/install/tm_msgs/share/tm_msgs/srv/AskItem_Request.msg
[14.059s] -- Installing: /home/rslomron/tm_custom/install/tm_msgs/share/tm_msgs/srv/AskItem_Response.msg
[14.059s] -- Installing: /home/rslomron/tm_custom/install/tm_msgs/share/tm_msgs/srv/SendScript.srv
[14.060s] -- Installing: /home/rslomron/tm_custom/install/tm_msgs/share/tm_msgs/srv/SendScript_Request.msg
[14.060s] -- Installing: /home/rslomron/tm_custom/install/tm_msgs/share/tm_msgs/srv/SendScript_Response.msg
[14.060s] -- Installing: /home/rslomron/tm_custom/install/tm_msgs/share/tm_msgs/srv/SetEvent.srv
[14.060s] -- Installing: /home/rslomron/tm_custom/install/tm_msgs/share/tm_msgs/srv/SetEvent_Request.msg
[14.061s] -- Installing: /home/rslomron/tm_custom/install/tm_msgs/share/tm_msgs/srv/SetEvent_Response.msg
[14.061s] -- Installing: /home/rslomron/tm_custom/install/tm_msgs/share/tm_msgs/srv/SetIO.srv
[14.061s] -- Installing: /home/rslomron/tm_custom/install/tm_msgs/share/tm_msgs/srv/SetIO_Request.msg
[14.062s] -- Installing: /home/rslomron/tm_custom/install/tm_msgs/share/tm_msgs/srv/SetIO_Response.msg
[14.062s] -- Installing: /home/rslomron/tm_custom/install/tm_msgs/share/tm_msgs/srv/SetPositions.srv
[14.062s] -- Installing: /home/rslomron/tm_custom/install/tm_msgs/share/tm_msgs/srv/SetPositions_Request.msg
[14.062s] -- Installing: /home/rslomron/tm_custom/install/tm_msgs/share/tm_msgs/srv/SetPositions_Response.msg
[14.063s] -- Installing: /home/rslomron/tm_custom/install/tm_msgs/share/tm_msgs/srv/AskSta.srv
[14.063s] -- Installing: /home/rslomron/tm_custom/install/tm_msgs/share/tm_msgs/srv/AskSta_Request.msg
[14.063s] -- Installing: /home/rslomron/tm_custom/install/tm_msgs/share/tm_msgs/srv/AskSta_Response.msg
[14.064s] -- Up-to-date: /home/rslomron/tm_custom/install/tm_msgs/share/ament_index/resource_index/package_run_dependencies/tm_msgs
[14.064s] -- Up-to-date: /home/rslomron/tm_custom/install/tm_msgs/share/ament_index/resource_index/parent_prefix_path/tm_msgs
[14.064s] -- Up-to-date: /home/rslomron/tm_custom/install/tm_msgs/share/tm_msgs/environment/ament_prefix_path.sh
[14.065s] -- Installing: /home/rslomron/tm_custom/install/tm_msgs/share/tm_msgs/environment/ament_prefix_path.dsv
[14.065s] -- Up-to-date: /home/rslomron/tm_custom/install/tm_msgs/share/tm_msgs/environment/path.sh
[14.066s] -- Installing: /home/rslomron/tm_custom/install/tm_msgs/share/tm_msgs/environment/path.dsv
[14.067s] -- Up-to-date: /home/rslomron/tm_custom/install/tm_msgs/share/tm_msgs/local_setup.bash
[14.068s] -- Installing: /home/rslomron/tm_custom/install/tm_msgs/share/tm_msgs/local_setup.sh
[14.068s] -- Up-to-date: /home/rslomron/tm_custom/install/tm_msgs/share/tm_msgs/local_setup.zsh
[14.069s] -- Installing: /home/rslomron/tm_custom/install/tm_msgs/share/tm_msgs/local_setup.dsv
[14.069s] -- Installing: /home/rslomron/tm_custom/install/tm_msgs/share/tm_msgs/package.dsv
[14.070s] -- Up-to-date: /home/rslomron/tm_custom/install/tm_msgs/share/ament_index/resource_index/packages/tm_msgs
[14.070s] -- Installing: /home/rslomron/tm_custom/install/tm_msgs/share/tm_msgs/cmake/export_tm_msgs__rosidl_generator_cExport.cmake
[14.071s] -- Installing: /home/rslomron/tm_custom/install/tm_msgs/share/tm_msgs/cmake/export_tm_msgs__rosidl_generator_cExport-noconfig.cmake
[14.071s] -- Installing: /home/rslomron/tm_custom/install/tm_msgs/share/tm_msgs/cmake/export_tm_msgs__rosidl_typesupport_fastrtps_cExport.cmake
[14.072s] -- Installing: /home/rslomron/tm_custom/install/tm_msgs/share/tm_msgs/cmake/export_tm_msgs__rosidl_typesupport_fastrtps_cExport-noconfig.cmake
[14.072s] -- Installing: /home/rslomron/tm_custom/install/tm_msgs/share/tm_msgs/cmake/export_tm_msgs__rosidl_generator_cppExport.cmake
[14.073s] -- Installing: /home/rslomron/tm_custom/install/tm_msgs/share/tm_msgs/cmake/export_tm_msgs__rosidl_typesupport_fastrtps_cppExport.cmake
[14.073s] -- Installing: /home/rslomron/tm_custom/install/tm_msgs/share/tm_msgs/cmake/export_tm_msgs__rosidl_typesupport_fastrtps_cppExport-noconfig.cmake
[14.074s] -- Installing: /home/rslomron/tm_custom/install/tm_msgs/share/tm_msgs/cmake/tm_msgs__rosidl_typesupport_introspection_cExport.cmake
[14.075s] -- Installing: /home/rslomron/tm_custom/install/tm_msgs/share/tm_msgs/cmake/tm_msgs__rosidl_typesupport_introspection_cExport-noconfig.cmake
[14.075s] -- Installing: /home/rslomron/tm_custom/install/tm_msgs/share/tm_msgs/cmake/tm_msgs__rosidl_typesupport_cExport.cmake
[14.075s] -- Installing: /home/rslomron/tm_custom/install/tm_msgs/share/tm_msgs/cmake/tm_msgs__rosidl_typesupport_cExport-noconfig.cmake
[14.076s] -- Installing: /home/rslomron/tm_custom/install/tm_msgs/share/tm_msgs/cmake/tm_msgs__rosidl_typesupport_introspection_cppExport.cmake
[14.076s] -- Installing: /home/rslomron/tm_custom/install/tm_msgs/share/tm_msgs/cmake/tm_msgs__rosidl_typesupport_introspection_cppExport-noconfig.cmake
[14.076s] -- Installing: /home/rslomron/tm_custom/install/tm_msgs/share/tm_msgs/cmake/tm_msgs__rosidl_typesupport_cppExport.cmake
[14.077s] -- Installing: /home/rslomron/tm_custom/install/tm_msgs/share/tm_msgs/cmake/tm_msgs__rosidl_typesupport_cppExport-noconfig.cmake
[14.077s] -- Installing: /home/rslomron/tm_custom/install/tm_msgs/share/tm_msgs/cmake/export_tm_msgs__rosidl_generator_pyExport.cmake
[14.077s] -- Installing: /home/rslomron/tm_custom/install/tm_msgs/share/tm_msgs/cmake/export_tm_msgs__rosidl_generator_pyExport-noconfig.cmake
[14.077s] -- Installing: /home/rslomron/tm_custom/install/tm_msgs/share/tm_msgs/cmake/rosidl_cmake-extras.cmake
[14.078s] -- Installing: /home/rslomron/tm_custom/install/tm_msgs/share/tm_msgs/cmake/ament_cmake_export_dependencies-extras.cmake
[14.078s] -- Installing: /home/rslomron/tm_custom/install/tm_msgs/share/tm_msgs/cmake/ament_cmake_export_include_directories-extras.cmake
[14.078s] -- Installing: /home/rslomron/tm_custom/install/tm_msgs/share/tm_msgs/cmake/ament_cmake_export_libraries-extras.cmake
[14.078s] -- Installing: /home/rslomron/tm_custom/install/tm_msgs/share/tm_msgs/cmake/ament_cmake_export_targets-extras.cmake
[14.078s] -- Installing: /home/rslomron/tm_custom/install/tm_msgs/share/tm_msgs/cmake/rosidl_cmake_export_typesupport_targets-extras.cmake
[14.079s] -- Installing: /home/rslomron/tm_custom/install/tm_msgs/share/tm_msgs/cmake/rosidl_cmake_export_typesupport_libraries-extras.cmake
[14.079s] -- Installing: /home/rslomron/tm_custom/install/tm_msgs/share/tm_msgs/cmake/tm_msgsConfig.cmake
[14.079s] -- Up-to-date: /home/rslomron/tm_custom/install/tm_msgs/share/tm_msgs/cmake/tm_msgsConfig-version.cmake
[14.079s] -- Up-to-date: /home/rslomron/tm_custom/install/tm_msgs/share/tm_msgs/package.xml
[14.080s] Invoked command in '/home/rslomron/tm_custom/build/tm_msgs' returned '0': CMAKE_PREFIX_PATH=${CMAKE_PREFIX_PATH}:/home/rslomron/tm_custom/install/tm_mod_urdf:/home/rslomron/tm_custom/install/tm_get_status:/opt/ros/humble /usr/bin/cmake --install /home/rslomron/tm_custom/build/tm_msgs
