[0.037s] Invoking command in '/home/rslomron/MoMa/tm_custom/build/techman_robot_msgs': CMAKE_PREFIX_PATH=/opt/ros/humble /usr/bin/cmake --build /home/rslomron/MoMa/tm_custom/build/techman_robot_msgs -- -j8 -l8
[1.381s] [  9%] Built target techman_robot_msgs__rosidl_generator_c
[1.381s] [ 12%] Built target techman_robot_msgs__cpp
[1.381s] [ 12%] Built target ament_cmake_python_copy_techman_robot_msgs
[1.381s] [ 22%] Built target techman_robot_msgs__rosidl_typesupport_introspection_c
[1.381s] [ 32%] Built target techman_robot_msgs__rosidl_typesupport_fastrtps_c
[1.382s] [ 41%] Built target techman_robot_msgs__rosidl_typesupport_c
[1.382s] [ 51%] Built target techman_robot_msgs__rosidl_typesupport_fastrtps_cpp
[1.382s] [ 61%] Built target techman_robot_msgs__rosidl_typesupport_introspection_cpp
[1.382s] [ 70%] Built target techman_robot_msgs__rosidl_typesupport_cpp
[1.382s] [ 70%] Built target techman_robot_msgs
[1.382s] [ 74%] Built target techman_robot_msgs__py
[1.382s] [ 80%] Built target techman_robot_msgs__rosidl_generator_py
[1.382s] [ 87%] Built target techman_robot_msgs__rosidl_typesupport_introspection_c__pyext
[1.383s] [ 93%] Built target techman_robot_msgs__rosidl_typesupport_fastrtps_c__pyext
[1.383s] [100%] Built target techman_robot_msgs__rosidl_typesupport_c__pyext
[1.383s] running egg_info
[1.383s] writing techman_robot_msgs.egg-info/PKG-INFO
[1.383s] writing dependency_links to techman_robot_msgs.egg-info/dependency_links.txt
[1.383s] writing top-level names to techman_robot_msgs.egg-info/top_level.txt
[1.383s] reading manifest file 'techman_robot_msgs.egg-info/SOURCES.txt'
[1.383s] writing manifest file 'techman_robot_msgs.egg-info/SOURCES.txt'
[1.384s] [100%] Built target ament_cmake_python_build_techman_robot_msgs_egg
[1.388s] Invoked command in '/home/rslomron/MoMa/tm_custom/build/techman_robot_msgs' returned '0': CMAKE_PREFIX_PATH=/opt/ros/humble /usr/bin/cmake --build /home/rslomron/MoMa/tm_custom/build/techman_robot_msgs -- -j8 -l8
