[2.389s] Invoking command in '/home/rslomron/tm_custom/src/tm_mod_urdf': PYTHONPATH=/home/rslomron/tm_custom/build/tm_mod_urdf/prefix_override:/home/rslomron/tm_custom/install/tm_mod_urdf/lib/python3.10/site-packages:${PYTHONPATH} /usr/bin/python3 -W ignore:setup.py install is deprecated setup.py egg_info --egg-base ../../build/tm_mod_urdf build --build-base /home/rslomron/tm_custom/build/tm_mod_urdf/build install --record /home/rslomron/tm_custom/build/tm_mod_urdf/install.log --single-version-externally-managed install_data
[3.041s] running egg_info
[3.041s] writing ../../build/tm_mod_urdf/tm_mod_urdf.egg-info/PKG-INFO
[3.041s] writing dependency_links to ../../build/tm_mod_urdf/tm_mod_urdf.egg-info/dependency_links.txt
[3.045s] writing entry points to ../../build/tm_mod_urdf/tm_mod_urdf.egg-info/entry_points.txt
[3.045s] writing requirements to ../../build/tm_mod_urdf/tm_mod_urdf.egg-info/requires.txt
[3.045s] writing top-level names to ../../build/tm_mod_urdf/tm_mod_urdf.egg-info/top_level.txt
[3.049s] reading manifest file '../../build/tm_mod_urdf/tm_mod_urdf.egg-info/SOURCES.txt'
[3.051s] writing manifest file '../../build/tm_mod_urdf/tm_mod_urdf.egg-info/SOURCES.txt'
[3.051s] running build
[3.053s] running build_py
[3.053s] running install
[3.056s] running install_lib
[3.057s] running install_data
[3.057s] running install_egg_info
[3.061s] removing '/home/rslomron/tm_custom/install/tm_mod_urdf/lib/python3.10/site-packages/tm_mod_urdf-1.1.2-py3.10.egg-info' (and everything under it)
[3.061s] Copying ../../build/tm_mod_urdf/tm_mod_urdf.egg-info to /home/rslomron/tm_custom/install/tm_mod_urdf/lib/python3.10/site-packages/tm_mod_urdf-1.1.2-py3.10.egg-info
[3.062s] running install_scripts
[3.098s] Installing modify_urdf script to /home/rslomron/tm_custom/install/tm_mod_urdf/lib/tm_mod_urdf
[3.098s] Installing modify_xacro script to /home/rslomron/tm_custom/install/tm_mod_urdf/lib/tm_mod_urdf
[3.098s] writing list of installed files to '/home/rslomron/tm_custom/build/tm_mod_urdf/install.log'
[3.161s] Invoked command in '/home/rslomron/tm_custom/src/tm_mod_urdf' returned '0': PYTHONPATH=/home/rslomron/tm_custom/build/tm_mod_urdf/prefix_override:/home/rslomron/tm_custom/install/tm_mod_urdf/lib/python3.10/site-packages:${PYTHONPATH} /usr/bin/python3 -W ignore:setup.py install is deprecated setup.py egg_info --egg-base ../../build/tm_mod_urdf build --build-base /home/rslomron/tm_custom/build/tm_mod_urdf/build install --record /home/rslomron/tm_custom/build/tm_mod_urdf/install.log --single-version-externally-managed install_data
