-- The C compiler identification is GNU 11.4.0
-- The CXX compiler identification is GNU 11.4.0
-- Detecting C compiler ABI info
-- Detecting C compiler ABI info - done
-- Check for working C compiler: /usr/bin/cc - skipped
-- Detecting C compile features
-- Detecting C compile features - done
-- Detecting CXX compiler ABI info
-- Detecting CXX compiler ABI info - done
-- Check for working CXX compiler: /usr/bin/c++ - skipped
-- Detecting CXX compile features
-- Detecting CXX compile features - done
-- Found ament_cmake: 1.3.8 (/opt/ros/humble/share/ament_cmake/cmake)
-- Found Python3: /usr/bin/python3 (found version "3.10.12") found components: Interpreter 
-- Found Boost: /usr/lib/x86_64-linux-gnu/cmake/Boost-1.74.0/BoostConfig.cmake (found version "1.74.0") found components: date_time filesystem program_options system thread 
-- Found rosidl_generator_c: 3.1.5 (/opt/ros/humble/share/rosidl_generator_c/cmake)
-- Found rosidl_adapter: 3.1.5 (/opt/ros/humble/share/rosidl_adapter/cmake)
-- Found rosidl_generator_cpp: 3.1.5 (/opt/ros/humble/share/rosidl_generator_cpp/cmake)
-- Using all available rosidl_typesupport_c: rosidl_typesupport_fastrtps_c;rosidl_typesupport_introspection_c
-- Using all available rosidl_typesupport_cpp: rosidl_typesupport_fastrtps_cpp;rosidl_typesupport_introspection_cpp
-- Found Boost: /usr/lib/x86_64-linux-gnu/cmake/Boost-1.74.0/BoostConfig.cmake (found version "1.74.0") found components: chrono date_time filesystem iostreams program_options regex serialization system thread 
-- Found parameter_traits: 0.3.8 (/opt/ros/humble/share/parameter_traits/cmake)
-- Found rmw_implementation_cmake: 6.1.1 (/opt/ros/humble/share/rmw_implementation_cmake/cmake)
-- Found rmw_fastrtps_cpp: 6.2.6 (/opt/ros/humble/share/rmw_fastrtps_cpp/cmake)
-- Found OpenSSL: /usr/lib/x86_64-linux-gnu/libcrypto.so (found version "3.0.2")  
-- Found FastRTPS: /opt/ros/humble/include  
-- Using RMW implementation 'rmw_fastrtps_cpp' as default
-- Found Threads: TRUE  
-- Found Eigen3: TRUE (found version "3.4.0") 
-- Found rclcpp_lifecycle: 16.0.8 (/opt/ros/humble/share/rclcpp_lifecycle/cmake)
-- Found Boost: /usr/lib/x86_64-linux-gnu/cmake/Boost-1.74.0/BoostConfig.cmake (found version "1.74.0") found components: filesystem 
-- library: /usr/lib/x86_64-linux-gnu/libcurl.so
-- Ensuring Eigen3 include directory is part of orocos-kdl CMake target
-- Found Boost: /usr/lib/x86_64-linux-gnu/cmake/Boost-1.74.0/BoostConfig.cmake (found version "1.74.0") found components: system filesystem date_time program_options thread chrono 
-- Found Boost: /usr/lib/x86_64-linux-gnu/cmake/Boost-1.74.0/BoostConfig.cmake (found version "1.74.0") found components: thread system filesystem regex date_time program_options 
-- Found Boost: /usr/lib/x86_64-linux-gnu/cmake/Boost-1.74.0/BoostConfig.cmake (found version "1.74.0") found components: system filesystem date_time program_options thread 
-- Found Boost: /usr/lib/x86_64-linux-gnu/cmake/Boost-1.74.0/BoostConfig.cmake (found version "1.74.0") found components: system 
-- Configuring done
-- Generating done
-- Build files have been written to: /home/rslomron/tm_custom/build/tm_moveit_cpp_demo
[35m[1mConsolidate compiler generated dependencies of target run_moveit_cpp[0m
[ 50%] [32mBuilding CXX object CMakeFiles/run_moveit_cpp.dir/src/run_moveit_cpp.cpp.o[0m
[100%] [32m[1mLinking CXX executable run_moveit_cpp[0m
[100%] Built target run_moveit_cpp
-- Install configuration: ""
-- Installing: /home/rslomron/tm_custom/install/tm_moveit_cpp_demo/lib/tm_moveit_cpp_demo/run_moveit_cpp
-- Set runtime path of "/home/rslomron/tm_custom/install/tm_moveit_cpp_demo/lib/tm_moveit_cpp_demo/run_moveit_cpp" to ""
-- Up-to-date: /home/rslomron/tm_custom/install/tm_moveit_cpp_demo/share/tm_moveit_cpp_demo/launch
-- Up-to-date: /home/rslomron/tm_custom/install/tm_moveit_cpp_demo/share/tm_moveit_cpp_demo/launch/tm5-900_run_moveit_cpp.launch.py
-- Up-to-date: /home/rslomron/tm_custom/install/tm_moveit_cpp_demo/share/tm_moveit_cpp_demo/launch/tm5-700_run_moveit_cpp.launch.py
-- Up-to-date: /home/rslomron/tm_custom/install/tm_moveit_cpp_demo/share/tm_moveit_cpp_demo/launch/run_moveit_cpp.rviz
-- Up-to-date: /home/rslomron/tm_custom/install/tm_moveit_cpp_demo/share/tm_moveit_cpp_demo/launch/tm14x_run_moveit_cpp.launch.py
-- Up-to-date: /home/rslomron/tm_custom/install/tm_moveit_cpp_demo/share/tm_moveit_cpp_demo/launch/tm12_run_moveit_cpp.launch.py
-- Up-to-date: /home/rslomron/tm_custom/install/tm_moveit_cpp_demo/share/tm_moveit_cpp_demo/launch/tm12x_run_moveit_cpp.launch.py
-- Up-to-date: /home/rslomron/tm_custom/install/tm_moveit_cpp_demo/share/tm_moveit_cpp_demo/launch/tm14_run_moveit_cpp.launch.py
-- Up-to-date: /home/rslomron/tm_custom/install/tm_moveit_cpp_demo/share/tm_moveit_cpp_demo/launch/run_moveit_cpp.launch.py
-- Up-to-date: /home/rslomron/tm_custom/install/tm_moveit_cpp_demo/share/tm_moveit_cpp_demo/launch/tm5x-700_run_moveit_cpp.launch.py
-- Up-to-date: /home/rslomron/tm_custom/install/tm_moveit_cpp_demo/share/tm_moveit_cpp_demo/launch/tm5x-900_run_moveit_cpp.launch.py
-- Up-to-date: /home/rslomron/tm_custom/install/tm_moveit_cpp_demo/share/tm_moveit_cpp_demo/config
-- Up-to-date: /home/rslomron/tm_custom/install/tm_moveit_cpp_demo/share/tm_moveit_cpp_demo/config/moveit_cpp.yaml
-- Up-to-date: /home/rslomron/tm_custom/install/tm_moveit_cpp_demo/share/tm_moveit_cpp_demo/config/controllers.yaml
-- Up-to-date: /home/rslomron/tm_custom/install/tm_moveit_cpp_demo/share/ament_index/resource_index/package_run_dependencies/tm_moveit_cpp_demo
-- Installing: /home/rslomron/tm_custom/install/tm_moveit_cpp_demo/share/ament_index/resource_index/parent_prefix_path/tm_moveit_cpp_demo
-- Up-to-date: /home/rslomron/tm_custom/install/tm_moveit_cpp_demo/share/tm_moveit_cpp_demo/environment/ament_prefix_path.sh
-- Installing: /home/rslomron/tm_custom/install/tm_moveit_cpp_demo/share/tm_moveit_cpp_demo/environment/ament_prefix_path.dsv
-- Up-to-date: /home/rslomron/tm_custom/install/tm_moveit_cpp_demo/share/tm_moveit_cpp_demo/environment/path.sh
-- Installing: /home/rslomron/tm_custom/install/tm_moveit_cpp_demo/share/tm_moveit_cpp_demo/environment/path.dsv
-- Up-to-date: /home/rslomron/tm_custom/install/tm_moveit_cpp_demo/share/tm_moveit_cpp_demo/local_setup.bash
-- Up-to-date: /home/rslomron/tm_custom/install/tm_moveit_cpp_demo/share/tm_moveit_cpp_demo/local_setup.sh
-- Up-to-date: /home/rslomron/tm_custom/install/tm_moveit_cpp_demo/share/tm_moveit_cpp_demo/local_setup.zsh
-- Installing: /home/rslomron/tm_custom/install/tm_moveit_cpp_demo/share/tm_moveit_cpp_demo/local_setup.dsv
-- Installing: /home/rslomron/tm_custom/install/tm_moveit_cpp_demo/share/tm_moveit_cpp_demo/package.dsv
-- Up-to-date: /home/rslomron/tm_custom/install/tm_moveit_cpp_demo/share/ament_index/resource_index/packages/tm_moveit_cpp_demo
-- Up-to-date: /home/rslomron/tm_custom/install/tm_moveit_cpp_demo/share/tm_moveit_cpp_demo/cmake/tm_moveit_cpp_demoConfig.cmake
-- Up-to-date: /home/rslomron/tm_custom/install/tm_moveit_cpp_demo/share/tm_moveit_cpp_demo/cmake/tm_moveit_cpp_demoConfig-version.cmake
-- Up-to-date: /home/rslomron/tm_custom/install/tm_moveit_cpp_demo/share/tm_moveit_cpp_demo/package.xml
