[35m[1mConsolidate compiler generated dependencies of target demo_send_script[0m
[  3%] [32mBuilding CXX object CMakeFiles/demo_send_script.dir/src/demo_send_script.cpp.o[0m
[ 10%] Built target demo_connect_tm
[ 17%] Built target demo_set_io
[ 25%] Built target demo_ask_sta
[ 32%] Built target demo_set_event
[ 39%] Built target demo_set_positions
[ 53%] Built target demo_ask_item
[ 53%] Built target demo_write_item
[ 60%] Built target demo_get_torque_feedback
[35m[1mConsolidate compiler generated dependencies of target demo_leave_listen_node[0m
[ 71%] Built target demo_get_sta_response
[ 75%] Built target demo_get_feedback
[ 82%] Built target demo_get_sct_response
[ 89%] Built target demo_get_svr_response
[ 96%] Built target demo_leave_listen_node
[100%] [32m[1mLinking CXX executable demo_send_script[0m
[100%] Built target demo_send_script
-- Install configuration: ""
-- Installing: /home/rslomron/tm_custom/install/demo/lib/demo/demo_send_script
-- Set runtime path of "/home/rslomron/tm_custom/install/demo/lib/demo/demo_send_script" to ""
-- Installing: /home/rslomron/tm_custom/install/demo/lib/demo/demo_ask_sta
-- Set runtime path of "/home/rslomron/tm_custom/install/demo/lib/demo/demo_ask_sta" to ""
-- Installing: /home/rslomron/tm_custom/install/demo/lib/demo/demo_connect_tm
-- Set runtime path of "/home/rslomron/tm_custom/install/demo/lib/demo/demo_connect_tm" to ""
-- Installing: /home/rslomron/tm_custom/install/demo/lib/demo/demo_set_event
-- Set runtime path of "/home/rslomron/tm_custom/install/demo/lib/demo/demo_set_event" to ""
-- Installing: /home/rslomron/tm_custom/install/demo/lib/demo/demo_set_io
-- Set runtime path of "/home/rslomron/tm_custom/install/demo/lib/demo/demo_set_io" to ""
-- Installing: /home/rslomron/tm_custom/install/demo/lib/demo/demo_set_positions
-- Set runtime path of "/home/rslomron/tm_custom/install/demo/lib/demo/demo_set_positions" to ""
-- Installing: /home/rslomron/tm_custom/install/demo/lib/demo/demo_write_item
-- Set runtime path of "/home/rslomron/tm_custom/install/demo/lib/demo/demo_write_item" to ""
-- Installing: /home/rslomron/tm_custom/install/demo/lib/demo/demo_ask_item
-- Set runtime path of "/home/rslomron/tm_custom/install/demo/lib/demo/demo_ask_item" to ""
-- Installing: /home/rslomron/tm_custom/install/demo/lib/demo/demo_get_feedback
-- Set runtime path of "/home/rslomron/tm_custom/install/demo/lib/demo/demo_get_feedback" to ""
-- Installing: /home/rslomron/tm_custom/install/demo/lib/demo/demo_get_torque_feedback
-- Set runtime path of "/home/rslomron/tm_custom/install/demo/lib/demo/demo_get_torque_feedback" to ""
-- Installing: /home/rslomron/tm_custom/install/demo/lib/demo/demo_get_sct_response
-- Set runtime path of "/home/rslomron/tm_custom/install/demo/lib/demo/demo_get_sct_response" to ""
-- Installing: /home/rslomron/tm_custom/install/demo/lib/demo/demo_get_sta_response
-- Set runtime path of "/home/rslomron/tm_custom/install/demo/lib/demo/demo_get_sta_response" to ""
-- Installing: /home/rslomron/tm_custom/install/demo/lib/demo/demo_get_svr_response
-- Set runtime path of "/home/rslomron/tm_custom/install/demo/lib/demo/demo_get_svr_response" to ""
-- Installing: /home/rslomron/tm_custom/install/demo/lib/demo/demo_leave_listen_node
-- Set runtime path of "/home/rslomron/tm_custom/install/demo/lib/demo/demo_leave_listen_node" to ""
-- Installing: /home/rslomron/tm_custom/install/demo/share/ament_index/resource_index/package_run_dependencies/demo
-- Up-to-date: /home/rslomron/tm_custom/install/demo/share/ament_index/resource_index/parent_prefix_path/demo
-- Up-to-date: /home/rslomron/tm_custom/install/demo/share/demo/environment/ament_prefix_path.sh
-- Installing: /home/rslomron/tm_custom/install/demo/share/demo/environment/ament_prefix_path.dsv
-- Up-to-date: /home/rslomron/tm_custom/install/demo/share/demo/environment/path.sh
-- Installing: /home/rslomron/tm_custom/install/demo/share/demo/environment/path.dsv
-- Up-to-date: /home/rslomron/tm_custom/install/demo/share/demo/local_setup.bash
-- Up-to-date: /home/rslomron/tm_custom/install/demo/share/demo/local_setup.sh
-- Up-to-date: /home/rslomron/tm_custom/install/demo/share/demo/local_setup.zsh
-- Installing: /home/rslomron/tm_custom/install/demo/share/demo/local_setup.dsv
-- Installing: /home/rslomron/tm_custom/install/demo/share/demo/package.dsv
-- Up-to-date: /home/rslomron/tm_custom/install/demo/share/ament_index/resource_index/packages/demo
-- Installing: /home/rslomron/tm_custom/install/demo/share/demo/cmake/demoConfig.cmake
-- Installing: /home/rslomron/tm_custom/install/demo/share/demo/cmake/demoConfig-version.cmake
-- Installing: /home/rslomron/tm_custom/install/demo/share/demo/package.xml
