[0.039s] Invoking command in '/home/rslomron/tm_custom/build/tm_msgs': CMAKE_PREFIX_PATH=${CMAKE_PREFIX_PATH}:/home/rslomron/tm_custom/install/tm_mod_urdf:/home/rslomron/tm_custom/install/tm_get_status:/opt/ros/humble /usr/bin/cmake /home/rslomron/tm_custom/src/tm_msgs -DCMAKE_INSTALL_PREFIX=/home/rslomron/tm_custom/install/tm_msgs
[0.122s] -- The C compiler identification is GNU 11.4.0
[0.182s] -- The CXX compiler identification is GNU 11.4.0
[0.190s] -- Detecting C compiler ABI info
[0.268s] -- Detecting C compiler ABI info - done
[0.276s] -- Check for working C compiler: /usr/bin/cc - skipped
[0.277s] -- Detecting C compile features
[0.277s] -- Detecting C compile features - done
[0.280s] -- Detecting CXX compiler ABI info
[0.359s] -- Detecting CXX compiler ABI info - done
[0.374s] -- Check for working CXX compiler: /usr/bin/c++ - skipped
[0.374s] -- Detecting CXX compile features
[0.375s] -- Detecting CXX compile features - done
[0.379s] -- Found ament_cmake: 1.3.8 (/opt/ros/humble/share/ament_cmake/cmake)
[0.552s] -- Found Python3: /usr/bin/python3 (found version "3.10.12") found components: Interpreter 
[0.670s] -- Found ament_lint_auto: 0.12.10 (/opt/ros/humble/share/ament_lint_auto/cmake)
[0.763s] -- Added test 'lint_cmake' to check CMake code style
[0.764s] -- Added test 'xmllint' to check XML markup files
[0.766s] -- Configuring done
[0.768s] -- Generating done
[0.769s] -- Build files have been written to: /home/rslomron/tm_custom/build/tm_msgs
[0.774s] Invoked command in '/home/rslomron/tm_custom/build/tm_msgs' returned '0': CMAKE_PREFIX_PATH=${CMAKE_PREFIX_PATH}:/home/rslomron/tm_custom/install/tm_mod_urdf:/home/rslomron/tm_custom/install/tm_get_status:/opt/ros/humble /usr/bin/cmake /home/rslomron/tm_custom/src/tm_msgs -DCMAKE_INSTALL_PREFIX=/home/rslomron/tm_custom/install/tm_msgs
[0.775s] Invoking command in '/home/rslomron/tm_custom/build/tm_msgs': CMAKE_PREFIX_PATH=${CMAKE_PREFIX_PATH}:/home/rslomron/tm_custom/install/tm_mod_urdf:/home/rslomron/tm_custom/install/tm_get_status:/opt/ros/humble /usr/bin/cmake --build /home/rslomron/tm_custom/build/tm_msgs -- -j8 -l8
[0.810s] Invoked command in '/home/rslomron/tm_custom/build/tm_msgs' returned '0': CMAKE_PREFIX_PATH=${CMAKE_PREFIX_PATH}:/home/rslomron/tm_custom/install/tm_mod_urdf:/home/rslomron/tm_custom/install/tm_get_status:/opt/ros/humble /usr/bin/cmake --build /home/rslomron/tm_custom/build/tm_msgs -- -j8 -l8
[0.833s] Invoking command in '/home/rslomron/tm_custom/build/tm_msgs': CMAKE_PREFIX_PATH=${CMAKE_PREFIX_PATH}:/home/rslomron/tm_custom/install/tm_mod_urdf:/home/rslomron/tm_custom/install/tm_get_status:/opt/ros/humble /usr/bin/cmake --install /home/rslomron/tm_custom/build/tm_msgs
[0.842s] -- Install configuration: ""
[0.842s] -- Installing: /home/rslomron/tm_custom/install/tm_msgs/share/ament_index/resource_index/package_run_dependencies/tm_msgs
[0.842s] -- Installing: /home/rslomron/tm_custom/install/tm_msgs/share/ament_index/resource_index/parent_prefix_path/tm_msgs
[0.842s] -- Installing: /home/rslomron/tm_custom/install/tm_msgs/share/tm_msgs/environment/ament_prefix_path.sh
[0.842s] -- Installing: /home/rslomron/tm_custom/install/tm_msgs/share/tm_msgs/environment/ament_prefix_path.dsv
[0.843s] -- Installing: /home/rslomron/tm_custom/install/tm_msgs/share/tm_msgs/environment/path.sh
[0.843s] -- Installing: /home/rslomron/tm_custom/install/tm_msgs/share/tm_msgs/environment/path.dsv
[0.843s] -- Installing: /home/rslomron/tm_custom/install/tm_msgs/share/tm_msgs/local_setup.bash
[0.843s] -- Installing: /home/rslomron/tm_custom/install/tm_msgs/share/tm_msgs/local_setup.sh
[0.843s] -- Installing: /home/rslomron/tm_custom/install/tm_msgs/share/tm_msgs/local_setup.zsh
[0.844s] -- Installing: /home/rslomron/tm_custom/install/tm_msgs/share/tm_msgs/local_setup.dsv
[0.844s] -- Installing: /home/rslomron/tm_custom/install/tm_msgs/share/tm_msgs/package.dsv
[0.844s] -- Installing: /home/rslomron/tm_custom/install/tm_msgs/share/ament_index/resource_index/packages/tm_msgs
[0.844s] -- Installing: /home/rslomron/tm_custom/install/tm_msgs/share/tm_msgs/cmake/tm_msgsConfig.cmake
[0.844s] -- Installing: /home/rslomron/tm_custom/install/tm_msgs/share/tm_msgs/cmake/tm_msgsConfig-version.cmake
[0.845s] -- Installing: /home/rslomron/tm_custom/install/tm_msgs/share/tm_msgs/package.xml
[0.847s] Invoked command in '/home/rslomron/tm_custom/build/tm_msgs' returned '0': CMAKE_PREFIX_PATH=${CMAKE_PREFIX_PATH}:/home/rslomron/tm_custom/install/tm_mod_urdf:/home/rslomron/tm_custom/install/tm_get_status:/opt/ros/humble /usr/bin/cmake --install /home/rslomron/tm_custom/build/tm_msgs
