[35m[1mConsolidate compiler generated dependencies of target tm_driver[0m
[100%] Built target tm_driver
-- Install configuration: ""
-- Installing: /home/rslomron/tm_custom/install/tm_driver/lib/tm_driver/tm_driver
-- Set runtime path of "/home/rslomron/tm_custom/install/tm_driver/lib/tm_driver/tm_driver" to ""
-- Installing: /home/rslomron/tm_custom/install/tm_driver/share/tm_driver/launch
-- Installing: /home/rslomron/tm_custom/install/tm_driver/share/tm_driver/launch/tm_bringup.launch.py
-- Installing: /home/rslomron/tm_custom/install/tm_driver/share/ament_index/resource_index/package_run_dependencies/tm_driver
-- Installing: /home/rslomron/tm_custom/install/tm_driver/share/ament_index/resource_index/parent_prefix_path/tm_driver
-- Up-to-date: /home/rslomron/tm_custom/install/tm_driver/share/tm_driver/environment/ament_prefix_path.sh
-- Installing: /home/rslomron/tm_custom/install/tm_driver/share/tm_driver/environment/ament_prefix_path.dsv
-- Up-to-date: /home/rslomron/tm_custom/install/tm_driver/share/tm_driver/environment/path.sh
-- Installing: /home/rslomron/tm_custom/install/tm_driver/share/tm_driver/environment/path.dsv
-- Up-to-date: /home/rslomron/tm_custom/install/tm_driver/share/tm_driver/local_setup.bash
-- Up-to-date: /home/rslomron/tm_custom/install/tm_driver/share/tm_driver/local_setup.sh
-- Up-to-date: /home/rslomron/tm_custom/install/tm_driver/share/tm_driver/local_setup.zsh
-- Installing: /home/rslomron/tm_custom/install/tm_driver/share/tm_driver/local_setup.dsv
-- Installing: /home/rslomron/tm_custom/install/tm_driver/share/tm_driver/package.dsv
-- Up-to-date: /home/rslomron/tm_custom/install/tm_driver/share/ament_index/resource_index/packages/tm_driver
-- Up-to-date: /home/rslomron/tm_custom/install/tm_driver/share/tm_driver/cmake/tm_driverConfig.cmake
-- Up-to-date: /home/rslomron/tm_custom/install/tm_driver/share/tm_driver/cmake/tm_driverConfig-version.cmake
-- Installing: /home/rslomron/tm_custom/install/tm_driver/share/tm_driver/package.xml
