[0.017s] Invoking command in '/home/rslomron/tm_custom/build/tm_driver': AMENT_PREFIX_PATH=/home/rslomron/tm_custom/install/tm_msgs:${AMENT_PREFIX_PATH} CMAKE_PREFIX_PATH=/home/rslomron/tm_custom/install/tm_msgs:/opt/ros/humble LD_LIBRARY_PATH=/home/rslomron/tm_custom/install/tm_msgs/lib:${LD_LIBRARY_PATH} PYTHONPATH=/home/rslomron/tm_custom/install/tm_msgs/local/lib/python3.10/dist-packages:${PYTHONPATH} /usr/bin/cmake --build /home/rslomron/tm_custom/build/tm_driver -- -j8 -l8
[0.112s] [35m[1mConsolidate compiler generated dependencies of target tm_driver[0m
[0.216s] [100%] Built target tm_driver
[0.231s] Invoked command in '/home/rslomron/tm_custom/build/tm_driver' returned '0': AMENT_PREFIX_PATH=/home/rslomron/tm_custom/install/tm_msgs:${AMENT_PREFIX_PATH} CMAKE_PREFIX_PATH=/home/rslomron/tm_custom/install/tm_msgs:/opt/ros/humble LD_LIBRARY_PATH=/home/rslomron/tm_custom/install/tm_msgs/lib:${LD_LIBRARY_PATH} PYTHONPATH=/home/rslomron/tm_custom/install/tm_msgs/local/lib/python3.10/dist-packages:${PYTHONPATH} /usr/bin/cmake --build /home/rslomron/tm_custom/build/tm_driver -- -j8 -l8
[1.152s] Invoking command in '/home/rslomron/tm_custom/build/tm_driver': AMENT_PREFIX_PATH=/home/rslomron/tm_custom/install/tm_msgs:${AMENT_PREFIX_PATH} CMAKE_PREFIX_PATH=/home/rslomron/tm_custom/install/tm_msgs:/opt/ros/humble LD_LIBRARY_PATH=/home/rslomron/tm_custom/install/tm_msgs/lib:${LD_LIBRARY_PATH} PYTHONPATH=/home/rslomron/tm_custom/install/tm_msgs/local/lib/python3.10/dist-packages:${PYTHONPATH} /usr/bin/cmake --install /home/rslomron/tm_custom/build/tm_driver
[1.168s] -- Install configuration: ""
[1.168s] -- Installing: /home/rslomron/tm_custom/install/tm_driver/lib/tm_driver/tm_driver
[1.174s] -- Set runtime path of "/home/rslomron/tm_custom/install/tm_driver/lib/tm_driver/tm_driver" to ""
[1.174s] -- Installing: /home/rslomron/tm_custom/install/tm_driver/share/tm_driver/launch
[1.175s] -- Installing: /home/rslomron/tm_custom/install/tm_driver/share/tm_driver/launch/tm_bringup.launch.py
[1.175s] -- Installing: /home/rslomron/tm_custom/install/tm_driver/share/ament_index/resource_index/package_run_dependencies/tm_driver
[1.176s] -- Installing: /home/rslomron/tm_custom/install/tm_driver/share/ament_index/resource_index/parent_prefix_path/tm_driver
[1.176s] -- Up-to-date: /home/rslomron/tm_custom/install/tm_driver/share/tm_driver/environment/ament_prefix_path.sh
[1.176s] -- Installing: /home/rslomron/tm_custom/install/tm_driver/share/tm_driver/environment/ament_prefix_path.dsv
[1.176s] -- Up-to-date: /home/rslomron/tm_custom/install/tm_driver/share/tm_driver/environment/path.sh
[1.176s] -- Installing: /home/rslomron/tm_custom/install/tm_driver/share/tm_driver/environment/path.dsv
[1.177s] -- Up-to-date: /home/rslomron/tm_custom/install/tm_driver/share/tm_driver/local_setup.bash
[1.177s] -- Up-to-date: /home/rslomron/tm_custom/install/tm_driver/share/tm_driver/local_setup.sh
[1.177s] -- Up-to-date: /home/rslomron/tm_custom/install/tm_driver/share/tm_driver/local_setup.zsh
[1.177s] -- Installing: /home/rslomron/tm_custom/install/tm_driver/share/tm_driver/local_setup.dsv
[1.177s] -- Installing: /home/rslomron/tm_custom/install/tm_driver/share/tm_driver/package.dsv
[1.177s] -- Up-to-date: /home/rslomron/tm_custom/install/tm_driver/share/ament_index/resource_index/packages/tm_driver
[1.178s] -- Up-to-date: /home/rslomron/tm_custom/install/tm_driver/share/tm_driver/cmake/tm_driverConfig.cmake
[1.178s] -- Up-to-date: /home/rslomron/tm_custom/install/tm_driver/share/tm_driver/cmake/tm_driverConfig-version.cmake
[1.178s] -- Installing: /home/rslomron/tm_custom/install/tm_driver/share/tm_driver/package.xml
[1.187s] Invoked command in '/home/rslomron/tm_custom/build/tm_driver' returned '0': AMENT_PREFIX_PATH=/home/rslomron/tm_custom/install/tm_msgs:${AMENT_PREFIX_PATH} CMAKE_PREFIX_PATH=/home/rslomron/tm_custom/install/tm_msgs:/opt/ros/humble LD_LIBRARY_PATH=/home/rslomron/tm_custom/install/tm_msgs/lib:${LD_LIBRARY_PATH} PYTHONPATH=/home/rslomron/tm_custom/install/tm_msgs/local/lib/python3.10/dist-packages:${PYTHONPATH} /usr/bin/cmake --install /home/rslomron/tm_custom/build/tm_driver
