[0.025s] Invoking command in '/home/rslomron/tm_custom/build/tm_moveit_config_tm14x': AMENT_PREFIX_PATH=/home/rslomron/tm_custom/install/tm_description:${AMENT_PREFIX_PATH} CMAKE_PREFIX_PATH=/home/rslomron/tm_custom/install/tm_description:/opt/ros/humble /usr/bin/cmake --build /home/rslomron/tm_custom/build/tm_moveit_config_tm14x -- -j8 -l8
[0.089s] Invoked command in '/home/rslomron/tm_custom/build/tm_moveit_config_tm14x' returned '0': AMENT_PREFIX_PATH=/home/rslomron/tm_custom/install/tm_description:${AMENT_PREFIX_PATH} CMAKE_PREFIX_PATH=/home/rslomron/tm_custom/install/tm_description:/opt/ros/humble /usr/bin/cmake --build /home/rslomron/tm_custom/build/tm_moveit_config_tm14x -- -j8 -l8
[0.140s] Invoking command in '/home/rslomron/tm_custom/build/tm_moveit_config_tm14x': AMENT_PREFIX_PATH=/home/rslomron/tm_custom/install/tm_description:${AMENT_PREFIX_PATH} CMAKE_PREFIX_PATH=/home/rslomron/tm_custom/install/tm_description:/opt/ros/humble /usr/bin/cmake --install /home/rslomron/tm_custom/build/tm_moveit_config_tm14x
[0.164s] -- Install configuration: ""
[0.164s] -- Up-to-date: /home/rslomron/tm_custom/install/tm_moveit_config_tm14x/share/ament_index/resource_index/package_run_dependencies/tm_moveit_config_tm14x
[0.164s] -- Up-to-date: /home/rslomron/tm_custom/install/tm_moveit_config_tm14x/share/ament_index/resource_index/parent_prefix_path/tm_moveit_config_tm14x
[0.164s] -- Up-to-date: /home/rslomron/tm_custom/install/tm_moveit_config_tm14x/share/tm_moveit_config_tm14x/environment/ament_prefix_path.sh
[0.164s] -- Up-to-date: /home/rslomron/tm_custom/install/tm_moveit_config_tm14x/share/tm_moveit_config_tm14x/environment/ament_prefix_path.dsv
[0.164s] -- Up-to-date: /home/rslomron/tm_custom/install/tm_moveit_config_tm14x/share/tm_moveit_config_tm14x/environment/path.sh
[0.164s] -- Up-to-date: /home/rslomron/tm_custom/install/tm_moveit_config_tm14x/share/tm_moveit_config_tm14x/environment/path.dsv
[0.164s] -- Up-to-date: /home/rslomron/tm_custom/install/tm_moveit_config_tm14x/share/tm_moveit_config_tm14x/local_setup.bash
[0.164s] -- Up-to-date: /home/rslomron/tm_custom/install/tm_moveit_config_tm14x/share/tm_moveit_config_tm14x/local_setup.sh
[0.164s] -- Up-to-date: /home/rslomron/tm_custom/install/tm_moveit_config_tm14x/share/tm_moveit_config_tm14x/local_setup.zsh
[0.164s] -- Up-to-date: /home/rslomron/tm_custom/install/tm_moveit_config_tm14x/share/tm_moveit_config_tm14x/local_setup.dsv
[0.164s] -- Installing: /home/rslomron/tm_custom/install/tm_moveit_config_tm14x/share/tm_moveit_config_tm14x/package.dsv
[0.164s] -- Up-to-date: /home/rslomron/tm_custom/install/tm_moveit_config_tm14x/share/ament_index/resource_index/packages/tm_moveit_config_tm14x
[0.165s] -- Up-to-date: /home/rslomron/tm_custom/install/tm_moveit_config_tm14x/share/tm_moveit_config_tm14x/cmake/tm_moveit_config_tm14xConfig.cmake
[0.165s] -- Up-to-date: /home/rslomron/tm_custom/install/tm_moveit_config_tm14x/share/tm_moveit_config_tm14x/cmake/tm_moveit_config_tm14xConfig-version.cmake
[0.165s] -- Up-to-date: /home/rslomron/tm_custom/install/tm_moveit_config_tm14x/share/tm_moveit_config_tm14x/package.xml
[0.176s] Invoked command in '/home/rslomron/tm_custom/build/tm_moveit_config_tm14x' returned '0': AMENT_PREFIX_PATH=/home/rslomron/tm_custom/install/tm_description:${AMENT_PREFIX_PATH} CMAKE_PREFIX_PATH=/home/rslomron/tm_custom/install/tm_description:/opt/ros/humble /usr/bin/cmake --install /home/rslomron/tm_custom/build/tm_moveit_config_tm14x
