[0.033s] Invoking command in '/home/rslomron/MoMa/tm_custom/build/tm_moveit_config_tm5-700': AMENT_PREFIX_PATH=/home/rslomron/MoMa/tm_custom/install/tm_description:${AMENT_PREFIX_PATH} CMAKE_PREFIX_PATH=/home/rslomron/MoMa/tm_custom/install/tm_description:/opt/ros/humble /usr/bin/cmake /home/rslomron/MoMa/tm_custom/src/tm_moveit_config_tm5-700 -DCMAKE_INSTALL_PREFIX=/home/rslomron/MoMa/tm_custom/install/tm_moveit_config_tm5-700
[0.194s] -- The C compiler identification is GNU 11.4.0
[0.318s] -- The CXX compiler identification is GNU 11.4.0
[0.352s] -- Detecting C compiler ABI info
[0.626s] -- Detecting C compiler ABI info - done
[0.650s] -- Check for working C compiler: /usr/bin/cc - skipped
[0.651s] -- Detecting C compile features
[0.652s] -- Detecting C compile features - done
[0.657s] -- Detecting CXX compiler ABI info
[0.945s] -- Detecting CXX compiler ABI info - done
[0.979s] -- Check for working CXX compiler: /usr/bin/c++ - skipped
[0.979s] -- Detecting CXX compile features
[0.981s] -- Detecting CXX compile features - done
[0.987s] -- Found ament_cmake: 1.3.8 (/opt/ros/humble/share/ament_cmake/cmake)
[1.379s] -- Found Python3: /usr/bin/python3 (found version "3.10.12") found components: Interpreter 
[1.661s] -- Configuring done
[1.665s] -- Generating done
[1.666s] -- Build files have been written to: /home/rslomron/MoMa/tm_custom/build/tm_moveit_config_tm5-700
[1.679s] Invoked command in '/home/rslomron/MoMa/tm_custom/build/tm_moveit_config_tm5-700' returned '0': AMENT_PREFIX_PATH=/home/rslomron/MoMa/tm_custom/install/tm_description:${AMENT_PREFIX_PATH} CMAKE_PREFIX_PATH=/home/rslomron/MoMa/tm_custom/install/tm_description:/opt/ros/humble /usr/bin/cmake /home/rslomron/MoMa/tm_custom/src/tm_moveit_config_tm5-700 -DCMAKE_INSTALL_PREFIX=/home/rslomron/MoMa/tm_custom/install/tm_moveit_config_tm5-700
[1.679s] Invoking command in '/home/rslomron/MoMa/tm_custom/build/tm_moveit_config_tm5-700': AMENT_PREFIX_PATH=/home/rslomron/MoMa/tm_custom/install/tm_description:${AMENT_PREFIX_PATH} CMAKE_PREFIX_PATH=/home/rslomron/MoMa/tm_custom/install/tm_description:/opt/ros/humble /usr/bin/cmake --build /home/rslomron/MoMa/tm_custom/build/tm_moveit_config_tm5-700 -- -j8 -l8
[2.026s] Invoked command in '/home/rslomron/MoMa/tm_custom/build/tm_moveit_config_tm5-700' returned '0': AMENT_PREFIX_PATH=/home/rslomron/MoMa/tm_custom/install/tm_description:${AMENT_PREFIX_PATH} CMAKE_PREFIX_PATH=/home/rslomron/MoMa/tm_custom/install/tm_description:/opt/ros/humble /usr/bin/cmake --build /home/rslomron/MoMa/tm_custom/build/tm_moveit_config_tm5-700 -- -j8 -l8
[2.124s] Invoking command in '/home/rslomron/MoMa/tm_custom/build/tm_moveit_config_tm5-700': AMENT_PREFIX_PATH=/home/rslomron/MoMa/tm_custom/install/tm_description:${AMENT_PREFIX_PATH} CMAKE_PREFIX_PATH=/home/rslomron/MoMa/tm_custom/install/tm_description:/opt/ros/humble /usr/bin/cmake --install /home/rslomron/MoMa/tm_custom/build/tm_moveit_config_tm5-700
[2.218s] -- Install configuration: ""
[2.219s] -- Installing: /home/rslomron/MoMa/tm_custom/install/tm_moveit_config_tm5-700/share/ament_index/resource_index/package_run_dependencies/tm_moveit_config_tm5-700
[2.219s] -- Installing: /home/rslomron/MoMa/tm_custom/install/tm_moveit_config_tm5-700/share/ament_index/resource_index/parent_prefix_path/tm_moveit_config_tm5-700
[2.236s] -- Installing: /home/rslomron/MoMa/tm_custom/install/tm_moveit_config_tm5-700/share/tm_moveit_config_tm5-700/environment/ament_prefix_path.sh
[2.236s] -- Installing: /home/rslomron/MoMa/tm_custom/install/tm_moveit_config_tm5-700/share/tm_moveit_config_tm5-700/environment/ament_prefix_path.dsv
[2.236s] -- Installing: /home/rslomron/MoMa/tm_custom/install/tm_moveit_config_tm5-700/share/tm_moveit_config_tm5-700/environment/path.sh
[2.236s] -- Installing: /home/rslomron/MoMa/tm_custom/install/tm_moveit_config_tm5-700/share/tm_moveit_config_tm5-700/environment/path.dsv
[2.236s] -- Installing: /home/rslomron/MoMa/tm_custom/install/tm_moveit_config_tm5-700/share/tm_moveit_config_tm5-700/local_setup.bash
[2.237s] -- Installing: /home/rslomron/MoMa/tm_custom/install/tm_moveit_config_tm5-700/share/tm_moveit_config_tm5-700/local_setup.sh
[2.237s] -- Installing: /home/rslomron/MoMa/tm_custom/install/tm_moveit_config_tm5-700/share/tm_moveit_config_tm5-700/local_setup.zsh
[2.237s] -- Installing: /home/rslomron/MoMa/tm_custom/install/tm_moveit_config_tm5-700/share/tm_moveit_config_tm5-700/local_setup.dsv
[2.237s] -- Installing: /home/rslomron/MoMa/tm_custom/install/tm_moveit_config_tm5-700/share/tm_moveit_config_tm5-700/package.dsv
[2.237s] -- Installing: /home/rslomron/MoMa/tm_custom/install/tm_moveit_config_tm5-700/share/ament_index/resource_index/packages/tm_moveit_config_tm5-700
[2.237s] -- Installing: /home/rslomron/MoMa/tm_custom/install/tm_moveit_config_tm5-700/share/tm_moveit_config_tm5-700/cmake/tm_moveit_config_tm5-700Config.cmake
[2.237s] -- Installing: /home/rslomron/MoMa/tm_custom/install/tm_moveit_config_tm5-700/share/tm_moveit_config_tm5-700/cmake/tm_moveit_config_tm5-700Config-version.cmake
[2.237s] -- Installing: /home/rslomron/MoMa/tm_custom/install/tm_moveit_config_tm5-700/share/tm_moveit_config_tm5-700/package.xml
[2.238s] -- Installing: /home/rslomron/MoMa/tm_custom/install/tm_moveit_config_tm5-700/share/tm_moveit_config_tm5-700/config
[2.238s] -- Installing: /home/rslomron/MoMa/tm_custom/install/tm_moveit_config_tm5-700/share/tm_moveit_config_tm5-700/config/ros_controllers.yaml
[2.238s] -- Installing: /home/rslomron/MoMa/tm_custom/install/tm_moveit_config_tm5-700/share/tm_moveit_config_tm5-700/config/fake_controllers.yaml
[2.238s] -- Installing: /home/rslomron/MoMa/tm_custom/install/tm_moveit_config_tm5-700/share/tm_moveit_config_tm5-700/config/tm5-700.srdf
[2.238s] -- Installing: /home/rslomron/MoMa/tm_custom/install/tm_moveit_config_tm5-700/share/tm_moveit_config_tm5-700/config/stomp_planning.yaml
[2.238s] -- Installing: /home/rslomron/MoMa/tm_custom/install/tm_moveit_config_tm5-700/share/tm_moveit_config_tm5-700/config/ompl_planning.yaml
[2.238s] -- Installing: /home/rslomron/MoMa/tm_custom/install/tm_moveit_config_tm5-700/share/tm_moveit_config_tm5-700/config/chomp_planning.yaml
[2.238s] -- Installing: /home/rslomron/MoMa/tm_custom/install/tm_moveit_config_tm5-700/share/tm_moveit_config_tm5-700/config/sensors_3d.yaml
[2.238s] -- Installing: /home/rslomron/MoMa/tm_custom/install/tm_moveit_config_tm5-700/share/tm_moveit_config_tm5-700/config/kinematics.yaml
[2.239s] -- Installing: /home/rslomron/MoMa/tm_custom/install/tm_moveit_config_tm5-700/share/tm_moveit_config_tm5-700/config/joint_limits.yaml
[2.260s] Invoked command in '/home/rslomron/MoMa/tm_custom/build/tm_moveit_config_tm5-700' returned '0': AMENT_PREFIX_PATH=/home/rslomron/MoMa/tm_custom/install/tm_description:${AMENT_PREFIX_PATH} CMAKE_PREFIX_PATH=/home/rslomron/MoMa/tm_custom/install/tm_description:/opt/ros/humble /usr/bin/cmake --install /home/rslomron/MoMa/tm_custom/build/tm_moveit_config_tm5-700
