[0.048s] Invoking command in '/home/rslomron/tm_custom/build/tm_moveit_config_tm14': CMAKE_PREFIX_PATH=/home/rslomron/tm_custom/install/tm_description:/home/rslomron/tm_custom/install/ui_for_debug_and_demo:/home/rslomron/tm_custom/install/tm_driver:/home/rslomron/tm_custom/install/demo:/home/rslomron/tm_custom/install/tm_msgs:/home/rslomron/tm_custom/install/tm_moveit_cpp_demo:/home/rslomron/tm_custom/install/tm_moveit_config_tm5x-900:/home/rslomron/tm_custom/install/tm_moveit_config_tm5x-700:/home/rslomron/tm_custom/install/tm_moveit_config_tm5-900:/home/rslomron/tm_custom/install/tm_moveit_config_tm5-700:/home/rslomron/tm_custom/install/tm_moveit_config_tm14x:/home/rslomron/tm_custom/install/tm_moveit_config_tm14:/home/rslomron/tm_custom/install/tm_moveit_config_tm12x:/home/rslomron/tm_custom/install/tm_moveit_config_tm12:/home/rslomron/tm_custom/install/custom_package:/home/rslomron/tm_custom/install/techman_robot_msgs:/home/rslomron/tm_custom/install/tm_mod_urdf:/home/rslomron/tm_custom/install/techman_robot_get_status:/opt/ros/humble /usr/bin/cmake --build /home/rslomron/tm_custom/build/tm_moveit_config_tm14 -- -j8 -l8
[0.091s] Invoked command in '/home/rslomron/tm_custom/build/tm_moveit_config_tm14' returned '0': CMAKE_PREFIX_PATH=/home/rslomron/tm_custom/install/tm_description:/home/rslomron/tm_custom/install/ui_for_debug_and_demo:/home/rslomron/tm_custom/install/tm_driver:/home/rslomron/tm_custom/install/demo:/home/rslomron/tm_custom/install/tm_msgs:/home/rslomron/tm_custom/install/tm_moveit_cpp_demo:/home/rslomron/tm_custom/install/tm_moveit_config_tm5x-900:/home/rslomron/tm_custom/install/tm_moveit_config_tm5x-700:/home/rslomron/tm_custom/install/tm_moveit_config_tm5-900:/home/rslomron/tm_custom/install/tm_moveit_config_tm5-700:/home/rslomron/tm_custom/install/tm_moveit_config_tm14x:/home/rslomron/tm_custom/install/tm_moveit_config_tm14:/home/rslomron/tm_custom/install/tm_moveit_config_tm12x:/home/rslomron/tm_custom/install/tm_moveit_config_tm12:/home/rslomron/tm_custom/install/custom_package:/home/rslomron/tm_custom/install/techman_robot_msgs:/home/rslomron/tm_custom/install/tm_mod_urdf:/home/rslomron/tm_custom/install/techman_robot_get_status:/opt/ros/humble /usr/bin/cmake --build /home/rslomron/tm_custom/build/tm_moveit_config_tm14 -- -j8 -l8
[0.134s] Invoking command in '/home/rslomron/tm_custom/build/tm_moveit_config_tm14': CMAKE_PREFIX_PATH=/home/rslomron/tm_custom/install/tm_description:/home/rslomron/tm_custom/install/ui_for_debug_and_demo:/home/rslomron/tm_custom/install/tm_driver:/home/rslomron/tm_custom/install/demo:/home/rslomron/tm_custom/install/tm_msgs:/home/rslomron/tm_custom/install/tm_moveit_cpp_demo:/home/rslomron/tm_custom/install/tm_moveit_config_tm5x-900:/home/rslomron/tm_custom/install/tm_moveit_config_tm5x-700:/home/rslomron/tm_custom/install/tm_moveit_config_tm5-900:/home/rslomron/tm_custom/install/tm_moveit_config_tm5-700:/home/rslomron/tm_custom/install/tm_moveit_config_tm14x:/home/rslomron/tm_custom/install/tm_moveit_config_tm14:/home/rslomron/tm_custom/install/tm_moveit_config_tm12x:/home/rslomron/tm_custom/install/tm_moveit_config_tm12:/home/rslomron/tm_custom/install/custom_package:/home/rslomron/tm_custom/install/techman_robot_msgs:/home/rslomron/tm_custom/install/tm_mod_urdf:/home/rslomron/tm_custom/install/techman_robot_get_status:/opt/ros/humble /usr/bin/cmake --install /home/rslomron/tm_custom/build/tm_moveit_config_tm14
[0.152s] -- Install configuration: ""
[0.152s] -- Up-to-date: /home/rslomron/tm_custom/install/tm_moveit_config_tm14/share/ament_index/resource_index/package_run_dependencies/tm_moveit_config_tm14
[0.153s] -- Up-to-date: /home/rslomron/tm_custom/install/tm_moveit_config_tm14/share/ament_index/resource_index/parent_prefix_path/tm_moveit_config_tm14
[0.153s] -- Up-to-date: /home/rslomron/tm_custom/install/tm_moveit_config_tm14/share/tm_moveit_config_tm14/environment/ament_prefix_path.sh
[0.153s] -- Up-to-date: /home/rslomron/tm_custom/install/tm_moveit_config_tm14/share/tm_moveit_config_tm14/environment/ament_prefix_path.dsv
[0.154s] -- Up-to-date: /home/rslomron/tm_custom/install/tm_moveit_config_tm14/share/tm_moveit_config_tm14/environment/path.sh
[0.154s] -- Up-to-date: /home/rslomron/tm_custom/install/tm_moveit_config_tm14/share/tm_moveit_config_tm14/environment/path.dsv
[0.154s] -- Up-to-date: /home/rslomron/tm_custom/install/tm_moveit_config_tm14/share/tm_moveit_config_tm14/local_setup.bash
[0.154s] -- Up-to-date: /home/rslomron/tm_custom/install/tm_moveit_config_tm14/share/tm_moveit_config_tm14/local_setup.sh
[0.154s] -- Up-to-date: /home/rslomron/tm_custom/install/tm_moveit_config_tm14/share/tm_moveit_config_tm14/local_setup.zsh
[0.155s] -- Up-to-date: /home/rslomron/tm_custom/install/tm_moveit_config_tm14/share/tm_moveit_config_tm14/local_setup.dsv
[0.155s] -- Installing: /home/rslomron/tm_custom/install/tm_moveit_config_tm14/share/tm_moveit_config_tm14/package.dsv
[0.155s] -- Up-to-date: /home/rslomron/tm_custom/install/tm_moveit_config_tm14/share/ament_index/resource_index/packages/tm_moveit_config_tm14
[0.156s] -- Up-to-date: /home/rslomron/tm_custom/install/tm_moveit_config_tm14/share/tm_moveit_config_tm14/cmake/tm_moveit_config_tm14Config.cmake
[0.156s] -- Up-to-date: /home/rslomron/tm_custom/install/tm_moveit_config_tm14/share/tm_moveit_config_tm14/cmake/tm_moveit_config_tm14Config-version.cmake
[0.156s] -- Up-to-date: /home/rslomron/tm_custom/install/tm_moveit_config_tm14/share/tm_moveit_config_tm14/package.xml
[0.158s] -- Up-to-date: /home/rslomron/tm_custom/install/tm_moveit_config_tm14/share/tm_moveit_config_tm14/config
[0.159s] -- Up-to-date: /home/rslomron/tm_custom/install/tm_moveit_config_tm14/share/tm_moveit_config_tm14/config/ros_controllers.yaml
[0.159s] -- Up-to-date: /home/rslomron/tm_custom/install/tm_moveit_config_tm14/share/tm_moveit_config_tm14/config/tm14.srdf
[0.159s] -- Up-to-date: /home/rslomron/tm_custom/install/tm_moveit_config_tm14/share/tm_moveit_config_tm14/config/fake_controllers.yaml
[0.160s] -- Up-to-date: /home/rslomron/tm_custom/install/tm_moveit_config_tm14/share/tm_moveit_config_tm14/config/stomp_planning.yaml
[0.160s] -- Up-to-date: /home/rslomron/tm_custom/install/tm_moveit_config_tm14/share/tm_moveit_config_tm14/config/ompl_planning.yaml
[0.160s] -- Up-to-date: /home/rslomron/tm_custom/install/tm_moveit_config_tm14/share/tm_moveit_config_tm14/config/chomp_planning.yaml
[0.160s] -- Up-to-date: /home/rslomron/tm_custom/install/tm_moveit_config_tm14/share/tm_moveit_config_tm14/config/sensors_3d.yaml
[0.161s] -- Up-to-date: /home/rslomron/tm_custom/install/tm_moveit_config_tm14/share/tm_moveit_config_tm14/config/kinematics.yaml
[0.161s] -- Up-to-date: /home/rslomron/tm_custom/install/tm_moveit_config_tm14/share/tm_moveit_config_tm14/config/joint_limits.yaml
[0.173s] Invoked command in '/home/rslomron/tm_custom/build/tm_moveit_config_tm14' returned '0': CMAKE_PREFIX_PATH=/home/rslomron/tm_custom/install/tm_description:/home/rslomron/tm_custom/install/ui_for_debug_and_demo:/home/rslomron/tm_custom/install/tm_driver:/home/rslomron/tm_custom/install/demo:/home/rslomron/tm_custom/install/tm_msgs:/home/rslomron/tm_custom/install/tm_moveit_cpp_demo:/home/rslomron/tm_custom/install/tm_moveit_config_tm5x-900:/home/rslomron/tm_custom/install/tm_moveit_config_tm5x-700:/home/rslomron/tm_custom/install/tm_moveit_config_tm5-900:/home/rslomron/tm_custom/install/tm_moveit_config_tm5-700:/home/rslomron/tm_custom/install/tm_moveit_config_tm14x:/home/rslomron/tm_custom/install/tm_moveit_config_tm14:/home/rslomron/tm_custom/install/tm_moveit_config_tm12x:/home/rslomron/tm_custom/install/tm_moveit_config_tm12:/home/rslomron/tm_custom/install/custom_package:/home/rslomron/tm_custom/install/techman_robot_msgs:/home/rslomron/tm_custom/install/tm_mod_urdf:/home/rslomron/tm_custom/install/techman_robot_get_status:/opt/ros/humble /usr/bin/cmake --install /home/rslomron/tm_custom/build/tm_moveit_config_tm14
