[0.029s] Invoking command in '/home/rslomron/tm_custom/build/demo': AMENT_PREFIX_PATH=/home/rslomron/tm_custom/install/tm_msgs:${AMENT_PREFIX_PATH} CMAKE_PREFIX_PATH=/home/rslomron/tm_custom/install/tm_msgs:/home/rslomron/moveit2_ws/install/pilz_industrial_motion_planner_testutils:/home/rslomron/moveit2_ws/install/moveit_runtime:/home/rslomron/moveit2_ws/install/moveit:/home/rslomron/moveit2_ws/install/moveit_planners:/home/rslomron/moveit2_ws/install/pilz_industrial_motion_planner:/home/rslomron/moveit2_ws/install/moveit_ros_control_interface:/home/rslomron/moveit2_ws/install/moveit_plugins:/home/rslomron/moveit2_ws/install/moveit_simple_controller_manager:/home/rslomron/moveit2_ws/install/moveit_setup_assistant:/home/rslomron/moveit2_ws/install/moveit_setup_srdf_plugins:/home/rslomron/moveit2_ws/install/moveit_setup_core_plugins:/home/rslomron/moveit2_ws/install/moveit_setup_controllers:/home/rslomron/moveit2_ws/install/moveit_setup_app_plugins:/home/rslomron/moveit2_ws/install/moveit_setup_framework:/home/rslomron/moveit2_ws/install/moveit_servo:/home/rslomron/moveit2_ws/install/moveit_ros:/home/rslomron/moveit2_ws/install/moveit_ros_visualization:/home/rslomron/moveit2_ws/install/moveit_hybrid_planning:/home/rslomron/moveit2_ws/install/moveit_ros_planning_interface:/home/rslomron/moveit2_ws/install/moveit_ros_benchmarks:/home/rslomron/moveit2_ws/install/moveit_ros_warehouse:/home/rslomron/moveit2_ws/install/moveit_ros_robot_interaction:/home/rslomron/moveit2_ws/install/moveit_ros_perception:/home/rslomron/moveit2_ws/install/moveit_resources_prbt_pg70_support:/home/rslomron/moveit2_ws/install/moveit_resources_prbt_moveit_config:/home/rslomron/moveit2_ws/install/moveit_ros_move_group:/home/rslomron/moveit2_ws/install/moveit_planners_ompl:/home/rslomron/moveit2_ws/install/moveit_ros_planning:/home/rslomron/moveit2_ws/install/moveit_ros_occupancy_map_monitor:/home/rslomron/moveit2_ws/install/moveit_resources_prbt_support:/home/rslomron/moveit2_ws/install/moveit_resources_prbt_ikfast_manipulator_plugin:/home/rslomron/moveit2_ws/install/moveit_resources:/home/rslomron/moveit2_ws/install/moveit_resources_pr2_description:/home/rslomron/moveit2_ws/install/moveit_resources_panda_moveit_config:/home/rslomron/moveit2_ws/install/moveit_resources_panda_description:/home/rslomron/moveit2_ws/install/moveit_resources_fanuc_moveit_config:/home/rslomron/moveit2_ws/install/moveit_resources_fanuc_description:/home/rslomron/moveit2_ws/install/moveit_planners_chomp:/home/rslomron/moveit2_ws/install/moveit_kinematics:/home/rslomron/moveit2_ws/install/moveit_chomp_optimizer_adapter:/home/rslomron/moveit2_ws/install/chomp_motion_planner:/home/rslomron/moveit2_ws/install/moveit_core:/home/rslomron/moveit2_ws/install/moveit_msgs:/home/rslomron/moveit2_ws/install/moveit_common:/home/rslomron/moveit2_ws/install/moveit_configs_utils:/opt/ros/humble LD_LIBRARY_PATH=/home/rslomron/tm_custom/install/tm_msgs/lib:${LD_LIBRARY_PATH} PYTHONPATH=/home/rslomron/tm_custom/install/tm_msgs/local/lib/python3.10/dist-packages:${PYTHONPATH} /usr/bin/cmake /home/rslomron/tm_custom/src/demo -DCMAKE_INSTALL_PREFIX=/home/rslomron/tm_custom/install/demo
[0.111s] -- The C compiler identification is GNU 11.4.0
[0.181s] -- The CXX compiler identification is GNU 11.4.0
[0.191s] -- Detecting C compiler ABI info
[0.278s] -- Detecting C compiler ABI info - done
[0.286s] -- Check for working C compiler: /usr/bin/cc - skipped
[0.286s] -- Detecting C compile features
[0.287s] -- Detecting C compile features - done
[0.291s] -- Detecting CXX compiler ABI info
[0.398s] -- Detecting CXX compiler ABI info - done
[0.408s] -- Check for working CXX compiler: /usr/bin/c++ - skipped
[0.408s] -- Detecting CXX compile features
[0.408s] -- Detecting CXX compile features - done
[0.415s] -- Found ament_cmake: 1.3.8 (/opt/ros/humble/share/ament_cmake/cmake)
[0.588s] -- Found Python3: /usr/bin/python3 (found version "3.10.12") found components: Interpreter 
[0.764s] -- Found rclcpp: 16.0.8 (/opt/ros/humble/share/rclcpp/cmake)
[0.855s] -- Found rosidl_generator_c: 3.1.5 (/opt/ros/humble/share/rosidl_generator_c/cmake)
[0.868s] -- Found rosidl_adapter: 3.1.5 (/opt/ros/humble/share/rosidl_adapter/cmake)
[0.885s] -- Found rosidl_generator_cpp: 3.1.5 (/opt/ros/humble/share/rosidl_generator_cpp/cmake)
[0.911s] -- Using all available rosidl_typesupport_c: rosidl_typesupport_fastrtps_c;rosidl_typesupport_introspection_c
[0.945s] -- Using all available rosidl_typesupport_cpp: rosidl_typesupport_fastrtps_cpp;rosidl_typesupport_introspection_cpp
[1.060s] -- Found rmw_implementation_cmake: 6.1.1 (/opt/ros/humble/share/rmw_implementation_cmake/cmake)
[1.068s] -- Found rmw_fastrtps_cpp: 6.2.6 (/opt/ros/humble/share/rmw_fastrtps_cpp/cmake)
[1.211s] -- Found OpenSSL: /usr/lib/x86_64-linux-gnu/libcrypto.so (found version "3.0.2")  
[1.263s] -- Found FastRTPS: /opt/ros/humble/include  
[1.354s] -- Using RMW implementation 'rmw_fastrtps_cpp' as default
[1.389s] -- Looking for pthread.h
[1.488s] -- Looking for pthread.h - found
[1.489s] -- Performing Test CMAKE_HAVE_LIBC_PTHREAD
[1.587s] -- Performing Test CMAKE_HAVE_LIBC_PTHREAD - Success
[1.588s] -- Found Threads: TRUE  
[1.798s] -- Found sensor_msgs: 4.2.3 (/opt/ros/humble/share/sensor_msgs/cmake)
[1.935s] -- Found tm_msgs: 1.1.2 (/home/rslomron/tm_custom/install/tm_msgs/share/tm_msgs/cmake)
[1.987s] -- Found ament_lint_auto: 0.12.10 (/opt/ros/humble/share/ament_lint_auto/cmake)
[2.165s] -- Added test 'cppcheck' to perform static code analysis on C / C++ code
[2.165s] -- Configured cppcheck include dirs: /home/rslomron/tm_custom/src/demo/include
[2.166s] -- Configured cppcheck exclude dirs and/or files: 
[2.167s] -- Added test 'lint_cmake' to check CMake code style
[2.169s] -- Added test 'uncrustify' to check C / C++ code style
[2.169s] -- Configured uncrustify additional arguments: 
[2.170s] -- Added test 'xmllint' to check XML markup files
[2.173s] -- Configuring done
[2.232s] -- Generating done
[2.234s] -- Build files have been written to: /home/rslomron/tm_custom/build/demo
[2.245s] Invoked command in '/home/rslomron/tm_custom/build/demo' returned '0': AMENT_PREFIX_PATH=/home/rslomron/tm_custom/install/tm_msgs:${AMENT_PREFIX_PATH} CMAKE_PREFIX_PATH=/home/rslomron/tm_custom/install/tm_msgs:/home/rslomron/moveit2_ws/install/pilz_industrial_motion_planner_testutils:/home/rslomron/moveit2_ws/install/moveit_runtime:/home/rslomron/moveit2_ws/install/moveit:/home/rslomron/moveit2_ws/install/moveit_planners:/home/rslomron/moveit2_ws/install/pilz_industrial_motion_planner:/home/rslomron/moveit2_ws/install/moveit_ros_control_interface:/home/rslomron/moveit2_ws/install/moveit_plugins:/home/rslomron/moveit2_ws/install/moveit_simple_controller_manager:/home/rslomron/moveit2_ws/install/moveit_setup_assistant:/home/rslomron/moveit2_ws/install/moveit_setup_srdf_plugins:/home/rslomron/moveit2_ws/install/moveit_setup_core_plugins:/home/rslomron/moveit2_ws/install/moveit_setup_controllers:/home/rslomron/moveit2_ws/install/moveit_setup_app_plugins:/home/rslomron/moveit2_ws/install/moveit_setup_framework:/home/rslomron/moveit2_ws/install/moveit_servo:/home/rslomron/moveit2_ws/install/moveit_ros:/home/rslomron/moveit2_ws/install/moveit_ros_visualization:/home/rslomron/moveit2_ws/install/moveit_hybrid_planning:/home/rslomron/moveit2_ws/install/moveit_ros_planning_interface:/home/rslomron/moveit2_ws/install/moveit_ros_benchmarks:/home/rslomron/moveit2_ws/install/moveit_ros_warehouse:/home/rslomron/moveit2_ws/install/moveit_ros_robot_interaction:/home/rslomron/moveit2_ws/install/moveit_ros_perception:/home/rslomron/moveit2_ws/install/moveit_resources_prbt_pg70_support:/home/rslomron/moveit2_ws/install/moveit_resources_prbt_moveit_config:/home/rslomron/moveit2_ws/install/moveit_ros_move_group:/home/rslomron/moveit2_ws/install/moveit_planners_ompl:/home/rslomron/moveit2_ws/install/moveit_ros_planning:/home/rslomron/moveit2_ws/install/moveit_ros_occupancy_map_monitor:/home/rslomron/moveit2_ws/install/moveit_resources_prbt_support:/home/rslomron/moveit2_ws/install/moveit_resources_prbt_ikfast_manipulator_plugin:/home/rslomron/moveit2_ws/install/moveit_resources:/home/rslomron/moveit2_ws/install/moveit_resources_pr2_description:/home/rslomron/moveit2_ws/install/moveit_resources_panda_moveit_config:/home/rslomron/moveit2_ws/install/moveit_resources_panda_description:/home/rslomron/moveit2_ws/install/moveit_resources_fanuc_moveit_config:/home/rslomron/moveit2_ws/install/moveit_resources_fanuc_description:/home/rslomron/moveit2_ws/install/moveit_planners_chomp:/home/rslomron/moveit2_ws/install/moveit_kinematics:/home/rslomron/moveit2_ws/install/moveit_chomp_optimizer_adapter:/home/rslomron/moveit2_ws/install/chomp_motion_planner:/home/rslomron/moveit2_ws/install/moveit_core:/home/rslomron/moveit2_ws/install/moveit_msgs:/home/rslomron/moveit2_ws/install/moveit_common:/home/rslomron/moveit2_ws/install/moveit_configs_utils:/opt/ros/humble LD_LIBRARY_PATH=/home/rslomron/tm_custom/install/tm_msgs/lib:${LD_LIBRARY_PATH} PYTHONPATH=/home/rslomron/tm_custom/install/tm_msgs/local/lib/python3.10/dist-packages:${PYTHONPATH} /usr/bin/cmake /home/rslomron/tm_custom/src/demo -DCMAKE_INSTALL_PREFIX=/home/rslomron/tm_custom/install/demo
[2.247s] Invoking command in '/home/rslomron/tm_custom/build/demo': AMENT_PREFIX_PATH=/home/rslomron/tm_custom/install/tm_msgs:${AMENT_PREFIX_PATH} CMAKE_PREFIX_PATH=/home/rslomron/tm_custom/install/tm_msgs:/home/rslomron/moveit2_ws/install/pilz_industrial_motion_planner_testutils:/home/rslomron/moveit2_ws/install/moveit_runtime:/home/rslomron/moveit2_ws/install/moveit:/home/rslomron/moveit2_ws/install/moveit_planners:/home/rslomron/moveit2_ws/install/pilz_industrial_motion_planner:/home/rslomron/moveit2_ws/install/moveit_ros_control_interface:/home/rslomron/moveit2_ws/install/moveit_plugins:/home/rslomron/moveit2_ws/install/moveit_simple_controller_manager:/home/rslomron/moveit2_ws/install/moveit_setup_assistant:/home/rslomron/moveit2_ws/install/moveit_setup_srdf_plugins:/home/rslomron/moveit2_ws/install/moveit_setup_core_plugins:/home/rslomron/moveit2_ws/install/moveit_setup_controllers:/home/rslomron/moveit2_ws/install/moveit_setup_app_plugins:/home/rslomron/moveit2_ws/install/moveit_setup_framework:/home/rslomron/moveit2_ws/install/moveit_servo:/home/rslomron/moveit2_ws/install/moveit_ros:/home/rslomron/moveit2_ws/install/moveit_ros_visualization:/home/rslomron/moveit2_ws/install/moveit_hybrid_planning:/home/rslomron/moveit2_ws/install/moveit_ros_planning_interface:/home/rslomron/moveit2_ws/install/moveit_ros_benchmarks:/home/rslomron/moveit2_ws/install/moveit_ros_warehouse:/home/rslomron/moveit2_ws/install/moveit_ros_robot_interaction:/home/rslomron/moveit2_ws/install/moveit_ros_perception:/home/rslomron/moveit2_ws/install/moveit_resources_prbt_pg70_support:/home/rslomron/moveit2_ws/install/moveit_resources_prbt_moveit_config:/home/rslomron/moveit2_ws/install/moveit_ros_move_group:/home/rslomron/moveit2_ws/install/moveit_planners_ompl:/home/rslomron/moveit2_ws/install/moveit_ros_planning:/home/rslomron/moveit2_ws/install/moveit_ros_occupancy_map_monitor:/home/rslomron/moveit2_ws/install/moveit_resources_prbt_support:/home/rslomron/moveit2_ws/install/moveit_resources_prbt_ikfast_manipulator_plugin:/home/rslomron/moveit2_ws/install/moveit_resources:/home/rslomron/moveit2_ws/install/moveit_resources_pr2_description:/home/rslomron/moveit2_ws/install/moveit_resources_panda_moveit_config:/home/rslomron/moveit2_ws/install/moveit_resources_panda_description:/home/rslomron/moveit2_ws/install/moveit_resources_fanuc_moveit_config:/home/rslomron/moveit2_ws/install/moveit_resources_fanuc_description:/home/rslomron/moveit2_ws/install/moveit_planners_chomp:/home/rslomron/moveit2_ws/install/moveit_kinematics:/home/rslomron/moveit2_ws/install/moveit_chomp_optimizer_adapter:/home/rslomron/moveit2_ws/install/chomp_motion_planner:/home/rslomron/moveit2_ws/install/moveit_core:/home/rslomron/moveit2_ws/install/moveit_msgs:/home/rslomron/moveit2_ws/install/moveit_common:/home/rslomron/moveit2_ws/install/moveit_configs_utils:/opt/ros/humble LD_LIBRARY_PATH=/home/rslomron/tm_custom/install/tm_msgs/lib:${LD_LIBRARY_PATH} PYTHONPATH=/home/rslomron/tm_custom/install/tm_msgs/local/lib/python3.10/dist-packages:${PYTHONPATH} /usr/bin/cmake --build /home/rslomron/tm_custom/build/demo -- -j8 -l8
[2.313s] [35m[1mConsolidate compiler generated dependencies of target demo_send_script[0m
[2.315s] [35m[1mConsolidate compiler generated dependencies of target demo_set_io[0m
[2.315s] [35m[1mConsolidate compiler generated dependencies of target demo_write_item[0m
[2.316s] [35m[1mConsolidate compiler generated dependencies of target demo_set_event[0m
[2.317s] [35m[1mConsolidate compiler generated dependencies of target demo_connect_tm[0m
[2.319s] [35m[1mConsolidate compiler generated dependencies of target demo_ask_sta[0m
[2.334s] [35m[1mConsolidate compiler generated dependencies of target demo_set_positions[0m
[2.341s] [35m[1mConsolidate compiler generated dependencies of target demo_ask_item[0m
[2.356s] [  7%] Built target demo_send_script
[2.360s] [ 14%] Built target demo_set_event
[2.360s] [ 21%] Built target demo_write_item
[2.369s] [ 28%] Built target demo_ask_sta
[2.376s] [ 35%] Built target demo_connect_tm
[2.378s] [ 42%] Built target demo_set_positions
[2.378s] [ 50%] Built target demo_ask_item
[2.383s] [ 57%] Built target demo_set_io
[2.398s] [35m[1mConsolidate compiler generated dependencies of target demo_get_feedback[0m
[2.404s] [35m[1mConsolidate compiler generated dependencies of target demo_get_torque_feedback[0m
[2.404s] [35m[1mConsolidate compiler generated dependencies of target demo_get_sta_response[0m
[2.409s] [35m[1mConsolidate compiler generated dependencies of target demo_get_svr_response[0m
[2.413s] [35m[1mConsolidate compiler generated dependencies of target demo_leave_listen_node[0m
[2.416s] [35m[1mConsolidate compiler generated dependencies of target demo_get_sct_response[0m
[2.433s] [ 64%] Built target demo_get_feedback
[2.437s] [ 71%] Built target demo_get_sta_response
[2.449s] [ 78%] Built target demo_get_sct_response
[2.449s] [ 96%] Built target demo_get_torque_feedback
[2.449s] [100%] Built target demo_leave_listen_node
[2.449s] [100%] Built target demo_get_svr_response
[2.463s] Invoked command in '/home/rslomron/tm_custom/build/demo' returned '0': AMENT_PREFIX_PATH=/home/rslomron/tm_custom/install/tm_msgs:${AMENT_PREFIX_PATH} CMAKE_PREFIX_PATH=/home/rslomron/tm_custom/install/tm_msgs:/home/rslomron/moveit2_ws/install/pilz_industrial_motion_planner_testutils:/home/rslomron/moveit2_ws/install/moveit_runtime:/home/rslomron/moveit2_ws/install/moveit:/home/rslomron/moveit2_ws/install/moveit_planners:/home/rslomron/moveit2_ws/install/pilz_industrial_motion_planner:/home/rslomron/moveit2_ws/install/moveit_ros_control_interface:/home/rslomron/moveit2_ws/install/moveit_plugins:/home/rslomron/moveit2_ws/install/moveit_simple_controller_manager:/home/rslomron/moveit2_ws/install/moveit_setup_assistant:/home/rslomron/moveit2_ws/install/moveit_setup_srdf_plugins:/home/rslomron/moveit2_ws/install/moveit_setup_core_plugins:/home/rslomron/moveit2_ws/install/moveit_setup_controllers:/home/rslomron/moveit2_ws/install/moveit_setup_app_plugins:/home/rslomron/moveit2_ws/install/moveit_setup_framework:/home/rslomron/moveit2_ws/install/moveit_servo:/home/rslomron/moveit2_ws/install/moveit_ros:/home/rslomron/moveit2_ws/install/moveit_ros_visualization:/home/rslomron/moveit2_ws/install/moveit_hybrid_planning:/home/rslomron/moveit2_ws/install/moveit_ros_planning_interface:/home/rslomron/moveit2_ws/install/moveit_ros_benchmarks:/home/rslomron/moveit2_ws/install/moveit_ros_warehouse:/home/rslomron/moveit2_ws/install/moveit_ros_robot_interaction:/home/rslomron/moveit2_ws/install/moveit_ros_perception:/home/rslomron/moveit2_ws/install/moveit_resources_prbt_pg70_support:/home/rslomron/moveit2_ws/install/moveit_resources_prbt_moveit_config:/home/rslomron/moveit2_ws/install/moveit_ros_move_group:/home/rslomron/moveit2_ws/install/moveit_planners_ompl:/home/rslomron/moveit2_ws/install/moveit_ros_planning:/home/rslomron/moveit2_ws/install/moveit_ros_occupancy_map_monitor:/home/rslomron/moveit2_ws/install/moveit_resources_prbt_support:/home/rslomron/moveit2_ws/install/moveit_resources_prbt_ikfast_manipulator_plugin:/home/rslomron/moveit2_ws/install/moveit_resources:/home/rslomron/moveit2_ws/install/moveit_resources_pr2_description:/home/rslomron/moveit2_ws/install/moveit_resources_panda_moveit_config:/home/rslomron/moveit2_ws/install/moveit_resources_panda_description:/home/rslomron/moveit2_ws/install/moveit_resources_fanuc_moveit_config:/home/rslomron/moveit2_ws/install/moveit_resources_fanuc_description:/home/rslomron/moveit2_ws/install/moveit_planners_chomp:/home/rslomron/moveit2_ws/install/moveit_kinematics:/home/rslomron/moveit2_ws/install/moveit_chomp_optimizer_adapter:/home/rslomron/moveit2_ws/install/chomp_motion_planner:/home/rslomron/moveit2_ws/install/moveit_core:/home/rslomron/moveit2_ws/install/moveit_msgs:/home/rslomron/moveit2_ws/install/moveit_common:/home/rslomron/moveit2_ws/install/moveit_configs_utils:/opt/ros/humble LD_LIBRARY_PATH=/home/rslomron/tm_custom/install/tm_msgs/lib:${LD_LIBRARY_PATH} PYTHONPATH=/home/rslomron/tm_custom/install/tm_msgs/local/lib/python3.10/dist-packages:${PYTHONPATH} /usr/bin/cmake --build /home/rslomron/tm_custom/build/demo -- -j8 -l8
[2.576s] Invoking command in '/home/rslomron/tm_custom/build/demo': AMENT_PREFIX_PATH=/home/rslomron/tm_custom/install/tm_msgs:${AMENT_PREFIX_PATH} CMAKE_PREFIX_PATH=/home/rslomron/tm_custom/install/tm_msgs:/home/rslomron/moveit2_ws/install/pilz_industrial_motion_planner_testutils:/home/rslomron/moveit2_ws/install/moveit_runtime:/home/rslomron/moveit2_ws/install/moveit:/home/rslomron/moveit2_ws/install/moveit_planners:/home/rslomron/moveit2_ws/install/pilz_industrial_motion_planner:/home/rslomron/moveit2_ws/install/moveit_ros_control_interface:/home/rslomron/moveit2_ws/install/moveit_plugins:/home/rslomron/moveit2_ws/install/moveit_simple_controller_manager:/home/rslomron/moveit2_ws/install/moveit_setup_assistant:/home/rslomron/moveit2_ws/install/moveit_setup_srdf_plugins:/home/rslomron/moveit2_ws/install/moveit_setup_core_plugins:/home/rslomron/moveit2_ws/install/moveit_setup_controllers:/home/rslomron/moveit2_ws/install/moveit_setup_app_plugins:/home/rslomron/moveit2_ws/install/moveit_setup_framework:/home/rslomron/moveit2_ws/install/moveit_servo:/home/rslomron/moveit2_ws/install/moveit_ros:/home/rslomron/moveit2_ws/install/moveit_ros_visualization:/home/rslomron/moveit2_ws/install/moveit_hybrid_planning:/home/rslomron/moveit2_ws/install/moveit_ros_planning_interface:/home/rslomron/moveit2_ws/install/moveit_ros_benchmarks:/home/rslomron/moveit2_ws/install/moveit_ros_warehouse:/home/rslomron/moveit2_ws/install/moveit_ros_robot_interaction:/home/rslomron/moveit2_ws/install/moveit_ros_perception:/home/rslomron/moveit2_ws/install/moveit_resources_prbt_pg70_support:/home/rslomron/moveit2_ws/install/moveit_resources_prbt_moveit_config:/home/rslomron/moveit2_ws/install/moveit_ros_move_group:/home/rslomron/moveit2_ws/install/moveit_planners_ompl:/home/rslomron/moveit2_ws/install/moveit_ros_planning:/home/rslomron/moveit2_ws/install/moveit_ros_occupancy_map_monitor:/home/rslomron/moveit2_ws/install/moveit_resources_prbt_support:/home/rslomron/moveit2_ws/install/moveit_resources_prbt_ikfast_manipulator_plugin:/home/rslomron/moveit2_ws/install/moveit_resources:/home/rslomron/moveit2_ws/install/moveit_resources_pr2_description:/home/rslomron/moveit2_ws/install/moveit_resources_panda_moveit_config:/home/rslomron/moveit2_ws/install/moveit_resources_panda_description:/home/rslomron/moveit2_ws/install/moveit_resources_fanuc_moveit_config:/home/rslomron/moveit2_ws/install/moveit_resources_fanuc_description:/home/rslomron/moveit2_ws/install/moveit_planners_chomp:/home/rslomron/moveit2_ws/install/moveit_kinematics:/home/rslomron/moveit2_ws/install/moveit_chomp_optimizer_adapter:/home/rslomron/moveit2_ws/install/chomp_motion_planner:/home/rslomron/moveit2_ws/install/moveit_core:/home/rslomron/moveit2_ws/install/moveit_msgs:/home/rslomron/moveit2_ws/install/moveit_common:/home/rslomron/moveit2_ws/install/moveit_configs_utils:/opt/ros/humble LD_LIBRARY_PATH=/home/rslomron/tm_custom/install/tm_msgs/lib:${LD_LIBRARY_PATH} PYTHONPATH=/home/rslomron/tm_custom/install/tm_msgs/local/lib/python3.10/dist-packages:${PYTHONPATH} /usr/bin/cmake --install /home/rslomron/tm_custom/build/demo
[2.586s] -- Install configuration: ""
[2.587s] -- Up-to-date: /home/rslomron/tm_custom/install/demo/lib/demo/demo_send_script
[2.587s] -- Up-to-date: /home/rslomron/tm_custom/install/demo/lib/demo/demo_ask_sta
[2.587s] -- Up-to-date: /home/rslomron/tm_custom/install/demo/lib/demo/demo_connect_tm
[2.588s] -- Up-to-date: /home/rslomron/tm_custom/install/demo/lib/demo/demo_set_event
[2.588s] -- Up-to-date: /home/rslomron/tm_custom/install/demo/lib/demo/demo_set_io
[2.589s] -- Up-to-date: /home/rslomron/tm_custom/install/demo/lib/demo/demo_set_positions
[2.589s] -- Up-to-date: /home/rslomron/tm_custom/install/demo/lib/demo/demo_write_item
[2.589s] -- Up-to-date: /home/rslomron/tm_custom/install/demo/lib/demo/demo_ask_item
[2.590s] -- Up-to-date: /home/rslomron/tm_custom/install/demo/lib/demo/demo_get_feedback
[2.590s] -- Up-to-date: /home/rslomron/tm_custom/install/demo/lib/demo/demo_get_torque_feedback
[2.590s] -- Up-to-date: /home/rslomron/tm_custom/install/demo/lib/demo/demo_get_sct_response
[2.591s] -- Up-to-date: /home/rslomron/tm_custom/install/demo/lib/demo/demo_get_sta_response
[2.591s] -- Up-to-date: /home/rslomron/tm_custom/install/demo/lib/demo/demo_get_svr_response
[2.592s] -- Up-to-date: /home/rslomron/tm_custom/install/demo/lib/demo/demo_leave_listen_node
[2.592s] -- Up-to-date: /home/rslomron/tm_custom/install/demo/share/ament_index/resource_index/package_run_dependencies/demo
[2.592s] -- Installing: /home/rslomron/tm_custom/install/demo/share/ament_index/resource_index/parent_prefix_path/demo
[2.592s] -- Up-to-date: /home/rslomron/tm_custom/install/demo/share/demo/environment/ament_prefix_path.sh
[2.592s] -- Installing: /home/rslomron/tm_custom/install/demo/share/demo/environment/ament_prefix_path.dsv
[2.592s] -- Up-to-date: /home/rslomron/tm_custom/install/demo/share/demo/environment/path.sh
[2.592s] -- Installing: /home/rslomron/tm_custom/install/demo/share/demo/environment/path.dsv
[2.593s] -- Up-to-date: /home/rslomron/tm_custom/install/demo/share/demo/local_setup.bash
[2.593s] -- Up-to-date: /home/rslomron/tm_custom/install/demo/share/demo/local_setup.sh
[2.593s] -- Up-to-date: /home/rslomron/tm_custom/install/demo/share/demo/local_setup.zsh
[2.593s] -- Installing: /home/rslomron/tm_custom/install/demo/share/demo/local_setup.dsv
[2.593s] -- Installing: /home/rslomron/tm_custom/install/demo/share/demo/package.dsv
[2.593s] -- Up-to-date: /home/rslomron/tm_custom/install/demo/share/ament_index/resource_index/packages/demo
[2.593s] -- Up-to-date: /home/rslomron/tm_custom/install/demo/share/demo/cmake/demoConfig.cmake
[2.593s] -- Up-to-date: /home/rslomron/tm_custom/install/demo/share/demo/cmake/demoConfig-version.cmake
[2.594s] -- Up-to-date: /home/rslomron/tm_custom/install/demo/share/demo/package.xml
[2.595s] Invoked command in '/home/rslomron/tm_custom/build/demo' returned '0': AMENT_PREFIX_PATH=/home/rslomron/tm_custom/install/tm_msgs:${AMENT_PREFIX_PATH} CMAKE_PREFIX_PATH=/home/rslomron/tm_custom/install/tm_msgs:/home/rslomron/moveit2_ws/install/pilz_industrial_motion_planner_testutils:/home/rslomron/moveit2_ws/install/moveit_runtime:/home/rslomron/moveit2_ws/install/moveit:/home/rslomron/moveit2_ws/install/moveit_planners:/home/rslomron/moveit2_ws/install/pilz_industrial_motion_planner:/home/rslomron/moveit2_ws/install/moveit_ros_control_interface:/home/rslomron/moveit2_ws/install/moveit_plugins:/home/rslomron/moveit2_ws/install/moveit_simple_controller_manager:/home/rslomron/moveit2_ws/install/moveit_setup_assistant:/home/rslomron/moveit2_ws/install/moveit_setup_srdf_plugins:/home/rslomron/moveit2_ws/install/moveit_setup_core_plugins:/home/rslomron/moveit2_ws/install/moveit_setup_controllers:/home/rslomron/moveit2_ws/install/moveit_setup_app_plugins:/home/rslomron/moveit2_ws/install/moveit_setup_framework:/home/rslomron/moveit2_ws/install/moveit_servo:/home/rslomron/moveit2_ws/install/moveit_ros:/home/rslomron/moveit2_ws/install/moveit_ros_visualization:/home/rslomron/moveit2_ws/install/moveit_hybrid_planning:/home/rslomron/moveit2_ws/install/moveit_ros_planning_interface:/home/rslomron/moveit2_ws/install/moveit_ros_benchmarks:/home/rslomron/moveit2_ws/install/moveit_ros_warehouse:/home/rslomron/moveit2_ws/install/moveit_ros_robot_interaction:/home/rslomron/moveit2_ws/install/moveit_ros_perception:/home/rslomron/moveit2_ws/install/moveit_resources_prbt_pg70_support:/home/rslomron/moveit2_ws/install/moveit_resources_prbt_moveit_config:/home/rslomron/moveit2_ws/install/moveit_ros_move_group:/home/rslomron/moveit2_ws/install/moveit_planners_ompl:/home/rslomron/moveit2_ws/install/moveit_ros_planning:/home/rslomron/moveit2_ws/install/moveit_ros_occupancy_map_monitor:/home/rslomron/moveit2_ws/install/moveit_resources_prbt_support:/home/rslomron/moveit2_ws/install/moveit_resources_prbt_ikfast_manipulator_plugin:/home/rslomron/moveit2_ws/install/moveit_resources:/home/rslomron/moveit2_ws/install/moveit_resources_pr2_description:/home/rslomron/moveit2_ws/install/moveit_resources_panda_moveit_config:/home/rslomron/moveit2_ws/install/moveit_resources_panda_description:/home/rslomron/moveit2_ws/install/moveit_resources_fanuc_moveit_config:/home/rslomron/moveit2_ws/install/moveit_resources_fanuc_description:/home/rslomron/moveit2_ws/install/moveit_planners_chomp:/home/rslomron/moveit2_ws/install/moveit_kinematics:/home/rslomron/moveit2_ws/install/moveit_chomp_optimizer_adapter:/home/rslomron/moveit2_ws/install/chomp_motion_planner:/home/rslomron/moveit2_ws/install/moveit_core:/home/rslomron/moveit2_ws/install/moveit_msgs:/home/rslomron/moveit2_ws/install/moveit_common:/home/rslomron/moveit2_ws/install/moveit_configs_utils:/opt/ros/humble LD_LIBRARY_PATH=/home/rslomron/tm_custom/install/tm_msgs/lib:${LD_LIBRARY_PATH} PYTHONPATH=/home/rslomron/tm_custom/install/tm_msgs/local/lib/python3.10/dist-packages:${PYTHONPATH} /usr/bin/cmake --install /home/rslomron/tm_custom/build/demo
