[0.059s] Invoking command in '/home/rslomron/tm_custom/build/techman_robot_msgs': CMAKE_PREFIX_PATH=${CMAKE_PREFIX_PATH}:/home/rslomron/tm_custom/install/python_demo:/home/rslomron/tm_custom/install/tm_mod_urdf:/home/rslomron/tm_custom/install/techman_robot_get_status:/home/rslomron/moveit2_ws/install/moveit_configs_utils:/opt/ros/humble /usr/bin/cmake --build /home/rslomron/tm_custom/build/techman_robot_msgs -- -j8 -l8
[1.288s] [  3%] Built target techman_robot_msgs__cpp
[1.288s] [ 12%] Built target techman_robot_msgs__rosidl_generator_c
[1.288s] [ 12%] Built target ament_cmake_python_copy_techman_robot_msgs
[1.289s] [ 22%] Built target techman_robot_msgs__rosidl_typesupport_fastrtps_cpp
[1.289s] [ 32%] Built target techman_robot_msgs__rosidl_typesupport_cpp
[1.289s] [ 41%] Built target techman_robot_msgs__rosidl_typesupport_introspection_cpp
[1.289s] [ 58%] Built target techman_robot_msgs__rosidl_typesupport_c
[1.289s] [ 70%] Built target techman_robot_msgs__rosidl_typesupport_fastrtps_c
[1.289s] [ 70%] Built target techman_robot_msgs__rosidl_typesupport_introspection_c
[1.290s] [ 70%] Built target techman_robot_msgs
[1.291s] [ 74%] Built target techman_robot_msgs__py
[1.291s] [ 80%] Built target techman_robot_msgs__rosidl_generator_py
[1.291s] [ 87%] Built target techman_robot_msgs__rosidl_typesupport_c__pyext
[1.292s] [ 93%] Built target techman_robot_msgs__rosidl_typesupport_introspection_c__pyext
[1.293s] [100%] Built target techman_robot_msgs__rosidl_typesupport_fastrtps_c__pyext
[1.293s] running egg_info
[1.293s] writing techman_robot_msgs.egg-info/PKG-INFO
[1.293s] writing dependency_links to techman_robot_msgs.egg-info/dependency_links.txt
[1.293s] writing top-level names to techman_robot_msgs.egg-info/top_level.txt
[1.293s] reading manifest file 'techman_robot_msgs.egg-info/SOURCES.txt'
[1.294s] writing manifest file 'techman_robot_msgs.egg-info/SOURCES.txt'
[1.295s] [100%] Built target ament_cmake_python_build_techman_robot_msgs_egg
[1.296s] Invoked command in '/home/rslomron/tm_custom/build/techman_robot_msgs' returned '0': CMAKE_PREFIX_PATH=${CMAKE_PREFIX_PATH}:/home/rslomron/tm_custom/install/python_demo:/home/rslomron/tm_custom/install/tm_mod_urdf:/home/rslomron/tm_custom/install/techman_robot_get_status:/home/rslomron/moveit2_ws/install/moveit_configs_utils:/opt/ros/humble /usr/bin/cmake --build /home/rslomron/tm_custom/build/techman_robot_msgs -- -j8 -l8
[1.567s] Invoking command in '/home/rslomron/tm_custom/build/techman_robot_msgs': CMAKE_PREFIX_PATH=${CMAKE_PREFIX_PATH}:/home/rslomron/tm_custom/install/python_demo:/home/rslomron/tm_custom/install/tm_mod_urdf:/home/rslomron/tm_custom/install/techman_robot_get_status:/home/rslomron/moveit2_ws/install/moveit_configs_utils:/opt/ros/humble /usr/bin/cmake --install /home/rslomron/tm_custom/build/techman_robot_msgs
[1.592s] -- Install configuration: ""
[1.592s] -- Up-to-date: /home/rslomron/tm_custom/install/techman_robot_msgs/share/ament_index/resource_index/rosidl_interfaces/techman_robot_msgs
[1.592s] -- Up-to-date: /home/rslomron/tm_custom/install/techman_robot_msgs/include/techman_robot_msgs/techman_robot_msgs
[1.592s] -- Up-to-date: /home/rslomron/tm_custom/install/techman_robot_msgs/include/techman_robot_msgs/techman_robot_msgs/msg
[1.592s] -- Up-to-date: /home/rslomron/tm_custom/install/techman_robot_msgs/include/techman_robot_msgs/techman_robot_msgs/msg/rosidl_generator_c__visibility_control.h
[1.593s] -- Up-to-date: /home/rslomron/tm_custom/install/techman_robot_msgs/include/techman_robot_msgs/techman_robot_msgs/srv
[1.593s] -- Up-to-date: /home/rslomron/tm_custom/install/techman_robot_msgs/include/techman_robot_msgs/techman_robot_msgs/srv/detail
[1.593s] -- Up-to-date: /home/rslomron/tm_custom/install/techman_robot_msgs/include/techman_robot_msgs/techman_robot_msgs/srv/detail/techman_robot_command__type_support.h
[1.593s] -- Up-to-date: /home/rslomron/tm_custom/install/techman_robot_msgs/include/techman_robot_msgs/techman_robot_msgs/srv/detail/techman_robot_command__functions.h
[1.593s] -- Up-to-date: /home/rslomron/tm_custom/install/techman_robot_msgs/include/techman_robot_msgs/techman_robot_msgs/srv/detail/techman_robot_command__functions.c
[1.593s] -- Up-to-date: /home/rslomron/tm_custom/install/techman_robot_msgs/include/techman_robot_msgs/techman_robot_msgs/srv/detail/techman_robot_command__struct.h
[1.594s] -- Up-to-date: /home/rslomron/tm_custom/install/techman_robot_msgs/include/techman_robot_msgs/techman_robot_msgs/srv/techman_robot_command.h
[1.594s] -- Up-to-date: /home/rslomron/tm_custom/install/techman_robot_msgs/share/techman_robot_msgs/environment/library_path.sh
[1.594s] -- Up-to-date: /home/rslomron/tm_custom/install/techman_robot_msgs/share/techman_robot_msgs/environment/library_path.dsv
[1.594s] -- Up-to-date: /home/rslomron/tm_custom/install/techman_robot_msgs/lib/libtechman_robot_msgs__rosidl_generator_c.so
[1.594s] -- Up-to-date: /home/rslomron/tm_custom/install/techman_robot_msgs/include/techman_robot_msgs/techman_robot_msgs
[1.594s] -- Up-to-date: /home/rslomron/tm_custom/install/techman_robot_msgs/include/techman_robot_msgs/techman_robot_msgs/msg
[1.594s] -- Up-to-date: /home/rslomron/tm_custom/install/techman_robot_msgs/include/techman_robot_msgs/techman_robot_msgs/msg/rosidl_typesupport_fastrtps_c__visibility_control.h
[1.594s] -- Up-to-date: /home/rslomron/tm_custom/install/techman_robot_msgs/include/techman_robot_msgs/techman_robot_msgs/srv
[1.595s] -- Up-to-date: /home/rslomron/tm_custom/install/techman_robot_msgs/include/techman_robot_msgs/techman_robot_msgs/srv/detail
[1.595s] -- Up-to-date: /home/rslomron/tm_custom/install/techman_robot_msgs/include/techman_robot_msgs/techman_robot_msgs/srv/detail/techman_robot_command__rosidl_typesupport_fastrtps_c.h
[1.595s] -- Up-to-date: /home/rslomron/tm_custom/install/techman_robot_msgs/lib/libtechman_robot_msgs__rosidl_typesupport_fastrtps_c.so
[1.595s] -- Up-to-date: /home/rslomron/tm_custom/install/techman_robot_msgs/include/techman_robot_msgs/techman_robot_msgs
[1.595s] -- Up-to-date: /home/rslomron/tm_custom/install/techman_robot_msgs/include/techman_robot_msgs/techman_robot_msgs/msg
[1.595s] -- Up-to-date: /home/rslomron/tm_custom/install/techman_robot_msgs/include/techman_robot_msgs/techman_robot_msgs/msg/rosidl_typesupport_introspection_c__visibility_control.h
[1.595s] -- Up-to-date: /home/rslomron/tm_custom/install/techman_robot_msgs/include/techman_robot_msgs/techman_robot_msgs/srv
[1.595s] -- Up-to-date: /home/rslomron/tm_custom/install/techman_robot_msgs/include/techman_robot_msgs/techman_robot_msgs/srv/detail
[1.595s] -- Up-to-date: /home/rslomron/tm_custom/install/techman_robot_msgs/include/techman_robot_msgs/techman_robot_msgs/srv/detail/techman_robot_command__type_support.c
[1.596s] -- Up-to-date: /home/rslomron/tm_custom/install/techman_robot_msgs/include/techman_robot_msgs/techman_robot_msgs/srv/detail/techman_robot_command__rosidl_typesupport_introspection_c.h
[1.596s] -- Up-to-date: /home/rslomron/tm_custom/install/techman_robot_msgs/lib/libtechman_robot_msgs__rosidl_typesupport_introspection_c.so
[1.597s] -- Up-to-date: /home/rslomron/tm_custom/install/techman_robot_msgs/lib/libtechman_robot_msgs__rosidl_typesupport_c.so
[1.597s] -- Up-to-date: /home/rslomron/tm_custom/install/techman_robot_msgs/include/techman_robot_msgs/techman_robot_msgs
[1.597s] -- Up-to-date: /home/rslomron/tm_custom/install/techman_robot_msgs/include/techman_robot_msgs/techman_robot_msgs/srv
[1.597s] -- Up-to-date: /home/rslomron/tm_custom/install/techman_robot_msgs/include/techman_robot_msgs/techman_robot_msgs/srv/detail
[1.598s] -- Up-to-date: /home/rslomron/tm_custom/install/techman_robot_msgs/include/techman_robot_msgs/techman_robot_msgs/srv/detail/techman_robot_command__struct.hpp
[1.598s] -- Up-to-date: /home/rslomron/tm_custom/install/techman_robot_msgs/include/techman_robot_msgs/techman_robot_msgs/srv/detail/techman_robot_command__builder.hpp
[1.598s] -- Up-to-date: /home/rslomron/tm_custom/install/techman_robot_msgs/include/techman_robot_msgs/techman_robot_msgs/srv/detail/techman_robot_command__traits.hpp
[1.598s] -- Up-to-date: /home/rslomron/tm_custom/install/techman_robot_msgs/include/techman_robot_msgs/techman_robot_msgs/srv/techman_robot_command.hpp
[1.598s] -- Up-to-date: /home/rslomron/tm_custom/install/techman_robot_msgs/include/techman_robot_msgs/techman_robot_msgs
[1.598s] -- Up-to-date: /home/rslomron/tm_custom/install/techman_robot_msgs/include/techman_robot_msgs/techman_robot_msgs/msg
[1.598s] -- Up-to-date: /home/rslomron/tm_custom/install/techman_robot_msgs/include/techman_robot_msgs/techman_robot_msgs/msg/rosidl_typesupport_fastrtps_cpp__visibility_control.h
[1.599s] -- Up-to-date: /home/rslomron/tm_custom/install/techman_robot_msgs/include/techman_robot_msgs/techman_robot_msgs/srv
[1.599s] -- Up-to-date: /home/rslomron/tm_custom/install/techman_robot_msgs/include/techman_robot_msgs/techman_robot_msgs/srv/detail
[1.599s] -- Up-to-date: /home/rslomron/tm_custom/install/techman_robot_msgs/include/techman_robot_msgs/techman_robot_msgs/srv/detail/dds_fastrtps
[1.599s] -- Up-to-date: /home/rslomron/tm_custom/install/techman_robot_msgs/include/techman_robot_msgs/techman_robot_msgs/srv/detail/techman_robot_command__rosidl_typesupport_fastrtps_cpp.hpp
[1.599s] -- Up-to-date: /home/rslomron/tm_custom/install/techman_robot_msgs/lib/libtechman_robot_msgs__rosidl_typesupport_fastrtps_cpp.so
[1.599s] -- Up-to-date: /home/rslomron/tm_custom/install/techman_robot_msgs/include/techman_robot_msgs/techman_robot_msgs
[1.599s] -- Up-to-date: /home/rslomron/tm_custom/install/techman_robot_msgs/include/techman_robot_msgs/techman_robot_msgs/srv
[1.599s] -- Up-to-date: /home/rslomron/tm_custom/install/techman_robot_msgs/include/techman_robot_msgs/techman_robot_msgs/srv/detail
[1.600s] -- Up-to-date: /home/rslomron/tm_custom/install/techman_robot_msgs/include/techman_robot_msgs/techman_robot_msgs/srv/detail/techman_robot_command__type_support.cpp
[1.600s] -- Up-to-date: /home/rslomron/tm_custom/install/techman_robot_msgs/include/techman_robot_msgs/techman_robot_msgs/srv/detail/techman_robot_command__rosidl_typesupport_introspection_cpp.hpp
[1.600s] -- Up-to-date: /home/rslomron/tm_custom/install/techman_robot_msgs/lib/libtechman_robot_msgs__rosidl_typesupport_introspection_cpp.so
[1.607s] -- Up-to-date: /home/rslomron/tm_custom/install/techman_robot_msgs/lib/libtechman_robot_msgs__rosidl_typesupport_cpp.so
[1.607s] -- Up-to-date: /home/rslomron/tm_custom/install/techman_robot_msgs/share/techman_robot_msgs/environment/pythonpath.sh
[1.608s] -- Up-to-date: /home/rslomron/tm_custom/install/techman_robot_msgs/share/techman_robot_msgs/environment/pythonpath.dsv
[1.608s] -- Up-to-date: /home/rslomron/tm_custom/install/techman_robot_msgs/local/lib/python3.10/dist-packages/techman_robot_msgs-1.0.0-py3.10.egg-info
[1.608s] -- Installing: /home/rslomron/tm_custom/install/techman_robot_msgs/local/lib/python3.10/dist-packages/techman_robot_msgs-1.0.0-py3.10.egg-info/top_level.txt
[1.608s] -- Installing: /home/rslomron/tm_custom/install/techman_robot_msgs/local/lib/python3.10/dist-packages/techman_robot_msgs-1.0.0-py3.10.egg-info/PKG-INFO
[1.608s] -- Installing: /home/rslomron/tm_custom/install/techman_robot_msgs/local/lib/python3.10/dist-packages/techman_robot_msgs-1.0.0-py3.10.egg-info/dependency_links.txt
[1.609s] -- Installing: /home/rslomron/tm_custom/install/techman_robot_msgs/local/lib/python3.10/dist-packages/techman_robot_msgs-1.0.0-py3.10.egg-info/SOURCES.txt
[1.609s] -- Up-to-date: /home/rslomron/tm_custom/install/techman_robot_msgs/local/lib/python3.10/dist-packages/techman_robot_msgs
[1.609s] -- Up-to-date: /home/rslomron/tm_custom/install/techman_robot_msgs/local/lib/python3.10/dist-packages/techman_robot_msgs/libtechman_robot_msgs__rosidl_generator_py.so
[1.610s] -- Up-to-date: /home/rslomron/tm_custom/install/techman_robot_msgs/local/lib/python3.10/dist-packages/techman_robot_msgs/_techman_robot_msgs_s.ep.rosidl_typesupport_introspection_c.c
[1.610s] -- Up-to-date: /home/rslomron/tm_custom/install/techman_robot_msgs/local/lib/python3.10/dist-packages/techman_robot_msgs/techman_robot_msgs_s__rosidl_typesupport_c.cpython-310-x86_64-linux-gnu.so
[1.610s] -- Up-to-date: /home/rslomron/tm_custom/install/techman_robot_msgs/local/lib/python3.10/dist-packages/techman_robot_msgs/__init__.py
[1.610s] -- Up-to-date: /home/rslomron/tm_custom/install/techman_robot_msgs/local/lib/python3.10/dist-packages/techman_robot_msgs/srv
[1.610s] -- Up-to-date: /home/rslomron/tm_custom/install/techman_robot_msgs/local/lib/python3.10/dist-packages/techman_robot_msgs/srv/_techman_robot_command.py
[1.610s] -- Up-to-date: /home/rslomron/tm_custom/install/techman_robot_msgs/local/lib/python3.10/dist-packages/techman_robot_msgs/srv/_techman_robot_command_s.c
[1.610s] -- Up-to-date: /home/rslomron/tm_custom/install/techman_robot_msgs/local/lib/python3.10/dist-packages/techman_robot_msgs/srv/__init__.py
[1.610s] -- Up-to-date: /home/rslomron/tm_custom/install/techman_robot_msgs/local/lib/python3.10/dist-packages/techman_robot_msgs/_techman_robot_msgs_s.ep.rosidl_typesupport_c.c
[1.610s] -- Up-to-date: /home/rslomron/tm_custom/install/techman_robot_msgs/local/lib/python3.10/dist-packages/techman_robot_msgs/_techman_robot_msgs_s.ep.rosidl_typesupport_fastrtps_c.c
[1.611s] -- Up-to-date: /home/rslomron/tm_custom/install/techman_robot_msgs/local/lib/python3.10/dist-packages/techman_robot_msgs/techman_robot_msgs_s__rosidl_typesupport_fastrtps_c.cpython-310-x86_64-linux-gnu.so
[1.611s] -- Up-to-date: /home/rslomron/tm_custom/install/techman_robot_msgs/local/lib/python3.10/dist-packages/techman_robot_msgs/techman_robot_msgs_s__rosidl_typesupport_introspection_c.cpython-310-x86_64-linux-gnu.so
[1.687s] Listing '/home/rslomron/tm_custom/install/techman_robot_msgs/local/lib/python3.10/dist-packages/techman_robot_msgs'...
[1.687s] Listing '/home/rslomron/tm_custom/install/techman_robot_msgs/local/lib/python3.10/dist-packages/techman_robot_msgs/srv'...
[1.696s] -- Up-to-date: /home/rslomron/tm_custom/install/techman_robot_msgs/local/lib/python3.10/dist-packages/techman_robot_msgs/techman_robot_msgs_s__rosidl_typesupport_fastrtps_c.cpython-310-x86_64-linux-gnu.so
[1.696s] -- Up-to-date: /home/rslomron/tm_custom/install/techman_robot_msgs/local/lib/python3.10/dist-packages/techman_robot_msgs/techman_robot_msgs_s__rosidl_typesupport_introspection_c.cpython-310-x86_64-linux-gnu.so
[1.697s] -- Up-to-date: /home/rslomron/tm_custom/install/techman_robot_msgs/local/lib/python3.10/dist-packages/techman_robot_msgs/techman_robot_msgs_s__rosidl_typesupport_c.cpython-310-x86_64-linux-gnu.so
[1.698s] -- Up-to-date: /home/rslomron/tm_custom/install/techman_robot_msgs/lib/libtechman_robot_msgs__rosidl_generator_py.so
[1.699s] -- Up-to-date: /home/rslomron/tm_custom/install/techman_robot_msgs/share/techman_robot_msgs/srv/TechmanRobotCommand.idl
[1.699s] -- Up-to-date: /home/rslomron/tm_custom/install/techman_robot_msgs/share/techman_robot_msgs/srv/TechmanRobotCommand.srv
[1.699s] -- Up-to-date: /home/rslomron/tm_custom/install/techman_robot_msgs/share/techman_robot_msgs/srv/TechmanRobotCommand_Request.msg
[1.700s] -- Up-to-date: /home/rslomron/tm_custom/install/techman_robot_msgs/share/techman_robot_msgs/srv/TechmanRobotCommand_Response.msg
[1.700s] -- Up-to-date: /home/rslomron/tm_custom/install/techman_robot_msgs/share/ament_index/resource_index/package_run_dependencies/techman_robot_msgs
[1.700s] -- Up-to-date: /home/rslomron/tm_custom/install/techman_robot_msgs/share/ament_index/resource_index/parent_prefix_path/techman_robot_msgs
[1.700s] -- Up-to-date: /home/rslomron/tm_custom/install/techman_robot_msgs/share/techman_robot_msgs/environment/ament_prefix_path.sh
[1.701s] -- Up-to-date: /home/rslomron/tm_custom/install/techman_robot_msgs/share/techman_robot_msgs/environment/ament_prefix_path.dsv
[1.701s] -- Up-to-date: /home/rslomron/tm_custom/install/techman_robot_msgs/share/techman_robot_msgs/environment/path.sh
[1.702s] -- Up-to-date: /home/rslomron/tm_custom/install/techman_robot_msgs/share/techman_robot_msgs/environment/path.dsv
[1.703s] -- Up-to-date: /home/rslomron/tm_custom/install/techman_robot_msgs/share/techman_robot_msgs/local_setup.bash
[1.703s] -- Up-to-date: /home/rslomron/tm_custom/install/techman_robot_msgs/share/techman_robot_msgs/local_setup.sh
[1.704s] -- Up-to-date: /home/rslomron/tm_custom/install/techman_robot_msgs/share/techman_robot_msgs/local_setup.zsh
[1.705s] -- Up-to-date: /home/rslomron/tm_custom/install/techman_robot_msgs/share/techman_robot_msgs/local_setup.dsv
[1.705s] -- Installing: /home/rslomron/tm_custom/install/techman_robot_msgs/share/techman_robot_msgs/package.dsv
[1.705s] -- Up-to-date: /home/rslomron/tm_custom/install/techman_robot_msgs/share/ament_index/resource_index/packages/techman_robot_msgs
[1.705s] -- Up-to-date: /home/rslomron/tm_custom/install/techman_robot_msgs/share/techman_robot_msgs/cmake/export_techman_robot_msgs__rosidl_generator_cExport.cmake
[1.705s] -- Up-to-date: /home/rslomron/tm_custom/install/techman_robot_msgs/share/techman_robot_msgs/cmake/export_techman_robot_msgs__rosidl_generator_cExport-noconfig.cmake
[1.706s] -- Up-to-date: /home/rslomron/tm_custom/install/techman_robot_msgs/share/techman_robot_msgs/cmake/export_techman_robot_msgs__rosidl_typesupport_fastrtps_cExport.cmake
[1.706s] -- Up-to-date: /home/rslomron/tm_custom/install/techman_robot_msgs/share/techman_robot_msgs/cmake/export_techman_robot_msgs__rosidl_typesupport_fastrtps_cExport-noconfig.cmake
[1.706s] -- Up-to-date: /home/rslomron/tm_custom/install/techman_robot_msgs/share/techman_robot_msgs/cmake/techman_robot_msgs__rosidl_typesupport_introspection_cExport.cmake
[1.706s] -- Up-to-date: /home/rslomron/tm_custom/install/techman_robot_msgs/share/techman_robot_msgs/cmake/techman_robot_msgs__rosidl_typesupport_introspection_cExport-noconfig.cmake
[1.707s] -- Up-to-date: /home/rslomron/tm_custom/install/techman_robot_msgs/share/techman_robot_msgs/cmake/techman_robot_msgs__rosidl_typesupport_cExport.cmake
[1.707s] -- Up-to-date: /home/rslomron/tm_custom/install/techman_robot_msgs/share/techman_robot_msgs/cmake/techman_robot_msgs__rosidl_typesupport_cExport-noconfig.cmake
[1.707s] -- Up-to-date: /home/rslomron/tm_custom/install/techman_robot_msgs/share/techman_robot_msgs/cmake/export_techman_robot_msgs__rosidl_generator_cppExport.cmake
[1.707s] -- Up-to-date: /home/rslomron/tm_custom/install/techman_robot_msgs/share/techman_robot_msgs/cmake/export_techman_robot_msgs__rosidl_typesupport_fastrtps_cppExport.cmake
[1.707s] -- Up-to-date: /home/rslomron/tm_custom/install/techman_robot_msgs/share/techman_robot_msgs/cmake/export_techman_robot_msgs__rosidl_typesupport_fastrtps_cppExport-noconfig.cmake
[1.707s] -- Up-to-date: /home/rslomron/tm_custom/install/techman_robot_msgs/share/techman_robot_msgs/cmake/techman_robot_msgs__rosidl_typesupport_introspection_cppExport.cmake
[1.707s] -- Up-to-date: /home/rslomron/tm_custom/install/techman_robot_msgs/share/techman_robot_msgs/cmake/techman_robot_msgs__rosidl_typesupport_introspection_cppExport-noconfig.cmake
[1.707s] -- Up-to-date: /home/rslomron/tm_custom/install/techman_robot_msgs/share/techman_robot_msgs/cmake/techman_robot_msgs__rosidl_typesupport_cppExport.cmake
[1.708s] -- Up-to-date: /home/rslomron/tm_custom/install/techman_robot_msgs/share/techman_robot_msgs/cmake/techman_robot_msgs__rosidl_typesupport_cppExport-noconfig.cmake
[1.708s] -- Up-to-date: /home/rslomron/tm_custom/install/techman_robot_msgs/share/techman_robot_msgs/cmake/export_techman_robot_msgs__rosidl_generator_pyExport.cmake
[1.708s] -- Up-to-date: /home/rslomron/tm_custom/install/techman_robot_msgs/share/techman_robot_msgs/cmake/export_techman_robot_msgs__rosidl_generator_pyExport-noconfig.cmake
[1.708s] -- Up-to-date: /home/rslomron/tm_custom/install/techman_robot_msgs/share/techman_robot_msgs/cmake/rosidl_cmake-extras.cmake
[1.708s] -- Up-to-date: /home/rslomron/tm_custom/install/techman_robot_msgs/share/techman_robot_msgs/cmake/ament_cmake_export_include_directories-extras.cmake
[1.708s] -- Up-to-date: /home/rslomron/tm_custom/install/techman_robot_msgs/share/techman_robot_msgs/cmake/ament_cmake_export_libraries-extras.cmake
[1.708s] -- Up-to-date: /home/rslomron/tm_custom/install/techman_robot_msgs/share/techman_robot_msgs/cmake/ament_cmake_export_targets-extras.cmake
[1.709s] -- Up-to-date: /home/rslomron/tm_custom/install/techman_robot_msgs/share/techman_robot_msgs/cmake/rosidl_cmake_export_typesupport_targets-extras.cmake
[1.709s] -- Up-to-date: /home/rslomron/tm_custom/install/techman_robot_msgs/share/techman_robot_msgs/cmake/ament_cmake_export_dependencies-extras.cmake
[1.709s] -- Up-to-date: /home/rslomron/tm_custom/install/techman_robot_msgs/share/techman_robot_msgs/cmake/rosidl_cmake_export_typesupport_libraries-extras.cmake
[1.709s] -- Up-to-date: /home/rslomron/tm_custom/install/techman_robot_msgs/share/techman_robot_msgs/cmake/techman_robot_msgsConfig.cmake
[1.709s] -- Up-to-date: /home/rslomron/tm_custom/install/techman_robot_msgs/share/techman_robot_msgs/cmake/techman_robot_msgsConfig-version.cmake
[1.709s] -- Up-to-date: /home/rslomron/tm_custom/install/techman_robot_msgs/share/techman_robot_msgs/package.xml
[1.722s] Invoked command in '/home/rslomron/tm_custom/build/techman_robot_msgs' returned '0': CMAKE_PREFIX_PATH=${CMAKE_PREFIX_PATH}:/home/rslomron/tm_custom/install/python_demo:/home/rslomron/tm_custom/install/tm_mod_urdf:/home/rslomron/tm_custom/install/techman_robot_get_status:/home/rslomron/moveit2_ws/install/moveit_configs_utils:/opt/ros/humble /usr/bin/cmake --install /home/rslomron/tm_custom/build/techman_robot_msgs
