[0.072s] Invoking command in '/home/rslomron/MoMa/tm_custom/build/ui_for_debug_and_demo': AMENT_PREFIX_PATH=/home/rslomron/MoMa/tm_custom/install/tm_msgs:${AMENT_PREFIX_PATH} CMAKE_PREFIX_PATH=/home/rslomron/MoMa/tm_custom/install/tm_msgs:/opt/ros/humble LD_LIBRARY_PATH=/home/rslomron/MoMa/tm_custom/install/tm_msgs/lib:${LD_LIBRARY_PATH} PYTHONPATH=/home/rslomron/MoMa/tm_custom/install/tm_msgs/local/lib/python3.10/dist-packages:${PYTHONPATH} /usr/bin/cmake /home/rslomron/MoMa/tm_custom/src/ui_for_debug_and_demo -DCMAKE_INSTALL_PREFIX=/home/rslomron/MoMa/tm_custom/install/ui_for_debug_and_demo
[0.233s] -- The C compiler identification is GNU 11.4.0
[0.332s] -- The CXX compiler identification is GNU 11.4.0
[0.373s] -- Detecting C compiler ABI info
[0.582s] -- Detecting C compiler ABI info - done
[0.595s] -- Check for working C compiler: /usr/bin/cc - skipped
[0.597s] -- Detecting C compile features
[0.599s] -- Detecting C compile features - done
[0.614s] -- Detecting CXX compiler ABI info
[0.753s] -- Detecting CXX compiler ABI info - done
[0.762s] -- Check for working CXX compiler: /usr/bin/c++ - skipped
[0.762s] -- Detecting CXX compile features
[0.763s] -- Detecting CXX compile features - done
[0.775s] -- Found ament_cmake: 1.3.8 (/opt/ros/humble/share/ament_cmake/cmake)
[1.189s] -- Found Python3: /usr/bin/python3 (found version "3.10.12") found components: Interpreter 
[1.414s] -- Found rclcpp: 16.0.8 (/opt/ros/humble/share/rclcpp/cmake)
[1.488s] -- Found rosidl_generator_c: 3.1.5 (/opt/ros/humble/share/rosidl_generator_c/cmake)
[1.496s] -- Found rosidl_adapter: 3.1.5 (/opt/ros/humble/share/rosidl_adapter/cmake)
[1.524s] -- Found rosidl_generator_cpp: 3.1.5 (/opt/ros/humble/share/rosidl_generator_cpp/cmake)
[1.558s] -- Using all available rosidl_typesupport_c: rosidl_typesupport_fastrtps_c;rosidl_typesupport_introspection_c
[1.592s] -- Using all available rosidl_typesupport_cpp: rosidl_typesupport_fastrtps_cpp;rosidl_typesupport_introspection_cpp
[1.750s] -- Found rmw_implementation_cmake: 6.1.1 (/opt/ros/humble/share/rmw_implementation_cmake/cmake)
[1.754s] -- Found rmw_fastrtps_cpp: 6.2.6 (/opt/ros/humble/share/rmw_fastrtps_cpp/cmake)
[2.032s] -- Found OpenSSL: /usr/lib/x86_64-linux-gnu/libcrypto.so (found version "3.0.2")  
[2.092s] -- Found FastRTPS: /opt/ros/humble/include  
[2.170s] -- Using RMW implementation 'rmw_fastrtps_cpp' as default
[2.190s] -- Looking for pthread.h
[2.393s] -- Looking for pthread.h - found
[2.394s] -- Performing Test CMAKE_HAVE_LIBC_PTHREAD
[2.533s] -- Performing Test CMAKE_HAVE_LIBC_PTHREAD - Success
[2.535s] -- Found Threads: TRUE  
[3.209s] -- Found rclcpp_action: 16.0.8 (/opt/ros/humble/share/rclcpp_action/cmake)
[4.213s] -- Found tm_msgs: 1.1.2 (/home/rslomron/MoMa/tm_custom/install/tm_msgs/share/tm_msgs/cmake)
[4.788s] -- Found ament_lint_auto: 0.12.10 (/opt/ros/humble/share/ament_lint_auto/cmake)
[5.457s] -- Added test 'cppcheck' to perform static code analysis on C / C++ code
[5.465s] -- Configured cppcheck include dirs: 
[5.466s] -- Configured cppcheck exclude dirs and/or files: 
[5.468s] -- Added test 'flake8' to check Python code syntax and style conventions
[5.478s] -- Added test 'lint_cmake' to check CMake code style
[5.478s] -- Added test 'pep257' to check Python code against some of the docstring style conventions in PEP 257
[5.479s] -- Added test 'uncrustify' to check C / C++ code style
[5.479s] -- Configured uncrustify additional arguments: 
[5.479s] -- Added test 'xmllint' to check XML markup files
[5.502s] -- Configuring done
[5.738s] -- Generating done
[5.741s] -- Build files have been written to: /home/rslomron/MoMa/tm_custom/build/ui_for_debug_and_demo
[5.889s] Invoked command in '/home/rslomron/MoMa/tm_custom/build/ui_for_debug_and_demo' returned '0': AMENT_PREFIX_PATH=/home/rslomron/MoMa/tm_custom/install/tm_msgs:${AMENT_PREFIX_PATH} CMAKE_PREFIX_PATH=/home/rslomron/MoMa/tm_custom/install/tm_msgs:/opt/ros/humble LD_LIBRARY_PATH=/home/rslomron/MoMa/tm_custom/install/tm_msgs/lib:${LD_LIBRARY_PATH} PYTHONPATH=/home/rslomron/MoMa/tm_custom/install/tm_msgs/local/lib/python3.10/dist-packages:${PYTHONPATH} /usr/bin/cmake /home/rslomron/MoMa/tm_custom/src/ui_for_debug_and_demo -DCMAKE_INSTALL_PREFIX=/home/rslomron/MoMa/tm_custom/install/ui_for_debug_and_demo
[5.889s] Invoking command in '/home/rslomron/MoMa/tm_custom/build/ui_for_debug_and_demo': AMENT_PREFIX_PATH=/home/rslomron/MoMa/tm_custom/install/tm_msgs:${AMENT_PREFIX_PATH} CMAKE_PREFIX_PATH=/home/rslomron/MoMa/tm_custom/install/tm_msgs:/opt/ros/humble LD_LIBRARY_PATH=/home/rslomron/MoMa/tm_custom/install/tm_msgs/lib:${LD_LIBRARY_PATH} PYTHONPATH=/home/rslomron/MoMa/tm_custom/install/tm_msgs/local/lib/python3.10/dist-packages:${PYTHONPATH} /usr/bin/cmake --build /home/rslomron/MoMa/tm_custom/build/ui_for_debug_and_demo -- -j8 -l8
[6.256s] [ 14%] [34m[1mAutomatic MOC and UIC for target robot_ui[0m
[9.087s] [ 14%] Built target robot_ui_autogen
[9.211s] [ 28%] [34m[1mGenerating ui_tm_ros_driver_windows.h[0m
[9.392s] [ 42%] [32mBuilding CXX object CMakeFiles/robot_ui.dir/src/main.cpp.o[0m
[9.401s] [ 57%] [32mBuilding CXX object CMakeFiles/robot_ui.dir/robot_ui_autogen/mocs_compilation.cpp.o[0m
[9.421s] [ 71%] [32mBuilding CXX object CMakeFiles/robot_ui.dir/src/tm_ros_driver_windows.cpp.o[0m
[9.432s] [ 85%] [32mBuilding CXX object CMakeFiles/robot_ui.dir/src/ros_page.cpp.o[0m
[43.565s] [100%] [32m[1mLinking CXX executable robot_ui[0m
[45.449s] [100%] Built target robot_ui
[45.462s] Invoked command in '/home/rslomron/MoMa/tm_custom/build/ui_for_debug_and_demo' returned '0': AMENT_PREFIX_PATH=/home/rslomron/MoMa/tm_custom/install/tm_msgs:${AMENT_PREFIX_PATH} CMAKE_PREFIX_PATH=/home/rslomron/MoMa/tm_custom/install/tm_msgs:/opt/ros/humble LD_LIBRARY_PATH=/home/rslomron/MoMa/tm_custom/install/tm_msgs/lib:${LD_LIBRARY_PATH} PYTHONPATH=/home/rslomron/MoMa/tm_custom/install/tm_msgs/local/lib/python3.10/dist-packages:${PYTHONPATH} /usr/bin/cmake --build /home/rslomron/MoMa/tm_custom/build/ui_for_debug_and_demo -- -j8 -l8
[45.491s] Invoking command in '/home/rslomron/MoMa/tm_custom/build/ui_for_debug_and_demo': AMENT_PREFIX_PATH=/home/rslomron/MoMa/tm_custom/install/tm_msgs:${AMENT_PREFIX_PATH} CMAKE_PREFIX_PATH=/home/rslomron/MoMa/tm_custom/install/tm_msgs:/opt/ros/humble LD_LIBRARY_PATH=/home/rslomron/MoMa/tm_custom/install/tm_msgs/lib:${LD_LIBRARY_PATH} PYTHONPATH=/home/rslomron/MoMa/tm_custom/install/tm_msgs/local/lib/python3.10/dist-packages:${PYTHONPATH} /usr/bin/cmake --install /home/rslomron/MoMa/tm_custom/build/ui_for_debug_and_demo
[45.499s] -- Install configuration: ""
[45.499s] -- Installing: /home/rslomron/MoMa/tm_custom/install/ui_for_debug_and_demo/lib/ui_for_debug_and_demo/robot_ui
[45.509s] -- Set runtime path of "/home/rslomron/MoMa/tm_custom/install/ui_for_debug_and_demo/lib/ui_for_debug_and_demo/robot_ui" to ""
[45.510s] -- Installing: /home/rslomron/MoMa/tm_custom/install/ui_for_debug_and_demo/share/ui_for_debug_and_demo/launch
[45.510s] -- Installing: /home/rslomron/MoMa/tm_custom/install/ui_for_debug_and_demo/share/ui_for_debug_and_demo/launch/tm_gui.launch.py
[45.510s] -- Installing: /home/rslomron/MoMa/tm_custom/install/ui_for_debug_and_demo/share/ament_index/resource_index/package_run_dependencies/ui_for_debug_and_demo
[45.510s] -- Installing: /home/rslomron/MoMa/tm_custom/install/ui_for_debug_and_demo/share/ament_index/resource_index/parent_prefix_path/ui_for_debug_and_demo
[45.510s] -- Installing: /home/rslomron/MoMa/tm_custom/install/ui_for_debug_and_demo/share/ui_for_debug_and_demo/environment/ament_prefix_path.sh
[45.510s] -- Installing: /home/rslomron/MoMa/tm_custom/install/ui_for_debug_and_demo/share/ui_for_debug_and_demo/environment/ament_prefix_path.dsv
[45.511s] -- Installing: /home/rslomron/MoMa/tm_custom/install/ui_for_debug_and_demo/share/ui_for_debug_and_demo/environment/path.sh
[45.511s] -- Installing: /home/rslomron/MoMa/tm_custom/install/ui_for_debug_and_demo/share/ui_for_debug_and_demo/environment/path.dsv
[45.511s] -- Installing: /home/rslomron/MoMa/tm_custom/install/ui_for_debug_and_demo/share/ui_for_debug_and_demo/local_setup.bash
[45.511s] -- Installing: /home/rslomron/MoMa/tm_custom/install/ui_for_debug_and_demo/share/ui_for_debug_and_demo/local_setup.sh
[45.511s] -- Installing: /home/rslomron/MoMa/tm_custom/install/ui_for_debug_and_demo/share/ui_for_debug_and_demo/local_setup.zsh
[45.511s] -- Installing: /home/rslomron/MoMa/tm_custom/install/ui_for_debug_and_demo/share/ui_for_debug_and_demo/local_setup.dsv
[45.512s] -- Installing: /home/rslomron/MoMa/tm_custom/install/ui_for_debug_and_demo/share/ui_for_debug_and_demo/package.dsv
[45.512s] -- Installing: /home/rslomron/MoMa/tm_custom/install/ui_for_debug_and_demo/share/ament_index/resource_index/packages/ui_for_debug_and_demo
[45.512s] -- Installing: /home/rslomron/MoMa/tm_custom/install/ui_for_debug_and_demo/share/ui_for_debug_and_demo/cmake/ui_for_debug_and_demoConfig.cmake
[45.512s] -- Installing: /home/rslomron/MoMa/tm_custom/install/ui_for_debug_and_demo/share/ui_for_debug_and_demo/cmake/ui_for_debug_and_demoConfig-version.cmake
[45.512s] -- Installing: /home/rslomron/MoMa/tm_custom/install/ui_for_debug_and_demo/share/ui_for_debug_and_demo/package.xml
[45.514s] Invoked command in '/home/rslomron/MoMa/tm_custom/build/ui_for_debug_and_demo' returned '0': AMENT_PREFIX_PATH=/home/rslomron/MoMa/tm_custom/install/tm_msgs:${AMENT_PREFIX_PATH} CMAKE_PREFIX_PATH=/home/rslomron/MoMa/tm_custom/install/tm_msgs:/opt/ros/humble LD_LIBRARY_PATH=/home/rslomron/MoMa/tm_custom/install/tm_msgs/lib:${LD_LIBRARY_PATH} PYTHONPATH=/home/rslomron/MoMa/tm_custom/install/tm_msgs/local/lib/python3.10/dist-packages:${PYTHONPATH} /usr/bin/cmake --install /home/rslomron/MoMa/tm_custom/build/ui_for_debug_and_demo
