[0.199s] Invoking command in '/home/rslomron/tm_custom/build/tm_moveit_config_tm14': AMENT_PREFIX_PATH=/home/rslomron/tm_custom/install/tm_description CMAKE_PREFIX_PATH=/home/rslomron/tm_custom/install/tm_description /usr/bin/cmake --build /home/rslomron/tm_custom/build/tm_moveit_config_tm14 -- -j8 -l8
[0.350s] Invoked command in '/home/rslomron/tm_custom/build/tm_moveit_config_tm14' returned '0': AMENT_PREFIX_PATH=/home/rslomron/tm_custom/install/tm_description CMAKE_PREFIX_PATH=/home/rslomron/tm_custom/install/tm_description /usr/bin/cmake --build /home/rslomron/tm_custom/build/tm_moveit_config_tm14 -- -j8 -l8
[0.659s] Invoking command in '/home/rslomron/tm_custom/build/tm_moveit_config_tm14': AMENT_PREFIX_PATH=/home/rslomron/tm_custom/install/tm_description CMAKE_PREFIX_PATH=/home/rslomron/tm_custom/install/tm_description /usr/bin/cmake --install /home/rslomron/tm_custom/build/tm_moveit_config_tm14
[0.692s] -- Install configuration: ""
[0.692s] -- Up-to-date: /home/rslomron/tm_custom/install/tm_moveit_config_tm14/share/ament_index/resource_index/package_run_dependencies/tm_moveit_config_tm14
[0.692s] -- Up-to-date: /home/rslomron/tm_custom/install/tm_moveit_config_tm14/share/ament_index/resource_index/parent_prefix_path/tm_moveit_config_tm14
[0.692s] -- Up-to-date: /home/rslomron/tm_custom/install/tm_moveit_config_tm14/share/tm_moveit_config_tm14/environment/ament_prefix_path.sh
[0.692s] -- Up-to-date: /home/rslomron/tm_custom/install/tm_moveit_config_tm14/share/tm_moveit_config_tm14/environment/ament_prefix_path.dsv
[0.692s] -- Up-to-date: /home/rslomron/tm_custom/install/tm_moveit_config_tm14/share/tm_moveit_config_tm14/environment/path.sh
[0.693s] -- Up-to-date: /home/rslomron/tm_custom/install/tm_moveit_config_tm14/share/tm_moveit_config_tm14/environment/path.dsv
[0.693s] -- Up-to-date: /home/rslomron/tm_custom/install/tm_moveit_config_tm14/share/tm_moveit_config_tm14/local_setup.bash
[0.693s] -- Up-to-date: /home/rslomron/tm_custom/install/tm_moveit_config_tm14/share/tm_moveit_config_tm14/local_setup.sh
[0.693s] -- Up-to-date: /home/rslomron/tm_custom/install/tm_moveit_config_tm14/share/tm_moveit_config_tm14/local_setup.zsh
[0.693s] -- Up-to-date: /home/rslomron/tm_custom/install/tm_moveit_config_tm14/share/tm_moveit_config_tm14/local_setup.dsv
[0.693s] -- Installing: /home/rslomron/tm_custom/install/tm_moveit_config_tm14/share/tm_moveit_config_tm14/package.dsv
[0.693s] -- Up-to-date: /home/rslomron/tm_custom/install/tm_moveit_config_tm14/share/ament_index/resource_index/packages/tm_moveit_config_tm14
[0.693s] -- Up-to-date: /home/rslomron/tm_custom/install/tm_moveit_config_tm14/share/tm_moveit_config_tm14/cmake/tm_moveit_config_tm14Config.cmake
[0.694s] -- Up-to-date: /home/rslomron/tm_custom/install/tm_moveit_config_tm14/share/tm_moveit_config_tm14/cmake/tm_moveit_config_tm14Config-version.cmake
[0.694s] -- Up-to-date: /home/rslomron/tm_custom/install/tm_moveit_config_tm14/share/tm_moveit_config_tm14/package.xml
[0.789s] Invoked command in '/home/rslomron/tm_custom/build/tm_moveit_config_tm14' returned '0': AMENT_PREFIX_PATH=/home/rslomron/tm_custom/install/tm_description CMAKE_PREFIX_PATH=/home/rslomron/tm_custom/install/tm_description /usr/bin/cmake --install /home/rslomron/tm_custom/build/tm_moveit_config_tm14
