[0.725s] Invoking command in '/home/rslomron/MoMa/tm_custom/build/safety_msgs': CMAKE_PREFIX_PATH=/opt/ros/humble /usr/bin/cmake --build /home/rslomron/MoMa/tm_custom/build/safety_msgs -- -j8 -l8
[1.169s] [35m[1mConsolidate compiler generated dependencies of target safety_msgs__rosidl_generator_c[0m
[1.169s] [  3%] Built target safety_msgs__cpp
[1.169s] [ 12%] Built target safety_msgs__rosidl_generator_c
[1.169s] [ 12%] Built target ament_cmake_python_copy_safety_msgs
[1.169s] [35m[1mConsolidate compiler generated dependencies of target safety_msgs__rosidl_typesupport_cpp[0m
[1.169s] [35m[1mConsolidate compiler generated dependencies of target safety_msgs__rosidl_typesupport_introspection_cpp[0m
[1.169s] [35m[1mConsolidate compiler generated dependencies of target safety_msgs__rosidl_typesupport_fastrtps_cpp[0m
[1.169s] [35m[1mConsolidate compiler generated dependencies of target safety_msgs__rosidl_typesupport_fastrtps_c[0m
[1.169s] [35m[1mConsolidate compiler generated dependencies of target safety_msgs__rosidl_typesupport_c[0m
[1.169s] [ 22%] Built target safety_msgs__rosidl_typesupport_introspection_cpp
[1.169s] [35m[1mConsolidate compiler generated dependencies of target safety_msgs__rosidl_typesupport_introspection_c[0m
[1.169s] [ 32%] Built target safety_msgs__rosidl_typesupport_fastrtps_cpp
[1.169s] [ 41%] Built target safety_msgs__rosidl_typesupport_cpp
[1.169s] [ 51%] Built target safety_msgs__rosidl_typesupport_c
[1.170s] [ 61%] Built target safety_msgs__rosidl_typesupport_fastrtps_c
[1.170s] [ 70%] Built target safety_msgs__rosidl_typesupport_introspection_c
[1.170s] [ 70%] Built target safety_msgs
[1.170s] [ 74%] Built target safety_msgs__py
[1.170s] [35m[1mConsolidate compiler generated dependencies of target safety_msgs__rosidl_generator_py[0m
[1.170s] [ 80%] Built target safety_msgs__rosidl_generator_py
[1.170s] [35m[1mConsolidate compiler generated dependencies of target safety_msgs__rosidl_typesupport_fastrtps_c__pyext[0m
[1.170s] [35m[1mConsolidate compiler generated dependencies of target safety_msgs__rosidl_typesupport_c__pyext[0m
[1.170s] [35m[1mConsolidate compiler generated dependencies of target safety_msgs__rosidl_typesupport_introspection_c__pyext[0m
[1.170s] [ 87%] Built target safety_msgs__rosidl_typesupport_fastrtps_c__pyext
[1.170s] [ 93%] Built target safety_msgs__rosidl_typesupport_introspection_c__pyext
[1.170s] [100%] Built target safety_msgs__rosidl_typesupport_c__pyext
[1.170s] running egg_info
[1.170s] writing safety_msgs.egg-info/PKG-INFO
[1.171s] writing dependency_links to safety_msgs.egg-info/dependency_links.txt
[1.171s] writing top-level names to safety_msgs.egg-info/top_level.txt
[1.171s] reading manifest file 'safety_msgs.egg-info/SOURCES.txt'
[1.171s] writing manifest file 'safety_msgs.egg-info/SOURCES.txt'
[1.177s] [100%] Built target ament_cmake_python_build_safety_msgs_egg
[1.456s] Invoked command in '/home/rslomron/MoMa/tm_custom/build/safety_msgs' returned '0': CMAKE_PREFIX_PATH=/opt/ros/humble /usr/bin/cmake --build /home/rslomron/MoMa/tm_custom/build/safety_msgs -- -j8 -l8
[1.602s] Invoking command in '/home/rslomron/MoMa/tm_custom/build/safety_msgs': CMAKE_PREFIX_PATH=/opt/ros/humble /usr/bin/cmake --install /home/rslomron/MoMa/tm_custom/build/safety_msgs
[1.613s] -- Install configuration: ""
[1.613s] -- Up-to-date: /home/rslomron/MoMa/tm_custom/install/safety_msgs/share/ament_index/resource_index/rosidl_interfaces/safety_msgs
[1.614s] -- Up-to-date: /home/rslomron/MoMa/tm_custom/install/safety_msgs/include/safety_msgs/safety_msgs
[1.614s] -- Up-to-date: /home/rslomron/MoMa/tm_custom/install/safety_msgs/include/safety_msgs/safety_msgs/msg
[1.614s] -- Up-to-date: /home/rslomron/MoMa/tm_custom/install/safety_msgs/include/safety_msgs/safety_msgs/msg/rosidl_generator_c__visibility_control.h
[1.614s] -- Up-to-date: /home/rslomron/MoMa/tm_custom/install/safety_msgs/include/safety_msgs/safety_msgs/srv
[1.614s] -- Up-to-date: /home/rslomron/MoMa/tm_custom/install/safety_msgs/include/safety_msgs/safety_msgs/srv/detail
[1.614s] -- Up-to-date: /home/rslomron/MoMa/tm_custom/install/safety_msgs/include/safety_msgs/safety_msgs/srv/detail/arm_safety_service__functions.c
[1.615s] -- Up-to-date: /home/rslomron/MoMa/tm_custom/install/safety_msgs/include/safety_msgs/safety_msgs/srv/detail/arm_safety_service__functions.h
[1.615s] -- Up-to-date: /home/rslomron/MoMa/tm_custom/install/safety_msgs/include/safety_msgs/safety_msgs/srv/detail/arm_safety_service__struct.h
[1.615s] -- Up-to-date: /home/rslomron/MoMa/tm_custom/install/safety_msgs/include/safety_msgs/safety_msgs/srv/detail/arm_safety_service__type_support.h
[1.615s] -- Up-to-date: /home/rslomron/MoMa/tm_custom/install/safety_msgs/include/safety_msgs/safety_msgs/srv/arm_safety_service.h
[1.615s] -- Up-to-date: /home/rslomron/MoMa/tm_custom/install/safety_msgs/share/safety_msgs/environment/library_path.sh
[1.615s] -- Up-to-date: /home/rslomron/MoMa/tm_custom/install/safety_msgs/share/safety_msgs/environment/library_path.dsv
[1.615s] -- Up-to-date: /home/rslomron/MoMa/tm_custom/install/safety_msgs/lib/libsafety_msgs__rosidl_generator_c.so
[1.616s] -- Up-to-date: /home/rslomron/MoMa/tm_custom/install/safety_msgs/include/safety_msgs/safety_msgs
[1.616s] -- Up-to-date: /home/rslomron/MoMa/tm_custom/install/safety_msgs/include/safety_msgs/safety_msgs/msg
[1.616s] -- Up-to-date: /home/rslomron/MoMa/tm_custom/install/safety_msgs/include/safety_msgs/safety_msgs/msg/rosidl_typesupport_fastrtps_c__visibility_control.h
[1.616s] -- Up-to-date: /home/rslomron/MoMa/tm_custom/install/safety_msgs/include/safety_msgs/safety_msgs/srv
[1.616s] -- Up-to-date: /home/rslomron/MoMa/tm_custom/install/safety_msgs/include/safety_msgs/safety_msgs/srv/detail
[1.617s] -- Up-to-date: /home/rslomron/MoMa/tm_custom/install/safety_msgs/include/safety_msgs/safety_msgs/srv/detail/arm_safety_service__rosidl_typesupport_fastrtps_c.h
[1.617s] -- Up-to-date: /home/rslomron/MoMa/tm_custom/install/safety_msgs/lib/libsafety_msgs__rosidl_typesupport_fastrtps_c.so
[1.617s] -- Up-to-date: /home/rslomron/MoMa/tm_custom/install/safety_msgs/include/safety_msgs/safety_msgs
[1.617s] -- Up-to-date: /home/rslomron/MoMa/tm_custom/install/safety_msgs/include/safety_msgs/safety_msgs/srv
[1.617s] -- Up-to-date: /home/rslomron/MoMa/tm_custom/install/safety_msgs/include/safety_msgs/safety_msgs/srv/detail
[1.617s] -- Up-to-date: /home/rslomron/MoMa/tm_custom/install/safety_msgs/include/safety_msgs/safety_msgs/srv/detail/arm_safety_service__traits.hpp
[1.618s] -- Up-to-date: /home/rslomron/MoMa/tm_custom/install/safety_msgs/include/safety_msgs/safety_msgs/srv/detail/arm_safety_service__builder.hpp
[1.618s] -- Up-to-date: /home/rslomron/MoMa/tm_custom/install/safety_msgs/include/safety_msgs/safety_msgs/srv/detail/arm_safety_service__struct.hpp
[1.618s] -- Up-to-date: /home/rslomron/MoMa/tm_custom/install/safety_msgs/include/safety_msgs/safety_msgs/srv/arm_safety_service.hpp
[1.618s] -- Up-to-date: /home/rslomron/MoMa/tm_custom/install/safety_msgs/include/safety_msgs/safety_msgs
[1.618s] -- Up-to-date: /home/rslomron/MoMa/tm_custom/install/safety_msgs/include/safety_msgs/safety_msgs/msg
[1.619s] -- Up-to-date: /home/rslomron/MoMa/tm_custom/install/safety_msgs/include/safety_msgs/safety_msgs/msg/rosidl_typesupport_fastrtps_cpp__visibility_control.h
[1.619s] -- Up-to-date: /home/rslomron/MoMa/tm_custom/install/safety_msgs/include/safety_msgs/safety_msgs/srv
[1.619s] -- Up-to-date: /home/rslomron/MoMa/tm_custom/install/safety_msgs/include/safety_msgs/safety_msgs/srv/detail
[1.619s] -- Up-to-date: /home/rslomron/MoMa/tm_custom/install/safety_msgs/include/safety_msgs/safety_msgs/srv/detail/dds_fastrtps
[1.619s] -- Up-to-date: /home/rslomron/MoMa/tm_custom/install/safety_msgs/include/safety_msgs/safety_msgs/srv/detail/arm_safety_service__rosidl_typesupport_fastrtps_cpp.hpp
[1.619s] -- Up-to-date: /home/rslomron/MoMa/tm_custom/install/safety_msgs/lib/libsafety_msgs__rosidl_typesupport_fastrtps_cpp.so
[1.620s] -- Up-to-date: /home/rslomron/MoMa/tm_custom/install/safety_msgs/include/safety_msgs/safety_msgs
[1.620s] -- Up-to-date: /home/rslomron/MoMa/tm_custom/install/safety_msgs/include/safety_msgs/safety_msgs/msg
[1.620s] -- Up-to-date: /home/rslomron/MoMa/tm_custom/install/safety_msgs/include/safety_msgs/safety_msgs/msg/rosidl_typesupport_introspection_c__visibility_control.h
[1.620s] -- Up-to-date: /home/rslomron/MoMa/tm_custom/install/safety_msgs/include/safety_msgs/safety_msgs/srv
[1.620s] -- Up-to-date: /home/rslomron/MoMa/tm_custom/install/safety_msgs/include/safety_msgs/safety_msgs/srv/detail
[1.621s] -- Up-to-date: /home/rslomron/MoMa/tm_custom/install/safety_msgs/include/safety_msgs/safety_msgs/srv/detail/arm_safety_service__type_support.c
[1.621s] -- Up-to-date: /home/rslomron/MoMa/tm_custom/install/safety_msgs/include/safety_msgs/safety_msgs/srv/detail/arm_safety_service__rosidl_typesupport_introspection_c.h
[1.621s] -- Up-to-date: /home/rslomron/MoMa/tm_custom/install/safety_msgs/lib/libsafety_msgs__rosidl_typesupport_introspection_c.so
[1.621s] -- Up-to-date: /home/rslomron/MoMa/tm_custom/install/safety_msgs/lib/libsafety_msgs__rosidl_typesupport_c.so
[1.621s] -- Up-to-date: /home/rslomron/MoMa/tm_custom/install/safety_msgs/include/safety_msgs/safety_msgs
[1.621s] -- Up-to-date: /home/rslomron/MoMa/tm_custom/install/safety_msgs/include/safety_msgs/safety_msgs/srv
[1.621s] -- Up-to-date: /home/rslomron/MoMa/tm_custom/install/safety_msgs/include/safety_msgs/safety_msgs/srv/detail
[1.621s] -- Up-to-date: /home/rslomron/MoMa/tm_custom/install/safety_msgs/include/safety_msgs/safety_msgs/srv/detail/arm_safety_service__type_support.cpp
[1.622s] -- Up-to-date: /home/rslomron/MoMa/tm_custom/install/safety_msgs/include/safety_msgs/safety_msgs/srv/detail/arm_safety_service__rosidl_typesupport_introspection_cpp.hpp
[1.622s] -- Up-to-date: /home/rslomron/MoMa/tm_custom/install/safety_msgs/lib/libsafety_msgs__rosidl_typesupport_introspection_cpp.so
[1.622s] -- Up-to-date: /home/rslomron/MoMa/tm_custom/install/safety_msgs/lib/libsafety_msgs__rosidl_typesupport_cpp.so
[1.622s] -- Up-to-date: /home/rslomron/MoMa/tm_custom/install/safety_msgs/share/safety_msgs/environment/pythonpath.sh
[1.622s] -- Up-to-date: /home/rslomron/MoMa/tm_custom/install/safety_msgs/share/safety_msgs/environment/pythonpath.dsv
[1.622s] -- Up-to-date: /home/rslomron/MoMa/tm_custom/install/safety_msgs/local/lib/python3.10/dist-packages/safety_msgs-0.0.0-py3.10.egg-info
[1.622s] -- Installing: /home/rslomron/MoMa/tm_custom/install/safety_msgs/local/lib/python3.10/dist-packages/safety_msgs-0.0.0-py3.10.egg-info/top_level.txt
[1.622s] -- Installing: /home/rslomron/MoMa/tm_custom/install/safety_msgs/local/lib/python3.10/dist-packages/safety_msgs-0.0.0-py3.10.egg-info/PKG-INFO
[1.622s] -- Installing: /home/rslomron/MoMa/tm_custom/install/safety_msgs/local/lib/python3.10/dist-packages/safety_msgs-0.0.0-py3.10.egg-info/dependency_links.txt
[1.623s] -- Installing: /home/rslomron/MoMa/tm_custom/install/safety_msgs/local/lib/python3.10/dist-packages/safety_msgs-0.0.0-py3.10.egg-info/SOURCES.txt
[1.623s] -- Up-to-date: /home/rslomron/MoMa/tm_custom/install/safety_msgs/local/lib/python3.10/dist-packages/safety_msgs
[1.623s] -- Up-to-date: /home/rslomron/MoMa/tm_custom/install/safety_msgs/local/lib/python3.10/dist-packages/safety_msgs/_safety_msgs_s.ep.rosidl_typesupport_c.c
[1.623s] -- Up-to-date: /home/rslomron/MoMa/tm_custom/install/safety_msgs/local/lib/python3.10/dist-packages/safety_msgs/_safety_msgs_s.ep.rosidl_typesupport_fastrtps_c.c
[1.623s] -- Up-to-date: /home/rslomron/MoMa/tm_custom/install/safety_msgs/local/lib/python3.10/dist-packages/safety_msgs/safety_msgs_s__rosidl_typesupport_c.cpython-310-x86_64-linux-gnu.so
[1.623s] -- Up-to-date: /home/rslomron/MoMa/tm_custom/install/safety_msgs/local/lib/python3.10/dist-packages/safety_msgs/libsafety_msgs__rosidl_generator_py.so
[1.623s] -- Up-to-date: /home/rslomron/MoMa/tm_custom/install/safety_msgs/local/lib/python3.10/dist-packages/safety_msgs/safety_msgs_s__rosidl_typesupport_introspection_c.cpython-310-x86_64-linux-gnu.so
[1.623s] -- Up-to-date: /home/rslomron/MoMa/tm_custom/install/safety_msgs/local/lib/python3.10/dist-packages/safety_msgs/__init__.py
[1.624s] -- Up-to-date: /home/rslomron/MoMa/tm_custom/install/safety_msgs/local/lib/python3.10/dist-packages/safety_msgs/srv
[1.624s] -- Up-to-date: /home/rslomron/MoMa/tm_custom/install/safety_msgs/local/lib/python3.10/dist-packages/safety_msgs/srv/_arm_safety_service_s.c
[1.624s] -- Up-to-date: /home/rslomron/MoMa/tm_custom/install/safety_msgs/local/lib/python3.10/dist-packages/safety_msgs/srv/_arm_safety_service.py
[1.624s] -- Up-to-date: /home/rslomron/MoMa/tm_custom/install/safety_msgs/local/lib/python3.10/dist-packages/safety_msgs/srv/__init__.py
[1.624s] -- Up-to-date: /home/rslomron/MoMa/tm_custom/install/safety_msgs/local/lib/python3.10/dist-packages/safety_msgs/safety_msgs_s__rosidl_typesupport_fastrtps_c.cpython-310-x86_64-linux-gnu.so
[1.624s] -- Up-to-date: /home/rslomron/MoMa/tm_custom/install/safety_msgs/local/lib/python3.10/dist-packages/safety_msgs/_safety_msgs_s.ep.rosidl_typesupport_introspection_c.c
[1.683s] Listing '/home/rslomron/MoMa/tm_custom/install/safety_msgs/local/lib/python3.10/dist-packages/safety_msgs'...
[1.684s] Listing '/home/rslomron/MoMa/tm_custom/install/safety_msgs/local/lib/python3.10/dist-packages/safety_msgs/srv'...
[1.685s] -- Up-to-date: /home/rslomron/MoMa/tm_custom/install/safety_msgs/local/lib/python3.10/dist-packages/safety_msgs/safety_msgs_s__rosidl_typesupport_fastrtps_c.cpython-310-x86_64-linux-gnu.so
[1.686s] -- Up-to-date: /home/rslomron/MoMa/tm_custom/install/safety_msgs/local/lib/python3.10/dist-packages/safety_msgs/safety_msgs_s__rosidl_typesupport_introspection_c.cpython-310-x86_64-linux-gnu.so
[1.687s] -- Up-to-date: /home/rslomron/MoMa/tm_custom/install/safety_msgs/local/lib/python3.10/dist-packages/safety_msgs/safety_msgs_s__rosidl_typesupport_c.cpython-310-x86_64-linux-gnu.so
[1.688s] -- Up-to-date: /home/rslomron/MoMa/tm_custom/install/safety_msgs/lib/libsafety_msgs__rosidl_generator_py.so
[1.688s] -- Up-to-date: /home/rslomron/MoMa/tm_custom/install/safety_msgs/share/safety_msgs/srv/ArmSafetyService.idl
[1.688s] -- Up-to-date: /home/rslomron/MoMa/tm_custom/install/safety_msgs/share/safety_msgs/srv/ArmSafetyService.srv
[1.688s] -- Up-to-date: /home/rslomron/MoMa/tm_custom/install/safety_msgs/share/safety_msgs/srv/ArmSafetyService_Request.msg
[1.688s] -- Up-to-date: /home/rslomron/MoMa/tm_custom/install/safety_msgs/share/safety_msgs/srv/ArmSafetyService_Response.msg
[1.689s] -- Up-to-date: /home/rslomron/MoMa/tm_custom/install/safety_msgs/share/ament_index/resource_index/package_run_dependencies/safety_msgs
[1.689s] -- Up-to-date: /home/rslomron/MoMa/tm_custom/install/safety_msgs/share/ament_index/resource_index/parent_prefix_path/safety_msgs
[1.689s] -- Up-to-date: /home/rslomron/MoMa/tm_custom/install/safety_msgs/share/safety_msgs/environment/ament_prefix_path.sh
[1.689s] -- Up-to-date: /home/rslomron/MoMa/tm_custom/install/safety_msgs/share/safety_msgs/environment/ament_prefix_path.dsv
[1.689s] -- Up-to-date: /home/rslomron/MoMa/tm_custom/install/safety_msgs/share/safety_msgs/environment/path.sh
[1.689s] -- Up-to-date: /home/rslomron/MoMa/tm_custom/install/safety_msgs/share/safety_msgs/environment/path.dsv
[1.689s] -- Up-to-date: /home/rslomron/MoMa/tm_custom/install/safety_msgs/share/safety_msgs/local_setup.bash
[1.690s] -- Up-to-date: /home/rslomron/MoMa/tm_custom/install/safety_msgs/share/safety_msgs/local_setup.sh
[1.690s] -- Up-to-date: /home/rslomron/MoMa/tm_custom/install/safety_msgs/share/safety_msgs/local_setup.zsh
[1.690s] -- Up-to-date: /home/rslomron/MoMa/tm_custom/install/safety_msgs/share/safety_msgs/local_setup.dsv
[1.690s] -- Installing: /home/rslomron/MoMa/tm_custom/install/safety_msgs/share/safety_msgs/package.dsv
[1.690s] -- Up-to-date: /home/rslomron/MoMa/tm_custom/install/safety_msgs/share/ament_index/resource_index/packages/safety_msgs
[1.690s] -- Up-to-date: /home/rslomron/MoMa/tm_custom/install/safety_msgs/share/safety_msgs/cmake/export_safety_msgs__rosidl_generator_cExport.cmake
[1.690s] -- Up-to-date: /home/rslomron/MoMa/tm_custom/install/safety_msgs/share/safety_msgs/cmake/export_safety_msgs__rosidl_generator_cExport-noconfig.cmake
[1.692s] -- Up-to-date: /home/rslomron/MoMa/tm_custom/install/safety_msgs/share/safety_msgs/cmake/export_safety_msgs__rosidl_typesupport_fastrtps_cExport.cmake
[1.692s] -- Up-to-date: /home/rslomron/MoMa/tm_custom/install/safety_msgs/share/safety_msgs/cmake/export_safety_msgs__rosidl_typesupport_fastrtps_cExport-noconfig.cmake
[1.692s] -- Up-to-date: /home/rslomron/MoMa/tm_custom/install/safety_msgs/share/safety_msgs/cmake/export_safety_msgs__rosidl_generator_cppExport.cmake
[1.692s] -- Up-to-date: /home/rslomron/MoMa/tm_custom/install/safety_msgs/share/safety_msgs/cmake/export_safety_msgs__rosidl_typesupport_fastrtps_cppExport.cmake
[1.692s] -- Up-to-date: /home/rslomron/MoMa/tm_custom/install/safety_msgs/share/safety_msgs/cmake/export_safety_msgs__rosidl_typesupport_fastrtps_cppExport-noconfig.cmake
[1.692s] -- Up-to-date: /home/rslomron/MoMa/tm_custom/install/safety_msgs/share/safety_msgs/cmake/safety_msgs__rosidl_typesupport_introspection_cExport.cmake
[1.692s] -- Up-to-date: /home/rslomron/MoMa/tm_custom/install/safety_msgs/share/safety_msgs/cmake/safety_msgs__rosidl_typesupport_introspection_cExport-noconfig.cmake
[1.693s] -- Up-to-date: /home/rslomron/MoMa/tm_custom/install/safety_msgs/share/safety_msgs/cmake/safety_msgs__rosidl_typesupport_cExport.cmake
[1.693s] -- Up-to-date: /home/rslomron/MoMa/tm_custom/install/safety_msgs/share/safety_msgs/cmake/safety_msgs__rosidl_typesupport_cExport-noconfig.cmake
[1.693s] -- Up-to-date: /home/rslomron/MoMa/tm_custom/install/safety_msgs/share/safety_msgs/cmake/safety_msgs__rosidl_typesupport_introspection_cppExport.cmake
[1.693s] -- Up-to-date: /home/rslomron/MoMa/tm_custom/install/safety_msgs/share/safety_msgs/cmake/safety_msgs__rosidl_typesupport_introspection_cppExport-noconfig.cmake
[1.693s] -- Up-to-date: /home/rslomron/MoMa/tm_custom/install/safety_msgs/share/safety_msgs/cmake/safety_msgs__rosidl_typesupport_cppExport.cmake
[1.693s] -- Up-to-date: /home/rslomron/MoMa/tm_custom/install/safety_msgs/share/safety_msgs/cmake/safety_msgs__rosidl_typesupport_cppExport-noconfig.cmake
[1.693s] -- Up-to-date: /home/rslomron/MoMa/tm_custom/install/safety_msgs/share/safety_msgs/cmake/export_safety_msgs__rosidl_generator_pyExport.cmake
[1.693s] -- Up-to-date: /home/rslomron/MoMa/tm_custom/install/safety_msgs/share/safety_msgs/cmake/export_safety_msgs__rosidl_generator_pyExport-noconfig.cmake
[1.694s] -- Up-to-date: /home/rslomron/MoMa/tm_custom/install/safety_msgs/share/safety_msgs/cmake/rosidl_cmake-extras.cmake
[1.694s] -- Up-to-date: /home/rslomron/MoMa/tm_custom/install/safety_msgs/share/safety_msgs/cmake/ament_cmake_export_dependencies-extras.cmake
[1.694s] -- Up-to-date: /home/rslomron/MoMa/tm_custom/install/safety_msgs/share/safety_msgs/cmake/ament_cmake_export_include_directories-extras.cmake
[1.694s] -- Up-to-date: /home/rslomron/MoMa/tm_custom/install/safety_msgs/share/safety_msgs/cmake/ament_cmake_export_libraries-extras.cmake
[1.694s] -- Up-to-date: /home/rslomron/MoMa/tm_custom/install/safety_msgs/share/safety_msgs/cmake/ament_cmake_export_targets-extras.cmake
[1.694s] -- Up-to-date: /home/rslomron/MoMa/tm_custom/install/safety_msgs/share/safety_msgs/cmake/rosidl_cmake_export_typesupport_targets-extras.cmake
[1.694s] -- Up-to-date: /home/rslomron/MoMa/tm_custom/install/safety_msgs/share/safety_msgs/cmake/rosidl_cmake_export_typesupport_libraries-extras.cmake
[1.694s] -- Up-to-date: /home/rslomron/MoMa/tm_custom/install/safety_msgs/share/safety_msgs/cmake/safety_msgsConfig.cmake
[1.695s] -- Up-to-date: /home/rslomron/MoMa/tm_custom/install/safety_msgs/share/safety_msgs/cmake/safety_msgsConfig-version.cmake
[1.695s] -- Up-to-date: /home/rslomron/MoMa/tm_custom/install/safety_msgs/share/safety_msgs/package.xml
[1.703s] Invoked command in '/home/rslomron/MoMa/tm_custom/build/safety_msgs' returned '0': CMAKE_PREFIX_PATH=/opt/ros/humble /usr/bin/cmake --install /home/rslomron/MoMa/tm_custom/build/safety_msgs
