[0.091s] Invoking command in '/home/rslomron/tm_custom/build/tm_moveit_config_tm5-700': AMENT_PREFIX_PATH=/home/rslomron/tm_custom/install/tm_description:${AMENT_PREFIX_PATH} CMAKE_PREFIX_PATH=/home/rslomron/tm_custom/install/tm_description:/opt/ros/humble /usr/bin/cmake --build /home/rslomron/tm_custom/build/tm_moveit_config_tm5-700 -- -j8 -l8
[0.131s] Invoked command in '/home/rslomron/tm_custom/build/tm_moveit_config_tm5-700' returned '0': AMENT_PREFIX_PATH=/home/rslomron/tm_custom/install/tm_description:${AMENT_PREFIX_PATH} CMAKE_PREFIX_PATH=/home/rslomron/tm_custom/install/tm_description:/opt/ros/humble /usr/bin/cmake --build /home/rslomron/tm_custom/build/tm_moveit_config_tm5-700 -- -j8 -l8
[0.155s] Invoking command in '/home/rslomron/tm_custom/build/tm_moveit_config_tm5-700': AMENT_PREFIX_PATH=/home/rslomron/tm_custom/install/tm_description:${AMENT_PREFIX_PATH} CMAKE_PREFIX_PATH=/home/rslomron/tm_custom/install/tm_description:/opt/ros/humble /usr/bin/cmake --install /home/rslomron/tm_custom/build/tm_moveit_config_tm5-700
[0.167s] -- Install configuration: ""
[0.167s] -- Up-to-date: /home/rslomron/tm_custom/install/tm_moveit_config_tm5-700/share/ament_index/resource_index/package_run_dependencies/tm_moveit_config_tm5-700
[0.167s] -- Up-to-date: /home/rslomron/tm_custom/install/tm_moveit_config_tm5-700/share/ament_index/resource_index/parent_prefix_path/tm_moveit_config_tm5-700
[0.167s] -- Up-to-date: /home/rslomron/tm_custom/install/tm_moveit_config_tm5-700/share/tm_moveit_config_tm5-700/environment/ament_prefix_path.sh
[0.167s] -- Up-to-date: /home/rslomron/tm_custom/install/tm_moveit_config_tm5-700/share/tm_moveit_config_tm5-700/environment/ament_prefix_path.dsv
[0.167s] -- Up-to-date: /home/rslomron/tm_custom/install/tm_moveit_config_tm5-700/share/tm_moveit_config_tm5-700/environment/path.sh
[0.167s] -- Up-to-date: /home/rslomron/tm_custom/install/tm_moveit_config_tm5-700/share/tm_moveit_config_tm5-700/environment/path.dsv
[0.167s] -- Up-to-date: /home/rslomron/tm_custom/install/tm_moveit_config_tm5-700/share/tm_moveit_config_tm5-700/local_setup.bash
[0.168s] -- Up-to-date: /home/rslomron/tm_custom/install/tm_moveit_config_tm5-700/share/tm_moveit_config_tm5-700/local_setup.sh
[0.168s] -- Up-to-date: /home/rslomron/tm_custom/install/tm_moveit_config_tm5-700/share/tm_moveit_config_tm5-700/local_setup.zsh
[0.168s] -- Up-to-date: /home/rslomron/tm_custom/install/tm_moveit_config_tm5-700/share/tm_moveit_config_tm5-700/local_setup.dsv
[0.168s] -- Installing: /home/rslomron/tm_custom/install/tm_moveit_config_tm5-700/share/tm_moveit_config_tm5-700/package.dsv
[0.168s] -- Up-to-date: /home/rslomron/tm_custom/install/tm_moveit_config_tm5-700/share/ament_index/resource_index/packages/tm_moveit_config_tm5-700
[0.168s] -- Up-to-date: /home/rslomron/tm_custom/install/tm_moveit_config_tm5-700/share/tm_moveit_config_tm5-700/cmake/tm_moveit_config_tm5-700Config.cmake
[0.168s] -- Up-to-date: /home/rslomron/tm_custom/install/tm_moveit_config_tm5-700/share/tm_moveit_config_tm5-700/cmake/tm_moveit_config_tm5-700Config-version.cmake
[0.169s] -- Up-to-date: /home/rslomron/tm_custom/install/tm_moveit_config_tm5-700/share/tm_moveit_config_tm5-700/package.xml
[0.169s] -- Up-to-date: /home/rslomron/tm_custom/install/tm_moveit_config_tm5-700/share/tm_moveit_config_tm5-700/config
[0.169s] -- Up-to-date: /home/rslomron/tm_custom/install/tm_moveit_config_tm5-700/share/tm_moveit_config_tm5-700/config/ros_controllers.yaml
[0.169s] -- Up-to-date: /home/rslomron/tm_custom/install/tm_moveit_config_tm5-700/share/tm_moveit_config_tm5-700/config/fake_controllers.yaml
[0.169s] -- Up-to-date: /home/rslomron/tm_custom/install/tm_moveit_config_tm5-700/share/tm_moveit_config_tm5-700/config/tm5-700.srdf
[0.169s] -- Up-to-date: /home/rslomron/tm_custom/install/tm_moveit_config_tm5-700/share/tm_moveit_config_tm5-700/config/stomp_planning.yaml
[0.169s] -- Up-to-date: /home/rslomron/tm_custom/install/tm_moveit_config_tm5-700/share/tm_moveit_config_tm5-700/config/ompl_planning.yaml
[0.169s] -- Up-to-date: /home/rslomron/tm_custom/install/tm_moveit_config_tm5-700/share/tm_moveit_config_tm5-700/config/chomp_planning.yaml
[0.169s] -- Up-to-date: /home/rslomron/tm_custom/install/tm_moveit_config_tm5-700/share/tm_moveit_config_tm5-700/config/sensors_3d.yaml
[0.170s] -- Up-to-date: /home/rslomron/tm_custom/install/tm_moveit_config_tm5-700/share/tm_moveit_config_tm5-700/config/kinematics.yaml
[0.170s] -- Up-to-date: /home/rslomron/tm_custom/install/tm_moveit_config_tm5-700/share/tm_moveit_config_tm5-700/config/joint_limits.yaml
[0.178s] Invoked command in '/home/rslomron/tm_custom/build/tm_moveit_config_tm5-700' returned '0': AMENT_PREFIX_PATH=/home/rslomron/tm_custom/install/tm_description:${AMENT_PREFIX_PATH} CMAKE_PREFIX_PATH=/home/rslomron/tm_custom/install/tm_description:/opt/ros/humble /usr/bin/cmake --install /home/rslomron/tm_custom/build/tm_moveit_config_tm5-700
