[0.021s] Invoking command in '/home/rslomron/tm_custom/build/ui_for_debug_and_demo': CMAKE_PREFIX_PATH=${CMAKE_PREFIX_PATH}:/home/rslomron/tm_custom/install/tm_mod_urdf:/home/rslomron/tm_custom/install/tm_get_status:/opt/ros/humble /usr/bin/cmake --build /home/rslomron/tm_custom/build/ui_for_debug_and_demo -- -j8 -l8
[0.133s] [ 14%] [34m[1mAutomatic MOC and UIC for target robot_ui[0m
[0.238s] [ 14%] Built target robot_ui_autogen
[0.312s] [35m[1mConsolidate compiler generated dependencies of target robot_ui[0m
[0.426s] [100%] Built target robot_ui
[0.489s] Invoked command in '/home/rslomron/tm_custom/build/ui_for_debug_and_demo' returned '0': CMAKE_PREFIX_PATH=${CMAKE_PREFIX_PATH}:/home/rslomron/tm_custom/install/tm_mod_urdf:/home/rslomron/tm_custom/install/tm_get_status:/opt/ros/humble /usr/bin/cmake --build /home/rslomron/tm_custom/build/ui_for_debug_and_demo -- -j8 -l8
[1.116s] Invoking command in '/home/rslomron/tm_custom/build/ui_for_debug_and_demo': CMAKE_PREFIX_PATH=${CMAKE_PREFIX_PATH}:/home/rslomron/tm_custom/install/tm_mod_urdf:/home/rslomron/tm_custom/install/tm_get_status:/opt/ros/humble /usr/bin/cmake --install /home/rslomron/tm_custom/build/ui_for_debug_and_demo
[1.128s] -- Install configuration: ""
[1.129s] -- Up-to-date: /home/rslomron/tm_custom/install/ui_for_debug_and_demo/lib/ui_for_debug_and_demo/robot_ui
[1.129s] -- Up-to-date: /home/rslomron/tm_custom/install/ui_for_debug_and_demo/share/ui_for_debug_and_demo/launch
[1.129s] -- Up-to-date: /home/rslomron/tm_custom/install/ui_for_debug_and_demo/share/ui_for_debug_and_demo/launch/tm_gui.launch.py
[1.129s] -- Up-to-date: /home/rslomron/tm_custom/install/ui_for_debug_and_demo/share/ament_index/resource_index/package_run_dependencies/ui_for_debug_and_demo
[1.129s] -- Up-to-date: /home/rslomron/tm_custom/install/ui_for_debug_and_demo/share/ament_index/resource_index/parent_prefix_path/ui_for_debug_and_demo
[1.129s] -- Up-to-date: /home/rslomron/tm_custom/install/ui_for_debug_and_demo/share/ui_for_debug_and_demo/environment/ament_prefix_path.sh
[1.129s] -- Up-to-date: /home/rslomron/tm_custom/install/ui_for_debug_and_demo/share/ui_for_debug_and_demo/environment/ament_prefix_path.dsv
[1.129s] -- Up-to-date: /home/rslomron/tm_custom/install/ui_for_debug_and_demo/share/ui_for_debug_and_demo/environment/path.sh
[1.130s] -- Up-to-date: /home/rslomron/tm_custom/install/ui_for_debug_and_demo/share/ui_for_debug_and_demo/environment/path.dsv
[1.130s] -- Up-to-date: /home/rslomron/tm_custom/install/ui_for_debug_and_demo/share/ui_for_debug_and_demo/local_setup.bash
[1.130s] -- Up-to-date: /home/rslomron/tm_custom/install/ui_for_debug_and_demo/share/ui_for_debug_and_demo/local_setup.sh
[1.130s] -- Up-to-date: /home/rslomron/tm_custom/install/ui_for_debug_and_demo/share/ui_for_debug_and_demo/local_setup.zsh
[1.130s] -- Up-to-date: /home/rslomron/tm_custom/install/ui_for_debug_and_demo/share/ui_for_debug_and_demo/local_setup.dsv
[1.130s] -- Installing: /home/rslomron/tm_custom/install/ui_for_debug_and_demo/share/ui_for_debug_and_demo/package.dsv
[1.130s] -- Up-to-date: /home/rslomron/tm_custom/install/ui_for_debug_and_demo/share/ament_index/resource_index/packages/ui_for_debug_and_demo
[1.130s] -- Up-to-date: /home/rslomron/tm_custom/install/ui_for_debug_and_demo/share/ui_for_debug_and_demo/cmake/ui_for_debug_and_demoConfig.cmake
[1.130s] -- Up-to-date: /home/rslomron/tm_custom/install/ui_for_debug_and_demo/share/ui_for_debug_and_demo/cmake/ui_for_debug_and_demoConfig-version.cmake
[1.131s] -- Up-to-date: /home/rslomron/tm_custom/install/ui_for_debug_and_demo/share/ui_for_debug_and_demo/package.xml
[1.132s] Invoked command in '/home/rslomron/tm_custom/build/ui_for_debug_and_demo' returned '0': CMAKE_PREFIX_PATH=${CMAKE_PREFIX_PATH}:/home/rslomron/tm_custom/install/tm_mod_urdf:/home/rslomron/tm_custom/install/tm_get_status:/opt/ros/humble /usr/bin/cmake --install /home/rslomron/tm_custom/build/ui_for_debug_and_demo
