[1.983s] Invoking command in '/home/rslomron/tm_custom/src/python_demo': PYTHONPATH=/home/rslomron/tm_custom/build/python_demo/prefix_override:/home/rslomron/tm_custom/install/python_demo/lib/python3.10/site-packages:${PYTHONPATH} /usr/bin/python3 -W ignore:setup.py install is deprecated setup.py egg_info --egg-base ../../build/python_demo build --build-base /home/rslomron/tm_custom/build/python_demo/build install --record /home/rslomron/tm_custom/build/python_demo/install.log --single-version-externally-managed install_data
[2.596s] running egg_info
[2.596s] writing ../../build/python_demo/python_demo.egg-info/PKG-INFO
[2.597s] writing dependency_links to ../../build/python_demo/python_demo.egg-info/dependency_links.txt
[2.598s] writing entry points to ../../build/python_demo/python_demo.egg-info/entry_points.txt
[2.598s] writing requirements to ../../build/python_demo/python_demo.egg-info/requires.txt
[2.598s] writing top-level names to ../../build/python_demo/python_demo.egg-info/top_level.txt
[2.599s] reading manifest file '../../build/python_demo/python_demo.egg-info/SOURCES.txt'
[2.603s] writing manifest file '../../build/python_demo/python_demo.egg-info/SOURCES.txt'
[2.603s] running build
[2.604s] running build_py
[2.604s] copying python_demo/testes.py -> /home/rslomron/tm_custom/build/python_demo/build/lib/python_demo
[2.604s] running install
[2.605s] running install_lib
[2.605s] copying /home/rslomron/tm_custom/build/python_demo/build/lib/python_demo/testes.py -> /home/rslomron/tm_custom/install/python_demo/lib/python3.10/site-packages/python_demo
[2.606s] byte-compiling /home/rslomron/tm_custom/install/python_demo/lib/python3.10/site-packages/python_demo/testes.py to testes.cpython-310.pyc
[2.608s] running install_data
[2.608s] running install_egg_info
[2.610s] removing '/home/rslomron/tm_custom/install/python_demo/lib/python3.10/site-packages/python_demo-0.0.0-py3.10.egg-info' (and everything under it)
[2.610s] Copying ../../build/python_demo/python_demo.egg-info to /home/rslomron/tm_custom/install/python_demo/lib/python3.10/site-packages/python_demo-0.0.0-py3.10.egg-info
[2.612s] running install_scripts
[2.675s] Installing testes script to /home/rslomron/tm_custom/install/python_demo/lib/python_demo
[2.676s] writing list of installed files to '/home/rslomron/tm_custom/build/python_demo/install.log'
[2.763s] Invoked command in '/home/rslomron/tm_custom/src/python_demo' returned '0': PYTHONPATH=/home/rslomron/tm_custom/build/python_demo/prefix_override:/home/rslomron/tm_custom/install/python_demo/lib/python3.10/site-packages:${PYTHONPATH} /usr/bin/python3 -W ignore:setup.py install is deprecated setup.py egg_info --egg-base ../../build/python_demo build --build-base /home/rslomron/tm_custom/build/python_demo/build install --record /home/rslomron/tm_custom/build/python_demo/install.log --single-version-externally-managed install_data
